<?xml version="1.0" encoding="UTF-8"?>
<testsuite name="Flujo de compra en demoblaze" tests="1" skipped="0" failures="0" errors="0" timestamp="2023-06-15T17:03:19" hostname="LIM-2X8KNN3" time="61.304">
  <properties/>
  <testcase name="Validar que se pueda realizar una compra en Demoblaze" classname="Flujo de compra en demoblaze" time="61.304"/>
  <system-out><![CDATA[
@CompraWeb @Compra
Esquema del escenario: Validar que se pueda realizar una compra en Demoblaze ?[90m# src/test/resources/features/demoBlaze.feature:18?[0m
12:03:20.052 [Test worker] INFO io.cucumber.core.plugin.SerenityReporter - Running feature from file:///C:/Users/Usuario/Documents/retoAutomatizacion/e2e/RetoDemoBlaze/src/test/resources/features/demoBlaze.feature
12:03:20.147 [Test worker] INFO  - 
  _____   ___   ___   _____     ___   _____     _     ___   _____   ___   ___  
 |_   _| | __| / __| |_   _|   / __| |_   _|   /_\   | _ \ |_   _| | __| |   \ 
   | |   | _|  \__ \   | |     \__ \   | |    / _ \  |   /   | |   | _|  | |) |
   |_|   |___| |___/   |_|     |___/   |_|   /_/ \_\ |_|_\   |_|   |___| |___/ 

Validar que se pueda realizar una compra en Demoblaze(flujo-de-compra-en-demoblaze;validar-que-se-pueda-realizar-una-compra-en-demoblaze)
--------------------------------------------------------------------------------
12:03:20.690 [Test worker] DEBUG net.thucydides.core.steps.StepInterceptor - STARTING STEP: demoBlazeStepDefinition.queSoyUnUsuarioRegistradoEnDemoblaze - performAs
12:03:20.713 [Test worker] DEBUG net.thucydides.core.steps.StepInterceptor - STARTING STEP: VisitWebPage.performAs - {0} opens the browser at #url
12:03:20.741 [Test worker] INFO net.serenitybdd.core.webdriver.driverproviders.DriverProvider - Using WebDriverManager configuration for chrome
12:03:21.039 [Test worker] DEBUG io.github.bonigarcia.wdm.cache.ResolutionCache - Resolution chrome=114 in cache (valid until 12:11:34 15/06/2023 PET)
12:03:21.040 [Test worker] DEBUG io.github.bonigarcia.wdm.cache.ResolutionCache - Resolution chrome114=114.0.5735.90 in cache (valid until 17:41:16 15/06/2023 PET)
12:03:21.041 [Test worker] INFO io.github.bonigarcia.wdm.WebDriverManager - Using chromedriver 114.0.5735.90 (resolved driver for Chrome 114)
12:03:21.055 [Test worker] DEBUG io.github.bonigarcia.wdm.WebDriverManager - Driver chromedriver 114.0.5735.90 found in cache
12:03:21.056 [Test worker] INFO io.github.bonigarcia.wdm.WebDriverManager - Exporting webdriver.chrome.driver as C:\Users\Usuario\.cache\selenium\chromedriver\win32\114.0.5735.90\chromedriver.exe
12:03:21.126 [Test worker] INFO net.serenitybdd.core.webdriver.driverproviders.ChromeDriverProvider - Starting Chrome driver instance with capabilities:
12:03:21.128 [Test worker] INFO net.serenitybdd.core.webdriver.driverproviders.ChromeDriverProvider - Capabilities {acceptInsecureCerts: false, browserName: chrome, goog:chromeOptions: {args: [--remote-allow-origins=*, start-maximized], extensions: []}}
12:03:21.196 [Test worker] DEBUG io.netty.util.internal.logging.InternalLoggerFactory - Using SLF4J as the default logging framework
12:03:21.200 [Test worker] DEBUG io.netty.util.ResourceLeakDetector - -Dio.netty.leakDetection.level: simple
12:03:21.200 [Test worker] DEBUG io.netty.util.ResourceLeakDetector - -Dio.netty.leakDetection.targetRecords: 4
12:03:21.205 [Test worker] DEBUG io.netty.util.ResourceLeakDetectorFactory - Loaded default ResourceLeakDetector: io.netty.util.ResourceLeakDetector@781654f8
12:03:21.224 [Test worker] DEBUG io.netty.util.internal.PlatformDependent0 - -Dio.netty.noUnsafe: false
12:03:21.224 [Test worker] DEBUG io.netty.util.internal.PlatformDependent0 - Java version: 11
12:03:21.225 [Test worker] DEBUG io.netty.util.internal.PlatformDependent0 - sun.misc.Unsafe.theUnsafe: available
12:03:21.225 [Test worker] DEBUG io.netty.util.internal.PlatformDependent0 - sun.misc.Unsafe.copyMemory: available
12:03:21.226 [Test worker] DEBUG io.netty.util.internal.PlatformDependent0 - sun.misc.Unsafe.storeFence: available
12:03:21.226 [Test worker] DEBUG io.netty.util.internal.PlatformDependent0 - java.nio.Buffer.address: available
12:03:21.227 [Test worker] DEBUG io.netty.util.internal.PlatformDependent0 - direct buffer constructor: unavailable: Reflective setAccessible(true) disabled
12:03:21.228 [Test worker] DEBUG io.netty.util.internal.PlatformDependent0 - java.nio.Bits.unaligned: available, true
12:03:21.229 [Test worker] DEBUG io.netty.util.internal.PlatformDependent0 - jdk.internal.misc.Unsafe.allocateUninitializedArray(int): unavailable: class io.netty.util.internal.PlatformDependent0$7 cannot access class jdk.internal.misc.Unsafe (in module java.base) because module java.base does not export jdk.internal.misc to unnamed module @1144a55a
12:03:21.231 [Test worker] DEBUG io.netty.util.internal.PlatformDependent0 - java.nio.DirectByteBuffer.<init>(long, int): unavailable
12:03:21.231 [Test worker] DEBUG io.netty.util.internal.PlatformDependent - sun.misc.Unsafe: available
12:03:21.242 [Test worker] DEBUG io.netty.util.internal.PlatformDependent - maxDirectMemory: 536870912 bytes (maybe)
12:03:21.243 [Test worker] DEBUG io.netty.util.internal.PlatformDependent - -Dio.netty.tmpdir: C:\Users\Usuario\AppData\Local\Temp (java.io.tmpdir)
12:03:21.243 [Test worker] DEBUG io.netty.util.internal.PlatformDependent - -Dio.netty.bitMode: 64 (sun.arch.data.model)
12:03:21.243 [Test worker] DEBUG io.netty.util.internal.PlatformDependent - Platform: Windows
12:03:21.244 [Test worker] DEBUG io.netty.util.internal.PlatformDependent - -Dio.netty.maxDirectMemory: -1 bytes
12:03:21.244 [Test worker] DEBUG io.netty.util.internal.PlatformDependent - -Dio.netty.uninitializedArrayAllocationThreshold: -1
12:03:21.245 [Test worker] DEBUG io.netty.util.internal.CleanerJava9 - java.nio.ByteBuffer.cleaner(): available
12:03:21.246 [Test worker] DEBUG io.netty.util.internal.PlatformDependent - -Dio.netty.noPreferDirect: false
12:03:21.258 [Test worker] DEBUG io.netty.util.internal.PlatformDependent - org.jctools-core.MpscChunkedArrayQueue: available
12:03:21.279 [Test worker] DEBUG io.netty.util.internal.InternalThreadLocalMap - -Dio.netty.threadLocalMap.stringBuilder.initialSize: 1024
12:03:21.279 [Test worker] DEBUG io.netty.util.internal.InternalThreadLocalMap - -Dio.netty.threadLocalMap.stringBuilder.maxSize: 4096
12:03:21.305 [Test worker] DEBUG io.netty.handler.ssl.JdkSslContext - Default protocols (JDK): [TLSv1.3, TLSv1.2] 
12:03:21.305 [Test worker] DEBUG io.netty.handler.ssl.JdkSslContext - Default cipher suites (JDK): [TLS_ECDHE_ECDSA_WITH_AES_256_GCM_SHA384, TLS_ECDHE_ECDSA_WITH_AES_128_GCM_SHA256, TLS_ECDHE_RSA_WITH_AES_128_GCM_SHA256, TLS_ECDHE_RSA_WITH_AES_256_GCM_SHA384, TLS_ECDHE_RSA_WITH_AES_128_CBC_SHA, TLS_ECDHE_RSA_WITH_AES_256_CBC_SHA, TLS_RSA_WITH_AES_128_GCM_SHA256, TLS_RSA_WITH_AES_128_CBC_SHA, TLS_RSA_WITH_AES_256_CBC_SHA, TLS_AES_128_GCM_SHA256, TLS_AES_256_GCM_SHA384]
12:03:21.343 [Test worker] DEBUG io.netty.channel.MultithreadEventLoopGroup - -Dio.netty.eventLoopThreads: 16
12:03:21.355 [Test worker] DEBUG io.netty.channel.nio.NioEventLoop - -Dio.netty.noKeySetOptimization: false
12:03:21.355 [Test worker] DEBUG io.netty.channel.nio.NioEventLoop - -Dio.netty.selectorAutoRebuildThreshold: 512
12:03:21.391 [Test worker] DEBUG io.netty.buffer.PooledByteBufAllocator - -Dio.netty.allocator.numHeapArenas: 1
12:03:21.391 [Test worker] DEBUG io.netty.buffer.PooledByteBufAllocator - -Dio.netty.allocator.numDirectArenas: 1
12:03:21.391 [Test worker] DEBUG io.netty.buffer.PooledByteBufAllocator - -Dio.netty.allocator.pageSize: 8192
12:03:21.391 [Test worker] DEBUG io.netty.buffer.PooledByteBufAllocator - -Dio.netty.allocator.maxOrder: 9
12:03:21.391 [Test worker] DEBUG io.netty.buffer.PooledByteBufAllocator - -Dio.netty.allocator.chunkSize: 4194304
12:03:21.391 [Test worker] DEBUG io.netty.buffer.PooledByteBufAllocator - -Dio.netty.allocator.smallCacheSize: 256
12:03:21.391 [Test worker] DEBUG io.netty.buffer.PooledByteBufAllocator - -Dio.netty.allocator.normalCacheSize: 64
12:03:21.391 [Test worker] DEBUG io.netty.buffer.PooledByteBufAllocator - -Dio.netty.allocator.maxCachedBufferCapacity: 32768
12:03:21.391 [Test worker] DEBUG io.netty.buffer.PooledByteBufAllocator - -Dio.netty.allocator.cacheTrimInterval: 8192
12:03:21.391 [Test worker] DEBUG io.netty.buffer.PooledByteBufAllocator - -Dio.netty.allocator.cacheTrimIntervalMillis: 600000
12:03:21.392 [Test worker] DEBUG io.netty.buffer.PooledByteBufAllocator - -Dio.netty.allocator.useCacheForAllThreads: false
12:03:21.392 [Test worker] DEBUG io.netty.buffer.PooledByteBufAllocator - -Dio.netty.allocator.maxCachedByteBuffersPerChunk: 1023
12:03:21.403 [Test worker] DEBUG io.netty.buffer.ByteBufUtil - -Dio.netty.allocator.type: pooled
12:03:21.403 [Test worker] DEBUG io.netty.buffer.ByteBufUtil - -Dio.netty.threadLocalDirectBufferSize: 0
12:03:21.403 [Test worker] DEBUG io.netty.buffer.ByteBufUtil - -Dio.netty.maxThreadLocalCharBufferSize: 16384
12:03:21.792 [Forwarding newSession on session null to remote] DEBUG io.netty.channel.DefaultChannelId - -Dio.netty.processId: 26525 (user-set)
12:03:21.793 [Forwarding newSession on session null to remote] DEBUG io.netty.channel.DefaultChannelId - -Dio.netty.machineId: 28:f0:76:ff:fe:16:65:0e (user-set)
12:03:21.856 [AsyncHttpClient-1-2] DEBUG io.netty.buffer.AbstractByteBuf - -Dio.netty.buffer.checkAccessible: true
12:03:21.856 [AsyncHttpClient-1-2] DEBUG io.netty.buffer.AbstractByteBuf - -Dio.netty.buffer.checkBounds: true
12:03:21.856 [AsyncHttpClient-1-2] DEBUG io.netty.util.ResourceLeakDetectorFactory - Loaded default ResourceLeakDetector: io.netty.util.ResourceLeakDetector@277d4bb4
12:03:21.873 [AsyncHttpClient-1-2] DEBUG org.asynchttpclient.netty.channel.NettyConnectListener - Using new Channel '[id: 0x5e9e9eb4, L:/127.0.0.1:64175 - R:localhost/127.0.0.1:26374]' for 'POST' to '/session'
12:03:21.893 [AsyncHttpClient-1-2] DEBUG io.netty.util.Recycler - -Dio.netty.recycler.maxCapacityPerThread: 4096
12:03:21.893 [AsyncHttpClient-1-2] DEBUG io.netty.util.Recycler - -Dio.netty.recycler.ratio: 8
12:03:21.893 [AsyncHttpClient-1-2] DEBUG io.netty.util.Recycler - -Dio.netty.recycler.chunkSize: 32
12:03:21.893 [AsyncHttpClient-1-2] DEBUG io.netty.util.Recycler - -Dio.netty.recycler.blocking: false
12:03:22.630 [AsyncHttpClient-1-2] DEBUG io.netty.handler.codec.compression.Brotli - brotli4j not in the classpath; Brotli support will be unavailable.
12:03:22.631 [AsyncHttpClient-1-2] DEBUG org.asynchttpclient.netty.handler.HttpHandler - 

Request DefaultHttpRequest(decodeResult: success, version: HTTP/1.1)
POST /session HTTP/1.1
User-Agent: selenium/4.6.0 (java windows)
Content-Length: 569
Content-Type: application/json; charset=utf-8
host: localhost:26374
accept: */*

Response DefaultHttpResponse(decodeResult: success, version: HTTP/1.1)
HTTP/1.1 200 OK
Content-Type: application/json; charset=utf-8
cache-control: no-cache
content-length: 863

12:03:22.644 [AsyncHttpClient-1-2] DEBUG org.asynchttpclient.netty.channel.ChannelManager - Adding key: http://localhost:26374 for channel [id: 0x5e9e9eb4, L:/127.0.0.1:64175 - R:localhost/127.0.0.1:26374]
12:03:22.713 [AsyncHttpClient-1-3] DEBUG org.asynchttpclient.netty.channel.NettyConnectListener - Using new Channel '[id: 0x489aa274, L:/127.0.0.1:64182 - R:localhost/127.0.0.1:64176]' for 'GET' to '/json/version'
12:03:22.714 [AsyncHttpClient-1-3] DEBUG org.asynchttpclient.netty.handler.HttpHandler - 

Request DefaultFullHttpRequest(decodeResult: success, version: HTTP/1.1, content: EmptyByteBufBE)
GET /json/version HTTP/1.1
User-Agent: selenium/4.6.0 (java windows)
host: localhost:64176
accept: */*

Response DefaultHttpResponse(decodeResult: success, version: HTTP/1.1)
HTTP/1.1 200 OK
Content-Security-Policy: frame-ancestors 'none'
Content-Type: application/json; charset=UTF-8
content-length: 424

12:03:22.714 [AsyncHttpClient-1-3] DEBUG org.asynchttpclient.netty.channel.ChannelManager - Adding key: http://localhost:64176 for channel [id: 0x489aa274, L:/127.0.0.1:64182 - R:localhost/127.0.0.1:64176]
12:03:22.722 [Test worker] DEBUG io.netty.util.internal.ThreadLocalRandom - -Dio.netty.initialSeedUniquifier: 0xecb994a91ecdbfbb
12:03:22.728 [AsyncHttpClient-1-4] DEBUG org.asynchttpclient.netty.channel.NettyConnectListener - Using new Channel '[id: 0x60641db5, L:/127.0.0.1:64183 - R:localhost/127.0.0.1:64176]' for 'GET' to '/devtools/browser/7d4edfb6-3cd2-4f99-a922-9474aeea55f5'
12:03:22.731 [AsyncHttpClient-1-4] DEBUG org.asynchttpclient.netty.handler.WebSocketHandler - 

Request DefaultFullHttpRequest(decodeResult: success, version: HTTP/1.1, content: EmptyByteBufBE)
GET /devtools/browser/7d4edfb6-3cd2-4f99-a922-9474aeea55f5 HTTP/1.1
upgrade: websocket
connection: upgrade
sec-websocket-key: /z0dRMbE6oQioCfAXRtnGw==
sec-websocket-version: 13
origin: http://localhost:64176
host: localhost:64176
accept: */*
user-agent: AHC/2.1

Response DefaultHttpResponse(decodeResult: success, version: HTTP/1.1)
HTTP/1.1 101 WebSocket Protocol Handshake
Upgrade: WebSocket
Connection: Upgrade
Sec-WebSocket-Accept: OE5IqiujWMwVLiTVZ/fNzarSt7k=

12:03:23.416 [Test worker] DEBUG net.thucydides.core.reflection.ClassFinder - Could not load class .org.example.pageObject.DB_MainPage
12:03:23.416 [Test worker] DEBUG net.thucydides.core.reflection.ClassFinder - Could not load class .org.example.pageObject.LoginForm
12:03:23.416 [Test worker] DEBUG net.thucydides.core.reflection.ClassFinder - Could not load class .org.example.pageObject.OrderForm
12:03:23.416 [Test worker] DEBUG net.thucydides.core.reflection.ClassFinder - Could not load class .org.example.question.LoginSuccess
12:03:23.416 [Test worker] DEBUG net.thucydides.core.reflection.ClassFinder - Could not load class .org.example.question.MainPage
12:03:23.417 [Test worker] DEBUG net.thucydides.core.reflection.ClassFinder - Could not load class .org.example.runner.RunnerTests
12:03:23.417 [Test worker] DEBUG net.thucydides.core.reflection.ClassFinder - Could not load class .org.example.stepsdefinition.demoBlazeStepDefinition
12:03:23.417 [Test worker] DEBUG net.thucydides.core.reflection.ClassFinder - Could not load class .org.example.tasks.ConfirmOrder
12:03:23.417 [Test worker] DEBUG net.thucydides.core.reflection.ClassFinder - Could not load class .org.example.tasks.Login
12:03:23.417 [Test worker] DEBUG net.thucydides.core.reflection.ClassFinder - Could not load class .org.example.tasks.PickCategory
12:03:23.417 [Test worker] DEBUG net.thucydides.core.reflection.ClassFinder - Could not load class .org.example.tasks.PickItem
12:03:23.417 [Test worker] DEBUG net.thucydides.core.reflection.ClassFinder - Could not load class .org.example.tasks.PlaceOrder
12:03:23.417 [Test worker] DEBUG net.thucydides.core.reflection.ClassFinder - Could not load class .org.example.tasks.VisitWebPage
12:03:23.417 [Test worker] DEBUG net.thucydides.core.reflection.ClassFinder - Could not load class .org.example.tasks.WaitFor
12:03:23.417 [Test worker] DEBUG net.thucydides.core.reflection.ClassFinder - Could not load class .org.example.utils.CucumberTable
12:03:23.417 [Test worker] DEBUG net.thucydides.core.reflection.ClassFinder - Could not load class .org.example.utils.EnvConf
12:03:23.418 [Test worker] DEBUG net.thucydides.core.reflection.ClassFinder - Could not load class META-INF.versions.9.com.sun.istack.logging.StackHelper
12:03:23.419 [Test worker] DEBUG net.thucydides.core.reflection.ClassFinder - Could not load class META-INF.versions.9.com.sun.xml.bind.v2.runtime.reflect.opt.AccessorInjector
12:03:23.420 [Test worker] DEBUG net.thucydides.core.reflection.ClassFinder - Could not load class META-INF.versions.9.com.sun.xml.bind.v2.runtime.reflect.opt.Injector
12:03:23.420 [Test worker] DEBUG net.thucydides.core.reflection.ClassFinder - Could not load class META-INF.versions.9.com.sun.xml.bind.v2.runtime.reflect.opt.OptimizedAccessorFactory
12:03:23.421 [Test worker] DEBUG net.thucydides.core.reflection.ClassFinder - Could not load class META-INF.versions.9.com.sun.xml.bind.v2.runtime.reflect.opt.OptimizedTransducedAccessorFactory
12:03:23.421 [Test worker] DEBUG net.thucydides.core.reflection.ClassFinder - Could not load class META-INF.versions.9.io.opentelemetry.sdk.internal.CurrentJavaVersionSpecific
12:03:23.422 [Test worker] DEBUG net.thucydides.core.reflection.ClassFinder - Could not load class META-INF.versions.9.io.opentelemetry.sdk.internal.Java9VersionSpecific
12:03:23.423 [Test worker] DEBUG net.thucydides.core.reflection.ClassFinder - Could not load class META-INF.versions.9.javax.xml.bind.ModuleUtil
12:03:23.423 [Test worker] DEBUG net.thucydides.core.reflection.ClassFinder - Could not load class META-INF.versions.9.module-info
12:03:23.463 [AsyncHttpClient-1-1] DEBUG org.asynchttpclient.netty.channel.DefaultChannelPool - Entry count for : http://localhost:64176 : 1
12:03:23.463 [AsyncHttpClient-1-1] DEBUG org.asynchttpclient.netty.channel.DefaultChannelPool - Entry count for : http://localhost:26374 : 1
12:03:23.769 [Test worker] DEBUG net.thucydides.core.reflection.ClassFinder - Could not load class com.google.gson.internal.
12:03:23.948 [Test worker] DEBUG net.thucydides.core.reflection.ClassFinder - Could not load class com.sun.xml.bind.v2.runtime.output.FastInfosetStreamWriterOutput
12:03:24.423 [Test worker] DEBUG net.thucydides.core.reflection.ClassFinder - Could not load class module-info
12:03:24.568 [AsyncHttpClient-1-1] DEBUG org.asynchttpclient.netty.channel.DefaultChannelPool - Entry count for : http://localhost:64176 : 1
12:03:24.568 [AsyncHttpClient-1-1] DEBUG org.asynchttpclient.netty.channel.DefaultChannelPool - Entry count for : http://localhost:26374 : 1
12:03:25.006 [Test worker] DEBUG net.thucydides.core.reflection.ClassFinder - Could not load class org.assertj.core.api.JUnitJupiterBDDSoftAssertions
12:03:25.007 [Test worker] DEBUG net.thucydides.core.reflection.ClassFinder - Could not load class org.assertj.core.api.JUnitJupiterSoftAssertions
12:03:25.031 [Test worker] DEBUG net.thucydides.core.reflection.ClassFinder - Could not load class org.assertj.core.api.junit.jupiter.SoftAssertionsExtension
12:03:25.032 [Test worker] DEBUG net.thucydides.core.reflection.ClassFinder - Could not load class org.assertj.core.api.junit.jupiter.SoftlyExtension
12:03:25.664 [AsyncHttpClient-1-1] DEBUG org.asynchttpclient.netty.channel.DefaultChannelPool - Entry count for : http://localhost:64176 : 1
12:03:25.664 [AsyncHttpClient-1-1] DEBUG org.asynchttpclient.netty.channel.DefaultChannelPool - Entry count for : http://localhost:26374 : 1
12:03:26.765 [AsyncHttpClient-1-1] DEBUG org.asynchttpclient.netty.channel.DefaultChannelPool - Entry count for : http://localhost:64176 : 1
12:03:26.765 [AsyncHttpClient-1-1] DEBUG org.asynchttpclient.netty.channel.DefaultChannelPool - Entry count for : http://localhost:26374 : 1
12:03:27.652 [Forwarding get on session 541e5fbff23d86bb83d3a1a7e5bf5bb4 to remote] DEBUG org.asynchttpclient.netty.request.NettyRequestSender - Using pooled Channel '[id: 0x5e9e9eb4, L:/127.0.0.1:64175 - R:localhost/127.0.0.1:26374]' for 'POST' to 'http://localhost:26374/session/541e5fbff23d86bb83d3a1a7e5bf5bb4/url'
12:03:27.652 [Forwarding get on session 541e5fbff23d86bb83d3a1a7e5bf5bb4 to remote] DEBUG org.asynchttpclient.netty.request.NettyRequestSender - Using open Channel [id: 0x5e9e9eb4, L:/127.0.0.1:64175 - R:localhost/127.0.0.1:26374] for POST '/session/541e5fbff23d86bb83d3a1a7e5bf5bb4/url'
12:03:27.871 [AsyncHttpClient-1-1] DEBUG org.asynchttpclient.netty.channel.DefaultChannelPool - Entry count for : http://localhost:64176 : 1
12:03:28.964 [AsyncHttpClient-1-1] DEBUG org.asynchttpclient.netty.channel.DefaultChannelPool - Entry count for : http://localhost:64176 : 1
12:03:30.072 [AsyncHttpClient-1-1] DEBUG org.asynchttpclient.netty.channel.DefaultChannelPool - Entry count for : http://localhost:64176 : 1
12:03:30.362 [AsyncHttpClient-1-2] DEBUG org.asynchttpclient.netty.handler.HttpHandler - 

Request DefaultHttpRequest(decodeResult: success, version: HTTP/1.1)
POST /session/541e5fbff23d86bb83d3a1a7e5bf5bb4/url HTTP/1.1
User-Agent: selenium/4.6.0 (java windows)
Content-Length: 56
Content-Type: application/json; charset=utf-8
host: localhost:26374
accept: */*

Response DefaultHttpResponse(decodeResult: success, version: HTTP/1.1)
HTTP/1.1 200 OK
Content-Type: application/json; charset=utf-8
cache-control: no-cache
content-length: 14

12:03:30.362 [AsyncHttpClient-1-2] DEBUG org.asynchttpclient.netty.channel.ChannelManager - Adding key: http://localhost:26374 for channel [id: 0x5e9e9eb4, L:/127.0.0.1:64175 - R:localhost/127.0.0.1:26374]
12:03:30.368 [Forwarding setTimeout on session 541e5fbff23d86bb83d3a1a7e5bf5bb4 to remote] DEBUG org.asynchttpclient.netty.request.NettyRequestSender - Using pooled Channel '[id: 0x5e9e9eb4, L:/127.0.0.1:64175 - R:localhost/127.0.0.1:26374]' for 'POST' to 'http://localhost:26374/session/541e5fbff23d86bb83d3a1a7e5bf5bb4/timeouts'
12:03:30.368 [Forwarding setTimeout on session 541e5fbff23d86bb83d3a1a7e5bf5bb4 to remote] DEBUG org.asynchttpclient.netty.request.NettyRequestSender - Using open Channel [id: 0x5e9e9eb4, L:/127.0.0.1:64175 - R:localhost/127.0.0.1:26374] for POST '/session/541e5fbff23d86bb83d3a1a7e5bf5bb4/timeouts'
12:03:30.373 [AsyncHttpClient-1-2] DEBUG org.asynchttpclient.netty.handler.HttpHandler - 

Request DefaultHttpRequest(decodeResult: success, version: HTTP/1.1)
POST /session/541e5fbff23d86bb83d3a1a7e5bf5bb4/timeouts HTTP/1.1
User-Agent: selenium/4.6.0 (java windows)
Content-Length: 22
Content-Type: application/json; charset=utf-8
host: localhost:26374
accept: */*

Response DefaultHttpResponse(decodeResult: success, version: HTTP/1.1)
HTTP/1.1 200 OK
Content-Type: application/json; charset=utf-8
cache-control: no-cache
content-length: 14

12:03:30.374 [AsyncHttpClient-1-2] DEBUG org.asynchttpclient.netty.channel.ChannelManager - Adding key: http://localhost:26374 for channel [id: 0x5e9e9eb4, L:/127.0.0.1:64175 - R:localhost/127.0.0.1:26374]
12:03:30.393 [Forwarding getCurrentUrl on session 541e5fbff23d86bb83d3a1a7e5bf5bb4 to remote] DEBUG org.asynchttpclient.netty.request.NettyRequestSender - Using pooled Channel '[id: 0x5e9e9eb4, L:/127.0.0.1:64175 - R:localhost/127.0.0.1:26374]' for 'GET' to 'http://localhost:26374/session/541e5fbff23d86bb83d3a1a7e5bf5bb4/url'
12:03:30.393 [Forwarding getCurrentUrl on session 541e5fbff23d86bb83d3a1a7e5bf5bb4 to remote] DEBUG org.asynchttpclient.netty.request.NettyRequestSender - Using open Channel [id: 0x5e9e9eb4, L:/127.0.0.1:64175 - R:localhost/127.0.0.1:26374] for GET '/session/541e5fbff23d86bb83d3a1a7e5bf5bb4/url'
12:03:30.402 [AsyncHttpClient-1-2] DEBUG org.asynchttpclient.netty.handler.HttpHandler - 

Request DefaultFullHttpRequest(decodeResult: success, version: HTTP/1.1, content: EmptyByteBufBE)
GET /session/541e5fbff23d86bb83d3a1a7e5bf5bb4/url HTTP/1.1
User-Agent: selenium/4.6.0 (java windows)
Cache-Control: no-cache
Content-Type: application/json; charset=utf-8
host: localhost:26374
accept: */*

Response DefaultHttpResponse(decodeResult: success, version: HTTP/1.1)
HTTP/1.1 200 OK
Content-Type: application/json; charset=utf-8
cache-control: no-cache
content-length: 38

12:03:30.403 [AsyncHttpClient-1-2] DEBUG org.asynchttpclient.netty.channel.ChannelManager - Adding key: http://localhost:26374 for channel [id: 0x5e9e9eb4, L:/127.0.0.1:64175 - R:localhost/127.0.0.1:26374]
12:03:30.442 [Test worker] DEBUG net.serenitybdd.core.photography.Darkroom - Opening darkroom
12:03:30.444 [Darkroom Processing Line] DEBUG net.serenitybdd.core.photography.DarkroomProcessingLine - Darkroom processing line starting up
12:03:30.469 [Forwarding getCurrentWindowHandle on session 541e5fbff23d86bb83d3a1a7e5bf5bb4 to remote] DEBUG org.asynchttpclient.netty.request.NettyRequestSender - Using pooled Channel '[id: 0x5e9e9eb4, L:/127.0.0.1:64175 - R:localhost/127.0.0.1:26374]' for 'GET' to 'http://localhost:26374/session/541e5fbff23d86bb83d3a1a7e5bf5bb4/window'
12:03:30.470 [Forwarding getCurrentWindowHandle on session 541e5fbff23d86bb83d3a1a7e5bf5bb4 to remote] DEBUG org.asynchttpclient.netty.request.NettyRequestSender - Using open Channel [id: 0x5e9e9eb4, L:/127.0.0.1:64175 - R:localhost/127.0.0.1:26374] for GET '/session/541e5fbff23d86bb83d3a1a7e5bf5bb4/window'
12:03:30.471 [AsyncHttpClient-1-2] DEBUG org.asynchttpclient.netty.handler.HttpHandler - 

Request DefaultFullHttpRequest(decodeResult: success, version: HTTP/1.1, content: EmptyByteBufBE)
GET /session/541e5fbff23d86bb83d3a1a7e5bf5bb4/window HTTP/1.1
User-Agent: selenium/4.6.0 (java windows)
Cache-Control: no-cache
Content-Type: application/json; charset=utf-8
host: localhost:26374
accept: */*

Response DefaultHttpResponse(decodeResult: success, version: HTTP/1.1)
HTTP/1.1 200 OK
Content-Type: application/json; charset=utf-8
cache-control: no-cache
content-length: 44

12:03:30.471 [AsyncHttpClient-1-2] DEBUG org.asynchttpclient.netty.channel.ChannelManager - Adding key: http://localhost:26374 for channel [id: 0x5e9e9eb4, L:/127.0.0.1:64175 - R:localhost/127.0.0.1:26374]
12:03:30.492 [Forwarding getAlertText on session 541e5fbff23d86bb83d3a1a7e5bf5bb4 to remote] DEBUG org.asynchttpclient.netty.request.NettyRequestSender - Using pooled Channel '[id: 0x5e9e9eb4, L:/127.0.0.1:64175 - R:localhost/127.0.0.1:26374]' for 'GET' to 'http://localhost:26374/session/541e5fbff23d86bb83d3a1a7e5bf5bb4/alert/text'
12:03:30.492 [Forwarding getAlertText on session 541e5fbff23d86bb83d3a1a7e5bf5bb4 to remote] DEBUG org.asynchttpclient.netty.request.NettyRequestSender - Using open Channel [id: 0x5e9e9eb4, L:/127.0.0.1:64175 - R:localhost/127.0.0.1:26374] for GET '/session/541e5fbff23d86bb83d3a1a7e5bf5bb4/alert/text'
12:03:30.495 [AsyncHttpClient-1-2] DEBUG org.asynchttpclient.netty.handler.HttpHandler - 

Request DefaultFullHttpRequest(decodeResult: success, version: HTTP/1.1, content: EmptyByteBufBE)
GET /session/541e5fbff23d86bb83d3a1a7e5bf5bb4/alert/text HTTP/1.1
User-Agent: selenium/4.6.0 (java windows)
Cache-Control: no-cache
Content-Type: application/json; charset=utf-8
host: localhost:26374
accept: */*

Response DefaultHttpResponse(decodeResult: success, version: HTTP/1.1)
HTTP/1.1 404 Not Found
Content-Type: application/json; charset=utf-8
cache-control: no-cache
content-length: 848

12:03:30.496 [AsyncHttpClient-1-2] DEBUG org.asynchttpclient.netty.channel.ChannelManager - Adding key: http://localhost:26374 for channel [id: 0x5e9e9eb4, L:/127.0.0.1:64175 - R:localhost/127.0.0.1:26374]
12:03:30.513 [Forwarding switchToWindow on session 541e5fbff23d86bb83d3a1a7e5bf5bb4 to remote] DEBUG org.asynchttpclient.netty.request.NettyRequestSender - Using pooled Channel '[id: 0x5e9e9eb4, L:/127.0.0.1:64175 - R:localhost/127.0.0.1:26374]' for 'POST' to 'http://localhost:26374/session/541e5fbff23d86bb83d3a1a7e5bf5bb4/window'
12:03:30.514 [Forwarding switchToWindow on session 541e5fbff23d86bb83d3a1a7e5bf5bb4 to remote] DEBUG org.asynchttpclient.netty.request.NettyRequestSender - Using open Channel [id: 0x5e9e9eb4, L:/127.0.0.1:64175 - R:localhost/127.0.0.1:26374] for POST '/session/541e5fbff23d86bb83d3a1a7e5bf5bb4/window'
12:03:30.516 [AsyncHttpClient-1-2] DEBUG org.asynchttpclient.netty.handler.HttpHandler - 

Request DefaultHttpRequest(decodeResult: success, version: HTTP/1.1)
POST /session/541e5fbff23d86bb83d3a1a7e5bf5bb4/window HTTP/1.1
User-Agent: selenium/4.6.0 (java windows)
Content-Length: 50
Content-Type: application/json; charset=utf-8
host: localhost:26374
accept: */*

Response DefaultHttpResponse(decodeResult: success, version: HTTP/1.1)
HTTP/1.1 200 OK
Content-Type: application/json; charset=utf-8
cache-control: no-cache
content-length: 14

12:03:30.516 [AsyncHttpClient-1-2] DEBUG org.asynchttpclient.netty.channel.ChannelManager - Adding key: http://localhost:26374 for channel [id: 0x5e9e9eb4, L:/127.0.0.1:64175 - R:localhost/127.0.0.1:26374]
12:03:30.517 [Forwarding getCurrentUrl on session 541e5fbff23d86bb83d3a1a7e5bf5bb4 to remote] DEBUG org.asynchttpclient.netty.request.NettyRequestSender - Using pooled Channel '[id: 0x5e9e9eb4, L:/127.0.0.1:64175 - R:localhost/127.0.0.1:26374]' for 'GET' to 'http://localhost:26374/session/541e5fbff23d86bb83d3a1a7e5bf5bb4/url'
12:03:30.517 [Forwarding getCurrentUrl on session 541e5fbff23d86bb83d3a1a7e5bf5bb4 to remote] DEBUG org.asynchttpclient.netty.request.NettyRequestSender - Using open Channel [id: 0x5e9e9eb4, L:/127.0.0.1:64175 - R:localhost/127.0.0.1:26374] for GET '/session/541e5fbff23d86bb83d3a1a7e5bf5bb4/url'
12:03:30.522 [AsyncHttpClient-1-2] DEBUG org.asynchttpclient.netty.handler.HttpHandler - 

Request DefaultFullHttpRequest(decodeResult: success, version: HTTP/1.1, content: EmptyByteBufBE)
GET /session/541e5fbff23d86bb83d3a1a7e5bf5bb4/url HTTP/1.1
User-Agent: selenium/4.6.0 (java windows)
Cache-Control: no-cache
Content-Type: application/json; charset=utf-8
host: localhost:26374
accept: */*

Response DefaultHttpResponse(decodeResult: success, version: HTTP/1.1)
HTTP/1.1 200 OK
Content-Type: application/json; charset=utf-8
cache-control: no-cache
content-length: 38

12:03:30.522 [AsyncHttpClient-1-2] DEBUG org.asynchttpclient.netty.channel.ChannelManager - Adding key: http://localhost:26374 for channel [id: 0x5e9e9eb4, L:/127.0.0.1:64175 - R:localhost/127.0.0.1:26374]
12:03:30.526 [Forwarding screenshot on session 541e5fbff23d86bb83d3a1a7e5bf5bb4 to remote] DEBUG org.asynchttpclient.netty.request.NettyRequestSender - Using pooled Channel '[id: 0x5e9e9eb4, L:/127.0.0.1:64175 - R:localhost/127.0.0.1:26374]' for 'GET' to 'http://localhost:26374/session/541e5fbff23d86bb83d3a1a7e5bf5bb4/screenshot'
12:03:30.526 [Forwarding screenshot on session 541e5fbff23d86bb83d3a1a7e5bf5bb4 to remote] DEBUG org.asynchttpclient.netty.request.NettyRequestSender - Using open Channel [id: 0x5e9e9eb4, L:/127.0.0.1:64175 - R:localhost/127.0.0.1:26374] for GET '/session/541e5fbff23d86bb83d3a1a7e5bf5bb4/screenshot'
12:03:30.803 [AsyncHttpClient-1-2] DEBUG org.asynchttpclient.netty.handler.HttpHandler - 

Request DefaultFullHttpRequest(decodeResult: success, version: HTTP/1.1, content: EmptyByteBufBE)
GET /session/541e5fbff23d86bb83d3a1a7e5bf5bb4/screenshot HTTP/1.1
User-Agent: selenium/4.6.0 (java windows)
Cache-Control: no-cache
Content-Type: application/json; charset=utf-8
host: localhost:26374
accept: */*

Response DefaultHttpResponse(decodeResult: success, version: HTTP/1.1)
HTTP/1.1 200 OK
Content-Type: application/json; charset=utf-8
cache-control: no-cache
content-length: 652644

12:03:30.809 [AsyncHttpClient-1-2] DEBUG org.asynchttpclient.netty.channel.ChannelManager - Adding key: http://localhost:26374 for channel [id: 0x5e9e9eb4, L:/127.0.0.1:64175 - R:localhost/127.0.0.1:26374]
12:03:30.935 [Test worker] DEBUG net.serenitybdd.core.photography.Darkroom - Send negative for processing for C:\Users\Usuario\Documents\retoAutomatizacion\e2e\RetoDemoBlaze\target\site\serenity\92d99eff6d25c1a5037c6e5c50d93de47a6dfb89ce539badfdff01c5f9ac4738.png
12:03:30.936 [Darkroom Processing Line] DEBUG net.serenitybdd.core.photography.DarkroomProcessingLine - Processing screenshot image in /var/screenshots/screenshot-17966712700927688129
12:03:30.936 [Darkroom Processing Line] DEBUG net.serenitybdd.core.photography.DarkroomProcessingLine - Saving screenshot to C:\Users\Usuario\Documents\retoAutomatizacion\e2e\RetoDemoBlaze\target\site\serenity\92d99eff6d25c1a5037c6e5c50d93de47a6dfb89ce539badfdff01c5f9ac4738.png
12:03:30.941 [Test worker] DEBUG net.thucydides.core.steps.StepInterceptor - STEP DONE: {0} opens the browser at #url
12:03:30.977 [Forwarding getPageSource on session 541e5fbff23d86bb83d3a1a7e5bf5bb4 to remote] DEBUG org.asynchttpclient.netty.request.NettyRequestSender - Using pooled Channel '[id: 0x5e9e9eb4, L:/127.0.0.1:64175 - R:localhost/127.0.0.1:26374]' for 'POST' to 'http://localhost:26374/session/541e5fbff23d86bb83d3a1a7e5bf5bb4/execute/sync'
12:03:30.977 [Forwarding getPageSource on session 541e5fbff23d86bb83d3a1a7e5bf5bb4 to remote] DEBUG org.asynchttpclient.netty.request.NettyRequestSender - Using open Channel [id: 0x5e9e9eb4, L:/127.0.0.1:64175 - R:localhost/127.0.0.1:26374] for POST '/session/541e5fbff23d86bb83d3a1a7e5bf5bb4/execute/sync'
12:03:30.987 [AsyncHttpClient-1-2] DEBUG org.asynchttpclient.netty.handler.HttpHandler - 

Request DefaultHttpRequest(decodeResult: success, version: HTTP/1.1)
POST /session/541e5fbff23d86bb83d3a1a7e5bf5bb4/execute/sync HTTP/1.1
User-Agent: selenium/4.6.0 (java windows)
Content-Length: 176
Content-Type: application/json; charset=utf-8
host: localhost:26374
accept: */*

Response DefaultHttpResponse(decodeResult: success, version: HTTP/1.1)
HTTP/1.1 200 OK
Content-Type: application/json; charset=utf-8
cache-control: no-cache
content-length: 51721

12:03:30.988 [AsyncHttpClient-1-2] DEBUG org.asynchttpclient.netty.channel.ChannelManager - Adding key: http://localhost:26374 for channel [id: 0x5e9e9eb4, L:/127.0.0.1:64175 - R:localhost/127.0.0.1:26374]
12:03:31.155 [Forwarding getCurrentUrl on session 541e5fbff23d86bb83d3a1a7e5bf5bb4 to remote] DEBUG org.asynchttpclient.netty.request.NettyRequestSender - Using pooled Channel '[id: 0x5e9e9eb4, L:/127.0.0.1:64175 - R:localhost/127.0.0.1:26374]' for 'GET' to 'http://localhost:26374/session/541e5fbff23d86bb83d3a1a7e5bf5bb4/url'
12:03:31.156 [Forwarding getCurrentUrl on session 541e5fbff23d86bb83d3a1a7e5bf5bb4 to remote] DEBUG org.asynchttpclient.netty.request.NettyRequestSender - Using open Channel [id: 0x5e9e9eb4, L:/127.0.0.1:64175 - R:localhost/127.0.0.1:26374] for GET '/session/541e5fbff23d86bb83d3a1a7e5bf5bb4/url'
12:03:31.160 [AsyncHttpClient-1-2] DEBUG org.asynchttpclient.netty.handler.HttpHandler - 

Request DefaultFullHttpRequest(decodeResult: success, version: HTTP/1.1, content: EmptyByteBufBE)
GET /session/541e5fbff23d86bb83d3a1a7e5bf5bb4/url HTTP/1.1
User-Agent: selenium/4.6.0 (java windows)
Cache-Control: no-cache
Content-Type: application/json; charset=utf-8
host: localhost:26374
accept: */*

Response DefaultHttpResponse(decodeResult: success, version: HTTP/1.1)
HTTP/1.1 200 OK
Content-Type: application/json; charset=utf-8
cache-control: no-cache
content-length: 38

12:03:31.161 [AsyncHttpClient-1-2] DEBUG org.asynchttpclient.netty.channel.ChannelManager - Adding key: http://localhost:26374 for channel [id: 0x5e9e9eb4, L:/127.0.0.1:64175 - R:localhost/127.0.0.1:26374]
12:03:31.165 [AsyncHttpClient-1-1] DEBUG org.asynchttpclient.netty.channel.DefaultChannelPool - Entry count for : http://localhost:64176 : 1
12:03:31.165 [Test worker] DEBUG net.thucydides.core.steps.StepInterceptor - STARTING STEP: VisitWebPage.performAs - performAs
12:03:31.165 [AsyncHttpClient-1-1] DEBUG org.asynchttpclient.netty.channel.DefaultChannelPool - Entry count for : http://localhost:26374 : 1
12:03:32.264 [AsyncHttpClient-1-1] DEBUG org.asynchttpclient.netty.channel.DefaultChannelPool - Entry count for : http://localhost:64176 : 1
12:03:32.264 [AsyncHttpClient-1-1] DEBUG org.asynchttpclient.netty.channel.DefaultChannelPool - Entry count for : http://localhost:26374 : 1
12:03:33.368 [AsyncHttpClient-1-1] DEBUG org.asynchttpclient.netty.channel.DefaultChannelPool - Entry count for : http://localhost:64176 : 1
12:03:33.368 [AsyncHttpClient-1-1] DEBUG org.asynchttpclient.netty.channel.DefaultChannelPool - Entry count for : http://localhost:26374 : 1
12:03:34.221 [Forwarding getCurrentWindowHandle on session 541e5fbff23d86bb83d3a1a7e5bf5bb4 to remote] DEBUG org.asynchttpclient.netty.request.NettyRequestSender - Using pooled Channel '[id: 0x5e9e9eb4, L:/127.0.0.1:64175 - R:localhost/127.0.0.1:26374]' for 'GET' to 'http://localhost:26374/session/541e5fbff23d86bb83d3a1a7e5bf5bb4/window'
12:03:34.221 [Forwarding getCurrentWindowHandle on session 541e5fbff23d86bb83d3a1a7e5bf5bb4 to remote] DEBUG org.asynchttpclient.netty.request.NettyRequestSender - Using open Channel [id: 0x5e9e9eb4, L:/127.0.0.1:64175 - R:localhost/127.0.0.1:26374] for GET '/session/541e5fbff23d86bb83d3a1a7e5bf5bb4/window'
12:03:34.223 [AsyncHttpClient-1-2] DEBUG org.asynchttpclient.netty.handler.HttpHandler - 

Request DefaultFullHttpRequest(decodeResult: success, version: HTTP/1.1, content: EmptyByteBufBE)
GET /session/541e5fbff23d86bb83d3a1a7e5bf5bb4/window HTTP/1.1
User-Agent: selenium/4.6.0 (java windows)
Cache-Control: no-cache
Content-Type: application/json; charset=utf-8
host: localhost:26374
accept: */*

Response DefaultHttpResponse(decodeResult: success, version: HTTP/1.1)
HTTP/1.1 200 OK
Content-Type: application/json; charset=utf-8
cache-control: no-cache
content-length: 44

12:03:34.224 [AsyncHttpClient-1-2] DEBUG org.asynchttpclient.netty.channel.ChannelManager - Adding key: http://localhost:26374 for channel [id: 0x5e9e9eb4, L:/127.0.0.1:64175 - R:localhost/127.0.0.1:26374]
12:03:34.237 [Forwarding getAlertText on session 541e5fbff23d86bb83d3a1a7e5bf5bb4 to remote] DEBUG org.asynchttpclient.netty.request.NettyRequestSender - Using pooled Channel '[id: 0x5e9e9eb4, L:/127.0.0.1:64175 - R:localhost/127.0.0.1:26374]' for 'GET' to 'http://localhost:26374/session/541e5fbff23d86bb83d3a1a7e5bf5bb4/alert/text'
12:03:34.238 [Forwarding getAlertText on session 541e5fbff23d86bb83d3a1a7e5bf5bb4 to remote] DEBUG org.asynchttpclient.netty.request.NettyRequestSender - Using open Channel [id: 0x5e9e9eb4, L:/127.0.0.1:64175 - R:localhost/127.0.0.1:26374] for GET '/session/541e5fbff23d86bb83d3a1a7e5bf5bb4/alert/text'
12:03:34.239 [AsyncHttpClient-1-2] DEBUG org.asynchttpclient.netty.handler.HttpHandler - 

Request DefaultFullHttpRequest(decodeResult: success, version: HTTP/1.1, content: EmptyByteBufBE)
GET /session/541e5fbff23d86bb83d3a1a7e5bf5bb4/alert/text HTTP/1.1
User-Agent: selenium/4.6.0 (java windows)
Cache-Control: no-cache
Content-Type: application/json; charset=utf-8
host: localhost:26374
accept: */*

Response DefaultHttpResponse(decodeResult: success, version: HTTP/1.1)
HTTP/1.1 404 Not Found
Content-Type: application/json; charset=utf-8
cache-control: no-cache
content-length: 848

12:03:34.240 [AsyncHttpClient-1-2] DEBUG org.asynchttpclient.netty.channel.ChannelManager - Adding key: http://localhost:26374 for channel [id: 0x5e9e9eb4, L:/127.0.0.1:64175 - R:localhost/127.0.0.1:26374]
12:03:34.261 [Forwarding switchToWindow on session 541e5fbff23d86bb83d3a1a7e5bf5bb4 to remote] DEBUG org.asynchttpclient.netty.request.NettyRequestSender - Using pooled Channel '[id: 0x5e9e9eb4, L:/127.0.0.1:64175 - R:localhost/127.0.0.1:26374]' for 'POST' to 'http://localhost:26374/session/541e5fbff23d86bb83d3a1a7e5bf5bb4/window'
12:03:34.262 [Forwarding switchToWindow on session 541e5fbff23d86bb83d3a1a7e5bf5bb4 to remote] DEBUG org.asynchttpclient.netty.request.NettyRequestSender - Using open Channel [id: 0x5e9e9eb4, L:/127.0.0.1:64175 - R:localhost/127.0.0.1:26374] for POST '/session/541e5fbff23d86bb83d3a1a7e5bf5bb4/window'
12:03:34.264 [AsyncHttpClient-1-2] DEBUG org.asynchttpclient.netty.handler.HttpHandler - 

Request DefaultHttpRequest(decodeResult: success, version: HTTP/1.1)
POST /session/541e5fbff23d86bb83d3a1a7e5bf5bb4/window HTTP/1.1
User-Agent: selenium/4.6.0 (java windows)
Content-Length: 50
Content-Type: application/json; charset=utf-8
host: localhost:26374
accept: */*

Response DefaultHttpResponse(decodeResult: success, version: HTTP/1.1)
HTTP/1.1 200 OK
Content-Type: application/json; charset=utf-8
cache-control: no-cache
content-length: 14

12:03:34.264 [AsyncHttpClient-1-2] DEBUG org.asynchttpclient.netty.channel.ChannelManager - Adding key: http://localhost:26374 for channel [id: 0x5e9e9eb4, L:/127.0.0.1:64175 - R:localhost/127.0.0.1:26374]
12:03:34.265 [Forwarding getCurrentUrl on session 541e5fbff23d86bb83d3a1a7e5bf5bb4 to remote] DEBUG org.asynchttpclient.netty.request.NettyRequestSender - Using pooled Channel '[id: 0x5e9e9eb4, L:/127.0.0.1:64175 - R:localhost/127.0.0.1:26374]' for 'GET' to 'http://localhost:26374/session/541e5fbff23d86bb83d3a1a7e5bf5bb4/url'
12:03:34.265 [Forwarding getCurrentUrl on session 541e5fbff23d86bb83d3a1a7e5bf5bb4 to remote] DEBUG org.asynchttpclient.netty.request.NettyRequestSender - Using open Channel [id: 0x5e9e9eb4, L:/127.0.0.1:64175 - R:localhost/127.0.0.1:26374] for GET '/session/541e5fbff23d86bb83d3a1a7e5bf5bb4/url'
12:03:34.268 [AsyncHttpClient-1-2] DEBUG org.asynchttpclient.netty.handler.HttpHandler - 

Request DefaultFullHttpRequest(decodeResult: success, version: HTTP/1.1, content: EmptyByteBufBE)
GET /session/541e5fbff23d86bb83d3a1a7e5bf5bb4/url HTTP/1.1
User-Agent: selenium/4.6.0 (java windows)
Cache-Control: no-cache
Content-Type: application/json; charset=utf-8
host: localhost:26374
accept: */*

Response DefaultHttpResponse(decodeResult: success, version: HTTP/1.1)
HTTP/1.1 200 OK
Content-Type: application/json; charset=utf-8
cache-control: no-cache
content-length: 38

12:03:34.268 [AsyncHttpClient-1-2] DEBUG org.asynchttpclient.netty.channel.ChannelManager - Adding key: http://localhost:26374 for channel [id: 0x5e9e9eb4, L:/127.0.0.1:64175 - R:localhost/127.0.0.1:26374]
12:03:34.269 [Forwarding screenshot on session 541e5fbff23d86bb83d3a1a7e5bf5bb4 to remote] DEBUG org.asynchttpclient.netty.request.NettyRequestSender - Using pooled Channel '[id: 0x5e9e9eb4, L:/127.0.0.1:64175 - R:localhost/127.0.0.1:26374]' for 'GET' to 'http://localhost:26374/session/541e5fbff23d86bb83d3a1a7e5bf5bb4/screenshot'
12:03:34.270 [Forwarding screenshot on session 541e5fbff23d86bb83d3a1a7e5bf5bb4 to remote] DEBUG org.asynchttpclient.netty.request.NettyRequestSender - Using open Channel [id: 0x5e9e9eb4, L:/127.0.0.1:64175 - R:localhost/127.0.0.1:26374] for GET '/session/541e5fbff23d86bb83d3a1a7e5bf5bb4/screenshot'
12:03:34.463 [AsyncHttpClient-1-1] DEBUG org.asynchttpclient.netty.channel.DefaultChannelPool - Entry count for : http://localhost:64176 : 1
12:03:34.498 [AsyncHttpClient-1-2] DEBUG org.asynchttpclient.netty.handler.HttpHandler - 

Request DefaultFullHttpRequest(decodeResult: success, version: HTTP/1.1, content: EmptyByteBufBE)
GET /session/541e5fbff23d86bb83d3a1a7e5bf5bb4/screenshot HTTP/1.1
User-Agent: selenium/4.6.0 (java windows)
Cache-Control: no-cache
Content-Type: application/json; charset=utf-8
host: localhost:26374
accept: */*

Response DefaultHttpResponse(decodeResult: success, version: HTTP/1.1)
HTTP/1.1 200 OK
Content-Type: application/json; charset=utf-8
cache-control: no-cache
content-length: 698364

12:03:34.503 [AsyncHttpClient-1-2] DEBUG org.asynchttpclient.netty.channel.ChannelManager - Adding key: http://localhost:26374 for channel [id: 0x5e9e9eb4, L:/127.0.0.1:64175 - R:localhost/127.0.0.1:26374]
12:03:34.537 [Test worker] DEBUG net.serenitybdd.core.photography.Darkroom - Send negative for processing for C:\Users\Usuario\Documents\retoAutomatizacion\e2e\RetoDemoBlaze\target\site\serenity\c265d1430a6209799d315b300bde6c3d16329ba25aca6b89896ae457e44d87a0.png
12:03:34.537 [Darkroom Processing Line] DEBUG net.serenitybdd.core.photography.DarkroomProcessingLine - Processing screenshot image in /var/screenshots/screenshot-9856382592099254290
12:03:34.537 [Test worker] DEBUG net.thucydides.core.steps.StepInterceptor - STEP DONE: performAs
12:03:34.537 [Darkroom Processing Line] DEBUG net.serenitybdd.core.photography.DarkroomProcessingLine - Saving screenshot to C:\Users\Usuario\Documents\retoAutomatizacion\e2e\RetoDemoBlaze\target\site\serenity\c265d1430a6209799d315b300bde6c3d16329ba25aca6b89896ae457e44d87a0.png
12:03:34.568 [Test worker] DEBUG net.thucydides.core.steps.StepInterceptor - STEP DONE: performAs
12:03:34.731 [Forwarding getCurrentWindowHandle on session 541e5fbff23d86bb83d3a1a7e5bf5bb4 to remote] DEBUG org.asynchttpclient.netty.request.NettyRequestSender - Using pooled Channel '[id: 0x5e9e9eb4, L:/127.0.0.1:64175 - R:localhost/127.0.0.1:26374]' for 'GET' to 'http://localhost:26374/session/541e5fbff23d86bb83d3a1a7e5bf5bb4/window'
12:03:34.731 [Forwarding getCurrentWindowHandle on session 541e5fbff23d86bb83d3a1a7e5bf5bb4 to remote] DEBUG org.asynchttpclient.netty.request.NettyRequestSender - Using open Channel [id: 0x5e9e9eb4, L:/127.0.0.1:64175 - R:localhost/127.0.0.1:26374] for GET '/session/541e5fbff23d86bb83d3a1a7e5bf5bb4/window'
12:03:34.732 [AsyncHttpClient-1-2] DEBUG org.asynchttpclient.netty.handler.HttpHandler - 

Request DefaultFullHttpRequest(decodeResult: success, version: HTTP/1.1, content: EmptyByteBufBE)
GET /session/541e5fbff23d86bb83d3a1a7e5bf5bb4/window HTTP/1.1
User-Agent: selenium/4.6.0 (java windows)
Cache-Control: no-cache
Content-Type: application/json; charset=utf-8
host: localhost:26374
accept: */*

Response DefaultHttpResponse(decodeResult: success, version: HTTP/1.1)
HTTP/1.1 200 OK
Content-Type: application/json; charset=utf-8
cache-control: no-cache
content-length: 44

12:03:34.734 [AsyncHttpClient-1-2] DEBUG org.asynchttpclient.netty.channel.ChannelManager - Adding key: http://localhost:26374 for channel [id: 0x5e9e9eb4, L:/127.0.0.1:64175 - R:localhost/127.0.0.1:26374]
12:03:34.759 [Forwarding getAlertText on session 541e5fbff23d86bb83d3a1a7e5bf5bb4 to remote] DEBUG org.asynchttpclient.netty.request.NettyRequestSender - Using pooled Channel '[id: 0x5e9e9eb4, L:/127.0.0.1:64175 - R:localhost/127.0.0.1:26374]' for 'GET' to 'http://localhost:26374/session/541e5fbff23d86bb83d3a1a7e5bf5bb4/alert/text'
12:03:34.760 [Forwarding getAlertText on session 541e5fbff23d86bb83d3a1a7e5bf5bb4 to remote] DEBUG org.asynchttpclient.netty.request.NettyRequestSender - Using open Channel [id: 0x5e9e9eb4, L:/127.0.0.1:64175 - R:localhost/127.0.0.1:26374] for GET '/session/541e5fbff23d86bb83d3a1a7e5bf5bb4/alert/text'
12:03:34.763 [AsyncHttpClient-1-2] DEBUG org.asynchttpclient.netty.handler.HttpHandler - 

Request DefaultFullHttpRequest(decodeResult: success, version: HTTP/1.1, content: EmptyByteBufBE)
GET /session/541e5fbff23d86bb83d3a1a7e5bf5bb4/alert/text HTTP/1.1
User-Agent: selenium/4.6.0 (java windows)
Cache-Control: no-cache
Content-Type: application/json; charset=utf-8
host: localhost:26374
accept: */*

Response DefaultHttpResponse(decodeResult: success, version: HTTP/1.1)
HTTP/1.1 404 Not Found
Content-Type: application/json; charset=utf-8
cache-control: no-cache
content-length: 848

12:03:34.764 [AsyncHttpClient-1-2] DEBUG org.asynchttpclient.netty.channel.ChannelManager - Adding key: http://localhost:26374 for channel [id: 0x5e9e9eb4, L:/127.0.0.1:64175 - R:localhost/127.0.0.1:26374]
12:03:34.780 [Forwarding switchToWindow on session 541e5fbff23d86bb83d3a1a7e5bf5bb4 to remote] DEBUG org.asynchttpclient.netty.request.NettyRequestSender - Using pooled Channel '[id: 0x5e9e9eb4, L:/127.0.0.1:64175 - R:localhost/127.0.0.1:26374]' for 'POST' to 'http://localhost:26374/session/541e5fbff23d86bb83d3a1a7e5bf5bb4/window'
12:03:34.780 [Forwarding switchToWindow on session 541e5fbff23d86bb83d3a1a7e5bf5bb4 to remote] DEBUG org.asynchttpclient.netty.request.NettyRequestSender - Using open Channel [id: 0x5e9e9eb4, L:/127.0.0.1:64175 - R:localhost/127.0.0.1:26374] for POST '/session/541e5fbff23d86bb83d3a1a7e5bf5bb4/window'
12:03:34.782 [AsyncHttpClient-1-2] DEBUG org.asynchttpclient.netty.handler.HttpHandler - 

Request DefaultHttpRequest(decodeResult: success, version: HTTP/1.1)
POST /session/541e5fbff23d86bb83d3a1a7e5bf5bb4/window HTTP/1.1
User-Agent: selenium/4.6.0 (java windows)
Content-Length: 50
Content-Type: application/json; charset=utf-8
host: localhost:26374
accept: */*

Response DefaultHttpResponse(decodeResult: success, version: HTTP/1.1)
HTTP/1.1 200 OK
Content-Type: application/json; charset=utf-8
cache-control: no-cache
content-length: 14

12:03:34.783 [AsyncHttpClient-1-2] DEBUG org.asynchttpclient.netty.channel.ChannelManager - Adding key: http://localhost:26374 for channel [id: 0x5e9e9eb4, L:/127.0.0.1:64175 - R:localhost/127.0.0.1:26374]
12:03:34.785 [Forwarding getCurrentUrl on session 541e5fbff23d86bb83d3a1a7e5bf5bb4 to remote] DEBUG org.asynchttpclient.netty.request.NettyRequestSender - Using pooled Channel '[id: 0x5e9e9eb4, L:/127.0.0.1:64175 - R:localhost/127.0.0.1:26374]' for 'GET' to 'http://localhost:26374/session/541e5fbff23d86bb83d3a1a7e5bf5bb4/url'
12:03:34.786 [Forwarding getCurrentUrl on session 541e5fbff23d86bb83d3a1a7e5bf5bb4 to remote] DEBUG org.asynchttpclient.netty.request.NettyRequestSender - Using open Channel [id: 0x5e9e9eb4, L:/127.0.0.1:64175 - R:localhost/127.0.0.1:26374] for GET '/session/541e5fbff23d86bb83d3a1a7e5bf5bb4/url'
12:03:34.791 [AsyncHttpClient-1-2] DEBUG org.asynchttpclient.netty.handler.HttpHandler - 

Request DefaultFullHttpRequest(decodeResult: success, version: HTTP/1.1, content: EmptyByteBufBE)
GET /session/541e5fbff23d86bb83d3a1a7e5bf5bb4/url HTTP/1.1
User-Agent: selenium/4.6.0 (java windows)
Cache-Control: no-cache
Content-Type: application/json; charset=utf-8
host: localhost:26374
accept: */*

Response DefaultHttpResponse(decodeResult: success, version: HTTP/1.1)
HTTP/1.1 200 OK
Content-Type: application/json; charset=utf-8
cache-control: no-cache
content-length: 38

12:03:34.792 [AsyncHttpClient-1-2] DEBUG org.asynchttpclient.netty.channel.ChannelManager - Adding key: http://localhost:26374 for channel [id: 0x5e9e9eb4, L:/127.0.0.1:64175 - R:localhost/127.0.0.1:26374]
12:03:34.795 [Forwarding screenshot on session 541e5fbff23d86bb83d3a1a7e5bf5bb4 to remote] DEBUG org.asynchttpclient.netty.request.NettyRequestSender - Using pooled Channel '[id: 0x5e9e9eb4, L:/127.0.0.1:64175 - R:localhost/127.0.0.1:26374]' for 'GET' to 'http://localhost:26374/session/541e5fbff23d86bb83d3a1a7e5bf5bb4/screenshot'
12:03:34.795 [Forwarding screenshot on session 541e5fbff23d86bb83d3a1a7e5bf5bb4 to remote] DEBUG org.asynchttpclient.netty.request.NettyRequestSender - Using open Channel [id: 0x5e9e9eb4, L:/127.0.0.1:64175 - R:localhost/127.0.0.1:26374] for GET '/session/541e5fbff23d86bb83d3a1a7e5bf5bb4/screenshot'
12:03:35.041 [AsyncHttpClient-1-2] DEBUG org.asynchttpclient.netty.handler.HttpHandler - 

Request DefaultFullHttpRequest(decodeResult: success, version: HTTP/1.1, content: EmptyByteBufBE)
GET /session/541e5fbff23d86bb83d3a1a7e5bf5bb4/screenshot HTTP/1.1
User-Agent: selenium/4.6.0 (java windows)
Cache-Control: no-cache
Content-Type: application/json; charset=utf-8
host: localhost:26374
accept: */*

Response DefaultHttpResponse(decodeResult: success, version: HTTP/1.1)
HTTP/1.1 200 OK
Content-Type: application/json; charset=utf-8
cache-control: no-cache
content-length: 698364

12:03:35.045 [AsyncHttpClient-1-2] DEBUG org.asynchttpclient.netty.channel.ChannelManager - Adding key: http://localhost:26374 for channel [id: 0x5e9e9eb4, L:/127.0.0.1:64175 - R:localhost/127.0.0.1:26374]
12:03:35.064 [Test worker] DEBUG net.serenitybdd.core.photography.Darkroom - Send negative for processing for C:\Users\Usuario\Documents\retoAutomatizacion\e2e\RetoDemoBlaze\target\site\serenity\c265d1430a6209799d315b300bde6c3d16329ba25aca6b89896ae457e44d87a0.png
12:03:35.077 [Forwarding getPageSource on session 541e5fbff23d86bb83d3a1a7e5bf5bb4 to remote] DEBUG org.asynchttpclient.netty.request.NettyRequestSender - Using pooled Channel '[id: 0x5e9e9eb4, L:/127.0.0.1:64175 - R:localhost/127.0.0.1:26374]' for 'POST' to 'http://localhost:26374/session/541e5fbff23d86bb83d3a1a7e5bf5bb4/execute/sync'
12:03:35.077 [Forwarding getPageSource on session 541e5fbff23d86bb83d3a1a7e5bf5bb4 to remote] DEBUG org.asynchttpclient.netty.request.NettyRequestSender - Using open Channel [id: 0x5e9e9eb4, L:/127.0.0.1:64175 - R:localhost/127.0.0.1:26374] for POST '/session/541e5fbff23d86bb83d3a1a7e5bf5bb4/execute/sync'
12:03:35.088 [AsyncHttpClient-1-2] DEBUG org.asynchttpclient.netty.handler.HttpHandler - 

Request DefaultHttpRequest(decodeResult: success, version: HTTP/1.1)
POST /session/541e5fbff23d86bb83d3a1a7e5bf5bb4/execute/sync HTTP/1.1
User-Agent: selenium/4.6.0 (java windows)
Content-Length: 176
Content-Type: application/json; charset=utf-8
host: localhost:26374
accept: */*

Response DefaultHttpResponse(decodeResult: success, version: HTTP/1.1)
HTTP/1.1 200 OK
Content-Type: application/json; charset=utf-8
cache-control: no-cache
content-length: 57581

12:03:35.088 [AsyncHttpClient-1-2] DEBUG org.asynchttpclient.netty.channel.ChannelManager - Adding key: http://localhost:26374 for channel [id: 0x5e9e9eb4, L:/127.0.0.1:64175 - R:localhost/127.0.0.1:26374]
12:03:35.121 [Forwarding getCurrentUrl on session 541e5fbff23d86bb83d3a1a7e5bf5bb4 to remote] DEBUG org.asynchttpclient.netty.request.NettyRequestSender - Using pooled Channel '[id: 0x5e9e9eb4, L:/127.0.0.1:64175 - R:localhost/127.0.0.1:26374]' for 'GET' to 'http://localhost:26374/session/541e5fbff23d86bb83d3a1a7e5bf5bb4/url'
12:03:35.121 [Forwarding getCurrentUrl on session 541e5fbff23d86bb83d3a1a7e5bf5bb4 to remote] DEBUG org.asynchttpclient.netty.request.NettyRequestSender - Using open Channel [id: 0x5e9e9eb4, L:/127.0.0.1:64175 - R:localhost/127.0.0.1:26374] for GET '/session/541e5fbff23d86bb83d3a1a7e5bf5bb4/url'
12:03:35.126 [AsyncHttpClient-1-2] DEBUG org.asynchttpclient.netty.handler.HttpHandler - 

Request DefaultFullHttpRequest(decodeResult: success, version: HTTP/1.1, content: EmptyByteBufBE)
GET /session/541e5fbff23d86bb83d3a1a7e5bf5bb4/url HTTP/1.1
User-Agent: selenium/4.6.0 (java windows)
Cache-Control: no-cache
Content-Type: application/json; charset=utf-8
host: localhost:26374
accept: */*

Response DefaultHttpResponse(decodeResult: success, version: HTTP/1.1)
HTTP/1.1 200 OK
Content-Type: application/json; charset=utf-8
cache-control: no-cache
content-length: 38

12:03:35.126 [AsyncHttpClient-1-2] DEBUG org.asynchttpclient.netty.channel.ChannelManager - Adding key: http://localhost:26374 for channel [id: 0x5e9e9eb4, L:/127.0.0.1:64175 - R:localhost/127.0.0.1:26374]
12:03:35.191 [Test worker] DEBUG net.serenitybdd.screenplay.targets.IFrameSwitcher - default content already selected for CATEGORIES
12:03:35.202 [Forwarding findElements on session 541e5fbff23d86bb83d3a1a7e5bf5bb4 to remote] DEBUG org.asynchttpclient.netty.request.NettyRequestSender - Using pooled Channel '[id: 0x5e9e9eb4, L:/127.0.0.1:64175 - R:localhost/127.0.0.1:26374]' for 'POST' to 'http://localhost:26374/session/541e5fbff23d86bb83d3a1a7e5bf5bb4/elements'
12:03:35.203 [Forwarding findElements on session 541e5fbff23d86bb83d3a1a7e5bf5bb4 to remote] DEBUG org.asynchttpclient.netty.request.NettyRequestSender - Using open Channel [id: 0x5e9e9eb4, L:/127.0.0.1:64175 - R:localhost/127.0.0.1:26374] for POST '/session/541e5fbff23d86bb83d3a1a7e5bf5bb4/elements'
12:03:35.211 [AsyncHttpClient-1-2] DEBUG org.asynchttpclient.netty.handler.HttpHandler - 

Request DefaultHttpRequest(decodeResult: success, version: HTTP/1.1)
POST /session/541e5fbff23d86bb83d3a1a7e5bf5bb4/elements HTTP/1.1
User-Agent: selenium/4.6.0 (java windows)
Content-Length: 48
Content-Type: application/json; charset=utf-8
host: localhost:26374
accept: */*

Response DefaultHttpResponse(decodeResult: success, version: HTTP/1.1)
HTTP/1.1 200 OK
Content-Type: application/json; charset=utf-8
cache-control: no-cache
content-length: 97

12:03:35.212 [AsyncHttpClient-1-2] DEBUG org.asynchttpclient.netty.channel.ChannelManager - Adding key: http://localhost:26374 for channel [id: 0x5e9e9eb4, L:/127.0.0.1:64175 - R:localhost/127.0.0.1:26374]
12:03:35.253 [Forwarding getElementText on session 541e5fbff23d86bb83d3a1a7e5bf5bb4 to remote] DEBUG org.asynchttpclient.netty.request.NettyRequestSender - Using pooled Channel '[id: 0x5e9e9eb4, L:/127.0.0.1:64175 - R:localhost/127.0.0.1:26374]' for 'GET' to 'http://localhost:26374/session/541e5fbff23d86bb83d3a1a7e5bf5bb4/element/4F1249A60E92E9151E27D39C314C0246_element_27/text'
12:03:35.253 [Forwarding getElementText on session 541e5fbff23d86bb83d3a1a7e5bf5bb4 to remote] DEBUG org.asynchttpclient.netty.request.NettyRequestSender - Using open Channel [id: 0x5e9e9eb4, L:/127.0.0.1:64175 - R:localhost/127.0.0.1:26374] for GET '/session/541e5fbff23d86bb83d3a1a7e5bf5bb4/element/4F1249A60E92E9151E27D39C314C0246_element_27/text'
12:03:35.266 [AsyncHttpClient-1-2] DEBUG org.asynchttpclient.netty.handler.HttpHandler - 

Request DefaultFullHttpRequest(decodeResult: success, version: HTTP/1.1, content: EmptyByteBufBE)
GET /session/541e5fbff23d86bb83d3a1a7e5bf5bb4/element/4F1249A60E92E9151E27D39C314C0246_element_27/text HTTP/1.1
User-Agent: selenium/4.6.0 (java windows)
Cache-Control: no-cache
Content-Type: application/json; charset=utf-8
host: localhost:26374
accept: */*

Response DefaultHttpResponse(decodeResult: success, version: HTTP/1.1)
HTTP/1.1 200 OK
Content-Type: application/json; charset=utf-8
cache-control: no-cache
content-length: 22

12:03:35.266 [AsyncHttpClient-1-2] DEBUG org.asynchttpclient.netty.channel.ChannelManager - Adding key: http://localhost:26374 for channel [id: 0x5e9e9eb4, L:/127.0.0.1:64175 - R:localhost/127.0.0.1:26374]
12:03:35.325 [Forwarding getCurrentWindowHandle on session 541e5fbff23d86bb83d3a1a7e5bf5bb4 to remote] DEBUG org.asynchttpclient.netty.request.NettyRequestSender - Using pooled Channel '[id: 0x5e9e9eb4, L:/127.0.0.1:64175 - R:localhost/127.0.0.1:26374]' for 'GET' to 'http://localhost:26374/session/541e5fbff23d86bb83d3a1a7e5bf5bb4/window'
12:03:35.326 [Forwarding getCurrentWindowHandle on session 541e5fbff23d86bb83d3a1a7e5bf5bb4 to remote] DEBUG org.asynchttpclient.netty.request.NettyRequestSender - Using open Channel [id: 0x5e9e9eb4, L:/127.0.0.1:64175 - R:localhost/127.0.0.1:26374] for GET '/session/541e5fbff23d86bb83d3a1a7e5bf5bb4/window'
12:03:35.327 [AsyncHttpClient-1-2] DEBUG org.asynchttpclient.netty.handler.HttpHandler - 

Request DefaultFullHttpRequest(decodeResult: success, version: HTTP/1.1, content: EmptyByteBufBE)
GET /session/541e5fbff23d86bb83d3a1a7e5bf5bb4/window HTTP/1.1
User-Agent: selenium/4.6.0 (java windows)
Cache-Control: no-cache
Content-Type: application/json; charset=utf-8
host: localhost:26374
accept: */*

Response DefaultHttpResponse(decodeResult: success, version: HTTP/1.1)
HTTP/1.1 200 OK
Content-Type: application/json; charset=utf-8
cache-control: no-cache
content-length: 44

12:03:35.327 [AsyncHttpClient-1-2] DEBUG org.asynchttpclient.netty.channel.ChannelManager - Adding key: http://localhost:26374 for channel [id: 0x5e9e9eb4, L:/127.0.0.1:64175 - R:localhost/127.0.0.1:26374]
12:03:35.351 [Forwarding getAlertText on session 541e5fbff23d86bb83d3a1a7e5bf5bb4 to remote] DEBUG org.asynchttpclient.netty.request.NettyRequestSender - Using pooled Channel '[id: 0x5e9e9eb4, L:/127.0.0.1:64175 - R:localhost/127.0.0.1:26374]' for 'GET' to 'http://localhost:26374/session/541e5fbff23d86bb83d3a1a7e5bf5bb4/alert/text'
12:03:35.352 [Forwarding getAlertText on session 541e5fbff23d86bb83d3a1a7e5bf5bb4 to remote] DEBUG org.asynchttpclient.netty.request.NettyRequestSender - Using open Channel [id: 0x5e9e9eb4, L:/127.0.0.1:64175 - R:localhost/127.0.0.1:26374] for GET '/session/541e5fbff23d86bb83d3a1a7e5bf5bb4/alert/text'
12:03:35.355 [AsyncHttpClient-1-2] DEBUG org.asynchttpclient.netty.handler.HttpHandler - 

Request DefaultFullHttpRequest(decodeResult: success, version: HTTP/1.1, content: EmptyByteBufBE)
GET /session/541e5fbff23d86bb83d3a1a7e5bf5bb4/alert/text HTTP/1.1
User-Agent: selenium/4.6.0 (java windows)
Cache-Control: no-cache
Content-Type: application/json; charset=utf-8
host: localhost:26374
accept: */*

Response DefaultHttpResponse(decodeResult: success, version: HTTP/1.1)
HTTP/1.1 404 Not Found
Content-Type: application/json; charset=utf-8
cache-control: no-cache
content-length: 848

12:03:35.355 [AsyncHttpClient-1-2] DEBUG org.asynchttpclient.netty.channel.ChannelManager - Adding key: http://localhost:26374 for channel [id: 0x5e9e9eb4, L:/127.0.0.1:64175 - R:localhost/127.0.0.1:26374]
12:03:35.368 [Forwarding switchToWindow on session 541e5fbff23d86bb83d3a1a7e5bf5bb4 to remote] DEBUG org.asynchttpclient.netty.request.NettyRequestSender - Using pooled Channel '[id: 0x5e9e9eb4, L:/127.0.0.1:64175 - R:localhost/127.0.0.1:26374]' for 'POST' to 'http://localhost:26374/session/541e5fbff23d86bb83d3a1a7e5bf5bb4/window'
12:03:35.369 [Forwarding switchToWindow on session 541e5fbff23d86bb83d3a1a7e5bf5bb4 to remote] DEBUG org.asynchttpclient.netty.request.NettyRequestSender - Using open Channel [id: 0x5e9e9eb4, L:/127.0.0.1:64175 - R:localhost/127.0.0.1:26374] for POST '/session/541e5fbff23d86bb83d3a1a7e5bf5bb4/window'
12:03:35.371 [AsyncHttpClient-1-2] DEBUG org.asynchttpclient.netty.handler.HttpHandler - 

Request DefaultHttpRequest(decodeResult: success, version: HTTP/1.1)
POST /session/541e5fbff23d86bb83d3a1a7e5bf5bb4/window HTTP/1.1
User-Agent: selenium/4.6.0 (java windows)
Content-Length: 50
Content-Type: application/json; charset=utf-8
host: localhost:26374
accept: */*

Response DefaultHttpResponse(decodeResult: success, version: HTTP/1.1)
HTTP/1.1 200 OK
Content-Type: application/json; charset=utf-8
cache-control: no-cache
content-length: 14

12:03:35.372 [AsyncHttpClient-1-2] DEBUG org.asynchttpclient.netty.channel.ChannelManager - Adding key: http://localhost:26374 for channel [id: 0x5e9e9eb4, L:/127.0.0.1:64175 - R:localhost/127.0.0.1:26374]
12:03:35.372 [Forwarding getCurrentUrl on session 541e5fbff23d86bb83d3a1a7e5bf5bb4 to remote] DEBUG org.asynchttpclient.netty.request.NettyRequestSender - Using pooled Channel '[id: 0x5e9e9eb4, L:/127.0.0.1:64175 - R:localhost/127.0.0.1:26374]' for 'GET' to 'http://localhost:26374/session/541e5fbff23d86bb83d3a1a7e5bf5bb4/url'
12:03:35.372 [Forwarding getCurrentUrl on session 541e5fbff23d86bb83d3a1a7e5bf5bb4 to remote] DEBUG org.asynchttpclient.netty.request.NettyRequestSender - Using open Channel [id: 0x5e9e9eb4, L:/127.0.0.1:64175 - R:localhost/127.0.0.1:26374] for GET '/session/541e5fbff23d86bb83d3a1a7e5bf5bb4/url'
12:03:35.376 [AsyncHttpClient-1-2] DEBUG org.asynchttpclient.netty.handler.HttpHandler - 

Request DefaultFullHttpRequest(decodeResult: success, version: HTTP/1.1, content: EmptyByteBufBE)
GET /session/541e5fbff23d86bb83d3a1a7e5bf5bb4/url HTTP/1.1
User-Agent: selenium/4.6.0 (java windows)
Cache-Control: no-cache
Content-Type: application/json; charset=utf-8
host: localhost:26374
accept: */*

Response DefaultHttpResponse(decodeResult: success, version: HTTP/1.1)
HTTP/1.1 200 OK
Content-Type: application/json; charset=utf-8
cache-control: no-cache
content-length: 38

12:03:35.377 [AsyncHttpClient-1-2] DEBUG org.asynchttpclient.netty.channel.ChannelManager - Adding key: http://localhost:26374 for channel [id: 0x5e9e9eb4, L:/127.0.0.1:64175 - R:localhost/127.0.0.1:26374]
12:03:35.378 [Forwarding screenshot on session 541e5fbff23d86bb83d3a1a7e5bf5bb4 to remote] DEBUG org.asynchttpclient.netty.request.NettyRequestSender - Using pooled Channel '[id: 0x5e9e9eb4, L:/127.0.0.1:64175 - R:localhost/127.0.0.1:26374]' for 'GET' to 'http://localhost:26374/session/541e5fbff23d86bb83d3a1a7e5bf5bb4/screenshot'
12:03:35.378 [Forwarding screenshot on session 541e5fbff23d86bb83d3a1a7e5bf5bb4 to remote] DEBUG org.asynchttpclient.netty.request.NettyRequestSender - Using open Channel [id: 0x5e9e9eb4, L:/127.0.0.1:64175 - R:localhost/127.0.0.1:26374] for GET '/session/541e5fbff23d86bb83d3a1a7e5bf5bb4/screenshot'
12:03:35.566 [AsyncHttpClient-1-1] DEBUG org.asynchttpclient.netty.channel.DefaultChannelPool - Entry count for : http://localhost:64176 : 1
12:03:35.625 [AsyncHttpClient-1-2] DEBUG org.asynchttpclient.netty.handler.HttpHandler - 

Request DefaultFullHttpRequest(decodeResult: success, version: HTTP/1.1, content: EmptyByteBufBE)
GET /session/541e5fbff23d86bb83d3a1a7e5bf5bb4/screenshot HTTP/1.1
User-Agent: selenium/4.6.0 (java windows)
Cache-Control: no-cache
Content-Type: application/json; charset=utf-8
host: localhost:26374
accept: */*

Response DefaultHttpResponse(decodeResult: success, version: HTTP/1.1)
HTTP/1.1 200 OK
Content-Type: application/json; charset=utf-8
cache-control: no-cache
content-length: 698364

12:03:35.630 [AsyncHttpClient-1-2] DEBUG org.asynchttpclient.netty.channel.ChannelManager - Adding key: http://localhost:26374 for channel [id: 0x5e9e9eb4, L:/127.0.0.1:64175 - R:localhost/127.0.0.1:26374]
12:03:35.644 [Test worker] DEBUG net.serenitybdd.core.photography.Darkroom - Send negative for processing for C:\Users\Usuario\Documents\retoAutomatizacion\e2e\RetoDemoBlaze\target\site\serenity\c265d1430a6209799d315b300bde6c3d16329ba25aca6b89896ae457e44d87a0.png
12:03:35.689 [Forwarding getPageSource on session 541e5fbff23d86bb83d3a1a7e5bf5bb4 to remote] DEBUG org.asynchttpclient.netty.request.NettyRequestSender - Using pooled Channel '[id: 0x5e9e9eb4, L:/127.0.0.1:64175 - R:localhost/127.0.0.1:26374]' for 'POST' to 'http://localhost:26374/session/541e5fbff23d86bb83d3a1a7e5bf5bb4/execute/sync'
12:03:35.689 [Forwarding getPageSource on session 541e5fbff23d86bb83d3a1a7e5bf5bb4 to remote] DEBUG org.asynchttpclient.netty.request.NettyRequestSender - Using open Channel [id: 0x5e9e9eb4, L:/127.0.0.1:64175 - R:localhost/127.0.0.1:26374] for POST '/session/541e5fbff23d86bb83d3a1a7e5bf5bb4/execute/sync'
12:03:35.701 [AsyncHttpClient-1-2] DEBUG org.asynchttpclient.netty.handler.HttpHandler - 

Request DefaultHttpRequest(decodeResult: success, version: HTTP/1.1)
POST /session/541e5fbff23d86bb83d3a1a7e5bf5bb4/execute/sync HTTP/1.1
User-Agent: selenium/4.6.0 (java windows)
Content-Length: 176
Content-Type: application/json; charset=utf-8
host: localhost:26374
accept: */*

Response DefaultHttpResponse(decodeResult: success, version: HTTP/1.1)
HTTP/1.1 200 OK
Content-Type: application/json; charset=utf-8
cache-control: no-cache
content-length: 57581

12:03:35.702 [AsyncHttpClient-1-2] DEBUG org.asynchttpclient.netty.channel.ChannelManager - Adding key: http://localhost:26374 for channel [id: 0x5e9e9eb4, L:/127.0.0.1:64175 - R:localhost/127.0.0.1:26374]
12:03:35.713 [Forwarding getCurrentUrl on session 541e5fbff23d86bb83d3a1a7e5bf5bb4 to remote] DEBUG org.asynchttpclient.netty.request.NettyRequestSender - Using pooled Channel '[id: 0x5e9e9eb4, L:/127.0.0.1:64175 - R:localhost/127.0.0.1:26374]' for 'GET' to 'http://localhost:26374/session/541e5fbff23d86bb83d3a1a7e5bf5bb4/url'
12:03:35.714 [Forwarding getCurrentUrl on session 541e5fbff23d86bb83d3a1a7e5bf5bb4 to remote] DEBUG org.asynchttpclient.netty.request.NettyRequestSender - Using open Channel [id: 0x5e9e9eb4, L:/127.0.0.1:64175 - R:localhost/127.0.0.1:26374] for GET '/session/541e5fbff23d86bb83d3a1a7e5bf5bb4/url'
12:03:35.719 [AsyncHttpClient-1-2] DEBUG org.asynchttpclient.netty.handler.HttpHandler - 

Request DefaultFullHttpRequest(decodeResult: success, version: HTTP/1.1, content: EmptyByteBufBE)
GET /session/541e5fbff23d86bb83d3a1a7e5bf5bb4/url HTTP/1.1
User-Agent: selenium/4.6.0 (java windows)
Cache-Control: no-cache
Content-Type: application/json; charset=utf-8
host: localhost:26374
accept: */*

Response DefaultHttpResponse(decodeResult: success, version: HTTP/1.1)
HTTP/1.1 200 OK
Content-Type: application/json; charset=utf-8
cache-control: no-cache
content-length: 38

12:03:35.720 [AsyncHttpClient-1-2] DEBUG org.asynchttpclient.netty.channel.ChannelManager - Adding key: http://localhost:26374 for channel [id: 0x5e9e9eb4, L:/127.0.0.1:64175 - R:localhost/127.0.0.1:26374]
12:03:35.722 [Test worker] DEBUG net.thucydides.core.steps.StepInterceptor - STARTING STEP: demoBlazeStepDefinition.queSoyUnUsuarioRegistradoEnDemoblaze - performAs
12:03:35.833 [Forwarding getCurrentWindowHandle on session 541e5fbff23d86bb83d3a1a7e5bf5bb4 to remote] DEBUG org.asynchttpclient.netty.request.NettyRequestSender - Using pooled Channel '[id: 0x5e9e9eb4, L:/127.0.0.1:64175 - R:localhost/127.0.0.1:26374]' for 'GET' to 'http://localhost:26374/session/541e5fbff23d86bb83d3a1a7e5bf5bb4/window'
12:03:35.833 [Forwarding getCurrentWindowHandle on session 541e5fbff23d86bb83d3a1a7e5bf5bb4 to remote] DEBUG org.asynchttpclient.netty.request.NettyRequestSender - Using open Channel [id: 0x5e9e9eb4, L:/127.0.0.1:64175 - R:localhost/127.0.0.1:26374] for GET '/session/541e5fbff23d86bb83d3a1a7e5bf5bb4/window'
12:03:35.834 [AsyncHttpClient-1-2] DEBUG org.asynchttpclient.netty.handler.HttpHandler - 

Request DefaultFullHttpRequest(decodeResult: success, version: HTTP/1.1, content: EmptyByteBufBE)
GET /session/541e5fbff23d86bb83d3a1a7e5bf5bb4/window HTTP/1.1
User-Agent: selenium/4.6.0 (java windows)
Cache-Control: no-cache
Content-Type: application/json; charset=utf-8
host: localhost:26374
accept: */*

Response DefaultHttpResponse(decodeResult: success, version: HTTP/1.1)
HTTP/1.1 200 OK
Content-Type: application/json; charset=utf-8
cache-control: no-cache
content-length: 44

12:03:35.834 [AsyncHttpClient-1-2] DEBUG org.asynchttpclient.netty.channel.ChannelManager - Adding key: http://localhost:26374 for channel [id: 0x5e9e9eb4, L:/127.0.0.1:64175 - R:localhost/127.0.0.1:26374]
12:03:35.849 [Forwarding getAlertText on session 541e5fbff23d86bb83d3a1a7e5bf5bb4 to remote] DEBUG org.asynchttpclient.netty.request.NettyRequestSender - Using pooled Channel '[id: 0x5e9e9eb4, L:/127.0.0.1:64175 - R:localhost/127.0.0.1:26374]' for 'GET' to 'http://localhost:26374/session/541e5fbff23d86bb83d3a1a7e5bf5bb4/alert/text'
12:03:35.849 [Forwarding getAlertText on session 541e5fbff23d86bb83d3a1a7e5bf5bb4 to remote] DEBUG org.asynchttpclient.netty.request.NettyRequestSender - Using open Channel [id: 0x5e9e9eb4, L:/127.0.0.1:64175 - R:localhost/127.0.0.1:26374] for GET '/session/541e5fbff23d86bb83d3a1a7e5bf5bb4/alert/text'
12:03:35.851 [AsyncHttpClient-1-2] DEBUG org.asynchttpclient.netty.handler.HttpHandler - 

Request DefaultFullHttpRequest(decodeResult: success, version: HTTP/1.1, content: EmptyByteBufBE)
GET /session/541e5fbff23d86bb83d3a1a7e5bf5bb4/alert/text HTTP/1.1
User-Agent: selenium/4.6.0 (java windows)
Cache-Control: no-cache
Content-Type: application/json; charset=utf-8
host: localhost:26374
accept: */*

Response DefaultHttpResponse(decodeResult: success, version: HTTP/1.1)
HTTP/1.1 404 Not Found
Content-Type: application/json; charset=utf-8
cache-control: no-cache
content-length: 848

12:03:35.851 [AsyncHttpClient-1-2] DEBUG org.asynchttpclient.netty.channel.ChannelManager - Adding key: http://localhost:26374 for channel [id: 0x5e9e9eb4, L:/127.0.0.1:64175 - R:localhost/127.0.0.1:26374]
12:03:35.862 [Forwarding switchToWindow on session 541e5fbff23d86bb83d3a1a7e5bf5bb4 to remote] DEBUG org.asynchttpclient.netty.request.NettyRequestSender - Using pooled Channel '[id: 0x5e9e9eb4, L:/127.0.0.1:64175 - R:localhost/127.0.0.1:26374]' for 'POST' to 'http://localhost:26374/session/541e5fbff23d86bb83d3a1a7e5bf5bb4/window'
12:03:35.862 [Forwarding switchToWindow on session 541e5fbff23d86bb83d3a1a7e5bf5bb4 to remote] DEBUG org.asynchttpclient.netty.request.NettyRequestSender - Using open Channel [id: 0x5e9e9eb4, L:/127.0.0.1:64175 - R:localhost/127.0.0.1:26374] for POST '/session/541e5fbff23d86bb83d3a1a7e5bf5bb4/window'
12:03:35.864 [AsyncHttpClient-1-2] DEBUG org.asynchttpclient.netty.handler.HttpHandler - 

Request DefaultHttpRequest(decodeResult: success, version: HTTP/1.1)
POST /session/541e5fbff23d86bb83d3a1a7e5bf5bb4/window HTTP/1.1
User-Agent: selenium/4.6.0 (java windows)
Content-Length: 50
Content-Type: application/json; charset=utf-8
host: localhost:26374
accept: */*

Response DefaultHttpResponse(decodeResult: success, version: HTTP/1.1)
HTTP/1.1 200 OK
Content-Type: application/json; charset=utf-8
cache-control: no-cache
content-length: 14

12:03:35.864 [AsyncHttpClient-1-2] DEBUG org.asynchttpclient.netty.channel.ChannelManager - Adding key: http://localhost:26374 for channel [id: 0x5e9e9eb4, L:/127.0.0.1:64175 - R:localhost/127.0.0.1:26374]
12:03:35.865 [Forwarding getCurrentUrl on session 541e5fbff23d86bb83d3a1a7e5bf5bb4 to remote] DEBUG org.asynchttpclient.netty.request.NettyRequestSender - Using pooled Channel '[id: 0x5e9e9eb4, L:/127.0.0.1:64175 - R:localhost/127.0.0.1:26374]' for 'GET' to 'http://localhost:26374/session/541e5fbff23d86bb83d3a1a7e5bf5bb4/url'
12:03:35.866 [Forwarding getCurrentUrl on session 541e5fbff23d86bb83d3a1a7e5bf5bb4 to remote] DEBUG org.asynchttpclient.netty.request.NettyRequestSender - Using open Channel [id: 0x5e9e9eb4, L:/127.0.0.1:64175 - R:localhost/127.0.0.1:26374] for GET '/session/541e5fbff23d86bb83d3a1a7e5bf5bb4/url'
12:03:35.870 [AsyncHttpClient-1-2] DEBUG org.asynchttpclient.netty.handler.HttpHandler - 

Request DefaultFullHttpRequest(decodeResult: success, version: HTTP/1.1, content: EmptyByteBufBE)
GET /session/541e5fbff23d86bb83d3a1a7e5bf5bb4/url HTTP/1.1
User-Agent: selenium/4.6.0 (java windows)
Cache-Control: no-cache
Content-Type: application/json; charset=utf-8
host: localhost:26374
accept: */*

Response DefaultHttpResponse(decodeResult: success, version: HTTP/1.1)
HTTP/1.1 200 OK
Content-Type: application/json; charset=utf-8
cache-control: no-cache
content-length: 38

12:03:35.871 [AsyncHttpClient-1-2] DEBUG org.asynchttpclient.netty.channel.ChannelManager - Adding key: http://localhost:26374 for channel [id: 0x5e9e9eb4, L:/127.0.0.1:64175 - R:localhost/127.0.0.1:26374]
12:03:35.872 [Forwarding screenshot on session 541e5fbff23d86bb83d3a1a7e5bf5bb4 to remote] DEBUG org.asynchttpclient.netty.request.NettyRequestSender - Using pooled Channel '[id: 0x5e9e9eb4, L:/127.0.0.1:64175 - R:localhost/127.0.0.1:26374]' for 'GET' to 'http://localhost:26374/session/541e5fbff23d86bb83d3a1a7e5bf5bb4/screenshot'
12:03:35.872 [Forwarding screenshot on session 541e5fbff23d86bb83d3a1a7e5bf5bb4 to remote] DEBUG org.asynchttpclient.netty.request.NettyRequestSender - Using open Channel [id: 0x5e9e9eb4, L:/127.0.0.1:64175 - R:localhost/127.0.0.1:26374] for GET '/session/541e5fbff23d86bb83d3a1a7e5bf5bb4/screenshot'
12:03:36.106 [AsyncHttpClient-1-2] DEBUG org.asynchttpclient.netty.handler.HttpHandler - 

Request DefaultFullHttpRequest(decodeResult: success, version: HTTP/1.1, content: EmptyByteBufBE)
GET /session/541e5fbff23d86bb83d3a1a7e5bf5bb4/screenshot HTTP/1.1
User-Agent: selenium/4.6.0 (java windows)
Cache-Control: no-cache
Content-Type: application/json; charset=utf-8
host: localhost:26374
accept: */*

Response DefaultHttpResponse(decodeResult: success, version: HTTP/1.1)
HTTP/1.1 200 OK
Content-Type: application/json; charset=utf-8
cache-control: no-cache
content-length: 698364

12:03:36.108 [AsyncHttpClient-1-2] DEBUG org.asynchttpclient.netty.channel.ChannelManager - Adding key: http://localhost:26374 for channel [id: 0x5e9e9eb4, L:/127.0.0.1:64175 - R:localhost/127.0.0.1:26374]
12:03:36.121 [Test worker] DEBUG net.serenitybdd.core.photography.Darkroom - Send negative for processing for C:\Users\Usuario\Documents\retoAutomatizacion\e2e\RetoDemoBlaze\target\site\serenity\c265d1430a6209799d315b300bde6c3d16329ba25aca6b89896ae457e44d87a0.png
12:03:36.130 [Forwarding getPageSource on session 541e5fbff23d86bb83d3a1a7e5bf5bb4 to remote] DEBUG org.asynchttpclient.netty.request.NettyRequestSender - Using pooled Channel '[id: 0x5e9e9eb4, L:/127.0.0.1:64175 - R:localhost/127.0.0.1:26374]' for 'POST' to 'http://localhost:26374/session/541e5fbff23d86bb83d3a1a7e5bf5bb4/execute/sync'
12:03:36.130 [Forwarding getPageSource on session 541e5fbff23d86bb83d3a1a7e5bf5bb4 to remote] DEBUG org.asynchttpclient.netty.request.NettyRequestSender - Using open Channel [id: 0x5e9e9eb4, L:/127.0.0.1:64175 - R:localhost/127.0.0.1:26374] for POST '/session/541e5fbff23d86bb83d3a1a7e5bf5bb4/execute/sync'
12:03:36.139 [AsyncHttpClient-1-2] DEBUG org.asynchttpclient.netty.handler.HttpHandler - 

Request DefaultHttpRequest(decodeResult: success, version: HTTP/1.1)
POST /session/541e5fbff23d86bb83d3a1a7e5bf5bb4/execute/sync HTTP/1.1
User-Agent: selenium/4.6.0 (java windows)
Content-Length: 176
Content-Type: application/json; charset=utf-8
host: localhost:26374
accept: */*

Response DefaultHttpResponse(decodeResult: success, version: HTTP/1.1)
HTTP/1.1 200 OK
Content-Type: application/json; charset=utf-8
cache-control: no-cache
content-length: 57581

12:03:36.140 [AsyncHttpClient-1-2] DEBUG org.asynchttpclient.netty.channel.ChannelManager - Adding key: http://localhost:26374 for channel [id: 0x5e9e9eb4, L:/127.0.0.1:64175 - R:localhost/127.0.0.1:26374]
12:03:36.163 [Forwarding getCurrentUrl on session 541e5fbff23d86bb83d3a1a7e5bf5bb4 to remote] DEBUG org.asynchttpclient.netty.request.NettyRequestSender - Using pooled Channel '[id: 0x5e9e9eb4, L:/127.0.0.1:64175 - R:localhost/127.0.0.1:26374]' for 'GET' to 'http://localhost:26374/session/541e5fbff23d86bb83d3a1a7e5bf5bb4/url'
12:03:36.163 [Forwarding getCurrentUrl on session 541e5fbff23d86bb83d3a1a7e5bf5bb4 to remote] DEBUG org.asynchttpclient.netty.request.NettyRequestSender - Using open Channel [id: 0x5e9e9eb4, L:/127.0.0.1:64175 - R:localhost/127.0.0.1:26374] for GET '/session/541e5fbff23d86bb83d3a1a7e5bf5bb4/url'
12:03:36.168 [AsyncHttpClient-1-2] DEBUG org.asynchttpclient.netty.handler.HttpHandler - 

Request DefaultFullHttpRequest(decodeResult: success, version: HTTP/1.1, content: EmptyByteBufBE)
GET /session/541e5fbff23d86bb83d3a1a7e5bf5bb4/url HTTP/1.1
User-Agent: selenium/4.6.0 (java windows)
Cache-Control: no-cache
Content-Type: application/json; charset=utf-8
host: localhost:26374
accept: */*

Response DefaultHttpResponse(decodeResult: success, version: HTTP/1.1)
HTTP/1.1 200 OK
Content-Type: application/json; charset=utf-8
cache-control: no-cache
content-length: 38

12:03:36.168 [AsyncHttpClient-1-2] DEBUG org.asynchttpclient.netty.channel.ChannelManager - Adding key: http://localhost:26374 for channel [id: 0x5e9e9eb4, L:/127.0.0.1:64175 - R:localhost/127.0.0.1:26374]
12:03:36.171 [Test worker] DEBUG net.thucydides.core.steps.StepInterceptor - STARTING STEP: Login.performAs - {0} clicks on #target
12:03:36.172 [Test worker] DEBUG net.serenitybdd.screenplay.targets.IFrameSwitcher - default content already selected for Log in
12:03:36.256 [Forwarding findElement on session 541e5fbff23d86bb83d3a1a7e5bf5bb4 to remote] DEBUG org.asynchttpclient.netty.request.NettyRequestSender - Using pooled Channel '[id: 0x5e9e9eb4, L:/127.0.0.1:64175 - R:localhost/127.0.0.1:26374]' for 'POST' to 'http://localhost:26374/session/541e5fbff23d86bb83d3a1a7e5bf5bb4/element'
12:03:36.256 [Forwarding findElement on session 541e5fbff23d86bb83d3a1a7e5bf5bb4 to remote] DEBUG org.asynchttpclient.netty.request.NettyRequestSender - Using open Channel [id: 0x5e9e9eb4, L:/127.0.0.1:64175 - R:localhost/127.0.0.1:26374] for POST '/session/541e5fbff23d86bb83d3a1a7e5bf5bb4/element'
12:03:36.267 [AsyncHttpClient-1-2] DEBUG org.asynchttpclient.netty.handler.HttpHandler - 

Request DefaultHttpRequest(decodeResult: success, version: HTTP/1.1)
POST /session/541e5fbff23d86bb83d3a1a7e5bf5bb4/element HTTP/1.1
User-Agent: selenium/4.6.0 (java windows)
Content-Length: 51
Content-Type: application/json; charset=utf-8
host: localhost:26374
accept: */*

Response DefaultHttpResponse(decodeResult: success, version: HTTP/1.1)
HTTP/1.1 200 OK
Content-Type: application/json; charset=utf-8
cache-control: no-cache
content-length: 95

12:03:36.267 [AsyncHttpClient-1-2] DEBUG org.asynchttpclient.netty.channel.ChannelManager - Adding key: http://localhost:26374 for channel [id: 0x5e9e9eb4, L:/127.0.0.1:64175 - R:localhost/127.0.0.1:26374]
12:03:36.282 [Forwarding isElementDisplayed on session 541e5fbff23d86bb83d3a1a7e5bf5bb4 to remote] DEBUG org.asynchttpclient.netty.request.NettyRequestSender - Using pooled Channel '[id: 0x5e9e9eb4, L:/127.0.0.1:64175 - R:localhost/127.0.0.1:26374]' for 'POST' to 'http://localhost:26374/session/541e5fbff23d86bb83d3a1a7e5bf5bb4/execute/sync'
12:03:36.282 [Forwarding isElementDisplayed on session 541e5fbff23d86bb83d3a1a7e5bf5bb4 to remote] DEBUG org.asynchttpclient.netty.request.NettyRequestSender - Using open Channel [id: 0x5e9e9eb4, L:/127.0.0.1:64175 - R:localhost/127.0.0.1:26374] for POST '/session/541e5fbff23d86bb83d3a1a7e5bf5bb4/execute/sync'
12:03:36.295 [AsyncHttpClient-1-2] DEBUG org.asynchttpclient.netty.handler.HttpHandler - 

Request DefaultHttpRequest(decodeResult: success, version: HTTP/1.1)
POST /session/541e5fbff23d86bb83d3a1a7e5bf5bb4/execute/sync HTTP/1.1
User-Agent: selenium/4.6.0 (java windows)
Content-Length: 48787
Content-Type: application/json; charset=utf-8
host: localhost:26374
accept: */*

Response DefaultHttpResponse(decodeResult: success, version: HTTP/1.1)
HTTP/1.1 200 OK
Content-Type: application/json; charset=utf-8
cache-control: no-cache
content-length: 14

12:03:36.296 [AsyncHttpClient-1-2] DEBUG org.asynchttpclient.netty.channel.ChannelManager - Adding key: http://localhost:26374 for channel [id: 0x5e9e9eb4, L:/127.0.0.1:64175 - R:localhost/127.0.0.1:26374]
12:03:36.330 [Forwarding findElement on session 541e5fbff23d86bb83d3a1a7e5bf5bb4 to remote] DEBUG org.asynchttpclient.netty.request.NettyRequestSender - Using pooled Channel '[id: 0x5e9e9eb4, L:/127.0.0.1:64175 - R:localhost/127.0.0.1:26374]' for 'POST' to 'http://localhost:26374/session/541e5fbff23d86bb83d3a1a7e5bf5bb4/element'
12:03:36.330 [Forwarding findElement on session 541e5fbff23d86bb83d3a1a7e5bf5bb4 to remote] DEBUG org.asynchttpclient.netty.request.NettyRequestSender - Using open Channel [id: 0x5e9e9eb4, L:/127.0.0.1:64175 - R:localhost/127.0.0.1:26374] for POST '/session/541e5fbff23d86bb83d3a1a7e5bf5bb4/element'
12:03:36.342 [AsyncHttpClient-1-2] DEBUG org.asynchttpclient.netty.handler.HttpHandler - 

Request DefaultHttpRequest(decodeResult: success, version: HTTP/1.1)
POST /session/541e5fbff23d86bb83d3a1a7e5bf5bb4/element HTTP/1.1
User-Agent: selenium/4.6.0 (java windows)
Content-Length: 51
Content-Type: application/json; charset=utf-8
host: localhost:26374
accept: */*

Response DefaultHttpResponse(decodeResult: success, version: HTTP/1.1)
HTTP/1.1 200 OK
Content-Type: application/json; charset=utf-8
cache-control: no-cache
content-length: 95

12:03:36.342 [AsyncHttpClient-1-2] DEBUG org.asynchttpclient.netty.channel.ChannelManager - Adding key: http://localhost:26374 for channel [id: 0x5e9e9eb4, L:/127.0.0.1:64175 - R:localhost/127.0.0.1:26374]
12:03:36.343 [Forwarding clickElement on session 541e5fbff23d86bb83d3a1a7e5bf5bb4 to remote] DEBUG org.asynchttpclient.netty.request.NettyRequestSender - Using pooled Channel '[id: 0x5e9e9eb4, L:/127.0.0.1:64175 - R:localhost/127.0.0.1:26374]' for 'POST' to 'http://localhost:26374/session/541e5fbff23d86bb83d3a1a7e5bf5bb4/element/4F1249A60E92E9151E27D39C314C0246_element_68/click'
12:03:36.343 [Forwarding clickElement on session 541e5fbff23d86bb83d3a1a7e5bf5bb4 to remote] DEBUG org.asynchttpclient.netty.request.NettyRequestSender - Using open Channel [id: 0x5e9e9eb4, L:/127.0.0.1:64175 - R:localhost/127.0.0.1:26374] for POST '/session/541e5fbff23d86bb83d3a1a7e5bf5bb4/element/4F1249A60E92E9151E27D39C314C0246_element_68/click'
12:03:36.392 [AsyncHttpClient-1-2] DEBUG org.asynchttpclient.netty.handler.HttpHandler - 

Request DefaultHttpRequest(decodeResult: success, version: HTTP/1.1)
POST /session/541e5fbff23d86bb83d3a1a7e5bf5bb4/element/4F1249A60E92E9151E27D39C314C0246_element_68/click HTTP/1.1
User-Agent: selenium/4.6.0 (java windows)
Content-Length: 57
Content-Type: application/json; charset=utf-8
host: localhost:26374
accept: */*

Response DefaultHttpResponse(decodeResult: success, version: HTTP/1.1)
HTTP/1.1 200 OK
Content-Type: application/json; charset=utf-8
cache-control: no-cache
content-length: 14

12:03:36.392 [AsyncHttpClient-1-2] DEBUG org.asynchttpclient.netty.channel.ChannelManager - Adding key: http://localhost:26374 for channel [id: 0x5e9e9eb4, L:/127.0.0.1:64175 - R:localhost/127.0.0.1:26374]
12:03:36.534 [Forwarding getCurrentWindowHandle on session 541e5fbff23d86bb83d3a1a7e5bf5bb4 to remote] DEBUG org.asynchttpclient.netty.request.NettyRequestSender - Using pooled Channel '[id: 0x5e9e9eb4, L:/127.0.0.1:64175 - R:localhost/127.0.0.1:26374]' for 'GET' to 'http://localhost:26374/session/541e5fbff23d86bb83d3a1a7e5bf5bb4/window'
12:03:36.535 [Forwarding getCurrentWindowHandle on session 541e5fbff23d86bb83d3a1a7e5bf5bb4 to remote] DEBUG org.asynchttpclient.netty.request.NettyRequestSender - Using open Channel [id: 0x5e9e9eb4, L:/127.0.0.1:64175 - R:localhost/127.0.0.1:26374] for GET '/session/541e5fbff23d86bb83d3a1a7e5bf5bb4/window'
12:03:36.540 [AsyncHttpClient-1-2] DEBUG org.asynchttpclient.netty.handler.HttpHandler - 

Request DefaultFullHttpRequest(decodeResult: success, version: HTTP/1.1, content: EmptyByteBufBE)
GET /session/541e5fbff23d86bb83d3a1a7e5bf5bb4/window HTTP/1.1
User-Agent: selenium/4.6.0 (java windows)
Cache-Control: no-cache
Content-Type: application/json; charset=utf-8
host: localhost:26374
accept: */*

Response DefaultHttpResponse(decodeResult: success, version: HTTP/1.1)
HTTP/1.1 200 OK
Content-Type: application/json; charset=utf-8
cache-control: no-cache
content-length: 44

12:03:36.543 [AsyncHttpClient-1-2] DEBUG org.asynchttpclient.netty.channel.ChannelManager - Adding key: http://localhost:26374 for channel [id: 0x5e9e9eb4, L:/127.0.0.1:64175 - R:localhost/127.0.0.1:26374]
12:03:36.583 [Forwarding getAlertText on session 541e5fbff23d86bb83d3a1a7e5bf5bb4 to remote] DEBUG org.asynchttpclient.netty.request.NettyRequestSender - Using pooled Channel '[id: 0x5e9e9eb4, L:/127.0.0.1:64175 - R:localhost/127.0.0.1:26374]' for 'GET' to 'http://localhost:26374/session/541e5fbff23d86bb83d3a1a7e5bf5bb4/alert/text'
12:03:36.584 [Forwarding getAlertText on session 541e5fbff23d86bb83d3a1a7e5bf5bb4 to remote] DEBUG org.asynchttpclient.netty.request.NettyRequestSender - Using open Channel [id: 0x5e9e9eb4, L:/127.0.0.1:64175 - R:localhost/127.0.0.1:26374] for GET '/session/541e5fbff23d86bb83d3a1a7e5bf5bb4/alert/text'
12:03:36.586 [AsyncHttpClient-1-2] DEBUG org.asynchttpclient.netty.handler.HttpHandler - 

Request DefaultFullHttpRequest(decodeResult: success, version: HTTP/1.1, content: EmptyByteBufBE)
GET /session/541e5fbff23d86bb83d3a1a7e5bf5bb4/alert/text HTTP/1.1
User-Agent: selenium/4.6.0 (java windows)
Cache-Control: no-cache
Content-Type: application/json; charset=utf-8
host: localhost:26374
accept: */*

Response DefaultHttpResponse(decodeResult: success, version: HTTP/1.1)
HTTP/1.1 404 Not Found
Content-Type: application/json; charset=utf-8
cache-control: no-cache
content-length: 848

12:03:36.587 [AsyncHttpClient-1-2] DEBUG org.asynchttpclient.netty.channel.ChannelManager - Adding key: http://localhost:26374 for channel [id: 0x5e9e9eb4, L:/127.0.0.1:64175 - R:localhost/127.0.0.1:26374]
12:03:36.601 [Forwarding switchToWindow on session 541e5fbff23d86bb83d3a1a7e5bf5bb4 to remote] DEBUG org.asynchttpclient.netty.request.NettyRequestSender - Using pooled Channel '[id: 0x5e9e9eb4, L:/127.0.0.1:64175 - R:localhost/127.0.0.1:26374]' for 'POST' to 'http://localhost:26374/session/541e5fbff23d86bb83d3a1a7e5bf5bb4/window'
12:03:36.601 [Forwarding switchToWindow on session 541e5fbff23d86bb83d3a1a7e5bf5bb4 to remote] DEBUG org.asynchttpclient.netty.request.NettyRequestSender - Using open Channel [id: 0x5e9e9eb4, L:/127.0.0.1:64175 - R:localhost/127.0.0.1:26374] for POST '/session/541e5fbff23d86bb83d3a1a7e5bf5bb4/window'
12:03:36.605 [AsyncHttpClient-1-2] DEBUG org.asynchttpclient.netty.handler.HttpHandler - 

Request DefaultHttpRequest(decodeResult: success, version: HTTP/1.1)
POST /session/541e5fbff23d86bb83d3a1a7e5bf5bb4/window HTTP/1.1
User-Agent: selenium/4.6.0 (java windows)
Content-Length: 50
Content-Type: application/json; charset=utf-8
host: localhost:26374
accept: */*

Response DefaultHttpResponse(decodeResult: success, version: HTTP/1.1)
HTTP/1.1 200 OK
Content-Type: application/json; charset=utf-8
cache-control: no-cache
content-length: 14

12:03:36.606 [AsyncHttpClient-1-2] DEBUG org.asynchttpclient.netty.channel.ChannelManager - Adding key: http://localhost:26374 for channel [id: 0x5e9e9eb4, L:/127.0.0.1:64175 - R:localhost/127.0.0.1:26374]
12:03:36.610 [Forwarding getCurrentUrl on session 541e5fbff23d86bb83d3a1a7e5bf5bb4 to remote] DEBUG org.asynchttpclient.netty.request.NettyRequestSender - Using pooled Channel '[id: 0x5e9e9eb4, L:/127.0.0.1:64175 - R:localhost/127.0.0.1:26374]' for 'GET' to 'http://localhost:26374/session/541e5fbff23d86bb83d3a1a7e5bf5bb4/url'
12:03:36.612 [Forwarding getCurrentUrl on session 541e5fbff23d86bb83d3a1a7e5bf5bb4 to remote] DEBUG org.asynchttpclient.netty.request.NettyRequestSender - Using open Channel [id: 0x5e9e9eb4, L:/127.0.0.1:64175 - R:localhost/127.0.0.1:26374] for GET '/session/541e5fbff23d86bb83d3a1a7e5bf5bb4/url'
12:03:36.626 [AsyncHttpClient-1-2] DEBUG org.asynchttpclient.netty.handler.HttpHandler - 

Request DefaultFullHttpRequest(decodeResult: success, version: HTTP/1.1, content: EmptyByteBufBE)
GET /session/541e5fbff23d86bb83d3a1a7e5bf5bb4/url HTTP/1.1
User-Agent: selenium/4.6.0 (java windows)
Cache-Control: no-cache
Content-Type: application/json; charset=utf-8
host: localhost:26374
accept: */*

Response DefaultHttpResponse(decodeResult: success, version: HTTP/1.1)
HTTP/1.1 200 OK
Content-Type: application/json; charset=utf-8
cache-control: no-cache
content-length: 38

12:03:36.628 [AsyncHttpClient-1-2] DEBUG org.asynchttpclient.netty.channel.ChannelManager - Adding key: http://localhost:26374 for channel [id: 0x5e9e9eb4, L:/127.0.0.1:64175 - R:localhost/127.0.0.1:26374]
12:03:36.631 [Forwarding screenshot on session 541e5fbff23d86bb83d3a1a7e5bf5bb4 to remote] DEBUG org.asynchttpclient.netty.request.NettyRequestSender - Using pooled Channel '[id: 0x5e9e9eb4, L:/127.0.0.1:64175 - R:localhost/127.0.0.1:26374]' for 'GET' to 'http://localhost:26374/session/541e5fbff23d86bb83d3a1a7e5bf5bb4/screenshot'
12:03:36.631 [Forwarding screenshot on session 541e5fbff23d86bb83d3a1a7e5bf5bb4 to remote] DEBUG org.asynchttpclient.netty.request.NettyRequestSender - Using open Channel [id: 0x5e9e9eb4, L:/127.0.0.1:64175 - R:localhost/127.0.0.1:26374] for GET '/session/541e5fbff23d86bb83d3a1a7e5bf5bb4/screenshot'
12:03:36.668 [AsyncHttpClient-1-1] DEBUG org.asynchttpclient.netty.channel.DefaultChannelPool - Entry count for : http://localhost:64176 : 1
12:03:36.906 [AsyncHttpClient-1-2] DEBUG org.asynchttpclient.netty.handler.HttpHandler - 

Request DefaultFullHttpRequest(decodeResult: success, version: HTTP/1.1, content: EmptyByteBufBE)
GET /session/541e5fbff23d86bb83d3a1a7e5bf5bb4/screenshot HTTP/1.1
User-Agent: selenium/4.6.0 (java windows)
Cache-Control: no-cache
Content-Type: application/json; charset=utf-8
host: localhost:26374
accept: */*

Response DefaultHttpResponse(decodeResult: success, version: HTTP/1.1)
HTTP/1.1 200 OK
Content-Type: application/json; charset=utf-8
cache-control: no-cache
content-length: 484420

12:03:36.908 [AsyncHttpClient-1-2] DEBUG org.asynchttpclient.netty.channel.ChannelManager - Adding key: http://localhost:26374 for channel [id: 0x5e9e9eb4, L:/127.0.0.1:64175 - R:localhost/127.0.0.1:26374]
12:03:36.920 [Test worker] DEBUG net.serenitybdd.core.photography.Darkroom - Send negative for processing for C:\Users\Usuario\Documents\retoAutomatizacion\e2e\RetoDemoBlaze\target\site\serenity\cc6c4120c27bf7e8b74bcf1495b640bfafa93ca144a5ca30fd4d62756a6687a9.png
12:03:36.920 [Darkroom Processing Line] DEBUG net.serenitybdd.core.photography.DarkroomProcessingLine - Processing screenshot image in /var/screenshots/screenshot-11605649373669197564
12:03:36.920 [Darkroom Processing Line] DEBUG net.serenitybdd.core.photography.DarkroomProcessingLine - Saving screenshot to C:\Users\Usuario\Documents\retoAutomatizacion\e2e\RetoDemoBlaze\target\site\serenity\cc6c4120c27bf7e8b74bcf1495b640bfafa93ca144a5ca30fd4d62756a6687a9.png
12:03:36.920 [Test worker] DEBUG net.thucydides.core.steps.StepInterceptor - STEP DONE: {0} clicks on #target
12:03:36.949 [Test worker] DEBUG net.serenitybdd.screenplay.targets.IFrameSwitcher - default content already selected for username
12:03:36.963 [Forwarding findElements on session 541e5fbff23d86bb83d3a1a7e5bf5bb4 to remote] DEBUG org.asynchttpclient.netty.request.NettyRequestSender - Using pooled Channel '[id: 0x5e9e9eb4, L:/127.0.0.1:64175 - R:localhost/127.0.0.1:26374]' for 'POST' to 'http://localhost:26374/session/541e5fbff23d86bb83d3a1a7e5bf5bb4/elements'
12:03:36.963 [Forwarding findElements on session 541e5fbff23d86bb83d3a1a7e5bf5bb4 to remote] DEBUG org.asynchttpclient.netty.request.NettyRequestSender - Using open Channel [id: 0x5e9e9eb4, L:/127.0.0.1:64175 - R:localhost/127.0.0.1:26374] for POST '/session/541e5fbff23d86bb83d3a1a7e5bf5bb4/elements'
12:03:36.972 [AsyncHttpClient-1-2] DEBUG org.asynchttpclient.netty.handler.HttpHandler - 

Request DefaultHttpRequest(decodeResult: success, version: HTTP/1.1)
POST /session/541e5fbff23d86bb83d3a1a7e5bf5bb4/elements HTTP/1.1
User-Agent: selenium/4.6.0 (java windows)
Content-Length: 58
Content-Type: application/json; charset=utf-8
host: localhost:26374
accept: */*

Response DefaultHttpResponse(decodeResult: success, version: HTTP/1.1)
HTTP/1.1 200 OK
Content-Type: application/json; charset=utf-8
cache-control: no-cache
content-length: 97

12:03:36.973 [AsyncHttpClient-1-2] DEBUG org.asynchttpclient.netty.channel.ChannelManager - Adding key: http://localhost:26374 for channel [id: 0x5e9e9eb4, L:/127.0.0.1:64175 - R:localhost/127.0.0.1:26374]
12:03:36.995 [Forwarding isElementDisplayed on session 541e5fbff23d86bb83d3a1a7e5bf5bb4 to remote] DEBUG org.asynchttpclient.netty.request.NettyRequestSender - Using pooled Channel '[id: 0x5e9e9eb4, L:/127.0.0.1:64175 - R:localhost/127.0.0.1:26374]' for 'POST' to 'http://localhost:26374/session/541e5fbff23d86bb83d3a1a7e5bf5bb4/execute/sync'
12:03:36.995 [Forwarding isElementDisplayed on session 541e5fbff23d86bb83d3a1a7e5bf5bb4 to remote] DEBUG org.asynchttpclient.netty.request.NettyRequestSender - Using open Channel [id: 0x5e9e9eb4, L:/127.0.0.1:64175 - R:localhost/127.0.0.1:26374] for POST '/session/541e5fbff23d86bb83d3a1a7e5bf5bb4/execute/sync'
12:03:37.004 [AsyncHttpClient-1-2] DEBUG org.asynchttpclient.netty.handler.HttpHandler - 

Request DefaultHttpRequest(decodeResult: success, version: HTTP/1.1)
POST /session/541e5fbff23d86bb83d3a1a7e5bf5bb4/execute/sync HTTP/1.1
User-Agent: selenium/4.6.0 (java windows)
Content-Length: 48787
Content-Type: application/json; charset=utf-8
host: localhost:26374
accept: */*

Response DefaultHttpResponse(decodeResult: success, version: HTTP/1.1)
HTTP/1.1 200 OK
Content-Type: application/json; charset=utf-8
cache-control: no-cache
content-length: 14

12:03:37.004 [AsyncHttpClient-1-2] DEBUG org.asynchttpclient.netty.channel.ChannelManager - Adding key: http://localhost:26374 for channel [id: 0x5e9e9eb4, L:/127.0.0.1:64175 - R:localhost/127.0.0.1:26374]
12:03:37.007 [Forwarding isElementDisplayed on session 541e5fbff23d86bb83d3a1a7e5bf5bb4 to remote] DEBUG org.asynchttpclient.netty.request.NettyRequestSender - Using pooled Channel '[id: 0x5e9e9eb4, L:/127.0.0.1:64175 - R:localhost/127.0.0.1:26374]' for 'POST' to 'http://localhost:26374/session/541e5fbff23d86bb83d3a1a7e5bf5bb4/execute/sync'
12:03:37.007 [Forwarding isElementDisplayed on session 541e5fbff23d86bb83d3a1a7e5bf5bb4 to remote] DEBUG org.asynchttpclient.netty.request.NettyRequestSender - Using open Channel [id: 0x5e9e9eb4, L:/127.0.0.1:64175 - R:localhost/127.0.0.1:26374] for POST '/session/541e5fbff23d86bb83d3a1a7e5bf5bb4/execute/sync'
12:03:37.013 [AsyncHttpClient-1-2] DEBUG org.asynchttpclient.netty.handler.HttpHandler - 

Request DefaultHttpRequest(decodeResult: success, version: HTTP/1.1)
POST /session/541e5fbff23d86bb83d3a1a7e5bf5bb4/execute/sync HTTP/1.1
User-Agent: selenium/4.6.0 (java windows)
Content-Length: 48787
Content-Type: application/json; charset=utf-8
host: localhost:26374
accept: */*

Response DefaultHttpResponse(decodeResult: success, version: HTTP/1.1)
HTTP/1.1 200 OK
Content-Type: application/json; charset=utf-8
cache-control: no-cache
content-length: 14

12:03:37.013 [AsyncHttpClient-1-2] DEBUG org.asynchttpclient.netty.channel.ChannelManager - Adding key: http://localhost:26374 for channel [id: 0x5e9e9eb4, L:/127.0.0.1:64175 - R:localhost/127.0.0.1:26374]
12:03:37.058 [Forwarding getCurrentWindowHandle on session 541e5fbff23d86bb83d3a1a7e5bf5bb4 to remote] DEBUG org.asynchttpclient.netty.request.NettyRequestSender - Using pooled Channel '[id: 0x5e9e9eb4, L:/127.0.0.1:64175 - R:localhost/127.0.0.1:26374]' for 'GET' to 'http://localhost:26374/session/541e5fbff23d86bb83d3a1a7e5bf5bb4/window'
12:03:37.058 [Forwarding getCurrentWindowHandle on session 541e5fbff23d86bb83d3a1a7e5bf5bb4 to remote] DEBUG org.asynchttpclient.netty.request.NettyRequestSender - Using open Channel [id: 0x5e9e9eb4, L:/127.0.0.1:64175 - R:localhost/127.0.0.1:26374] for GET '/session/541e5fbff23d86bb83d3a1a7e5bf5bb4/window'
12:03:37.059 [AsyncHttpClient-1-2] DEBUG org.asynchttpclient.netty.handler.HttpHandler - 

Request DefaultFullHttpRequest(decodeResult: success, version: HTTP/1.1, content: EmptyByteBufBE)
GET /session/541e5fbff23d86bb83d3a1a7e5bf5bb4/window HTTP/1.1
User-Agent: selenium/4.6.0 (java windows)
Cache-Control: no-cache
Content-Type: application/json; charset=utf-8
host: localhost:26374
accept: */*

Response DefaultHttpResponse(decodeResult: success, version: HTTP/1.1)
HTTP/1.1 200 OK
Content-Type: application/json; charset=utf-8
cache-control: no-cache
content-length: 44

12:03:37.059 [AsyncHttpClient-1-2] DEBUG org.asynchttpclient.netty.channel.ChannelManager - Adding key: http://localhost:26374 for channel [id: 0x5e9e9eb4, L:/127.0.0.1:64175 - R:localhost/127.0.0.1:26374]
12:03:37.071 [Forwarding getAlertText on session 541e5fbff23d86bb83d3a1a7e5bf5bb4 to remote] DEBUG org.asynchttpclient.netty.request.NettyRequestSender - Using pooled Channel '[id: 0x5e9e9eb4, L:/127.0.0.1:64175 - R:localhost/127.0.0.1:26374]' for 'GET' to 'http://localhost:26374/session/541e5fbff23d86bb83d3a1a7e5bf5bb4/alert/text'
12:03:37.071 [Forwarding getAlertText on session 541e5fbff23d86bb83d3a1a7e5bf5bb4 to remote] DEBUG org.asynchttpclient.netty.request.NettyRequestSender - Using open Channel [id: 0x5e9e9eb4, L:/127.0.0.1:64175 - R:localhost/127.0.0.1:26374] for GET '/session/541e5fbff23d86bb83d3a1a7e5bf5bb4/alert/text'
12:03:37.072 [AsyncHttpClient-1-2] DEBUG org.asynchttpclient.netty.handler.HttpHandler - 

Request DefaultFullHttpRequest(decodeResult: success, version: HTTP/1.1, content: EmptyByteBufBE)
GET /session/541e5fbff23d86bb83d3a1a7e5bf5bb4/alert/text HTTP/1.1
User-Agent: selenium/4.6.0 (java windows)
Cache-Control: no-cache
Content-Type: application/json; charset=utf-8
host: localhost:26374
accept: */*

Response DefaultHttpResponse(decodeResult: success, version: HTTP/1.1)
HTTP/1.1 404 Not Found
Content-Type: application/json; charset=utf-8
cache-control: no-cache
content-length: 848

12:03:37.072 [AsyncHttpClient-1-2] DEBUG org.asynchttpclient.netty.channel.ChannelManager - Adding key: http://localhost:26374 for channel [id: 0x5e9e9eb4, L:/127.0.0.1:64175 - R:localhost/127.0.0.1:26374]
12:03:37.089 [Forwarding switchToWindow on session 541e5fbff23d86bb83d3a1a7e5bf5bb4 to remote] DEBUG org.asynchttpclient.netty.request.NettyRequestSender - Using pooled Channel '[id: 0x5e9e9eb4, L:/127.0.0.1:64175 - R:localhost/127.0.0.1:26374]' for 'POST' to 'http://localhost:26374/session/541e5fbff23d86bb83d3a1a7e5bf5bb4/window'
12:03:37.089 [Forwarding switchToWindow on session 541e5fbff23d86bb83d3a1a7e5bf5bb4 to remote] DEBUG org.asynchttpclient.netty.request.NettyRequestSender - Using open Channel [id: 0x5e9e9eb4, L:/127.0.0.1:64175 - R:localhost/127.0.0.1:26374] for POST '/session/541e5fbff23d86bb83d3a1a7e5bf5bb4/window'
12:03:37.091 [AsyncHttpClient-1-2] DEBUG org.asynchttpclient.netty.handler.HttpHandler - 

Request DefaultHttpRequest(decodeResult: success, version: HTTP/1.1)
POST /session/541e5fbff23d86bb83d3a1a7e5bf5bb4/window HTTP/1.1
User-Agent: selenium/4.6.0 (java windows)
Content-Length: 50
Content-Type: application/json; charset=utf-8
host: localhost:26374
accept: */*

Response DefaultHttpResponse(decodeResult: success, version: HTTP/1.1)
HTTP/1.1 200 OK
Content-Type: application/json; charset=utf-8
cache-control: no-cache
content-length: 14

12:03:37.091 [AsyncHttpClient-1-2] DEBUG org.asynchttpclient.netty.channel.ChannelManager - Adding key: http://localhost:26374 for channel [id: 0x5e9e9eb4, L:/127.0.0.1:64175 - R:localhost/127.0.0.1:26374]
12:03:37.092 [Forwarding getCurrentUrl on session 541e5fbff23d86bb83d3a1a7e5bf5bb4 to remote] DEBUG org.asynchttpclient.netty.request.NettyRequestSender - Using pooled Channel '[id: 0x5e9e9eb4, L:/127.0.0.1:64175 - R:localhost/127.0.0.1:26374]' for 'GET' to 'http://localhost:26374/session/541e5fbff23d86bb83d3a1a7e5bf5bb4/url'
12:03:37.092 [Forwarding getCurrentUrl on session 541e5fbff23d86bb83d3a1a7e5bf5bb4 to remote] DEBUG org.asynchttpclient.netty.request.NettyRequestSender - Using open Channel [id: 0x5e9e9eb4, L:/127.0.0.1:64175 - R:localhost/127.0.0.1:26374] for GET '/session/541e5fbff23d86bb83d3a1a7e5bf5bb4/url'
12:03:37.095 [AsyncHttpClient-1-2] DEBUG org.asynchttpclient.netty.handler.HttpHandler - 

Request DefaultFullHttpRequest(decodeResult: success, version: HTTP/1.1, content: EmptyByteBufBE)
GET /session/541e5fbff23d86bb83d3a1a7e5bf5bb4/url HTTP/1.1
User-Agent: selenium/4.6.0 (java windows)
Cache-Control: no-cache
Content-Type: application/json; charset=utf-8
host: localhost:26374
accept: */*

Response DefaultHttpResponse(decodeResult: success, version: HTTP/1.1)
HTTP/1.1 200 OK
Content-Type: application/json; charset=utf-8
cache-control: no-cache
content-length: 38

12:03:37.095 [AsyncHttpClient-1-2] DEBUG org.asynchttpclient.netty.channel.ChannelManager - Adding key: http://localhost:26374 for channel [id: 0x5e9e9eb4, L:/127.0.0.1:64175 - R:localhost/127.0.0.1:26374]
12:03:37.096 [Forwarding screenshot on session 541e5fbff23d86bb83d3a1a7e5bf5bb4 to remote] DEBUG org.asynchttpclient.netty.request.NettyRequestSender - Using pooled Channel '[id: 0x5e9e9eb4, L:/127.0.0.1:64175 - R:localhost/127.0.0.1:26374]' for 'GET' to 'http://localhost:26374/session/541e5fbff23d86bb83d3a1a7e5bf5bb4/screenshot'
12:03:37.096 [Forwarding screenshot on session 541e5fbff23d86bb83d3a1a7e5bf5bb4 to remote] DEBUG org.asynchttpclient.netty.request.NettyRequestSender - Using open Channel [id: 0x5e9e9eb4, L:/127.0.0.1:64175 - R:localhost/127.0.0.1:26374] for GET '/session/541e5fbff23d86bb83d3a1a7e5bf5bb4/screenshot'
12:03:37.286 [AsyncHttpClient-1-2] DEBUG org.asynchttpclient.netty.handler.HttpHandler - 

Request DefaultFullHttpRequest(decodeResult: success, version: HTTP/1.1, content: EmptyByteBufBE)
GET /session/541e5fbff23d86bb83d3a1a7e5bf5bb4/screenshot HTTP/1.1
User-Agent: selenium/4.6.0 (java windows)
Cache-Control: no-cache
Content-Type: application/json; charset=utf-8
host: localhost:26374
accept: */*

Response DefaultHttpResponse(decodeResult: success, version: HTTP/1.1)
HTTP/1.1 200 OK
Content-Type: application/json; charset=utf-8
cache-control: no-cache
content-length: 418976

12:03:37.289 [AsyncHttpClient-1-2] DEBUG org.asynchttpclient.netty.channel.ChannelManager - Adding key: http://localhost:26374 for channel [id: 0x5e9e9eb4, L:/127.0.0.1:64175 - R:localhost/127.0.0.1:26374]
12:03:37.296 [Test worker] DEBUG net.serenitybdd.core.photography.Darkroom - Send negative for processing for C:\Users\Usuario\Documents\retoAutomatizacion\e2e\RetoDemoBlaze\target\site\serenity\27f2a7962e608f9f39b81ca8d0eb20507bdbf72fcbcc90eb5672854036acc04c.png
12:03:37.296 [Darkroom Processing Line] DEBUG net.serenitybdd.core.photography.DarkroomProcessingLine - Processing screenshot image in /var/screenshots/screenshot-4515465422142093043
12:03:37.296 [Darkroom Processing Line] DEBUG net.serenitybdd.core.photography.DarkroomProcessingLine - Saving screenshot to C:\Users\Usuario\Documents\retoAutomatizacion\e2e\RetoDemoBlaze\target\site\serenity\27f2a7962e608f9f39b81ca8d0eb20507bdbf72fcbcc90eb5672854036acc04c.png
12:03:37.309 [Forwarding getPageSource on session 541e5fbff23d86bb83d3a1a7e5bf5bb4 to remote] DEBUG org.asynchttpclient.netty.request.NettyRequestSender - Using pooled Channel '[id: 0x5e9e9eb4, L:/127.0.0.1:64175 - R:localhost/127.0.0.1:26374]' for 'POST' to 'http://localhost:26374/session/541e5fbff23d86bb83d3a1a7e5bf5bb4/execute/sync'
12:03:37.309 [Forwarding getPageSource on session 541e5fbff23d86bb83d3a1a7e5bf5bb4 to remote] DEBUG org.asynchttpclient.netty.request.NettyRequestSender - Using open Channel [id: 0x5e9e9eb4, L:/127.0.0.1:64175 - R:localhost/127.0.0.1:26374] for POST '/session/541e5fbff23d86bb83d3a1a7e5bf5bb4/execute/sync'
12:03:37.317 [AsyncHttpClient-1-2] DEBUG org.asynchttpclient.netty.handler.HttpHandler - 

Request DefaultHttpRequest(decodeResult: success, version: HTTP/1.1)
POST /session/541e5fbff23d86bb83d3a1a7e5bf5bb4/execute/sync HTTP/1.1
User-Agent: selenium/4.6.0 (java windows)
Content-Length: 176
Content-Type: application/json; charset=utf-8
host: localhost:26374
accept: */*

Response DefaultHttpResponse(decodeResult: success, version: HTTP/1.1)
HTTP/1.1 200 OK
Content-Type: application/json; charset=utf-8
cache-control: no-cache
content-length: 57699

12:03:37.317 [AsyncHttpClient-1-2] DEBUG org.asynchttpclient.netty.channel.ChannelManager - Adding key: http://localhost:26374 for channel [id: 0x5e9e9eb4, L:/127.0.0.1:64175 - R:localhost/127.0.0.1:26374]
12:03:37.324 [Forwarding getCurrentUrl on session 541e5fbff23d86bb83d3a1a7e5bf5bb4 to remote] DEBUG org.asynchttpclient.netty.request.NettyRequestSender - Using pooled Channel '[id: 0x5e9e9eb4, L:/127.0.0.1:64175 - R:localhost/127.0.0.1:26374]' for 'GET' to 'http://localhost:26374/session/541e5fbff23d86bb83d3a1a7e5bf5bb4/url'
12:03:37.325 [Forwarding getCurrentUrl on session 541e5fbff23d86bb83d3a1a7e5bf5bb4 to remote] DEBUG org.asynchttpclient.netty.request.NettyRequestSender - Using open Channel [id: 0x5e9e9eb4, L:/127.0.0.1:64175 - R:localhost/127.0.0.1:26374] for GET '/session/541e5fbff23d86bb83d3a1a7e5bf5bb4/url'
12:03:37.328 [AsyncHttpClient-1-2] DEBUG org.asynchttpclient.netty.handler.HttpHandler - 

Request DefaultFullHttpRequest(decodeResult: success, version: HTTP/1.1, content: EmptyByteBufBE)
GET /session/541e5fbff23d86bb83d3a1a7e5bf5bb4/url HTTP/1.1
User-Agent: selenium/4.6.0 (java windows)
Cache-Control: no-cache
Content-Type: application/json; charset=utf-8
host: localhost:26374
accept: */*

Response DefaultHttpResponse(decodeResult: success, version: HTTP/1.1)
HTTP/1.1 200 OK
Content-Type: application/json; charset=utf-8
cache-control: no-cache
content-length: 38

12:03:37.329 [AsyncHttpClient-1-2] DEBUG org.asynchttpclient.netty.channel.ChannelManager - Adding key: http://localhost:26374 for channel [id: 0x5e9e9eb4, L:/127.0.0.1:64175 - R:localhost/127.0.0.1:26374]
12:03:37.332 [Test worker] DEBUG net.thucydides.core.steps.StepInterceptor - STARTING STEP: Login.performAs - {0} enters #theTextAsAString into #target
12:03:37.348 [Test worker] DEBUG net.serenitybdd.screenplay.targets.IFrameSwitcher - default content already selected for username
12:03:37.377 [Forwarding findElement on session 541e5fbff23d86bb83d3a1a7e5bf5bb4 to remote] DEBUG org.asynchttpclient.netty.request.NettyRequestSender - Using pooled Channel '[id: 0x5e9e9eb4, L:/127.0.0.1:64175 - R:localhost/127.0.0.1:26374]' for 'POST' to 'http://localhost:26374/session/541e5fbff23d86bb83d3a1a7e5bf5bb4/element'
12:03:37.377 [Forwarding findElement on session 541e5fbff23d86bb83d3a1a7e5bf5bb4 to remote] DEBUG org.asynchttpclient.netty.request.NettyRequestSender - Using open Channel [id: 0x5e9e9eb4, L:/127.0.0.1:64175 - R:localhost/127.0.0.1:26374] for POST '/session/541e5fbff23d86bb83d3a1a7e5bf5bb4/element'
12:03:37.388 [AsyncHttpClient-1-2] DEBUG org.asynchttpclient.netty.handler.HttpHandler - 

Request DefaultHttpRequest(decodeResult: success, version: HTTP/1.1)
POST /session/541e5fbff23d86bb83d3a1a7e5bf5bb4/element HTTP/1.1
User-Agent: selenium/4.6.0 (java windows)
Content-Length: 58
Content-Type: application/json; charset=utf-8
host: localhost:26374
accept: */*

Response DefaultHttpResponse(decodeResult: success, version: HTTP/1.1)
HTTP/1.1 200 OK
Content-Type: application/json; charset=utf-8
cache-control: no-cache
content-length: 95

12:03:37.388 [AsyncHttpClient-1-2] DEBUG org.asynchttpclient.netty.channel.ChannelManager - Adding key: http://localhost:26374 for channel [id: 0x5e9e9eb4, L:/127.0.0.1:64175 - R:localhost/127.0.0.1:26374]
12:03:37.390 [Forwarding clearElement on session 541e5fbff23d86bb83d3a1a7e5bf5bb4 to remote] DEBUG org.asynchttpclient.netty.request.NettyRequestSender - Using pooled Channel '[id: 0x5e9e9eb4, L:/127.0.0.1:64175 - R:localhost/127.0.0.1:26374]' for 'POST' to 'http://localhost:26374/session/541e5fbff23d86bb83d3a1a7e5bf5bb4/element/4F1249A60E92E9151E27D39C314C0246_element_70/clear'
12:03:37.390 [Forwarding clearElement on session 541e5fbff23d86bb83d3a1a7e5bf5bb4 to remote] DEBUG org.asynchttpclient.netty.request.NettyRequestSender - Using open Channel [id: 0x5e9e9eb4, L:/127.0.0.1:64175 - R:localhost/127.0.0.1:26374] for POST '/session/541e5fbff23d86bb83d3a1a7e5bf5bb4/element/4F1249A60E92E9151E27D39C314C0246_element_70/clear'
12:03:37.412 [AsyncHttpClient-1-2] DEBUG org.asynchttpclient.netty.handler.HttpHandler - 

Request DefaultHttpRequest(decodeResult: success, version: HTTP/1.1)
POST /session/541e5fbff23d86bb83d3a1a7e5bf5bb4/element/4F1249A60E92E9151E27D39C314C0246_element_70/clear HTTP/1.1
User-Agent: selenium/4.6.0 (java windows)
Content-Length: 57
Content-Type: application/json; charset=utf-8
host: localhost:26374
accept: */*

Response DefaultHttpResponse(decodeResult: success, version: HTTP/1.1)
HTTP/1.1 200 OK
Content-Type: application/json; charset=utf-8
cache-control: no-cache
content-length: 14

12:03:37.412 [AsyncHttpClient-1-2] DEBUG org.asynchttpclient.netty.channel.ChannelManager - Adding key: http://localhost:26374 for channel [id: 0x5e9e9eb4, L:/127.0.0.1:64175 - R:localhost/127.0.0.1:26374]
12:03:37.420 [Forwarding sendKeysToElement on session 541e5fbff23d86bb83d3a1a7e5bf5bb4 to remote] DEBUG org.asynchttpclient.netty.request.NettyRequestSender - Using pooled Channel '[id: 0x5e9e9eb4, L:/127.0.0.1:64175 - R:localhost/127.0.0.1:26374]' for 'POST' to 'http://localhost:26374/session/541e5fbff23d86bb83d3a1a7e5bf5bb4/element/4F1249A60E92E9151E27D39C314C0246_element_70/value'
12:03:37.420 [Forwarding sendKeysToElement on session 541e5fbff23d86bb83d3a1a7e5bf5bb4 to remote] DEBUG org.asynchttpclient.netty.request.NettyRequestSender - Using open Channel [id: 0x5e9e9eb4, L:/127.0.0.1:64175 - R:localhost/127.0.0.1:26374] for POST '/session/541e5fbff23d86bb83d3a1a7e5bf5bb4/element/4F1249A60E92E9151E27D39C314C0246_element_70/value'
12:03:37.498 [AsyncHttpClient-1-2] DEBUG org.asynchttpclient.netty.handler.HttpHandler - 

Request DefaultHttpRequest(decodeResult: success, version: HTTP/1.1)
POST /session/541e5fbff23d86bb83d3a1a7e5bf5bb4/element/4F1249A60E92E9151E27D39C314C0246_element_70/value HTTP/1.1
User-Agent: selenium/4.6.0 (java windows)
Content-Length: 208
Content-Type: application/json; charset=utf-8
host: localhost:26374
accept: */*

Response DefaultHttpResponse(decodeResult: success, version: HTTP/1.1)
HTTP/1.1 200 OK
Content-Type: application/json; charset=utf-8
cache-control: no-cache
content-length: 14

12:03:37.498 [AsyncHttpClient-1-2] DEBUG org.asynchttpclient.netty.channel.ChannelManager - Adding key: http://localhost:26374 for channel [id: 0x5e9e9eb4, L:/127.0.0.1:64175 - R:localhost/127.0.0.1:26374]
12:03:37.545 [Forwarding getCurrentWindowHandle on session 541e5fbff23d86bb83d3a1a7e5bf5bb4 to remote] DEBUG org.asynchttpclient.netty.request.NettyRequestSender - Using pooled Channel '[id: 0x5e9e9eb4, L:/127.0.0.1:64175 - R:localhost/127.0.0.1:26374]' for 'GET' to 'http://localhost:26374/session/541e5fbff23d86bb83d3a1a7e5bf5bb4/window'
12:03:37.545 [Forwarding getCurrentWindowHandle on session 541e5fbff23d86bb83d3a1a7e5bf5bb4 to remote] DEBUG org.asynchttpclient.netty.request.NettyRequestSender - Using open Channel [id: 0x5e9e9eb4, L:/127.0.0.1:64175 - R:localhost/127.0.0.1:26374] for GET '/session/541e5fbff23d86bb83d3a1a7e5bf5bb4/window'
12:03:37.546 [AsyncHttpClient-1-2] DEBUG org.asynchttpclient.netty.handler.HttpHandler - 

Request DefaultFullHttpRequest(decodeResult: success, version: HTTP/1.1, content: EmptyByteBufBE)
GET /session/541e5fbff23d86bb83d3a1a7e5bf5bb4/window HTTP/1.1
User-Agent: selenium/4.6.0 (java windows)
Cache-Control: no-cache
Content-Type: application/json; charset=utf-8
host: localhost:26374
accept: */*

Response DefaultHttpResponse(decodeResult: success, version: HTTP/1.1)
HTTP/1.1 200 OK
Content-Type: application/json; charset=utf-8
cache-control: no-cache
content-length: 44

12:03:37.547 [AsyncHttpClient-1-2] DEBUG org.asynchttpclient.netty.channel.ChannelManager - Adding key: http://localhost:26374 for channel [id: 0x5e9e9eb4, L:/127.0.0.1:64175 - R:localhost/127.0.0.1:26374]
12:03:37.556 [Forwarding getAlertText on session 541e5fbff23d86bb83d3a1a7e5bf5bb4 to remote] DEBUG org.asynchttpclient.netty.request.NettyRequestSender - Using pooled Channel '[id: 0x5e9e9eb4, L:/127.0.0.1:64175 - R:localhost/127.0.0.1:26374]' for 'GET' to 'http://localhost:26374/session/541e5fbff23d86bb83d3a1a7e5bf5bb4/alert/text'
12:03:37.557 [Forwarding getAlertText on session 541e5fbff23d86bb83d3a1a7e5bf5bb4 to remote] DEBUG org.asynchttpclient.netty.request.NettyRequestSender - Using open Channel [id: 0x5e9e9eb4, L:/127.0.0.1:64175 - R:localhost/127.0.0.1:26374] for GET '/session/541e5fbff23d86bb83d3a1a7e5bf5bb4/alert/text'
12:03:37.558 [AsyncHttpClient-1-2] DEBUG org.asynchttpclient.netty.handler.HttpHandler - 

Request DefaultFullHttpRequest(decodeResult: success, version: HTTP/1.1, content: EmptyByteBufBE)
GET /session/541e5fbff23d86bb83d3a1a7e5bf5bb4/alert/text HTTP/1.1
User-Agent: selenium/4.6.0 (java windows)
Cache-Control: no-cache
Content-Type: application/json; charset=utf-8
host: localhost:26374
accept: */*

Response DefaultHttpResponse(decodeResult: success, version: HTTP/1.1)
HTTP/1.1 404 Not Found
Content-Type: application/json; charset=utf-8
cache-control: no-cache
content-length: 848

12:03:37.558 [AsyncHttpClient-1-2] DEBUG org.asynchttpclient.netty.channel.ChannelManager - Adding key: http://localhost:26374 for channel [id: 0x5e9e9eb4, L:/127.0.0.1:64175 - R:localhost/127.0.0.1:26374]
12:03:37.589 [Forwarding switchToWindow on session 541e5fbff23d86bb83d3a1a7e5bf5bb4 to remote] DEBUG org.asynchttpclient.netty.request.NettyRequestSender - Using pooled Channel '[id: 0x5e9e9eb4, L:/127.0.0.1:64175 - R:localhost/127.0.0.1:26374]' for 'POST' to 'http://localhost:26374/session/541e5fbff23d86bb83d3a1a7e5bf5bb4/window'
12:03:37.590 [Forwarding switchToWindow on session 541e5fbff23d86bb83d3a1a7e5bf5bb4 to remote] DEBUG org.asynchttpclient.netty.request.NettyRequestSender - Using open Channel [id: 0x5e9e9eb4, L:/127.0.0.1:64175 - R:localhost/127.0.0.1:26374] for POST '/session/541e5fbff23d86bb83d3a1a7e5bf5bb4/window'
12:03:37.592 [AsyncHttpClient-1-2] DEBUG org.asynchttpclient.netty.handler.HttpHandler - 

Request DefaultHttpRequest(decodeResult: success, version: HTTP/1.1)
POST /session/541e5fbff23d86bb83d3a1a7e5bf5bb4/window HTTP/1.1
User-Agent: selenium/4.6.0 (java windows)
Content-Length: 50
Content-Type: application/json; charset=utf-8
host: localhost:26374
accept: */*

Response DefaultHttpResponse(decodeResult: success, version: HTTP/1.1)
HTTP/1.1 200 OK
Content-Type: application/json; charset=utf-8
cache-control: no-cache
content-length: 14

12:03:37.592 [AsyncHttpClient-1-2] DEBUG org.asynchttpclient.netty.channel.ChannelManager - Adding key: http://localhost:26374 for channel [id: 0x5e9e9eb4, L:/127.0.0.1:64175 - R:localhost/127.0.0.1:26374]
12:03:37.593 [Forwarding getCurrentUrl on session 541e5fbff23d86bb83d3a1a7e5bf5bb4 to remote] DEBUG org.asynchttpclient.netty.request.NettyRequestSender - Using pooled Channel '[id: 0x5e9e9eb4, L:/127.0.0.1:64175 - R:localhost/127.0.0.1:26374]' for 'GET' to 'http://localhost:26374/session/541e5fbff23d86bb83d3a1a7e5bf5bb4/url'
12:03:37.593 [Forwarding getCurrentUrl on session 541e5fbff23d86bb83d3a1a7e5bf5bb4 to remote] DEBUG org.asynchttpclient.netty.request.NettyRequestSender - Using open Channel [id: 0x5e9e9eb4, L:/127.0.0.1:64175 - R:localhost/127.0.0.1:26374] for GET '/session/541e5fbff23d86bb83d3a1a7e5bf5bb4/url'
12:03:37.600 [AsyncHttpClient-1-2] DEBUG org.asynchttpclient.netty.handler.HttpHandler - 

Request DefaultFullHttpRequest(decodeResult: success, version: HTTP/1.1, content: EmptyByteBufBE)
GET /session/541e5fbff23d86bb83d3a1a7e5bf5bb4/url HTTP/1.1
User-Agent: selenium/4.6.0 (java windows)
Cache-Control: no-cache
Content-Type: application/json; charset=utf-8
host: localhost:26374
accept: */*

Response DefaultHttpResponse(decodeResult: success, version: HTTP/1.1)
HTTP/1.1 200 OK
Content-Type: application/json; charset=utf-8
cache-control: no-cache
content-length: 38

12:03:37.601 [AsyncHttpClient-1-2] DEBUG org.asynchttpclient.netty.channel.ChannelManager - Adding key: http://localhost:26374 for channel [id: 0x5e9e9eb4, L:/127.0.0.1:64175 - R:localhost/127.0.0.1:26374]
12:03:37.603 [Forwarding screenshot on session 541e5fbff23d86bb83d3a1a7e5bf5bb4 to remote] DEBUG org.asynchttpclient.netty.request.NettyRequestSender - Using pooled Channel '[id: 0x5e9e9eb4, L:/127.0.0.1:64175 - R:localhost/127.0.0.1:26374]' for 'GET' to 'http://localhost:26374/session/541e5fbff23d86bb83d3a1a7e5bf5bb4/screenshot'
12:03:37.603 [Forwarding screenshot on session 541e5fbff23d86bb83d3a1a7e5bf5bb4 to remote] DEBUG org.asynchttpclient.netty.request.NettyRequestSender - Using open Channel [id: 0x5e9e9eb4, L:/127.0.0.1:64175 - R:localhost/127.0.0.1:26374] for GET '/session/541e5fbff23d86bb83d3a1a7e5bf5bb4/screenshot'
12:03:37.763 [AsyncHttpClient-1-1] DEBUG org.asynchttpclient.netty.channel.DefaultChannelPool - Entry count for : http://localhost:64176 : 1
12:03:37.802 [AsyncHttpClient-1-2] DEBUG org.asynchttpclient.netty.handler.HttpHandler - 

Request DefaultFullHttpRequest(decodeResult: success, version: HTTP/1.1, content: EmptyByteBufBE)
GET /session/541e5fbff23d86bb83d3a1a7e5bf5bb4/screenshot HTTP/1.1
User-Agent: selenium/4.6.0 (java windows)
Cache-Control: no-cache
Content-Type: application/json; charset=utf-8
host: localhost:26374
accept: */*

Response DefaultHttpResponse(decodeResult: success, version: HTTP/1.1)
HTTP/1.1 200 OK
Content-Type: application/json; charset=utf-8
cache-control: no-cache
content-length: 421540

12:03:37.804 [AsyncHttpClient-1-2] DEBUG org.asynchttpclient.netty.channel.ChannelManager - Adding key: http://localhost:26374 for channel [id: 0x5e9e9eb4, L:/127.0.0.1:64175 - R:localhost/127.0.0.1:26374]
12:03:37.811 [Test worker] DEBUG net.serenitybdd.core.photography.Darkroom - Send negative for processing for C:\Users\Usuario\Documents\retoAutomatizacion\e2e\RetoDemoBlaze\target\site\serenity\d723c932d4aead1217907d27875a1e0857f84bb46b5c89c0915ac317e009e10b.png
12:03:37.811 [Test worker] DEBUG net.thucydides.core.steps.StepInterceptor - STEP DONE: {0} enters #theTextAsAString into #target
12:03:37.811 [Darkroom Processing Line] DEBUG net.serenitybdd.core.photography.DarkroomProcessingLine - Processing screenshot image in /var/screenshots/screenshot-10882549579045518079
12:03:37.811 [Darkroom Processing Line] DEBUG net.serenitybdd.core.photography.DarkroomProcessingLine - Saving screenshot to C:\Users\Usuario\Documents\retoAutomatizacion\e2e\RetoDemoBlaze\target\site\serenity\d723c932d4aead1217907d27875a1e0857f84bb46b5c89c0915ac317e009e10b.png
12:03:37.830 [Test worker] DEBUG net.serenitybdd.screenplay.targets.IFrameSwitcher - default content already selected for password
12:03:37.839 [Forwarding findElements on session 541e5fbff23d86bb83d3a1a7e5bf5bb4 to remote] DEBUG org.asynchttpclient.netty.request.NettyRequestSender - Using pooled Channel '[id: 0x5e9e9eb4, L:/127.0.0.1:64175 - R:localhost/127.0.0.1:26374]' for 'POST' to 'http://localhost:26374/session/541e5fbff23d86bb83d3a1a7e5bf5bb4/elements'
12:03:37.839 [Forwarding findElements on session 541e5fbff23d86bb83d3a1a7e5bf5bb4 to remote] DEBUG org.asynchttpclient.netty.request.NettyRequestSender - Using open Channel [id: 0x5e9e9eb4, L:/127.0.0.1:64175 - R:localhost/127.0.0.1:26374] for POST '/session/541e5fbff23d86bb83d3a1a7e5bf5bb4/elements'
12:03:37.849 [AsyncHttpClient-1-2] DEBUG org.asynchttpclient.netty.handler.HttpHandler - 

Request DefaultHttpRequest(decodeResult: success, version: HTTP/1.1)
POST /session/541e5fbff23d86bb83d3a1a7e5bf5bb4/elements HTTP/1.1
User-Agent: selenium/4.6.0 (java windows)
Content-Length: 58
Content-Type: application/json; charset=utf-8
host: localhost:26374
accept: */*

Response DefaultHttpResponse(decodeResult: success, version: HTTP/1.1)
HTTP/1.1 200 OK
Content-Type: application/json; charset=utf-8
cache-control: no-cache
content-length: 97

12:03:37.849 [AsyncHttpClient-1-2] DEBUG org.asynchttpclient.netty.channel.ChannelManager - Adding key: http://localhost:26374 for channel [id: 0x5e9e9eb4, L:/127.0.0.1:64175 - R:localhost/127.0.0.1:26374]
12:03:37.880 [Forwarding isElementDisplayed on session 541e5fbff23d86bb83d3a1a7e5bf5bb4 to remote] DEBUG org.asynchttpclient.netty.request.NettyRequestSender - Using pooled Channel '[id: 0x5e9e9eb4, L:/127.0.0.1:64175 - R:localhost/127.0.0.1:26374]' for 'POST' to 'http://localhost:26374/session/541e5fbff23d86bb83d3a1a7e5bf5bb4/execute/sync'
12:03:37.881 [Forwarding isElementDisplayed on session 541e5fbff23d86bb83d3a1a7e5bf5bb4 to remote] DEBUG org.asynchttpclient.netty.request.NettyRequestSender - Using open Channel [id: 0x5e9e9eb4, L:/127.0.0.1:64175 - R:localhost/127.0.0.1:26374] for POST '/session/541e5fbff23d86bb83d3a1a7e5bf5bb4/execute/sync'
12:03:37.892 [AsyncHttpClient-1-2] DEBUG org.asynchttpclient.netty.handler.HttpHandler - 

Request DefaultHttpRequest(decodeResult: success, version: HTTP/1.1)
POST /session/541e5fbff23d86bb83d3a1a7e5bf5bb4/execute/sync HTTP/1.1
User-Agent: selenium/4.6.0 (java windows)
Content-Length: 48787
Content-Type: application/json; charset=utf-8
host: localhost:26374
accept: */*

Response DefaultHttpResponse(decodeResult: success, version: HTTP/1.1)
HTTP/1.1 200 OK
Content-Type: application/json; charset=utf-8
cache-control: no-cache
content-length: 14

12:03:37.892 [AsyncHttpClient-1-2] DEBUG org.asynchttpclient.netty.channel.ChannelManager - Adding key: http://localhost:26374 for channel [id: 0x5e9e9eb4, L:/127.0.0.1:64175 - R:localhost/127.0.0.1:26374]
12:03:37.895 [Forwarding isElementDisplayed on session 541e5fbff23d86bb83d3a1a7e5bf5bb4 to remote] DEBUG org.asynchttpclient.netty.request.NettyRequestSender - Using pooled Channel '[id: 0x5e9e9eb4, L:/127.0.0.1:64175 - R:localhost/127.0.0.1:26374]' for 'POST' to 'http://localhost:26374/session/541e5fbff23d86bb83d3a1a7e5bf5bb4/execute/sync'
12:03:37.895 [Forwarding isElementDisplayed on session 541e5fbff23d86bb83d3a1a7e5bf5bb4 to remote] DEBUG org.asynchttpclient.netty.request.NettyRequestSender - Using open Channel [id: 0x5e9e9eb4, L:/127.0.0.1:64175 - R:localhost/127.0.0.1:26374] for POST '/session/541e5fbff23d86bb83d3a1a7e5bf5bb4/execute/sync'
12:03:37.904 [AsyncHttpClient-1-2] DEBUG org.asynchttpclient.netty.handler.HttpHandler - 

Request DefaultHttpRequest(decodeResult: success, version: HTTP/1.1)
POST /session/541e5fbff23d86bb83d3a1a7e5bf5bb4/execute/sync HTTP/1.1
User-Agent: selenium/4.6.0 (java windows)
Content-Length: 48787
Content-Type: application/json; charset=utf-8
host: localhost:26374
accept: */*

Response DefaultHttpResponse(decodeResult: success, version: HTTP/1.1)
HTTP/1.1 200 OK
Content-Type: application/json; charset=utf-8
cache-control: no-cache
content-length: 14

12:03:37.904 [AsyncHttpClient-1-2] DEBUG org.asynchttpclient.netty.channel.ChannelManager - Adding key: http://localhost:26374 for channel [id: 0x5e9e9eb4, L:/127.0.0.1:64175 - R:localhost/127.0.0.1:26374]
12:03:37.971 [Forwarding getCurrentWindowHandle on session 541e5fbff23d86bb83d3a1a7e5bf5bb4 to remote] DEBUG org.asynchttpclient.netty.request.NettyRequestSender - Using pooled Channel '[id: 0x5e9e9eb4, L:/127.0.0.1:64175 - R:localhost/127.0.0.1:26374]' for 'GET' to 'http://localhost:26374/session/541e5fbff23d86bb83d3a1a7e5bf5bb4/window'
12:03:37.971 [Forwarding getCurrentWindowHandle on session 541e5fbff23d86bb83d3a1a7e5bf5bb4 to remote] DEBUG org.asynchttpclient.netty.request.NettyRequestSender - Using open Channel [id: 0x5e9e9eb4, L:/127.0.0.1:64175 - R:localhost/127.0.0.1:26374] for GET '/session/541e5fbff23d86bb83d3a1a7e5bf5bb4/window'
12:03:37.972 [AsyncHttpClient-1-2] DEBUG org.asynchttpclient.netty.handler.HttpHandler - 

Request DefaultFullHttpRequest(decodeResult: success, version: HTTP/1.1, content: EmptyByteBufBE)
GET /session/541e5fbff23d86bb83d3a1a7e5bf5bb4/window HTTP/1.1
User-Agent: selenium/4.6.0 (java windows)
Cache-Control: no-cache
Content-Type: application/json; charset=utf-8
host: localhost:26374
accept: */*

Response DefaultHttpResponse(decodeResult: success, version: HTTP/1.1)
HTTP/1.1 200 OK
Content-Type: application/json; charset=utf-8
cache-control: no-cache
content-length: 44

12:03:37.972 [AsyncHttpClient-1-2] DEBUG org.asynchttpclient.netty.channel.ChannelManager - Adding key: http://localhost:26374 for channel [id: 0x5e9e9eb4, L:/127.0.0.1:64175 - R:localhost/127.0.0.1:26374]
12:03:37.985 [Forwarding getAlertText on session 541e5fbff23d86bb83d3a1a7e5bf5bb4 to remote] DEBUG org.asynchttpclient.netty.request.NettyRequestSender - Using pooled Channel '[id: 0x5e9e9eb4, L:/127.0.0.1:64175 - R:localhost/127.0.0.1:26374]' for 'GET' to 'http://localhost:26374/session/541e5fbff23d86bb83d3a1a7e5bf5bb4/alert/text'
12:03:37.985 [Forwarding getAlertText on session 541e5fbff23d86bb83d3a1a7e5bf5bb4 to remote] DEBUG org.asynchttpclient.netty.request.NettyRequestSender - Using open Channel [id: 0x5e9e9eb4, L:/127.0.0.1:64175 - R:localhost/127.0.0.1:26374] for GET '/session/541e5fbff23d86bb83d3a1a7e5bf5bb4/alert/text'
12:03:37.987 [AsyncHttpClient-1-2] DEBUG org.asynchttpclient.netty.handler.HttpHandler - 

Request DefaultFullHttpRequest(decodeResult: success, version: HTTP/1.1, content: EmptyByteBufBE)
GET /session/541e5fbff23d86bb83d3a1a7e5bf5bb4/alert/text HTTP/1.1
User-Agent: selenium/4.6.0 (java windows)
Cache-Control: no-cache
Content-Type: application/json; charset=utf-8
host: localhost:26374
accept: */*

Response DefaultHttpResponse(decodeResult: success, version: HTTP/1.1)
HTTP/1.1 404 Not Found
Content-Type: application/json; charset=utf-8
cache-control: no-cache
content-length: 848

12:03:37.987 [AsyncHttpClient-1-2] DEBUG org.asynchttpclient.netty.channel.ChannelManager - Adding key: http://localhost:26374 for channel [id: 0x5e9e9eb4, L:/127.0.0.1:64175 - R:localhost/127.0.0.1:26374]
12:03:37.996 [Forwarding switchToWindow on session 541e5fbff23d86bb83d3a1a7e5bf5bb4 to remote] DEBUG org.asynchttpclient.netty.request.NettyRequestSender - Using pooled Channel '[id: 0x5e9e9eb4, L:/127.0.0.1:64175 - R:localhost/127.0.0.1:26374]' for 'POST' to 'http://localhost:26374/session/541e5fbff23d86bb83d3a1a7e5bf5bb4/window'
12:03:37.996 [Forwarding switchToWindow on session 541e5fbff23d86bb83d3a1a7e5bf5bb4 to remote] DEBUG org.asynchttpclient.netty.request.NettyRequestSender - Using open Channel [id: 0x5e9e9eb4, L:/127.0.0.1:64175 - R:localhost/127.0.0.1:26374] for POST '/session/541e5fbff23d86bb83d3a1a7e5bf5bb4/window'
12:03:37.998 [AsyncHttpClient-1-2] DEBUG org.asynchttpclient.netty.handler.HttpHandler - 

Request DefaultHttpRequest(decodeResult: success, version: HTTP/1.1)
POST /session/541e5fbff23d86bb83d3a1a7e5bf5bb4/window HTTP/1.1
User-Agent: selenium/4.6.0 (java windows)
Content-Length: 50
Content-Type: application/json; charset=utf-8
host: localhost:26374
accept: */*

Response DefaultHttpResponse(decodeResult: success, version: HTTP/1.1)
HTTP/1.1 200 OK
Content-Type: application/json; charset=utf-8
cache-control: no-cache
content-length: 14

12:03:37.998 [AsyncHttpClient-1-2] DEBUG org.asynchttpclient.netty.channel.ChannelManager - Adding key: http://localhost:26374 for channel [id: 0x5e9e9eb4, L:/127.0.0.1:64175 - R:localhost/127.0.0.1:26374]
12:03:37.999 [Forwarding getCurrentUrl on session 541e5fbff23d86bb83d3a1a7e5bf5bb4 to remote] DEBUG org.asynchttpclient.netty.request.NettyRequestSender - Using pooled Channel '[id: 0x5e9e9eb4, L:/127.0.0.1:64175 - R:localhost/127.0.0.1:26374]' for 'GET' to 'http://localhost:26374/session/541e5fbff23d86bb83d3a1a7e5bf5bb4/url'
12:03:37.999 [Forwarding getCurrentUrl on session 541e5fbff23d86bb83d3a1a7e5bf5bb4 to remote] DEBUG org.asynchttpclient.netty.request.NettyRequestSender - Using open Channel [id: 0x5e9e9eb4, L:/127.0.0.1:64175 - R:localhost/127.0.0.1:26374] for GET '/session/541e5fbff23d86bb83d3a1a7e5bf5bb4/url'
12:03:38.002 [AsyncHttpClient-1-2] DEBUG org.asynchttpclient.netty.handler.HttpHandler - 

Request DefaultFullHttpRequest(decodeResult: success, version: HTTP/1.1, content: EmptyByteBufBE)
GET /session/541e5fbff23d86bb83d3a1a7e5bf5bb4/url HTTP/1.1
User-Agent: selenium/4.6.0 (java windows)
Cache-Control: no-cache
Content-Type: application/json; charset=utf-8
host: localhost:26374
accept: */*

Response DefaultHttpResponse(decodeResult: success, version: HTTP/1.1)
HTTP/1.1 200 OK
Content-Type: application/json; charset=utf-8
cache-control: no-cache
content-length: 38

12:03:38.002 [AsyncHttpClient-1-2] DEBUG org.asynchttpclient.netty.channel.ChannelManager - Adding key: http://localhost:26374 for channel [id: 0x5e9e9eb4, L:/127.0.0.1:64175 - R:localhost/127.0.0.1:26374]
12:03:38.002 [Forwarding screenshot on session 541e5fbff23d86bb83d3a1a7e5bf5bb4 to remote] DEBUG org.asynchttpclient.netty.request.NettyRequestSender - Using pooled Channel '[id: 0x5e9e9eb4, L:/127.0.0.1:64175 - R:localhost/127.0.0.1:26374]' for 'GET' to 'http://localhost:26374/session/541e5fbff23d86bb83d3a1a7e5bf5bb4/screenshot'
12:03:38.002 [Forwarding screenshot on session 541e5fbff23d86bb83d3a1a7e5bf5bb4 to remote] DEBUG org.asynchttpclient.netty.request.NettyRequestSender - Using open Channel [id: 0x5e9e9eb4, L:/127.0.0.1:64175 - R:localhost/127.0.0.1:26374] for GET '/session/541e5fbff23d86bb83d3a1a7e5bf5bb4/screenshot'
12:03:38.166 [AsyncHttpClient-1-2] DEBUG org.asynchttpclient.netty.handler.HttpHandler - 

Request DefaultFullHttpRequest(decodeResult: success, version: HTTP/1.1, content: EmptyByteBufBE)
GET /session/541e5fbff23d86bb83d3a1a7e5bf5bb4/screenshot HTTP/1.1
User-Agent: selenium/4.6.0 (java windows)
Cache-Control: no-cache
Content-Type: application/json; charset=utf-8
host: localhost:26374
accept: */*

Response DefaultHttpResponse(decodeResult: success, version: HTTP/1.1)
HTTP/1.1 200 OK
Content-Type: application/json; charset=utf-8
cache-control: no-cache
content-length: 421540

12:03:38.168 [AsyncHttpClient-1-2] DEBUG org.asynchttpclient.netty.channel.ChannelManager - Adding key: http://localhost:26374 for channel [id: 0x5e9e9eb4, L:/127.0.0.1:64175 - R:localhost/127.0.0.1:26374]
12:03:38.182 [Test worker] DEBUG net.serenitybdd.core.photography.Darkroom - Send negative for processing for C:\Users\Usuario\Documents\retoAutomatizacion\e2e\RetoDemoBlaze\target\site\serenity\d723c932d4aead1217907d27875a1e0857f84bb46b5c89c0915ac317e009e10b.png
12:03:38.194 [Forwarding getPageSource on session 541e5fbff23d86bb83d3a1a7e5bf5bb4 to remote] DEBUG org.asynchttpclient.netty.request.NettyRequestSender - Using pooled Channel '[id: 0x5e9e9eb4, L:/127.0.0.1:64175 - R:localhost/127.0.0.1:26374]' for 'POST' to 'http://localhost:26374/session/541e5fbff23d86bb83d3a1a7e5bf5bb4/execute/sync'
12:03:38.195 [Forwarding getPageSource on session 541e5fbff23d86bb83d3a1a7e5bf5bb4 to remote] DEBUG org.asynchttpclient.netty.request.NettyRequestSender - Using open Channel [id: 0x5e9e9eb4, L:/127.0.0.1:64175 - R:localhost/127.0.0.1:26374] for POST '/session/541e5fbff23d86bb83d3a1a7e5bf5bb4/execute/sync'
12:03:38.204 [AsyncHttpClient-1-2] DEBUG org.asynchttpclient.netty.handler.HttpHandler - 

Request DefaultHttpRequest(decodeResult: success, version: HTTP/1.1)
POST /session/541e5fbff23d86bb83d3a1a7e5bf5bb4/execute/sync HTTP/1.1
User-Agent: selenium/4.6.0 (java windows)
Content-Length: 176
Content-Type: application/json; charset=utf-8
host: localhost:26374
accept: */*

Response DefaultHttpResponse(decodeResult: success, version: HTTP/1.1)
HTTP/1.1 200 OK
Content-Type: application/json; charset=utf-8
cache-control: no-cache
content-length: 57699

12:03:38.204 [AsyncHttpClient-1-2] DEBUG org.asynchttpclient.netty.channel.ChannelManager - Adding key: http://localhost:26374 for channel [id: 0x5e9e9eb4, L:/127.0.0.1:64175 - R:localhost/127.0.0.1:26374]
12:03:38.216 [Forwarding getCurrentUrl on session 541e5fbff23d86bb83d3a1a7e5bf5bb4 to remote] DEBUG org.asynchttpclient.netty.request.NettyRequestSender - Using pooled Channel '[id: 0x5e9e9eb4, L:/127.0.0.1:64175 - R:localhost/127.0.0.1:26374]' for 'GET' to 'http://localhost:26374/session/541e5fbff23d86bb83d3a1a7e5bf5bb4/url'
12:03:38.216 [Forwarding getCurrentUrl on session 541e5fbff23d86bb83d3a1a7e5bf5bb4 to remote] DEBUG org.asynchttpclient.netty.request.NettyRequestSender - Using open Channel [id: 0x5e9e9eb4, L:/127.0.0.1:64175 - R:localhost/127.0.0.1:26374] for GET '/session/541e5fbff23d86bb83d3a1a7e5bf5bb4/url'
12:03:38.224 [AsyncHttpClient-1-2] DEBUG org.asynchttpclient.netty.handler.HttpHandler - 

Request DefaultFullHttpRequest(decodeResult: success, version: HTTP/1.1, content: EmptyByteBufBE)
GET /session/541e5fbff23d86bb83d3a1a7e5bf5bb4/url HTTP/1.1
User-Agent: selenium/4.6.0 (java windows)
Cache-Control: no-cache
Content-Type: application/json; charset=utf-8
host: localhost:26374
accept: */*

Response DefaultHttpResponse(decodeResult: success, version: HTTP/1.1)
HTTP/1.1 200 OK
Content-Type: application/json; charset=utf-8
cache-control: no-cache
content-length: 38

12:03:38.224 [AsyncHttpClient-1-2] DEBUG org.asynchttpclient.netty.channel.ChannelManager - Adding key: http://localhost:26374 for channel [id: 0x5e9e9eb4, L:/127.0.0.1:64175 - R:localhost/127.0.0.1:26374]
12:03:38.231 [Test worker] DEBUG net.thucydides.core.steps.StepInterceptor - STARTING STEP: Login.performAs - {0} enters #theTextAsAString into #target
12:03:38.247 [Test worker] DEBUG net.serenitybdd.screenplay.targets.IFrameSwitcher - default content already selected for password
12:03:38.277 [Forwarding findElement on session 541e5fbff23d86bb83d3a1a7e5bf5bb4 to remote] DEBUG org.asynchttpclient.netty.request.NettyRequestSender - Using pooled Channel '[id: 0x5e9e9eb4, L:/127.0.0.1:64175 - R:localhost/127.0.0.1:26374]' for 'POST' to 'http://localhost:26374/session/541e5fbff23d86bb83d3a1a7e5bf5bb4/element'
12:03:38.277 [Forwarding findElement on session 541e5fbff23d86bb83d3a1a7e5bf5bb4 to remote] DEBUG org.asynchttpclient.netty.request.NettyRequestSender - Using open Channel [id: 0x5e9e9eb4, L:/127.0.0.1:64175 - R:localhost/127.0.0.1:26374] for POST '/session/541e5fbff23d86bb83d3a1a7e5bf5bb4/element'
12:03:38.287 [AsyncHttpClient-1-2] DEBUG org.asynchttpclient.netty.handler.HttpHandler - 

Request DefaultHttpRequest(decodeResult: success, version: HTTP/1.1)
POST /session/541e5fbff23d86bb83d3a1a7e5bf5bb4/element HTTP/1.1
User-Agent: selenium/4.6.0 (java windows)
Content-Length: 58
Content-Type: application/json; charset=utf-8
host: localhost:26374
accept: */*

Response DefaultHttpResponse(decodeResult: success, version: HTTP/1.1)
HTTP/1.1 200 OK
Content-Type: application/json; charset=utf-8
cache-control: no-cache
content-length: 95

12:03:38.287 [AsyncHttpClient-1-2] DEBUG org.asynchttpclient.netty.channel.ChannelManager - Adding key: http://localhost:26374 for channel [id: 0x5e9e9eb4, L:/127.0.0.1:64175 - R:localhost/127.0.0.1:26374]
12:03:38.294 [Forwarding clearElement on session 541e5fbff23d86bb83d3a1a7e5bf5bb4 to remote] DEBUG org.asynchttpclient.netty.request.NettyRequestSender - Using pooled Channel '[id: 0x5e9e9eb4, L:/127.0.0.1:64175 - R:localhost/127.0.0.1:26374]' for 'POST' to 'http://localhost:26374/session/541e5fbff23d86bb83d3a1a7e5bf5bb4/element/4F1249A60E92E9151E27D39C314C0246_element_35/clear'
12:03:38.294 [Forwarding clearElement on session 541e5fbff23d86bb83d3a1a7e5bf5bb4 to remote] DEBUG org.asynchttpclient.netty.request.NettyRequestSender - Using open Channel [id: 0x5e9e9eb4, L:/127.0.0.1:64175 - R:localhost/127.0.0.1:26374] for POST '/session/541e5fbff23d86bb83d3a1a7e5bf5bb4/element/4F1249A60E92E9151E27D39C314C0246_element_35/clear'
12:03:38.309 [AsyncHttpClient-1-2] DEBUG org.asynchttpclient.netty.handler.HttpHandler - 

Request DefaultHttpRequest(decodeResult: success, version: HTTP/1.1)
POST /session/541e5fbff23d86bb83d3a1a7e5bf5bb4/element/4F1249A60E92E9151E27D39C314C0246_element_35/clear HTTP/1.1
User-Agent: selenium/4.6.0 (java windows)
Content-Length: 57
Content-Type: application/json; charset=utf-8
host: localhost:26374
accept: */*

Response DefaultHttpResponse(decodeResult: success, version: HTTP/1.1)
HTTP/1.1 200 OK
Content-Type: application/json; charset=utf-8
cache-control: no-cache
content-length: 14

12:03:38.310 [AsyncHttpClient-1-2] DEBUG org.asynchttpclient.netty.channel.ChannelManager - Adding key: http://localhost:26374 for channel [id: 0x5e9e9eb4, L:/127.0.0.1:64175 - R:localhost/127.0.0.1:26374]
12:03:38.318 [Forwarding sendKeysToElement on session 541e5fbff23d86bb83d3a1a7e5bf5bb4 to remote] DEBUG org.asynchttpclient.netty.request.NettyRequestSender - Using pooled Channel '[id: 0x5e9e9eb4, L:/127.0.0.1:64175 - R:localhost/127.0.0.1:26374]' for 'POST' to 'http://localhost:26374/session/541e5fbff23d86bb83d3a1a7e5bf5bb4/element/4F1249A60E92E9151E27D39C314C0246_element_35/value'
12:03:38.318 [Forwarding sendKeysToElement on session 541e5fbff23d86bb83d3a1a7e5bf5bb4 to remote] DEBUG org.asynchttpclient.netty.request.NettyRequestSender - Using open Channel [id: 0x5e9e9eb4, L:/127.0.0.1:64175 - R:localhost/127.0.0.1:26374] for POST '/session/541e5fbff23d86bb83d3a1a7e5bf5bb4/element/4F1249A60E92E9151E27D39C314C0246_element_35/value'
12:03:38.351 [AsyncHttpClient-1-2] DEBUG org.asynchttpclient.netty.handler.HttpHandler - 

Request DefaultHttpRequest(decodeResult: success, version: HTTP/1.1)
POST /session/541e5fbff23d86bb83d3a1a7e5bf5bb4/element/4F1249A60E92E9151E27D39C314C0246_element_35/value HTTP/1.1
User-Agent: selenium/4.6.0 (java windows)
Content-Length: 168
Content-Type: application/json; charset=utf-8
host: localhost:26374
accept: */*

Response DefaultHttpResponse(decodeResult: success, version: HTTP/1.1)
HTTP/1.1 200 OK
Content-Type: application/json; charset=utf-8
cache-control: no-cache
content-length: 14

12:03:38.351 [AsyncHttpClient-1-2] DEBUG org.asynchttpclient.netty.channel.ChannelManager - Adding key: http://localhost:26374 for channel [id: 0x5e9e9eb4, L:/127.0.0.1:64175 - R:localhost/127.0.0.1:26374]
12:03:38.424 [Forwarding getCurrentWindowHandle on session 541e5fbff23d86bb83d3a1a7e5bf5bb4 to remote] DEBUG org.asynchttpclient.netty.request.NettyRequestSender - Using pooled Channel '[id: 0x5e9e9eb4, L:/127.0.0.1:64175 - R:localhost/127.0.0.1:26374]' for 'GET' to 'http://localhost:26374/session/541e5fbff23d86bb83d3a1a7e5bf5bb4/window'
12:03:38.425 [Forwarding getCurrentWindowHandle on session 541e5fbff23d86bb83d3a1a7e5bf5bb4 to remote] DEBUG org.asynchttpclient.netty.request.NettyRequestSender - Using open Channel [id: 0x5e9e9eb4, L:/127.0.0.1:64175 - R:localhost/127.0.0.1:26374] for GET '/session/541e5fbff23d86bb83d3a1a7e5bf5bb4/window'
12:03:38.425 [AsyncHttpClient-1-2] DEBUG org.asynchttpclient.netty.handler.HttpHandler - 

Request DefaultFullHttpRequest(decodeResult: success, version: HTTP/1.1, content: EmptyByteBufBE)
GET /session/541e5fbff23d86bb83d3a1a7e5bf5bb4/window HTTP/1.1
User-Agent: selenium/4.6.0 (java windows)
Cache-Control: no-cache
Content-Type: application/json; charset=utf-8
host: localhost:26374
accept: */*

Response DefaultHttpResponse(decodeResult: success, version: HTTP/1.1)
HTTP/1.1 200 OK
Content-Type: application/json; charset=utf-8
cache-control: no-cache
content-length: 44

12:03:38.426 [AsyncHttpClient-1-2] DEBUG org.asynchttpclient.netty.channel.ChannelManager - Adding key: http://localhost:26374 for channel [id: 0x5e9e9eb4, L:/127.0.0.1:64175 - R:localhost/127.0.0.1:26374]
12:03:38.437 [Forwarding getAlertText on session 541e5fbff23d86bb83d3a1a7e5bf5bb4 to remote] DEBUG org.asynchttpclient.netty.request.NettyRequestSender - Using pooled Channel '[id: 0x5e9e9eb4, L:/127.0.0.1:64175 - R:localhost/127.0.0.1:26374]' for 'GET' to 'http://localhost:26374/session/541e5fbff23d86bb83d3a1a7e5bf5bb4/alert/text'
12:03:38.437 [Forwarding getAlertText on session 541e5fbff23d86bb83d3a1a7e5bf5bb4 to remote] DEBUG org.asynchttpclient.netty.request.NettyRequestSender - Using open Channel [id: 0x5e9e9eb4, L:/127.0.0.1:64175 - R:localhost/127.0.0.1:26374] for GET '/session/541e5fbff23d86bb83d3a1a7e5bf5bb4/alert/text'
12:03:38.439 [AsyncHttpClient-1-2] DEBUG org.asynchttpclient.netty.handler.HttpHandler - 

Request DefaultFullHttpRequest(decodeResult: success, version: HTTP/1.1, content: EmptyByteBufBE)
GET /session/541e5fbff23d86bb83d3a1a7e5bf5bb4/alert/text HTTP/1.1
User-Agent: selenium/4.6.0 (java windows)
Cache-Control: no-cache
Content-Type: application/json; charset=utf-8
host: localhost:26374
accept: */*

Response DefaultHttpResponse(decodeResult: success, version: HTTP/1.1)
HTTP/1.1 404 Not Found
Content-Type: application/json; charset=utf-8
cache-control: no-cache
content-length: 848

12:03:38.441 [AsyncHttpClient-1-2] DEBUG org.asynchttpclient.netty.channel.ChannelManager - Adding key: http://localhost:26374 for channel [id: 0x5e9e9eb4, L:/127.0.0.1:64175 - R:localhost/127.0.0.1:26374]
12:03:38.456 [Forwarding switchToWindow on session 541e5fbff23d86bb83d3a1a7e5bf5bb4 to remote] DEBUG org.asynchttpclient.netty.request.NettyRequestSender - Using pooled Channel '[id: 0x5e9e9eb4, L:/127.0.0.1:64175 - R:localhost/127.0.0.1:26374]' for 'POST' to 'http://localhost:26374/session/541e5fbff23d86bb83d3a1a7e5bf5bb4/window'
12:03:38.456 [Forwarding switchToWindow on session 541e5fbff23d86bb83d3a1a7e5bf5bb4 to remote] DEBUG org.asynchttpclient.netty.request.NettyRequestSender - Using open Channel [id: 0x5e9e9eb4, L:/127.0.0.1:64175 - R:localhost/127.0.0.1:26374] for POST '/session/541e5fbff23d86bb83d3a1a7e5bf5bb4/window'
12:03:38.458 [AsyncHttpClient-1-2] DEBUG org.asynchttpclient.netty.handler.HttpHandler - 

Request DefaultHttpRequest(decodeResult: success, version: HTTP/1.1)
POST /session/541e5fbff23d86bb83d3a1a7e5bf5bb4/window HTTP/1.1
User-Agent: selenium/4.6.0 (java windows)
Content-Length: 50
Content-Type: application/json; charset=utf-8
host: localhost:26374
accept: */*

Response DefaultHttpResponse(decodeResult: success, version: HTTP/1.1)
HTTP/1.1 200 OK
Content-Type: application/json; charset=utf-8
cache-control: no-cache
content-length: 14

12:03:38.458 [AsyncHttpClient-1-2] DEBUG org.asynchttpclient.netty.channel.ChannelManager - Adding key: http://localhost:26374 for channel [id: 0x5e9e9eb4, L:/127.0.0.1:64175 - R:localhost/127.0.0.1:26374]
12:03:38.460 [Forwarding getCurrentUrl on session 541e5fbff23d86bb83d3a1a7e5bf5bb4 to remote] DEBUG org.asynchttpclient.netty.request.NettyRequestSender - Using pooled Channel '[id: 0x5e9e9eb4, L:/127.0.0.1:64175 - R:localhost/127.0.0.1:26374]' for 'GET' to 'http://localhost:26374/session/541e5fbff23d86bb83d3a1a7e5bf5bb4/url'
12:03:38.460 [Forwarding getCurrentUrl on session 541e5fbff23d86bb83d3a1a7e5bf5bb4 to remote] DEBUG org.asynchttpclient.netty.request.NettyRequestSender - Using open Channel [id: 0x5e9e9eb4, L:/127.0.0.1:64175 - R:localhost/127.0.0.1:26374] for GET '/session/541e5fbff23d86bb83d3a1a7e5bf5bb4/url'
12:03:38.466 [AsyncHttpClient-1-2] DEBUG org.asynchttpclient.netty.handler.HttpHandler - 

Request DefaultFullHttpRequest(decodeResult: success, version: HTTP/1.1, content: EmptyByteBufBE)
GET /session/541e5fbff23d86bb83d3a1a7e5bf5bb4/url HTTP/1.1
User-Agent: selenium/4.6.0 (java windows)
Cache-Control: no-cache
Content-Type: application/json; charset=utf-8
host: localhost:26374
accept: */*

Response DefaultHttpResponse(decodeResult: success, version: HTTP/1.1)
HTTP/1.1 200 OK
Content-Type: application/json; charset=utf-8
cache-control: no-cache
content-length: 38

12:03:38.466 [AsyncHttpClient-1-2] DEBUG org.asynchttpclient.netty.channel.ChannelManager - Adding key: http://localhost:26374 for channel [id: 0x5e9e9eb4, L:/127.0.0.1:64175 - R:localhost/127.0.0.1:26374]
12:03:38.467 [Forwarding screenshot on session 541e5fbff23d86bb83d3a1a7e5bf5bb4 to remote] DEBUG org.asynchttpclient.netty.request.NettyRequestSender - Using pooled Channel '[id: 0x5e9e9eb4, L:/127.0.0.1:64175 - R:localhost/127.0.0.1:26374]' for 'GET' to 'http://localhost:26374/session/541e5fbff23d86bb83d3a1a7e5bf5bb4/screenshot'
12:03:38.468 [Forwarding screenshot on session 541e5fbff23d86bb83d3a1a7e5bf5bb4 to remote] DEBUG org.asynchttpclient.netty.request.NettyRequestSender - Using open Channel [id: 0x5e9e9eb4, L:/127.0.0.1:64175 - R:localhost/127.0.0.1:26374] for GET '/session/541e5fbff23d86bb83d3a1a7e5bf5bb4/screenshot'
12:03:38.750 [AsyncHttpClient-1-2] DEBUG org.asynchttpclient.netty.handler.HttpHandler - 

Request DefaultFullHttpRequest(decodeResult: success, version: HTTP/1.1, content: EmptyByteBufBE)
GET /session/541e5fbff23d86bb83d3a1a7e5bf5bb4/screenshot HTTP/1.1
User-Agent: selenium/4.6.0 (java windows)
Cache-Control: no-cache
Content-Type: application/json; charset=utf-8
host: localhost:26374
accept: */*

Response DefaultHttpResponse(decodeResult: success, version: HTTP/1.1)
HTTP/1.1 200 OK
Content-Type: application/json; charset=utf-8
cache-control: no-cache
content-length: 422228

12:03:38.752 [AsyncHttpClient-1-2] DEBUG org.asynchttpclient.netty.channel.ChannelManager - Adding key: http://localhost:26374 for channel [id: 0x5e9e9eb4, L:/127.0.0.1:64175 - R:localhost/127.0.0.1:26374]
12:03:38.771 [Test worker] DEBUG net.serenitybdd.core.photography.Darkroom - Send negative for processing for C:\Users\Usuario\Documents\retoAutomatizacion\e2e\RetoDemoBlaze\target\site\serenity\4a6715b6f5fe0e121eed2e4ed9415c5497eff1bf45cc7e5f5a8518d2f320a725.png
12:03:38.772 [Test worker] DEBUG net.thucydides.core.steps.StepInterceptor - STEP DONE: {0} enters #theTextAsAString into #target
12:03:38.773 [Darkroom Processing Line] DEBUG net.serenitybdd.core.photography.DarkroomProcessingLine - Processing screenshot image in /var/screenshots/screenshot-11380743111520661712
12:03:38.774 [Darkroom Processing Line] DEBUG net.serenitybdd.core.photography.DarkroomProcessingLine - Saving screenshot to C:\Users\Usuario\Documents\retoAutomatizacion\e2e\RetoDemoBlaze\target\site\serenity\4a6715b6f5fe0e121eed2e4ed9415c5497eff1bf45cc7e5f5a8518d2f320a725.png
12:03:38.863 [AsyncHttpClient-1-1] DEBUG org.asynchttpclient.netty.channel.DefaultChannelPool - Entry count for : http://localhost:64176 : 1
12:03:38.864 [AsyncHttpClient-1-1] DEBUG org.asynchttpclient.netty.channel.DefaultChannelPool - Entry count for : http://localhost:26374 : 1
12:03:38.908 [Forwarding getCurrentWindowHandle on session 541e5fbff23d86bb83d3a1a7e5bf5bb4 to remote] DEBUG org.asynchttpclient.netty.request.NettyRequestSender - Using pooled Channel '[id: 0x5e9e9eb4, L:/127.0.0.1:64175 - R:localhost/127.0.0.1:26374]' for 'GET' to 'http://localhost:26374/session/541e5fbff23d86bb83d3a1a7e5bf5bb4/window'
12:03:38.908 [Forwarding getCurrentWindowHandle on session 541e5fbff23d86bb83d3a1a7e5bf5bb4 to remote] DEBUG org.asynchttpclient.netty.request.NettyRequestSender - Using open Channel [id: 0x5e9e9eb4, L:/127.0.0.1:64175 - R:localhost/127.0.0.1:26374] for GET '/session/541e5fbff23d86bb83d3a1a7e5bf5bb4/window'
12:03:38.909 [AsyncHttpClient-1-2] DEBUG org.asynchttpclient.netty.handler.HttpHandler - 

Request DefaultFullHttpRequest(decodeResult: success, version: HTTP/1.1, content: EmptyByteBufBE)
GET /session/541e5fbff23d86bb83d3a1a7e5bf5bb4/window HTTP/1.1
User-Agent: selenium/4.6.0 (java windows)
Cache-Control: no-cache
Content-Type: application/json; charset=utf-8
host: localhost:26374
accept: */*

Response DefaultHttpResponse(decodeResult: success, version: HTTP/1.1)
HTTP/1.1 200 OK
Content-Type: application/json; charset=utf-8
cache-control: no-cache
content-length: 44

12:03:38.909 [AsyncHttpClient-1-2] DEBUG org.asynchttpclient.netty.channel.ChannelManager - Adding key: http://localhost:26374 for channel [id: 0x5e9e9eb4, L:/127.0.0.1:64175 - R:localhost/127.0.0.1:26374]
12:03:38.927 [Forwarding getAlertText on session 541e5fbff23d86bb83d3a1a7e5bf5bb4 to remote] DEBUG org.asynchttpclient.netty.request.NettyRequestSender - Using pooled Channel '[id: 0x5e9e9eb4, L:/127.0.0.1:64175 - R:localhost/127.0.0.1:26374]' for 'GET' to 'http://localhost:26374/session/541e5fbff23d86bb83d3a1a7e5bf5bb4/alert/text'
12:03:38.928 [Forwarding getAlertText on session 541e5fbff23d86bb83d3a1a7e5bf5bb4 to remote] DEBUG org.asynchttpclient.netty.request.NettyRequestSender - Using open Channel [id: 0x5e9e9eb4, L:/127.0.0.1:64175 - R:localhost/127.0.0.1:26374] for GET '/session/541e5fbff23d86bb83d3a1a7e5bf5bb4/alert/text'
12:03:38.932 [AsyncHttpClient-1-2] DEBUG org.asynchttpclient.netty.handler.HttpHandler - 

Request DefaultFullHttpRequest(decodeResult: success, version: HTTP/1.1, content: EmptyByteBufBE)
GET /session/541e5fbff23d86bb83d3a1a7e5bf5bb4/alert/text HTTP/1.1
User-Agent: selenium/4.6.0 (java windows)
Cache-Control: no-cache
Content-Type: application/json; charset=utf-8
host: localhost:26374
accept: */*

Response DefaultHttpResponse(decodeResult: success, version: HTTP/1.1)
HTTP/1.1 404 Not Found
Content-Type: application/json; charset=utf-8
cache-control: no-cache
content-length: 848

12:03:38.932 [AsyncHttpClient-1-2] DEBUG org.asynchttpclient.netty.channel.ChannelManager - Adding key: http://localhost:26374 for channel [id: 0x5e9e9eb4, L:/127.0.0.1:64175 - R:localhost/127.0.0.1:26374]
12:03:38.954 [Forwarding switchToWindow on session 541e5fbff23d86bb83d3a1a7e5bf5bb4 to remote] DEBUG org.asynchttpclient.netty.request.NettyRequestSender - Using pooled Channel '[id: 0x5e9e9eb4, L:/127.0.0.1:64175 - R:localhost/127.0.0.1:26374]' for 'POST' to 'http://localhost:26374/session/541e5fbff23d86bb83d3a1a7e5bf5bb4/window'
12:03:38.955 [Forwarding switchToWindow on session 541e5fbff23d86bb83d3a1a7e5bf5bb4 to remote] DEBUG org.asynchttpclient.netty.request.NettyRequestSender - Using open Channel [id: 0x5e9e9eb4, L:/127.0.0.1:64175 - R:localhost/127.0.0.1:26374] for POST '/session/541e5fbff23d86bb83d3a1a7e5bf5bb4/window'
12:03:38.957 [AsyncHttpClient-1-2] DEBUG org.asynchttpclient.netty.handler.HttpHandler - 

Request DefaultHttpRequest(decodeResult: success, version: HTTP/1.1)
POST /session/541e5fbff23d86bb83d3a1a7e5bf5bb4/window HTTP/1.1
User-Agent: selenium/4.6.0 (java windows)
Content-Length: 50
Content-Type: application/json; charset=utf-8
host: localhost:26374
accept: */*

Response DefaultHttpResponse(decodeResult: success, version: HTTP/1.1)
HTTP/1.1 200 OK
Content-Type: application/json; charset=utf-8
cache-control: no-cache
content-length: 14

12:03:38.958 [AsyncHttpClient-1-2] DEBUG org.asynchttpclient.netty.channel.ChannelManager - Adding key: http://localhost:26374 for channel [id: 0x5e9e9eb4, L:/127.0.0.1:64175 - R:localhost/127.0.0.1:26374]
12:03:38.959 [Forwarding getCurrentUrl on session 541e5fbff23d86bb83d3a1a7e5bf5bb4 to remote] DEBUG org.asynchttpclient.netty.request.NettyRequestSender - Using pooled Channel '[id: 0x5e9e9eb4, L:/127.0.0.1:64175 - R:localhost/127.0.0.1:26374]' for 'GET' to 'http://localhost:26374/session/541e5fbff23d86bb83d3a1a7e5bf5bb4/url'
12:03:38.959 [Forwarding getCurrentUrl on session 541e5fbff23d86bb83d3a1a7e5bf5bb4 to remote] DEBUG org.asynchttpclient.netty.request.NettyRequestSender - Using open Channel [id: 0x5e9e9eb4, L:/127.0.0.1:64175 - R:localhost/127.0.0.1:26374] for GET '/session/541e5fbff23d86bb83d3a1a7e5bf5bb4/url'
12:03:38.967 [AsyncHttpClient-1-2] DEBUG org.asynchttpclient.netty.handler.HttpHandler - 

Request DefaultFullHttpRequest(decodeResult: success, version: HTTP/1.1, content: EmptyByteBufBE)
GET /session/541e5fbff23d86bb83d3a1a7e5bf5bb4/url HTTP/1.1
User-Agent: selenium/4.6.0 (java windows)
Cache-Control: no-cache
Content-Type: application/json; charset=utf-8
host: localhost:26374
accept: */*

Response DefaultHttpResponse(decodeResult: success, version: HTTP/1.1)
HTTP/1.1 200 OK
Content-Type: application/json; charset=utf-8
cache-control: no-cache
content-length: 38

12:03:38.967 [AsyncHttpClient-1-2] DEBUG org.asynchttpclient.netty.channel.ChannelManager - Adding key: http://localhost:26374 for channel [id: 0x5e9e9eb4, L:/127.0.0.1:64175 - R:localhost/127.0.0.1:26374]
12:03:38.972 [Forwarding screenshot on session 541e5fbff23d86bb83d3a1a7e5bf5bb4 to remote] DEBUG org.asynchttpclient.netty.request.NettyRequestSender - Using pooled Channel '[id: 0x5e9e9eb4, L:/127.0.0.1:64175 - R:localhost/127.0.0.1:26374]' for 'GET' to 'http://localhost:26374/session/541e5fbff23d86bb83d3a1a7e5bf5bb4/screenshot'
12:03:38.972 [Forwarding screenshot on session 541e5fbff23d86bb83d3a1a7e5bf5bb4 to remote] DEBUG org.asynchttpclient.netty.request.NettyRequestSender - Using open Channel [id: 0x5e9e9eb4, L:/127.0.0.1:64175 - R:localhost/127.0.0.1:26374] for GET '/session/541e5fbff23d86bb83d3a1a7e5bf5bb4/screenshot'
12:03:39.353 [AsyncHttpClient-1-2] DEBUG org.asynchttpclient.netty.handler.HttpHandler - 

Request DefaultFullHttpRequest(decodeResult: success, version: HTTP/1.1, content: EmptyByteBufBE)
GET /session/541e5fbff23d86bb83d3a1a7e5bf5bb4/screenshot HTTP/1.1
User-Agent: selenium/4.6.0 (java windows)
Cache-Control: no-cache
Content-Type: application/json; charset=utf-8
host: localhost:26374
accept: */*

Response DefaultHttpResponse(decodeResult: success, version: HTTP/1.1)
HTTP/1.1 200 OK
Content-Type: application/json; charset=utf-8
cache-control: no-cache
content-length: 429596

12:03:39.358 [AsyncHttpClient-1-2] DEBUG org.asynchttpclient.netty.channel.ChannelManager - Adding key: http://localhost:26374 for channel [id: 0x5e9e9eb4, L:/127.0.0.1:64175 - R:localhost/127.0.0.1:26374]
12:03:39.381 [Test worker] DEBUG net.serenitybdd.core.photography.Darkroom - Send negative for processing for C:\Users\Usuario\Documents\retoAutomatizacion\e2e\RetoDemoBlaze\target\site\serenity\7a2d8814402c1c4fabb153745d1f706f9e0febeed21346c35de1614db8270eb9.png
12:03:39.381 [Darkroom Processing Line] DEBUG net.serenitybdd.core.photography.DarkroomProcessingLine - Processing screenshot image in /var/screenshots/screenshot-1025066902953422065
12:03:39.381 [Darkroom Processing Line] DEBUG net.serenitybdd.core.photography.DarkroomProcessingLine - Saving screenshot to C:\Users\Usuario\Documents\retoAutomatizacion\e2e\RetoDemoBlaze\target\site\serenity\7a2d8814402c1c4fabb153745d1f706f9e0febeed21346c35de1614db8270eb9.png
12:03:39.408 [Forwarding getPageSource on session 541e5fbff23d86bb83d3a1a7e5bf5bb4 to remote] DEBUG org.asynchttpclient.netty.request.NettyRequestSender - Using pooled Channel '[id: 0x5e9e9eb4, L:/127.0.0.1:64175 - R:localhost/127.0.0.1:26374]' for 'POST' to 'http://localhost:26374/session/541e5fbff23d86bb83d3a1a7e5bf5bb4/execute/sync'
12:03:39.408 [Forwarding getPageSource on session 541e5fbff23d86bb83d3a1a7e5bf5bb4 to remote] DEBUG org.asynchttpclient.netty.request.NettyRequestSender - Using open Channel [id: 0x5e9e9eb4, L:/127.0.0.1:64175 - R:localhost/127.0.0.1:26374] for POST '/session/541e5fbff23d86bb83d3a1a7e5bf5bb4/execute/sync'
12:03:39.427 [AsyncHttpClient-1-2] DEBUG org.asynchttpclient.netty.handler.HttpHandler - 

Request DefaultHttpRequest(decodeResult: success, version: HTTP/1.1)
POST /session/541e5fbff23d86bb83d3a1a7e5bf5bb4/execute/sync HTTP/1.1
User-Agent: selenium/4.6.0 (java windows)
Content-Length: 176
Content-Type: application/json; charset=utf-8
host: localhost:26374
accept: */*

Response DefaultHttpResponse(decodeResult: success, version: HTTP/1.1)
HTTP/1.1 200 OK
Content-Type: application/json; charset=utf-8
cache-control: no-cache
content-length: 57710

12:03:39.429 [AsyncHttpClient-1-2] DEBUG org.asynchttpclient.netty.channel.ChannelManager - Adding key: http://localhost:26374 for channel [id: 0x5e9e9eb4, L:/127.0.0.1:64175 - R:localhost/127.0.0.1:26374]
12:03:39.444 [Forwarding getCurrentUrl on session 541e5fbff23d86bb83d3a1a7e5bf5bb4 to remote] DEBUG org.asynchttpclient.netty.request.NettyRequestSender - Using pooled Channel '[id: 0x5e9e9eb4, L:/127.0.0.1:64175 - R:localhost/127.0.0.1:26374]' for 'GET' to 'http://localhost:26374/session/541e5fbff23d86bb83d3a1a7e5bf5bb4/url'
12:03:39.445 [Forwarding getCurrentUrl on session 541e5fbff23d86bb83d3a1a7e5bf5bb4 to remote] DEBUG org.asynchttpclient.netty.request.NettyRequestSender - Using open Channel [id: 0x5e9e9eb4, L:/127.0.0.1:64175 - R:localhost/127.0.0.1:26374] for GET '/session/541e5fbff23d86bb83d3a1a7e5bf5bb4/url'
12:03:39.457 [AsyncHttpClient-1-2] DEBUG org.asynchttpclient.netty.handler.HttpHandler - 

Request DefaultFullHttpRequest(decodeResult: success, version: HTTP/1.1, content: EmptyByteBufBE)
GET /session/541e5fbff23d86bb83d3a1a7e5bf5bb4/url HTTP/1.1
User-Agent: selenium/4.6.0 (java windows)
Cache-Control: no-cache
Content-Type: application/json; charset=utf-8
host: localhost:26374
accept: */*

Response DefaultHttpResponse(decodeResult: success, version: HTTP/1.1)
HTTP/1.1 200 OK
Content-Type: application/json; charset=utf-8
cache-control: no-cache
content-length: 38

12:03:39.457 [AsyncHttpClient-1-2] DEBUG org.asynchttpclient.netty.channel.ChannelManager - Adding key: http://localhost:26374 for channel [id: 0x5e9e9eb4, L:/127.0.0.1:64175 - R:localhost/127.0.0.1:26374]
12:03:39.462 [Test worker] DEBUG net.thucydides.core.steps.StepInterceptor - STARTING STEP: Login.performAs - {0} clicks on #target
12:03:39.465 [Test worker] DEBUG net.serenitybdd.screenplay.targets.IFrameSwitcher - default content already selected for Log in
12:03:39.644 [Forwarding findElement on session 541e5fbff23d86bb83d3a1a7e5bf5bb4 to remote] DEBUG org.asynchttpclient.netty.request.NettyRequestSender - Using pooled Channel '[id: 0x5e9e9eb4, L:/127.0.0.1:64175 - R:localhost/127.0.0.1:26374]' for 'POST' to 'http://localhost:26374/session/541e5fbff23d86bb83d3a1a7e5bf5bb4/element'
12:03:39.644 [Forwarding findElement on session 541e5fbff23d86bb83d3a1a7e5bf5bb4 to remote] DEBUG org.asynchttpclient.netty.request.NettyRequestSender - Using open Channel [id: 0x5e9e9eb4, L:/127.0.0.1:64175 - R:localhost/127.0.0.1:26374] for POST '/session/541e5fbff23d86bb83d3a1a7e5bf5bb4/element'
12:03:39.683 [AsyncHttpClient-1-2] DEBUG org.asynchttpclient.netty.handler.HttpHandler - 

Request DefaultHttpRequest(decodeResult: success, version: HTTP/1.1)
POST /session/541e5fbff23d86bb83d3a1a7e5bf5bb4/element HTTP/1.1
User-Agent: selenium/4.6.0 (java windows)
Content-Length: 115
Content-Type: application/json; charset=utf-8
host: localhost:26374
accept: */*

Response DefaultHttpResponse(decodeResult: success, version: HTTP/1.1)
HTTP/1.1 200 OK
Content-Type: application/json; charset=utf-8
cache-control: no-cache
content-length: 95

12:03:39.683 [AsyncHttpClient-1-2] DEBUG org.asynchttpclient.netty.channel.ChannelManager - Adding key: http://localhost:26374 for channel [id: 0x5e9e9eb4, L:/127.0.0.1:64175 - R:localhost/127.0.0.1:26374]
12:03:39.719 [Forwarding isElementDisplayed on session 541e5fbff23d86bb83d3a1a7e5bf5bb4 to remote] DEBUG org.asynchttpclient.netty.request.NettyRequestSender - Using pooled Channel '[id: 0x5e9e9eb4, L:/127.0.0.1:64175 - R:localhost/127.0.0.1:26374]' for 'POST' to 'http://localhost:26374/session/541e5fbff23d86bb83d3a1a7e5bf5bb4/execute/sync'
12:03:39.719 [Forwarding isElementDisplayed on session 541e5fbff23d86bb83d3a1a7e5bf5bb4 to remote] DEBUG org.asynchttpclient.netty.request.NettyRequestSender - Using open Channel [id: 0x5e9e9eb4, L:/127.0.0.1:64175 - R:localhost/127.0.0.1:26374] for POST '/session/541e5fbff23d86bb83d3a1a7e5bf5bb4/execute/sync'
12:03:39.736 [AsyncHttpClient-1-2] DEBUG org.asynchttpclient.netty.handler.HttpHandler - 

Request DefaultHttpRequest(decodeResult: success, version: HTTP/1.1)
POST /session/541e5fbff23d86bb83d3a1a7e5bf5bb4/execute/sync HTTP/1.1
User-Agent: selenium/4.6.0 (java windows)
Content-Length: 48787
Content-Type: application/json; charset=utf-8
host: localhost:26374
accept: */*

Response DefaultHttpResponse(decodeResult: success, version: HTTP/1.1)
HTTP/1.1 200 OK
Content-Type: application/json; charset=utf-8
cache-control: no-cache
content-length: 14

12:03:39.736 [AsyncHttpClient-1-2] DEBUG org.asynchttpclient.netty.channel.ChannelManager - Adding key: http://localhost:26374 for channel [id: 0x5e9e9eb4, L:/127.0.0.1:64175 - R:localhost/127.0.0.1:26374]
12:03:39.778 [Forwarding findElement on session 541e5fbff23d86bb83d3a1a7e5bf5bb4 to remote] DEBUG org.asynchttpclient.netty.request.NettyRequestSender - Using pooled Channel '[id: 0x5e9e9eb4, L:/127.0.0.1:64175 - R:localhost/127.0.0.1:26374]' for 'POST' to 'http://localhost:26374/session/541e5fbff23d86bb83d3a1a7e5bf5bb4/element'
12:03:39.778 [Forwarding findElement on session 541e5fbff23d86bb83d3a1a7e5bf5bb4 to remote] DEBUG org.asynchttpclient.netty.request.NettyRequestSender - Using open Channel [id: 0x5e9e9eb4, L:/127.0.0.1:64175 - R:localhost/127.0.0.1:26374] for POST '/session/541e5fbff23d86bb83d3a1a7e5bf5bb4/element'
12:03:39.790 [AsyncHttpClient-1-2] DEBUG org.asynchttpclient.netty.handler.HttpHandler - 

Request DefaultHttpRequest(decodeResult: success, version: HTTP/1.1)
POST /session/541e5fbff23d86bb83d3a1a7e5bf5bb4/element HTTP/1.1
User-Agent: selenium/4.6.0 (java windows)
Content-Length: 115
Content-Type: application/json; charset=utf-8
host: localhost:26374
accept: */*

Response DefaultHttpResponse(decodeResult: success, version: HTTP/1.1)
HTTP/1.1 200 OK
Content-Type: application/json; charset=utf-8
cache-control: no-cache
content-length: 95

12:03:39.791 [AsyncHttpClient-1-2] DEBUG org.asynchttpclient.netty.channel.ChannelManager - Adding key: http://localhost:26374 for channel [id: 0x5e9e9eb4, L:/127.0.0.1:64175 - R:localhost/127.0.0.1:26374]
12:03:39.792 [Forwarding clickElement on session 541e5fbff23d86bb83d3a1a7e5bf5bb4 to remote] DEBUG org.asynchttpclient.netty.request.NettyRequestSender - Using pooled Channel '[id: 0x5e9e9eb4, L:/127.0.0.1:64175 - R:localhost/127.0.0.1:26374]' for 'POST' to 'http://localhost:26374/session/541e5fbff23d86bb83d3a1a7e5bf5bb4/element/4F1249A60E92E9151E27D39C314C0246_element_71/click'
12:03:39.792 [Forwarding clickElement on session 541e5fbff23d86bb83d3a1a7e5bf5bb4 to remote] DEBUG org.asynchttpclient.netty.request.NettyRequestSender - Using open Channel [id: 0x5e9e9eb4, L:/127.0.0.1:64175 - R:localhost/127.0.0.1:26374] for POST '/session/541e5fbff23d86bb83d3a1a7e5bf5bb4/element/4F1249A60E92E9151E27D39C314C0246_element_71/click'
12:03:39.870 [AsyncHttpClient-1-2] DEBUG org.asynchttpclient.netty.handler.HttpHandler - 

Request DefaultHttpRequest(decodeResult: success, version: HTTP/1.1)
POST /session/541e5fbff23d86bb83d3a1a7e5bf5bb4/element/4F1249A60E92E9151E27D39C314C0246_element_71/click HTTP/1.1
User-Agent: selenium/4.6.0 (java windows)
Content-Length: 57
Content-Type: application/json; charset=utf-8
host: localhost:26374
accept: */*

Response DefaultHttpResponse(decodeResult: success, version: HTTP/1.1)
HTTP/1.1 200 OK
Content-Type: application/json; charset=utf-8
cache-control: no-cache
content-length: 14

12:03:39.870 [AsyncHttpClient-1-2] DEBUG org.asynchttpclient.netty.channel.ChannelManager - Adding key: http://localhost:26374 for channel [id: 0x5e9e9eb4, L:/127.0.0.1:64175 - R:localhost/127.0.0.1:26374]
12:03:39.964 [AsyncHttpClient-1-1] DEBUG org.asynchttpclient.netty.channel.DefaultChannelPool - Entry count for : http://localhost:64176 : 1
12:03:39.964 [AsyncHttpClient-1-1] DEBUG org.asynchttpclient.netty.channel.DefaultChannelPool - Entry count for : http://localhost:26374 : 1
12:03:39.980 [Forwarding getCurrentWindowHandle on session 541e5fbff23d86bb83d3a1a7e5bf5bb4 to remote] DEBUG org.asynchttpclient.netty.request.NettyRequestSender - Using pooled Channel '[id: 0x5e9e9eb4, L:/127.0.0.1:64175 - R:localhost/127.0.0.1:26374]' for 'GET' to 'http://localhost:26374/session/541e5fbff23d86bb83d3a1a7e5bf5bb4/window'
12:03:39.981 [Forwarding getCurrentWindowHandle on session 541e5fbff23d86bb83d3a1a7e5bf5bb4 to remote] DEBUG org.asynchttpclient.netty.request.NettyRequestSender - Using open Channel [id: 0x5e9e9eb4, L:/127.0.0.1:64175 - R:localhost/127.0.0.1:26374] for GET '/session/541e5fbff23d86bb83d3a1a7e5bf5bb4/window'
12:03:39.983 [AsyncHttpClient-1-2] DEBUG org.asynchttpclient.netty.handler.HttpHandler - 

Request DefaultFullHttpRequest(decodeResult: success, version: HTTP/1.1, content: EmptyByteBufBE)
GET /session/541e5fbff23d86bb83d3a1a7e5bf5bb4/window HTTP/1.1
User-Agent: selenium/4.6.0 (java windows)
Cache-Control: no-cache
Content-Type: application/json; charset=utf-8
host: localhost:26374
accept: */*

Response DefaultHttpResponse(decodeResult: success, version: HTTP/1.1)
HTTP/1.1 200 OK
Content-Type: application/json; charset=utf-8
cache-control: no-cache
content-length: 44

12:03:39.983 [AsyncHttpClient-1-2] DEBUG org.asynchttpclient.netty.channel.ChannelManager - Adding key: http://localhost:26374 for channel [id: 0x5e9e9eb4, L:/127.0.0.1:64175 - R:localhost/127.0.0.1:26374]
12:03:40.031 [Forwarding getAlertText on session 541e5fbff23d86bb83d3a1a7e5bf5bb4 to remote] DEBUG org.asynchttpclient.netty.request.NettyRequestSender - Using pooled Channel '[id: 0x5e9e9eb4, L:/127.0.0.1:64175 - R:localhost/127.0.0.1:26374]' for 'GET' to 'http://localhost:26374/session/541e5fbff23d86bb83d3a1a7e5bf5bb4/alert/text'
12:03:40.031 [Forwarding getAlertText on session 541e5fbff23d86bb83d3a1a7e5bf5bb4 to remote] DEBUG org.asynchttpclient.netty.request.NettyRequestSender - Using open Channel [id: 0x5e9e9eb4, L:/127.0.0.1:64175 - R:localhost/127.0.0.1:26374] for GET '/session/541e5fbff23d86bb83d3a1a7e5bf5bb4/alert/text'
12:03:40.033 [AsyncHttpClient-1-2] DEBUG org.asynchttpclient.netty.handler.HttpHandler - 

Request DefaultFullHttpRequest(decodeResult: success, version: HTTP/1.1, content: EmptyByteBufBE)
GET /session/541e5fbff23d86bb83d3a1a7e5bf5bb4/alert/text HTTP/1.1
User-Agent: selenium/4.6.0 (java windows)
Cache-Control: no-cache
Content-Type: application/json; charset=utf-8
host: localhost:26374
accept: */*

Response DefaultHttpResponse(decodeResult: success, version: HTTP/1.1)
HTTP/1.1 404 Not Found
Content-Type: application/json; charset=utf-8
cache-control: no-cache
content-length: 848

12:03:40.034 [AsyncHttpClient-1-2] DEBUG org.asynchttpclient.netty.channel.ChannelManager - Adding key: http://localhost:26374 for channel [id: 0x5e9e9eb4, L:/127.0.0.1:64175 - R:localhost/127.0.0.1:26374]
12:03:40.063 [Forwarding switchToWindow on session 541e5fbff23d86bb83d3a1a7e5bf5bb4 to remote] DEBUG org.asynchttpclient.netty.request.NettyRequestSender - Using pooled Channel '[id: 0x5e9e9eb4, L:/127.0.0.1:64175 - R:localhost/127.0.0.1:26374]' for 'POST' to 'http://localhost:26374/session/541e5fbff23d86bb83d3a1a7e5bf5bb4/window'
12:03:40.064 [Forwarding switchToWindow on session 541e5fbff23d86bb83d3a1a7e5bf5bb4 to remote] DEBUG org.asynchttpclient.netty.request.NettyRequestSender - Using open Channel [id: 0x5e9e9eb4, L:/127.0.0.1:64175 - R:localhost/127.0.0.1:26374] for POST '/session/541e5fbff23d86bb83d3a1a7e5bf5bb4/window'
12:03:40.072 [AsyncHttpClient-1-2] DEBUG org.asynchttpclient.netty.handler.HttpHandler - 

Request DefaultHttpRequest(decodeResult: success, version: HTTP/1.1)
POST /session/541e5fbff23d86bb83d3a1a7e5bf5bb4/window HTTP/1.1
User-Agent: selenium/4.6.0 (java windows)
Content-Length: 50
Content-Type: application/json; charset=utf-8
host: localhost:26374
accept: */*

Response DefaultHttpResponse(decodeResult: success, version: HTTP/1.1)
HTTP/1.1 200 OK
Content-Type: application/json; charset=utf-8
cache-control: no-cache
content-length: 14

12:03:40.073 [AsyncHttpClient-1-2] DEBUG org.asynchttpclient.netty.channel.ChannelManager - Adding key: http://localhost:26374 for channel [id: 0x5e9e9eb4, L:/127.0.0.1:64175 - R:localhost/127.0.0.1:26374]
12:03:40.074 [Forwarding getCurrentUrl on session 541e5fbff23d86bb83d3a1a7e5bf5bb4 to remote] DEBUG org.asynchttpclient.netty.request.NettyRequestSender - Using pooled Channel '[id: 0x5e9e9eb4, L:/127.0.0.1:64175 - R:localhost/127.0.0.1:26374]' for 'GET' to 'http://localhost:26374/session/541e5fbff23d86bb83d3a1a7e5bf5bb4/url'
12:03:40.074 [Forwarding getCurrentUrl on session 541e5fbff23d86bb83d3a1a7e5bf5bb4 to remote] DEBUG org.asynchttpclient.netty.request.NettyRequestSender - Using open Channel [id: 0x5e9e9eb4, L:/127.0.0.1:64175 - R:localhost/127.0.0.1:26374] for GET '/session/541e5fbff23d86bb83d3a1a7e5bf5bb4/url'
12:03:40.088 [AsyncHttpClient-1-2] DEBUG org.asynchttpclient.netty.handler.HttpHandler - 

Request DefaultFullHttpRequest(decodeResult: success, version: HTTP/1.1, content: EmptyByteBufBE)
GET /session/541e5fbff23d86bb83d3a1a7e5bf5bb4/url HTTP/1.1
User-Agent: selenium/4.6.0 (java windows)
Cache-Control: no-cache
Content-Type: application/json; charset=utf-8
host: localhost:26374
accept: */*

Response DefaultHttpResponse(decodeResult: success, version: HTTP/1.1)
HTTP/1.1 200 OK
Content-Type: application/json; charset=utf-8
cache-control: no-cache
content-length: 38

12:03:40.089 [AsyncHttpClient-1-2] DEBUG org.asynchttpclient.netty.channel.ChannelManager - Adding key: http://localhost:26374 for channel [id: 0x5e9e9eb4, L:/127.0.0.1:64175 - R:localhost/127.0.0.1:26374]
12:03:40.090 [Forwarding screenshot on session 541e5fbff23d86bb83d3a1a7e5bf5bb4 to remote] DEBUG org.asynchttpclient.netty.request.NettyRequestSender - Using pooled Channel '[id: 0x5e9e9eb4, L:/127.0.0.1:64175 - R:localhost/127.0.0.1:26374]' for 'GET' to 'http://localhost:26374/session/541e5fbff23d86bb83d3a1a7e5bf5bb4/screenshot'
12:03:40.091 [Forwarding screenshot on session 541e5fbff23d86bb83d3a1a7e5bf5bb4 to remote] DEBUG org.asynchttpclient.netty.request.NettyRequestSender - Using open Channel [id: 0x5e9e9eb4, L:/127.0.0.1:64175 - R:localhost/127.0.0.1:26374] for GET '/session/541e5fbff23d86bb83d3a1a7e5bf5bb4/screenshot'
12:03:40.429 [AsyncHttpClient-1-2] DEBUG org.asynchttpclient.netty.handler.HttpHandler - 

Request DefaultFullHttpRequest(decodeResult: success, version: HTTP/1.1, content: EmptyByteBufBE)
GET /session/541e5fbff23d86bb83d3a1a7e5bf5bb4/screenshot HTTP/1.1
User-Agent: selenium/4.6.0 (java windows)
Cache-Control: no-cache
Content-Type: application/json; charset=utf-8
host: localhost:26374
accept: */*

Response DefaultHttpResponse(decodeResult: success, version: HTTP/1.1)
HTTP/1.1 200 OK
Content-Type: application/json; charset=utf-8
cache-control: no-cache
content-length: 426464

12:03:40.431 [AsyncHttpClient-1-2] DEBUG org.asynchttpclient.netty.channel.ChannelManager - Adding key: http://localhost:26374 for channel [id: 0x5e9e9eb4, L:/127.0.0.1:64175 - R:localhost/127.0.0.1:26374]
12:03:40.453 [Test worker] DEBUG net.serenitybdd.core.photography.Darkroom - Send negative for processing for C:\Users\Usuario\Documents\retoAutomatizacion\e2e\RetoDemoBlaze\target\site\serenity\34e357eed3c01ffbabd6fafcd2ac49bce192bb73fb4e8a1e82a89a5b22b840ec.png
12:03:40.453 [Test worker] DEBUG net.thucydides.core.steps.StepInterceptor - STEP DONE: {0} clicks on #target
12:03:40.453 [Darkroom Processing Line] DEBUG net.serenitybdd.core.photography.DarkroomProcessingLine - Processing screenshot image in /var/screenshots/screenshot-17006526270004594288
12:03:40.453 [Darkroom Processing Line] DEBUG net.serenitybdd.core.photography.DarkroomProcessingLine - Saving screenshot to C:\Users\Usuario\Documents\retoAutomatizacion\e2e\RetoDemoBlaze\target\site\serenity\34e357eed3c01ffbabd6fafcd2ac49bce192bb73fb4e8a1e82a89a5b22b840ec.png
12:03:40.496 [Test worker] DEBUG net.serenitybdd.screenplay.targets.IFrameSwitcher - default content already selected for Username
12:03:40.511 [Forwarding findElements on session 541e5fbff23d86bb83d3a1a7e5bf5bb4 to remote] DEBUG org.asynchttpclient.netty.request.NettyRequestSender - Using pooled Channel '[id: 0x5e9e9eb4, L:/127.0.0.1:64175 - R:localhost/127.0.0.1:26374]' for 'POST' to 'http://localhost:26374/session/541e5fbff23d86bb83d3a1a7e5bf5bb4/elements'
12:03:40.511 [Forwarding findElements on session 541e5fbff23d86bb83d3a1a7e5bf5bb4 to remote] DEBUG org.asynchttpclient.netty.request.NettyRequestSender - Using open Channel [id: 0x5e9e9eb4, L:/127.0.0.1:64175 - R:localhost/127.0.0.1:26374] for POST '/session/541e5fbff23d86bb83d3a1a7e5bf5bb4/elements'
12:03:40.524 [AsyncHttpClient-1-2] DEBUG org.asynchttpclient.netty.handler.HttpHandler - 

Request DefaultHttpRequest(decodeResult: success, version: HTTP/1.1)
POST /session/541e5fbff23d86bb83d3a1a7e5bf5bb4/elements HTTP/1.1
User-Agent: selenium/4.6.0 (java windows)
Content-Length: 55
Content-Type: application/json; charset=utf-8
host: localhost:26374
accept: */*

Response DefaultHttpResponse(decodeResult: success, version: HTTP/1.1)
HTTP/1.1 200 OK
Content-Type: application/json; charset=utf-8
cache-control: no-cache
content-length: 97

12:03:40.524 [AsyncHttpClient-1-2] DEBUG org.asynchttpclient.netty.channel.ChannelManager - Adding key: http://localhost:26374 for channel [id: 0x5e9e9eb4, L:/127.0.0.1:64175 - R:localhost/127.0.0.1:26374]
12:03:40.569 [Forwarding isElementDisplayed on session 541e5fbff23d86bb83d3a1a7e5bf5bb4 to remote] DEBUG org.asynchttpclient.netty.request.NettyRequestSender - Using pooled Channel '[id: 0x5e9e9eb4, L:/127.0.0.1:64175 - R:localhost/127.0.0.1:26374]' for 'POST' to 'http://localhost:26374/session/541e5fbff23d86bb83d3a1a7e5bf5bb4/execute/sync'
12:03:40.569 [Forwarding isElementDisplayed on session 541e5fbff23d86bb83d3a1a7e5bf5bb4 to remote] DEBUG org.asynchttpclient.netty.request.NettyRequestSender - Using open Channel [id: 0x5e9e9eb4, L:/127.0.0.1:64175 - R:localhost/127.0.0.1:26374] for POST '/session/541e5fbff23d86bb83d3a1a7e5bf5bb4/execute/sync'
12:03:40.580 [AsyncHttpClient-1-2] DEBUG org.asynchttpclient.netty.handler.HttpHandler - 

Request DefaultHttpRequest(decodeResult: success, version: HTTP/1.1)
POST /session/541e5fbff23d86bb83d3a1a7e5bf5bb4/execute/sync HTTP/1.1
User-Agent: selenium/4.6.0 (java windows)
Content-Length: 48787
Content-Type: application/json; charset=utf-8
host: localhost:26374
accept: */*

Response DefaultHttpResponse(decodeResult: success, version: HTTP/1.1)
HTTP/1.1 200 OK
Content-Type: application/json; charset=utf-8
cache-control: no-cache
content-length: 15

12:03:40.580 [AsyncHttpClient-1-2] DEBUG org.asynchttpclient.netty.channel.ChannelManager - Adding key: http://localhost:26374 for channel [id: 0x5e9e9eb4, L:/127.0.0.1:64175 - R:localhost/127.0.0.1:26374]
12:03:40.694 [Forwarding isElementDisplayed on session 541e5fbff23d86bb83d3a1a7e5bf5bb4 to remote] DEBUG org.asynchttpclient.netty.request.NettyRequestSender - Using pooled Channel '[id: 0x5e9e9eb4, L:/127.0.0.1:64175 - R:localhost/127.0.0.1:26374]' for 'POST' to 'http://localhost:26374/session/541e5fbff23d86bb83d3a1a7e5bf5bb4/execute/sync'
12:03:40.695 [Forwarding isElementDisplayed on session 541e5fbff23d86bb83d3a1a7e5bf5bb4 to remote] DEBUG org.asynchttpclient.netty.request.NettyRequestSender - Using open Channel [id: 0x5e9e9eb4, L:/127.0.0.1:64175 - R:localhost/127.0.0.1:26374] for POST '/session/541e5fbff23d86bb83d3a1a7e5bf5bb4/execute/sync'
12:03:41.072 [AsyncHttpClient-1-1] DEBUG org.asynchttpclient.netty.channel.DefaultChannelPool - Entry count for : http://localhost:64176 : 1
12:03:42.072 [AsyncHttpClient-1-2] DEBUG org.asynchttpclient.netty.handler.HttpHandler - 

Request DefaultHttpRequest(decodeResult: success, version: HTTP/1.1)
POST /session/541e5fbff23d86bb83d3a1a7e5bf5bb4/execute/sync HTTP/1.1
User-Agent: selenium/4.6.0 (java windows)
Content-Length: 48787
Content-Type: application/json; charset=utf-8
host: localhost:26374
accept: */*

Response DefaultHttpResponse(decodeResult: success, version: HTTP/1.1)
HTTP/1.1 404 Not Found
Content-Type: application/json; charset=utf-8
cache-control: no-cache
content-length: 1005

12:03:42.072 [AsyncHttpClient-1-2] DEBUG org.asynchttpclient.netty.channel.ChannelManager - Adding key: http://localhost:26374 for channel [id: 0x5e9e9eb4, L:/127.0.0.1:64175 - R:localhost/127.0.0.1:26374]
12:03:42.127 [Forwarding isElementDisplayed on session 541e5fbff23d86bb83d3a1a7e5bf5bb4 to remote] DEBUG org.asynchttpclient.netty.request.NettyRequestSender - Using pooled Channel '[id: 0x5e9e9eb4, L:/127.0.0.1:64175 - R:localhost/127.0.0.1:26374]' for 'POST' to 'http://localhost:26374/session/541e5fbff23d86bb83d3a1a7e5bf5bb4/execute/sync'
12:03:42.128 [Forwarding isElementDisplayed on session 541e5fbff23d86bb83d3a1a7e5bf5bb4 to remote] DEBUG org.asynchttpclient.netty.request.NettyRequestSender - Using open Channel [id: 0x5e9e9eb4, L:/127.0.0.1:64175 - R:localhost/127.0.0.1:26374] for POST '/session/541e5fbff23d86bb83d3a1a7e5bf5bb4/execute/sync'
12:03:42.161 [AsyncHttpClient-1-2] DEBUG org.asynchttpclient.netty.handler.HttpHandler - 

Request DefaultHttpRequest(decodeResult: success, version: HTTP/1.1)
POST /session/541e5fbff23d86bb83d3a1a7e5bf5bb4/execute/sync HTTP/1.1
User-Agent: selenium/4.6.0 (java windows)
Content-Length: 48787
Content-Type: application/json; charset=utf-8
host: localhost:26374
accept: */*

Response DefaultHttpResponse(decodeResult: success, version: HTTP/1.1)
HTTP/1.1 404 Not Found
Content-Type: application/json; charset=utf-8
cache-control: no-cache
content-length: 1005

12:03:42.162 [AsyncHttpClient-1-2] DEBUG org.asynchttpclient.netty.channel.ChannelManager - Adding key: http://localhost:26374 for channel [id: 0x5e9e9eb4, L:/127.0.0.1:64175 - R:localhost/127.0.0.1:26374]
12:03:42.167 [AsyncHttpClient-1-1] DEBUG org.asynchttpclient.netty.channel.DefaultChannelPool - Entry count for : http://localhost:64176 : 1
12:03:42.167 [AsyncHttpClient-1-1] DEBUG org.asynchttpclient.netty.channel.DefaultChannelPool - Entry count for : http://localhost:26374 : 1
12:03:42.357 [Test worker] DEBUG net.serenitybdd.screenplay.targets.IFrameSwitcher - default content already selected for Username
12:03:42.380 [Forwarding findElements on session 541e5fbff23d86bb83d3a1a7e5bf5bb4 to remote] DEBUG org.asynchttpclient.netty.request.NettyRequestSender - Using pooled Channel '[id: 0x5e9e9eb4, L:/127.0.0.1:64175 - R:localhost/127.0.0.1:26374]' for 'POST' to 'http://localhost:26374/session/541e5fbff23d86bb83d3a1a7e5bf5bb4/elements'
12:03:42.380 [Forwarding findElements on session 541e5fbff23d86bb83d3a1a7e5bf5bb4 to remote] DEBUG org.asynchttpclient.netty.request.NettyRequestSender - Using open Channel [id: 0x5e9e9eb4, L:/127.0.0.1:64175 - R:localhost/127.0.0.1:26374] for POST '/session/541e5fbff23d86bb83d3a1a7e5bf5bb4/elements'
12:03:42.397 [AsyncHttpClient-1-2] DEBUG org.asynchttpclient.netty.handler.HttpHandler - 

Request DefaultHttpRequest(decodeResult: success, version: HTTP/1.1)
POST /session/541e5fbff23d86bb83d3a1a7e5bf5bb4/elements HTTP/1.1
User-Agent: selenium/4.6.0 (java windows)
Content-Length: 55
Content-Type: application/json; charset=utf-8
host: localhost:26374
accept: */*

Response DefaultHttpResponse(decodeResult: success, version: HTTP/1.1)
HTTP/1.1 200 OK
Content-Type: application/json; charset=utf-8
cache-control: no-cache
content-length: 98

12:03:42.397 [AsyncHttpClient-1-2] DEBUG org.asynchttpclient.netty.channel.ChannelManager - Adding key: http://localhost:26374 for channel [id: 0x5e9e9eb4, L:/127.0.0.1:64175 - R:localhost/127.0.0.1:26374]
12:03:42.463 [Forwarding isElementDisplayed on session 541e5fbff23d86bb83d3a1a7e5bf5bb4 to remote] DEBUG org.asynchttpclient.netty.request.NettyRequestSender - Using pooled Channel '[id: 0x5e9e9eb4, L:/127.0.0.1:64175 - R:localhost/127.0.0.1:26374]' for 'POST' to 'http://localhost:26374/session/541e5fbff23d86bb83d3a1a7e5bf5bb4/execute/sync'
12:03:42.464 [Forwarding isElementDisplayed on session 541e5fbff23d86bb83d3a1a7e5bf5bb4 to remote] DEBUG org.asynchttpclient.netty.request.NettyRequestSender - Using open Channel [id: 0x5e9e9eb4, L:/127.0.0.1:64175 - R:localhost/127.0.0.1:26374] for POST '/session/541e5fbff23d86bb83d3a1a7e5bf5bb4/execute/sync'
12:03:42.482 [AsyncHttpClient-1-2] DEBUG org.asynchttpclient.netty.handler.HttpHandler - 

Request DefaultHttpRequest(decodeResult: success, version: HTTP/1.1)
POST /session/541e5fbff23d86bb83d3a1a7e5bf5bb4/execute/sync HTTP/1.1
User-Agent: selenium/4.6.0 (java windows)
Content-Length: 48788
Content-Type: application/json; charset=utf-8
host: localhost:26374
accept: */*

Response DefaultHttpResponse(decodeResult: success, version: HTTP/1.1)
HTTP/1.1 200 OK
Content-Type: application/json; charset=utf-8
cache-control: no-cache
content-length: 15

12:03:42.483 [AsyncHttpClient-1-2] DEBUG org.asynchttpclient.netty.channel.ChannelManager - Adding key: http://localhost:26374 for channel [id: 0x5e9e9eb4, L:/127.0.0.1:64175 - R:localhost/127.0.0.1:26374]
12:03:42.607 [Forwarding isElementDisplayed on session 541e5fbff23d86bb83d3a1a7e5bf5bb4 to remote] DEBUG org.asynchttpclient.netty.request.NettyRequestSender - Using pooled Channel '[id: 0x5e9e9eb4, L:/127.0.0.1:64175 - R:localhost/127.0.0.1:26374]' for 'POST' to 'http://localhost:26374/session/541e5fbff23d86bb83d3a1a7e5bf5bb4/execute/sync'
12:03:42.607 [Forwarding isElementDisplayed on session 541e5fbff23d86bb83d3a1a7e5bf5bb4 to remote] DEBUG org.asynchttpclient.netty.request.NettyRequestSender - Using open Channel [id: 0x5e9e9eb4, L:/127.0.0.1:64175 - R:localhost/127.0.0.1:26374] for POST '/session/541e5fbff23d86bb83d3a1a7e5bf5bb4/execute/sync'
12:03:42.624 [AsyncHttpClient-1-2] DEBUG org.asynchttpclient.netty.handler.HttpHandler - 

Request DefaultHttpRequest(decodeResult: success, version: HTTP/1.1)
POST /session/541e5fbff23d86bb83d3a1a7e5bf5bb4/execute/sync HTTP/1.1
User-Agent: selenium/4.6.0 (java windows)
Content-Length: 48788
Content-Type: application/json; charset=utf-8
host: localhost:26374
accept: */*

Response DefaultHttpResponse(decodeResult: success, version: HTTP/1.1)
HTTP/1.1 200 OK
Content-Type: application/json; charset=utf-8
cache-control: no-cache
content-length: 15

12:03:42.624 [AsyncHttpClient-1-2] DEBUG org.asynchttpclient.netty.channel.ChannelManager - Adding key: http://localhost:26374 for channel [id: 0x5e9e9eb4, L:/127.0.0.1:64175 - R:localhost/127.0.0.1:26374]
12:03:42.732 [Forwarding isElementDisplayed on session 541e5fbff23d86bb83d3a1a7e5bf5bb4 to remote] DEBUG org.asynchttpclient.netty.request.NettyRequestSender - Using pooled Channel '[id: 0x5e9e9eb4, L:/127.0.0.1:64175 - R:localhost/127.0.0.1:26374]' for 'POST' to 'http://localhost:26374/session/541e5fbff23d86bb83d3a1a7e5bf5bb4/execute/sync'
12:03:42.732 [Forwarding isElementDisplayed on session 541e5fbff23d86bb83d3a1a7e5bf5bb4 to remote] DEBUG org.asynchttpclient.netty.request.NettyRequestSender - Using open Channel [id: 0x5e9e9eb4, L:/127.0.0.1:64175 - R:localhost/127.0.0.1:26374] for POST '/session/541e5fbff23d86bb83d3a1a7e5bf5bb4/execute/sync'
12:03:42.745 [AsyncHttpClient-1-2] DEBUG org.asynchttpclient.netty.handler.HttpHandler - 

Request DefaultHttpRequest(decodeResult: success, version: HTTP/1.1)
POST /session/541e5fbff23d86bb83d3a1a7e5bf5bb4/execute/sync HTTP/1.1
User-Agent: selenium/4.6.0 (java windows)
Content-Length: 48788
Content-Type: application/json; charset=utf-8
host: localhost:26374
accept: */*

Response DefaultHttpResponse(decodeResult: success, version: HTTP/1.1)
HTTP/1.1 200 OK
Content-Type: application/json; charset=utf-8
cache-control: no-cache
content-length: 15

12:03:42.746 [AsyncHttpClient-1-2] DEBUG org.asynchttpclient.netty.channel.ChannelManager - Adding key: http://localhost:26374 for channel [id: 0x5e9e9eb4, L:/127.0.0.1:64175 - R:localhost/127.0.0.1:26374]
12:03:42.856 [Forwarding isElementDisplayed on session 541e5fbff23d86bb83d3a1a7e5bf5bb4 to remote] DEBUG org.asynchttpclient.netty.request.NettyRequestSender - Using pooled Channel '[id: 0x5e9e9eb4, L:/127.0.0.1:64175 - R:localhost/127.0.0.1:26374]' for 'POST' to 'http://localhost:26374/session/541e5fbff23d86bb83d3a1a7e5bf5bb4/execute/sync'
12:03:42.856 [Forwarding isElementDisplayed on session 541e5fbff23d86bb83d3a1a7e5bf5bb4 to remote] DEBUG org.asynchttpclient.netty.request.NettyRequestSender - Using open Channel [id: 0x5e9e9eb4, L:/127.0.0.1:64175 - R:localhost/127.0.0.1:26374] for POST '/session/541e5fbff23d86bb83d3a1a7e5bf5bb4/execute/sync'
12:03:42.928 [AsyncHttpClient-1-2] DEBUG org.asynchttpclient.netty.handler.HttpHandler - 

Request DefaultHttpRequest(decodeResult: success, version: HTTP/1.1)
POST /session/541e5fbff23d86bb83d3a1a7e5bf5bb4/execute/sync HTTP/1.1
User-Agent: selenium/4.6.0 (java windows)
Content-Length: 48788
Content-Type: application/json; charset=utf-8
host: localhost:26374
accept: */*

Response DefaultHttpResponse(decodeResult: success, version: HTTP/1.1)
HTTP/1.1 200 OK
Content-Type: application/json; charset=utf-8
cache-control: no-cache
content-length: 14

12:03:42.928 [AsyncHttpClient-1-2] DEBUG org.asynchttpclient.netty.channel.ChannelManager - Adding key: http://localhost:26374 for channel [id: 0x5e9e9eb4, L:/127.0.0.1:64175 - R:localhost/127.0.0.1:26374]
12:03:42.933 [Forwarding isElementDisplayed on session 541e5fbff23d86bb83d3a1a7e5bf5bb4 to remote] DEBUG org.asynchttpclient.netty.request.NettyRequestSender - Using pooled Channel '[id: 0x5e9e9eb4, L:/127.0.0.1:64175 - R:localhost/127.0.0.1:26374]' for 'POST' to 'http://localhost:26374/session/541e5fbff23d86bb83d3a1a7e5bf5bb4/execute/sync'
12:03:42.933 [Forwarding isElementDisplayed on session 541e5fbff23d86bb83d3a1a7e5bf5bb4 to remote] DEBUG org.asynchttpclient.netty.request.NettyRequestSender - Using open Channel [id: 0x5e9e9eb4, L:/127.0.0.1:64175 - R:localhost/127.0.0.1:26374] for POST '/session/541e5fbff23d86bb83d3a1a7e5bf5bb4/execute/sync'
12:03:42.946 [AsyncHttpClient-1-2] DEBUG org.asynchttpclient.netty.handler.HttpHandler - 

Request DefaultHttpRequest(decodeResult: success, version: HTTP/1.1)
POST /session/541e5fbff23d86bb83d3a1a7e5bf5bb4/execute/sync HTTP/1.1
User-Agent: selenium/4.6.0 (java windows)
Content-Length: 48788
Content-Type: application/json; charset=utf-8
host: localhost:26374
accept: */*

Response DefaultHttpResponse(decodeResult: success, version: HTTP/1.1)
HTTP/1.1 200 OK
Content-Type: application/json; charset=utf-8
cache-control: no-cache
content-length: 14

12:03:42.947 [AsyncHttpClient-1-2] DEBUG org.asynchttpclient.netty.channel.ChannelManager - Adding key: http://localhost:26374 for channel [id: 0x5e9e9eb4, L:/127.0.0.1:64175 - R:localhost/127.0.0.1:26374]
12:03:43.076 [Forwarding getCurrentWindowHandle on session 541e5fbff23d86bb83d3a1a7e5bf5bb4 to remote] DEBUG org.asynchttpclient.netty.request.NettyRequestSender - Using pooled Channel '[id: 0x5e9e9eb4, L:/127.0.0.1:64175 - R:localhost/127.0.0.1:26374]' for 'GET' to 'http://localhost:26374/session/541e5fbff23d86bb83d3a1a7e5bf5bb4/window'
12:03:43.076 [Forwarding getCurrentWindowHandle on session 541e5fbff23d86bb83d3a1a7e5bf5bb4 to remote] DEBUG org.asynchttpclient.netty.request.NettyRequestSender - Using open Channel [id: 0x5e9e9eb4, L:/127.0.0.1:64175 - R:localhost/127.0.0.1:26374] for GET '/session/541e5fbff23d86bb83d3a1a7e5bf5bb4/window'
12:03:43.077 [AsyncHttpClient-1-2] DEBUG org.asynchttpclient.netty.handler.HttpHandler - 

Request DefaultFullHttpRequest(decodeResult: success, version: HTTP/1.1, content: EmptyByteBufBE)
GET /session/541e5fbff23d86bb83d3a1a7e5bf5bb4/window HTTP/1.1
User-Agent: selenium/4.6.0 (java windows)
Cache-Control: no-cache
Content-Type: application/json; charset=utf-8
host: localhost:26374
accept: */*

Response DefaultHttpResponse(decodeResult: success, version: HTTP/1.1)
HTTP/1.1 200 OK
Content-Type: application/json; charset=utf-8
cache-control: no-cache
content-length: 44

12:03:43.077 [AsyncHttpClient-1-2] DEBUG org.asynchttpclient.netty.channel.ChannelManager - Adding key: http://localhost:26374 for channel [id: 0x5e9e9eb4, L:/127.0.0.1:64175 - R:localhost/127.0.0.1:26374]
12:03:43.103 [Forwarding getAlertText on session 541e5fbff23d86bb83d3a1a7e5bf5bb4 to remote] DEBUG org.asynchttpclient.netty.request.NettyRequestSender - Using pooled Channel '[id: 0x5e9e9eb4, L:/127.0.0.1:64175 - R:localhost/127.0.0.1:26374]' for 'GET' to 'http://localhost:26374/session/541e5fbff23d86bb83d3a1a7e5bf5bb4/alert/text'
12:03:43.103 [Forwarding getAlertText on session 541e5fbff23d86bb83d3a1a7e5bf5bb4 to remote] DEBUG org.asynchttpclient.netty.request.NettyRequestSender - Using open Channel [id: 0x5e9e9eb4, L:/127.0.0.1:64175 - R:localhost/127.0.0.1:26374] for GET '/session/541e5fbff23d86bb83d3a1a7e5bf5bb4/alert/text'
12:03:43.106 [AsyncHttpClient-1-2] DEBUG org.asynchttpclient.netty.handler.HttpHandler - 

Request DefaultFullHttpRequest(decodeResult: success, version: HTTP/1.1, content: EmptyByteBufBE)
GET /session/541e5fbff23d86bb83d3a1a7e5bf5bb4/alert/text HTTP/1.1
User-Agent: selenium/4.6.0 (java windows)
Cache-Control: no-cache
Content-Type: application/json; charset=utf-8
host: localhost:26374
accept: */*

Response DefaultHttpResponse(decodeResult: success, version: HTTP/1.1)
HTTP/1.1 404 Not Found
Content-Type: application/json; charset=utf-8
cache-control: no-cache
content-length: 848

12:03:43.106 [AsyncHttpClient-1-2] DEBUG org.asynchttpclient.netty.channel.ChannelManager - Adding key: http://localhost:26374 for channel [id: 0x5e9e9eb4, L:/127.0.0.1:64175 - R:localhost/127.0.0.1:26374]
12:03:43.127 [Forwarding switchToWindow on session 541e5fbff23d86bb83d3a1a7e5bf5bb4 to remote] DEBUG org.asynchttpclient.netty.request.NettyRequestSender - Using pooled Channel '[id: 0x5e9e9eb4, L:/127.0.0.1:64175 - R:localhost/127.0.0.1:26374]' for 'POST' to 'http://localhost:26374/session/541e5fbff23d86bb83d3a1a7e5bf5bb4/window'
12:03:43.127 [Forwarding switchToWindow on session 541e5fbff23d86bb83d3a1a7e5bf5bb4 to remote] DEBUG org.asynchttpclient.netty.request.NettyRequestSender - Using open Channel [id: 0x5e9e9eb4, L:/127.0.0.1:64175 - R:localhost/127.0.0.1:26374] for POST '/session/541e5fbff23d86bb83d3a1a7e5bf5bb4/window'
12:03:43.129 [AsyncHttpClient-1-2] DEBUG org.asynchttpclient.netty.handler.HttpHandler - 

Request DefaultHttpRequest(decodeResult: success, version: HTTP/1.1)
POST /session/541e5fbff23d86bb83d3a1a7e5bf5bb4/window HTTP/1.1
User-Agent: selenium/4.6.0 (java windows)
Content-Length: 50
Content-Type: application/json; charset=utf-8
host: localhost:26374
accept: */*

Response DefaultHttpResponse(decodeResult: success, version: HTTP/1.1)
HTTP/1.1 200 OK
Content-Type: application/json; charset=utf-8
cache-control: no-cache
content-length: 14

12:03:43.129 [AsyncHttpClient-1-2] DEBUG org.asynchttpclient.netty.channel.ChannelManager - Adding key: http://localhost:26374 for channel [id: 0x5e9e9eb4, L:/127.0.0.1:64175 - R:localhost/127.0.0.1:26374]
12:03:43.130 [Forwarding getCurrentUrl on session 541e5fbff23d86bb83d3a1a7e5bf5bb4 to remote] DEBUG org.asynchttpclient.netty.request.NettyRequestSender - Using pooled Channel '[id: 0x5e9e9eb4, L:/127.0.0.1:64175 - R:localhost/127.0.0.1:26374]' for 'GET' to 'http://localhost:26374/session/541e5fbff23d86bb83d3a1a7e5bf5bb4/url'
12:03:43.130 [Forwarding getCurrentUrl on session 541e5fbff23d86bb83d3a1a7e5bf5bb4 to remote] DEBUG org.asynchttpclient.netty.request.NettyRequestSender - Using open Channel [id: 0x5e9e9eb4, L:/127.0.0.1:64175 - R:localhost/127.0.0.1:26374] for GET '/session/541e5fbff23d86bb83d3a1a7e5bf5bb4/url'
12:03:43.136 [AsyncHttpClient-1-2] DEBUG org.asynchttpclient.netty.handler.HttpHandler - 

Request DefaultFullHttpRequest(decodeResult: success, version: HTTP/1.1, content: EmptyByteBufBE)
GET /session/541e5fbff23d86bb83d3a1a7e5bf5bb4/url HTTP/1.1
User-Agent: selenium/4.6.0 (java windows)
Cache-Control: no-cache
Content-Type: application/json; charset=utf-8
host: localhost:26374
accept: */*

Response DefaultHttpResponse(decodeResult: success, version: HTTP/1.1)
HTTP/1.1 200 OK
Content-Type: application/json; charset=utf-8
cache-control: no-cache
content-length: 38

12:03:43.136 [AsyncHttpClient-1-2] DEBUG org.asynchttpclient.netty.channel.ChannelManager - Adding key: http://localhost:26374 for channel [id: 0x5e9e9eb4, L:/127.0.0.1:64175 - R:localhost/127.0.0.1:26374]
12:03:43.136 [Forwarding screenshot on session 541e5fbff23d86bb83d3a1a7e5bf5bb4 to remote] DEBUG org.asynchttpclient.netty.request.NettyRequestSender - Using pooled Channel '[id: 0x5e9e9eb4, L:/127.0.0.1:64175 - R:localhost/127.0.0.1:26374]' for 'GET' to 'http://localhost:26374/session/541e5fbff23d86bb83d3a1a7e5bf5bb4/screenshot'
12:03:43.136 [Forwarding screenshot on session 541e5fbff23d86bb83d3a1a7e5bf5bb4 to remote] DEBUG org.asynchttpclient.netty.request.NettyRequestSender - Using open Channel [id: 0x5e9e9eb4, L:/127.0.0.1:64175 - R:localhost/127.0.0.1:26374] for GET '/session/541e5fbff23d86bb83d3a1a7e5bf5bb4/screenshot'
12:03:43.270 [AsyncHttpClient-1-1] DEBUG org.asynchttpclient.netty.channel.DefaultChannelPool - Entry count for : http://localhost:64176 : 1
12:03:43.479 [AsyncHttpClient-1-2] DEBUG org.asynchttpclient.netty.handler.HttpHandler - 

Request DefaultFullHttpRequest(decodeResult: success, version: HTTP/1.1, content: EmptyByteBufBE)
GET /session/541e5fbff23d86bb83d3a1a7e5bf5bb4/screenshot HTTP/1.1
User-Agent: selenium/4.6.0 (java windows)
Cache-Control: no-cache
Content-Type: application/json; charset=utf-8
host: localhost:26374
accept: */*

Response DefaultHttpResponse(decodeResult: success, version: HTTP/1.1)
HTTP/1.1 200 OK
Content-Type: application/json; charset=utf-8
cache-control: no-cache
content-length: 703048

12:03:43.483 [AsyncHttpClient-1-2] DEBUG org.asynchttpclient.netty.channel.ChannelManager - Adding key: http://localhost:26374 for channel [id: 0x5e9e9eb4, L:/127.0.0.1:64175 - R:localhost/127.0.0.1:26374]
12:03:43.530 [Test worker] DEBUG net.serenitybdd.core.photography.Darkroom - Send negative for processing for C:\Users\Usuario\Documents\retoAutomatizacion\e2e\RetoDemoBlaze\target\site\serenity\de5e1bc083467faa91594137a9975559ff13738355c69eaf026cf0691c0d4c91.png
12:03:43.530 [Darkroom Processing Line] DEBUG net.serenitybdd.core.photography.DarkroomProcessingLine - Processing screenshot image in /var/screenshots/screenshot-8669334694847881227
12:03:43.531 [Darkroom Processing Line] DEBUG net.serenitybdd.core.photography.DarkroomProcessingLine - Saving screenshot to C:\Users\Usuario\Documents\retoAutomatizacion\e2e\RetoDemoBlaze\target\site\serenity\de5e1bc083467faa91594137a9975559ff13738355c69eaf026cf0691c0d4c91.png
12:03:43.531 [Test worker] DEBUG net.thucydides.core.steps.StepInterceptor - STEP DONE: performAs
12:03:43.616 [Forwarding getCurrentWindowHandle on session 541e5fbff23d86bb83d3a1a7e5bf5bb4 to remote] DEBUG org.asynchttpclient.netty.request.NettyRequestSender - Using pooled Channel '[id: 0x5e9e9eb4, L:/127.0.0.1:64175 - R:localhost/127.0.0.1:26374]' for 'GET' to 'http://localhost:26374/session/541e5fbff23d86bb83d3a1a7e5bf5bb4/window'
12:03:43.616 [Forwarding getCurrentWindowHandle on session 541e5fbff23d86bb83d3a1a7e5bf5bb4 to remote] DEBUG org.asynchttpclient.netty.request.NettyRequestSender - Using open Channel [id: 0x5e9e9eb4, L:/127.0.0.1:64175 - R:localhost/127.0.0.1:26374] for GET '/session/541e5fbff23d86bb83d3a1a7e5bf5bb4/window'
12:03:43.617 [AsyncHttpClient-1-2] DEBUG org.asynchttpclient.netty.handler.HttpHandler - 

Request DefaultFullHttpRequest(decodeResult: success, version: HTTP/1.1, content: EmptyByteBufBE)
GET /session/541e5fbff23d86bb83d3a1a7e5bf5bb4/window HTTP/1.1
User-Agent: selenium/4.6.0 (java windows)
Cache-Control: no-cache
Content-Type: application/json; charset=utf-8
host: localhost:26374
accept: */*

Response DefaultHttpResponse(decodeResult: success, version: HTTP/1.1)
HTTP/1.1 200 OK
Content-Type: application/json; charset=utf-8
cache-control: no-cache
content-length: 44

12:03:43.617 [AsyncHttpClient-1-2] DEBUG org.asynchttpclient.netty.channel.ChannelManager - Adding key: http://localhost:26374 for channel [id: 0x5e9e9eb4, L:/127.0.0.1:64175 - R:localhost/127.0.0.1:26374]
12:03:43.633 [Forwarding getAlertText on session 541e5fbff23d86bb83d3a1a7e5bf5bb4 to remote] DEBUG org.asynchttpclient.netty.request.NettyRequestSender - Using pooled Channel '[id: 0x5e9e9eb4, L:/127.0.0.1:64175 - R:localhost/127.0.0.1:26374]' for 'GET' to 'http://localhost:26374/session/541e5fbff23d86bb83d3a1a7e5bf5bb4/alert/text'
12:03:43.633 [Forwarding getAlertText on session 541e5fbff23d86bb83d3a1a7e5bf5bb4 to remote] DEBUG org.asynchttpclient.netty.request.NettyRequestSender - Using open Channel [id: 0x5e9e9eb4, L:/127.0.0.1:64175 - R:localhost/127.0.0.1:26374] for GET '/session/541e5fbff23d86bb83d3a1a7e5bf5bb4/alert/text'
12:03:43.635 [AsyncHttpClient-1-2] DEBUG org.asynchttpclient.netty.handler.HttpHandler - 

Request DefaultFullHttpRequest(decodeResult: success, version: HTTP/1.1, content: EmptyByteBufBE)
GET /session/541e5fbff23d86bb83d3a1a7e5bf5bb4/alert/text HTTP/1.1
User-Agent: selenium/4.6.0 (java windows)
Cache-Control: no-cache
Content-Type: application/json; charset=utf-8
host: localhost:26374
accept: */*

Response DefaultHttpResponse(decodeResult: success, version: HTTP/1.1)
HTTP/1.1 404 Not Found
Content-Type: application/json; charset=utf-8
cache-control: no-cache
content-length: 848

12:03:43.636 [AsyncHttpClient-1-2] DEBUG org.asynchttpclient.netty.channel.ChannelManager - Adding key: http://localhost:26374 for channel [id: 0x5e9e9eb4, L:/127.0.0.1:64175 - R:localhost/127.0.0.1:26374]
12:03:43.653 [Forwarding switchToWindow on session 541e5fbff23d86bb83d3a1a7e5bf5bb4 to remote] DEBUG org.asynchttpclient.netty.request.NettyRequestSender - Using pooled Channel '[id: 0x5e9e9eb4, L:/127.0.0.1:64175 - R:localhost/127.0.0.1:26374]' for 'POST' to 'http://localhost:26374/session/541e5fbff23d86bb83d3a1a7e5bf5bb4/window'
12:03:43.653 [Forwarding switchToWindow on session 541e5fbff23d86bb83d3a1a7e5bf5bb4 to remote] DEBUG org.asynchttpclient.netty.request.NettyRequestSender - Using open Channel [id: 0x5e9e9eb4, L:/127.0.0.1:64175 - R:localhost/127.0.0.1:26374] for POST '/session/541e5fbff23d86bb83d3a1a7e5bf5bb4/window'
12:03:43.655 [AsyncHttpClient-1-2] DEBUG org.asynchttpclient.netty.handler.HttpHandler - 

Request DefaultHttpRequest(decodeResult: success, version: HTTP/1.1)
POST /session/541e5fbff23d86bb83d3a1a7e5bf5bb4/window HTTP/1.1
User-Agent: selenium/4.6.0 (java windows)
Content-Length: 50
Content-Type: application/json; charset=utf-8
host: localhost:26374
accept: */*

Response DefaultHttpResponse(decodeResult: success, version: HTTP/1.1)
HTTP/1.1 200 OK
Content-Type: application/json; charset=utf-8
cache-control: no-cache
content-length: 14

12:03:43.656 [AsyncHttpClient-1-2] DEBUG org.asynchttpclient.netty.channel.ChannelManager - Adding key: http://localhost:26374 for channel [id: 0x5e9e9eb4, L:/127.0.0.1:64175 - R:localhost/127.0.0.1:26374]
12:03:43.656 [Forwarding getCurrentUrl on session 541e5fbff23d86bb83d3a1a7e5bf5bb4 to remote] DEBUG org.asynchttpclient.netty.request.NettyRequestSender - Using pooled Channel '[id: 0x5e9e9eb4, L:/127.0.0.1:64175 - R:localhost/127.0.0.1:26374]' for 'GET' to 'http://localhost:26374/session/541e5fbff23d86bb83d3a1a7e5bf5bb4/url'
12:03:43.657 [Forwarding getCurrentUrl on session 541e5fbff23d86bb83d3a1a7e5bf5bb4 to remote] DEBUG org.asynchttpclient.netty.request.NettyRequestSender - Using open Channel [id: 0x5e9e9eb4, L:/127.0.0.1:64175 - R:localhost/127.0.0.1:26374] for GET '/session/541e5fbff23d86bb83d3a1a7e5bf5bb4/url'
12:03:43.661 [AsyncHttpClient-1-2] DEBUG org.asynchttpclient.netty.handler.HttpHandler - 

Request DefaultFullHttpRequest(decodeResult: success, version: HTTP/1.1, content: EmptyByteBufBE)
GET /session/541e5fbff23d86bb83d3a1a7e5bf5bb4/url HTTP/1.1
User-Agent: selenium/4.6.0 (java windows)
Cache-Control: no-cache
Content-Type: application/json; charset=utf-8
host: localhost:26374
accept: */*

Response DefaultHttpResponse(decodeResult: success, version: HTTP/1.1)
HTTP/1.1 200 OK
Content-Type: application/json; charset=utf-8
cache-control: no-cache
content-length: 38

12:03:43.661 [AsyncHttpClient-1-2] DEBUG org.asynchttpclient.netty.channel.ChannelManager - Adding key: http://localhost:26374 for channel [id: 0x5e9e9eb4, L:/127.0.0.1:64175 - R:localhost/127.0.0.1:26374]
12:03:43.662 [Forwarding screenshot on session 541e5fbff23d86bb83d3a1a7e5bf5bb4 to remote] DEBUG org.asynchttpclient.netty.request.NettyRequestSender - Using pooled Channel '[id: 0x5e9e9eb4, L:/127.0.0.1:64175 - R:localhost/127.0.0.1:26374]' for 'GET' to 'http://localhost:26374/session/541e5fbff23d86bb83d3a1a7e5bf5bb4/screenshot'
12:03:43.662 [Forwarding screenshot on session 541e5fbff23d86bb83d3a1a7e5bf5bb4 to remote] DEBUG org.asynchttpclient.netty.request.NettyRequestSender - Using open Channel [id: 0x5e9e9eb4, L:/127.0.0.1:64175 - R:localhost/127.0.0.1:26374] for GET '/session/541e5fbff23d86bb83d3a1a7e5bf5bb4/screenshot'
12:03:43.977 [AsyncHttpClient-1-2] DEBUG org.asynchttpclient.netty.handler.HttpHandler - 

Request DefaultFullHttpRequest(decodeResult: success, version: HTTP/1.1, content: EmptyByteBufBE)
GET /session/541e5fbff23d86bb83d3a1a7e5bf5bb4/screenshot HTTP/1.1
User-Agent: selenium/4.6.0 (java windows)
Cache-Control: no-cache
Content-Type: application/json; charset=utf-8
host: localhost:26374
accept: */*

Response DefaultHttpResponse(decodeResult: success, version: HTTP/1.1)
HTTP/1.1 200 OK
Content-Type: application/json; charset=utf-8
cache-control: no-cache
content-length: 703036

12:03:43.980 [AsyncHttpClient-1-2] DEBUG org.asynchttpclient.netty.channel.ChannelManager - Adding key: http://localhost:26374 for channel [id: 0x5e9e9eb4, L:/127.0.0.1:64175 - R:localhost/127.0.0.1:26374]
12:03:44.006 [Test worker] DEBUG net.serenitybdd.core.photography.Darkroom - Send negative for processing for C:\Users\Usuario\Documents\retoAutomatizacion\e2e\RetoDemoBlaze\target\site\serenity\849f7d44f7957b478eefabd27baf0b69afb008a2cde18218a6950d2ba42b5766.png
12:03:44.006 [Darkroom Processing Line] DEBUG net.serenitybdd.core.photography.DarkroomProcessingLine - Processing screenshot image in /var/screenshots/screenshot-6000912037437702314
12:03:44.006 [Darkroom Processing Line] DEBUG net.serenitybdd.core.photography.DarkroomProcessingLine - Saving screenshot to C:\Users\Usuario\Documents\retoAutomatizacion\e2e\RetoDemoBlaze\target\site\serenity\849f7d44f7957b478eefabd27baf0b69afb008a2cde18218a6950d2ba42b5766.png
12:03:44.020 [Forwarding getPageSource on session 541e5fbff23d86bb83d3a1a7e5bf5bb4 to remote] DEBUG org.asynchttpclient.netty.request.NettyRequestSender - Using pooled Channel '[id: 0x5e9e9eb4, L:/127.0.0.1:64175 - R:localhost/127.0.0.1:26374]' for 'POST' to 'http://localhost:26374/session/541e5fbff23d86bb83d3a1a7e5bf5bb4/execute/sync'
12:03:44.020 [Forwarding getPageSource on session 541e5fbff23d86bb83d3a1a7e5bf5bb4 to remote] DEBUG org.asynchttpclient.netty.request.NettyRequestSender - Using open Channel [id: 0x5e9e9eb4, L:/127.0.0.1:64175 - R:localhost/127.0.0.1:26374] for POST '/session/541e5fbff23d86bb83d3a1a7e5bf5bb4/execute/sync'
12:03:44.031 [AsyncHttpClient-1-2] DEBUG org.asynchttpclient.netty.handler.HttpHandler - 

Request DefaultHttpRequest(decodeResult: success, version: HTTP/1.1)
POST /session/541e5fbff23d86bb83d3a1a7e5bf5bb4/execute/sync HTTP/1.1
User-Agent: selenium/4.6.0 (java windows)
Content-Length: 176
Content-Type: application/json; charset=utf-8
host: localhost:26374
accept: */*

Response DefaultHttpResponse(decodeResult: success, version: HTTP/1.1)
HTTP/1.1 200 OK
Content-Type: application/json; charset=utf-8
cache-control: no-cache
content-length: 57605

12:03:44.032 [AsyncHttpClient-1-2] DEBUG org.asynchttpclient.netty.channel.ChannelManager - Adding key: http://localhost:26374 for channel [id: 0x5e9e9eb4, L:/127.0.0.1:64175 - R:localhost/127.0.0.1:26374]
12:03:44.048 [Forwarding getCurrentUrl on session 541e5fbff23d86bb83d3a1a7e5bf5bb4 to remote] DEBUG org.asynchttpclient.netty.request.NettyRequestSender - Using pooled Channel '[id: 0x5e9e9eb4, L:/127.0.0.1:64175 - R:localhost/127.0.0.1:26374]' for 'GET' to 'http://localhost:26374/session/541e5fbff23d86bb83d3a1a7e5bf5bb4/url'
12:03:44.049 [Forwarding getCurrentUrl on session 541e5fbff23d86bb83d3a1a7e5bf5bb4 to remote] DEBUG org.asynchttpclient.netty.request.NettyRequestSender - Using open Channel [id: 0x5e9e9eb4, L:/127.0.0.1:64175 - R:localhost/127.0.0.1:26374] for GET '/session/541e5fbff23d86bb83d3a1a7e5bf5bb4/url'
12:03:44.054 [AsyncHttpClient-1-2] DEBUG org.asynchttpclient.netty.handler.HttpHandler - 

Request DefaultFullHttpRequest(decodeResult: success, version: HTTP/1.1, content: EmptyByteBufBE)
GET /session/541e5fbff23d86bb83d3a1a7e5bf5bb4/url HTTP/1.1
User-Agent: selenium/4.6.0 (java windows)
Cache-Control: no-cache
Content-Type: application/json; charset=utf-8
host: localhost:26374
accept: */*

Response DefaultHttpResponse(decodeResult: success, version: HTTP/1.1)
HTTP/1.1 200 OK
Content-Type: application/json; charset=utf-8
cache-control: no-cache
content-length: 38

12:03:44.054 [AsyncHttpClient-1-2] DEBUG org.asynchttpclient.netty.channel.ChannelManager - Adding key: http://localhost:26374 for channel [id: 0x5e9e9eb4, L:/127.0.0.1:64175 - R:localhost/127.0.0.1:26374]
12:03:44.097 [Test worker] DEBUG net.serenitybdd.screenplay.targets.IFrameSwitcher - default content already selected for Username
12:03:44.116 [Forwarding findElements on session 541e5fbff23d86bb83d3a1a7e5bf5bb4 to remote] DEBUG org.asynchttpclient.netty.request.NettyRequestSender - Using pooled Channel '[id: 0x5e9e9eb4, L:/127.0.0.1:64175 - R:localhost/127.0.0.1:26374]' for 'POST' to 'http://localhost:26374/session/541e5fbff23d86bb83d3a1a7e5bf5bb4/elements'
12:03:44.117 [Forwarding findElements on session 541e5fbff23d86bb83d3a1a7e5bf5bb4 to remote] DEBUG org.asynchttpclient.netty.request.NettyRequestSender - Using open Channel [id: 0x5e9e9eb4, L:/127.0.0.1:64175 - R:localhost/127.0.0.1:26374] for POST '/session/541e5fbff23d86bb83d3a1a7e5bf5bb4/elements'
12:03:44.125 [AsyncHttpClient-1-2] DEBUG org.asynchttpclient.netty.handler.HttpHandler - 

Request DefaultHttpRequest(decodeResult: success, version: HTTP/1.1)
POST /session/541e5fbff23d86bb83d3a1a7e5bf5bb4/elements HTTP/1.1
User-Agent: selenium/4.6.0 (java windows)
Content-Length: 55
Content-Type: application/json; charset=utf-8
host: localhost:26374
accept: */*

Response DefaultHttpResponse(decodeResult: success, version: HTTP/1.1)
HTTP/1.1 200 OK
Content-Type: application/json; charset=utf-8
cache-control: no-cache
content-length: 98

12:03:44.126 [AsyncHttpClient-1-2] DEBUG org.asynchttpclient.netty.channel.ChannelManager - Adding key: http://localhost:26374 for channel [id: 0x5e9e9eb4, L:/127.0.0.1:64175 - R:localhost/127.0.0.1:26374]
12:03:44.156 [Forwarding getElementText on session 541e5fbff23d86bb83d3a1a7e5bf5bb4 to remote] DEBUG org.asynchttpclient.netty.request.NettyRequestSender - Using pooled Channel '[id: 0x5e9e9eb4, L:/127.0.0.1:64175 - R:localhost/127.0.0.1:26374]' for 'GET' to 'http://localhost:26374/session/541e5fbff23d86bb83d3a1a7e5bf5bb4/element/ECBC0977AB2827CED4C5CBF71B2D020E_element_120/text'
12:03:44.156 [Forwarding getElementText on session 541e5fbff23d86bb83d3a1a7e5bf5bb4 to remote] DEBUG org.asynchttpclient.netty.request.NettyRequestSender - Using open Channel [id: 0x5e9e9eb4, L:/127.0.0.1:64175 - R:localhost/127.0.0.1:26374] for GET '/session/541e5fbff23d86bb83d3a1a7e5bf5bb4/element/ECBC0977AB2827CED4C5CBF71B2D020E_element_120/text'
12:03:44.166 [AsyncHttpClient-1-2] DEBUG org.asynchttpclient.netty.handler.HttpHandler - 

Request DefaultFullHttpRequest(decodeResult: success, version: HTTP/1.1, content: EmptyByteBufBE)
GET /session/541e5fbff23d86bb83d3a1a7e5bf5bb4/element/ECBC0977AB2827CED4C5CBF71B2D020E_element_120/text HTTP/1.1
User-Agent: selenium/4.6.0 (java windows)
Cache-Control: no-cache
Content-Type: application/json; charset=utf-8
host: localhost:26374
accept: */*

Response DefaultHttpResponse(decodeResult: success, version: HTTP/1.1)
HTTP/1.1 200 OK
Content-Type: application/json; charset=utf-8
cache-control: no-cache
content-length: 32

12:03:44.166 [AsyncHttpClient-1-2] DEBUG org.asynchttpclient.netty.channel.ChannelManager - Adding key: http://localhost:26374 for channel [id: 0x5e9e9eb4, L:/127.0.0.1:64175 - R:localhost/127.0.0.1:26374]
12:03:44.205 [Forwarding getCurrentWindowHandle on session 541e5fbff23d86bb83d3a1a7e5bf5bb4 to remote] DEBUG org.asynchttpclient.netty.request.NettyRequestSender - Using pooled Channel '[id: 0x5e9e9eb4, L:/127.0.0.1:64175 - R:localhost/127.0.0.1:26374]' for 'GET' to 'http://localhost:26374/session/541e5fbff23d86bb83d3a1a7e5bf5bb4/window'
12:03:44.205 [Forwarding getCurrentWindowHandle on session 541e5fbff23d86bb83d3a1a7e5bf5bb4 to remote] DEBUG org.asynchttpclient.netty.request.NettyRequestSender - Using open Channel [id: 0x5e9e9eb4, L:/127.0.0.1:64175 - R:localhost/127.0.0.1:26374] for GET '/session/541e5fbff23d86bb83d3a1a7e5bf5bb4/window'
12:03:44.206 [AsyncHttpClient-1-2] DEBUG org.asynchttpclient.netty.handler.HttpHandler - 

Request DefaultFullHttpRequest(decodeResult: success, version: HTTP/1.1, content: EmptyByteBufBE)
GET /session/541e5fbff23d86bb83d3a1a7e5bf5bb4/window HTTP/1.1
User-Agent: selenium/4.6.0 (java windows)
Cache-Control: no-cache
Content-Type: application/json; charset=utf-8
host: localhost:26374
accept: */*

Response DefaultHttpResponse(decodeResult: success, version: HTTP/1.1)
HTTP/1.1 200 OK
Content-Type: application/json; charset=utf-8
cache-control: no-cache
content-length: 44

12:03:44.206 [AsyncHttpClient-1-2] DEBUG org.asynchttpclient.netty.channel.ChannelManager - Adding key: http://localhost:26374 for channel [id: 0x5e9e9eb4, L:/127.0.0.1:64175 - R:localhost/127.0.0.1:26374]
12:03:44.224 [Forwarding getAlertText on session 541e5fbff23d86bb83d3a1a7e5bf5bb4 to remote] DEBUG org.asynchttpclient.netty.request.NettyRequestSender - Using pooled Channel '[id: 0x5e9e9eb4, L:/127.0.0.1:64175 - R:localhost/127.0.0.1:26374]' for 'GET' to 'http://localhost:26374/session/541e5fbff23d86bb83d3a1a7e5bf5bb4/alert/text'
12:03:44.225 [Forwarding getAlertText on session 541e5fbff23d86bb83d3a1a7e5bf5bb4 to remote] DEBUG org.asynchttpclient.netty.request.NettyRequestSender - Using open Channel [id: 0x5e9e9eb4, L:/127.0.0.1:64175 - R:localhost/127.0.0.1:26374] for GET '/session/541e5fbff23d86bb83d3a1a7e5bf5bb4/alert/text'
12:03:44.226 [AsyncHttpClient-1-2] DEBUG org.asynchttpclient.netty.handler.HttpHandler - 

Request DefaultFullHttpRequest(decodeResult: success, version: HTTP/1.1, content: EmptyByteBufBE)
GET /session/541e5fbff23d86bb83d3a1a7e5bf5bb4/alert/text HTTP/1.1
User-Agent: selenium/4.6.0 (java windows)
Cache-Control: no-cache
Content-Type: application/json; charset=utf-8
host: localhost:26374
accept: */*

Response DefaultHttpResponse(decodeResult: success, version: HTTP/1.1)
HTTP/1.1 404 Not Found
Content-Type: application/json; charset=utf-8
cache-control: no-cache
content-length: 848

12:03:44.226 [AsyncHttpClient-1-2] DEBUG org.asynchttpclient.netty.channel.ChannelManager - Adding key: http://localhost:26374 for channel [id: 0x5e9e9eb4, L:/127.0.0.1:64175 - R:localhost/127.0.0.1:26374]
12:03:44.247 [Forwarding switchToWindow on session 541e5fbff23d86bb83d3a1a7e5bf5bb4 to remote] DEBUG org.asynchttpclient.netty.request.NettyRequestSender - Using pooled Channel '[id: 0x5e9e9eb4, L:/127.0.0.1:64175 - R:localhost/127.0.0.1:26374]' for 'POST' to 'http://localhost:26374/session/541e5fbff23d86bb83d3a1a7e5bf5bb4/window'
12:03:44.247 [Forwarding switchToWindow on session 541e5fbff23d86bb83d3a1a7e5bf5bb4 to remote] DEBUG org.asynchttpclient.netty.request.NettyRequestSender - Using open Channel [id: 0x5e9e9eb4, L:/127.0.0.1:64175 - R:localhost/127.0.0.1:26374] for POST '/session/541e5fbff23d86bb83d3a1a7e5bf5bb4/window'
12:03:44.254 [AsyncHttpClient-1-2] DEBUG org.asynchttpclient.netty.handler.HttpHandler - 

Request DefaultHttpRequest(decodeResult: success, version: HTTP/1.1)
POST /session/541e5fbff23d86bb83d3a1a7e5bf5bb4/window HTTP/1.1
User-Agent: selenium/4.6.0 (java windows)
Content-Length: 50
Content-Type: application/json; charset=utf-8
host: localhost:26374
accept: */*

Response DefaultHttpResponse(decodeResult: success, version: HTTP/1.1)
HTTP/1.1 200 OK
Content-Type: application/json; charset=utf-8
cache-control: no-cache
content-length: 14

12:03:44.254 [AsyncHttpClient-1-2] DEBUG org.asynchttpclient.netty.channel.ChannelManager - Adding key: http://localhost:26374 for channel [id: 0x5e9e9eb4, L:/127.0.0.1:64175 - R:localhost/127.0.0.1:26374]
12:03:44.255 [Forwarding getCurrentUrl on session 541e5fbff23d86bb83d3a1a7e5bf5bb4 to remote] DEBUG org.asynchttpclient.netty.request.NettyRequestSender - Using pooled Channel '[id: 0x5e9e9eb4, L:/127.0.0.1:64175 - R:localhost/127.0.0.1:26374]' for 'GET' to 'http://localhost:26374/session/541e5fbff23d86bb83d3a1a7e5bf5bb4/url'
12:03:44.255 [Forwarding getCurrentUrl on session 541e5fbff23d86bb83d3a1a7e5bf5bb4 to remote] DEBUG org.asynchttpclient.netty.request.NettyRequestSender - Using open Channel [id: 0x5e9e9eb4, L:/127.0.0.1:64175 - R:localhost/127.0.0.1:26374] for GET '/session/541e5fbff23d86bb83d3a1a7e5bf5bb4/url'
12:03:44.261 [AsyncHttpClient-1-2] DEBUG org.asynchttpclient.netty.handler.HttpHandler - 

Request DefaultFullHttpRequest(decodeResult: success, version: HTTP/1.1, content: EmptyByteBufBE)
GET /session/541e5fbff23d86bb83d3a1a7e5bf5bb4/url HTTP/1.1
User-Agent: selenium/4.6.0 (java windows)
Cache-Control: no-cache
Content-Type: application/json; charset=utf-8
host: localhost:26374
accept: */*

Response DefaultHttpResponse(decodeResult: success, version: HTTP/1.1)
HTTP/1.1 200 OK
Content-Type: application/json; charset=utf-8
cache-control: no-cache
content-length: 38

12:03:44.261 [AsyncHttpClient-1-2] DEBUG org.asynchttpclient.netty.channel.ChannelManager - Adding key: http://localhost:26374 for channel [id: 0x5e9e9eb4, L:/127.0.0.1:64175 - R:localhost/127.0.0.1:26374]
12:03:44.261 [Forwarding screenshot on session 541e5fbff23d86bb83d3a1a7e5bf5bb4 to remote] DEBUG org.asynchttpclient.netty.request.NettyRequestSender - Using pooled Channel '[id: 0x5e9e9eb4, L:/127.0.0.1:64175 - R:localhost/127.0.0.1:26374]' for 'GET' to 'http://localhost:26374/session/541e5fbff23d86bb83d3a1a7e5bf5bb4/screenshot'
12:03:44.262 [Forwarding screenshot on session 541e5fbff23d86bb83d3a1a7e5bf5bb4 to remote] DEBUG org.asynchttpclient.netty.request.NettyRequestSender - Using open Channel [id: 0x5e9e9eb4, L:/127.0.0.1:64175 - R:localhost/127.0.0.1:26374] for GET '/session/541e5fbff23d86bb83d3a1a7e5bf5bb4/screenshot'
12:03:44.364 [AsyncHttpClient-1-1] DEBUG org.asynchttpclient.netty.channel.DefaultChannelPool - Entry count for : http://localhost:64176 : 1
12:03:44.591 [AsyncHttpClient-1-2] DEBUG org.asynchttpclient.netty.handler.HttpHandler - 

Request DefaultFullHttpRequest(decodeResult: success, version: HTTP/1.1, content: EmptyByteBufBE)
GET /session/541e5fbff23d86bb83d3a1a7e5bf5bb4/screenshot HTTP/1.1
User-Agent: selenium/4.6.0 (java windows)
Cache-Control: no-cache
Content-Type: application/json; charset=utf-8
host: localhost:26374
accept: */*

Response DefaultHttpResponse(decodeResult: success, version: HTTP/1.1)
HTTP/1.1 200 OK
Content-Type: application/json; charset=utf-8
cache-control: no-cache
content-length: 703036

12:03:44.595 [AsyncHttpClient-1-2] DEBUG org.asynchttpclient.netty.channel.ChannelManager - Adding key: http://localhost:26374 for channel [id: 0x5e9e9eb4, L:/127.0.0.1:64175 - R:localhost/127.0.0.1:26374]
12:03:44.633 [Test worker] DEBUG net.serenitybdd.core.photography.Darkroom - Send negative for processing for C:\Users\Usuario\Documents\retoAutomatizacion\e2e\RetoDemoBlaze\target\site\serenity\849f7d44f7957b478eefabd27baf0b69afb008a2cde18218a6950d2ba42b5766.png
  ?[32mDado ?[0m?[32mque soy un usuario registrado en Demoblaze?[0m                            ?[90m# org.example.stepsdefinition.demoBlazeStepDefinition.queSoyUnUsuarioRegistradoEnDemoblaze()?[0m
12:03:44.723 [Forwarding getCurrentWindowHandle on session 541e5fbff23d86bb83d3a1a7e5bf5bb4 to remote] DEBUG org.asynchttpclient.netty.request.NettyRequestSender - Using pooled Channel '[id: 0x5e9e9eb4, L:/127.0.0.1:64175 - R:localhost/127.0.0.1:26374]' for 'GET' to 'http://localhost:26374/session/541e5fbff23d86bb83d3a1a7e5bf5bb4/window'
12:03:44.724 [Forwarding getCurrentWindowHandle on session 541e5fbff23d86bb83d3a1a7e5bf5bb4 to remote] DEBUG org.asynchttpclient.netty.request.NettyRequestSender - Using open Channel [id: 0x5e9e9eb4, L:/127.0.0.1:64175 - R:localhost/127.0.0.1:26374] for GET '/session/541e5fbff23d86bb83d3a1a7e5bf5bb4/window'
12:03:44.725 [AsyncHttpClient-1-2] DEBUG org.asynchttpclient.netty.handler.HttpHandler - 

Request DefaultFullHttpRequest(decodeResult: success, version: HTTP/1.1, content: EmptyByteBufBE)
GET /session/541e5fbff23d86bb83d3a1a7e5bf5bb4/window HTTP/1.1
User-Agent: selenium/4.6.0 (java windows)
Cache-Control: no-cache
Content-Type: application/json; charset=utf-8
host: localhost:26374
accept: */*

Response DefaultHttpResponse(decodeResult: success, version: HTTP/1.1)
HTTP/1.1 200 OK
Content-Type: application/json; charset=utf-8
cache-control: no-cache
content-length: 44

12:03:44.725 [AsyncHttpClient-1-2] DEBUG org.asynchttpclient.netty.channel.ChannelManager - Adding key: http://localhost:26374 for channel [id: 0x5e9e9eb4, L:/127.0.0.1:64175 - R:localhost/127.0.0.1:26374]
12:03:44.741 [Forwarding getAlertText on session 541e5fbff23d86bb83d3a1a7e5bf5bb4 to remote] DEBUG org.asynchttpclient.netty.request.NettyRequestSender - Using pooled Channel '[id: 0x5e9e9eb4, L:/127.0.0.1:64175 - R:localhost/127.0.0.1:26374]' for 'GET' to 'http://localhost:26374/session/541e5fbff23d86bb83d3a1a7e5bf5bb4/alert/text'
12:03:44.741 [Forwarding getAlertText on session 541e5fbff23d86bb83d3a1a7e5bf5bb4 to remote] DEBUG org.asynchttpclient.netty.request.NettyRequestSender - Using open Channel [id: 0x5e9e9eb4, L:/127.0.0.1:64175 - R:localhost/127.0.0.1:26374] for GET '/session/541e5fbff23d86bb83d3a1a7e5bf5bb4/alert/text'
12:03:44.744 [AsyncHttpClient-1-2] DEBUG org.asynchttpclient.netty.handler.HttpHandler - 

Request DefaultFullHttpRequest(decodeResult: success, version: HTTP/1.1, content: EmptyByteBufBE)
GET /session/541e5fbff23d86bb83d3a1a7e5bf5bb4/alert/text HTTP/1.1
User-Agent: selenium/4.6.0 (java windows)
Cache-Control: no-cache
Content-Type: application/json; charset=utf-8
host: localhost:26374
accept: */*

Response DefaultHttpResponse(decodeResult: success, version: HTTP/1.1)
HTTP/1.1 404 Not Found
Content-Type: application/json; charset=utf-8
cache-control: no-cache
content-length: 848

12:03:44.744 [AsyncHttpClient-1-2] DEBUG org.asynchttpclient.netty.channel.ChannelManager - Adding key: http://localhost:26374 for channel [id: 0x5e9e9eb4, L:/127.0.0.1:64175 - R:localhost/127.0.0.1:26374]
12:03:44.768 [Forwarding switchToWindow on session 541e5fbff23d86bb83d3a1a7e5bf5bb4 to remote] DEBUG org.asynchttpclient.netty.request.NettyRequestSender - Using pooled Channel '[id: 0x5e9e9eb4, L:/127.0.0.1:64175 - R:localhost/127.0.0.1:26374]' for 'POST' to 'http://localhost:26374/session/541e5fbff23d86bb83d3a1a7e5bf5bb4/window'
12:03:44.768 [Forwarding switchToWindow on session 541e5fbff23d86bb83d3a1a7e5bf5bb4 to remote] DEBUG org.asynchttpclient.netty.request.NettyRequestSender - Using open Channel [id: 0x5e9e9eb4, L:/127.0.0.1:64175 - R:localhost/127.0.0.1:26374] for POST '/session/541e5fbff23d86bb83d3a1a7e5bf5bb4/window'
12:03:44.770 [AsyncHttpClient-1-2] DEBUG org.asynchttpclient.netty.handler.HttpHandler - 

Request DefaultHttpRequest(decodeResult: success, version: HTTP/1.1)
POST /session/541e5fbff23d86bb83d3a1a7e5bf5bb4/window HTTP/1.1
User-Agent: selenium/4.6.0 (java windows)
Content-Length: 50
Content-Type: application/json; charset=utf-8
host: localhost:26374
accept: */*

Response DefaultHttpResponse(decodeResult: success, version: HTTP/1.1)
HTTP/1.1 200 OK
Content-Type: application/json; charset=utf-8
cache-control: no-cache
content-length: 14

12:03:44.770 [AsyncHttpClient-1-2] DEBUG org.asynchttpclient.netty.channel.ChannelManager - Adding key: http://localhost:26374 for channel [id: 0x5e9e9eb4, L:/127.0.0.1:64175 - R:localhost/127.0.0.1:26374]
12:03:44.772 [Forwarding getCurrentUrl on session 541e5fbff23d86bb83d3a1a7e5bf5bb4 to remote] DEBUG org.asynchttpclient.netty.request.NettyRequestSender - Using pooled Channel '[id: 0x5e9e9eb4, L:/127.0.0.1:64175 - R:localhost/127.0.0.1:26374]' for 'GET' to 'http://localhost:26374/session/541e5fbff23d86bb83d3a1a7e5bf5bb4/url'
12:03:44.772 [Forwarding getCurrentUrl on session 541e5fbff23d86bb83d3a1a7e5bf5bb4 to remote] DEBUG org.asynchttpclient.netty.request.NettyRequestSender - Using open Channel [id: 0x5e9e9eb4, L:/127.0.0.1:64175 - R:localhost/127.0.0.1:26374] for GET '/session/541e5fbff23d86bb83d3a1a7e5bf5bb4/url'
12:03:44.780 [AsyncHttpClient-1-2] DEBUG org.asynchttpclient.netty.handler.HttpHandler - 

Request DefaultFullHttpRequest(decodeResult: success, version: HTTP/1.1, content: EmptyByteBufBE)
GET /session/541e5fbff23d86bb83d3a1a7e5bf5bb4/url HTTP/1.1
User-Agent: selenium/4.6.0 (java windows)
Cache-Control: no-cache
Content-Type: application/json; charset=utf-8
host: localhost:26374
accept: */*

Response DefaultHttpResponse(decodeResult: success, version: HTTP/1.1)
HTTP/1.1 200 OK
Content-Type: application/json; charset=utf-8
cache-control: no-cache
content-length: 38

12:03:44.780 [AsyncHttpClient-1-2] DEBUG org.asynchttpclient.netty.channel.ChannelManager - Adding key: http://localhost:26374 for channel [id: 0x5e9e9eb4, L:/127.0.0.1:64175 - R:localhost/127.0.0.1:26374]
12:03:44.782 [Forwarding screenshot on session 541e5fbff23d86bb83d3a1a7e5bf5bb4 to remote] DEBUG org.asynchttpclient.netty.request.NettyRequestSender - Using pooled Channel '[id: 0x5e9e9eb4, L:/127.0.0.1:64175 - R:localhost/127.0.0.1:26374]' for 'GET' to 'http://localhost:26374/session/541e5fbff23d86bb83d3a1a7e5bf5bb4/screenshot'
12:03:44.782 [Forwarding screenshot on session 541e5fbff23d86bb83d3a1a7e5bf5bb4 to remote] DEBUG org.asynchttpclient.netty.request.NettyRequestSender - Using open Channel [id: 0x5e9e9eb4, L:/127.0.0.1:64175 - R:localhost/127.0.0.1:26374] for GET '/session/541e5fbff23d86bb83d3a1a7e5bf5bb4/screenshot'
12:03:45.056 [AsyncHttpClient-1-2] DEBUG org.asynchttpclient.netty.handler.HttpHandler - 

Request DefaultFullHttpRequest(decodeResult: success, version: HTTP/1.1, content: EmptyByteBufBE)
GET /session/541e5fbff23d86bb83d3a1a7e5bf5bb4/screenshot HTTP/1.1
User-Agent: selenium/4.6.0 (java windows)
Cache-Control: no-cache
Content-Type: application/json; charset=utf-8
host: localhost:26374
accept: */*

Response DefaultHttpResponse(decodeResult: success, version: HTTP/1.1)
HTTP/1.1 200 OK
Content-Type: application/json; charset=utf-8
cache-control: no-cache
content-length: 703036

12:03:45.058 [AsyncHttpClient-1-2] DEBUG org.asynchttpclient.netty.channel.ChannelManager - Adding key: http://localhost:26374 for channel [id: 0x5e9e9eb4, L:/127.0.0.1:64175 - R:localhost/127.0.0.1:26374]
12:03:45.086 [Test worker] DEBUG net.serenitybdd.core.photography.Darkroom - Send negative for processing for C:\Users\Usuario\Documents\retoAutomatizacion\e2e\RetoDemoBlaze\target\site\serenity\849f7d44f7957b478eefabd27baf0b69afb008a2cde18218a6950d2ba42b5766.png
12:03:45.135 [Forwarding getPageSource on session 541e5fbff23d86bb83d3a1a7e5bf5bb4 to remote] DEBUG org.asynchttpclient.netty.request.NettyRequestSender - Using pooled Channel '[id: 0x5e9e9eb4, L:/127.0.0.1:64175 - R:localhost/127.0.0.1:26374]' for 'POST' to 'http://localhost:26374/session/541e5fbff23d86bb83d3a1a7e5bf5bb4/execute/sync'
12:03:45.135 [Forwarding getPageSource on session 541e5fbff23d86bb83d3a1a7e5bf5bb4 to remote] DEBUG org.asynchttpclient.netty.request.NettyRequestSender - Using open Channel [id: 0x5e9e9eb4, L:/127.0.0.1:64175 - R:localhost/127.0.0.1:26374] for POST '/session/541e5fbff23d86bb83d3a1a7e5bf5bb4/execute/sync'
12:03:45.153 [AsyncHttpClient-1-2] DEBUG org.asynchttpclient.netty.handler.HttpHandler - 

Request DefaultHttpRequest(decodeResult: success, version: HTTP/1.1)
POST /session/541e5fbff23d86bb83d3a1a7e5bf5bb4/execute/sync HTTP/1.1
User-Agent: selenium/4.6.0 (java windows)
Content-Length: 176
Content-Type: application/json; charset=utf-8
host: localhost:26374
accept: */*

Response DefaultHttpResponse(decodeResult: success, version: HTTP/1.1)
HTTP/1.1 200 OK
Content-Type: application/json; charset=utf-8
cache-control: no-cache
content-length: 57605

12:03:45.153 [AsyncHttpClient-1-2] DEBUG org.asynchttpclient.netty.channel.ChannelManager - Adding key: http://localhost:26374 for channel [id: 0x5e9e9eb4, L:/127.0.0.1:64175 - R:localhost/127.0.0.1:26374]
12:03:45.169 [Forwarding getCurrentUrl on session 541e5fbff23d86bb83d3a1a7e5bf5bb4 to remote] DEBUG org.asynchttpclient.netty.request.NettyRequestSender - Using pooled Channel '[id: 0x5e9e9eb4, L:/127.0.0.1:64175 - R:localhost/127.0.0.1:26374]' for 'GET' to 'http://localhost:26374/session/541e5fbff23d86bb83d3a1a7e5bf5bb4/url'
12:03:45.169 [Forwarding getCurrentUrl on session 541e5fbff23d86bb83d3a1a7e5bf5bb4 to remote] DEBUG org.asynchttpclient.netty.request.NettyRequestSender - Using open Channel [id: 0x5e9e9eb4, L:/127.0.0.1:64175 - R:localhost/127.0.0.1:26374] for GET '/session/541e5fbff23d86bb83d3a1a7e5bf5bb4/url'
12:03:45.175 [AsyncHttpClient-1-2] DEBUG org.asynchttpclient.netty.handler.HttpHandler - 

Request DefaultFullHttpRequest(decodeResult: success, version: HTTP/1.1, content: EmptyByteBufBE)
GET /session/541e5fbff23d86bb83d3a1a7e5bf5bb4/url HTTP/1.1
User-Agent: selenium/4.6.0 (java windows)
Cache-Control: no-cache
Content-Type: application/json; charset=utf-8
host: localhost:26374
accept: */*

Response DefaultHttpResponse(decodeResult: success, version: HTTP/1.1)
HTTP/1.1 200 OK
Content-Type: application/json; charset=utf-8
cache-control: no-cache
content-length: 38

12:03:45.175 [AsyncHttpClient-1-2] DEBUG org.asynchttpclient.netty.channel.ChannelManager - Adding key: http://localhost:26374 for channel [id: 0x5e9e9eb4, L:/127.0.0.1:64175 - R:localhost/127.0.0.1:26374]
12:03:45.246 [Forwarding getCurrentWindowHandle on session 541e5fbff23d86bb83d3a1a7e5bf5bb4 to remote] DEBUG org.asynchttpclient.netty.request.NettyRequestSender - Using pooled Channel '[id: 0x5e9e9eb4, L:/127.0.0.1:64175 - R:localhost/127.0.0.1:26374]' for 'GET' to 'http://localhost:26374/session/541e5fbff23d86bb83d3a1a7e5bf5bb4/window'
12:03:45.246 [Forwarding getCurrentWindowHandle on session 541e5fbff23d86bb83d3a1a7e5bf5bb4 to remote] DEBUG org.asynchttpclient.netty.request.NettyRequestSender - Using open Channel [id: 0x5e9e9eb4, L:/127.0.0.1:64175 - R:localhost/127.0.0.1:26374] for GET '/session/541e5fbff23d86bb83d3a1a7e5bf5bb4/window'
12:03:45.247 [AsyncHttpClient-1-2] DEBUG org.asynchttpclient.netty.handler.HttpHandler - 

Request DefaultFullHttpRequest(decodeResult: success, version: HTTP/1.1, content: EmptyByteBufBE)
GET /session/541e5fbff23d86bb83d3a1a7e5bf5bb4/window HTTP/1.1
User-Agent: selenium/4.6.0 (java windows)
Cache-Control: no-cache
Content-Type: application/json; charset=utf-8
host: localhost:26374
accept: */*

Response DefaultHttpResponse(decodeResult: success, version: HTTP/1.1)
HTTP/1.1 200 OK
Content-Type: application/json; charset=utf-8
cache-control: no-cache
content-length: 44

12:03:45.247 [AsyncHttpClient-1-2] DEBUG org.asynchttpclient.netty.channel.ChannelManager - Adding key: http://localhost:26374 for channel [id: 0x5e9e9eb4, L:/127.0.0.1:64175 - R:localhost/127.0.0.1:26374]
12:03:45.267 [Forwarding getAlertText on session 541e5fbff23d86bb83d3a1a7e5bf5bb4 to remote] DEBUG org.asynchttpclient.netty.request.NettyRequestSender - Using pooled Channel '[id: 0x5e9e9eb4, L:/127.0.0.1:64175 - R:localhost/127.0.0.1:26374]' for 'GET' to 'http://localhost:26374/session/541e5fbff23d86bb83d3a1a7e5bf5bb4/alert/text'
12:03:45.267 [Forwarding getAlertText on session 541e5fbff23d86bb83d3a1a7e5bf5bb4 to remote] DEBUG org.asynchttpclient.netty.request.NettyRequestSender - Using open Channel [id: 0x5e9e9eb4, L:/127.0.0.1:64175 - R:localhost/127.0.0.1:26374] for GET '/session/541e5fbff23d86bb83d3a1a7e5bf5bb4/alert/text'
12:03:45.269 [AsyncHttpClient-1-2] DEBUG org.asynchttpclient.netty.handler.HttpHandler - 

Request DefaultFullHttpRequest(decodeResult: success, version: HTTP/1.1, content: EmptyByteBufBE)
GET /session/541e5fbff23d86bb83d3a1a7e5bf5bb4/alert/text HTTP/1.1
User-Agent: selenium/4.6.0 (java windows)
Cache-Control: no-cache
Content-Type: application/json; charset=utf-8
host: localhost:26374
accept: */*

Response DefaultHttpResponse(decodeResult: success, version: HTTP/1.1)
HTTP/1.1 404 Not Found
Content-Type: application/json; charset=utf-8
cache-control: no-cache
content-length: 848

12:03:45.269 [AsyncHttpClient-1-2] DEBUG org.asynchttpclient.netty.channel.ChannelManager - Adding key: http://localhost:26374 for channel [id: 0x5e9e9eb4, L:/127.0.0.1:64175 - R:localhost/127.0.0.1:26374]
12:03:45.284 [Forwarding switchToWindow on session 541e5fbff23d86bb83d3a1a7e5bf5bb4 to remote] DEBUG org.asynchttpclient.netty.request.NettyRequestSender - Using pooled Channel '[id: 0x5e9e9eb4, L:/127.0.0.1:64175 - R:localhost/127.0.0.1:26374]' for 'POST' to 'http://localhost:26374/session/541e5fbff23d86bb83d3a1a7e5bf5bb4/window'
12:03:45.284 [Forwarding switchToWindow on session 541e5fbff23d86bb83d3a1a7e5bf5bb4 to remote] DEBUG org.asynchttpclient.netty.request.NettyRequestSender - Using open Channel [id: 0x5e9e9eb4, L:/127.0.0.1:64175 - R:localhost/127.0.0.1:26374] for POST '/session/541e5fbff23d86bb83d3a1a7e5bf5bb4/window'
12:03:45.286 [AsyncHttpClient-1-2] DEBUG org.asynchttpclient.netty.handler.HttpHandler - 

Request DefaultHttpRequest(decodeResult: success, version: HTTP/1.1)
POST /session/541e5fbff23d86bb83d3a1a7e5bf5bb4/window HTTP/1.1
User-Agent: selenium/4.6.0 (java windows)
Content-Length: 50
Content-Type: application/json; charset=utf-8
host: localhost:26374
accept: */*

Response DefaultHttpResponse(decodeResult: success, version: HTTP/1.1)
HTTP/1.1 200 OK
Content-Type: application/json; charset=utf-8
cache-control: no-cache
content-length: 14

12:03:45.287 [AsyncHttpClient-1-2] DEBUG org.asynchttpclient.netty.channel.ChannelManager - Adding key: http://localhost:26374 for channel [id: 0x5e9e9eb4, L:/127.0.0.1:64175 - R:localhost/127.0.0.1:26374]
12:03:45.288 [Forwarding getCurrentUrl on session 541e5fbff23d86bb83d3a1a7e5bf5bb4 to remote] DEBUG org.asynchttpclient.netty.request.NettyRequestSender - Using pooled Channel '[id: 0x5e9e9eb4, L:/127.0.0.1:64175 - R:localhost/127.0.0.1:26374]' for 'GET' to 'http://localhost:26374/session/541e5fbff23d86bb83d3a1a7e5bf5bb4/url'
12:03:45.288 [Forwarding getCurrentUrl on session 541e5fbff23d86bb83d3a1a7e5bf5bb4 to remote] DEBUG org.asynchttpclient.netty.request.NettyRequestSender - Using open Channel [id: 0x5e9e9eb4, L:/127.0.0.1:64175 - R:localhost/127.0.0.1:26374] for GET '/session/541e5fbff23d86bb83d3a1a7e5bf5bb4/url'
12:03:45.294 [AsyncHttpClient-1-2] DEBUG org.asynchttpclient.netty.handler.HttpHandler - 

Request DefaultFullHttpRequest(decodeResult: success, version: HTTP/1.1, content: EmptyByteBufBE)
GET /session/541e5fbff23d86bb83d3a1a7e5bf5bb4/url HTTP/1.1
User-Agent: selenium/4.6.0 (java windows)
Cache-Control: no-cache
Content-Type: application/json; charset=utf-8
host: localhost:26374
accept: */*

Response DefaultHttpResponse(decodeResult: success, version: HTTP/1.1)
HTTP/1.1 200 OK
Content-Type: application/json; charset=utf-8
cache-control: no-cache
content-length: 38

12:03:45.294 [AsyncHttpClient-1-2] DEBUG org.asynchttpclient.netty.channel.ChannelManager - Adding key: http://localhost:26374 for channel [id: 0x5e9e9eb4, L:/127.0.0.1:64175 - R:localhost/127.0.0.1:26374]
12:03:45.294 [Forwarding screenshot on session 541e5fbff23d86bb83d3a1a7e5bf5bb4 to remote] DEBUG org.asynchttpclient.netty.request.NettyRequestSender - Using pooled Channel '[id: 0x5e9e9eb4, L:/127.0.0.1:64175 - R:localhost/127.0.0.1:26374]' for 'GET' to 'http://localhost:26374/session/541e5fbff23d86bb83d3a1a7e5bf5bb4/screenshot'
12:03:45.294 [Forwarding screenshot on session 541e5fbff23d86bb83d3a1a7e5bf5bb4 to remote] DEBUG org.asynchttpclient.netty.request.NettyRequestSender - Using open Channel [id: 0x5e9e9eb4, L:/127.0.0.1:64175 - R:localhost/127.0.0.1:26374] for GET '/session/541e5fbff23d86bb83d3a1a7e5bf5bb4/screenshot'
12:03:45.463 [AsyncHttpClient-1-1] DEBUG org.asynchttpclient.netty.channel.DefaultChannelPool - Entry count for : http://localhost:64176 : 1
12:03:45.540 [AsyncHttpClient-1-2] DEBUG org.asynchttpclient.netty.handler.HttpHandler - 

Request DefaultFullHttpRequest(decodeResult: success, version: HTTP/1.1, content: EmptyByteBufBE)
GET /session/541e5fbff23d86bb83d3a1a7e5bf5bb4/screenshot HTTP/1.1
User-Agent: selenium/4.6.0 (java windows)
Cache-Control: no-cache
Content-Type: application/json; charset=utf-8
host: localhost:26374
accept: */*

Response DefaultHttpResponse(decodeResult: success, version: HTTP/1.1)
HTTP/1.1 200 OK
Content-Type: application/json; charset=utf-8
cache-control: no-cache
content-length: 703036

12:03:45.542 [AsyncHttpClient-1-2] DEBUG org.asynchttpclient.netty.channel.ChannelManager - Adding key: http://localhost:26374 for channel [id: 0x5e9e9eb4, L:/127.0.0.1:64175 - R:localhost/127.0.0.1:26374]
12:03:45.560 [Test worker] DEBUG net.serenitybdd.core.photography.Darkroom - Send negative for processing for C:\Users\Usuario\Documents\retoAutomatizacion\e2e\RetoDemoBlaze\target\site\serenity\849f7d44f7957b478eefabd27baf0b69afb008a2cde18218a6950d2ba42b5766.png
12:03:45.584 [Forwarding getPageSource on session 541e5fbff23d86bb83d3a1a7e5bf5bb4 to remote] DEBUG org.asynchttpclient.netty.request.NettyRequestSender - Using pooled Channel '[id: 0x5e9e9eb4, L:/127.0.0.1:64175 - R:localhost/127.0.0.1:26374]' for 'POST' to 'http://localhost:26374/session/541e5fbff23d86bb83d3a1a7e5bf5bb4/execute/sync'
12:03:45.584 [Forwarding getPageSource on session 541e5fbff23d86bb83d3a1a7e5bf5bb4 to remote] DEBUG org.asynchttpclient.netty.request.NettyRequestSender - Using open Channel [id: 0x5e9e9eb4, L:/127.0.0.1:64175 - R:localhost/127.0.0.1:26374] for POST '/session/541e5fbff23d86bb83d3a1a7e5bf5bb4/execute/sync'
12:03:45.596 [AsyncHttpClient-1-2] DEBUG org.asynchttpclient.netty.handler.HttpHandler - 

Request DefaultHttpRequest(decodeResult: success, version: HTTP/1.1)
POST /session/541e5fbff23d86bb83d3a1a7e5bf5bb4/execute/sync HTTP/1.1
User-Agent: selenium/4.6.0 (java windows)
Content-Length: 176
Content-Type: application/json; charset=utf-8
host: localhost:26374
accept: */*

Response DefaultHttpResponse(decodeResult: success, version: HTTP/1.1)
HTTP/1.1 200 OK
Content-Type: application/json; charset=utf-8
cache-control: no-cache
content-length: 57605

12:03:45.596 [AsyncHttpClient-1-2] DEBUG org.asynchttpclient.netty.channel.ChannelManager - Adding key: http://localhost:26374 for channel [id: 0x5e9e9eb4, L:/127.0.0.1:64175 - R:localhost/127.0.0.1:26374]
12:03:45.606 [Forwarding getCurrentUrl on session 541e5fbff23d86bb83d3a1a7e5bf5bb4 to remote] DEBUG org.asynchttpclient.netty.request.NettyRequestSender - Using pooled Channel '[id: 0x5e9e9eb4, L:/127.0.0.1:64175 - R:localhost/127.0.0.1:26374]' for 'GET' to 'http://localhost:26374/session/541e5fbff23d86bb83d3a1a7e5bf5bb4/url'
12:03:45.606 [Forwarding getCurrentUrl on session 541e5fbff23d86bb83d3a1a7e5bf5bb4 to remote] DEBUG org.asynchttpclient.netty.request.NettyRequestSender - Using open Channel [id: 0x5e9e9eb4, L:/127.0.0.1:64175 - R:localhost/127.0.0.1:26374] for GET '/session/541e5fbff23d86bb83d3a1a7e5bf5bb4/url'
12:03:45.612 [AsyncHttpClient-1-2] DEBUG org.asynchttpclient.netty.handler.HttpHandler - 

Request DefaultFullHttpRequest(decodeResult: success, version: HTTP/1.1, content: EmptyByteBufBE)
GET /session/541e5fbff23d86bb83d3a1a7e5bf5bb4/url HTTP/1.1
User-Agent: selenium/4.6.0 (java windows)
Cache-Control: no-cache
Content-Type: application/json; charset=utf-8
host: localhost:26374
accept: */*

Response DefaultHttpResponse(decodeResult: success, version: HTTP/1.1)
HTTP/1.1 200 OK
Content-Type: application/json; charset=utf-8
cache-control: no-cache
content-length: 38

12:03:45.612 [AsyncHttpClient-1-2] DEBUG org.asynchttpclient.netty.channel.ChannelManager - Adding key: http://localhost:26374 for channel [id: 0x5e9e9eb4, L:/127.0.0.1:64175 - R:localhost/127.0.0.1:26374]
12:03:45.616 [Test worker] DEBUG net.thucydides.core.steps.StepInterceptor - STARTING STEP: demoBlazeStepDefinition.realizoUnaCompraDeCantProdsProductosEnLaCategoriaCategoria - performAs
12:03:45.682 [Forwarding getCurrentWindowHandle on session 541e5fbff23d86bb83d3a1a7e5bf5bb4 to remote] DEBUG org.asynchttpclient.netty.request.NettyRequestSender - Using pooled Channel '[id: 0x5e9e9eb4, L:/127.0.0.1:64175 - R:localhost/127.0.0.1:26374]' for 'GET' to 'http://localhost:26374/session/541e5fbff23d86bb83d3a1a7e5bf5bb4/window'
12:03:45.682 [Forwarding getCurrentWindowHandle on session 541e5fbff23d86bb83d3a1a7e5bf5bb4 to remote] DEBUG org.asynchttpclient.netty.request.NettyRequestSender - Using open Channel [id: 0x5e9e9eb4, L:/127.0.0.1:64175 - R:localhost/127.0.0.1:26374] for GET '/session/541e5fbff23d86bb83d3a1a7e5bf5bb4/window'
12:03:45.683 [AsyncHttpClient-1-2] DEBUG org.asynchttpclient.netty.handler.HttpHandler - 

Request DefaultFullHttpRequest(decodeResult: success, version: HTTP/1.1, content: EmptyByteBufBE)
GET /session/541e5fbff23d86bb83d3a1a7e5bf5bb4/window HTTP/1.1
User-Agent: selenium/4.6.0 (java windows)
Cache-Control: no-cache
Content-Type: application/json; charset=utf-8
host: localhost:26374
accept: */*

Response DefaultHttpResponse(decodeResult: success, version: HTTP/1.1)
HTTP/1.1 200 OK
Content-Type: application/json; charset=utf-8
cache-control: no-cache
content-length: 44

12:03:45.684 [AsyncHttpClient-1-2] DEBUG org.asynchttpclient.netty.channel.ChannelManager - Adding key: http://localhost:26374 for channel [id: 0x5e9e9eb4, L:/127.0.0.1:64175 - R:localhost/127.0.0.1:26374]
12:03:45.707 [Forwarding getAlertText on session 541e5fbff23d86bb83d3a1a7e5bf5bb4 to remote] DEBUG org.asynchttpclient.netty.request.NettyRequestSender - Using pooled Channel '[id: 0x5e9e9eb4, L:/127.0.0.1:64175 - R:localhost/127.0.0.1:26374]' for 'GET' to 'http://localhost:26374/session/541e5fbff23d86bb83d3a1a7e5bf5bb4/alert/text'
12:03:45.707 [Forwarding getAlertText on session 541e5fbff23d86bb83d3a1a7e5bf5bb4 to remote] DEBUG org.asynchttpclient.netty.request.NettyRequestSender - Using open Channel [id: 0x5e9e9eb4, L:/127.0.0.1:64175 - R:localhost/127.0.0.1:26374] for GET '/session/541e5fbff23d86bb83d3a1a7e5bf5bb4/alert/text'
12:03:45.709 [AsyncHttpClient-1-2] DEBUG org.asynchttpclient.netty.handler.HttpHandler - 

Request DefaultFullHttpRequest(decodeResult: success, version: HTTP/1.1, content: EmptyByteBufBE)
GET /session/541e5fbff23d86bb83d3a1a7e5bf5bb4/alert/text HTTP/1.1
User-Agent: selenium/4.6.0 (java windows)
Cache-Control: no-cache
Content-Type: application/json; charset=utf-8
host: localhost:26374
accept: */*

Response DefaultHttpResponse(decodeResult: success, version: HTTP/1.1)
HTTP/1.1 404 Not Found
Content-Type: application/json; charset=utf-8
cache-control: no-cache
content-length: 848

12:03:45.710 [AsyncHttpClient-1-2] DEBUG org.asynchttpclient.netty.channel.ChannelManager - Adding key: http://localhost:26374 for channel [id: 0x5e9e9eb4, L:/127.0.0.1:64175 - R:localhost/127.0.0.1:26374]
12:03:45.724 [Forwarding switchToWindow on session 541e5fbff23d86bb83d3a1a7e5bf5bb4 to remote] DEBUG org.asynchttpclient.netty.request.NettyRequestSender - Using pooled Channel '[id: 0x5e9e9eb4, L:/127.0.0.1:64175 - R:localhost/127.0.0.1:26374]' for 'POST' to 'http://localhost:26374/session/541e5fbff23d86bb83d3a1a7e5bf5bb4/window'
12:03:45.724 [Forwarding switchToWindow on session 541e5fbff23d86bb83d3a1a7e5bf5bb4 to remote] DEBUG org.asynchttpclient.netty.request.NettyRequestSender - Using open Channel [id: 0x5e9e9eb4, L:/127.0.0.1:64175 - R:localhost/127.0.0.1:26374] for POST '/session/541e5fbff23d86bb83d3a1a7e5bf5bb4/window'
12:03:45.726 [AsyncHttpClient-1-2] DEBUG org.asynchttpclient.netty.handler.HttpHandler - 

Request DefaultHttpRequest(decodeResult: success, version: HTTP/1.1)
POST /session/541e5fbff23d86bb83d3a1a7e5bf5bb4/window HTTP/1.1
User-Agent: selenium/4.6.0 (java windows)
Content-Length: 50
Content-Type: application/json; charset=utf-8
host: localhost:26374
accept: */*

Response DefaultHttpResponse(decodeResult: success, version: HTTP/1.1)
HTTP/1.1 200 OK
Content-Type: application/json; charset=utf-8
cache-control: no-cache
content-length: 14

12:03:45.726 [AsyncHttpClient-1-2] DEBUG org.asynchttpclient.netty.channel.ChannelManager - Adding key: http://localhost:26374 for channel [id: 0x5e9e9eb4, L:/127.0.0.1:64175 - R:localhost/127.0.0.1:26374]
12:03:45.727 [Forwarding getCurrentUrl on session 541e5fbff23d86bb83d3a1a7e5bf5bb4 to remote] DEBUG org.asynchttpclient.netty.request.NettyRequestSender - Using pooled Channel '[id: 0x5e9e9eb4, L:/127.0.0.1:64175 - R:localhost/127.0.0.1:26374]' for 'GET' to 'http://localhost:26374/session/541e5fbff23d86bb83d3a1a7e5bf5bb4/url'
12:03:45.727 [Forwarding getCurrentUrl on session 541e5fbff23d86bb83d3a1a7e5bf5bb4 to remote] DEBUG org.asynchttpclient.netty.request.NettyRequestSender - Using open Channel [id: 0x5e9e9eb4, L:/127.0.0.1:64175 - R:localhost/127.0.0.1:26374] for GET '/session/541e5fbff23d86bb83d3a1a7e5bf5bb4/url'
12:03:45.732 [AsyncHttpClient-1-2] DEBUG org.asynchttpclient.netty.handler.HttpHandler - 

Request DefaultFullHttpRequest(decodeResult: success, version: HTTP/1.1, content: EmptyByteBufBE)
GET /session/541e5fbff23d86bb83d3a1a7e5bf5bb4/url HTTP/1.1
User-Agent: selenium/4.6.0 (java windows)
Cache-Control: no-cache
Content-Type: application/json; charset=utf-8
host: localhost:26374
accept: */*

Response DefaultHttpResponse(decodeResult: success, version: HTTP/1.1)
HTTP/1.1 200 OK
Content-Type: application/json; charset=utf-8
cache-control: no-cache
content-length: 38

12:03:45.732 [AsyncHttpClient-1-2] DEBUG org.asynchttpclient.netty.channel.ChannelManager - Adding key: http://localhost:26374 for channel [id: 0x5e9e9eb4, L:/127.0.0.1:64175 - R:localhost/127.0.0.1:26374]
12:03:45.733 [Forwarding screenshot on session 541e5fbff23d86bb83d3a1a7e5bf5bb4 to remote] DEBUG org.asynchttpclient.netty.request.NettyRequestSender - Using pooled Channel '[id: 0x5e9e9eb4, L:/127.0.0.1:64175 - R:localhost/127.0.0.1:26374]' for 'GET' to 'http://localhost:26374/session/541e5fbff23d86bb83d3a1a7e5bf5bb4/screenshot'
12:03:45.733 [Forwarding screenshot on session 541e5fbff23d86bb83d3a1a7e5bf5bb4 to remote] DEBUG org.asynchttpclient.netty.request.NettyRequestSender - Using open Channel [id: 0x5e9e9eb4, L:/127.0.0.1:64175 - R:localhost/127.0.0.1:26374] for GET '/session/541e5fbff23d86bb83d3a1a7e5bf5bb4/screenshot'
12:03:45.960 [AsyncHttpClient-1-2] DEBUG org.asynchttpclient.netty.handler.HttpHandler - 

Request DefaultFullHttpRequest(decodeResult: success, version: HTTP/1.1, content: EmptyByteBufBE)
GET /session/541e5fbff23d86bb83d3a1a7e5bf5bb4/screenshot HTTP/1.1
User-Agent: selenium/4.6.0 (java windows)
Cache-Control: no-cache
Content-Type: application/json; charset=utf-8
host: localhost:26374
accept: */*

Response DefaultHttpResponse(decodeResult: success, version: HTTP/1.1)
HTTP/1.1 200 OK
Content-Type: application/json; charset=utf-8
cache-control: no-cache
content-length: 703036

12:03:45.961 [AsyncHttpClient-1-2] DEBUG org.asynchttpclient.netty.channel.ChannelManager - Adding key: http://localhost:26374 for channel [id: 0x5e9e9eb4, L:/127.0.0.1:64175 - R:localhost/127.0.0.1:26374]
12:03:45.980 [Test worker] DEBUG net.serenitybdd.core.photography.Darkroom - Send negative for processing for C:\Users\Usuario\Documents\retoAutomatizacion\e2e\RetoDemoBlaze\target\site\serenity\849f7d44f7957b478eefabd27baf0b69afb008a2cde18218a6950d2ba42b5766.png
12:03:45.990 [Forwarding getPageSource on session 541e5fbff23d86bb83d3a1a7e5bf5bb4 to remote] DEBUG org.asynchttpclient.netty.request.NettyRequestSender - Using pooled Channel '[id: 0x5e9e9eb4, L:/127.0.0.1:64175 - R:localhost/127.0.0.1:26374]' for 'POST' to 'http://localhost:26374/session/541e5fbff23d86bb83d3a1a7e5bf5bb4/execute/sync'
12:03:45.990 [Forwarding getPageSource on session 541e5fbff23d86bb83d3a1a7e5bf5bb4 to remote] DEBUG org.asynchttpclient.netty.request.NettyRequestSender - Using open Channel [id: 0x5e9e9eb4, L:/127.0.0.1:64175 - R:localhost/127.0.0.1:26374] for POST '/session/541e5fbff23d86bb83d3a1a7e5bf5bb4/execute/sync'
12:03:45.999 [AsyncHttpClient-1-2] DEBUG org.asynchttpclient.netty.handler.HttpHandler - 

Request DefaultHttpRequest(decodeResult: success, version: HTTP/1.1)
POST /session/541e5fbff23d86bb83d3a1a7e5bf5bb4/execute/sync HTTP/1.1
User-Agent: selenium/4.6.0 (java windows)
Content-Length: 176
Content-Type: application/json; charset=utf-8
host: localhost:26374
accept: */*

Response DefaultHttpResponse(decodeResult: success, version: HTTP/1.1)
HTTP/1.1 200 OK
Content-Type: application/json; charset=utf-8
cache-control: no-cache
content-length: 57605

12:03:45.999 [AsyncHttpClient-1-2] DEBUG org.asynchttpclient.netty.channel.ChannelManager - Adding key: http://localhost:26374 for channel [id: 0x5e9e9eb4, L:/127.0.0.1:64175 - R:localhost/127.0.0.1:26374]
12:03:46.014 [Forwarding getCurrentUrl on session 541e5fbff23d86bb83d3a1a7e5bf5bb4 to remote] DEBUG org.asynchttpclient.netty.request.NettyRequestSender - Using pooled Channel '[id: 0x5e9e9eb4, L:/127.0.0.1:64175 - R:localhost/127.0.0.1:26374]' for 'GET' to 'http://localhost:26374/session/541e5fbff23d86bb83d3a1a7e5bf5bb4/url'
12:03:46.014 [Forwarding getCurrentUrl on session 541e5fbff23d86bb83d3a1a7e5bf5bb4 to remote] DEBUG org.asynchttpclient.netty.request.NettyRequestSender - Using open Channel [id: 0x5e9e9eb4, L:/127.0.0.1:64175 - R:localhost/127.0.0.1:26374] for GET '/session/541e5fbff23d86bb83d3a1a7e5bf5bb4/url'
12:03:46.019 [AsyncHttpClient-1-2] DEBUG org.asynchttpclient.netty.handler.HttpHandler - 

Request DefaultFullHttpRequest(decodeResult: success, version: HTTP/1.1, content: EmptyByteBufBE)
GET /session/541e5fbff23d86bb83d3a1a7e5bf5bb4/url HTTP/1.1
User-Agent: selenium/4.6.0 (java windows)
Cache-Control: no-cache
Content-Type: application/json; charset=utf-8
host: localhost:26374
accept: */*

Response DefaultHttpResponse(decodeResult: success, version: HTTP/1.1)
HTTP/1.1 200 OK
Content-Type: application/json; charset=utf-8
cache-control: no-cache
content-length: 38

12:03:46.019 [AsyncHttpClient-1-2] DEBUG org.asynchttpclient.netty.channel.ChannelManager - Adding key: http://localhost:26374 for channel [id: 0x5e9e9eb4, L:/127.0.0.1:64175 - R:localhost/127.0.0.1:26374]
12:03:46.022 [Test worker] DEBUG net.thucydides.core.steps.StepInterceptor - STARTING STEP: PickCategory.performAs - {0} clicks on #target
12:03:46.023 [Test worker] DEBUG net.serenitybdd.screenplay.targets.IFrameSwitcher - default content already selected for Laptops
12:03:46.100 [Forwarding findElement on session 541e5fbff23d86bb83d3a1a7e5bf5bb4 to remote] DEBUG org.asynchttpclient.netty.request.NettyRequestSender - Using pooled Channel '[id: 0x5e9e9eb4, L:/127.0.0.1:64175 - R:localhost/127.0.0.1:26374]' for 'POST' to 'http://localhost:26374/session/541e5fbff23d86bb83d3a1a7e5bf5bb4/element'
12:03:46.100 [Forwarding findElement on session 541e5fbff23d86bb83d3a1a7e5bf5bb4 to remote] DEBUG org.asynchttpclient.netty.request.NettyRequestSender - Using open Channel [id: 0x5e9e9eb4, L:/127.0.0.1:64175 - R:localhost/127.0.0.1:26374] for POST '/session/541e5fbff23d86bb83d3a1a7e5bf5bb4/element'
12:03:46.112 [AsyncHttpClient-1-2] DEBUG org.asynchttpclient.netty.handler.HttpHandler - 

Request DefaultHttpRequest(decodeResult: success, version: HTTP/1.1)
POST /session/541e5fbff23d86bb83d3a1a7e5bf5bb4/element HTTP/1.1
User-Agent: selenium/4.6.0 (java windows)
Content-Length: 68
Content-Type: application/json; charset=utf-8
host: localhost:26374
accept: */*

Response DefaultHttpResponse(decodeResult: success, version: HTTP/1.1)
HTTP/1.1 200 OK
Content-Type: application/json; charset=utf-8
cache-control: no-cache
content-length: 96

12:03:46.112 [AsyncHttpClient-1-2] DEBUG org.asynchttpclient.netty.channel.ChannelManager - Adding key: http://localhost:26374 for channel [id: 0x5e9e9eb4, L:/127.0.0.1:64175 - R:localhost/127.0.0.1:26374]
12:03:46.133 [Forwarding isElementDisplayed on session 541e5fbff23d86bb83d3a1a7e5bf5bb4 to remote] DEBUG org.asynchttpclient.netty.request.NettyRequestSender - Using pooled Channel '[id: 0x5e9e9eb4, L:/127.0.0.1:64175 - R:localhost/127.0.0.1:26374]' for 'POST' to 'http://localhost:26374/session/541e5fbff23d86bb83d3a1a7e5bf5bb4/execute/sync'
12:03:46.134 [Forwarding isElementDisplayed on session 541e5fbff23d86bb83d3a1a7e5bf5bb4 to remote] DEBUG org.asynchttpclient.netty.request.NettyRequestSender - Using open Channel [id: 0x5e9e9eb4, L:/127.0.0.1:64175 - R:localhost/127.0.0.1:26374] for POST '/session/541e5fbff23d86bb83d3a1a7e5bf5bb4/execute/sync'
12:03:46.144 [AsyncHttpClient-1-2] DEBUG org.asynchttpclient.netty.handler.HttpHandler - 

Request DefaultHttpRequest(decodeResult: success, version: HTTP/1.1)
POST /session/541e5fbff23d86bb83d3a1a7e5bf5bb4/execute/sync HTTP/1.1
User-Agent: selenium/4.6.0 (java windows)
Content-Length: 48788
Content-Type: application/json; charset=utf-8
host: localhost:26374
accept: */*

Response DefaultHttpResponse(decodeResult: success, version: HTTP/1.1)
HTTP/1.1 200 OK
Content-Type: application/json; charset=utf-8
cache-control: no-cache
content-length: 14

12:03:46.144 [AsyncHttpClient-1-2] DEBUG org.asynchttpclient.netty.channel.ChannelManager - Adding key: http://localhost:26374 for channel [id: 0x5e9e9eb4, L:/127.0.0.1:64175 - R:localhost/127.0.0.1:26374]
12:03:46.164 [Forwarding findElement on session 541e5fbff23d86bb83d3a1a7e5bf5bb4 to remote] DEBUG org.asynchttpclient.netty.request.NettyRequestSender - Using pooled Channel '[id: 0x5e9e9eb4, L:/127.0.0.1:64175 - R:localhost/127.0.0.1:26374]' for 'POST' to 'http://localhost:26374/session/541e5fbff23d86bb83d3a1a7e5bf5bb4/element'
12:03:46.164 [Forwarding findElement on session 541e5fbff23d86bb83d3a1a7e5bf5bb4 to remote] DEBUG org.asynchttpclient.netty.request.NettyRequestSender - Using open Channel [id: 0x5e9e9eb4, L:/127.0.0.1:64175 - R:localhost/127.0.0.1:26374] for POST '/session/541e5fbff23d86bb83d3a1a7e5bf5bb4/element'
12:03:46.175 [AsyncHttpClient-1-2] DEBUG org.asynchttpclient.netty.handler.HttpHandler - 

Request DefaultHttpRequest(decodeResult: success, version: HTTP/1.1)
POST /session/541e5fbff23d86bb83d3a1a7e5bf5bb4/element HTTP/1.1
User-Agent: selenium/4.6.0 (java windows)
Content-Length: 68
Content-Type: application/json; charset=utf-8
host: localhost:26374
accept: */*

Response DefaultHttpResponse(decodeResult: success, version: HTTP/1.1)
HTTP/1.1 200 OK
Content-Type: application/json; charset=utf-8
cache-control: no-cache
content-length: 96

12:03:46.175 [AsyncHttpClient-1-2] DEBUG org.asynchttpclient.netty.channel.ChannelManager - Adding key: http://localhost:26374 for channel [id: 0x5e9e9eb4, L:/127.0.0.1:64175 - R:localhost/127.0.0.1:26374]
12:03:46.176 [Forwarding clickElement on session 541e5fbff23d86bb83d3a1a7e5bf5bb4 to remote] DEBUG org.asynchttpclient.netty.request.NettyRequestSender - Using pooled Channel '[id: 0x5e9e9eb4, L:/127.0.0.1:64175 - R:localhost/127.0.0.1:26374]' for 'POST' to 'http://localhost:26374/session/541e5fbff23d86bb83d3a1a7e5bf5bb4/element/ECBC0977AB2827CED4C5CBF71B2D020E_element_100/click'
12:03:46.176 [Forwarding clickElement on session 541e5fbff23d86bb83d3a1a7e5bf5bb4 to remote] DEBUG org.asynchttpclient.netty.request.NettyRequestSender - Using open Channel [id: 0x5e9e9eb4, L:/127.0.0.1:64175 - R:localhost/127.0.0.1:26374] for POST '/session/541e5fbff23d86bb83d3a1a7e5bf5bb4/element/ECBC0977AB2827CED4C5CBF71B2D020E_element_100/click'
12:03:46.205 [AsyncHttpClient-1-2] DEBUG org.asynchttpclient.netty.handler.HttpHandler - 

Request DefaultHttpRequest(decodeResult: success, version: HTTP/1.1)
POST /session/541e5fbff23d86bb83d3a1a7e5bf5bb4/element/ECBC0977AB2827CED4C5CBF71B2D020E_element_100/click HTTP/1.1
User-Agent: selenium/4.6.0 (java windows)
Content-Length: 58
Content-Type: application/json; charset=utf-8
host: localhost:26374
accept: */*

Response DefaultHttpResponse(decodeResult: success, version: HTTP/1.1)
HTTP/1.1 200 OK
Content-Type: application/json; charset=utf-8
cache-control: no-cache
content-length: 14

12:03:46.205 [AsyncHttpClient-1-2] DEBUG org.asynchttpclient.netty.channel.ChannelManager - Adding key: http://localhost:26374 for channel [id: 0x5e9e9eb4, L:/127.0.0.1:64175 - R:localhost/127.0.0.1:26374]
12:03:46.244 [Forwarding getCurrentWindowHandle on session 541e5fbff23d86bb83d3a1a7e5bf5bb4 to remote] DEBUG org.asynchttpclient.netty.request.NettyRequestSender - Using pooled Channel '[id: 0x5e9e9eb4, L:/127.0.0.1:64175 - R:localhost/127.0.0.1:26374]' for 'GET' to 'http://localhost:26374/session/541e5fbff23d86bb83d3a1a7e5bf5bb4/window'
12:03:46.245 [Forwarding getCurrentWindowHandle on session 541e5fbff23d86bb83d3a1a7e5bf5bb4 to remote] DEBUG org.asynchttpclient.netty.request.NettyRequestSender - Using open Channel [id: 0x5e9e9eb4, L:/127.0.0.1:64175 - R:localhost/127.0.0.1:26374] for GET '/session/541e5fbff23d86bb83d3a1a7e5bf5bb4/window'
12:03:46.246 [AsyncHttpClient-1-2] DEBUG org.asynchttpclient.netty.handler.HttpHandler - 

Request DefaultFullHttpRequest(decodeResult: success, version: HTTP/1.1, content: EmptyByteBufBE)
GET /session/541e5fbff23d86bb83d3a1a7e5bf5bb4/window HTTP/1.1
User-Agent: selenium/4.6.0 (java windows)
Cache-Control: no-cache
Content-Type: application/json; charset=utf-8
host: localhost:26374
accept: */*

Response DefaultHttpResponse(decodeResult: success, version: HTTP/1.1)
HTTP/1.1 200 OK
Content-Type: application/json; charset=utf-8
cache-control: no-cache
content-length: 44

12:03:46.246 [AsyncHttpClient-1-2] DEBUG org.asynchttpclient.netty.channel.ChannelManager - Adding key: http://localhost:26374 for channel [id: 0x5e9e9eb4, L:/127.0.0.1:64175 - R:localhost/127.0.0.1:26374]
12:03:46.258 [Forwarding getAlertText on session 541e5fbff23d86bb83d3a1a7e5bf5bb4 to remote] DEBUG org.asynchttpclient.netty.request.NettyRequestSender - Using pooled Channel '[id: 0x5e9e9eb4, L:/127.0.0.1:64175 - R:localhost/127.0.0.1:26374]' for 'GET' to 'http://localhost:26374/session/541e5fbff23d86bb83d3a1a7e5bf5bb4/alert/text'
12:03:46.259 [Forwarding getAlertText on session 541e5fbff23d86bb83d3a1a7e5bf5bb4 to remote] DEBUG org.asynchttpclient.netty.request.NettyRequestSender - Using open Channel [id: 0x5e9e9eb4, L:/127.0.0.1:64175 - R:localhost/127.0.0.1:26374] for GET '/session/541e5fbff23d86bb83d3a1a7e5bf5bb4/alert/text'
12:03:46.261 [AsyncHttpClient-1-2] DEBUG org.asynchttpclient.netty.handler.HttpHandler - 

Request DefaultFullHttpRequest(decodeResult: success, version: HTTP/1.1, content: EmptyByteBufBE)
GET /session/541e5fbff23d86bb83d3a1a7e5bf5bb4/alert/text HTTP/1.1
User-Agent: selenium/4.6.0 (java windows)
Cache-Control: no-cache
Content-Type: application/json; charset=utf-8
host: localhost:26374
accept: */*

Response DefaultHttpResponse(decodeResult: success, version: HTTP/1.1)
HTTP/1.1 404 Not Found
Content-Type: application/json; charset=utf-8
cache-control: no-cache
content-length: 848

12:03:46.261 [AsyncHttpClient-1-2] DEBUG org.asynchttpclient.netty.channel.ChannelManager - Adding key: http://localhost:26374 for channel [id: 0x5e9e9eb4, L:/127.0.0.1:64175 - R:localhost/127.0.0.1:26374]
12:03:46.279 [Forwarding switchToWindow on session 541e5fbff23d86bb83d3a1a7e5bf5bb4 to remote] DEBUG org.asynchttpclient.netty.request.NettyRequestSender - Using pooled Channel '[id: 0x5e9e9eb4, L:/127.0.0.1:64175 - R:localhost/127.0.0.1:26374]' for 'POST' to 'http://localhost:26374/session/541e5fbff23d86bb83d3a1a7e5bf5bb4/window'
12:03:46.280 [Forwarding switchToWindow on session 541e5fbff23d86bb83d3a1a7e5bf5bb4 to remote] DEBUG org.asynchttpclient.netty.request.NettyRequestSender - Using open Channel [id: 0x5e9e9eb4, L:/127.0.0.1:64175 - R:localhost/127.0.0.1:26374] for POST '/session/541e5fbff23d86bb83d3a1a7e5bf5bb4/window'
12:03:46.282 [AsyncHttpClient-1-2] DEBUG org.asynchttpclient.netty.handler.HttpHandler - 

Request DefaultHttpRequest(decodeResult: success, version: HTTP/1.1)
POST /session/541e5fbff23d86bb83d3a1a7e5bf5bb4/window HTTP/1.1
User-Agent: selenium/4.6.0 (java windows)
Content-Length: 50
Content-Type: application/json; charset=utf-8
host: localhost:26374
accept: */*

Response DefaultHttpResponse(decodeResult: success, version: HTTP/1.1)
HTTP/1.1 200 OK
Content-Type: application/json; charset=utf-8
cache-control: no-cache
content-length: 14

12:03:46.282 [AsyncHttpClient-1-2] DEBUG org.asynchttpclient.netty.channel.ChannelManager - Adding key: http://localhost:26374 for channel [id: 0x5e9e9eb4, L:/127.0.0.1:64175 - R:localhost/127.0.0.1:26374]
12:03:46.283 [Forwarding getCurrentUrl on session 541e5fbff23d86bb83d3a1a7e5bf5bb4 to remote] DEBUG org.asynchttpclient.netty.request.NettyRequestSender - Using pooled Channel '[id: 0x5e9e9eb4, L:/127.0.0.1:64175 - R:localhost/127.0.0.1:26374]' for 'GET' to 'http://localhost:26374/session/541e5fbff23d86bb83d3a1a7e5bf5bb4/url'
12:03:46.283 [Forwarding getCurrentUrl on session 541e5fbff23d86bb83d3a1a7e5bf5bb4 to remote] DEBUG org.asynchttpclient.netty.request.NettyRequestSender - Using open Channel [id: 0x5e9e9eb4, L:/127.0.0.1:64175 - R:localhost/127.0.0.1:26374] for GET '/session/541e5fbff23d86bb83d3a1a7e5bf5bb4/url'
12:03:46.291 [AsyncHttpClient-1-2] DEBUG org.asynchttpclient.netty.handler.HttpHandler - 

Request DefaultFullHttpRequest(decodeResult: success, version: HTTP/1.1, content: EmptyByteBufBE)
GET /session/541e5fbff23d86bb83d3a1a7e5bf5bb4/url HTTP/1.1
User-Agent: selenium/4.6.0 (java windows)
Cache-Control: no-cache
Content-Type: application/json; charset=utf-8
host: localhost:26374
accept: */*

Response DefaultHttpResponse(decodeResult: success, version: HTTP/1.1)
HTTP/1.1 200 OK
Content-Type: application/json; charset=utf-8
cache-control: no-cache
content-length: 39

12:03:46.291 [AsyncHttpClient-1-2] DEBUG org.asynchttpclient.netty.channel.ChannelManager - Adding key: http://localhost:26374 for channel [id: 0x5e9e9eb4, L:/127.0.0.1:64175 - R:localhost/127.0.0.1:26374]
12:03:46.292 [Forwarding screenshot on session 541e5fbff23d86bb83d3a1a7e5bf5bb4 to remote] DEBUG org.asynchttpclient.netty.request.NettyRequestSender - Using pooled Channel '[id: 0x5e9e9eb4, L:/127.0.0.1:64175 - R:localhost/127.0.0.1:26374]' for 'GET' to 'http://localhost:26374/session/541e5fbff23d86bb83d3a1a7e5bf5bb4/screenshot'
12:03:46.292 [Forwarding screenshot on session 541e5fbff23d86bb83d3a1a7e5bf5bb4 to remote] DEBUG org.asynchttpclient.netty.request.NettyRequestSender - Using open Channel [id: 0x5e9e9eb4, L:/127.0.0.1:64175 - R:localhost/127.0.0.1:26374] for GET '/session/541e5fbff23d86bb83d3a1a7e5bf5bb4/screenshot'
12:03:46.526 [AsyncHttpClient-1-2] DEBUG org.asynchttpclient.netty.handler.HttpHandler - 

Request DefaultFullHttpRequest(decodeResult: success, version: HTTP/1.1, content: EmptyByteBufBE)
GET /session/541e5fbff23d86bb83d3a1a7e5bf5bb4/screenshot HTTP/1.1
User-Agent: selenium/4.6.0 (java windows)
Cache-Control: no-cache
Content-Type: application/json; charset=utf-8
host: localhost:26374
accept: */*

Response DefaultHttpResponse(decodeResult: success, version: HTTP/1.1)
HTTP/1.1 200 OK
Content-Type: application/json; charset=utf-8
cache-control: no-cache
content-length: 703036

12:03:46.527 [AsyncHttpClient-1-2] DEBUG org.asynchttpclient.netty.channel.ChannelManager - Adding key: http://localhost:26374 for channel [id: 0x5e9e9eb4, L:/127.0.0.1:64175 - R:localhost/127.0.0.1:26374]
12:03:46.558 [Test worker] DEBUG net.serenitybdd.core.photography.Darkroom - Send negative for processing for C:\Users\Usuario\Documents\retoAutomatizacion\e2e\RetoDemoBlaze\target\site\serenity\849f7d44f7957b478eefabd27baf0b69afb008a2cde18218a6950d2ba42b5766.png
12:03:46.559 [Test worker] DEBUG net.thucydides.core.steps.StepInterceptor - STEP DONE: {0} clicks on #target
12:03:46.569 [AsyncHttpClient-1-1] DEBUG org.asynchttpclient.netty.channel.DefaultChannelPool - Entry count for : http://localhost:64176 : 1
12:03:46.569 [AsyncHttpClient-1-1] DEBUG org.asynchttpclient.netty.channel.DefaultChannelPool - Entry count for : http://localhost:26374 : 1
12:03:46.593 [Forwarding getPageSource on session 541e5fbff23d86bb83d3a1a7e5bf5bb4 to remote] DEBUG org.asynchttpclient.netty.request.NettyRequestSender - Using pooled Channel '[id: 0x5e9e9eb4, L:/127.0.0.1:64175 - R:localhost/127.0.0.1:26374]' for 'POST' to 'http://localhost:26374/session/541e5fbff23d86bb83d3a1a7e5bf5bb4/execute/sync'
12:03:46.593 [Forwarding getPageSource on session 541e5fbff23d86bb83d3a1a7e5bf5bb4 to remote] DEBUG org.asynchttpclient.netty.request.NettyRequestSender - Using open Channel [id: 0x5e9e9eb4, L:/127.0.0.1:64175 - R:localhost/127.0.0.1:26374] for POST '/session/541e5fbff23d86bb83d3a1a7e5bf5bb4/execute/sync'
12:03:46.602 [AsyncHttpClient-1-2] DEBUG org.asynchttpclient.netty.handler.HttpHandler - 

Request DefaultHttpRequest(decodeResult: success, version: HTTP/1.1)
POST /session/541e5fbff23d86bb83d3a1a7e5bf5bb4/execute/sync HTTP/1.1
User-Agent: selenium/4.6.0 (java windows)
Content-Length: 176
Content-Type: application/json; charset=utf-8
host: localhost:26374
accept: */*

Response DefaultHttpResponse(decodeResult: success, version: HTTP/1.1)
HTTP/1.1 200 OK
Content-Type: application/json; charset=utf-8
cache-control: no-cache
content-length: 57605

12:03:46.602 [AsyncHttpClient-1-2] DEBUG org.asynchttpclient.netty.channel.ChannelManager - Adding key: http://localhost:26374 for channel [id: 0x5e9e9eb4, L:/127.0.0.1:64175 - R:localhost/127.0.0.1:26374]
12:03:46.613 [Forwarding getCurrentUrl on session 541e5fbff23d86bb83d3a1a7e5bf5bb4 to remote] DEBUG org.asynchttpclient.netty.request.NettyRequestSender - Using pooled Channel '[id: 0x5e9e9eb4, L:/127.0.0.1:64175 - R:localhost/127.0.0.1:26374]' for 'GET' to 'http://localhost:26374/session/541e5fbff23d86bb83d3a1a7e5bf5bb4/url'
12:03:46.613 [Forwarding getCurrentUrl on session 541e5fbff23d86bb83d3a1a7e5bf5bb4 to remote] DEBUG org.asynchttpclient.netty.request.NettyRequestSender - Using open Channel [id: 0x5e9e9eb4, L:/127.0.0.1:64175 - R:localhost/127.0.0.1:26374] for GET '/session/541e5fbff23d86bb83d3a1a7e5bf5bb4/url'
12:03:46.618 [AsyncHttpClient-1-2] DEBUG org.asynchttpclient.netty.handler.HttpHandler - 

Request DefaultFullHttpRequest(decodeResult: success, version: HTTP/1.1, content: EmptyByteBufBE)
GET /session/541e5fbff23d86bb83d3a1a7e5bf5bb4/url HTTP/1.1
User-Agent: selenium/4.6.0 (java windows)
Cache-Control: no-cache
Content-Type: application/json; charset=utf-8
host: localhost:26374
accept: */*

Response DefaultHttpResponse(decodeResult: success, version: HTTP/1.1)
HTTP/1.1 200 OK
Content-Type: application/json; charset=utf-8
cache-control: no-cache
content-length: 39

12:03:46.618 [AsyncHttpClient-1-2] DEBUG org.asynchttpclient.netty.channel.ChannelManager - Adding key: http://localhost:26374 for channel [id: 0x5e9e9eb4, L:/127.0.0.1:64175 - R:localhost/127.0.0.1:26374]
12:03:46.621 [Test worker] DEBUG net.thucydides.core.steps.StepInterceptor - STARTING STEP: PickCategory.performAs - performAs
12:03:47.670 [AsyncHttpClient-1-1] DEBUG org.asynchttpclient.netty.channel.DefaultChannelPool - Entry count for : http://localhost:64176 : 1
12:03:47.670 [AsyncHttpClient-1-1] DEBUG org.asynchttpclient.netty.channel.DefaultChannelPool - Entry count for : http://localhost:26374 : 1
12:03:48.765 [AsyncHttpClient-1-1] DEBUG org.asynchttpclient.netty.channel.DefaultChannelPool - Entry count for : http://localhost:64176 : 1
12:03:48.765 [AsyncHttpClient-1-1] DEBUG org.asynchttpclient.netty.channel.DefaultChannelPool - Entry count for : http://localhost:26374 : 1
12:03:49.681 [Forwarding getCurrentWindowHandle on session 541e5fbff23d86bb83d3a1a7e5bf5bb4 to remote] DEBUG org.asynchttpclient.netty.request.NettyRequestSender - Using pooled Channel '[id: 0x5e9e9eb4, L:/127.0.0.1:64175 - R:localhost/127.0.0.1:26374]' for 'GET' to 'http://localhost:26374/session/541e5fbff23d86bb83d3a1a7e5bf5bb4/window'
12:03:49.681 [Forwarding getCurrentWindowHandle on session 541e5fbff23d86bb83d3a1a7e5bf5bb4 to remote] DEBUG org.asynchttpclient.netty.request.NettyRequestSender - Using open Channel [id: 0x5e9e9eb4, L:/127.0.0.1:64175 - R:localhost/127.0.0.1:26374] for GET '/session/541e5fbff23d86bb83d3a1a7e5bf5bb4/window'
12:03:49.683 [AsyncHttpClient-1-2] DEBUG org.asynchttpclient.netty.handler.HttpHandler - 

Request DefaultFullHttpRequest(decodeResult: success, version: HTTP/1.1, content: EmptyByteBufBE)
GET /session/541e5fbff23d86bb83d3a1a7e5bf5bb4/window HTTP/1.1
User-Agent: selenium/4.6.0 (java windows)
Cache-Control: no-cache
Content-Type: application/json; charset=utf-8
host: localhost:26374
accept: */*

Response DefaultHttpResponse(decodeResult: success, version: HTTP/1.1)
HTTP/1.1 200 OK
Content-Type: application/json; charset=utf-8
cache-control: no-cache
content-length: 44

12:03:49.683 [AsyncHttpClient-1-2] DEBUG org.asynchttpclient.netty.channel.ChannelManager - Adding key: http://localhost:26374 for channel [id: 0x5e9e9eb4, L:/127.0.0.1:64175 - R:localhost/127.0.0.1:26374]
12:03:49.698 [Forwarding getAlertText on session 541e5fbff23d86bb83d3a1a7e5bf5bb4 to remote] DEBUG org.asynchttpclient.netty.request.NettyRequestSender - Using pooled Channel '[id: 0x5e9e9eb4, L:/127.0.0.1:64175 - R:localhost/127.0.0.1:26374]' for 'GET' to 'http://localhost:26374/session/541e5fbff23d86bb83d3a1a7e5bf5bb4/alert/text'
12:03:49.699 [Forwarding getAlertText on session 541e5fbff23d86bb83d3a1a7e5bf5bb4 to remote] DEBUG org.asynchttpclient.netty.request.NettyRequestSender - Using open Channel [id: 0x5e9e9eb4, L:/127.0.0.1:64175 - R:localhost/127.0.0.1:26374] for GET '/session/541e5fbff23d86bb83d3a1a7e5bf5bb4/alert/text'
12:03:49.700 [AsyncHttpClient-1-2] DEBUG org.asynchttpclient.netty.handler.HttpHandler - 

Request DefaultFullHttpRequest(decodeResult: success, version: HTTP/1.1, content: EmptyByteBufBE)
GET /session/541e5fbff23d86bb83d3a1a7e5bf5bb4/alert/text HTTP/1.1
User-Agent: selenium/4.6.0 (java windows)
Cache-Control: no-cache
Content-Type: application/json; charset=utf-8
host: localhost:26374
accept: */*

Response DefaultHttpResponse(decodeResult: success, version: HTTP/1.1)
HTTP/1.1 404 Not Found
Content-Type: application/json; charset=utf-8
cache-control: no-cache
content-length: 848

12:03:49.701 [AsyncHttpClient-1-2] DEBUG org.asynchttpclient.netty.channel.ChannelManager - Adding key: http://localhost:26374 for channel [id: 0x5e9e9eb4, L:/127.0.0.1:64175 - R:localhost/127.0.0.1:26374]
12:03:49.719 [Forwarding switchToWindow on session 541e5fbff23d86bb83d3a1a7e5bf5bb4 to remote] DEBUG org.asynchttpclient.netty.request.NettyRequestSender - Using pooled Channel '[id: 0x5e9e9eb4, L:/127.0.0.1:64175 - R:localhost/127.0.0.1:26374]' for 'POST' to 'http://localhost:26374/session/541e5fbff23d86bb83d3a1a7e5bf5bb4/window'
12:03:49.719 [Forwarding switchToWindow on session 541e5fbff23d86bb83d3a1a7e5bf5bb4 to remote] DEBUG org.asynchttpclient.netty.request.NettyRequestSender - Using open Channel [id: 0x5e9e9eb4, L:/127.0.0.1:64175 - R:localhost/127.0.0.1:26374] for POST '/session/541e5fbff23d86bb83d3a1a7e5bf5bb4/window'
12:03:49.721 [AsyncHttpClient-1-2] DEBUG org.asynchttpclient.netty.handler.HttpHandler - 

Request DefaultHttpRequest(decodeResult: success, version: HTTP/1.1)
POST /session/541e5fbff23d86bb83d3a1a7e5bf5bb4/window HTTP/1.1
User-Agent: selenium/4.6.0 (java windows)
Content-Length: 50
Content-Type: application/json; charset=utf-8
host: localhost:26374
accept: */*

Response DefaultHttpResponse(decodeResult: success, version: HTTP/1.1)
HTTP/1.1 200 OK
Content-Type: application/json; charset=utf-8
cache-control: no-cache
content-length: 14

12:03:49.721 [AsyncHttpClient-1-2] DEBUG org.asynchttpclient.netty.channel.ChannelManager - Adding key: http://localhost:26374 for channel [id: 0x5e9e9eb4, L:/127.0.0.1:64175 - R:localhost/127.0.0.1:26374]
12:03:49.722 [Forwarding getCurrentUrl on session 541e5fbff23d86bb83d3a1a7e5bf5bb4 to remote] DEBUG org.asynchttpclient.netty.request.NettyRequestSender - Using pooled Channel '[id: 0x5e9e9eb4, L:/127.0.0.1:64175 - R:localhost/127.0.0.1:26374]' for 'GET' to 'http://localhost:26374/session/541e5fbff23d86bb83d3a1a7e5bf5bb4/url'
12:03:49.722 [Forwarding getCurrentUrl on session 541e5fbff23d86bb83d3a1a7e5bf5bb4 to remote] DEBUG org.asynchttpclient.netty.request.NettyRequestSender - Using open Channel [id: 0x5e9e9eb4, L:/127.0.0.1:64175 - R:localhost/127.0.0.1:26374] for GET '/session/541e5fbff23d86bb83d3a1a7e5bf5bb4/url'
12:03:49.727 [AsyncHttpClient-1-2] DEBUG org.asynchttpclient.netty.handler.HttpHandler - 

Request DefaultFullHttpRequest(decodeResult: success, version: HTTP/1.1, content: EmptyByteBufBE)
GET /session/541e5fbff23d86bb83d3a1a7e5bf5bb4/url HTTP/1.1
User-Agent: selenium/4.6.0 (java windows)
Cache-Control: no-cache
Content-Type: application/json; charset=utf-8
host: localhost:26374
accept: */*

Response DefaultHttpResponse(decodeResult: success, version: HTTP/1.1)
HTTP/1.1 200 OK
Content-Type: application/json; charset=utf-8
cache-control: no-cache
content-length: 39

12:03:49.727 [AsyncHttpClient-1-2] DEBUG org.asynchttpclient.netty.channel.ChannelManager - Adding key: http://localhost:26374 for channel [id: 0x5e9e9eb4, L:/127.0.0.1:64175 - R:localhost/127.0.0.1:26374]
12:03:49.727 [Forwarding screenshot on session 541e5fbff23d86bb83d3a1a7e5bf5bb4 to remote] DEBUG org.asynchttpclient.netty.request.NettyRequestSender - Using pooled Channel '[id: 0x5e9e9eb4, L:/127.0.0.1:64175 - R:localhost/127.0.0.1:26374]' for 'GET' to 'http://localhost:26374/session/541e5fbff23d86bb83d3a1a7e5bf5bb4/screenshot'
12:03:49.727 [Forwarding screenshot on session 541e5fbff23d86bb83d3a1a7e5bf5bb4 to remote] DEBUG org.asynchttpclient.netty.request.NettyRequestSender - Using open Channel [id: 0x5e9e9eb4, L:/127.0.0.1:64175 - R:localhost/127.0.0.1:26374] for GET '/session/541e5fbff23d86bb83d3a1a7e5bf5bb4/screenshot'
12:03:49.865 [AsyncHttpClient-1-1] DEBUG org.asynchttpclient.netty.channel.DefaultChannelPool - Entry count for : http://localhost:64176 : 1
12:03:49.950 [AsyncHttpClient-1-2] DEBUG org.asynchttpclient.netty.handler.HttpHandler - 

Request DefaultFullHttpRequest(decodeResult: success, version: HTTP/1.1, content: EmptyByteBufBE)
GET /session/541e5fbff23d86bb83d3a1a7e5bf5bb4/screenshot HTTP/1.1
User-Agent: selenium/4.6.0 (java windows)
Cache-Control: no-cache
Content-Type: application/json; charset=utf-8
host: localhost:26374
accept: */*

Response DefaultHttpResponse(decodeResult: success, version: HTTP/1.1)
HTTP/1.1 200 OK
Content-Type: application/json; charset=utf-8
cache-control: no-cache
content-length: 650864

12:03:49.956 [AsyncHttpClient-1-2] DEBUG org.asynchttpclient.netty.channel.ChannelManager - Adding key: http://localhost:26374 for channel [id: 0x5e9e9eb4, L:/127.0.0.1:64175 - R:localhost/127.0.0.1:26374]
12:03:49.970 [Test worker] DEBUG net.serenitybdd.core.photography.Darkroom - Send negative for processing for C:\Users\Usuario\Documents\retoAutomatizacion\e2e\RetoDemoBlaze\target\site\serenity\16277a739b1b5ee0c002db932819082ba7eea8a8bef464815547e510eaf08af7.png
12:03:49.971 [Darkroom Processing Line] DEBUG net.serenitybdd.core.photography.DarkroomProcessingLine - Processing screenshot image in /var/screenshots/screenshot-10680269439531353132
12:03:49.971 [Darkroom Processing Line] DEBUG net.serenitybdd.core.photography.DarkroomProcessingLine - Saving screenshot to C:\Users\Usuario\Documents\retoAutomatizacion\e2e\RetoDemoBlaze\target\site\serenity\16277a739b1b5ee0c002db932819082ba7eea8a8bef464815547e510eaf08af7.png
12:03:49.971 [Test worker] DEBUG net.thucydides.core.steps.StepInterceptor - STEP DONE: performAs
12:03:49.990 [Test worker] DEBUG net.thucydides.core.steps.StepInterceptor - STEP DONE: performAs
12:03:50.050 [Forwarding getCurrentWindowHandle on session 541e5fbff23d86bb83d3a1a7e5bf5bb4 to remote] DEBUG org.asynchttpclient.netty.request.NettyRequestSender - Using pooled Channel '[id: 0x5e9e9eb4, L:/127.0.0.1:64175 - R:localhost/127.0.0.1:26374]' for 'GET' to 'http://localhost:26374/session/541e5fbff23d86bb83d3a1a7e5bf5bb4/window'
12:03:50.050 [Forwarding getCurrentWindowHandle on session 541e5fbff23d86bb83d3a1a7e5bf5bb4 to remote] DEBUG org.asynchttpclient.netty.request.NettyRequestSender - Using open Channel [id: 0x5e9e9eb4, L:/127.0.0.1:64175 - R:localhost/127.0.0.1:26374] for GET '/session/541e5fbff23d86bb83d3a1a7e5bf5bb4/window'
12:03:50.051 [AsyncHttpClient-1-2] DEBUG org.asynchttpclient.netty.handler.HttpHandler - 

Request DefaultFullHttpRequest(decodeResult: success, version: HTTP/1.1, content: EmptyByteBufBE)
GET /session/541e5fbff23d86bb83d3a1a7e5bf5bb4/window HTTP/1.1
User-Agent: selenium/4.6.0 (java windows)
Cache-Control: no-cache
Content-Type: application/json; charset=utf-8
host: localhost:26374
accept: */*

Response DefaultHttpResponse(decodeResult: success, version: HTTP/1.1)
HTTP/1.1 200 OK
Content-Type: application/json; charset=utf-8
cache-control: no-cache
content-length: 44

12:03:50.051 [AsyncHttpClient-1-2] DEBUG org.asynchttpclient.netty.channel.ChannelManager - Adding key: http://localhost:26374 for channel [id: 0x5e9e9eb4, L:/127.0.0.1:64175 - R:localhost/127.0.0.1:26374]
12:03:50.060 [Forwarding getAlertText on session 541e5fbff23d86bb83d3a1a7e5bf5bb4 to remote] DEBUG org.asynchttpclient.netty.request.NettyRequestSender - Using pooled Channel '[id: 0x5e9e9eb4, L:/127.0.0.1:64175 - R:localhost/127.0.0.1:26374]' for 'GET' to 'http://localhost:26374/session/541e5fbff23d86bb83d3a1a7e5bf5bb4/alert/text'
12:03:50.060 [Forwarding getAlertText on session 541e5fbff23d86bb83d3a1a7e5bf5bb4 to remote] DEBUG org.asynchttpclient.netty.request.NettyRequestSender - Using open Channel [id: 0x5e9e9eb4, L:/127.0.0.1:64175 - R:localhost/127.0.0.1:26374] for GET '/session/541e5fbff23d86bb83d3a1a7e5bf5bb4/alert/text'
12:03:50.062 [AsyncHttpClient-1-2] DEBUG org.asynchttpclient.netty.handler.HttpHandler - 

Request DefaultFullHttpRequest(decodeResult: success, version: HTTP/1.1, content: EmptyByteBufBE)
GET /session/541e5fbff23d86bb83d3a1a7e5bf5bb4/alert/text HTTP/1.1
User-Agent: selenium/4.6.0 (java windows)
Cache-Control: no-cache
Content-Type: application/json; charset=utf-8
host: localhost:26374
accept: */*

Response DefaultHttpResponse(decodeResult: success, version: HTTP/1.1)
HTTP/1.1 404 Not Found
Content-Type: application/json; charset=utf-8
cache-control: no-cache
content-length: 848

12:03:50.063 [AsyncHttpClient-1-2] DEBUG org.asynchttpclient.netty.channel.ChannelManager - Adding key: http://localhost:26374 for channel [id: 0x5e9e9eb4, L:/127.0.0.1:64175 - R:localhost/127.0.0.1:26374]
12:03:50.084 [Forwarding switchToWindow on session 541e5fbff23d86bb83d3a1a7e5bf5bb4 to remote] DEBUG org.asynchttpclient.netty.request.NettyRequestSender - Using pooled Channel '[id: 0x5e9e9eb4, L:/127.0.0.1:64175 - R:localhost/127.0.0.1:26374]' for 'POST' to 'http://localhost:26374/session/541e5fbff23d86bb83d3a1a7e5bf5bb4/window'
12:03:50.084 [Forwarding switchToWindow on session 541e5fbff23d86bb83d3a1a7e5bf5bb4 to remote] DEBUG org.asynchttpclient.netty.request.NettyRequestSender - Using open Channel [id: 0x5e9e9eb4, L:/127.0.0.1:64175 - R:localhost/127.0.0.1:26374] for POST '/session/541e5fbff23d86bb83d3a1a7e5bf5bb4/window'
12:03:50.086 [AsyncHttpClient-1-2] DEBUG org.asynchttpclient.netty.handler.HttpHandler - 

Request DefaultHttpRequest(decodeResult: success, version: HTTP/1.1)
POST /session/541e5fbff23d86bb83d3a1a7e5bf5bb4/window HTTP/1.1
User-Agent: selenium/4.6.0 (java windows)
Content-Length: 50
Content-Type: application/json; charset=utf-8
host: localhost:26374
accept: */*

Response DefaultHttpResponse(decodeResult: success, version: HTTP/1.1)
HTTP/1.1 200 OK
Content-Type: application/json; charset=utf-8
cache-control: no-cache
content-length: 14

12:03:50.086 [AsyncHttpClient-1-2] DEBUG org.asynchttpclient.netty.channel.ChannelManager - Adding key: http://localhost:26374 for channel [id: 0x5e9e9eb4, L:/127.0.0.1:64175 - R:localhost/127.0.0.1:26374]
12:03:50.087 [Forwarding getCurrentUrl on session 541e5fbff23d86bb83d3a1a7e5bf5bb4 to remote] DEBUG org.asynchttpclient.netty.request.NettyRequestSender - Using pooled Channel '[id: 0x5e9e9eb4, L:/127.0.0.1:64175 - R:localhost/127.0.0.1:26374]' for 'GET' to 'http://localhost:26374/session/541e5fbff23d86bb83d3a1a7e5bf5bb4/url'
12:03:50.087 [Forwarding getCurrentUrl on session 541e5fbff23d86bb83d3a1a7e5bf5bb4 to remote] DEBUG org.asynchttpclient.netty.request.NettyRequestSender - Using open Channel [id: 0x5e9e9eb4, L:/127.0.0.1:64175 - R:localhost/127.0.0.1:26374] for GET '/session/541e5fbff23d86bb83d3a1a7e5bf5bb4/url'
12:03:50.093 [AsyncHttpClient-1-2] DEBUG org.asynchttpclient.netty.handler.HttpHandler - 

Request DefaultFullHttpRequest(decodeResult: success, version: HTTP/1.1, content: EmptyByteBufBE)
GET /session/541e5fbff23d86bb83d3a1a7e5bf5bb4/url HTTP/1.1
User-Agent: selenium/4.6.0 (java windows)
Cache-Control: no-cache
Content-Type: application/json; charset=utf-8
host: localhost:26374
accept: */*

Response DefaultHttpResponse(decodeResult: success, version: HTTP/1.1)
HTTP/1.1 200 OK
Content-Type: application/json; charset=utf-8
cache-control: no-cache
content-length: 39

12:03:50.094 [AsyncHttpClient-1-2] DEBUG org.asynchttpclient.netty.channel.ChannelManager - Adding key: http://localhost:26374 for channel [id: 0x5e9e9eb4, L:/127.0.0.1:64175 - R:localhost/127.0.0.1:26374]
12:03:50.095 [Forwarding screenshot on session 541e5fbff23d86bb83d3a1a7e5bf5bb4 to remote] DEBUG org.asynchttpclient.netty.request.NettyRequestSender - Using pooled Channel '[id: 0x5e9e9eb4, L:/127.0.0.1:64175 - R:localhost/127.0.0.1:26374]' for 'GET' to 'http://localhost:26374/session/541e5fbff23d86bb83d3a1a7e5bf5bb4/screenshot'
12:03:50.095 [Forwarding screenshot on session 541e5fbff23d86bb83d3a1a7e5bf5bb4 to remote] DEBUG org.asynchttpclient.netty.request.NettyRequestSender - Using open Channel [id: 0x5e9e9eb4, L:/127.0.0.1:64175 - R:localhost/127.0.0.1:26374] for GET '/session/541e5fbff23d86bb83d3a1a7e5bf5bb4/screenshot'
12:03:50.337 [AsyncHttpClient-1-2] DEBUG org.asynchttpclient.netty.handler.HttpHandler - 

Request DefaultFullHttpRequest(decodeResult: success, version: HTTP/1.1, content: EmptyByteBufBE)
GET /session/541e5fbff23d86bb83d3a1a7e5bf5bb4/screenshot HTTP/1.1
User-Agent: selenium/4.6.0 (java windows)
Cache-Control: no-cache
Content-Type: application/json; charset=utf-8
host: localhost:26374
accept: */*

Response DefaultHttpResponse(decodeResult: success, version: HTTP/1.1)
HTTP/1.1 200 OK
Content-Type: application/json; charset=utf-8
cache-control: no-cache
content-length: 650864

12:03:50.340 [AsyncHttpClient-1-2] DEBUG org.asynchttpclient.netty.channel.ChannelManager - Adding key: http://localhost:26374 for channel [id: 0x5e9e9eb4, L:/127.0.0.1:64175 - R:localhost/127.0.0.1:26374]
12:03:50.359 [Test worker] DEBUG net.serenitybdd.core.photography.Darkroom - Send negative for processing for C:\Users\Usuario\Documents\retoAutomatizacion\e2e\RetoDemoBlaze\target\site\serenity\16277a739b1b5ee0c002db932819082ba7eea8a8bef464815547e510eaf08af7.png
12:03:50.374 [Forwarding getPageSource on session 541e5fbff23d86bb83d3a1a7e5bf5bb4 to remote] DEBUG org.asynchttpclient.netty.request.NettyRequestSender - Using pooled Channel '[id: 0x5e9e9eb4, L:/127.0.0.1:64175 - R:localhost/127.0.0.1:26374]' for 'POST' to 'http://localhost:26374/session/541e5fbff23d86bb83d3a1a7e5bf5bb4/execute/sync'
12:03:50.374 [Forwarding getPageSource on session 541e5fbff23d86bb83d3a1a7e5bf5bb4 to remote] DEBUG org.asynchttpclient.netty.request.NettyRequestSender - Using open Channel [id: 0x5e9e9eb4, L:/127.0.0.1:64175 - R:localhost/127.0.0.1:26374] for POST '/session/541e5fbff23d86bb83d3a1a7e5bf5bb4/execute/sync'
12:03:50.386 [AsyncHttpClient-1-2] DEBUG org.asynchttpclient.netty.handler.HttpHandler - 

Request DefaultHttpRequest(decodeResult: success, version: HTTP/1.1)
POST /session/541e5fbff23d86bb83d3a1a7e5bf5bb4/execute/sync HTTP/1.1
User-Agent: selenium/4.6.0 (java windows)
Content-Length: 176
Content-Type: application/json; charset=utf-8
host: localhost:26374
accept: */*

Response DefaultHttpResponse(decodeResult: success, version: HTTP/1.1)
HTTP/1.1 200 OK
Content-Type: application/json; charset=utf-8
cache-control: no-cache
content-length: 56061

12:03:50.387 [AsyncHttpClient-1-2] DEBUG org.asynchttpclient.netty.channel.ChannelManager - Adding key: http://localhost:26374 for channel [id: 0x5e9e9eb4, L:/127.0.0.1:64175 - R:localhost/127.0.0.1:26374]
12:03:50.402 [Forwarding getCurrentUrl on session 541e5fbff23d86bb83d3a1a7e5bf5bb4 to remote] DEBUG org.asynchttpclient.netty.request.NettyRequestSender - Using pooled Channel '[id: 0x5e9e9eb4, L:/127.0.0.1:64175 - R:localhost/127.0.0.1:26374]' for 'GET' to 'http://localhost:26374/session/541e5fbff23d86bb83d3a1a7e5bf5bb4/url'
12:03:50.402 [Forwarding getCurrentUrl on session 541e5fbff23d86bb83d3a1a7e5bf5bb4 to remote] DEBUG org.asynchttpclient.netty.request.NettyRequestSender - Using open Channel [id: 0x5e9e9eb4, L:/127.0.0.1:64175 - R:localhost/127.0.0.1:26374] for GET '/session/541e5fbff23d86bb83d3a1a7e5bf5bb4/url'
12:03:50.409 [AsyncHttpClient-1-2] DEBUG org.asynchttpclient.netty.handler.HttpHandler - 

Request DefaultFullHttpRequest(decodeResult: success, version: HTTP/1.1, content: EmptyByteBufBE)
GET /session/541e5fbff23d86bb83d3a1a7e5bf5bb4/url HTTP/1.1
User-Agent: selenium/4.6.0 (java windows)
Cache-Control: no-cache
Content-Type: application/json; charset=utf-8
host: localhost:26374
accept: */*

Response DefaultHttpResponse(decodeResult: success, version: HTTP/1.1)
HTTP/1.1 200 OK
Content-Type: application/json; charset=utf-8
cache-control: no-cache
content-length: 39

12:03:50.410 [AsyncHttpClient-1-2] DEBUG org.asynchttpclient.netty.channel.ChannelManager - Adding key: http://localhost:26374 for channel [id: 0x5e9e9eb4, L:/127.0.0.1:64175 - R:localhost/127.0.0.1:26374]
12:03:50.413 [Test worker] DEBUG net.thucydides.core.steps.StepInterceptor - STARTING STEP: demoBlazeStepDefinition.realizoUnaCompraDeCantProdsProductosEnLaCategoriaCategoria - performAs
12:03:50.430 [Forwarding findElements on session 541e5fbff23d86bb83d3a1a7e5bf5bb4 to remote] DEBUG org.asynchttpclient.netty.request.NettyRequestSender - Using pooled Channel '[id: 0x5e9e9eb4, L:/127.0.0.1:64175 - R:localhost/127.0.0.1:26374]' for 'POST' to 'http://localhost:26374/session/541e5fbff23d86bb83d3a1a7e5bf5bb4/elements'
12:03:50.430 [Forwarding findElements on session 541e5fbff23d86bb83d3a1a7e5bf5bb4 to remote] DEBUG org.asynchttpclient.netty.request.NettyRequestSender - Using open Channel [id: 0x5e9e9eb4, L:/127.0.0.1:64175 - R:localhost/127.0.0.1:26374] for POST '/session/541e5fbff23d86bb83d3a1a7e5bf5bb4/elements'
12:03:50.446 [AsyncHttpClient-1-2] DEBUG org.asynchttpclient.netty.handler.HttpHandler - 

Request DefaultHttpRequest(decodeResult: success, version: HTTP/1.1)
POST /session/541e5fbff23d86bb83d3a1a7e5bf5bb4/elements HTTP/1.1
User-Agent: selenium/4.6.0 (java windows)
Content-Length: 73
Content-Type: application/json; charset=utf-8
host: localhost:26374
accept: */*

Response DefaultHttpResponse(decodeResult: success, version: HTTP/1.1)
HTTP/1.1 200 OK
Content-Type: application/json; charset=utf-8
cache-control: no-cache
content-length: 533

12:03:50.446 [AsyncHttpClient-1-2] DEBUG org.asynchttpclient.netty.channel.ChannelManager - Adding key: http://localhost:26374 for channel [id: 0x5e9e9eb4, L:/127.0.0.1:64175 - R:localhost/127.0.0.1:26374]
12:03:50.497 [Forwarding getCurrentWindowHandle on session 541e5fbff23d86bb83d3a1a7e5bf5bb4 to remote] DEBUG org.asynchttpclient.netty.request.NettyRequestSender - Using pooled Channel '[id: 0x5e9e9eb4, L:/127.0.0.1:64175 - R:localhost/127.0.0.1:26374]' for 'GET' to 'http://localhost:26374/session/541e5fbff23d86bb83d3a1a7e5bf5bb4/window'
12:03:50.497 [Forwarding getCurrentWindowHandle on session 541e5fbff23d86bb83d3a1a7e5bf5bb4 to remote] DEBUG org.asynchttpclient.netty.request.NettyRequestSender - Using open Channel [id: 0x5e9e9eb4, L:/127.0.0.1:64175 - R:localhost/127.0.0.1:26374] for GET '/session/541e5fbff23d86bb83d3a1a7e5bf5bb4/window'
12:03:50.498 [AsyncHttpClient-1-2] DEBUG org.asynchttpclient.netty.handler.HttpHandler - 

Request DefaultFullHttpRequest(decodeResult: success, version: HTTP/1.1, content: EmptyByteBufBE)
GET /session/541e5fbff23d86bb83d3a1a7e5bf5bb4/window HTTP/1.1
User-Agent: selenium/4.6.0 (java windows)
Cache-Control: no-cache
Content-Type: application/json; charset=utf-8
host: localhost:26374
accept: */*

Response DefaultHttpResponse(decodeResult: success, version: HTTP/1.1)
HTTP/1.1 200 OK
Content-Type: application/json; charset=utf-8
cache-control: no-cache
content-length: 44

12:03:50.498 [AsyncHttpClient-1-2] DEBUG org.asynchttpclient.netty.channel.ChannelManager - Adding key: http://localhost:26374 for channel [id: 0x5e9e9eb4, L:/127.0.0.1:64175 - R:localhost/127.0.0.1:26374]
12:03:50.512 [Forwarding getAlertText on session 541e5fbff23d86bb83d3a1a7e5bf5bb4 to remote] DEBUG org.asynchttpclient.netty.request.NettyRequestSender - Using pooled Channel '[id: 0x5e9e9eb4, L:/127.0.0.1:64175 - R:localhost/127.0.0.1:26374]' for 'GET' to 'http://localhost:26374/session/541e5fbff23d86bb83d3a1a7e5bf5bb4/alert/text'
12:03:50.512 [Forwarding getAlertText on session 541e5fbff23d86bb83d3a1a7e5bf5bb4 to remote] DEBUG org.asynchttpclient.netty.request.NettyRequestSender - Using open Channel [id: 0x5e9e9eb4, L:/127.0.0.1:64175 - R:localhost/127.0.0.1:26374] for GET '/session/541e5fbff23d86bb83d3a1a7e5bf5bb4/alert/text'
12:03:50.515 [AsyncHttpClient-1-2] DEBUG org.asynchttpclient.netty.handler.HttpHandler - 

Request DefaultFullHttpRequest(decodeResult: success, version: HTTP/1.1, content: EmptyByteBufBE)
GET /session/541e5fbff23d86bb83d3a1a7e5bf5bb4/alert/text HTTP/1.1
User-Agent: selenium/4.6.0 (java windows)
Cache-Control: no-cache
Content-Type: application/json; charset=utf-8
host: localhost:26374
accept: */*

Response DefaultHttpResponse(decodeResult: success, version: HTTP/1.1)
HTTP/1.1 404 Not Found
Content-Type: application/json; charset=utf-8
cache-control: no-cache
content-length: 848

12:03:50.515 [AsyncHttpClient-1-2] DEBUG org.asynchttpclient.netty.channel.ChannelManager - Adding key: http://localhost:26374 for channel [id: 0x5e9e9eb4, L:/127.0.0.1:64175 - R:localhost/127.0.0.1:26374]
12:03:50.530 [Forwarding switchToWindow on session 541e5fbff23d86bb83d3a1a7e5bf5bb4 to remote] DEBUG org.asynchttpclient.netty.request.NettyRequestSender - Using pooled Channel '[id: 0x5e9e9eb4, L:/127.0.0.1:64175 - R:localhost/127.0.0.1:26374]' for 'POST' to 'http://localhost:26374/session/541e5fbff23d86bb83d3a1a7e5bf5bb4/window'
12:03:50.530 [Forwarding switchToWindow on session 541e5fbff23d86bb83d3a1a7e5bf5bb4 to remote] DEBUG org.asynchttpclient.netty.request.NettyRequestSender - Using open Channel [id: 0x5e9e9eb4, L:/127.0.0.1:64175 - R:localhost/127.0.0.1:26374] for POST '/session/541e5fbff23d86bb83d3a1a7e5bf5bb4/window'
12:03:50.531 [AsyncHttpClient-1-2] DEBUG org.asynchttpclient.netty.handler.HttpHandler - 

Request DefaultHttpRequest(decodeResult: success, version: HTTP/1.1)
POST /session/541e5fbff23d86bb83d3a1a7e5bf5bb4/window HTTP/1.1
User-Agent: selenium/4.6.0 (java windows)
Content-Length: 50
Content-Type: application/json; charset=utf-8
host: localhost:26374
accept: */*

Response DefaultHttpResponse(decodeResult: success, version: HTTP/1.1)
HTTP/1.1 200 OK
Content-Type: application/json; charset=utf-8
cache-control: no-cache
content-length: 14

12:03:50.531 [AsyncHttpClient-1-2] DEBUG org.asynchttpclient.netty.channel.ChannelManager - Adding key: http://localhost:26374 for channel [id: 0x5e9e9eb4, L:/127.0.0.1:64175 - R:localhost/127.0.0.1:26374]
12:03:50.533 [Forwarding getCurrentUrl on session 541e5fbff23d86bb83d3a1a7e5bf5bb4 to remote] DEBUG org.asynchttpclient.netty.request.NettyRequestSender - Using pooled Channel '[id: 0x5e9e9eb4, L:/127.0.0.1:64175 - R:localhost/127.0.0.1:26374]' for 'GET' to 'http://localhost:26374/session/541e5fbff23d86bb83d3a1a7e5bf5bb4/url'
12:03:50.533 [Forwarding getCurrentUrl on session 541e5fbff23d86bb83d3a1a7e5bf5bb4 to remote] DEBUG org.asynchttpclient.netty.request.NettyRequestSender - Using open Channel [id: 0x5e9e9eb4, L:/127.0.0.1:64175 - R:localhost/127.0.0.1:26374] for GET '/session/541e5fbff23d86bb83d3a1a7e5bf5bb4/url'
12:03:50.539 [AsyncHttpClient-1-2] DEBUG org.asynchttpclient.netty.handler.HttpHandler - 

Request DefaultFullHttpRequest(decodeResult: success, version: HTTP/1.1, content: EmptyByteBufBE)
GET /session/541e5fbff23d86bb83d3a1a7e5bf5bb4/url HTTP/1.1
User-Agent: selenium/4.6.0 (java windows)
Cache-Control: no-cache
Content-Type: application/json; charset=utf-8
host: localhost:26374
accept: */*

Response DefaultHttpResponse(decodeResult: success, version: HTTP/1.1)
HTTP/1.1 200 OK
Content-Type: application/json; charset=utf-8
cache-control: no-cache
content-length: 39

12:03:50.539 [AsyncHttpClient-1-2] DEBUG org.asynchttpclient.netty.channel.ChannelManager - Adding key: http://localhost:26374 for channel [id: 0x5e9e9eb4, L:/127.0.0.1:64175 - R:localhost/127.0.0.1:26374]
12:03:50.540 [Forwarding screenshot on session 541e5fbff23d86bb83d3a1a7e5bf5bb4 to remote] DEBUG org.asynchttpclient.netty.request.NettyRequestSender - Using pooled Channel '[id: 0x5e9e9eb4, L:/127.0.0.1:64175 - R:localhost/127.0.0.1:26374]' for 'GET' to 'http://localhost:26374/session/541e5fbff23d86bb83d3a1a7e5bf5bb4/screenshot'
12:03:50.540 [Forwarding screenshot on session 541e5fbff23d86bb83d3a1a7e5bf5bb4 to remote] DEBUG org.asynchttpclient.netty.request.NettyRequestSender - Using open Channel [id: 0x5e9e9eb4, L:/127.0.0.1:64175 - R:localhost/127.0.0.1:26374] for GET '/session/541e5fbff23d86bb83d3a1a7e5bf5bb4/screenshot'
12:03:50.784 [AsyncHttpClient-1-2] DEBUG org.asynchttpclient.netty.handler.HttpHandler - 

Request DefaultFullHttpRequest(decodeResult: success, version: HTTP/1.1, content: EmptyByteBufBE)
GET /session/541e5fbff23d86bb83d3a1a7e5bf5bb4/screenshot HTTP/1.1
User-Agent: selenium/4.6.0 (java windows)
Cache-Control: no-cache
Content-Type: application/json; charset=utf-8
host: localhost:26374
accept: */*

Response DefaultHttpResponse(decodeResult: success, version: HTTP/1.1)
HTTP/1.1 200 OK
Content-Type: application/json; charset=utf-8
cache-control: no-cache
content-length: 650864

12:03:50.786 [AsyncHttpClient-1-2] DEBUG org.asynchttpclient.netty.channel.ChannelManager - Adding key: http://localhost:26374 for channel [id: 0x5e9e9eb4, L:/127.0.0.1:64175 - R:localhost/127.0.0.1:26374]
12:03:50.800 [Test worker] DEBUG net.serenitybdd.core.photography.Darkroom - Send negative for processing for C:\Users\Usuario\Documents\retoAutomatizacion\e2e\RetoDemoBlaze\target\site\serenity\16277a739b1b5ee0c002db932819082ba7eea8a8bef464815547e510eaf08af7.png
12:03:50.820 [Forwarding getPageSource on session 541e5fbff23d86bb83d3a1a7e5bf5bb4 to remote] DEBUG org.asynchttpclient.netty.request.NettyRequestSender - Using pooled Channel '[id: 0x5e9e9eb4, L:/127.0.0.1:64175 - R:localhost/127.0.0.1:26374]' for 'POST' to 'http://localhost:26374/session/541e5fbff23d86bb83d3a1a7e5bf5bb4/execute/sync'
12:03:50.821 [Forwarding getPageSource on session 541e5fbff23d86bb83d3a1a7e5bf5bb4 to remote] DEBUG org.asynchttpclient.netty.request.NettyRequestSender - Using open Channel [id: 0x5e9e9eb4, L:/127.0.0.1:64175 - R:localhost/127.0.0.1:26374] for POST '/session/541e5fbff23d86bb83d3a1a7e5bf5bb4/execute/sync'
12:03:50.830 [AsyncHttpClient-1-2] DEBUG org.asynchttpclient.netty.handler.HttpHandler - 

Request DefaultHttpRequest(decodeResult: success, version: HTTP/1.1)
POST /session/541e5fbff23d86bb83d3a1a7e5bf5bb4/execute/sync HTTP/1.1
User-Agent: selenium/4.6.0 (java windows)
Content-Length: 176
Content-Type: application/json; charset=utf-8
host: localhost:26374
accept: */*

Response DefaultHttpResponse(decodeResult: success, version: HTTP/1.1)
HTTP/1.1 200 OK
Content-Type: application/json; charset=utf-8
cache-control: no-cache
content-length: 56061

12:03:50.831 [AsyncHttpClient-1-2] DEBUG org.asynchttpclient.netty.channel.ChannelManager - Adding key: http://localhost:26374 for channel [id: 0x5e9e9eb4, L:/127.0.0.1:64175 - R:localhost/127.0.0.1:26374]
12:03:50.843 [Forwarding getCurrentUrl on session 541e5fbff23d86bb83d3a1a7e5bf5bb4 to remote] DEBUG org.asynchttpclient.netty.request.NettyRequestSender - Using pooled Channel '[id: 0x5e9e9eb4, L:/127.0.0.1:64175 - R:localhost/127.0.0.1:26374]' for 'GET' to 'http://localhost:26374/session/541e5fbff23d86bb83d3a1a7e5bf5bb4/url'
12:03:50.843 [Forwarding getCurrentUrl on session 541e5fbff23d86bb83d3a1a7e5bf5bb4 to remote] DEBUG org.asynchttpclient.netty.request.NettyRequestSender - Using open Channel [id: 0x5e9e9eb4, L:/127.0.0.1:64175 - R:localhost/127.0.0.1:26374] for GET '/session/541e5fbff23d86bb83d3a1a7e5bf5bb4/url'
12:03:50.848 [AsyncHttpClient-1-2] DEBUG org.asynchttpclient.netty.handler.HttpHandler - 

Request DefaultFullHttpRequest(decodeResult: success, version: HTTP/1.1, content: EmptyByteBufBE)
GET /session/541e5fbff23d86bb83d3a1a7e5bf5bb4/url HTTP/1.1
User-Agent: selenium/4.6.0 (java windows)
Cache-Control: no-cache
Content-Type: application/json; charset=utf-8
host: localhost:26374
accept: */*

Response DefaultHttpResponse(decodeResult: success, version: HTTP/1.1)
HTTP/1.1 200 OK
Content-Type: application/json; charset=utf-8
cache-control: no-cache
content-length: 39

12:03:50.848 [AsyncHttpClient-1-2] DEBUG org.asynchttpclient.netty.channel.ChannelManager - Adding key: http://localhost:26374 for channel [id: 0x5e9e9eb4, L:/127.0.0.1:64175 - R:localhost/127.0.0.1:26374]
12:03:50.850 [Test worker] DEBUG net.thucydides.core.steps.StepInterceptor - STARTING STEP: PickItem.performAs - {0} clicks on #target
12:03:50.852 [Test worker] DEBUG net.serenitybdd.screenplay.targets.IFrameSwitcher - default content already selected for randomItem
12:03:50.913 [Forwarding findElement on session 541e5fbff23d86bb83d3a1a7e5bf5bb4 to remote] DEBUG org.asynchttpclient.netty.request.NettyRequestSender - Using pooled Channel '[id: 0x5e9e9eb4, L:/127.0.0.1:64175 - R:localhost/127.0.0.1:26374]' for 'POST' to 'http://localhost:26374/session/541e5fbff23d86bb83d3a1a7e5bf5bb4/element'
12:03:50.913 [Forwarding findElement on session 541e5fbff23d86bb83d3a1a7e5bf5bb4 to remote] DEBUG org.asynchttpclient.netty.request.NettyRequestSender - Using open Channel [id: 0x5e9e9eb4, L:/127.0.0.1:64175 - R:localhost/127.0.0.1:26374] for POST '/session/541e5fbff23d86bb83d3a1a7e5bf5bb4/element'
12:03:50.927 [AsyncHttpClient-1-2] DEBUG org.asynchttpclient.netty.handler.HttpHandler - 

Request DefaultHttpRequest(decodeResult: success, version: HTTP/1.1)
POST /session/541e5fbff23d86bb83d3a1a7e5bf5bb4/element HTTP/1.1
User-Agent: selenium/4.6.0 (java windows)
Content-Length: 79
Content-Type: application/json; charset=utf-8
host: localhost:26374
accept: */*

Response DefaultHttpResponse(decodeResult: success, version: HTTP/1.1)
HTTP/1.1 200 OK
Content-Type: application/json; charset=utf-8
cache-control: no-cache
content-length: 96

12:03:50.927 [AsyncHttpClient-1-2] DEBUG org.asynchttpclient.netty.channel.ChannelManager - Adding key: http://localhost:26374 for channel [id: 0x5e9e9eb4, L:/127.0.0.1:64175 - R:localhost/127.0.0.1:26374]
12:03:50.951 [Forwarding isElementDisplayed on session 541e5fbff23d86bb83d3a1a7e5bf5bb4 to remote] DEBUG org.asynchttpclient.netty.request.NettyRequestSender - Using pooled Channel '[id: 0x5e9e9eb4, L:/127.0.0.1:64175 - R:localhost/127.0.0.1:26374]' for 'POST' to 'http://localhost:26374/session/541e5fbff23d86bb83d3a1a7e5bf5bb4/execute/sync'
12:03:50.951 [Forwarding isElementDisplayed on session 541e5fbff23d86bb83d3a1a7e5bf5bb4 to remote] DEBUG org.asynchttpclient.netty.request.NettyRequestSender - Using open Channel [id: 0x5e9e9eb4, L:/127.0.0.1:64175 - R:localhost/127.0.0.1:26374] for POST '/session/541e5fbff23d86bb83d3a1a7e5bf5bb4/execute/sync'
12:03:50.960 [AsyncHttpClient-1-2] DEBUG org.asynchttpclient.netty.handler.HttpHandler - 

Request DefaultHttpRequest(decodeResult: success, version: HTTP/1.1)
POST /session/541e5fbff23d86bb83d3a1a7e5bf5bb4/execute/sync HTTP/1.1
User-Agent: selenium/4.6.0 (java windows)
Content-Length: 48788
Content-Type: application/json; charset=utf-8
host: localhost:26374
accept: */*

Response DefaultHttpResponse(decodeResult: success, version: HTTP/1.1)
HTTP/1.1 200 OK
Content-Type: application/json; charset=utf-8
cache-control: no-cache
content-length: 14

12:03:50.961 [AsyncHttpClient-1-2] DEBUG org.asynchttpclient.netty.channel.ChannelManager - Adding key: http://localhost:26374 for channel [id: 0x5e9e9eb4, L:/127.0.0.1:64175 - R:localhost/127.0.0.1:26374]
12:03:50.972 [AsyncHttpClient-1-1] DEBUG org.asynchttpclient.netty.channel.DefaultChannelPool - Entry count for : http://localhost:64176 : 1
12:03:50.972 [AsyncHttpClient-1-1] DEBUG org.asynchttpclient.netty.channel.DefaultChannelPool - Entry count for : http://localhost:26374 : 1
12:03:50.974 [Forwarding findElement on session 541e5fbff23d86bb83d3a1a7e5bf5bb4 to remote] DEBUG org.asynchttpclient.netty.request.NettyRequestSender - Using pooled Channel '[id: 0x5e9e9eb4, L:/127.0.0.1:64175 - R:localhost/127.0.0.1:26374]' for 'POST' to 'http://localhost:26374/session/541e5fbff23d86bb83d3a1a7e5bf5bb4/element'
12:03:50.974 [Forwarding findElement on session 541e5fbff23d86bb83d3a1a7e5bf5bb4 to remote] DEBUG org.asynchttpclient.netty.request.NettyRequestSender - Using open Channel [id: 0x5e9e9eb4, L:/127.0.0.1:64175 - R:localhost/127.0.0.1:26374] for POST '/session/541e5fbff23d86bb83d3a1a7e5bf5bb4/element'
12:03:50.981 [AsyncHttpClient-1-2] DEBUG org.asynchttpclient.netty.handler.HttpHandler - 

Request DefaultHttpRequest(decodeResult: success, version: HTTP/1.1)
POST /session/541e5fbff23d86bb83d3a1a7e5bf5bb4/element HTTP/1.1
User-Agent: selenium/4.6.0 (java windows)
Content-Length: 79
Content-Type: application/json; charset=utf-8
host: localhost:26374
accept: */*

Response DefaultHttpResponse(decodeResult: success, version: HTTP/1.1)
HTTP/1.1 200 OK
Content-Type: application/json; charset=utf-8
cache-control: no-cache
content-length: 96

12:03:50.981 [AsyncHttpClient-1-2] DEBUG org.asynchttpclient.netty.channel.ChannelManager - Adding key: http://localhost:26374 for channel [id: 0x5e9e9eb4, L:/127.0.0.1:64175 - R:localhost/127.0.0.1:26374]
12:03:50.982 [Forwarding clickElement on session 541e5fbff23d86bb83d3a1a7e5bf5bb4 to remote] DEBUG org.asynchttpclient.netty.request.NettyRequestSender - Using pooled Channel '[id: 0x5e9e9eb4, L:/127.0.0.1:64175 - R:localhost/127.0.0.1:26374]' for 'POST' to 'http://localhost:26374/session/541e5fbff23d86bb83d3a1a7e5bf5bb4/element/ECBC0977AB2827CED4C5CBF71B2D020E_element_151/click'
12:03:50.983 [Forwarding clickElement on session 541e5fbff23d86bb83d3a1a7e5bf5bb4 to remote] DEBUG org.asynchttpclient.netty.request.NettyRequestSender - Using open Channel [id: 0x5e9e9eb4, L:/127.0.0.1:64175 - R:localhost/127.0.0.1:26374] for POST '/session/541e5fbff23d86bb83d3a1a7e5bf5bb4/element/ECBC0977AB2827CED4C5CBF71B2D020E_element_151/click'
12:03:52.025 [AsyncHttpClient-1-2] DEBUG org.asynchttpclient.netty.handler.HttpHandler - 

Request DefaultHttpRequest(decodeResult: success, version: HTTP/1.1)
POST /session/541e5fbff23d86bb83d3a1a7e5bf5bb4/element/ECBC0977AB2827CED4C5CBF71B2D020E_element_151/click HTTP/1.1
User-Agent: selenium/4.6.0 (java windows)
Content-Length: 58
Content-Type: application/json; charset=utf-8
host: localhost:26374
accept: */*

Response DefaultHttpResponse(decodeResult: success, version: HTTP/1.1)
HTTP/1.1 200 OK
Content-Type: application/json; charset=utf-8
cache-control: no-cache
content-length: 14

12:03:52.025 [AsyncHttpClient-1-2] DEBUG org.asynchttpclient.netty.channel.ChannelManager - Adding key: http://localhost:26374 for channel [id: 0x5e9e9eb4, L:/127.0.0.1:64175 - R:localhost/127.0.0.1:26374]
12:03:52.058 [Forwarding getCurrentWindowHandle on session 541e5fbff23d86bb83d3a1a7e5bf5bb4 to remote] DEBUG org.asynchttpclient.netty.request.NettyRequestSender - Using pooled Channel '[id: 0x5e9e9eb4, L:/127.0.0.1:64175 - R:localhost/127.0.0.1:26374]' for 'GET' to 'http://localhost:26374/session/541e5fbff23d86bb83d3a1a7e5bf5bb4/window'
12:03:52.058 [Forwarding getCurrentWindowHandle on session 541e5fbff23d86bb83d3a1a7e5bf5bb4 to remote] DEBUG org.asynchttpclient.netty.request.NettyRequestSender - Using open Channel [id: 0x5e9e9eb4, L:/127.0.0.1:64175 - R:localhost/127.0.0.1:26374] for GET '/session/541e5fbff23d86bb83d3a1a7e5bf5bb4/window'
12:03:52.058 [AsyncHttpClient-1-2] DEBUG org.asynchttpclient.netty.handler.HttpHandler - 

Request DefaultFullHttpRequest(decodeResult: success, version: HTTP/1.1, content: EmptyByteBufBE)
GET /session/541e5fbff23d86bb83d3a1a7e5bf5bb4/window HTTP/1.1
User-Agent: selenium/4.6.0 (java windows)
Cache-Control: no-cache
Content-Type: application/json; charset=utf-8
host: localhost:26374
accept: */*

Response DefaultHttpResponse(decodeResult: success, version: HTTP/1.1)
HTTP/1.1 200 OK
Content-Type: application/json; charset=utf-8
cache-control: no-cache
content-length: 44

12:03:52.058 [AsyncHttpClient-1-2] DEBUG org.asynchttpclient.netty.channel.ChannelManager - Adding key: http://localhost:26374 for channel [id: 0x5e9e9eb4, L:/127.0.0.1:64175 - R:localhost/127.0.0.1:26374]
12:03:52.065 [AsyncHttpClient-1-1] DEBUG org.asynchttpclient.netty.channel.DefaultChannelPool - Entry count for : http://localhost:64176 : 1
12:03:52.065 [AsyncHttpClient-1-1] DEBUG org.asynchttpclient.netty.channel.DefaultChannelPool - Entry count for : http://localhost:26374 : 1
12:03:52.066 [Forwarding getAlertText on session 541e5fbff23d86bb83d3a1a7e5bf5bb4 to remote] DEBUG org.asynchttpclient.netty.request.NettyRequestSender - Using pooled Channel '[id: 0x5e9e9eb4, L:/127.0.0.1:64175 - R:localhost/127.0.0.1:26374]' for 'GET' to 'http://localhost:26374/session/541e5fbff23d86bb83d3a1a7e5bf5bb4/alert/text'
12:03:52.067 [Forwarding getAlertText on session 541e5fbff23d86bb83d3a1a7e5bf5bb4 to remote] DEBUG org.asynchttpclient.netty.request.NettyRequestSender - Using open Channel [id: 0x5e9e9eb4, L:/127.0.0.1:64175 - R:localhost/127.0.0.1:26374] for GET '/session/541e5fbff23d86bb83d3a1a7e5bf5bb4/alert/text'
12:03:52.069 [AsyncHttpClient-1-2] DEBUG org.asynchttpclient.netty.handler.HttpHandler - 

Request DefaultFullHttpRequest(decodeResult: success, version: HTTP/1.1, content: EmptyByteBufBE)
GET /session/541e5fbff23d86bb83d3a1a7e5bf5bb4/alert/text HTTP/1.1
User-Agent: selenium/4.6.0 (java windows)
Cache-Control: no-cache
Content-Type: application/json; charset=utf-8
host: localhost:26374
accept: */*

Response DefaultHttpResponse(decodeResult: success, version: HTTP/1.1)
HTTP/1.1 404 Not Found
Content-Type: application/json; charset=utf-8
cache-control: no-cache
content-length: 848

12:03:52.069 [AsyncHttpClient-1-2] DEBUG org.asynchttpclient.netty.channel.ChannelManager - Adding key: http://localhost:26374 for channel [id: 0x5e9e9eb4, L:/127.0.0.1:64175 - R:localhost/127.0.0.1:26374]
12:03:52.086 [Forwarding switchToWindow on session 541e5fbff23d86bb83d3a1a7e5bf5bb4 to remote] DEBUG org.asynchttpclient.netty.request.NettyRequestSender - Using pooled Channel '[id: 0x5e9e9eb4, L:/127.0.0.1:64175 - R:localhost/127.0.0.1:26374]' for 'POST' to 'http://localhost:26374/session/541e5fbff23d86bb83d3a1a7e5bf5bb4/window'
12:03:52.086 [Forwarding switchToWindow on session 541e5fbff23d86bb83d3a1a7e5bf5bb4 to remote] DEBUG org.asynchttpclient.netty.request.NettyRequestSender - Using open Channel [id: 0x5e9e9eb4, L:/127.0.0.1:64175 - R:localhost/127.0.0.1:26374] for POST '/session/541e5fbff23d86bb83d3a1a7e5bf5bb4/window'
12:03:52.088 [AsyncHttpClient-1-2] DEBUG org.asynchttpclient.netty.handler.HttpHandler - 

Request DefaultHttpRequest(decodeResult: success, version: HTTP/1.1)
POST /session/541e5fbff23d86bb83d3a1a7e5bf5bb4/window HTTP/1.1
User-Agent: selenium/4.6.0 (java windows)
Content-Length: 50
Content-Type: application/json; charset=utf-8
host: localhost:26374
accept: */*

Response DefaultHttpResponse(decodeResult: success, version: HTTP/1.1)
HTTP/1.1 200 OK
Content-Type: application/json; charset=utf-8
cache-control: no-cache
content-length: 14

12:03:52.088 [AsyncHttpClient-1-2] DEBUG org.asynchttpclient.netty.channel.ChannelManager - Adding key: http://localhost:26374 for channel [id: 0x5e9e9eb4, L:/127.0.0.1:64175 - R:localhost/127.0.0.1:26374]
12:03:52.089 [Forwarding getCurrentUrl on session 541e5fbff23d86bb83d3a1a7e5bf5bb4 to remote] DEBUG org.asynchttpclient.netty.request.NettyRequestSender - Using pooled Channel '[id: 0x5e9e9eb4, L:/127.0.0.1:64175 - R:localhost/127.0.0.1:26374]' for 'GET' to 'http://localhost:26374/session/541e5fbff23d86bb83d3a1a7e5bf5bb4/url'
12:03:52.089 [Forwarding getCurrentUrl on session 541e5fbff23d86bb83d3a1a7e5bf5bb4 to remote] DEBUG org.asynchttpclient.netty.request.NettyRequestSender - Using open Channel [id: 0x5e9e9eb4, L:/127.0.0.1:64175 - R:localhost/127.0.0.1:26374] for GET '/session/541e5fbff23d86bb83d3a1a7e5bf5bb4/url'
12:03:52.097 [AsyncHttpClient-1-2] DEBUG org.asynchttpclient.netty.handler.HttpHandler - 

Request DefaultFullHttpRequest(decodeResult: success, version: HTTP/1.1, content: EmptyByteBufBE)
GET /session/541e5fbff23d86bb83d3a1a7e5bf5bb4/url HTTP/1.1
User-Agent: selenium/4.6.0 (java windows)
Cache-Control: no-cache
Content-Type: application/json; charset=utf-8
host: localhost:26374
accept: */*

Response DefaultHttpResponse(decodeResult: success, version: HTTP/1.1)
HTTP/1.1 200 OK
Content-Type: application/json; charset=utf-8
cache-control: no-cache
content-length: 54

12:03:52.097 [AsyncHttpClient-1-2] DEBUG org.asynchttpclient.netty.channel.ChannelManager - Adding key: http://localhost:26374 for channel [id: 0x5e9e9eb4, L:/127.0.0.1:64175 - R:localhost/127.0.0.1:26374]
12:03:52.098 [Forwarding screenshot on session 541e5fbff23d86bb83d3a1a7e5bf5bb4 to remote] DEBUG org.asynchttpclient.netty.request.NettyRequestSender - Using pooled Channel '[id: 0x5e9e9eb4, L:/127.0.0.1:64175 - R:localhost/127.0.0.1:26374]' for 'GET' to 'http://localhost:26374/session/541e5fbff23d86bb83d3a1a7e5bf5bb4/screenshot'
12:03:52.098 [Forwarding screenshot on session 541e5fbff23d86bb83d3a1a7e5bf5bb4 to remote] DEBUG org.asynchttpclient.netty.request.NettyRequestSender - Using open Channel [id: 0x5e9e9eb4, L:/127.0.0.1:64175 - R:localhost/127.0.0.1:26374] for GET '/session/541e5fbff23d86bb83d3a1a7e5bf5bb4/screenshot'
12:03:52.270 [AsyncHttpClient-1-2] DEBUG org.asynchttpclient.netty.handler.HttpHandler - 

Request DefaultFullHttpRequest(decodeResult: success, version: HTTP/1.1, content: EmptyByteBufBE)
GET /session/541e5fbff23d86bb83d3a1a7e5bf5bb4/screenshot HTTP/1.1
User-Agent: selenium/4.6.0 (java windows)
Cache-Control: no-cache
Content-Type: application/json; charset=utf-8
host: localhost:26374
accept: */*

Response DefaultHttpResponse(decodeResult: success, version: HTTP/1.1)
HTTP/1.1 200 OK
Content-Type: application/json; charset=utf-8
cache-control: no-cache
content-length: 314812

12:03:52.271 [AsyncHttpClient-1-2] DEBUG org.asynchttpclient.netty.channel.ChannelManager - Adding key: http://localhost:26374 for channel [id: 0x5e9e9eb4, L:/127.0.0.1:64175 - R:localhost/127.0.0.1:26374]
12:03:52.276 [Test worker] DEBUG net.serenitybdd.core.photography.Darkroom - Send negative for processing for C:\Users\Usuario\Documents\retoAutomatizacion\e2e\RetoDemoBlaze\target\site\serenity\80b404781ee21193b7fdc64575ca1efaab3040ec8d623a63083c4d258ab344c3.png
12:03:52.277 [Darkroom Processing Line] DEBUG net.serenitybdd.core.photography.DarkroomProcessingLine - Processing screenshot image in /var/screenshots/screenshot-18091503761665174127
12:03:52.277 [Test worker] DEBUG net.thucydides.core.steps.StepInterceptor - STEP DONE: {0} clicks on #target
12:03:52.278 [Darkroom Processing Line] DEBUG net.serenitybdd.core.photography.DarkroomProcessingLine - Saving screenshot to C:\Users\Usuario\Documents\retoAutomatizacion\e2e\RetoDemoBlaze\target\site\serenity\80b404781ee21193b7fdc64575ca1efaab3040ec8d623a63083c4d258ab344c3.png
12:03:52.305 [Forwarding getPageSource on session 541e5fbff23d86bb83d3a1a7e5bf5bb4 to remote] DEBUG org.asynchttpclient.netty.request.NettyRequestSender - Using pooled Channel '[id: 0x5e9e9eb4, L:/127.0.0.1:64175 - R:localhost/127.0.0.1:26374]' for 'POST' to 'http://localhost:26374/session/541e5fbff23d86bb83d3a1a7e5bf5bb4/execute/sync'
12:03:52.305 [Forwarding getPageSource on session 541e5fbff23d86bb83d3a1a7e5bf5bb4 to remote] DEBUG org.asynchttpclient.netty.request.NettyRequestSender - Using open Channel [id: 0x5e9e9eb4, L:/127.0.0.1:64175 - R:localhost/127.0.0.1:26374] for POST '/session/541e5fbff23d86bb83d3a1a7e5bf5bb4/execute/sync'
12:03:52.313 [AsyncHttpClient-1-2] DEBUG org.asynchttpclient.netty.handler.HttpHandler - 

Request DefaultHttpRequest(decodeResult: success, version: HTTP/1.1)
POST /session/541e5fbff23d86bb83d3a1a7e5bf5bb4/execute/sync HTTP/1.1
User-Agent: selenium/4.6.0 (java windows)
Content-Length: 176
Content-Type: application/json; charset=utf-8
host: localhost:26374
accept: */*

Response DefaultHttpResponse(decodeResult: success, version: HTTP/1.1)
HTTP/1.1 200 OK
Content-Type: application/json; charset=utf-8
cache-control: no-cache
content-length: 24764

12:03:52.313 [AsyncHttpClient-1-2] DEBUG org.asynchttpclient.netty.channel.ChannelManager - Adding key: http://localhost:26374 for channel [id: 0x5e9e9eb4, L:/127.0.0.1:64175 - R:localhost/127.0.0.1:26374]
12:03:52.318 [Forwarding getCurrentUrl on session 541e5fbff23d86bb83d3a1a7e5bf5bb4 to remote] DEBUG org.asynchttpclient.netty.request.NettyRequestSender - Using pooled Channel '[id: 0x5e9e9eb4, L:/127.0.0.1:64175 - R:localhost/127.0.0.1:26374]' for 'GET' to 'http://localhost:26374/session/541e5fbff23d86bb83d3a1a7e5bf5bb4/url'
12:03:52.318 [Forwarding getCurrentUrl on session 541e5fbff23d86bb83d3a1a7e5bf5bb4 to remote] DEBUG org.asynchttpclient.netty.request.NettyRequestSender - Using open Channel [id: 0x5e9e9eb4, L:/127.0.0.1:64175 - R:localhost/127.0.0.1:26374] for GET '/session/541e5fbff23d86bb83d3a1a7e5bf5bb4/url'
12:03:52.323 [AsyncHttpClient-1-2] DEBUG org.asynchttpclient.netty.handler.HttpHandler - 

Request DefaultFullHttpRequest(decodeResult: success, version: HTTP/1.1, content: EmptyByteBufBE)
GET /session/541e5fbff23d86bb83d3a1a7e5bf5bb4/url HTTP/1.1
User-Agent: selenium/4.6.0 (java windows)
Cache-Control: no-cache
Content-Type: application/json; charset=utf-8
host: localhost:26374
accept: */*

Response DefaultHttpResponse(decodeResult: success, version: HTTP/1.1)
HTTP/1.1 200 OK
Content-Type: application/json; charset=utf-8
cache-control: no-cache
content-length: 54

12:03:52.323 [AsyncHttpClient-1-2] DEBUG org.asynchttpclient.netty.channel.ChannelManager - Adding key: http://localhost:26374 for channel [id: 0x5e9e9eb4, L:/127.0.0.1:64175 - R:localhost/127.0.0.1:26374]
12:03:52.325 [Test worker] DEBUG net.thucydides.core.steps.StepInterceptor - STARTING STEP: PickItem.performAs - performAs
12:03:53.170 [AsyncHttpClient-1-1] DEBUG org.asynchttpclient.netty.channel.DefaultChannelPool - Entry count for : http://localhost:64176 : 1
12:03:53.170 [AsyncHttpClient-1-1] DEBUG org.asynchttpclient.netty.channel.DefaultChannelPool - Entry count for : http://localhost:26374 : 1
12:03:54.264 [AsyncHttpClient-1-1] DEBUG org.asynchttpclient.netty.channel.DefaultChannelPool - Entry count for : http://localhost:64176 : 1
12:03:54.264 [AsyncHttpClient-1-1] DEBUG org.asynchttpclient.netty.channel.DefaultChannelPool - Entry count for : http://localhost:26374 : 1
12:03:55.364 [AsyncHttpClient-1-1] DEBUG org.asynchttpclient.netty.channel.DefaultChannelPool - Entry count for : http://localhost:64176 : 1
12:03:55.364 [AsyncHttpClient-1-1] DEBUG org.asynchttpclient.netty.channel.DefaultChannelPool - Entry count for : http://localhost:26374 : 1
12:03:55.366 [Forwarding getCurrentWindowHandle on session 541e5fbff23d86bb83d3a1a7e5bf5bb4 to remote] DEBUG org.asynchttpclient.netty.request.NettyRequestSender - Using pooled Channel '[id: 0x5e9e9eb4, L:/127.0.0.1:64175 - R:localhost/127.0.0.1:26374]' for 'GET' to 'http://localhost:26374/session/541e5fbff23d86bb83d3a1a7e5bf5bb4/window'
12:03:55.367 [Forwarding getCurrentWindowHandle on session 541e5fbff23d86bb83d3a1a7e5bf5bb4 to remote] DEBUG org.asynchttpclient.netty.request.NettyRequestSender - Using open Channel [id: 0x5e9e9eb4, L:/127.0.0.1:64175 - R:localhost/127.0.0.1:26374] for GET '/session/541e5fbff23d86bb83d3a1a7e5bf5bb4/window'
12:03:55.367 [AsyncHttpClient-1-2] DEBUG org.asynchttpclient.netty.handler.HttpHandler - 

Request DefaultFullHttpRequest(decodeResult: success, version: HTTP/1.1, content: EmptyByteBufBE)
GET /session/541e5fbff23d86bb83d3a1a7e5bf5bb4/window HTTP/1.1
User-Agent: selenium/4.6.0 (java windows)
Cache-Control: no-cache
Content-Type: application/json; charset=utf-8
host: localhost:26374
accept: */*

Response DefaultHttpResponse(decodeResult: success, version: HTTP/1.1)
HTTP/1.1 200 OK
Content-Type: application/json; charset=utf-8
cache-control: no-cache
content-length: 44

12:03:55.368 [AsyncHttpClient-1-2] DEBUG org.asynchttpclient.netty.channel.ChannelManager - Adding key: http://localhost:26374 for channel [id: 0x5e9e9eb4, L:/127.0.0.1:64175 - R:localhost/127.0.0.1:26374]
12:03:55.377 [Forwarding getAlertText on session 541e5fbff23d86bb83d3a1a7e5bf5bb4 to remote] DEBUG org.asynchttpclient.netty.request.NettyRequestSender - Using pooled Channel '[id: 0x5e9e9eb4, L:/127.0.0.1:64175 - R:localhost/127.0.0.1:26374]' for 'GET' to 'http://localhost:26374/session/541e5fbff23d86bb83d3a1a7e5bf5bb4/alert/text'
12:03:55.377 [Forwarding getAlertText on session 541e5fbff23d86bb83d3a1a7e5bf5bb4 to remote] DEBUG org.asynchttpclient.netty.request.NettyRequestSender - Using open Channel [id: 0x5e9e9eb4, L:/127.0.0.1:64175 - R:localhost/127.0.0.1:26374] for GET '/session/541e5fbff23d86bb83d3a1a7e5bf5bb4/alert/text'
12:03:55.379 [AsyncHttpClient-1-2] DEBUG org.asynchttpclient.netty.handler.HttpHandler - 

Request DefaultFullHttpRequest(decodeResult: success, version: HTTP/1.1, content: EmptyByteBufBE)
GET /session/541e5fbff23d86bb83d3a1a7e5bf5bb4/alert/text HTTP/1.1
User-Agent: selenium/4.6.0 (java windows)
Cache-Control: no-cache
Content-Type: application/json; charset=utf-8
host: localhost:26374
accept: */*

Response DefaultHttpResponse(decodeResult: success, version: HTTP/1.1)
HTTP/1.1 404 Not Found
Content-Type: application/json; charset=utf-8
cache-control: no-cache
content-length: 848

12:03:55.379 [AsyncHttpClient-1-2] DEBUG org.asynchttpclient.netty.channel.ChannelManager - Adding key: http://localhost:26374 for channel [id: 0x5e9e9eb4, L:/127.0.0.1:64175 - R:localhost/127.0.0.1:26374]
12:03:55.390 [Forwarding switchToWindow on session 541e5fbff23d86bb83d3a1a7e5bf5bb4 to remote] DEBUG org.asynchttpclient.netty.request.NettyRequestSender - Using pooled Channel '[id: 0x5e9e9eb4, L:/127.0.0.1:64175 - R:localhost/127.0.0.1:26374]' for 'POST' to 'http://localhost:26374/session/541e5fbff23d86bb83d3a1a7e5bf5bb4/window'
12:03:55.391 [Forwarding switchToWindow on session 541e5fbff23d86bb83d3a1a7e5bf5bb4 to remote] DEBUG org.asynchttpclient.netty.request.NettyRequestSender - Using open Channel [id: 0x5e9e9eb4, L:/127.0.0.1:64175 - R:localhost/127.0.0.1:26374] for POST '/session/541e5fbff23d86bb83d3a1a7e5bf5bb4/window'
12:03:55.393 [AsyncHttpClient-1-2] DEBUG org.asynchttpclient.netty.handler.HttpHandler - 

Request DefaultHttpRequest(decodeResult: success, version: HTTP/1.1)
POST /session/541e5fbff23d86bb83d3a1a7e5bf5bb4/window HTTP/1.1
User-Agent: selenium/4.6.0 (java windows)
Content-Length: 50
Content-Type: application/json; charset=utf-8
host: localhost:26374
accept: */*

Response DefaultHttpResponse(decodeResult: success, version: HTTP/1.1)
HTTP/1.1 200 OK
Content-Type: application/json; charset=utf-8
cache-control: no-cache
content-length: 14

12:03:55.393 [AsyncHttpClient-1-2] DEBUG org.asynchttpclient.netty.channel.ChannelManager - Adding key: http://localhost:26374 for channel [id: 0x5e9e9eb4, L:/127.0.0.1:64175 - R:localhost/127.0.0.1:26374]
12:03:55.394 [Forwarding getCurrentUrl on session 541e5fbff23d86bb83d3a1a7e5bf5bb4 to remote] DEBUG org.asynchttpclient.netty.request.NettyRequestSender - Using pooled Channel '[id: 0x5e9e9eb4, L:/127.0.0.1:64175 - R:localhost/127.0.0.1:26374]' for 'GET' to 'http://localhost:26374/session/541e5fbff23d86bb83d3a1a7e5bf5bb4/url'
12:03:55.394 [Forwarding getCurrentUrl on session 541e5fbff23d86bb83d3a1a7e5bf5bb4 to remote] DEBUG org.asynchttpclient.netty.request.NettyRequestSender - Using open Channel [id: 0x5e9e9eb4, L:/127.0.0.1:64175 - R:localhost/127.0.0.1:26374] for GET '/session/541e5fbff23d86bb83d3a1a7e5bf5bb4/url'
12:03:55.399 [AsyncHttpClient-1-2] DEBUG org.asynchttpclient.netty.handler.HttpHandler - 

Request DefaultFullHttpRequest(decodeResult: success, version: HTTP/1.1, content: EmptyByteBufBE)
GET /session/541e5fbff23d86bb83d3a1a7e5bf5bb4/url HTTP/1.1
User-Agent: selenium/4.6.0 (java windows)
Cache-Control: no-cache
Content-Type: application/json; charset=utf-8
host: localhost:26374
accept: */*

Response DefaultHttpResponse(decodeResult: success, version: HTTP/1.1)
HTTP/1.1 200 OK
Content-Type: application/json; charset=utf-8
cache-control: no-cache
content-length: 54

12:03:55.399 [AsyncHttpClient-1-2] DEBUG org.asynchttpclient.netty.channel.ChannelManager - Adding key: http://localhost:26374 for channel [id: 0x5e9e9eb4, L:/127.0.0.1:64175 - R:localhost/127.0.0.1:26374]
12:03:55.400 [Forwarding screenshot on session 541e5fbff23d86bb83d3a1a7e5bf5bb4 to remote] DEBUG org.asynchttpclient.netty.request.NettyRequestSender - Using pooled Channel '[id: 0x5e9e9eb4, L:/127.0.0.1:64175 - R:localhost/127.0.0.1:26374]' for 'GET' to 'http://localhost:26374/session/541e5fbff23d86bb83d3a1a7e5bf5bb4/screenshot'
12:03:55.400 [Forwarding screenshot on session 541e5fbff23d86bb83d3a1a7e5bf5bb4 to remote] DEBUG org.asynchttpclient.netty.request.NettyRequestSender - Using open Channel [id: 0x5e9e9eb4, L:/127.0.0.1:64175 - R:localhost/127.0.0.1:26374] for GET '/session/541e5fbff23d86bb83d3a1a7e5bf5bb4/screenshot'
12:03:55.586 [AsyncHttpClient-1-2] DEBUG org.asynchttpclient.netty.handler.HttpHandler - 

Request DefaultFullHttpRequest(decodeResult: success, version: HTTP/1.1, content: EmptyByteBufBE)
GET /session/541e5fbff23d86bb83d3a1a7e5bf5bb4/screenshot HTTP/1.1
User-Agent: selenium/4.6.0 (java windows)
Cache-Control: no-cache
Content-Type: application/json; charset=utf-8
host: localhost:26374
accept: */*

Response DefaultHttpResponse(decodeResult: success, version: HTTP/1.1)
HTTP/1.1 200 OK
Content-Type: application/json; charset=utf-8
cache-control: no-cache
content-length: 416404

12:03:55.587 [AsyncHttpClient-1-2] DEBUG org.asynchttpclient.netty.channel.ChannelManager - Adding key: http://localhost:26374 for channel [id: 0x5e9e9eb4, L:/127.0.0.1:64175 - R:localhost/127.0.0.1:26374]
12:03:55.593 [Test worker] DEBUG net.serenitybdd.core.photography.Darkroom - Send negative for processing for C:\Users\Usuario\Documents\retoAutomatizacion\e2e\RetoDemoBlaze\target\site\serenity\20660679ca7e3b69b90547bac9930ce8b3b805db75a3db5b669a17e21981099d.png
12:03:55.593 [Test worker] DEBUG net.thucydides.core.steps.StepInterceptor - STEP DONE: performAs
12:03:55.593 [Darkroom Processing Line] DEBUG net.serenitybdd.core.photography.DarkroomProcessingLine - Processing screenshot image in /var/screenshots/screenshot-2240832100190742826
12:03:55.594 [Darkroom Processing Line] DEBUG net.serenitybdd.core.photography.DarkroomProcessingLine - Saving screenshot to C:\Users\Usuario\Documents\retoAutomatizacion\e2e\RetoDemoBlaze\target\site\serenity\20660679ca7e3b69b90547bac9930ce8b3b805db75a3db5b669a17e21981099d.png
12:03:55.617 [Test worker] DEBUG net.serenitybdd.screenplay.targets.IFrameSwitcher - default content already selected for Phones
12:03:55.625 [Forwarding findElements on session 541e5fbff23d86bb83d3a1a7e5bf5bb4 to remote] DEBUG org.asynchttpclient.netty.request.NettyRequestSender - Using pooled Channel '[id: 0x5e9e9eb4, L:/127.0.0.1:64175 - R:localhost/127.0.0.1:26374]' for 'POST' to 'http://localhost:26374/session/541e5fbff23d86bb83d3a1a7e5bf5bb4/elements'
12:03:55.625 [Forwarding findElements on session 541e5fbff23d86bb83d3a1a7e5bf5bb4 to remote] DEBUG org.asynchttpclient.netty.request.NettyRequestSender - Using open Channel [id: 0x5e9e9eb4, L:/127.0.0.1:64175 - R:localhost/127.0.0.1:26374] for POST '/session/541e5fbff23d86bb83d3a1a7e5bf5bb4/elements'
12:03:55.637 [AsyncHttpClient-1-2] DEBUG org.asynchttpclient.netty.handler.HttpHandler - 

Request DefaultHttpRequest(decodeResult: success, version: HTTP/1.1)
POST /session/541e5fbff23d86bb83d3a1a7e5bf5bb4/elements HTTP/1.1
User-Agent: selenium/4.6.0 (java windows)
Content-Length: 72
Content-Type: application/json; charset=utf-8
host: localhost:26374
accept: */*

Response DefaultHttpResponse(decodeResult: success, version: HTTP/1.1)
HTTP/1.1 200 OK
Content-Type: application/json; charset=utf-8
cache-control: no-cache
content-length: 98

12:03:55.637 [AsyncHttpClient-1-2] DEBUG org.asynchttpclient.netty.channel.ChannelManager - Adding key: http://localhost:26374 for channel [id: 0x5e9e9eb4, L:/127.0.0.1:64175 - R:localhost/127.0.0.1:26374]
12:03:55.664 [Forwarding isElementDisplayed on session 541e5fbff23d86bb83d3a1a7e5bf5bb4 to remote] DEBUG org.asynchttpclient.netty.request.NettyRequestSender - Using pooled Channel '[id: 0x5e9e9eb4, L:/127.0.0.1:64175 - R:localhost/127.0.0.1:26374]' for 'POST' to 'http://localhost:26374/session/541e5fbff23d86bb83d3a1a7e5bf5bb4/execute/sync'
12:03:55.664 [Forwarding isElementDisplayed on session 541e5fbff23d86bb83d3a1a7e5bf5bb4 to remote] DEBUG org.asynchttpclient.netty.request.NettyRequestSender - Using open Channel [id: 0x5e9e9eb4, L:/127.0.0.1:64175 - R:localhost/127.0.0.1:26374] for POST '/session/541e5fbff23d86bb83d3a1a7e5bf5bb4/execute/sync'
12:03:55.679 [AsyncHttpClient-1-2] DEBUG org.asynchttpclient.netty.handler.HttpHandler - 

Request DefaultHttpRequest(decodeResult: success, version: HTTP/1.1)
POST /session/541e5fbff23d86bb83d3a1a7e5bf5bb4/execute/sync HTTP/1.1
User-Agent: selenium/4.6.0 (java windows)
Content-Length: 48788
Content-Type: application/json; charset=utf-8
host: localhost:26374
accept: */*

Response DefaultHttpResponse(decodeResult: success, version: HTTP/1.1)
HTTP/1.1 200 OK
Content-Type: application/json; charset=utf-8
cache-control: no-cache
content-length: 14

12:03:55.679 [AsyncHttpClient-1-2] DEBUG org.asynchttpclient.netty.channel.ChannelManager - Adding key: http://localhost:26374 for channel [id: 0x5e9e9eb4, L:/127.0.0.1:64175 - R:localhost/127.0.0.1:26374]
12:03:55.681 [Forwarding isElementDisplayed on session 541e5fbff23d86bb83d3a1a7e5bf5bb4 to remote] DEBUG org.asynchttpclient.netty.request.NettyRequestSender - Using pooled Channel '[id: 0x5e9e9eb4, L:/127.0.0.1:64175 - R:localhost/127.0.0.1:26374]' for 'POST' to 'http://localhost:26374/session/541e5fbff23d86bb83d3a1a7e5bf5bb4/execute/sync'
12:03:55.681 [Forwarding isElementDisplayed on session 541e5fbff23d86bb83d3a1a7e5bf5bb4 to remote] DEBUG org.asynchttpclient.netty.request.NettyRequestSender - Using open Channel [id: 0x5e9e9eb4, L:/127.0.0.1:64175 - R:localhost/127.0.0.1:26374] for POST '/session/541e5fbff23d86bb83d3a1a7e5bf5bb4/execute/sync'
12:03:55.697 [AsyncHttpClient-1-2] DEBUG org.asynchttpclient.netty.handler.HttpHandler - 

Request DefaultHttpRequest(decodeResult: success, version: HTTP/1.1)
POST /session/541e5fbff23d86bb83d3a1a7e5bf5bb4/execute/sync HTTP/1.1
User-Agent: selenium/4.6.0 (java windows)
Content-Length: 48788
Content-Type: application/json; charset=utf-8
host: localhost:26374
accept: */*

Response DefaultHttpResponse(decodeResult: success, version: HTTP/1.1)
HTTP/1.1 200 OK
Content-Type: application/json; charset=utf-8
cache-control: no-cache
content-length: 14

12:03:55.697 [AsyncHttpClient-1-2] DEBUG org.asynchttpclient.netty.channel.ChannelManager - Adding key: http://localhost:26374 for channel [id: 0x5e9e9eb4, L:/127.0.0.1:64175 - R:localhost/127.0.0.1:26374]
12:03:55.737 [Forwarding getCurrentWindowHandle on session 541e5fbff23d86bb83d3a1a7e5bf5bb4 to remote] DEBUG org.asynchttpclient.netty.request.NettyRequestSender - Using pooled Channel '[id: 0x5e9e9eb4, L:/127.0.0.1:64175 - R:localhost/127.0.0.1:26374]' for 'GET' to 'http://localhost:26374/session/541e5fbff23d86bb83d3a1a7e5bf5bb4/window'
12:03:55.737 [Forwarding getCurrentWindowHandle on session 541e5fbff23d86bb83d3a1a7e5bf5bb4 to remote] DEBUG org.asynchttpclient.netty.request.NettyRequestSender - Using open Channel [id: 0x5e9e9eb4, L:/127.0.0.1:64175 - R:localhost/127.0.0.1:26374] for GET '/session/541e5fbff23d86bb83d3a1a7e5bf5bb4/window'
12:03:55.738 [AsyncHttpClient-1-2] DEBUG org.asynchttpclient.netty.handler.HttpHandler - 

Request DefaultFullHttpRequest(decodeResult: success, version: HTTP/1.1, content: EmptyByteBufBE)
GET /session/541e5fbff23d86bb83d3a1a7e5bf5bb4/window HTTP/1.1
User-Agent: selenium/4.6.0 (java windows)
Cache-Control: no-cache
Content-Type: application/json; charset=utf-8
host: localhost:26374
accept: */*

Response DefaultHttpResponse(decodeResult: success, version: HTTP/1.1)
HTTP/1.1 200 OK
Content-Type: application/json; charset=utf-8
cache-control: no-cache
content-length: 44

12:03:55.738 [AsyncHttpClient-1-2] DEBUG org.asynchttpclient.netty.channel.ChannelManager - Adding key: http://localhost:26374 for channel [id: 0x5e9e9eb4, L:/127.0.0.1:64175 - R:localhost/127.0.0.1:26374]
12:03:55.751 [Forwarding getAlertText on session 541e5fbff23d86bb83d3a1a7e5bf5bb4 to remote] DEBUG org.asynchttpclient.netty.request.NettyRequestSender - Using pooled Channel '[id: 0x5e9e9eb4, L:/127.0.0.1:64175 - R:localhost/127.0.0.1:26374]' for 'GET' to 'http://localhost:26374/session/541e5fbff23d86bb83d3a1a7e5bf5bb4/alert/text'
12:03:55.751 [Forwarding getAlertText on session 541e5fbff23d86bb83d3a1a7e5bf5bb4 to remote] DEBUG org.asynchttpclient.netty.request.NettyRequestSender - Using open Channel [id: 0x5e9e9eb4, L:/127.0.0.1:64175 - R:localhost/127.0.0.1:26374] for GET '/session/541e5fbff23d86bb83d3a1a7e5bf5bb4/alert/text'
12:03:55.753 [AsyncHttpClient-1-2] DEBUG org.asynchttpclient.netty.handler.HttpHandler - 

Request DefaultFullHttpRequest(decodeResult: success, version: HTTP/1.1, content: EmptyByteBufBE)
GET /session/541e5fbff23d86bb83d3a1a7e5bf5bb4/alert/text HTTP/1.1
User-Agent: selenium/4.6.0 (java windows)
Cache-Control: no-cache
Content-Type: application/json; charset=utf-8
host: localhost:26374
accept: */*

Response DefaultHttpResponse(decodeResult: success, version: HTTP/1.1)
HTTP/1.1 404 Not Found
Content-Type: application/json; charset=utf-8
cache-control: no-cache
content-length: 848

12:03:55.753 [AsyncHttpClient-1-2] DEBUG org.asynchttpclient.netty.channel.ChannelManager - Adding key: http://localhost:26374 for channel [id: 0x5e9e9eb4, L:/127.0.0.1:64175 - R:localhost/127.0.0.1:26374]
12:03:55.763 [Forwarding switchToWindow on session 541e5fbff23d86bb83d3a1a7e5bf5bb4 to remote] DEBUG org.asynchttpclient.netty.request.NettyRequestSender - Using pooled Channel '[id: 0x5e9e9eb4, L:/127.0.0.1:64175 - R:localhost/127.0.0.1:26374]' for 'POST' to 'http://localhost:26374/session/541e5fbff23d86bb83d3a1a7e5bf5bb4/window'
12:03:55.763 [Forwarding switchToWindow on session 541e5fbff23d86bb83d3a1a7e5bf5bb4 to remote] DEBUG org.asynchttpclient.netty.request.NettyRequestSender - Using open Channel [id: 0x5e9e9eb4, L:/127.0.0.1:64175 - R:localhost/127.0.0.1:26374] for POST '/session/541e5fbff23d86bb83d3a1a7e5bf5bb4/window'
12:03:55.765 [AsyncHttpClient-1-2] DEBUG org.asynchttpclient.netty.handler.HttpHandler - 

Request DefaultHttpRequest(decodeResult: success, version: HTTP/1.1)
POST /session/541e5fbff23d86bb83d3a1a7e5bf5bb4/window HTTP/1.1
User-Agent: selenium/4.6.0 (java windows)
Content-Length: 50
Content-Type: application/json; charset=utf-8
host: localhost:26374
accept: */*

Response DefaultHttpResponse(decodeResult: success, version: HTTP/1.1)
HTTP/1.1 200 OK
Content-Type: application/json; charset=utf-8
cache-control: no-cache
content-length: 14

12:03:55.765 [AsyncHttpClient-1-2] DEBUG org.asynchttpclient.netty.channel.ChannelManager - Adding key: http://localhost:26374 for channel [id: 0x5e9e9eb4, L:/127.0.0.1:64175 - R:localhost/127.0.0.1:26374]
12:03:55.766 [Forwarding getCurrentUrl on session 541e5fbff23d86bb83d3a1a7e5bf5bb4 to remote] DEBUG org.asynchttpclient.netty.request.NettyRequestSender - Using pooled Channel '[id: 0x5e9e9eb4, L:/127.0.0.1:64175 - R:localhost/127.0.0.1:26374]' for 'GET' to 'http://localhost:26374/session/541e5fbff23d86bb83d3a1a7e5bf5bb4/url'
12:03:55.766 [Forwarding getCurrentUrl on session 541e5fbff23d86bb83d3a1a7e5bf5bb4 to remote] DEBUG org.asynchttpclient.netty.request.NettyRequestSender - Using open Channel [id: 0x5e9e9eb4, L:/127.0.0.1:64175 - R:localhost/127.0.0.1:26374] for GET '/session/541e5fbff23d86bb83d3a1a7e5bf5bb4/url'
12:03:55.771 [AsyncHttpClient-1-2] DEBUG org.asynchttpclient.netty.handler.HttpHandler - 

Request DefaultFullHttpRequest(decodeResult: success, version: HTTP/1.1, content: EmptyByteBufBE)
GET /session/541e5fbff23d86bb83d3a1a7e5bf5bb4/url HTTP/1.1
User-Agent: selenium/4.6.0 (java windows)
Cache-Control: no-cache
Content-Type: application/json; charset=utf-8
host: localhost:26374
accept: */*

Response DefaultHttpResponse(decodeResult: success, version: HTTP/1.1)
HTTP/1.1 200 OK
Content-Type: application/json; charset=utf-8
cache-control: no-cache
content-length: 54

12:03:55.771 [AsyncHttpClient-1-2] DEBUG org.asynchttpclient.netty.channel.ChannelManager - Adding key: http://localhost:26374 for channel [id: 0x5e9e9eb4, L:/127.0.0.1:64175 - R:localhost/127.0.0.1:26374]
12:03:55.772 [Forwarding screenshot on session 541e5fbff23d86bb83d3a1a7e5bf5bb4 to remote] DEBUG org.asynchttpclient.netty.request.NettyRequestSender - Using pooled Channel '[id: 0x5e9e9eb4, L:/127.0.0.1:64175 - R:localhost/127.0.0.1:26374]' for 'GET' to 'http://localhost:26374/session/541e5fbff23d86bb83d3a1a7e5bf5bb4/screenshot'
12:03:55.772 [Forwarding screenshot on session 541e5fbff23d86bb83d3a1a7e5bf5bb4 to remote] DEBUG org.asynchttpclient.netty.request.NettyRequestSender - Using open Channel [id: 0x5e9e9eb4, L:/127.0.0.1:64175 - R:localhost/127.0.0.1:26374] for GET '/session/541e5fbff23d86bb83d3a1a7e5bf5bb4/screenshot'
12:03:55.971 [AsyncHttpClient-1-2] DEBUG org.asynchttpclient.netty.handler.HttpHandler - 

Request DefaultFullHttpRequest(decodeResult: success, version: HTTP/1.1, content: EmptyByteBufBE)
GET /session/541e5fbff23d86bb83d3a1a7e5bf5bb4/screenshot HTTP/1.1
User-Agent: selenium/4.6.0 (java windows)
Cache-Control: no-cache
Content-Type: application/json; charset=utf-8
host: localhost:26374
accept: */*

Response DefaultHttpResponse(decodeResult: success, version: HTTP/1.1)
HTTP/1.1 200 OK
Content-Type: application/json; charset=utf-8
cache-control: no-cache
content-length: 416404

12:03:55.971 [AsyncHttpClient-1-2] DEBUG org.asynchttpclient.netty.channel.ChannelManager - Adding key: http://localhost:26374 for channel [id: 0x5e9e9eb4, L:/127.0.0.1:64175 - R:localhost/127.0.0.1:26374]
12:03:55.988 [Test worker] DEBUG net.serenitybdd.core.photography.Darkroom - Send negative for processing for C:\Users\Usuario\Documents\retoAutomatizacion\e2e\RetoDemoBlaze\target\site\serenity\20660679ca7e3b69b90547bac9930ce8b3b805db75a3db5b669a17e21981099d.png
12:03:56.001 [Forwarding getPageSource on session 541e5fbff23d86bb83d3a1a7e5bf5bb4 to remote] DEBUG org.asynchttpclient.netty.request.NettyRequestSender - Using pooled Channel '[id: 0x5e9e9eb4, L:/127.0.0.1:64175 - R:localhost/127.0.0.1:26374]' for 'POST' to 'http://localhost:26374/session/541e5fbff23d86bb83d3a1a7e5bf5bb4/execute/sync'
12:03:56.001 [Forwarding getPageSource on session 541e5fbff23d86bb83d3a1a7e5bf5bb4 to remote] DEBUG org.asynchttpclient.netty.request.NettyRequestSender - Using open Channel [id: 0x5e9e9eb4, L:/127.0.0.1:64175 - R:localhost/127.0.0.1:26374] for POST '/session/541e5fbff23d86bb83d3a1a7e5bf5bb4/execute/sync'
12:03:56.013 [AsyncHttpClient-1-2] DEBUG org.asynchttpclient.netty.handler.HttpHandler - 

Request DefaultHttpRequest(decodeResult: success, version: HTTP/1.1)
POST /session/541e5fbff23d86bb83d3a1a7e5bf5bb4/execute/sync HTTP/1.1
User-Agent: selenium/4.6.0 (java windows)
Content-Length: 176
Content-Type: application/json; charset=utf-8
host: localhost:26374
accept: */*

Response DefaultHttpResponse(decodeResult: success, version: HTTP/1.1)
HTTP/1.1 200 OK
Content-Type: application/json; charset=utf-8
cache-control: no-cache
content-length: 54827

12:03:56.013 [AsyncHttpClient-1-2] DEBUG org.asynchttpclient.netty.channel.ChannelManager - Adding key: http://localhost:26374 for channel [id: 0x5e9e9eb4, L:/127.0.0.1:64175 - R:localhost/127.0.0.1:26374]
12:03:56.029 [Forwarding getCurrentUrl on session 541e5fbff23d86bb83d3a1a7e5bf5bb4 to remote] DEBUG org.asynchttpclient.netty.request.NettyRequestSender - Using pooled Channel '[id: 0x5e9e9eb4, L:/127.0.0.1:64175 - R:localhost/127.0.0.1:26374]' for 'GET' to 'http://localhost:26374/session/541e5fbff23d86bb83d3a1a7e5bf5bb4/url'
12:03:56.029 [Forwarding getCurrentUrl on session 541e5fbff23d86bb83d3a1a7e5bf5bb4 to remote] DEBUG org.asynchttpclient.netty.request.NettyRequestSender - Using open Channel [id: 0x5e9e9eb4, L:/127.0.0.1:64175 - R:localhost/127.0.0.1:26374] for GET '/session/541e5fbff23d86bb83d3a1a7e5bf5bb4/url'
12:03:56.036 [AsyncHttpClient-1-2] DEBUG org.asynchttpclient.netty.handler.HttpHandler - 

Request DefaultFullHttpRequest(decodeResult: success, version: HTTP/1.1, content: EmptyByteBufBE)
GET /session/541e5fbff23d86bb83d3a1a7e5bf5bb4/url HTTP/1.1
User-Agent: selenium/4.6.0 (java windows)
Cache-Control: no-cache
Content-Type: application/json; charset=utf-8
host: localhost:26374
accept: */*

Response DefaultHttpResponse(decodeResult: success, version: HTTP/1.1)
HTTP/1.1 200 OK
Content-Type: application/json; charset=utf-8
cache-control: no-cache
content-length: 54

12:03:56.037 [AsyncHttpClient-1-2] DEBUG org.asynchttpclient.netty.channel.ChannelManager - Adding key: http://localhost:26374 for channel [id: 0x5e9e9eb4, L:/127.0.0.1:64175 - R:localhost/127.0.0.1:26374]
12:03:56.040 [Test worker] DEBUG net.thucydides.core.steps.StepInterceptor - STARTING STEP: PickItem.performAs - {0} clicks on #target
12:03:56.040 [Test worker] DEBUG net.serenitybdd.screenplay.targets.IFrameSwitcher - default content already selected for Phones
12:03:56.137 [Forwarding findElement on session 541e5fbff23d86bb83d3a1a7e5bf5bb4 to remote] DEBUG org.asynchttpclient.netty.request.NettyRequestSender - Using pooled Channel '[id: 0x5e9e9eb4, L:/127.0.0.1:64175 - R:localhost/127.0.0.1:26374]' for 'POST' to 'http://localhost:26374/session/541e5fbff23d86bb83d3a1a7e5bf5bb4/element'
12:03:56.137 [Forwarding findElement on session 541e5fbff23d86bb83d3a1a7e5bf5bb4 to remote] DEBUG org.asynchttpclient.netty.request.NettyRequestSender - Using open Channel [id: 0x5e9e9eb4, L:/127.0.0.1:64175 - R:localhost/127.0.0.1:26374] for POST '/session/541e5fbff23d86bb83d3a1a7e5bf5bb4/element'
12:03:56.152 [AsyncHttpClient-1-2] DEBUG org.asynchttpclient.netty.handler.HttpHandler - 

Request DefaultHttpRequest(decodeResult: success, version: HTTP/1.1)
POST /session/541e5fbff23d86bb83d3a1a7e5bf5bb4/element HTTP/1.1
User-Agent: selenium/4.6.0 (java windows)
Content-Length: 72
Content-Type: application/json; charset=utf-8
host: localhost:26374
accept: */*

Response DefaultHttpResponse(decodeResult: success, version: HTTP/1.1)
HTTP/1.1 200 OK
Content-Type: application/json; charset=utf-8
cache-control: no-cache
content-length: 96

12:03:56.152 [AsyncHttpClient-1-2] DEBUG org.asynchttpclient.netty.channel.ChannelManager - Adding key: http://localhost:26374 for channel [id: 0x5e9e9eb4, L:/127.0.0.1:64175 - R:localhost/127.0.0.1:26374]
12:03:56.168 [Forwarding isElementDisplayed on session 541e5fbff23d86bb83d3a1a7e5bf5bb4 to remote] DEBUG org.asynchttpclient.netty.request.NettyRequestSender - Using pooled Channel '[id: 0x5e9e9eb4, L:/127.0.0.1:64175 - R:localhost/127.0.0.1:26374]' for 'POST' to 'http://localhost:26374/session/541e5fbff23d86bb83d3a1a7e5bf5bb4/execute/sync'
12:03:56.168 [Forwarding isElementDisplayed on session 541e5fbff23d86bb83d3a1a7e5bf5bb4 to remote] DEBUG org.asynchttpclient.netty.request.NettyRequestSender - Using open Channel [id: 0x5e9e9eb4, L:/127.0.0.1:64175 - R:localhost/127.0.0.1:26374] for POST '/session/541e5fbff23d86bb83d3a1a7e5bf5bb4/execute/sync'
12:03:56.177 [AsyncHttpClient-1-2] DEBUG org.asynchttpclient.netty.handler.HttpHandler - 

Request DefaultHttpRequest(decodeResult: success, version: HTTP/1.1)
POST /session/541e5fbff23d86bb83d3a1a7e5bf5bb4/execute/sync HTTP/1.1
User-Agent: selenium/4.6.0 (java windows)
Content-Length: 48788
Content-Type: application/json; charset=utf-8
host: localhost:26374
accept: */*

Response DefaultHttpResponse(decodeResult: success, version: HTTP/1.1)
HTTP/1.1 200 OK
Content-Type: application/json; charset=utf-8
cache-control: no-cache
content-length: 14

12:03:56.177 [AsyncHttpClient-1-2] DEBUG org.asynchttpclient.netty.channel.ChannelManager - Adding key: http://localhost:26374 for channel [id: 0x5e9e9eb4, L:/127.0.0.1:64175 - R:localhost/127.0.0.1:26374]
12:03:56.198 [Forwarding findElement on session 541e5fbff23d86bb83d3a1a7e5bf5bb4 to remote] DEBUG org.asynchttpclient.netty.request.NettyRequestSender - Using pooled Channel '[id: 0x5e9e9eb4, L:/127.0.0.1:64175 - R:localhost/127.0.0.1:26374]' for 'POST' to 'http://localhost:26374/session/541e5fbff23d86bb83d3a1a7e5bf5bb4/element'
12:03:56.198 [Forwarding findElement on session 541e5fbff23d86bb83d3a1a7e5bf5bb4 to remote] DEBUG org.asynchttpclient.netty.request.NettyRequestSender - Using open Channel [id: 0x5e9e9eb4, L:/127.0.0.1:64175 - R:localhost/127.0.0.1:26374] for POST '/session/541e5fbff23d86bb83d3a1a7e5bf5bb4/element'
12:03:56.207 [AsyncHttpClient-1-2] DEBUG org.asynchttpclient.netty.handler.HttpHandler - 

Request DefaultHttpRequest(decodeResult: success, version: HTTP/1.1)
POST /session/541e5fbff23d86bb83d3a1a7e5bf5bb4/element HTTP/1.1
User-Agent: selenium/4.6.0 (java windows)
Content-Length: 72
Content-Type: application/json; charset=utf-8
host: localhost:26374
accept: */*

Response DefaultHttpResponse(decodeResult: success, version: HTTP/1.1)
HTTP/1.1 200 OK
Content-Type: application/json; charset=utf-8
cache-control: no-cache
content-length: 96

12:03:56.207 [AsyncHttpClient-1-2] DEBUG org.asynchttpclient.netty.channel.ChannelManager - Adding key: http://localhost:26374 for channel [id: 0x5e9e9eb4, L:/127.0.0.1:64175 - R:localhost/127.0.0.1:26374]
12:03:56.209 [Forwarding clickElement on session 541e5fbff23d86bb83d3a1a7e5bf5bb4 to remote] DEBUG org.asynchttpclient.netty.request.NettyRequestSender - Using pooled Channel '[id: 0x5e9e9eb4, L:/127.0.0.1:64175 - R:localhost/127.0.0.1:26374]' for 'POST' to 'http://localhost:26374/session/541e5fbff23d86bb83d3a1a7e5bf5bb4/element/4F45B104442E40DA46B8CE67F90A2907_element_179/click'
12:03:56.210 [Forwarding clickElement on session 541e5fbff23d86bb83d3a1a7e5bf5bb4 to remote] DEBUG org.asynchttpclient.netty.request.NettyRequestSender - Using open Channel [id: 0x5e9e9eb4, L:/127.0.0.1:64175 - R:localhost/127.0.0.1:26374] for POST '/session/541e5fbff23d86bb83d3a1a7e5bf5bb4/element/4F45B104442E40DA46B8CE67F90A2907_element_179/click'
12:03:56.254 [AsyncHttpClient-1-2] DEBUG org.asynchttpclient.netty.handler.HttpHandler - 

Request DefaultHttpRequest(decodeResult: success, version: HTTP/1.1)
POST /session/541e5fbff23d86bb83d3a1a7e5bf5bb4/element/4F45B104442E40DA46B8CE67F90A2907_element_179/click HTTP/1.1
User-Agent: selenium/4.6.0 (java windows)
Content-Length: 58
Content-Type: application/json; charset=utf-8
host: localhost:26374
accept: */*

Response DefaultHttpResponse(decodeResult: success, version: HTTP/1.1)
HTTP/1.1 200 OK
Content-Type: application/json; charset=utf-8
cache-control: no-cache
content-length: 14

12:03:56.255 [AsyncHttpClient-1-2] DEBUG org.asynchttpclient.netty.channel.ChannelManager - Adding key: http://localhost:26374 for channel [id: 0x5e9e9eb4, L:/127.0.0.1:64175 - R:localhost/127.0.0.1:26374]
12:03:56.308 [Forwarding getCurrentWindowHandle on session 541e5fbff23d86bb83d3a1a7e5bf5bb4 to remote] DEBUG org.asynchttpclient.netty.request.NettyRequestSender - Using pooled Channel '[id: 0x5e9e9eb4, L:/127.0.0.1:64175 - R:localhost/127.0.0.1:26374]' for 'GET' to 'http://localhost:26374/session/541e5fbff23d86bb83d3a1a7e5bf5bb4/window'
12:03:56.308 [Forwarding getCurrentWindowHandle on session 541e5fbff23d86bb83d3a1a7e5bf5bb4 to remote] DEBUG org.asynchttpclient.netty.request.NettyRequestSender - Using open Channel [id: 0x5e9e9eb4, L:/127.0.0.1:64175 - R:localhost/127.0.0.1:26374] for GET '/session/541e5fbff23d86bb83d3a1a7e5bf5bb4/window'
12:03:56.309 [AsyncHttpClient-1-2] DEBUG org.asynchttpclient.netty.handler.HttpHandler - 

Request DefaultFullHttpRequest(decodeResult: success, version: HTTP/1.1, content: EmptyByteBufBE)
GET /session/541e5fbff23d86bb83d3a1a7e5bf5bb4/window HTTP/1.1
User-Agent: selenium/4.6.0 (java windows)
Cache-Control: no-cache
Content-Type: application/json; charset=utf-8
host: localhost:26374
accept: */*

Response DefaultHttpResponse(decodeResult: success, version: HTTP/1.1)
HTTP/1.1 200 OK
Content-Type: application/json; charset=utf-8
cache-control: no-cache
content-length: 44

12:03:56.309 [AsyncHttpClient-1-2] DEBUG org.asynchttpclient.netty.channel.ChannelManager - Adding key: http://localhost:26374 for channel [id: 0x5e9e9eb4, L:/127.0.0.1:64175 - R:localhost/127.0.0.1:26374]
12:03:56.322 [Forwarding getAlertText on session 541e5fbff23d86bb83d3a1a7e5bf5bb4 to remote] DEBUG org.asynchttpclient.netty.request.NettyRequestSender - Using pooled Channel '[id: 0x5e9e9eb4, L:/127.0.0.1:64175 - R:localhost/127.0.0.1:26374]' for 'GET' to 'http://localhost:26374/session/541e5fbff23d86bb83d3a1a7e5bf5bb4/alert/text'
12:03:56.322 [Forwarding getAlertText on session 541e5fbff23d86bb83d3a1a7e5bf5bb4 to remote] DEBUG org.asynchttpclient.netty.request.NettyRequestSender - Using open Channel [id: 0x5e9e9eb4, L:/127.0.0.1:64175 - R:localhost/127.0.0.1:26374] for GET '/session/541e5fbff23d86bb83d3a1a7e5bf5bb4/alert/text'
12:03:56.324 [AsyncHttpClient-1-2] DEBUG org.asynchttpclient.netty.handler.HttpHandler - 

Request DefaultFullHttpRequest(decodeResult: success, version: HTTP/1.1, content: EmptyByteBufBE)
GET /session/541e5fbff23d86bb83d3a1a7e5bf5bb4/alert/text HTTP/1.1
User-Agent: selenium/4.6.0 (java windows)
Cache-Control: no-cache
Content-Type: application/json; charset=utf-8
host: localhost:26374
accept: */*

Response DefaultHttpResponse(decodeResult: success, version: HTTP/1.1)
HTTP/1.1 404 Not Found
Content-Type: application/json; charset=utf-8
cache-control: no-cache
content-length: 848

12:03:56.324 [AsyncHttpClient-1-2] DEBUG org.asynchttpclient.netty.channel.ChannelManager - Adding key: http://localhost:26374 for channel [id: 0x5e9e9eb4, L:/127.0.0.1:64175 - R:localhost/127.0.0.1:26374]
12:03:56.341 [Forwarding switchToWindow on session 541e5fbff23d86bb83d3a1a7e5bf5bb4 to remote] DEBUG org.asynchttpclient.netty.request.NettyRequestSender - Using pooled Channel '[id: 0x5e9e9eb4, L:/127.0.0.1:64175 - R:localhost/127.0.0.1:26374]' for 'POST' to 'http://localhost:26374/session/541e5fbff23d86bb83d3a1a7e5bf5bb4/window'
12:03:56.341 [Forwarding switchToWindow on session 541e5fbff23d86bb83d3a1a7e5bf5bb4 to remote] DEBUG org.asynchttpclient.netty.request.NettyRequestSender - Using open Channel [id: 0x5e9e9eb4, L:/127.0.0.1:64175 - R:localhost/127.0.0.1:26374] for POST '/session/541e5fbff23d86bb83d3a1a7e5bf5bb4/window'
12:03:56.342 [AsyncHttpClient-1-2] DEBUG org.asynchttpclient.netty.handler.HttpHandler - 

Request DefaultHttpRequest(decodeResult: success, version: HTTP/1.1)
POST /session/541e5fbff23d86bb83d3a1a7e5bf5bb4/window HTTP/1.1
User-Agent: selenium/4.6.0 (java windows)
Content-Length: 50
Content-Type: application/json; charset=utf-8
host: localhost:26374
accept: */*

Response DefaultHttpResponse(decodeResult: success, version: HTTP/1.1)
HTTP/1.1 200 OK
Content-Type: application/json; charset=utf-8
cache-control: no-cache
content-length: 14

12:03:56.343 [AsyncHttpClient-1-2] DEBUG org.asynchttpclient.netty.channel.ChannelManager - Adding key: http://localhost:26374 for channel [id: 0x5e9e9eb4, L:/127.0.0.1:64175 - R:localhost/127.0.0.1:26374]
12:03:56.345 [Forwarding getCurrentUrl on session 541e5fbff23d86bb83d3a1a7e5bf5bb4 to remote] DEBUG org.asynchttpclient.netty.request.NettyRequestSender - Using pooled Channel '[id: 0x5e9e9eb4, L:/127.0.0.1:64175 - R:localhost/127.0.0.1:26374]' for 'GET' to 'http://localhost:26374/session/541e5fbff23d86bb83d3a1a7e5bf5bb4/url'
12:03:56.345 [Forwarding getCurrentUrl on session 541e5fbff23d86bb83d3a1a7e5bf5bb4 to remote] DEBUG org.asynchttpclient.netty.request.NettyRequestSender - Using open Channel [id: 0x5e9e9eb4, L:/127.0.0.1:64175 - R:localhost/127.0.0.1:26374] for GET '/session/541e5fbff23d86bb83d3a1a7e5bf5bb4/url'
12:03:56.357 [AsyncHttpClient-1-2] DEBUG org.asynchttpclient.netty.handler.HttpHandler - 

Request DefaultFullHttpRequest(decodeResult: success, version: HTTP/1.1, content: EmptyByteBufBE)
GET /session/541e5fbff23d86bb83d3a1a7e5bf5bb4/url HTTP/1.1
User-Agent: selenium/4.6.0 (java windows)
Cache-Control: no-cache
Content-Type: application/json; charset=utf-8
host: localhost:26374
accept: */*

Response DefaultHttpResponse(decodeResult: success, version: HTTP/1.1)
HTTP/1.1 200 OK
Content-Type: application/json; charset=utf-8
cache-control: no-cache
content-length: 55

12:03:56.357 [AsyncHttpClient-1-2] DEBUG org.asynchttpclient.netty.channel.ChannelManager - Adding key: http://localhost:26374 for channel [id: 0x5e9e9eb4, L:/127.0.0.1:64175 - R:localhost/127.0.0.1:26374]
12:03:56.358 [Forwarding screenshot on session 541e5fbff23d86bb83d3a1a7e5bf5bb4 to remote] DEBUG org.asynchttpclient.netty.request.NettyRequestSender - Using pooled Channel '[id: 0x5e9e9eb4, L:/127.0.0.1:64175 - R:localhost/127.0.0.1:26374]' for 'GET' to 'http://localhost:26374/session/541e5fbff23d86bb83d3a1a7e5bf5bb4/screenshot'
12:03:56.358 [Forwarding screenshot on session 541e5fbff23d86bb83d3a1a7e5bf5bb4 to remote] DEBUG org.asynchttpclient.netty.request.NettyRequestSender - Using open Channel [id: 0x5e9e9eb4, L:/127.0.0.1:64175 - R:localhost/127.0.0.1:26374] for GET '/session/541e5fbff23d86bb83d3a1a7e5bf5bb4/screenshot'
12:03:56.465 [AsyncHttpClient-1-1] DEBUG org.asynchttpclient.netty.channel.DefaultChannelPool - Entry count for : http://localhost:64176 : 1
12:03:56.578 [AsyncHttpClient-1-2] DEBUG org.asynchttpclient.netty.handler.HttpHandler - 

Request DefaultFullHttpRequest(decodeResult: success, version: HTTP/1.1, content: EmptyByteBufBE)
GET /session/541e5fbff23d86bb83d3a1a7e5bf5bb4/screenshot HTTP/1.1
User-Agent: selenium/4.6.0 (java windows)
Cache-Control: no-cache
Content-Type: application/json; charset=utf-8
host: localhost:26374
accept: */*

Response DefaultHttpResponse(decodeResult: success, version: HTTP/1.1)
HTTP/1.1 200 OK
Content-Type: application/json; charset=utf-8
cache-control: no-cache
content-length: 416880

12:03:56.579 [AsyncHttpClient-1-2] DEBUG org.asynchttpclient.netty.channel.ChannelManager - Adding key: http://localhost:26374 for channel [id: 0x5e9e9eb4, L:/127.0.0.1:64175 - R:localhost/127.0.0.1:26374]
12:03:56.587 [Test worker] DEBUG net.serenitybdd.core.photography.Darkroom - Send negative for processing for C:\Users\Usuario\Documents\retoAutomatizacion\e2e\RetoDemoBlaze\target\site\serenity\5d0894b9d9d2965293462170c1d721f78971fa072e0dee886f7535959f49a463.png
12:03:56.588 [Test worker] DEBUG net.thucydides.core.steps.StepInterceptor - STEP DONE: {0} clicks on #target
12:03:56.588 [Darkroom Processing Line] DEBUG net.serenitybdd.core.photography.DarkroomProcessingLine - Processing screenshot image in /var/screenshots/screenshot-6219248018601966174
12:03:56.588 [Darkroom Processing Line] DEBUG net.serenitybdd.core.photography.DarkroomProcessingLine - Saving screenshot to C:\Users\Usuario\Documents\retoAutomatizacion\e2e\RetoDemoBlaze\target\site\serenity\5d0894b9d9d2965293462170c1d721f78971fa072e0dee886f7535959f49a463.png
12:03:56.621 [Forwarding getPageSource on session 541e5fbff23d86bb83d3a1a7e5bf5bb4 to remote] DEBUG org.asynchttpclient.netty.request.NettyRequestSender - Using pooled Channel '[id: 0x5e9e9eb4, L:/127.0.0.1:64175 - R:localhost/127.0.0.1:26374]' for 'POST' to 'http://localhost:26374/session/541e5fbff23d86bb83d3a1a7e5bf5bb4/execute/sync'
12:03:56.621 [Forwarding getPageSource on session 541e5fbff23d86bb83d3a1a7e5bf5bb4 to remote] DEBUG org.asynchttpclient.netty.request.NettyRequestSender - Using open Channel [id: 0x5e9e9eb4, L:/127.0.0.1:64175 - R:localhost/127.0.0.1:26374] for POST '/session/541e5fbff23d86bb83d3a1a7e5bf5bb4/execute/sync'
12:03:56.633 [AsyncHttpClient-1-2] DEBUG org.asynchttpclient.netty.handler.HttpHandler - 

Request DefaultHttpRequest(decodeResult: success, version: HTTP/1.1)
POST /session/541e5fbff23d86bb83d3a1a7e5bf5bb4/execute/sync HTTP/1.1
User-Agent: selenium/4.6.0 (java windows)
Content-Length: 176
Content-Type: application/json; charset=utf-8
host: localhost:26374
accept: */*

Response DefaultHttpResponse(decodeResult: success, version: HTTP/1.1)
HTTP/1.1 200 OK
Content-Type: application/json; charset=utf-8
cache-control: no-cache
content-length: 54827

12:03:56.633 [AsyncHttpClient-1-2] DEBUG org.asynchttpclient.netty.channel.ChannelManager - Adding key: http://localhost:26374 for channel [id: 0x5e9e9eb4, L:/127.0.0.1:64175 - R:localhost/127.0.0.1:26374]
12:03:56.639 [Forwarding getCurrentUrl on session 541e5fbff23d86bb83d3a1a7e5bf5bb4 to remote] DEBUG org.asynchttpclient.netty.request.NettyRequestSender - Using pooled Channel '[id: 0x5e9e9eb4, L:/127.0.0.1:64175 - R:localhost/127.0.0.1:26374]' for 'GET' to 'http://localhost:26374/session/541e5fbff23d86bb83d3a1a7e5bf5bb4/url'
12:03:56.639 [Forwarding getCurrentUrl on session 541e5fbff23d86bb83d3a1a7e5bf5bb4 to remote] DEBUG org.asynchttpclient.netty.request.NettyRequestSender - Using open Channel [id: 0x5e9e9eb4, L:/127.0.0.1:64175 - R:localhost/127.0.0.1:26374] for GET '/session/541e5fbff23d86bb83d3a1a7e5bf5bb4/url'
12:03:56.643 [AsyncHttpClient-1-2] DEBUG org.asynchttpclient.netty.handler.HttpHandler - 

Request DefaultFullHttpRequest(decodeResult: success, version: HTTP/1.1, content: EmptyByteBufBE)
GET /session/541e5fbff23d86bb83d3a1a7e5bf5bb4/url HTTP/1.1
User-Agent: selenium/4.6.0 (java windows)
Cache-Control: no-cache
Content-Type: application/json; charset=utf-8
host: localhost:26374
accept: */*

Response DefaultHttpResponse(decodeResult: success, version: HTTP/1.1)
HTTP/1.1 200 OK
Content-Type: application/json; charset=utf-8
cache-control: no-cache
content-length: 55

12:03:56.643 [AsyncHttpClient-1-2] DEBUG org.asynchttpclient.netty.channel.ChannelManager - Adding key: http://localhost:26374 for channel [id: 0x5e9e9eb4, L:/127.0.0.1:64175 - R:localhost/127.0.0.1:26374]
12:03:56.644 [Test worker] DEBUG net.thucydides.core.steps.StepInterceptor - STARTING STEP: PickItem.performAs - performAs
12:03:57.563 [AsyncHttpClient-1-1] DEBUG org.asynchttpclient.netty.channel.DefaultChannelPool - Entry count for : http://localhost:64176 : 1
12:03:57.563 [AsyncHttpClient-1-1] DEBUG org.asynchttpclient.netty.channel.DefaultChannelPool - Entry count for : http://localhost:26374 : 1
12:03:58.669 [AsyncHttpClient-1-1] DEBUG org.asynchttpclient.netty.channel.DefaultChannelPool - Entry count for : http://localhost:64176 : 1
12:03:58.669 [AsyncHttpClient-1-1] DEBUG org.asynchttpclient.netty.channel.DefaultChannelPool - Entry count for : http://localhost:26374 : 1
12:03:59.698 [Forwarding getCurrentWindowHandle on session 541e5fbff23d86bb83d3a1a7e5bf5bb4 to remote] DEBUG org.asynchttpclient.netty.request.NettyRequestSender - Using pooled Channel '[id: 0x5e9e9eb4, L:/127.0.0.1:64175 - R:localhost/127.0.0.1:26374]' for 'GET' to 'http://localhost:26374/session/541e5fbff23d86bb83d3a1a7e5bf5bb4/window'
12:03:59.699 [Forwarding getCurrentWindowHandle on session 541e5fbff23d86bb83d3a1a7e5bf5bb4 to remote] DEBUG org.asynchttpclient.netty.request.NettyRequestSender - Using open Channel [id: 0x5e9e9eb4, L:/127.0.0.1:64175 - R:localhost/127.0.0.1:26374] for GET '/session/541e5fbff23d86bb83d3a1a7e5bf5bb4/window'
12:03:59.700 [AsyncHttpClient-1-2] DEBUG org.asynchttpclient.netty.handler.HttpHandler - 

Request DefaultFullHttpRequest(decodeResult: success, version: HTTP/1.1, content: EmptyByteBufBE)
GET /session/541e5fbff23d86bb83d3a1a7e5bf5bb4/window HTTP/1.1
User-Agent: selenium/4.6.0 (java windows)
Cache-Control: no-cache
Content-Type: application/json; charset=utf-8
host: localhost:26374
accept: */*

Response DefaultHttpResponse(decodeResult: success, version: HTTP/1.1)
HTTP/1.1 200 OK
Content-Type: application/json; charset=utf-8
cache-control: no-cache
content-length: 44

12:03:59.700 [AsyncHttpClient-1-2] DEBUG org.asynchttpclient.netty.channel.ChannelManager - Adding key: http://localhost:26374 for channel [id: 0x5e9e9eb4, L:/127.0.0.1:64175 - R:localhost/127.0.0.1:26374]
12:03:59.715 [Forwarding getAlertText on session 541e5fbff23d86bb83d3a1a7e5bf5bb4 to remote] DEBUG org.asynchttpclient.netty.request.NettyRequestSender - Using pooled Channel '[id: 0x5e9e9eb4, L:/127.0.0.1:64175 - R:localhost/127.0.0.1:26374]' for 'GET' to 'http://localhost:26374/session/541e5fbff23d86bb83d3a1a7e5bf5bb4/alert/text'
12:03:59.715 [Forwarding getAlertText on session 541e5fbff23d86bb83d3a1a7e5bf5bb4 to remote] DEBUG org.asynchttpclient.netty.request.NettyRequestSender - Using open Channel [id: 0x5e9e9eb4, L:/127.0.0.1:64175 - R:localhost/127.0.0.1:26374] for GET '/session/541e5fbff23d86bb83d3a1a7e5bf5bb4/alert/text'
12:03:59.716 [AsyncHttpClient-1-2] DEBUG org.asynchttpclient.netty.handler.HttpHandler - 

Request DefaultFullHttpRequest(decodeResult: success, version: HTTP/1.1, content: EmptyByteBufBE)
GET /session/541e5fbff23d86bb83d3a1a7e5bf5bb4/alert/text HTTP/1.1
User-Agent: selenium/4.6.0 (java windows)
Cache-Control: no-cache
Content-Type: application/json; charset=utf-8
host: localhost:26374
accept: */*

Response DefaultHttpResponse(decodeResult: success, version: HTTP/1.1)
HTTP/1.1 200 OK
Content-Type: application/json; charset=utf-8
cache-control: no-cache
content-length: 26

12:03:59.716 [AsyncHttpClient-1-2] DEBUG org.asynchttpclient.netty.channel.ChannelManager - Adding key: http://localhost:26374 for channel [id: 0x5e9e9eb4, L:/127.0.0.1:64175 - R:localhost/127.0.0.1:26374]
12:03:59.718 [Forwarding getAlertText on session 541e5fbff23d86bb83d3a1a7e5bf5bb4 to remote] DEBUG org.asynchttpclient.netty.request.NettyRequestSender - Using pooled Channel '[id: 0x5e9e9eb4, L:/127.0.0.1:64175 - R:localhost/127.0.0.1:26374]' for 'GET' to 'http://localhost:26374/session/541e5fbff23d86bb83d3a1a7e5bf5bb4/alert/text'
12:03:59.718 [Forwarding getAlertText on session 541e5fbff23d86bb83d3a1a7e5bf5bb4 to remote] DEBUG org.asynchttpclient.netty.request.NettyRequestSender - Using open Channel [id: 0x5e9e9eb4, L:/127.0.0.1:64175 - R:localhost/127.0.0.1:26374] for GET '/session/541e5fbff23d86bb83d3a1a7e5bf5bb4/alert/text'
12:03:59.720 [AsyncHttpClient-1-2] DEBUG org.asynchttpclient.netty.handler.HttpHandler - 

Request DefaultFullHttpRequest(decodeResult: success, version: HTTP/1.1, content: EmptyByteBufBE)
GET /session/541e5fbff23d86bb83d3a1a7e5bf5bb4/alert/text HTTP/1.1
User-Agent: selenium/4.6.0 (java windows)
Cache-Control: no-cache
Content-Type: application/json; charset=utf-8
host: localhost:26374
accept: */*

Response DefaultHttpResponse(decodeResult: success, version: HTTP/1.1)
HTTP/1.1 200 OK
Content-Type: application/json; charset=utf-8
cache-control: no-cache
content-length: 26

12:03:59.720 [AsyncHttpClient-1-2] DEBUG org.asynchttpclient.netty.channel.ChannelManager - Adding key: http://localhost:26374 for channel [id: 0x5e9e9eb4, L:/127.0.0.1:64175 - R:localhost/127.0.0.1:26374]
12:03:59.740 [Forwarding switchToWindow on session 541e5fbff23d86bb83d3a1a7e5bf5bb4 to remote] DEBUG org.asynchttpclient.netty.request.NettyRequestSender - Using pooled Channel '[id: 0x5e9e9eb4, L:/127.0.0.1:64175 - R:localhost/127.0.0.1:26374]' for 'POST' to 'http://localhost:26374/session/541e5fbff23d86bb83d3a1a7e5bf5bb4/window'
12:03:59.740 [Forwarding switchToWindow on session 541e5fbff23d86bb83d3a1a7e5bf5bb4 to remote] DEBUG org.asynchttpclient.netty.request.NettyRequestSender - Using open Channel [id: 0x5e9e9eb4, L:/127.0.0.1:64175 - R:localhost/127.0.0.1:26374] for POST '/session/541e5fbff23d86bb83d3a1a7e5bf5bb4/window'
12:03:59.743 [AsyncHttpClient-1-2] DEBUG org.asynchttpclient.netty.handler.HttpHandler - 

Request DefaultHttpRequest(decodeResult: success, version: HTTP/1.1)
POST /session/541e5fbff23d86bb83d3a1a7e5bf5bb4/window HTTP/1.1
User-Agent: selenium/4.6.0 (java windows)
Content-Length: 50
Content-Type: application/json; charset=utf-8
host: localhost:26374
accept: */*

Response DefaultHttpResponse(decodeResult: success, version: HTTP/1.1)
HTTP/1.1 200 OK
Content-Type: application/json; charset=utf-8
cache-control: no-cache
content-length: 14

12:03:59.743 [AsyncHttpClient-1-2] DEBUG org.asynchttpclient.netty.channel.ChannelManager - Adding key: http://localhost:26374 for channel [id: 0x5e9e9eb4, L:/127.0.0.1:64175 - R:localhost/127.0.0.1:26374]
12:03:59.744 [Test worker] DEBUG net.thucydides.core.steps.StepInterceptor - STEP DONE: performAs
12:03:59.764 [AsyncHttpClient-1-1] DEBUG org.asynchttpclient.netty.channel.DefaultChannelPool - Entry count for : http://localhost:64176 : 1
12:03:59.764 [AsyncHttpClient-1-1] DEBUG org.asynchttpclient.netty.channel.DefaultChannelPool - Entry count for : http://localhost:26374 : 1
12:03:59.775 [Forwarding getAlertText on session 541e5fbff23d86bb83d3a1a7e5bf5bb4 to remote] DEBUG org.asynchttpclient.netty.request.NettyRequestSender - Using pooled Channel '[id: 0x5e9e9eb4, L:/127.0.0.1:64175 - R:localhost/127.0.0.1:26374]' for 'GET' to 'http://localhost:26374/session/541e5fbff23d86bb83d3a1a7e5bf5bb4/alert/text'
12:03:59.775 [Forwarding getAlertText on session 541e5fbff23d86bb83d3a1a7e5bf5bb4 to remote] DEBUG org.asynchttpclient.netty.request.NettyRequestSender - Using open Channel [id: 0x5e9e9eb4, L:/127.0.0.1:64175 - R:localhost/127.0.0.1:26374] for GET '/session/541e5fbff23d86bb83d3a1a7e5bf5bb4/alert/text'
12:03:59.775 [AsyncHttpClient-1-2] DEBUG org.asynchttpclient.netty.handler.HttpHandler - 

Request DefaultFullHttpRequest(decodeResult: success, version: HTTP/1.1, content: EmptyByteBufBE)
GET /session/541e5fbff23d86bb83d3a1a7e5bf5bb4/alert/text HTTP/1.1
User-Agent: selenium/4.6.0 (java windows)
Cache-Control: no-cache
Content-Type: application/json; charset=utf-8
host: localhost:26374
accept: */*

Response DefaultHttpResponse(decodeResult: success, version: HTTP/1.1)
HTTP/1.1 200 OK
Content-Type: application/json; charset=utf-8
cache-control: no-cache
content-length: 26

12:03:59.775 [AsyncHttpClient-1-2] DEBUG org.asynchttpclient.netty.channel.ChannelManager - Adding key: http://localhost:26374 for channel [id: 0x5e9e9eb4, L:/127.0.0.1:64175 - R:localhost/127.0.0.1:26374]
12:03:59.777 [Forwarding acceptAlert on session 541e5fbff23d86bb83d3a1a7e5bf5bb4 to remote] DEBUG org.asynchttpclient.netty.request.NettyRequestSender - Using pooled Channel '[id: 0x5e9e9eb4, L:/127.0.0.1:64175 - R:localhost/127.0.0.1:26374]' for 'POST' to 'http://localhost:26374/session/541e5fbff23d86bb83d3a1a7e5bf5bb4/alert/accept'
12:03:59.777 [Forwarding acceptAlert on session 541e5fbff23d86bb83d3a1a7e5bf5bb4 to remote] DEBUG org.asynchttpclient.netty.request.NettyRequestSender - Using open Channel [id: 0x5e9e9eb4, L:/127.0.0.1:64175 - R:localhost/127.0.0.1:26374] for POST '/session/541e5fbff23d86bb83d3a1a7e5bf5bb4/alert/accept'
12:03:59.779 [AsyncHttpClient-1-2] DEBUG org.asynchttpclient.netty.handler.HttpHandler - 

Request DefaultHttpRequest(decodeResult: success, version: HTTP/1.1)
POST /session/541e5fbff23d86bb83d3a1a7e5bf5bb4/alert/accept HTTP/1.1
User-Agent: selenium/4.6.0 (java windows)
Content-Length: 3
Content-Type: application/json; charset=utf-8
host: localhost:26374
accept: */*

Response DefaultHttpResponse(decodeResult: success, version: HTTP/1.1)
HTTP/1.1 200 OK
Content-Type: application/json; charset=utf-8
cache-control: no-cache
content-length: 14

12:03:59.779 [AsyncHttpClient-1-2] DEBUG org.asynchttpclient.netty.channel.ChannelManager - Adding key: http://localhost:26374 for channel [id: 0x5e9e9eb4, L:/127.0.0.1:64175 - R:localhost/127.0.0.1:26374]
12:03:59.824 [Test worker] DEBUG net.serenitybdd.screenplay.targets.IFrameSwitcher - default content already selected for Home
12:03:59.841 [Forwarding findElements on session 541e5fbff23d86bb83d3a1a7e5bf5bb4 to remote] DEBUG org.asynchttpclient.netty.request.NettyRequestSender - Using pooled Channel '[id: 0x5e9e9eb4, L:/127.0.0.1:64175 - R:localhost/127.0.0.1:26374]' for 'POST' to 'http://localhost:26374/session/541e5fbff23d86bb83d3a1a7e5bf5bb4/elements'
12:03:59.841 [Forwarding findElements on session 541e5fbff23d86bb83d3a1a7e5bf5bb4 to remote] DEBUG org.asynchttpclient.netty.request.NettyRequestSender - Using open Channel [id: 0x5e9e9eb4, L:/127.0.0.1:64175 - R:localhost/127.0.0.1:26374] for POST '/session/541e5fbff23d86bb83d3a1a7e5bf5bb4/elements'
12:03:59.865 [AsyncHttpClient-1-2] DEBUG org.asynchttpclient.netty.handler.HttpHandler - 

Request DefaultHttpRequest(decodeResult: success, version: HTTP/1.1)
POST /session/541e5fbff23d86bb83d3a1a7e5bf5bb4/elements HTTP/1.1
User-Agent: selenium/4.6.0 (java windows)
Content-Length: 66
Content-Type: application/json; charset=utf-8
host: localhost:26374
accept: */*

Response DefaultHttpResponse(decodeResult: success, version: HTTP/1.1)
HTTP/1.1 200 OK
Content-Type: application/json; charset=utf-8
cache-control: no-cache
content-length: 98

12:03:59.865 [AsyncHttpClient-1-2] DEBUG org.asynchttpclient.netty.channel.ChannelManager - Adding key: http://localhost:26374 for channel [id: 0x5e9e9eb4, L:/127.0.0.1:64175 - R:localhost/127.0.0.1:26374]
12:03:59.897 [Forwarding isElementDisplayed on session 541e5fbff23d86bb83d3a1a7e5bf5bb4 to remote] DEBUG org.asynchttpclient.netty.request.NettyRequestSender - Using pooled Channel '[id: 0x5e9e9eb4, L:/127.0.0.1:64175 - R:localhost/127.0.0.1:26374]' for 'POST' to 'http://localhost:26374/session/541e5fbff23d86bb83d3a1a7e5bf5bb4/execute/sync'
12:03:59.897 [Forwarding isElementDisplayed on session 541e5fbff23d86bb83d3a1a7e5bf5bb4 to remote] DEBUG org.asynchttpclient.netty.request.NettyRequestSender - Using open Channel [id: 0x5e9e9eb4, L:/127.0.0.1:64175 - R:localhost/127.0.0.1:26374] for POST '/session/541e5fbff23d86bb83d3a1a7e5bf5bb4/execute/sync'
12:03:59.914 [AsyncHttpClient-1-2] DEBUG org.asynchttpclient.netty.handler.HttpHandler - 

Request DefaultHttpRequest(decodeResult: success, version: HTTP/1.1)
POST /session/541e5fbff23d86bb83d3a1a7e5bf5bb4/execute/sync HTTP/1.1
User-Agent: selenium/4.6.0 (java windows)
Content-Length: 48788
Content-Type: application/json; charset=utf-8
host: localhost:26374
accept: */*

Response DefaultHttpResponse(decodeResult: success, version: HTTP/1.1)
HTTP/1.1 200 OK
Content-Type: application/json; charset=utf-8
cache-control: no-cache
content-length: 14

12:03:59.915 [AsyncHttpClient-1-2] DEBUG org.asynchttpclient.netty.channel.ChannelManager - Adding key: http://localhost:26374 for channel [id: 0x5e9e9eb4, L:/127.0.0.1:64175 - R:localhost/127.0.0.1:26374]
12:03:59.920 [Forwarding isElementDisplayed on session 541e5fbff23d86bb83d3a1a7e5bf5bb4 to remote] DEBUG org.asynchttpclient.netty.request.NettyRequestSender - Using pooled Channel '[id: 0x5e9e9eb4, L:/127.0.0.1:64175 - R:localhost/127.0.0.1:26374]' for 'POST' to 'http://localhost:26374/session/541e5fbff23d86bb83d3a1a7e5bf5bb4/execute/sync'
12:03:59.920 [Forwarding isElementDisplayed on session 541e5fbff23d86bb83d3a1a7e5bf5bb4 to remote] DEBUG org.asynchttpclient.netty.request.NettyRequestSender - Using open Channel [id: 0x5e9e9eb4, L:/127.0.0.1:64175 - R:localhost/127.0.0.1:26374] for POST '/session/541e5fbff23d86bb83d3a1a7e5bf5bb4/execute/sync'
12:03:59.940 [AsyncHttpClient-1-2] DEBUG org.asynchttpclient.netty.handler.HttpHandler - 

Request DefaultHttpRequest(decodeResult: success, version: HTTP/1.1)
POST /session/541e5fbff23d86bb83d3a1a7e5bf5bb4/execute/sync HTTP/1.1
User-Agent: selenium/4.6.0 (java windows)
Content-Length: 48788
Content-Type: application/json; charset=utf-8
host: localhost:26374
accept: */*

Response DefaultHttpResponse(decodeResult: success, version: HTTP/1.1)
HTTP/1.1 200 OK
Content-Type: application/json; charset=utf-8
cache-control: no-cache
content-length: 14

12:03:59.940 [AsyncHttpClient-1-2] DEBUG org.asynchttpclient.netty.channel.ChannelManager - Adding key: http://localhost:26374 for channel [id: 0x5e9e9eb4, L:/127.0.0.1:64175 - R:localhost/127.0.0.1:26374]
12:04:00.028 [Forwarding getCurrentWindowHandle on session 541e5fbff23d86bb83d3a1a7e5bf5bb4 to remote] DEBUG org.asynchttpclient.netty.request.NettyRequestSender - Using pooled Channel '[id: 0x5e9e9eb4, L:/127.0.0.1:64175 - R:localhost/127.0.0.1:26374]' for 'GET' to 'http://localhost:26374/session/541e5fbff23d86bb83d3a1a7e5bf5bb4/window'
12:04:00.028 [Forwarding getCurrentWindowHandle on session 541e5fbff23d86bb83d3a1a7e5bf5bb4 to remote] DEBUG org.asynchttpclient.netty.request.NettyRequestSender - Using open Channel [id: 0x5e9e9eb4, L:/127.0.0.1:64175 - R:localhost/127.0.0.1:26374] for GET '/session/541e5fbff23d86bb83d3a1a7e5bf5bb4/window'
12:04:00.029 [AsyncHttpClient-1-2] DEBUG org.asynchttpclient.netty.handler.HttpHandler - 

Request DefaultFullHttpRequest(decodeResult: success, version: HTTP/1.1, content: EmptyByteBufBE)
GET /session/541e5fbff23d86bb83d3a1a7e5bf5bb4/window HTTP/1.1
User-Agent: selenium/4.6.0 (java windows)
Cache-Control: no-cache
Content-Type: application/json; charset=utf-8
host: localhost:26374
accept: */*

Response DefaultHttpResponse(decodeResult: success, version: HTTP/1.1)
HTTP/1.1 200 OK
Content-Type: application/json; charset=utf-8
cache-control: no-cache
content-length: 44

12:04:00.029 [AsyncHttpClient-1-2] DEBUG org.asynchttpclient.netty.channel.ChannelManager - Adding key: http://localhost:26374 for channel [id: 0x5e9e9eb4, L:/127.0.0.1:64175 - R:localhost/127.0.0.1:26374]
12:04:00.051 [Forwarding getAlertText on session 541e5fbff23d86bb83d3a1a7e5bf5bb4 to remote] DEBUG org.asynchttpclient.netty.request.NettyRequestSender - Using pooled Channel '[id: 0x5e9e9eb4, L:/127.0.0.1:64175 - R:localhost/127.0.0.1:26374]' for 'GET' to 'http://localhost:26374/session/541e5fbff23d86bb83d3a1a7e5bf5bb4/alert/text'
12:04:00.051 [Forwarding getAlertText on session 541e5fbff23d86bb83d3a1a7e5bf5bb4 to remote] DEBUG org.asynchttpclient.netty.request.NettyRequestSender - Using open Channel [id: 0x5e9e9eb4, L:/127.0.0.1:64175 - R:localhost/127.0.0.1:26374] for GET '/session/541e5fbff23d86bb83d3a1a7e5bf5bb4/alert/text'
12:04:00.054 [AsyncHttpClient-1-2] DEBUG org.asynchttpclient.netty.handler.HttpHandler - 

Request DefaultFullHttpRequest(decodeResult: success, version: HTTP/1.1, content: EmptyByteBufBE)
GET /session/541e5fbff23d86bb83d3a1a7e5bf5bb4/alert/text HTTP/1.1
User-Agent: selenium/4.6.0 (java windows)
Cache-Control: no-cache
Content-Type: application/json; charset=utf-8
host: localhost:26374
accept: */*

Response DefaultHttpResponse(decodeResult: success, version: HTTP/1.1)
HTTP/1.1 404 Not Found
Content-Type: application/json; charset=utf-8
cache-control: no-cache
content-length: 848

12:04:00.054 [AsyncHttpClient-1-2] DEBUG org.asynchttpclient.netty.channel.ChannelManager - Adding key: http://localhost:26374 for channel [id: 0x5e9e9eb4, L:/127.0.0.1:64175 - R:localhost/127.0.0.1:26374]
12:04:00.072 [Forwarding switchToWindow on session 541e5fbff23d86bb83d3a1a7e5bf5bb4 to remote] DEBUG org.asynchttpclient.netty.request.NettyRequestSender - Using pooled Channel '[id: 0x5e9e9eb4, L:/127.0.0.1:64175 - R:localhost/127.0.0.1:26374]' for 'POST' to 'http://localhost:26374/session/541e5fbff23d86bb83d3a1a7e5bf5bb4/window'
12:04:00.072 [Forwarding switchToWindow on session 541e5fbff23d86bb83d3a1a7e5bf5bb4 to remote] DEBUG org.asynchttpclient.netty.request.NettyRequestSender - Using open Channel [id: 0x5e9e9eb4, L:/127.0.0.1:64175 - R:localhost/127.0.0.1:26374] for POST '/session/541e5fbff23d86bb83d3a1a7e5bf5bb4/window'
12:04:00.074 [AsyncHttpClient-1-2] DEBUG org.asynchttpclient.netty.handler.HttpHandler - 

Request DefaultHttpRequest(decodeResult: success, version: HTTP/1.1)
POST /session/541e5fbff23d86bb83d3a1a7e5bf5bb4/window HTTP/1.1
User-Agent: selenium/4.6.0 (java windows)
Content-Length: 50
Content-Type: application/json; charset=utf-8
host: localhost:26374
accept: */*

Response DefaultHttpResponse(decodeResult: success, version: HTTP/1.1)
HTTP/1.1 200 OK
Content-Type: application/json; charset=utf-8
cache-control: no-cache
content-length: 14

12:04:00.074 [AsyncHttpClient-1-2] DEBUG org.asynchttpclient.netty.channel.ChannelManager - Adding key: http://localhost:26374 for channel [id: 0x5e9e9eb4, L:/127.0.0.1:64175 - R:localhost/127.0.0.1:26374]
12:04:00.076 [Forwarding getCurrentUrl on session 541e5fbff23d86bb83d3a1a7e5bf5bb4 to remote] DEBUG org.asynchttpclient.netty.request.NettyRequestSender - Using pooled Channel '[id: 0x5e9e9eb4, L:/127.0.0.1:64175 - R:localhost/127.0.0.1:26374]' for 'GET' to 'http://localhost:26374/session/541e5fbff23d86bb83d3a1a7e5bf5bb4/url'
12:04:00.076 [Forwarding getCurrentUrl on session 541e5fbff23d86bb83d3a1a7e5bf5bb4 to remote] DEBUG org.asynchttpclient.netty.request.NettyRequestSender - Using open Channel [id: 0x5e9e9eb4, L:/127.0.0.1:64175 - R:localhost/127.0.0.1:26374] for GET '/session/541e5fbff23d86bb83d3a1a7e5bf5bb4/url'
12:04:00.083 [AsyncHttpClient-1-2] DEBUG org.asynchttpclient.netty.handler.HttpHandler - 

Request DefaultFullHttpRequest(decodeResult: success, version: HTTP/1.1, content: EmptyByteBufBE)
GET /session/541e5fbff23d86bb83d3a1a7e5bf5bb4/url HTTP/1.1
User-Agent: selenium/4.6.0 (java windows)
Cache-Control: no-cache
Content-Type: application/json; charset=utf-8
host: localhost:26374
accept: */*

Response DefaultHttpResponse(decodeResult: success, version: HTTP/1.1)
HTTP/1.1 200 OK
Content-Type: application/json; charset=utf-8
cache-control: no-cache
content-length: 55

12:04:00.084 [AsyncHttpClient-1-2] DEBUG org.asynchttpclient.netty.channel.ChannelManager - Adding key: http://localhost:26374 for channel [id: 0x5e9e9eb4, L:/127.0.0.1:64175 - R:localhost/127.0.0.1:26374]
12:04:00.087 [Forwarding screenshot on session 541e5fbff23d86bb83d3a1a7e5bf5bb4 to remote] DEBUG org.asynchttpclient.netty.request.NettyRequestSender - Using pooled Channel '[id: 0x5e9e9eb4, L:/127.0.0.1:64175 - R:localhost/127.0.0.1:26374]' for 'GET' to 'http://localhost:26374/session/541e5fbff23d86bb83d3a1a7e5bf5bb4/screenshot'
12:04:00.087 [Forwarding screenshot on session 541e5fbff23d86bb83d3a1a7e5bf5bb4 to remote] DEBUG org.asynchttpclient.netty.request.NettyRequestSender - Using open Channel [id: 0x5e9e9eb4, L:/127.0.0.1:64175 - R:localhost/127.0.0.1:26374] for GET '/session/541e5fbff23d86bb83d3a1a7e5bf5bb4/screenshot'
12:04:00.281 [AsyncHttpClient-1-2] DEBUG org.asynchttpclient.netty.handler.HttpHandler - 

Request DefaultFullHttpRequest(decodeResult: success, version: HTTP/1.1, content: EmptyByteBufBE)
GET /session/541e5fbff23d86bb83d3a1a7e5bf5bb4/screenshot HTTP/1.1
User-Agent: selenium/4.6.0 (java windows)
Cache-Control: no-cache
Content-Type: application/json; charset=utf-8
host: localhost:26374
accept: */*

Response DefaultHttpResponse(decodeResult: success, version: HTTP/1.1)
HTTP/1.1 200 OK
Content-Type: application/json; charset=utf-8
cache-control: no-cache
content-length: 416840

12:04:00.283 [AsyncHttpClient-1-2] DEBUG org.asynchttpclient.netty.channel.ChannelManager - Adding key: http://localhost:26374 for channel [id: 0x5e9e9eb4, L:/127.0.0.1:64175 - R:localhost/127.0.0.1:26374]
12:04:00.294 [Test worker] DEBUG net.serenitybdd.core.photography.Darkroom - Send negative for processing for C:\Users\Usuario\Documents\retoAutomatizacion\e2e\RetoDemoBlaze\target\site\serenity\83054ec6cd6ef9701446e215c283ac6c87c43a867c3215041f38ebcc4fbe4e1f.png
12:04:00.294 [Darkroom Processing Line] DEBUG net.serenitybdd.core.photography.DarkroomProcessingLine - Processing screenshot image in /var/screenshots/screenshot-15109984894779536643
12:04:00.294 [Darkroom Processing Line] DEBUG net.serenitybdd.core.photography.DarkroomProcessingLine - Saving screenshot to C:\Users\Usuario\Documents\retoAutomatizacion\e2e\RetoDemoBlaze\target\site\serenity\83054ec6cd6ef9701446e215c283ac6c87c43a867c3215041f38ebcc4fbe4e1f.png
12:04:00.304 [Forwarding getPageSource on session 541e5fbff23d86bb83d3a1a7e5bf5bb4 to remote] DEBUG org.asynchttpclient.netty.request.NettyRequestSender - Using pooled Channel '[id: 0x5e9e9eb4, L:/127.0.0.1:64175 - R:localhost/127.0.0.1:26374]' for 'POST' to 'http://localhost:26374/session/541e5fbff23d86bb83d3a1a7e5bf5bb4/execute/sync'
12:04:00.304 [Forwarding getPageSource on session 541e5fbff23d86bb83d3a1a7e5bf5bb4 to remote] DEBUG org.asynchttpclient.netty.request.NettyRequestSender - Using open Channel [id: 0x5e9e9eb4, L:/127.0.0.1:64175 - R:localhost/127.0.0.1:26374] for POST '/session/541e5fbff23d86bb83d3a1a7e5bf5bb4/execute/sync'
12:04:00.315 [AsyncHttpClient-1-2] DEBUG org.asynchttpclient.netty.handler.HttpHandler - 

Request DefaultHttpRequest(decodeResult: success, version: HTTP/1.1)
POST /session/541e5fbff23d86bb83d3a1a7e5bf5bb4/execute/sync HTTP/1.1
User-Agent: selenium/4.6.0 (java windows)
Content-Length: 176
Content-Type: application/json; charset=utf-8
host: localhost:26374
accept: */*

Response DefaultHttpResponse(decodeResult: success, version: HTTP/1.1)
HTTP/1.1 200 OK
Content-Type: application/json; charset=utf-8
cache-control: no-cache
content-length: 54827

12:04:00.316 [AsyncHttpClient-1-2] DEBUG org.asynchttpclient.netty.channel.ChannelManager - Adding key: http://localhost:26374 for channel [id: 0x5e9e9eb4, L:/127.0.0.1:64175 - R:localhost/127.0.0.1:26374]
12:04:00.324 [Forwarding getCurrentUrl on session 541e5fbff23d86bb83d3a1a7e5bf5bb4 to remote] DEBUG org.asynchttpclient.netty.request.NettyRequestSender - Using pooled Channel '[id: 0x5e9e9eb4, L:/127.0.0.1:64175 - R:localhost/127.0.0.1:26374]' for 'GET' to 'http://localhost:26374/session/541e5fbff23d86bb83d3a1a7e5bf5bb4/url'
12:04:00.324 [Forwarding getCurrentUrl on session 541e5fbff23d86bb83d3a1a7e5bf5bb4 to remote] DEBUG org.asynchttpclient.netty.request.NettyRequestSender - Using open Channel [id: 0x5e9e9eb4, L:/127.0.0.1:64175 - R:localhost/127.0.0.1:26374] for GET '/session/541e5fbff23d86bb83d3a1a7e5bf5bb4/url'
12:04:00.331 [AsyncHttpClient-1-2] DEBUG org.asynchttpclient.netty.handler.HttpHandler - 

Request DefaultFullHttpRequest(decodeResult: success, version: HTTP/1.1, content: EmptyByteBufBE)
GET /session/541e5fbff23d86bb83d3a1a7e5bf5bb4/url HTTP/1.1
User-Agent: selenium/4.6.0 (java windows)
Cache-Control: no-cache
Content-Type: application/json; charset=utf-8
host: localhost:26374
accept: */*

Response DefaultHttpResponse(decodeResult: success, version: HTTP/1.1)
HTTP/1.1 200 OK
Content-Type: application/json; charset=utf-8
cache-control: no-cache
content-length: 55

12:04:00.331 [AsyncHttpClient-1-2] DEBUG org.asynchttpclient.netty.channel.ChannelManager - Adding key: http://localhost:26374 for channel [id: 0x5e9e9eb4, L:/127.0.0.1:64175 - R:localhost/127.0.0.1:26374]
12:04:00.334 [Test worker] DEBUG net.thucydides.core.steps.StepInterceptor - STARTING STEP: PickItem.performAs - {0} clicks on #target
12:04:00.335 [Test worker] DEBUG net.serenitybdd.screenplay.targets.IFrameSwitcher - default content already selected for Home
12:04:00.449 [Forwarding findElement on session 541e5fbff23d86bb83d3a1a7e5bf5bb4 to remote] DEBUG org.asynchttpclient.netty.request.NettyRequestSender - Using pooled Channel '[id: 0x5e9e9eb4, L:/127.0.0.1:64175 - R:localhost/127.0.0.1:26374]' for 'POST' to 'http://localhost:26374/session/541e5fbff23d86bb83d3a1a7e5bf5bb4/element'
12:04:00.450 [Forwarding findElement on session 541e5fbff23d86bb83d3a1a7e5bf5bb4 to remote] DEBUG org.asynchttpclient.netty.request.NettyRequestSender - Using open Channel [id: 0x5e9e9eb4, L:/127.0.0.1:64175 - R:localhost/127.0.0.1:26374] for POST '/session/541e5fbff23d86bb83d3a1a7e5bf5bb4/element'
12:04:00.464 [AsyncHttpClient-1-2] DEBUG org.asynchttpclient.netty.handler.HttpHandler - 

Request DefaultHttpRequest(decodeResult: success, version: HTTP/1.1)
POST /session/541e5fbff23d86bb83d3a1a7e5bf5bb4/element HTTP/1.1
User-Agent: selenium/4.6.0 (java windows)
Content-Length: 66
Content-Type: application/json; charset=utf-8
host: localhost:26374
accept: */*

Response DefaultHttpResponse(decodeResult: success, version: HTTP/1.1)
HTTP/1.1 200 OK
Content-Type: application/json; charset=utf-8
cache-control: no-cache
content-length: 96

12:04:00.464 [AsyncHttpClient-1-2] DEBUG org.asynchttpclient.netty.channel.ChannelManager - Adding key: http://localhost:26374 for channel [id: 0x5e9e9eb4, L:/127.0.0.1:64175 - R:localhost/127.0.0.1:26374]
12:04:00.490 [Forwarding isElementDisplayed on session 541e5fbff23d86bb83d3a1a7e5bf5bb4 to remote] DEBUG org.asynchttpclient.netty.request.NettyRequestSender - Using pooled Channel '[id: 0x5e9e9eb4, L:/127.0.0.1:64175 - R:localhost/127.0.0.1:26374]' for 'POST' to 'http://localhost:26374/session/541e5fbff23d86bb83d3a1a7e5bf5bb4/execute/sync'
12:04:00.490 [Forwarding isElementDisplayed on session 541e5fbff23d86bb83d3a1a7e5bf5bb4 to remote] DEBUG org.asynchttpclient.netty.request.NettyRequestSender - Using open Channel [id: 0x5e9e9eb4, L:/127.0.0.1:64175 - R:localhost/127.0.0.1:26374] for POST '/session/541e5fbff23d86bb83d3a1a7e5bf5bb4/execute/sync'
12:04:00.502 [AsyncHttpClient-1-2] DEBUG org.asynchttpclient.netty.handler.HttpHandler - 

Request DefaultHttpRequest(decodeResult: success, version: HTTP/1.1)
POST /session/541e5fbff23d86bb83d3a1a7e5bf5bb4/execute/sync HTTP/1.1
User-Agent: selenium/4.6.0 (java windows)
Content-Length: 48788
Content-Type: application/json; charset=utf-8
host: localhost:26374
accept: */*

Response DefaultHttpResponse(decodeResult: success, version: HTTP/1.1)
HTTP/1.1 200 OK
Content-Type: application/json; charset=utf-8
cache-control: no-cache
content-length: 14

12:04:00.502 [AsyncHttpClient-1-2] DEBUG org.asynchttpclient.netty.channel.ChannelManager - Adding key: http://localhost:26374 for channel [id: 0x5e9e9eb4, L:/127.0.0.1:64175 - R:localhost/127.0.0.1:26374]
12:04:00.536 [Forwarding findElement on session 541e5fbff23d86bb83d3a1a7e5bf5bb4 to remote] DEBUG org.asynchttpclient.netty.request.NettyRequestSender - Using pooled Channel '[id: 0x5e9e9eb4, L:/127.0.0.1:64175 - R:localhost/127.0.0.1:26374]' for 'POST' to 'http://localhost:26374/session/541e5fbff23d86bb83d3a1a7e5bf5bb4/element'
12:04:00.537 [Forwarding findElement on session 541e5fbff23d86bb83d3a1a7e5bf5bb4 to remote] DEBUG org.asynchttpclient.netty.request.NettyRequestSender - Using open Channel [id: 0x5e9e9eb4, L:/127.0.0.1:64175 - R:localhost/127.0.0.1:26374] for POST '/session/541e5fbff23d86bb83d3a1a7e5bf5bb4/element'
12:04:00.547 [AsyncHttpClient-1-2] DEBUG org.asynchttpclient.netty.handler.HttpHandler - 

Request DefaultHttpRequest(decodeResult: success, version: HTTP/1.1)
POST /session/541e5fbff23d86bb83d3a1a7e5bf5bb4/element HTTP/1.1
User-Agent: selenium/4.6.0 (java windows)
Content-Length: 66
Content-Type: application/json; charset=utf-8
host: localhost:26374
accept: */*

Response DefaultHttpResponse(decodeResult: success, version: HTTP/1.1)
HTTP/1.1 200 OK
Content-Type: application/json; charset=utf-8
cache-control: no-cache
content-length: 96

12:04:00.547 [AsyncHttpClient-1-2] DEBUG org.asynchttpclient.netty.channel.ChannelManager - Adding key: http://localhost:26374 for channel [id: 0x5e9e9eb4, L:/127.0.0.1:64175 - R:localhost/127.0.0.1:26374]
12:04:00.548 [Forwarding clickElement on session 541e5fbff23d86bb83d3a1a7e5bf5bb4 to remote] DEBUG org.asynchttpclient.netty.request.NettyRequestSender - Using pooled Channel '[id: 0x5e9e9eb4, L:/127.0.0.1:64175 - R:localhost/127.0.0.1:26374]' for 'POST' to 'http://localhost:26374/session/541e5fbff23d86bb83d3a1a7e5bf5bb4/element/4F45B104442E40DA46B8CE67F90A2907_element_180/click'
12:04:00.549 [Forwarding clickElement on session 541e5fbff23d86bb83d3a1a7e5bf5bb4 to remote] DEBUG org.asynchttpclient.netty.request.NettyRequestSender - Using open Channel [id: 0x5e9e9eb4, L:/127.0.0.1:64175 - R:localhost/127.0.0.1:26374] for POST '/session/541e5fbff23d86bb83d3a1a7e5bf5bb4/element/4F45B104442E40DA46B8CE67F90A2907_element_180/click'
12:04:00.869 [AsyncHttpClient-1-1] DEBUG org.asynchttpclient.netty.channel.DefaultChannelPool - Entry count for : http://localhost:64176 : 1
12:04:01.603 [AsyncHttpClient-1-2] DEBUG org.asynchttpclient.netty.handler.HttpHandler - 

Request DefaultHttpRequest(decodeResult: success, version: HTTP/1.1)
POST /session/541e5fbff23d86bb83d3a1a7e5bf5bb4/element/4F45B104442E40DA46B8CE67F90A2907_element_180/click HTTP/1.1
User-Agent: selenium/4.6.0 (java windows)
Content-Length: 58
Content-Type: application/json; charset=utf-8
host: localhost:26374
accept: */*

Response DefaultHttpResponse(decodeResult: success, version: HTTP/1.1)
HTTP/1.1 200 OK
Content-Type: application/json; charset=utf-8
cache-control: no-cache
content-length: 14

12:04:01.603 [AsyncHttpClient-1-2] DEBUG org.asynchttpclient.netty.channel.ChannelManager - Adding key: http://localhost:26374 for channel [id: 0x5e9e9eb4, L:/127.0.0.1:64175 - R:localhost/127.0.0.1:26374]
12:04:01.648 [Forwarding getCurrentWindowHandle on session 541e5fbff23d86bb83d3a1a7e5bf5bb4 to remote] DEBUG org.asynchttpclient.netty.request.NettyRequestSender - Using pooled Channel '[id: 0x5e9e9eb4, L:/127.0.0.1:64175 - R:localhost/127.0.0.1:26374]' for 'GET' to 'http://localhost:26374/session/541e5fbff23d86bb83d3a1a7e5bf5bb4/window'
12:04:01.648 [Forwarding getCurrentWindowHandle on session 541e5fbff23d86bb83d3a1a7e5bf5bb4 to remote] DEBUG org.asynchttpclient.netty.request.NettyRequestSender - Using open Channel [id: 0x5e9e9eb4, L:/127.0.0.1:64175 - R:localhost/127.0.0.1:26374] for GET '/session/541e5fbff23d86bb83d3a1a7e5bf5bb4/window'
12:04:01.649 [AsyncHttpClient-1-2] DEBUG org.asynchttpclient.netty.handler.HttpHandler - 

Request DefaultFullHttpRequest(decodeResult: success, version: HTTP/1.1, content: EmptyByteBufBE)
GET /session/541e5fbff23d86bb83d3a1a7e5bf5bb4/window HTTP/1.1
User-Agent: selenium/4.6.0 (java windows)
Cache-Control: no-cache
Content-Type: application/json; charset=utf-8
host: localhost:26374
accept: */*

Response DefaultHttpResponse(decodeResult: success, version: HTTP/1.1)
HTTP/1.1 200 OK
Content-Type: application/json; charset=utf-8
cache-control: no-cache
content-length: 44

12:04:01.649 [AsyncHttpClient-1-2] DEBUG org.asynchttpclient.netty.channel.ChannelManager - Adding key: http://localhost:26374 for channel [id: 0x5e9e9eb4, L:/127.0.0.1:64175 - R:localhost/127.0.0.1:26374]
12:04:01.664 [Forwarding getAlertText on session 541e5fbff23d86bb83d3a1a7e5bf5bb4 to remote] DEBUG org.asynchttpclient.netty.request.NettyRequestSender - Using pooled Channel '[id: 0x5e9e9eb4, L:/127.0.0.1:64175 - R:localhost/127.0.0.1:26374]' for 'GET' to 'http://localhost:26374/session/541e5fbff23d86bb83d3a1a7e5bf5bb4/alert/text'
12:04:01.664 [Forwarding getAlertText on session 541e5fbff23d86bb83d3a1a7e5bf5bb4 to remote] DEBUG org.asynchttpclient.netty.request.NettyRequestSender - Using open Channel [id: 0x5e9e9eb4, L:/127.0.0.1:64175 - R:localhost/127.0.0.1:26374] for GET '/session/541e5fbff23d86bb83d3a1a7e5bf5bb4/alert/text'
12:04:01.666 [AsyncHttpClient-1-2] DEBUG org.asynchttpclient.netty.handler.HttpHandler - 

Request DefaultFullHttpRequest(decodeResult: success, version: HTTP/1.1, content: EmptyByteBufBE)
GET /session/541e5fbff23d86bb83d3a1a7e5bf5bb4/alert/text HTTP/1.1
User-Agent: selenium/4.6.0 (java windows)
Cache-Control: no-cache
Content-Type: application/json; charset=utf-8
host: localhost:26374
accept: */*

Response DefaultHttpResponse(decodeResult: success, version: HTTP/1.1)
HTTP/1.1 404 Not Found
Content-Type: application/json; charset=utf-8
cache-control: no-cache
content-length: 848

12:04:01.666 [AsyncHttpClient-1-2] DEBUG org.asynchttpclient.netty.channel.ChannelManager - Adding key: http://localhost:26374 for channel [id: 0x5e9e9eb4, L:/127.0.0.1:64175 - R:localhost/127.0.0.1:26374]
12:04:01.692 [Forwarding switchToWindow on session 541e5fbff23d86bb83d3a1a7e5bf5bb4 to remote] DEBUG org.asynchttpclient.netty.request.NettyRequestSender - Using pooled Channel '[id: 0x5e9e9eb4, L:/127.0.0.1:64175 - R:localhost/127.0.0.1:26374]' for 'POST' to 'http://localhost:26374/session/541e5fbff23d86bb83d3a1a7e5bf5bb4/window'
12:04:01.692 [Forwarding switchToWindow on session 541e5fbff23d86bb83d3a1a7e5bf5bb4 to remote] DEBUG org.asynchttpclient.netty.request.NettyRequestSender - Using open Channel [id: 0x5e9e9eb4, L:/127.0.0.1:64175 - R:localhost/127.0.0.1:26374] for POST '/session/541e5fbff23d86bb83d3a1a7e5bf5bb4/window'
12:04:01.695 [AsyncHttpClient-1-2] DEBUG org.asynchttpclient.netty.handler.HttpHandler - 

Request DefaultHttpRequest(decodeResult: success, version: HTTP/1.1)
POST /session/541e5fbff23d86bb83d3a1a7e5bf5bb4/window HTTP/1.1
User-Agent: selenium/4.6.0 (java windows)
Content-Length: 50
Content-Type: application/json; charset=utf-8
host: localhost:26374
accept: */*

Response DefaultHttpResponse(decodeResult: success, version: HTTP/1.1)
HTTP/1.1 200 OK
Content-Type: application/json; charset=utf-8
cache-control: no-cache
content-length: 14

12:04:01.695 [AsyncHttpClient-1-2] DEBUG org.asynchttpclient.netty.channel.ChannelManager - Adding key: http://localhost:26374 for channel [id: 0x5e9e9eb4, L:/127.0.0.1:64175 - R:localhost/127.0.0.1:26374]
12:04:01.695 [Forwarding getCurrentUrl on session 541e5fbff23d86bb83d3a1a7e5bf5bb4 to remote] DEBUG org.asynchttpclient.netty.request.NettyRequestSender - Using pooled Channel '[id: 0x5e9e9eb4, L:/127.0.0.1:64175 - R:localhost/127.0.0.1:26374]' for 'GET' to 'http://localhost:26374/session/541e5fbff23d86bb83d3a1a7e5bf5bb4/url'
12:04:01.696 [Forwarding getCurrentUrl on session 541e5fbff23d86bb83d3a1a7e5bf5bb4 to remote] DEBUG org.asynchttpclient.netty.request.NettyRequestSender - Using open Channel [id: 0x5e9e9eb4, L:/127.0.0.1:64175 - R:localhost/127.0.0.1:26374] for GET '/session/541e5fbff23d86bb83d3a1a7e5bf5bb4/url'
12:04:01.703 [AsyncHttpClient-1-2] DEBUG org.asynchttpclient.netty.handler.HttpHandler - 

Request DefaultFullHttpRequest(decodeResult: success, version: HTTP/1.1, content: EmptyByteBufBE)
GET /session/541e5fbff23d86bb83d3a1a7e5bf5bb4/url HTTP/1.1
User-Agent: selenium/4.6.0 (java windows)
Cache-Control: no-cache
Content-Type: application/json; charset=utf-8
host: localhost:26374
accept: */*

Response DefaultHttpResponse(decodeResult: success, version: HTTP/1.1)
HTTP/1.1 200 OK
Content-Type: application/json; charset=utf-8
cache-control: no-cache
content-length: 48

12:04:01.704 [AsyncHttpClient-1-2] DEBUG org.asynchttpclient.netty.channel.ChannelManager - Adding key: http://localhost:26374 for channel [id: 0x5e9e9eb4, L:/127.0.0.1:64175 - R:localhost/127.0.0.1:26374]
12:04:01.704 [Forwarding screenshot on session 541e5fbff23d86bb83d3a1a7e5bf5bb4 to remote] DEBUG org.asynchttpclient.netty.request.NettyRequestSender - Using pooled Channel '[id: 0x5e9e9eb4, L:/127.0.0.1:64175 - R:localhost/127.0.0.1:26374]' for 'GET' to 'http://localhost:26374/session/541e5fbff23d86bb83d3a1a7e5bf5bb4/screenshot'
12:04:01.704 [Forwarding screenshot on session 541e5fbff23d86bb83d3a1a7e5bf5bb4 to remote] DEBUG org.asynchttpclient.netty.request.NettyRequestSender - Using open Channel [id: 0x5e9e9eb4, L:/127.0.0.1:64175 - R:localhost/127.0.0.1:26374] for GET '/session/541e5fbff23d86bb83d3a1a7e5bf5bb4/screenshot'
12:04:01.922 [AsyncHttpClient-1-2] DEBUG org.asynchttpclient.netty.handler.HttpHandler - 

Request DefaultFullHttpRequest(decodeResult: success, version: HTTP/1.1, content: EmptyByteBufBE)
GET /session/541e5fbff23d86bb83d3a1a7e5bf5bb4/screenshot HTTP/1.1
User-Agent: selenium/4.6.0 (java windows)
Cache-Control: no-cache
Content-Type: application/json; charset=utf-8
host: localhost:26374
accept: */*

Response DefaultHttpResponse(decodeResult: success, version: HTTP/1.1)
HTTP/1.1 200 OK
Content-Type: application/json; charset=utf-8
cache-control: no-cache
content-length: 495768

12:04:01.923 [AsyncHttpClient-1-2] DEBUG org.asynchttpclient.netty.channel.ChannelManager - Adding key: http://localhost:26374 for channel [id: 0x5e9e9eb4, L:/127.0.0.1:64175 - R:localhost/127.0.0.1:26374]
12:04:01.936 [Test worker] DEBUG net.serenitybdd.core.photography.Darkroom - Send negative for processing for C:\Users\Usuario\Documents\retoAutomatizacion\e2e\RetoDemoBlaze\target\site\serenity\0c29db4e0bdcfb5977b3cdb99f9ec0be4d9fe07a7f053bd7bfd52d9650c84696.png
12:04:01.936 [Darkroom Processing Line] DEBUG net.serenitybdd.core.photography.DarkroomProcessingLine - Processing screenshot image in /var/screenshots/screenshot-3557776789407867225
12:04:01.936 [Darkroom Processing Line] DEBUG net.serenitybdd.core.photography.DarkroomProcessingLine - Saving screenshot to C:\Users\Usuario\Documents\retoAutomatizacion\e2e\RetoDemoBlaze\target\site\serenity\0c29db4e0bdcfb5977b3cdb99f9ec0be4d9fe07a7f053bd7bfd52d9650c84696.png
12:04:01.936 [Test worker] DEBUG net.thucydides.core.steps.StepInterceptor - STEP DONE: {0} clicks on #target
12:04:01.972 [Test worker] DEBUG net.serenitybdd.screenplay.targets.IFrameSwitcher - default content already selected for CATEGORIES
12:04:01.974 [AsyncHttpClient-1-1] DEBUG org.asynchttpclient.netty.channel.DefaultChannelPool - Entry count for : http://localhost:64176 : 1
12:04:01.974 [AsyncHttpClient-1-1] DEBUG org.asynchttpclient.netty.channel.DefaultChannelPool - Entry count for : http://localhost:26374 : 1
12:04:01.979 [Forwarding findElements on session 541e5fbff23d86bb83d3a1a7e5bf5bb4 to remote] DEBUG org.asynchttpclient.netty.request.NettyRequestSender - Using pooled Channel '[id: 0x5e9e9eb4, L:/127.0.0.1:64175 - R:localhost/127.0.0.1:26374]' for 'POST' to 'http://localhost:26374/session/541e5fbff23d86bb83d3a1a7e5bf5bb4/elements'
12:04:01.979 [Forwarding findElements on session 541e5fbff23d86bb83d3a1a7e5bf5bb4 to remote] DEBUG org.asynchttpclient.netty.request.NettyRequestSender - Using open Channel [id: 0x5e9e9eb4, L:/127.0.0.1:64175 - R:localhost/127.0.0.1:26374] for POST '/session/541e5fbff23d86bb83d3a1a7e5bf5bb4/elements'
12:04:01.987 [AsyncHttpClient-1-2] DEBUG org.asynchttpclient.netty.handler.HttpHandler - 

Request DefaultHttpRequest(decodeResult: success, version: HTTP/1.1)
POST /session/541e5fbff23d86bb83d3a1a7e5bf5bb4/elements HTTP/1.1
User-Agent: selenium/4.6.0 (java windows)
Content-Length: 48
Content-Type: application/json; charset=utf-8
host: localhost:26374
accept: */*

Response DefaultHttpResponse(decodeResult: success, version: HTTP/1.1)
HTTP/1.1 200 OK
Content-Type: application/json; charset=utf-8
cache-control: no-cache
content-length: 98

12:04:01.987 [AsyncHttpClient-1-2] DEBUG org.asynchttpclient.netty.channel.ChannelManager - Adding key: http://localhost:26374 for channel [id: 0x5e9e9eb4, L:/127.0.0.1:64175 - R:localhost/127.0.0.1:26374]
12:04:02.010 [Forwarding isElementDisplayed on session 541e5fbff23d86bb83d3a1a7e5bf5bb4 to remote] DEBUG org.asynchttpclient.netty.request.NettyRequestSender - Using pooled Channel '[id: 0x5e9e9eb4, L:/127.0.0.1:64175 - R:localhost/127.0.0.1:26374]' for 'POST' to 'http://localhost:26374/session/541e5fbff23d86bb83d3a1a7e5bf5bb4/execute/sync'
12:04:02.010 [Forwarding isElementDisplayed on session 541e5fbff23d86bb83d3a1a7e5bf5bb4 to remote] DEBUG org.asynchttpclient.netty.request.NettyRequestSender - Using open Channel [id: 0x5e9e9eb4, L:/127.0.0.1:64175 - R:localhost/127.0.0.1:26374] for POST '/session/541e5fbff23d86bb83d3a1a7e5bf5bb4/execute/sync'
12:04:02.017 [AsyncHttpClient-1-2] DEBUG org.asynchttpclient.netty.handler.HttpHandler - 

Request DefaultHttpRequest(decodeResult: success, version: HTTP/1.1)
POST /session/541e5fbff23d86bb83d3a1a7e5bf5bb4/execute/sync HTTP/1.1
User-Agent: selenium/4.6.0 (java windows)
Content-Length: 48788
Content-Type: application/json; charset=utf-8
host: localhost:26374
accept: */*

Response DefaultHttpResponse(decodeResult: success, version: HTTP/1.1)
HTTP/1.1 200 OK
Content-Type: application/json; charset=utf-8
cache-control: no-cache
content-length: 14

12:04:02.018 [AsyncHttpClient-1-2] DEBUG org.asynchttpclient.netty.channel.ChannelManager - Adding key: http://localhost:26374 for channel [id: 0x5e9e9eb4, L:/127.0.0.1:64175 - R:localhost/127.0.0.1:26374]
12:04:02.020 [Forwarding isElementDisplayed on session 541e5fbff23d86bb83d3a1a7e5bf5bb4 to remote] DEBUG org.asynchttpclient.netty.request.NettyRequestSender - Using pooled Channel '[id: 0x5e9e9eb4, L:/127.0.0.1:64175 - R:localhost/127.0.0.1:26374]' for 'POST' to 'http://localhost:26374/session/541e5fbff23d86bb83d3a1a7e5bf5bb4/execute/sync'
12:04:02.020 [Forwarding isElementDisplayed on session 541e5fbff23d86bb83d3a1a7e5bf5bb4 to remote] DEBUG org.asynchttpclient.netty.request.NettyRequestSender - Using open Channel [id: 0x5e9e9eb4, L:/127.0.0.1:64175 - R:localhost/127.0.0.1:26374] for POST '/session/541e5fbff23d86bb83d3a1a7e5bf5bb4/execute/sync'
12:04:02.033 [AsyncHttpClient-1-2] DEBUG org.asynchttpclient.netty.handler.HttpHandler - 

Request DefaultHttpRequest(decodeResult: success, version: HTTP/1.1)
POST /session/541e5fbff23d86bb83d3a1a7e5bf5bb4/execute/sync HTTP/1.1
User-Agent: selenium/4.6.0 (java windows)
Content-Length: 48788
Content-Type: application/json; charset=utf-8
host: localhost:26374
accept: */*

Response DefaultHttpResponse(decodeResult: success, version: HTTP/1.1)
HTTP/1.1 200 OK
Content-Type: application/json; charset=utf-8
cache-control: no-cache
content-length: 14

12:04:02.033 [AsyncHttpClient-1-2] DEBUG org.asynchttpclient.netty.channel.ChannelManager - Adding key: http://localhost:26374 for channel [id: 0x5e9e9eb4, L:/127.0.0.1:64175 - R:localhost/127.0.0.1:26374]
12:04:02.098 [Forwarding getCurrentWindowHandle on session 541e5fbff23d86bb83d3a1a7e5bf5bb4 to remote] DEBUG org.asynchttpclient.netty.request.NettyRequestSender - Using pooled Channel '[id: 0x5e9e9eb4, L:/127.0.0.1:64175 - R:localhost/127.0.0.1:26374]' for 'GET' to 'http://localhost:26374/session/541e5fbff23d86bb83d3a1a7e5bf5bb4/window'
12:04:02.098 [Forwarding getCurrentWindowHandle on session 541e5fbff23d86bb83d3a1a7e5bf5bb4 to remote] DEBUG org.asynchttpclient.netty.request.NettyRequestSender - Using open Channel [id: 0x5e9e9eb4, L:/127.0.0.1:64175 - R:localhost/127.0.0.1:26374] for GET '/session/541e5fbff23d86bb83d3a1a7e5bf5bb4/window'
12:04:02.099 [AsyncHttpClient-1-2] DEBUG org.asynchttpclient.netty.handler.HttpHandler - 

Request DefaultFullHttpRequest(decodeResult: success, version: HTTP/1.1, content: EmptyByteBufBE)
GET /session/541e5fbff23d86bb83d3a1a7e5bf5bb4/window HTTP/1.1
User-Agent: selenium/4.6.0 (java windows)
Cache-Control: no-cache
Content-Type: application/json; charset=utf-8
host: localhost:26374
accept: */*

Response DefaultHttpResponse(decodeResult: success, version: HTTP/1.1)
HTTP/1.1 200 OK
Content-Type: application/json; charset=utf-8
cache-control: no-cache
content-length: 44

12:04:02.099 [AsyncHttpClient-1-2] DEBUG org.asynchttpclient.netty.channel.ChannelManager - Adding key: http://localhost:26374 for channel [id: 0x5e9e9eb4, L:/127.0.0.1:64175 - R:localhost/127.0.0.1:26374]
12:04:02.106 [Forwarding getAlertText on session 541e5fbff23d86bb83d3a1a7e5bf5bb4 to remote] DEBUG org.asynchttpclient.netty.request.NettyRequestSender - Using pooled Channel '[id: 0x5e9e9eb4, L:/127.0.0.1:64175 - R:localhost/127.0.0.1:26374]' for 'GET' to 'http://localhost:26374/session/541e5fbff23d86bb83d3a1a7e5bf5bb4/alert/text'
12:04:02.106 [Forwarding getAlertText on session 541e5fbff23d86bb83d3a1a7e5bf5bb4 to remote] DEBUG org.asynchttpclient.netty.request.NettyRequestSender - Using open Channel [id: 0x5e9e9eb4, L:/127.0.0.1:64175 - R:localhost/127.0.0.1:26374] for GET '/session/541e5fbff23d86bb83d3a1a7e5bf5bb4/alert/text'
12:04:02.108 [AsyncHttpClient-1-2] DEBUG org.asynchttpclient.netty.handler.HttpHandler - 

Request DefaultFullHttpRequest(decodeResult: success, version: HTTP/1.1, content: EmptyByteBufBE)
GET /session/541e5fbff23d86bb83d3a1a7e5bf5bb4/alert/text HTTP/1.1
User-Agent: selenium/4.6.0 (java windows)
Cache-Control: no-cache
Content-Type: application/json; charset=utf-8
host: localhost:26374
accept: */*

Response DefaultHttpResponse(decodeResult: success, version: HTTP/1.1)
HTTP/1.1 404 Not Found
Content-Type: application/json; charset=utf-8
cache-control: no-cache
content-length: 848

12:04:02.109 [AsyncHttpClient-1-2] DEBUG org.asynchttpclient.netty.channel.ChannelManager - Adding key: http://localhost:26374 for channel [id: 0x5e9e9eb4, L:/127.0.0.1:64175 - R:localhost/127.0.0.1:26374]
12:04:02.121 [Forwarding switchToWindow on session 541e5fbff23d86bb83d3a1a7e5bf5bb4 to remote] DEBUG org.asynchttpclient.netty.request.NettyRequestSender - Using pooled Channel '[id: 0x5e9e9eb4, L:/127.0.0.1:64175 - R:localhost/127.0.0.1:26374]' for 'POST' to 'http://localhost:26374/session/541e5fbff23d86bb83d3a1a7e5bf5bb4/window'
12:04:02.121 [Forwarding switchToWindow on session 541e5fbff23d86bb83d3a1a7e5bf5bb4 to remote] DEBUG org.asynchttpclient.netty.request.NettyRequestSender - Using open Channel [id: 0x5e9e9eb4, L:/127.0.0.1:64175 - R:localhost/127.0.0.1:26374] for POST '/session/541e5fbff23d86bb83d3a1a7e5bf5bb4/window'
12:04:02.122 [AsyncHttpClient-1-2] DEBUG org.asynchttpclient.netty.handler.HttpHandler - 

Request DefaultHttpRequest(decodeResult: success, version: HTTP/1.1)
POST /session/541e5fbff23d86bb83d3a1a7e5bf5bb4/window HTTP/1.1
User-Agent: selenium/4.6.0 (java windows)
Content-Length: 50
Content-Type: application/json; charset=utf-8
host: localhost:26374
accept: */*

Response DefaultHttpResponse(decodeResult: success, version: HTTP/1.1)
HTTP/1.1 200 OK
Content-Type: application/json; charset=utf-8
cache-control: no-cache
content-length: 14

12:04:02.122 [AsyncHttpClient-1-2] DEBUG org.asynchttpclient.netty.channel.ChannelManager - Adding key: http://localhost:26374 for channel [id: 0x5e9e9eb4, L:/127.0.0.1:64175 - R:localhost/127.0.0.1:26374]
12:04:02.123 [Forwarding getCurrentUrl on session 541e5fbff23d86bb83d3a1a7e5bf5bb4 to remote] DEBUG org.asynchttpclient.netty.request.NettyRequestSender - Using pooled Channel '[id: 0x5e9e9eb4, L:/127.0.0.1:64175 - R:localhost/127.0.0.1:26374]' for 'GET' to 'http://localhost:26374/session/541e5fbff23d86bb83d3a1a7e5bf5bb4/url'
12:04:02.123 [Forwarding getCurrentUrl on session 541e5fbff23d86bb83d3a1a7e5bf5bb4 to remote] DEBUG org.asynchttpclient.netty.request.NettyRequestSender - Using open Channel [id: 0x5e9e9eb4, L:/127.0.0.1:64175 - R:localhost/127.0.0.1:26374] for GET '/session/541e5fbff23d86bb83d3a1a7e5bf5bb4/url'
12:04:02.125 [AsyncHttpClient-1-2] DEBUG org.asynchttpclient.netty.handler.HttpHandler - 

Request DefaultFullHttpRequest(decodeResult: success, version: HTTP/1.1, content: EmptyByteBufBE)
GET /session/541e5fbff23d86bb83d3a1a7e5bf5bb4/url HTTP/1.1
User-Agent: selenium/4.6.0 (java windows)
Cache-Control: no-cache
Content-Type: application/json; charset=utf-8
host: localhost:26374
accept: */*

Response DefaultHttpResponse(decodeResult: success, version: HTTP/1.1)
HTTP/1.1 200 OK
Content-Type: application/json; charset=utf-8
cache-control: no-cache
content-length: 48

12:04:02.125 [AsyncHttpClient-1-2] DEBUG org.asynchttpclient.netty.channel.ChannelManager - Adding key: http://localhost:26374 for channel [id: 0x5e9e9eb4, L:/127.0.0.1:64175 - R:localhost/127.0.0.1:26374]
12:04:02.125 [Forwarding screenshot on session 541e5fbff23d86bb83d3a1a7e5bf5bb4 to remote] DEBUG org.asynchttpclient.netty.request.NettyRequestSender - Using pooled Channel '[id: 0x5e9e9eb4, L:/127.0.0.1:64175 - R:localhost/127.0.0.1:26374]' for 'GET' to 'http://localhost:26374/session/541e5fbff23d86bb83d3a1a7e5bf5bb4/screenshot'
12:04:02.126 [Forwarding screenshot on session 541e5fbff23d86bb83d3a1a7e5bf5bb4 to remote] DEBUG org.asynchttpclient.netty.request.NettyRequestSender - Using open Channel [id: 0x5e9e9eb4, L:/127.0.0.1:64175 - R:localhost/127.0.0.1:26374] for GET '/session/541e5fbff23d86bb83d3a1a7e5bf5bb4/screenshot'
12:04:02.372 [AsyncHttpClient-1-2] DEBUG org.asynchttpclient.netty.handler.HttpHandler - 

Request DefaultFullHttpRequest(decodeResult: success, version: HTTP/1.1, content: EmptyByteBufBE)
GET /session/541e5fbff23d86bb83d3a1a7e5bf5bb4/screenshot HTTP/1.1
User-Agent: selenium/4.6.0 (java windows)
Cache-Control: no-cache
Content-Type: application/json; charset=utf-8
host: localhost:26374
accept: */*

Response DefaultHttpResponse(decodeResult: success, version: HTTP/1.1)
HTTP/1.1 200 OK
Content-Type: application/json; charset=utf-8
cache-control: no-cache
content-length: 714636

12:04:02.373 [AsyncHttpClient-1-2] DEBUG org.asynchttpclient.netty.channel.ChannelManager - Adding key: http://localhost:26374 for channel [id: 0x5e9e9eb4, L:/127.0.0.1:64175 - R:localhost/127.0.0.1:26374]
12:04:02.399 [Test worker] DEBUG net.serenitybdd.core.photography.Darkroom - Send negative for processing for C:\Users\Usuario\Documents\retoAutomatizacion\e2e\RetoDemoBlaze\target\site\serenity\d2e8964f38c86e797cc92dee5fbffe8a805c1e5ae8e2356a4d8b19305f8709db.png
12:04:02.399 [Darkroom Processing Line] DEBUG net.serenitybdd.core.photography.DarkroomProcessingLine - Processing screenshot image in /var/screenshots/screenshot-17025465888742461547
12:04:02.400 [Darkroom Processing Line] DEBUG net.serenitybdd.core.photography.DarkroomProcessingLine - Saving screenshot to C:\Users\Usuario\Documents\retoAutomatizacion\e2e\RetoDemoBlaze\target\site\serenity\d2e8964f38c86e797cc92dee5fbffe8a805c1e5ae8e2356a4d8b19305f8709db.png
12:04:02.424 [Forwarding getPageSource on session 541e5fbff23d86bb83d3a1a7e5bf5bb4 to remote] DEBUG org.asynchttpclient.netty.request.NettyRequestSender - Using pooled Channel '[id: 0x5e9e9eb4, L:/127.0.0.1:64175 - R:localhost/127.0.0.1:26374]' for 'POST' to 'http://localhost:26374/session/541e5fbff23d86bb83d3a1a7e5bf5bb4/execute/sync'
12:04:02.424 [Forwarding getPageSource on session 541e5fbff23d86bb83d3a1a7e5bf5bb4 to remote] DEBUG org.asynchttpclient.netty.request.NettyRequestSender - Using open Channel [id: 0x5e9e9eb4, L:/127.0.0.1:64175 - R:localhost/127.0.0.1:26374] for POST '/session/541e5fbff23d86bb83d3a1a7e5bf5bb4/execute/sync'
12:04:02.437 [AsyncHttpClient-1-2] DEBUG org.asynchttpclient.netty.handler.HttpHandler - 

Request DefaultHttpRequest(decodeResult: success, version: HTTP/1.1)
POST /session/541e5fbff23d86bb83d3a1a7e5bf5bb4/execute/sync HTTP/1.1
User-Agent: selenium/4.6.0 (java windows)
Content-Length: 176
Content-Type: application/json; charset=utf-8
host: localhost:26374
accept: */*

Response DefaultHttpResponse(decodeResult: success, version: HTTP/1.1)
HTTP/1.1 200 OK
Content-Type: application/json; charset=utf-8
cache-control: no-cache
content-length: 57604

12:04:02.437 [AsyncHttpClient-1-2] DEBUG org.asynchttpclient.netty.channel.ChannelManager - Adding key: http://localhost:26374 for channel [id: 0x5e9e9eb4, L:/127.0.0.1:64175 - R:localhost/127.0.0.1:26374]
12:04:02.451 [Forwarding getCurrentUrl on session 541e5fbff23d86bb83d3a1a7e5bf5bb4 to remote] DEBUG org.asynchttpclient.netty.request.NettyRequestSender - Using pooled Channel '[id: 0x5e9e9eb4, L:/127.0.0.1:64175 - R:localhost/127.0.0.1:26374]' for 'GET' to 'http://localhost:26374/session/541e5fbff23d86bb83d3a1a7e5bf5bb4/url'
12:04:02.452 [Forwarding getCurrentUrl on session 541e5fbff23d86bb83d3a1a7e5bf5bb4 to remote] DEBUG org.asynchttpclient.netty.request.NettyRequestSender - Using open Channel [id: 0x5e9e9eb4, L:/127.0.0.1:64175 - R:localhost/127.0.0.1:26374] for GET '/session/541e5fbff23d86bb83d3a1a7e5bf5bb4/url'
12:04:02.458 [AsyncHttpClient-1-2] DEBUG org.asynchttpclient.netty.handler.HttpHandler - 

Request DefaultFullHttpRequest(decodeResult: success, version: HTTP/1.1, content: EmptyByteBufBE)
GET /session/541e5fbff23d86bb83d3a1a7e5bf5bb4/url HTTP/1.1
User-Agent: selenium/4.6.0 (java windows)
Cache-Control: no-cache
Content-Type: application/json; charset=utf-8
host: localhost:26374
accept: */*

Response DefaultHttpResponse(decodeResult: success, version: HTTP/1.1)
HTTP/1.1 200 OK
Content-Type: application/json; charset=utf-8
cache-control: no-cache
content-length: 48

12:04:02.458 [AsyncHttpClient-1-2] DEBUG org.asynchttpclient.netty.channel.ChannelManager - Adding key: http://localhost:26374 for channel [id: 0x5e9e9eb4, L:/127.0.0.1:64175 - R:localhost/127.0.0.1:26374]
12:04:02.461 [Test worker] DEBUG net.thucydides.core.steps.StepInterceptor - STARTING STEP: PickItem.performAs - {0} clicks on #target
12:04:02.461 [Test worker] DEBUG net.serenitybdd.screenplay.targets.IFrameSwitcher - default content already selected for randomItem
12:04:02.579 [Forwarding findElement on session 541e5fbff23d86bb83d3a1a7e5bf5bb4 to remote] DEBUG org.asynchttpclient.netty.request.NettyRequestSender - Using pooled Channel '[id: 0x5e9e9eb4, L:/127.0.0.1:64175 - R:localhost/127.0.0.1:26374]' for 'POST' to 'http://localhost:26374/session/541e5fbff23d86bb83d3a1a7e5bf5bb4/element'
12:04:02.579 [Forwarding findElement on session 541e5fbff23d86bb83d3a1a7e5bf5bb4 to remote] DEBUG org.asynchttpclient.netty.request.NettyRequestSender - Using open Channel [id: 0x5e9e9eb4, L:/127.0.0.1:64175 - R:localhost/127.0.0.1:26374] for POST '/session/541e5fbff23d86bb83d3a1a7e5bf5bb4/element'
12:04:02.588 [AsyncHttpClient-1-2] DEBUG org.asynchttpclient.netty.handler.HttpHandler - 

Request DefaultHttpRequest(decodeResult: success, version: HTTP/1.1)
POST /session/541e5fbff23d86bb83d3a1a7e5bf5bb4/element HTTP/1.1
User-Agent: selenium/4.6.0 (java windows)
Content-Length: 79
Content-Type: application/json; charset=utf-8
host: localhost:26374
accept: */*

Response DefaultHttpResponse(decodeResult: success, version: HTTP/1.1)
HTTP/1.1 200 OK
Content-Type: application/json; charset=utf-8
cache-control: no-cache
content-length: 96

12:04:02.588 [AsyncHttpClient-1-2] DEBUG org.asynchttpclient.netty.channel.ChannelManager - Adding key: http://localhost:26374 for channel [id: 0x5e9e9eb4, L:/127.0.0.1:64175 - R:localhost/127.0.0.1:26374]
12:04:02.601 [Forwarding isElementDisplayed on session 541e5fbff23d86bb83d3a1a7e5bf5bb4 to remote] DEBUG org.asynchttpclient.netty.request.NettyRequestSender - Using pooled Channel '[id: 0x5e9e9eb4, L:/127.0.0.1:64175 - R:localhost/127.0.0.1:26374]' for 'POST' to 'http://localhost:26374/session/541e5fbff23d86bb83d3a1a7e5bf5bb4/execute/sync'
12:04:02.601 [Forwarding isElementDisplayed on session 541e5fbff23d86bb83d3a1a7e5bf5bb4 to remote] DEBUG org.asynchttpclient.netty.request.NettyRequestSender - Using open Channel [id: 0x5e9e9eb4, L:/127.0.0.1:64175 - R:localhost/127.0.0.1:26374] for POST '/session/541e5fbff23d86bb83d3a1a7e5bf5bb4/execute/sync'
12:04:02.612 [AsyncHttpClient-1-2] DEBUG org.asynchttpclient.netty.handler.HttpHandler - 

Request DefaultHttpRequest(decodeResult: success, version: HTTP/1.1)
POST /session/541e5fbff23d86bb83d3a1a7e5bf5bb4/execute/sync HTTP/1.1
User-Agent: selenium/4.6.0 (java windows)
Content-Length: 48788
Content-Type: application/json; charset=utf-8
host: localhost:26374
accept: */*

Response DefaultHttpResponse(decodeResult: success, version: HTTP/1.1)
HTTP/1.1 200 OK
Content-Type: application/json; charset=utf-8
cache-control: no-cache
content-length: 14

12:04:02.612 [AsyncHttpClient-1-2] DEBUG org.asynchttpclient.netty.channel.ChannelManager - Adding key: http://localhost:26374 for channel [id: 0x5e9e9eb4, L:/127.0.0.1:64175 - R:localhost/127.0.0.1:26374]
12:04:02.634 [Forwarding findElement on session 541e5fbff23d86bb83d3a1a7e5bf5bb4 to remote] DEBUG org.asynchttpclient.netty.request.NettyRequestSender - Using pooled Channel '[id: 0x5e9e9eb4, L:/127.0.0.1:64175 - R:localhost/127.0.0.1:26374]' for 'POST' to 'http://localhost:26374/session/541e5fbff23d86bb83d3a1a7e5bf5bb4/element'
12:04:02.634 [Forwarding findElement on session 541e5fbff23d86bb83d3a1a7e5bf5bb4 to remote] DEBUG org.asynchttpclient.netty.request.NettyRequestSender - Using open Channel [id: 0x5e9e9eb4, L:/127.0.0.1:64175 - R:localhost/127.0.0.1:26374] for POST '/session/541e5fbff23d86bb83d3a1a7e5bf5bb4/element'
12:04:02.644 [AsyncHttpClient-1-2] DEBUG org.asynchttpclient.netty.handler.HttpHandler - 

Request DefaultHttpRequest(decodeResult: success, version: HTTP/1.1)
POST /session/541e5fbff23d86bb83d3a1a7e5bf5bb4/element HTTP/1.1
User-Agent: selenium/4.6.0 (java windows)
Content-Length: 79
Content-Type: application/json; charset=utf-8
host: localhost:26374
accept: */*

Response DefaultHttpResponse(decodeResult: success, version: HTTP/1.1)
HTTP/1.1 200 OK
Content-Type: application/json; charset=utf-8
cache-control: no-cache
content-length: 96

12:04:02.644 [AsyncHttpClient-1-2] DEBUG org.asynchttpclient.netty.channel.ChannelManager - Adding key: http://localhost:26374 for channel [id: 0x5e9e9eb4, L:/127.0.0.1:64175 - R:localhost/127.0.0.1:26374]
12:04:02.645 [Forwarding clickElement on session 541e5fbff23d86bb83d3a1a7e5bf5bb4 to remote] DEBUG org.asynchttpclient.netty.request.NettyRequestSender - Using pooled Channel '[id: 0x5e9e9eb4, L:/127.0.0.1:64175 - R:localhost/127.0.0.1:26374]' for 'POST' to 'http://localhost:26374/session/541e5fbff23d86bb83d3a1a7e5bf5bb4/element/AE20EA2E9E15EF429B3005F2CDFA5A3A_element_247/click'
12:04:02.646 [Forwarding clickElement on session 541e5fbff23d86bb83d3a1a7e5bf5bb4 to remote] DEBUG org.asynchttpclient.netty.request.NettyRequestSender - Using open Channel [id: 0x5e9e9eb4, L:/127.0.0.1:64175 - R:localhost/127.0.0.1:26374] for POST '/session/541e5fbff23d86bb83d3a1a7e5bf5bb4/element/AE20EA2E9E15EF429B3005F2CDFA5A3A_element_247/click'
12:04:03.070 [AsyncHttpClient-1-1] DEBUG org.asynchttpclient.netty.channel.DefaultChannelPool - Entry count for : http://localhost:64176 : 1
12:04:03.679 [AsyncHttpClient-1-2] DEBUG org.asynchttpclient.netty.handler.HttpHandler - 

Request DefaultHttpRequest(decodeResult: success, version: HTTP/1.1)
POST /session/541e5fbff23d86bb83d3a1a7e5bf5bb4/element/AE20EA2E9E15EF429B3005F2CDFA5A3A_element_247/click HTTP/1.1
User-Agent: selenium/4.6.0 (java windows)
Content-Length: 58
Content-Type: application/json; charset=utf-8
host: localhost:26374
accept: */*

Response DefaultHttpResponse(decodeResult: success, version: HTTP/1.1)
HTTP/1.1 200 OK
Content-Type: application/json; charset=utf-8
cache-control: no-cache
content-length: 14

12:04:03.680 [AsyncHttpClient-1-2] DEBUG org.asynchttpclient.netty.channel.ChannelManager - Adding key: http://localhost:26374 for channel [id: 0x5e9e9eb4, L:/127.0.0.1:64175 - R:localhost/127.0.0.1:26374]
12:04:03.721 [Forwarding getCurrentWindowHandle on session 541e5fbff23d86bb83d3a1a7e5bf5bb4 to remote] DEBUG org.asynchttpclient.netty.request.NettyRequestSender - Using pooled Channel '[id: 0x5e9e9eb4, L:/127.0.0.1:64175 - R:localhost/127.0.0.1:26374]' for 'GET' to 'http://localhost:26374/session/541e5fbff23d86bb83d3a1a7e5bf5bb4/window'
12:04:03.721 [Forwarding getCurrentWindowHandle on session 541e5fbff23d86bb83d3a1a7e5bf5bb4 to remote] DEBUG org.asynchttpclient.netty.request.NettyRequestSender - Using open Channel [id: 0x5e9e9eb4, L:/127.0.0.1:64175 - R:localhost/127.0.0.1:26374] for GET '/session/541e5fbff23d86bb83d3a1a7e5bf5bb4/window'
12:04:03.722 [AsyncHttpClient-1-2] DEBUG org.asynchttpclient.netty.handler.HttpHandler - 

Request DefaultFullHttpRequest(decodeResult: success, version: HTTP/1.1, content: EmptyByteBufBE)
GET /session/541e5fbff23d86bb83d3a1a7e5bf5bb4/window HTTP/1.1
User-Agent: selenium/4.6.0 (java windows)
Cache-Control: no-cache
Content-Type: application/json; charset=utf-8
host: localhost:26374
accept: */*

Response DefaultHttpResponse(decodeResult: success, version: HTTP/1.1)
HTTP/1.1 200 OK
Content-Type: application/json; charset=utf-8
cache-control: no-cache
content-length: 44

12:04:03.722 [AsyncHttpClient-1-2] DEBUG org.asynchttpclient.netty.channel.ChannelManager - Adding key: http://localhost:26374 for channel [id: 0x5e9e9eb4, L:/127.0.0.1:64175 - R:localhost/127.0.0.1:26374]
12:04:03.735 [Forwarding getAlertText on session 541e5fbff23d86bb83d3a1a7e5bf5bb4 to remote] DEBUG org.asynchttpclient.netty.request.NettyRequestSender - Using pooled Channel '[id: 0x5e9e9eb4, L:/127.0.0.1:64175 - R:localhost/127.0.0.1:26374]' for 'GET' to 'http://localhost:26374/session/541e5fbff23d86bb83d3a1a7e5bf5bb4/alert/text'
12:04:03.735 [Forwarding getAlertText on session 541e5fbff23d86bb83d3a1a7e5bf5bb4 to remote] DEBUG org.asynchttpclient.netty.request.NettyRequestSender - Using open Channel [id: 0x5e9e9eb4, L:/127.0.0.1:64175 - R:localhost/127.0.0.1:26374] for GET '/session/541e5fbff23d86bb83d3a1a7e5bf5bb4/alert/text'
12:04:03.737 [AsyncHttpClient-1-2] DEBUG org.asynchttpclient.netty.handler.HttpHandler - 

Request DefaultFullHttpRequest(decodeResult: success, version: HTTP/1.1, content: EmptyByteBufBE)
GET /session/541e5fbff23d86bb83d3a1a7e5bf5bb4/alert/text HTTP/1.1
User-Agent: selenium/4.6.0 (java windows)
Cache-Control: no-cache
Content-Type: application/json; charset=utf-8
host: localhost:26374
accept: */*

Response DefaultHttpResponse(decodeResult: success, version: HTTP/1.1)
HTTP/1.1 404 Not Found
Content-Type: application/json; charset=utf-8
cache-control: no-cache
content-length: 848

12:04:03.737 [AsyncHttpClient-1-2] DEBUG org.asynchttpclient.netty.channel.ChannelManager - Adding key: http://localhost:26374 for channel [id: 0x5e9e9eb4, L:/127.0.0.1:64175 - R:localhost/127.0.0.1:26374]
12:04:03.754 [Forwarding switchToWindow on session 541e5fbff23d86bb83d3a1a7e5bf5bb4 to remote] DEBUG org.asynchttpclient.netty.request.NettyRequestSender - Using pooled Channel '[id: 0x5e9e9eb4, L:/127.0.0.1:64175 - R:localhost/127.0.0.1:26374]' for 'POST' to 'http://localhost:26374/session/541e5fbff23d86bb83d3a1a7e5bf5bb4/window'
12:04:03.754 [Forwarding switchToWindow on session 541e5fbff23d86bb83d3a1a7e5bf5bb4 to remote] DEBUG org.asynchttpclient.netty.request.NettyRequestSender - Using open Channel [id: 0x5e9e9eb4, L:/127.0.0.1:64175 - R:localhost/127.0.0.1:26374] for POST '/session/541e5fbff23d86bb83d3a1a7e5bf5bb4/window'
12:04:03.757 [AsyncHttpClient-1-2] DEBUG org.asynchttpclient.netty.handler.HttpHandler - 

Request DefaultHttpRequest(decodeResult: success, version: HTTP/1.1)
POST /session/541e5fbff23d86bb83d3a1a7e5bf5bb4/window HTTP/1.1
User-Agent: selenium/4.6.0 (java windows)
Content-Length: 50
Content-Type: application/json; charset=utf-8
host: localhost:26374
accept: */*

Response DefaultHttpResponse(decodeResult: success, version: HTTP/1.1)
HTTP/1.1 200 OK
Content-Type: application/json; charset=utf-8
cache-control: no-cache
content-length: 14

12:04:03.757 [AsyncHttpClient-1-2] DEBUG org.asynchttpclient.netty.channel.ChannelManager - Adding key: http://localhost:26374 for channel [id: 0x5e9e9eb4, L:/127.0.0.1:64175 - R:localhost/127.0.0.1:26374]
12:04:03.757 [Forwarding getCurrentUrl on session 541e5fbff23d86bb83d3a1a7e5bf5bb4 to remote] DEBUG org.asynchttpclient.netty.request.NettyRequestSender - Using pooled Channel '[id: 0x5e9e9eb4, L:/127.0.0.1:64175 - R:localhost/127.0.0.1:26374]' for 'GET' to 'http://localhost:26374/session/541e5fbff23d86bb83d3a1a7e5bf5bb4/url'
12:04:03.757 [Forwarding getCurrentUrl on session 541e5fbff23d86bb83d3a1a7e5bf5bb4 to remote] DEBUG org.asynchttpclient.netty.request.NettyRequestSender - Using open Channel [id: 0x5e9e9eb4, L:/127.0.0.1:64175 - R:localhost/127.0.0.1:26374] for GET '/session/541e5fbff23d86bb83d3a1a7e5bf5bb4/url'
12:04:03.764 [AsyncHttpClient-1-2] DEBUG org.asynchttpclient.netty.handler.HttpHandler - 

Request DefaultFullHttpRequest(decodeResult: success, version: HTTP/1.1, content: EmptyByteBufBE)
GET /session/541e5fbff23d86bb83d3a1a7e5bf5bb4/url HTTP/1.1
User-Agent: selenium/4.6.0 (java windows)
Cache-Control: no-cache
Content-Type: application/json; charset=utf-8
host: localhost:26374
accept: */*

Response DefaultHttpResponse(decodeResult: success, version: HTTP/1.1)
HTTP/1.1 200 OK
Content-Type: application/json; charset=utf-8
cache-control: no-cache
content-length: 54

12:04:03.764 [AsyncHttpClient-1-2] DEBUG org.asynchttpclient.netty.channel.ChannelManager - Adding key: http://localhost:26374 for channel [id: 0x5e9e9eb4, L:/127.0.0.1:64175 - R:localhost/127.0.0.1:26374]
12:04:03.765 [Forwarding screenshot on session 541e5fbff23d86bb83d3a1a7e5bf5bb4 to remote] DEBUG org.asynchttpclient.netty.request.NettyRequestSender - Using pooled Channel '[id: 0x5e9e9eb4, L:/127.0.0.1:64175 - R:localhost/127.0.0.1:26374]' for 'GET' to 'http://localhost:26374/session/541e5fbff23d86bb83d3a1a7e5bf5bb4/screenshot'
12:04:03.765 [Forwarding screenshot on session 541e5fbff23d86bb83d3a1a7e5bf5bb4 to remote] DEBUG org.asynchttpclient.netty.request.NettyRequestSender - Using open Channel [id: 0x5e9e9eb4, L:/127.0.0.1:64175 - R:localhost/127.0.0.1:26374] for GET '/session/541e5fbff23d86bb83d3a1a7e5bf5bb4/screenshot'
12:04:03.939 [AsyncHttpClient-1-2] DEBUG org.asynchttpclient.netty.handler.HttpHandler - 

Request DefaultFullHttpRequest(decodeResult: success, version: HTTP/1.1, content: EmptyByteBufBE)
GET /session/541e5fbff23d86bb83d3a1a7e5bf5bb4/screenshot HTTP/1.1
User-Agent: selenium/4.6.0 (java windows)
Cache-Control: no-cache
Content-Type: application/json; charset=utf-8
host: localhost:26374
accept: */*

Response DefaultHttpResponse(decodeResult: success, version: HTTP/1.1)
HTTP/1.1 200 OK
Content-Type: application/json; charset=utf-8
cache-control: no-cache
content-length: 314812

12:04:03.940 [AsyncHttpClient-1-2] DEBUG org.asynchttpclient.netty.channel.ChannelManager - Adding key: http://localhost:26374 for channel [id: 0x5e9e9eb4, L:/127.0.0.1:64175 - R:localhost/127.0.0.1:26374]
12:04:03.945 [Test worker] DEBUG net.serenitybdd.core.photography.Darkroom - Send negative for processing for C:\Users\Usuario\Documents\retoAutomatizacion\e2e\RetoDemoBlaze\target\site\serenity\80b404781ee21193b7fdc64575ca1efaab3040ec8d623a63083c4d258ab344c3.png
12:04:03.945 [Test worker] DEBUG net.thucydides.core.steps.StepInterceptor - STEP DONE: {0} clicks on #target
12:04:03.973 [Forwarding getPageSource on session 541e5fbff23d86bb83d3a1a7e5bf5bb4 to remote] DEBUG org.asynchttpclient.netty.request.NettyRequestSender - Using pooled Channel '[id: 0x5e9e9eb4, L:/127.0.0.1:64175 - R:localhost/127.0.0.1:26374]' for 'POST' to 'http://localhost:26374/session/541e5fbff23d86bb83d3a1a7e5bf5bb4/execute/sync'
12:04:03.974 [Forwarding getPageSource on session 541e5fbff23d86bb83d3a1a7e5bf5bb4 to remote] DEBUG org.asynchttpclient.netty.request.NettyRequestSender - Using open Channel [id: 0x5e9e9eb4, L:/127.0.0.1:64175 - R:localhost/127.0.0.1:26374] for POST '/session/541e5fbff23d86bb83d3a1a7e5bf5bb4/execute/sync'
12:04:03.982 [AsyncHttpClient-1-2] DEBUG org.asynchttpclient.netty.handler.HttpHandler - 

Request DefaultHttpRequest(decodeResult: success, version: HTTP/1.1)
POST /session/541e5fbff23d86bb83d3a1a7e5bf5bb4/execute/sync HTTP/1.1
User-Agent: selenium/4.6.0 (java windows)
Content-Length: 176
Content-Type: application/json; charset=utf-8
host: localhost:26374
accept: */*

Response DefaultHttpResponse(decodeResult: success, version: HTTP/1.1)
HTTP/1.1 200 OK
Content-Type: application/json; charset=utf-8
cache-control: no-cache
content-length: 24764

12:04:03.982 [AsyncHttpClient-1-2] DEBUG org.asynchttpclient.netty.channel.ChannelManager - Adding key: http://localhost:26374 for channel [id: 0x5e9e9eb4, L:/127.0.0.1:64175 - R:localhost/127.0.0.1:26374]
12:04:03.985 [Forwarding getCurrentUrl on session 541e5fbff23d86bb83d3a1a7e5bf5bb4 to remote] DEBUG org.asynchttpclient.netty.request.NettyRequestSender - Using pooled Channel '[id: 0x5e9e9eb4, L:/127.0.0.1:64175 - R:localhost/127.0.0.1:26374]' for 'GET' to 'http://localhost:26374/session/541e5fbff23d86bb83d3a1a7e5bf5bb4/url'
12:04:03.985 [Forwarding getCurrentUrl on session 541e5fbff23d86bb83d3a1a7e5bf5bb4 to remote] DEBUG org.asynchttpclient.netty.request.NettyRequestSender - Using open Channel [id: 0x5e9e9eb4, L:/127.0.0.1:64175 - R:localhost/127.0.0.1:26374] for GET '/session/541e5fbff23d86bb83d3a1a7e5bf5bb4/url'
12:04:03.992 [AsyncHttpClient-1-2] DEBUG org.asynchttpclient.netty.handler.HttpHandler - 

Request DefaultFullHttpRequest(decodeResult: success, version: HTTP/1.1, content: EmptyByteBufBE)
GET /session/541e5fbff23d86bb83d3a1a7e5bf5bb4/url HTTP/1.1
User-Agent: selenium/4.6.0 (java windows)
Cache-Control: no-cache
Content-Type: application/json; charset=utf-8
host: localhost:26374
accept: */*

Response DefaultHttpResponse(decodeResult: success, version: HTTP/1.1)
HTTP/1.1 200 OK
Content-Type: application/json; charset=utf-8
cache-control: no-cache
content-length: 54

12:04:03.992 [AsyncHttpClient-1-2] DEBUG org.asynchttpclient.netty.channel.ChannelManager - Adding key: http://localhost:26374 for channel [id: 0x5e9e9eb4, L:/127.0.0.1:64175 - R:localhost/127.0.0.1:26374]
12:04:03.994 [Test worker] DEBUG net.thucydides.core.steps.StepInterceptor - STARTING STEP: PickItem.performAs - performAs
12:04:04.164 [AsyncHttpClient-1-1] DEBUG org.asynchttpclient.netty.channel.DefaultChannelPool - Entry count for : http://localhost:64176 : 1
12:04:04.164 [AsyncHttpClient-1-1] DEBUG org.asynchttpclient.netty.channel.DefaultChannelPool - Entry count for : http://localhost:26374 : 1
12:04:05.264 [AsyncHttpClient-1-1] DEBUG org.asynchttpclient.netty.channel.DefaultChannelPool - Entry count for : http://localhost:64176 : 1
12:04:05.264 [AsyncHttpClient-1-1] DEBUG org.asynchttpclient.netty.channel.DefaultChannelPool - Entry count for : http://localhost:26374 : 1
12:04:06.369 [AsyncHttpClient-1-1] DEBUG org.asynchttpclient.netty.channel.DefaultChannelPool - Entry count for : http://localhost:64176 : 1
12:04:06.369 [AsyncHttpClient-1-1] DEBUG org.asynchttpclient.netty.channel.DefaultChannelPool - Entry count for : http://localhost:26374 : 1
12:04:07.061 [Forwarding getCurrentWindowHandle on session 541e5fbff23d86bb83d3a1a7e5bf5bb4 to remote] DEBUG org.asynchttpclient.netty.request.NettyRequestSender - Using pooled Channel '[id: 0x5e9e9eb4, L:/127.0.0.1:64175 - R:localhost/127.0.0.1:26374]' for 'GET' to 'http://localhost:26374/session/541e5fbff23d86bb83d3a1a7e5bf5bb4/window'
12:04:07.061 [Forwarding getCurrentWindowHandle on session 541e5fbff23d86bb83d3a1a7e5bf5bb4 to remote] DEBUG org.asynchttpclient.netty.request.NettyRequestSender - Using open Channel [id: 0x5e9e9eb4, L:/127.0.0.1:64175 - R:localhost/127.0.0.1:26374] for GET '/session/541e5fbff23d86bb83d3a1a7e5bf5bb4/window'
12:04:07.062 [AsyncHttpClient-1-2] DEBUG org.asynchttpclient.netty.handler.HttpHandler - 

Request DefaultFullHttpRequest(decodeResult: success, version: HTTP/1.1, content: EmptyByteBufBE)
GET /session/541e5fbff23d86bb83d3a1a7e5bf5bb4/window HTTP/1.1
User-Agent: selenium/4.6.0 (java windows)
Cache-Control: no-cache
Content-Type: application/json; charset=utf-8
host: localhost:26374
accept: */*

Response DefaultHttpResponse(decodeResult: success, version: HTTP/1.1)
HTTP/1.1 200 OK
Content-Type: application/json; charset=utf-8
cache-control: no-cache
content-length: 44

12:04:07.062 [AsyncHttpClient-1-2] DEBUG org.asynchttpclient.netty.channel.ChannelManager - Adding key: http://localhost:26374 for channel [id: 0x5e9e9eb4, L:/127.0.0.1:64175 - R:localhost/127.0.0.1:26374]
12:04:07.082 [Forwarding getAlertText on session 541e5fbff23d86bb83d3a1a7e5bf5bb4 to remote] DEBUG org.asynchttpclient.netty.request.NettyRequestSender - Using pooled Channel '[id: 0x5e9e9eb4, L:/127.0.0.1:64175 - R:localhost/127.0.0.1:26374]' for 'GET' to 'http://localhost:26374/session/541e5fbff23d86bb83d3a1a7e5bf5bb4/alert/text'
12:04:07.082 [Forwarding getAlertText on session 541e5fbff23d86bb83d3a1a7e5bf5bb4 to remote] DEBUG org.asynchttpclient.netty.request.NettyRequestSender - Using open Channel [id: 0x5e9e9eb4, L:/127.0.0.1:64175 - R:localhost/127.0.0.1:26374] for GET '/session/541e5fbff23d86bb83d3a1a7e5bf5bb4/alert/text'
12:04:07.085 [AsyncHttpClient-1-2] DEBUG org.asynchttpclient.netty.handler.HttpHandler - 

Request DefaultFullHttpRequest(decodeResult: success, version: HTTP/1.1, content: EmptyByteBufBE)
GET /session/541e5fbff23d86bb83d3a1a7e5bf5bb4/alert/text HTTP/1.1
User-Agent: selenium/4.6.0 (java windows)
Cache-Control: no-cache
Content-Type: application/json; charset=utf-8
host: localhost:26374
accept: */*

Response DefaultHttpResponse(decodeResult: success, version: HTTP/1.1)
HTTP/1.1 404 Not Found
Content-Type: application/json; charset=utf-8
cache-control: no-cache
content-length: 848

12:04:07.085 [AsyncHttpClient-1-2] DEBUG org.asynchttpclient.netty.channel.ChannelManager - Adding key: http://localhost:26374 for channel [id: 0x5e9e9eb4, L:/127.0.0.1:64175 - R:localhost/127.0.0.1:26374]
12:04:07.104 [Forwarding switchToWindow on session 541e5fbff23d86bb83d3a1a7e5bf5bb4 to remote] DEBUG org.asynchttpclient.netty.request.NettyRequestSender - Using pooled Channel '[id: 0x5e9e9eb4, L:/127.0.0.1:64175 - R:localhost/127.0.0.1:26374]' for 'POST' to 'http://localhost:26374/session/541e5fbff23d86bb83d3a1a7e5bf5bb4/window'
12:04:07.104 [Forwarding switchToWindow on session 541e5fbff23d86bb83d3a1a7e5bf5bb4 to remote] DEBUG org.asynchttpclient.netty.request.NettyRequestSender - Using open Channel [id: 0x5e9e9eb4, L:/127.0.0.1:64175 - R:localhost/127.0.0.1:26374] for POST '/session/541e5fbff23d86bb83d3a1a7e5bf5bb4/window'
12:04:07.106 [AsyncHttpClient-1-2] DEBUG org.asynchttpclient.netty.handler.HttpHandler - 

Request DefaultHttpRequest(decodeResult: success, version: HTTP/1.1)
POST /session/541e5fbff23d86bb83d3a1a7e5bf5bb4/window HTTP/1.1
User-Agent: selenium/4.6.0 (java windows)
Content-Length: 50
Content-Type: application/json; charset=utf-8
host: localhost:26374
accept: */*

Response DefaultHttpResponse(decodeResult: success, version: HTTP/1.1)
HTTP/1.1 200 OK
Content-Type: application/json; charset=utf-8
cache-control: no-cache
content-length: 14

12:04:07.106 [AsyncHttpClient-1-2] DEBUG org.asynchttpclient.netty.channel.ChannelManager - Adding key: http://localhost:26374 for channel [id: 0x5e9e9eb4, L:/127.0.0.1:64175 - R:localhost/127.0.0.1:26374]
12:04:07.107 [Forwarding getCurrentUrl on session 541e5fbff23d86bb83d3a1a7e5bf5bb4 to remote] DEBUG org.asynchttpclient.netty.request.NettyRequestSender - Using pooled Channel '[id: 0x5e9e9eb4, L:/127.0.0.1:64175 - R:localhost/127.0.0.1:26374]' for 'GET' to 'http://localhost:26374/session/541e5fbff23d86bb83d3a1a7e5bf5bb4/url'
12:04:07.107 [Forwarding getCurrentUrl on session 541e5fbff23d86bb83d3a1a7e5bf5bb4 to remote] DEBUG org.asynchttpclient.netty.request.NettyRequestSender - Using open Channel [id: 0x5e9e9eb4, L:/127.0.0.1:64175 - R:localhost/127.0.0.1:26374] for GET '/session/541e5fbff23d86bb83d3a1a7e5bf5bb4/url'
12:04:07.114 [AsyncHttpClient-1-2] DEBUG org.asynchttpclient.netty.handler.HttpHandler - 

Request DefaultFullHttpRequest(decodeResult: success, version: HTTP/1.1, content: EmptyByteBufBE)
GET /session/541e5fbff23d86bb83d3a1a7e5bf5bb4/url HTTP/1.1
User-Agent: selenium/4.6.0 (java windows)
Cache-Control: no-cache
Content-Type: application/json; charset=utf-8
host: localhost:26374
accept: */*

Response DefaultHttpResponse(decodeResult: success, version: HTTP/1.1)
HTTP/1.1 200 OK
Content-Type: application/json; charset=utf-8
cache-control: no-cache
content-length: 54

12:04:07.114 [AsyncHttpClient-1-2] DEBUG org.asynchttpclient.netty.channel.ChannelManager - Adding key: http://localhost:26374 for channel [id: 0x5e9e9eb4, L:/127.0.0.1:64175 - R:localhost/127.0.0.1:26374]
12:04:07.116 [Forwarding screenshot on session 541e5fbff23d86bb83d3a1a7e5bf5bb4 to remote] DEBUG org.asynchttpclient.netty.request.NettyRequestSender - Using pooled Channel '[id: 0x5e9e9eb4, L:/127.0.0.1:64175 - R:localhost/127.0.0.1:26374]' for 'GET' to 'http://localhost:26374/session/541e5fbff23d86bb83d3a1a7e5bf5bb4/screenshot'
12:04:07.116 [Forwarding screenshot on session 541e5fbff23d86bb83d3a1a7e5bf5bb4 to remote] DEBUG org.asynchttpclient.netty.request.NettyRequestSender - Using open Channel [id: 0x5e9e9eb4, L:/127.0.0.1:64175 - R:localhost/127.0.0.1:26374] for GET '/session/541e5fbff23d86bb83d3a1a7e5bf5bb4/screenshot'
12:04:07.308 [AsyncHttpClient-1-2] DEBUG org.asynchttpclient.netty.handler.HttpHandler - 

Request DefaultFullHttpRequest(decodeResult: success, version: HTTP/1.1, content: EmptyByteBufBE)
GET /session/541e5fbff23d86bb83d3a1a7e5bf5bb4/screenshot HTTP/1.1
User-Agent: selenium/4.6.0 (java windows)
Cache-Control: no-cache
Content-Type: application/json; charset=utf-8
host: localhost:26374
accept: */*

Response DefaultHttpResponse(decodeResult: success, version: HTTP/1.1)
HTTP/1.1 200 OK
Content-Type: application/json; charset=utf-8
cache-control: no-cache
content-length: 508484

12:04:07.309 [AsyncHttpClient-1-2] DEBUG org.asynchttpclient.netty.channel.ChannelManager - Adding key: http://localhost:26374 for channel [id: 0x5e9e9eb4, L:/127.0.0.1:64175 - R:localhost/127.0.0.1:26374]
12:04:07.318 [Test worker] DEBUG net.serenitybdd.core.photography.Darkroom - Send negative for processing for C:\Users\Usuario\Documents\retoAutomatizacion\e2e\RetoDemoBlaze\target\site\serenity\86a5fdba5cac51aa9a0569db597ceedc6afaa7f67b759a96ebf0afd77f4c04a9.png
12:04:07.318 [Test worker] DEBUG net.thucydides.core.steps.StepInterceptor - STEP DONE: performAs
12:04:07.318 [Darkroom Processing Line] DEBUG net.serenitybdd.core.photography.DarkroomProcessingLine - Processing screenshot image in /var/screenshots/screenshot-13936830778041505465
12:04:07.318 [Darkroom Processing Line] DEBUG net.serenitybdd.core.photography.DarkroomProcessingLine - Saving screenshot to C:\Users\Usuario\Documents\retoAutomatizacion\e2e\RetoDemoBlaze\target\site\serenity\86a5fdba5cac51aa9a0569db597ceedc6afaa7f67b759a96ebf0afd77f4c04a9.png
12:04:07.336 [Test worker] DEBUG net.serenitybdd.screenplay.targets.IFrameSwitcher - default content already selected for Phones
12:04:07.344 [Forwarding findElements on session 541e5fbff23d86bb83d3a1a7e5bf5bb4 to remote] DEBUG org.asynchttpclient.netty.request.NettyRequestSender - Using pooled Channel '[id: 0x5e9e9eb4, L:/127.0.0.1:64175 - R:localhost/127.0.0.1:26374]' for 'POST' to 'http://localhost:26374/session/541e5fbff23d86bb83d3a1a7e5bf5bb4/elements'
12:04:07.344 [Forwarding findElements on session 541e5fbff23d86bb83d3a1a7e5bf5bb4 to remote] DEBUG org.asynchttpclient.netty.request.NettyRequestSender - Using open Channel [id: 0x5e9e9eb4, L:/127.0.0.1:64175 - R:localhost/127.0.0.1:26374] for POST '/session/541e5fbff23d86bb83d3a1a7e5bf5bb4/elements'
12:04:07.353 [AsyncHttpClient-1-2] DEBUG org.asynchttpclient.netty.handler.HttpHandler - 

Request DefaultHttpRequest(decodeResult: success, version: HTTP/1.1)
POST /session/541e5fbff23d86bb83d3a1a7e5bf5bb4/elements HTTP/1.1
User-Agent: selenium/4.6.0 (java windows)
Content-Length: 72
Content-Type: application/json; charset=utf-8
host: localhost:26374
accept: */*

Response DefaultHttpResponse(decodeResult: success, version: HTTP/1.1)
HTTP/1.1 200 OK
Content-Type: application/json; charset=utf-8
cache-control: no-cache
content-length: 98

12:04:07.353 [AsyncHttpClient-1-2] DEBUG org.asynchttpclient.netty.channel.ChannelManager - Adding key: http://localhost:26374 for channel [id: 0x5e9e9eb4, L:/127.0.0.1:64175 - R:localhost/127.0.0.1:26374]
12:04:07.394 [Forwarding isElementDisplayed on session 541e5fbff23d86bb83d3a1a7e5bf5bb4 to remote] DEBUG org.asynchttpclient.netty.request.NettyRequestSender - Using pooled Channel '[id: 0x5e9e9eb4, L:/127.0.0.1:64175 - R:localhost/127.0.0.1:26374]' for 'POST' to 'http://localhost:26374/session/541e5fbff23d86bb83d3a1a7e5bf5bb4/execute/sync'
12:04:07.394 [Forwarding isElementDisplayed on session 541e5fbff23d86bb83d3a1a7e5bf5bb4 to remote] DEBUG org.asynchttpclient.netty.request.NettyRequestSender - Using open Channel [id: 0x5e9e9eb4, L:/127.0.0.1:64175 - R:localhost/127.0.0.1:26374] for POST '/session/541e5fbff23d86bb83d3a1a7e5bf5bb4/execute/sync'
12:04:07.408 [AsyncHttpClient-1-2] DEBUG org.asynchttpclient.netty.handler.HttpHandler - 

Request DefaultHttpRequest(decodeResult: success, version: HTTP/1.1)
POST /session/541e5fbff23d86bb83d3a1a7e5bf5bb4/execute/sync HTTP/1.1
User-Agent: selenium/4.6.0 (java windows)
Content-Length: 48788
Content-Type: application/json; charset=utf-8
host: localhost:26374
accept: */*

Response DefaultHttpResponse(decodeResult: success, version: HTTP/1.1)
HTTP/1.1 200 OK
Content-Type: application/json; charset=utf-8
cache-control: no-cache
content-length: 14

12:04:07.409 [AsyncHttpClient-1-2] DEBUG org.asynchttpclient.netty.channel.ChannelManager - Adding key: http://localhost:26374 for channel [id: 0x5e9e9eb4, L:/127.0.0.1:64175 - R:localhost/127.0.0.1:26374]
12:04:07.411 [Forwarding isElementDisplayed on session 541e5fbff23d86bb83d3a1a7e5bf5bb4 to remote] DEBUG org.asynchttpclient.netty.request.NettyRequestSender - Using pooled Channel '[id: 0x5e9e9eb4, L:/127.0.0.1:64175 - R:localhost/127.0.0.1:26374]' for 'POST' to 'http://localhost:26374/session/541e5fbff23d86bb83d3a1a7e5bf5bb4/execute/sync'
12:04:07.411 [Forwarding isElementDisplayed on session 541e5fbff23d86bb83d3a1a7e5bf5bb4 to remote] DEBUG org.asynchttpclient.netty.request.NettyRequestSender - Using open Channel [id: 0x5e9e9eb4, L:/127.0.0.1:64175 - R:localhost/127.0.0.1:26374] for POST '/session/541e5fbff23d86bb83d3a1a7e5bf5bb4/execute/sync'
12:04:07.423 [AsyncHttpClient-1-2] DEBUG org.asynchttpclient.netty.handler.HttpHandler - 

Request DefaultHttpRequest(decodeResult: success, version: HTTP/1.1)
POST /session/541e5fbff23d86bb83d3a1a7e5bf5bb4/execute/sync HTTP/1.1
User-Agent: selenium/4.6.0 (java windows)
Content-Length: 48788
Content-Type: application/json; charset=utf-8
host: localhost:26374
accept: */*

Response DefaultHttpResponse(decodeResult: success, version: HTTP/1.1)
HTTP/1.1 200 OK
Content-Type: application/json; charset=utf-8
cache-control: no-cache
content-length: 14

12:04:07.423 [AsyncHttpClient-1-2] DEBUG org.asynchttpclient.netty.channel.ChannelManager - Adding key: http://localhost:26374 for channel [id: 0x5e9e9eb4, L:/127.0.0.1:64175 - R:localhost/127.0.0.1:26374]
12:04:07.463 [AsyncHttpClient-1-1] DEBUG org.asynchttpclient.netty.channel.DefaultChannelPool - Entry count for : http://localhost:64176 : 1
12:04:07.463 [AsyncHttpClient-1-1] DEBUG org.asynchttpclient.netty.channel.DefaultChannelPool - Entry count for : http://localhost:26374 : 1
12:04:07.470 [Forwarding getCurrentWindowHandle on session 541e5fbff23d86bb83d3a1a7e5bf5bb4 to remote] DEBUG org.asynchttpclient.netty.request.NettyRequestSender - Using pooled Channel '[id: 0x5e9e9eb4, L:/127.0.0.1:64175 - R:localhost/127.0.0.1:26374]' for 'GET' to 'http://localhost:26374/session/541e5fbff23d86bb83d3a1a7e5bf5bb4/window'
12:04:07.470 [Forwarding getCurrentWindowHandle on session 541e5fbff23d86bb83d3a1a7e5bf5bb4 to remote] DEBUG org.asynchttpclient.netty.request.NettyRequestSender - Using open Channel [id: 0x5e9e9eb4, L:/127.0.0.1:64175 - R:localhost/127.0.0.1:26374] for GET '/session/541e5fbff23d86bb83d3a1a7e5bf5bb4/window'
12:04:07.471 [AsyncHttpClient-1-2] DEBUG org.asynchttpclient.netty.handler.HttpHandler - 

Request DefaultFullHttpRequest(decodeResult: success, version: HTTP/1.1, content: EmptyByteBufBE)
GET /session/541e5fbff23d86bb83d3a1a7e5bf5bb4/window HTTP/1.1
User-Agent: selenium/4.6.0 (java windows)
Cache-Control: no-cache
Content-Type: application/json; charset=utf-8
host: localhost:26374
accept: */*

Response DefaultHttpResponse(decodeResult: success, version: HTTP/1.1)
HTTP/1.1 200 OK
Content-Type: application/json; charset=utf-8
cache-control: no-cache
content-length: 44

12:04:07.471 [AsyncHttpClient-1-2] DEBUG org.asynchttpclient.netty.channel.ChannelManager - Adding key: http://localhost:26374 for channel [id: 0x5e9e9eb4, L:/127.0.0.1:64175 - R:localhost/127.0.0.1:26374]
12:04:07.480 [Forwarding getAlertText on session 541e5fbff23d86bb83d3a1a7e5bf5bb4 to remote] DEBUG org.asynchttpclient.netty.request.NettyRequestSender - Using pooled Channel '[id: 0x5e9e9eb4, L:/127.0.0.1:64175 - R:localhost/127.0.0.1:26374]' for 'GET' to 'http://localhost:26374/session/541e5fbff23d86bb83d3a1a7e5bf5bb4/alert/text'
12:04:07.480 [Forwarding getAlertText on session 541e5fbff23d86bb83d3a1a7e5bf5bb4 to remote] DEBUG org.asynchttpclient.netty.request.NettyRequestSender - Using open Channel [id: 0x5e9e9eb4, L:/127.0.0.1:64175 - R:localhost/127.0.0.1:26374] for GET '/session/541e5fbff23d86bb83d3a1a7e5bf5bb4/alert/text'
12:04:07.482 [AsyncHttpClient-1-2] DEBUG org.asynchttpclient.netty.handler.HttpHandler - 

Request DefaultFullHttpRequest(decodeResult: success, version: HTTP/1.1, content: EmptyByteBufBE)
GET /session/541e5fbff23d86bb83d3a1a7e5bf5bb4/alert/text HTTP/1.1
User-Agent: selenium/4.6.0 (java windows)
Cache-Control: no-cache
Content-Type: application/json; charset=utf-8
host: localhost:26374
accept: */*

Response DefaultHttpResponse(decodeResult: success, version: HTTP/1.1)
HTTP/1.1 404 Not Found
Content-Type: application/json; charset=utf-8
cache-control: no-cache
content-length: 848

12:04:07.482 [AsyncHttpClient-1-2] DEBUG org.asynchttpclient.netty.channel.ChannelManager - Adding key: http://localhost:26374 for channel [id: 0x5e9e9eb4, L:/127.0.0.1:64175 - R:localhost/127.0.0.1:26374]
12:04:07.493 [Forwarding switchToWindow on session 541e5fbff23d86bb83d3a1a7e5bf5bb4 to remote] DEBUG org.asynchttpclient.netty.request.NettyRequestSender - Using pooled Channel '[id: 0x5e9e9eb4, L:/127.0.0.1:64175 - R:localhost/127.0.0.1:26374]' for 'POST' to 'http://localhost:26374/session/541e5fbff23d86bb83d3a1a7e5bf5bb4/window'
12:04:07.493 [Forwarding switchToWindow on session 541e5fbff23d86bb83d3a1a7e5bf5bb4 to remote] DEBUG org.asynchttpclient.netty.request.NettyRequestSender - Using open Channel [id: 0x5e9e9eb4, L:/127.0.0.1:64175 - R:localhost/127.0.0.1:26374] for POST '/session/541e5fbff23d86bb83d3a1a7e5bf5bb4/window'
12:04:07.495 [AsyncHttpClient-1-2] DEBUG org.asynchttpclient.netty.handler.HttpHandler - 

Request DefaultHttpRequest(decodeResult: success, version: HTTP/1.1)
POST /session/541e5fbff23d86bb83d3a1a7e5bf5bb4/window HTTP/1.1
User-Agent: selenium/4.6.0 (java windows)
Content-Length: 50
Content-Type: application/json; charset=utf-8
host: localhost:26374
accept: */*

Response DefaultHttpResponse(decodeResult: success, version: HTTP/1.1)
HTTP/1.1 200 OK
Content-Type: application/json; charset=utf-8
cache-control: no-cache
content-length: 14

12:04:07.495 [AsyncHttpClient-1-2] DEBUG org.asynchttpclient.netty.channel.ChannelManager - Adding key: http://localhost:26374 for channel [id: 0x5e9e9eb4, L:/127.0.0.1:64175 - R:localhost/127.0.0.1:26374]
12:04:07.496 [Forwarding getCurrentUrl on session 541e5fbff23d86bb83d3a1a7e5bf5bb4 to remote] DEBUG org.asynchttpclient.netty.request.NettyRequestSender - Using pooled Channel '[id: 0x5e9e9eb4, L:/127.0.0.1:64175 - R:localhost/127.0.0.1:26374]' for 'GET' to 'http://localhost:26374/session/541e5fbff23d86bb83d3a1a7e5bf5bb4/url'
12:04:07.496 [Forwarding getCurrentUrl on session 541e5fbff23d86bb83d3a1a7e5bf5bb4 to remote] DEBUG org.asynchttpclient.netty.request.NettyRequestSender - Using open Channel [id: 0x5e9e9eb4, L:/127.0.0.1:64175 - R:localhost/127.0.0.1:26374] for GET '/session/541e5fbff23d86bb83d3a1a7e5bf5bb4/url'
12:04:07.500 [AsyncHttpClient-1-2] DEBUG org.asynchttpclient.netty.handler.HttpHandler - 

Request DefaultFullHttpRequest(decodeResult: success, version: HTTP/1.1, content: EmptyByteBufBE)
GET /session/541e5fbff23d86bb83d3a1a7e5bf5bb4/url HTTP/1.1
User-Agent: selenium/4.6.0 (java windows)
Cache-Control: no-cache
Content-Type: application/json; charset=utf-8
host: localhost:26374
accept: */*

Response DefaultHttpResponse(decodeResult: success, version: HTTP/1.1)
HTTP/1.1 200 OK
Content-Type: application/json; charset=utf-8
cache-control: no-cache
content-length: 54

12:04:07.501 [AsyncHttpClient-1-2] DEBUG org.asynchttpclient.netty.channel.ChannelManager - Adding key: http://localhost:26374 for channel [id: 0x5e9e9eb4, L:/127.0.0.1:64175 - R:localhost/127.0.0.1:26374]
12:04:07.501 [Forwarding screenshot on session 541e5fbff23d86bb83d3a1a7e5bf5bb4 to remote] DEBUG org.asynchttpclient.netty.request.NettyRequestSender - Using pooled Channel '[id: 0x5e9e9eb4, L:/127.0.0.1:64175 - R:localhost/127.0.0.1:26374]' for 'GET' to 'http://localhost:26374/session/541e5fbff23d86bb83d3a1a7e5bf5bb4/screenshot'
12:04:07.501 [Forwarding screenshot on session 541e5fbff23d86bb83d3a1a7e5bf5bb4 to remote] DEBUG org.asynchttpclient.netty.request.NettyRequestSender - Using open Channel [id: 0x5e9e9eb4, L:/127.0.0.1:64175 - R:localhost/127.0.0.1:26374] for GET '/session/541e5fbff23d86bb83d3a1a7e5bf5bb4/screenshot'
12:04:07.690 [AsyncHttpClient-1-2] DEBUG org.asynchttpclient.netty.handler.HttpHandler - 

Request DefaultFullHttpRequest(decodeResult: success, version: HTTP/1.1, content: EmptyByteBufBE)
GET /session/541e5fbff23d86bb83d3a1a7e5bf5bb4/screenshot HTTP/1.1
User-Agent: selenium/4.6.0 (java windows)
Cache-Control: no-cache
Content-Type: application/json; charset=utf-8
host: localhost:26374
accept: */*

Response DefaultHttpResponse(decodeResult: success, version: HTTP/1.1)
HTTP/1.1 200 OK
Content-Type: application/json; charset=utf-8
cache-control: no-cache
content-length: 508484

12:04:07.691 [AsyncHttpClient-1-2] DEBUG org.asynchttpclient.netty.channel.ChannelManager - Adding key: http://localhost:26374 for channel [id: 0x5e9e9eb4, L:/127.0.0.1:64175 - R:localhost/127.0.0.1:26374]
12:04:07.710 [Test worker] DEBUG net.serenitybdd.core.photography.Darkroom - Send negative for processing for C:\Users\Usuario\Documents\retoAutomatizacion\e2e\RetoDemoBlaze\target\site\serenity\86a5fdba5cac51aa9a0569db597ceedc6afaa7f67b759a96ebf0afd77f4c04a9.png
12:04:07.726 [Forwarding getPageSource on session 541e5fbff23d86bb83d3a1a7e5bf5bb4 to remote] DEBUG org.asynchttpclient.netty.request.NettyRequestSender - Using pooled Channel '[id: 0x5e9e9eb4, L:/127.0.0.1:64175 - R:localhost/127.0.0.1:26374]' for 'POST' to 'http://localhost:26374/session/541e5fbff23d86bb83d3a1a7e5bf5bb4/execute/sync'
12:04:07.726 [Forwarding getPageSource on session 541e5fbff23d86bb83d3a1a7e5bf5bb4 to remote] DEBUG org.asynchttpclient.netty.request.NettyRequestSender - Using open Channel [id: 0x5e9e9eb4, L:/127.0.0.1:64175 - R:localhost/127.0.0.1:26374] for POST '/session/541e5fbff23d86bb83d3a1a7e5bf5bb4/execute/sync'
12:04:07.737 [AsyncHttpClient-1-2] DEBUG org.asynchttpclient.netty.handler.HttpHandler - 

Request DefaultHttpRequest(decodeResult: success, version: HTTP/1.1)
POST /session/541e5fbff23d86bb83d3a1a7e5bf5bb4/execute/sync HTTP/1.1
User-Agent: selenium/4.6.0 (java windows)
Content-Length: 176
Content-Type: application/json; charset=utf-8
host: localhost:26374
accept: */*

Response DefaultHttpResponse(decodeResult: success, version: HTTP/1.1)
HTTP/1.1 200 OK
Content-Type: application/json; charset=utf-8
cache-control: no-cache
content-length: 54778

12:04:07.737 [AsyncHttpClient-1-2] DEBUG org.asynchttpclient.netty.channel.ChannelManager - Adding key: http://localhost:26374 for channel [id: 0x5e9e9eb4, L:/127.0.0.1:64175 - R:localhost/127.0.0.1:26374]
12:04:07.743 [Forwarding getCurrentUrl on session 541e5fbff23d86bb83d3a1a7e5bf5bb4 to remote] DEBUG org.asynchttpclient.netty.request.NettyRequestSender - Using pooled Channel '[id: 0x5e9e9eb4, L:/127.0.0.1:64175 - R:localhost/127.0.0.1:26374]' for 'GET' to 'http://localhost:26374/session/541e5fbff23d86bb83d3a1a7e5bf5bb4/url'
12:04:07.743 [Forwarding getCurrentUrl on session 541e5fbff23d86bb83d3a1a7e5bf5bb4 to remote] DEBUG org.asynchttpclient.netty.request.NettyRequestSender - Using open Channel [id: 0x5e9e9eb4, L:/127.0.0.1:64175 - R:localhost/127.0.0.1:26374] for GET '/session/541e5fbff23d86bb83d3a1a7e5bf5bb4/url'
12:04:07.749 [AsyncHttpClient-1-2] DEBUG org.asynchttpclient.netty.handler.HttpHandler - 

Request DefaultFullHttpRequest(decodeResult: success, version: HTTP/1.1, content: EmptyByteBufBE)
GET /session/541e5fbff23d86bb83d3a1a7e5bf5bb4/url HTTP/1.1
User-Agent: selenium/4.6.0 (java windows)
Cache-Control: no-cache
Content-Type: application/json; charset=utf-8
host: localhost:26374
accept: */*

Response DefaultHttpResponse(decodeResult: success, version: HTTP/1.1)
HTTP/1.1 200 OK
Content-Type: application/json; charset=utf-8
cache-control: no-cache
content-length: 54

12:04:07.749 [AsyncHttpClient-1-2] DEBUG org.asynchttpclient.netty.channel.ChannelManager - Adding key: http://localhost:26374 for channel [id: 0x5e9e9eb4, L:/127.0.0.1:64175 - R:localhost/127.0.0.1:26374]
12:04:07.751 [Test worker] DEBUG net.thucydides.core.steps.StepInterceptor - STARTING STEP: PickItem.performAs - {0} clicks on #target
12:04:07.752 [Test worker] DEBUG net.serenitybdd.screenplay.targets.IFrameSwitcher - default content already selected for Phones
12:04:07.804 [Forwarding findElement on session 541e5fbff23d86bb83d3a1a7e5bf5bb4 to remote] DEBUG org.asynchttpclient.netty.request.NettyRequestSender - Using pooled Channel '[id: 0x5e9e9eb4, L:/127.0.0.1:64175 - R:localhost/127.0.0.1:26374]' for 'POST' to 'http://localhost:26374/session/541e5fbff23d86bb83d3a1a7e5bf5bb4/element'
12:04:07.804 [Forwarding findElement on session 541e5fbff23d86bb83d3a1a7e5bf5bb4 to remote] DEBUG org.asynchttpclient.netty.request.NettyRequestSender - Using open Channel [id: 0x5e9e9eb4, L:/127.0.0.1:64175 - R:localhost/127.0.0.1:26374] for POST '/session/541e5fbff23d86bb83d3a1a7e5bf5bb4/element'
12:04:07.813 [AsyncHttpClient-1-2] DEBUG org.asynchttpclient.netty.handler.HttpHandler - 

Request DefaultHttpRequest(decodeResult: success, version: HTTP/1.1)
POST /session/541e5fbff23d86bb83d3a1a7e5bf5bb4/element HTTP/1.1
User-Agent: selenium/4.6.0 (java windows)
Content-Length: 72
Content-Type: application/json; charset=utf-8
host: localhost:26374
accept: */*

Response DefaultHttpResponse(decodeResult: success, version: HTTP/1.1)
HTTP/1.1 200 OK
Content-Type: application/json; charset=utf-8
cache-control: no-cache
content-length: 96

12:04:07.813 [AsyncHttpClient-1-2] DEBUG org.asynchttpclient.netty.channel.ChannelManager - Adding key: http://localhost:26374 for channel [id: 0x5e9e9eb4, L:/127.0.0.1:64175 - R:localhost/127.0.0.1:26374]
12:04:07.826 [Forwarding isElementDisplayed on session 541e5fbff23d86bb83d3a1a7e5bf5bb4 to remote] DEBUG org.asynchttpclient.netty.request.NettyRequestSender - Using pooled Channel '[id: 0x5e9e9eb4, L:/127.0.0.1:64175 - R:localhost/127.0.0.1:26374]' for 'POST' to 'http://localhost:26374/session/541e5fbff23d86bb83d3a1a7e5bf5bb4/execute/sync'
12:04:07.826 [Forwarding isElementDisplayed on session 541e5fbff23d86bb83d3a1a7e5bf5bb4 to remote] DEBUG org.asynchttpclient.netty.request.NettyRequestSender - Using open Channel [id: 0x5e9e9eb4, L:/127.0.0.1:64175 - R:localhost/127.0.0.1:26374] for POST '/session/541e5fbff23d86bb83d3a1a7e5bf5bb4/execute/sync'
12:04:07.836 [AsyncHttpClient-1-2] DEBUG org.asynchttpclient.netty.handler.HttpHandler - 

Request DefaultHttpRequest(decodeResult: success, version: HTTP/1.1)
POST /session/541e5fbff23d86bb83d3a1a7e5bf5bb4/execute/sync HTTP/1.1
User-Agent: selenium/4.6.0 (java windows)
Content-Length: 48788
Content-Type: application/json; charset=utf-8
host: localhost:26374
accept: */*

Response DefaultHttpResponse(decodeResult: success, version: HTTP/1.1)
HTTP/1.1 200 OK
Content-Type: application/json; charset=utf-8
cache-control: no-cache
content-length: 14

12:04:07.836 [AsyncHttpClient-1-2] DEBUG org.asynchttpclient.netty.channel.ChannelManager - Adding key: http://localhost:26374 for channel [id: 0x5e9e9eb4, L:/127.0.0.1:64175 - R:localhost/127.0.0.1:26374]
12:04:07.855 [Forwarding findElement on session 541e5fbff23d86bb83d3a1a7e5bf5bb4 to remote] DEBUG org.asynchttpclient.netty.request.NettyRequestSender - Using pooled Channel '[id: 0x5e9e9eb4, L:/127.0.0.1:64175 - R:localhost/127.0.0.1:26374]' for 'POST' to 'http://localhost:26374/session/541e5fbff23d86bb83d3a1a7e5bf5bb4/element'
12:04:07.855 [Forwarding findElement on session 541e5fbff23d86bb83d3a1a7e5bf5bb4 to remote] DEBUG org.asynchttpclient.netty.request.NettyRequestSender - Using open Channel [id: 0x5e9e9eb4, L:/127.0.0.1:64175 - R:localhost/127.0.0.1:26374] for POST '/session/541e5fbff23d86bb83d3a1a7e5bf5bb4/element'
12:04:07.862 [AsyncHttpClient-1-2] DEBUG org.asynchttpclient.netty.handler.HttpHandler - 

Request DefaultHttpRequest(decodeResult: success, version: HTTP/1.1)
POST /session/541e5fbff23d86bb83d3a1a7e5bf5bb4/element HTTP/1.1
User-Agent: selenium/4.6.0 (java windows)
Content-Length: 72
Content-Type: application/json; charset=utf-8
host: localhost:26374
accept: */*

Response DefaultHttpResponse(decodeResult: success, version: HTTP/1.1)
HTTP/1.1 200 OK
Content-Type: application/json; charset=utf-8
cache-control: no-cache
content-length: 96

12:04:07.862 [AsyncHttpClient-1-2] DEBUG org.asynchttpclient.netty.channel.ChannelManager - Adding key: http://localhost:26374 for channel [id: 0x5e9e9eb4, L:/127.0.0.1:64175 - R:localhost/127.0.0.1:26374]
12:04:07.863 [Forwarding clickElement on session 541e5fbff23d86bb83d3a1a7e5bf5bb4 to remote] DEBUG org.asynchttpclient.netty.request.NettyRequestSender - Using pooled Channel '[id: 0x5e9e9eb4, L:/127.0.0.1:64175 - R:localhost/127.0.0.1:26374]' for 'POST' to 'http://localhost:26374/session/541e5fbff23d86bb83d3a1a7e5bf5bb4/element/FA6741DFEB08487B3A500F5E6EFA69F5_element_275/click'
12:04:07.864 [Forwarding clickElement on session 541e5fbff23d86bb83d3a1a7e5bf5bb4 to remote] DEBUG org.asynchttpclient.netty.request.NettyRequestSender - Using open Channel [id: 0x5e9e9eb4, L:/127.0.0.1:64175 - R:localhost/127.0.0.1:26374] for POST '/session/541e5fbff23d86bb83d3a1a7e5bf5bb4/element/FA6741DFEB08487B3A500F5E6EFA69F5_element_275/click'
12:04:07.893 [AsyncHttpClient-1-2] DEBUG org.asynchttpclient.netty.handler.HttpHandler - 

Request DefaultHttpRequest(decodeResult: success, version: HTTP/1.1)
POST /session/541e5fbff23d86bb83d3a1a7e5bf5bb4/element/FA6741DFEB08487B3A500F5E6EFA69F5_element_275/click HTTP/1.1
User-Agent: selenium/4.6.0 (java windows)
Content-Length: 58
Content-Type: application/json; charset=utf-8
host: localhost:26374
accept: */*

Response DefaultHttpResponse(decodeResult: success, version: HTTP/1.1)
HTTP/1.1 200 OK
Content-Type: application/json; charset=utf-8
cache-control: no-cache
content-length: 14

12:04:07.893 [AsyncHttpClient-1-2] DEBUG org.asynchttpclient.netty.channel.ChannelManager - Adding key: http://localhost:26374 for channel [id: 0x5e9e9eb4, L:/127.0.0.1:64175 - R:localhost/127.0.0.1:26374]
12:04:07.939 [Forwarding getCurrentWindowHandle on session 541e5fbff23d86bb83d3a1a7e5bf5bb4 to remote] DEBUG org.asynchttpclient.netty.request.NettyRequestSender - Using pooled Channel '[id: 0x5e9e9eb4, L:/127.0.0.1:64175 - R:localhost/127.0.0.1:26374]' for 'GET' to 'http://localhost:26374/session/541e5fbff23d86bb83d3a1a7e5bf5bb4/window'
12:04:07.939 [Forwarding getCurrentWindowHandle on session 541e5fbff23d86bb83d3a1a7e5bf5bb4 to remote] DEBUG org.asynchttpclient.netty.request.NettyRequestSender - Using open Channel [id: 0x5e9e9eb4, L:/127.0.0.1:64175 - R:localhost/127.0.0.1:26374] for GET '/session/541e5fbff23d86bb83d3a1a7e5bf5bb4/window'
12:04:07.940 [AsyncHttpClient-1-2] DEBUG org.asynchttpclient.netty.handler.HttpHandler - 

Request DefaultFullHttpRequest(decodeResult: success, version: HTTP/1.1, content: EmptyByteBufBE)
GET /session/541e5fbff23d86bb83d3a1a7e5bf5bb4/window HTTP/1.1
User-Agent: selenium/4.6.0 (java windows)
Cache-Control: no-cache
Content-Type: application/json; charset=utf-8
host: localhost:26374
accept: */*

Response DefaultHttpResponse(decodeResult: success, version: HTTP/1.1)
HTTP/1.1 200 OK
Content-Type: application/json; charset=utf-8
cache-control: no-cache
content-length: 44

12:04:07.940 [AsyncHttpClient-1-2] DEBUG org.asynchttpclient.netty.channel.ChannelManager - Adding key: http://localhost:26374 for channel [id: 0x5e9e9eb4, L:/127.0.0.1:64175 - R:localhost/127.0.0.1:26374]
12:04:07.955 [Forwarding getAlertText on session 541e5fbff23d86bb83d3a1a7e5bf5bb4 to remote] DEBUG org.asynchttpclient.netty.request.NettyRequestSender - Using pooled Channel '[id: 0x5e9e9eb4, L:/127.0.0.1:64175 - R:localhost/127.0.0.1:26374]' for 'GET' to 'http://localhost:26374/session/541e5fbff23d86bb83d3a1a7e5bf5bb4/alert/text'
12:04:07.956 [Forwarding getAlertText on session 541e5fbff23d86bb83d3a1a7e5bf5bb4 to remote] DEBUG org.asynchttpclient.netty.request.NettyRequestSender - Using open Channel [id: 0x5e9e9eb4, L:/127.0.0.1:64175 - R:localhost/127.0.0.1:26374] for GET '/session/541e5fbff23d86bb83d3a1a7e5bf5bb4/alert/text'
12:04:07.956 [AsyncHttpClient-1-2] DEBUG org.asynchttpclient.netty.handler.HttpHandler - 

Request DefaultFullHttpRequest(decodeResult: success, version: HTTP/1.1, content: EmptyByteBufBE)
GET /session/541e5fbff23d86bb83d3a1a7e5bf5bb4/alert/text HTTP/1.1
User-Agent: selenium/4.6.0 (java windows)
Cache-Control: no-cache
Content-Type: application/json; charset=utf-8
host: localhost:26374
accept: */*

Response DefaultHttpResponse(decodeResult: success, version: HTTP/1.1)
HTTP/1.1 404 Not Found
Content-Type: application/json; charset=utf-8
cache-control: no-cache
content-length: 848

12:04:07.958 [AsyncHttpClient-1-2] DEBUG org.asynchttpclient.netty.channel.ChannelManager - Adding key: http://localhost:26374 for channel [id: 0x5e9e9eb4, L:/127.0.0.1:64175 - R:localhost/127.0.0.1:26374]
12:04:07.969 [Forwarding switchToWindow on session 541e5fbff23d86bb83d3a1a7e5bf5bb4 to remote] DEBUG org.asynchttpclient.netty.request.NettyRequestSender - Using pooled Channel '[id: 0x5e9e9eb4, L:/127.0.0.1:64175 - R:localhost/127.0.0.1:26374]' for 'POST' to 'http://localhost:26374/session/541e5fbff23d86bb83d3a1a7e5bf5bb4/window'
12:04:07.969 [Forwarding switchToWindow on session 541e5fbff23d86bb83d3a1a7e5bf5bb4 to remote] DEBUG org.asynchttpclient.netty.request.NettyRequestSender - Using open Channel [id: 0x5e9e9eb4, L:/127.0.0.1:64175 - R:localhost/127.0.0.1:26374] for POST '/session/541e5fbff23d86bb83d3a1a7e5bf5bb4/window'
12:04:07.973 [AsyncHttpClient-1-2] DEBUG org.asynchttpclient.netty.handler.HttpHandler - 

Request DefaultHttpRequest(decodeResult: success, version: HTTP/1.1)
POST /session/541e5fbff23d86bb83d3a1a7e5bf5bb4/window HTTP/1.1
User-Agent: selenium/4.6.0 (java windows)
Content-Length: 50
Content-Type: application/json; charset=utf-8
host: localhost:26374
accept: */*

Response DefaultHttpResponse(decodeResult: success, version: HTTP/1.1)
HTTP/1.1 200 OK
Content-Type: application/json; charset=utf-8
cache-control: no-cache
content-length: 14

12:04:07.973 [AsyncHttpClient-1-2] DEBUG org.asynchttpclient.netty.channel.ChannelManager - Adding key: http://localhost:26374 for channel [id: 0x5e9e9eb4, L:/127.0.0.1:64175 - R:localhost/127.0.0.1:26374]
12:04:07.974 [Forwarding getCurrentUrl on session 541e5fbff23d86bb83d3a1a7e5bf5bb4 to remote] DEBUG org.asynchttpclient.netty.request.NettyRequestSender - Using pooled Channel '[id: 0x5e9e9eb4, L:/127.0.0.1:64175 - R:localhost/127.0.0.1:26374]' for 'GET' to 'http://localhost:26374/session/541e5fbff23d86bb83d3a1a7e5bf5bb4/url'
12:04:07.974 [Forwarding getCurrentUrl on session 541e5fbff23d86bb83d3a1a7e5bf5bb4 to remote] DEBUG org.asynchttpclient.netty.request.NettyRequestSender - Using open Channel [id: 0x5e9e9eb4, L:/127.0.0.1:64175 - R:localhost/127.0.0.1:26374] for GET '/session/541e5fbff23d86bb83d3a1a7e5bf5bb4/url'
12:04:07.980 [AsyncHttpClient-1-2] DEBUG org.asynchttpclient.netty.handler.HttpHandler - 

Request DefaultFullHttpRequest(decodeResult: success, version: HTTP/1.1, content: EmptyByteBufBE)
GET /session/541e5fbff23d86bb83d3a1a7e5bf5bb4/url HTTP/1.1
User-Agent: selenium/4.6.0 (java windows)
Cache-Control: no-cache
Content-Type: application/json; charset=utf-8
host: localhost:26374
accept: */*

Response DefaultHttpResponse(decodeResult: success, version: HTTP/1.1)
HTTP/1.1 200 OK
Content-Type: application/json; charset=utf-8
cache-control: no-cache
content-length: 55

12:04:07.980 [AsyncHttpClient-1-2] DEBUG org.asynchttpclient.netty.channel.ChannelManager - Adding key: http://localhost:26374 for channel [id: 0x5e9e9eb4, L:/127.0.0.1:64175 - R:localhost/127.0.0.1:26374]
12:04:07.982 [Forwarding screenshot on session 541e5fbff23d86bb83d3a1a7e5bf5bb4 to remote] DEBUG org.asynchttpclient.netty.request.NettyRequestSender - Using pooled Channel '[id: 0x5e9e9eb4, L:/127.0.0.1:64175 - R:localhost/127.0.0.1:26374]' for 'GET' to 'http://localhost:26374/session/541e5fbff23d86bb83d3a1a7e5bf5bb4/screenshot'
12:04:07.982 [Forwarding screenshot on session 541e5fbff23d86bb83d3a1a7e5bf5bb4 to remote] DEBUG org.asynchttpclient.netty.request.NettyRequestSender - Using open Channel [id: 0x5e9e9eb4, L:/127.0.0.1:64175 - R:localhost/127.0.0.1:26374] for GET '/session/541e5fbff23d86bb83d3a1a7e5bf5bb4/screenshot'
12:04:08.210 [AsyncHttpClient-1-2] DEBUG org.asynchttpclient.netty.handler.HttpHandler - 

Request DefaultFullHttpRequest(decodeResult: success, version: HTTP/1.1, content: EmptyByteBufBE)
GET /session/541e5fbff23d86bb83d3a1a7e5bf5bb4/screenshot HTTP/1.1
User-Agent: selenium/4.6.0 (java windows)
Cache-Control: no-cache
Content-Type: application/json; charset=utf-8
host: localhost:26374
accept: */*

Response DefaultHttpResponse(decodeResult: success, version: HTTP/1.1)
HTTP/1.1 200 OK
Content-Type: application/json; charset=utf-8
cache-control: no-cache
content-length: 508872

12:04:08.210 [AsyncHttpClient-1-2] DEBUG org.asynchttpclient.netty.channel.ChannelManager - Adding key: http://localhost:26374 for channel [id: 0x5e9e9eb4, L:/127.0.0.1:64175 - R:localhost/127.0.0.1:26374]
12:04:08.225 [Test worker] DEBUG net.serenitybdd.core.photography.Darkroom - Send negative for processing for C:\Users\Usuario\Documents\retoAutomatizacion\e2e\RetoDemoBlaze\target\site\serenity\03dc8508f0d231d4687a18021716e0d8202c9146ff8f0c26ef01b823f84abb68.png
12:04:08.225 [Darkroom Processing Line] DEBUG net.serenitybdd.core.photography.DarkroomProcessingLine - Processing screenshot image in /var/screenshots/screenshot-9526284739728732692
12:04:08.225 [Test worker] DEBUG net.thucydides.core.steps.StepInterceptor - STEP DONE: {0} clicks on #target
12:04:08.225 [Darkroom Processing Line] DEBUG net.serenitybdd.core.photography.DarkroomProcessingLine - Saving screenshot to C:\Users\Usuario\Documents\retoAutomatizacion\e2e\RetoDemoBlaze\target\site\serenity\03dc8508f0d231d4687a18021716e0d8202c9146ff8f0c26ef01b823f84abb68.png
12:04:08.261 [Forwarding getPageSource on session 541e5fbff23d86bb83d3a1a7e5bf5bb4 to remote] DEBUG org.asynchttpclient.netty.request.NettyRequestSender - Using pooled Channel '[id: 0x5e9e9eb4, L:/127.0.0.1:64175 - R:localhost/127.0.0.1:26374]' for 'POST' to 'http://localhost:26374/session/541e5fbff23d86bb83d3a1a7e5bf5bb4/execute/sync'
12:04:08.261 [Forwarding getPageSource on session 541e5fbff23d86bb83d3a1a7e5bf5bb4 to remote] DEBUG org.asynchttpclient.netty.request.NettyRequestSender - Using open Channel [id: 0x5e9e9eb4, L:/127.0.0.1:64175 - R:localhost/127.0.0.1:26374] for POST '/session/541e5fbff23d86bb83d3a1a7e5bf5bb4/execute/sync'
12:04:08.272 [AsyncHttpClient-1-2] DEBUG org.asynchttpclient.netty.handler.HttpHandler - 

Request DefaultHttpRequest(decodeResult: success, version: HTTP/1.1)
POST /session/541e5fbff23d86bb83d3a1a7e5bf5bb4/execute/sync HTTP/1.1
User-Agent: selenium/4.6.0 (java windows)
Content-Length: 176
Content-Type: application/json; charset=utf-8
host: localhost:26374
accept: */*

Response DefaultHttpResponse(decodeResult: success, version: HTTP/1.1)
HTTP/1.1 200 OK
Content-Type: application/json; charset=utf-8
cache-control: no-cache
content-length: 54778

12:04:08.272 [AsyncHttpClient-1-2] DEBUG org.asynchttpclient.netty.channel.ChannelManager - Adding key: http://localhost:26374 for channel [id: 0x5e9e9eb4, L:/127.0.0.1:64175 - R:localhost/127.0.0.1:26374]
12:04:08.285 [Forwarding getCurrentUrl on session 541e5fbff23d86bb83d3a1a7e5bf5bb4 to remote] DEBUG org.asynchttpclient.netty.request.NettyRequestSender - Using pooled Channel '[id: 0x5e9e9eb4, L:/127.0.0.1:64175 - R:localhost/127.0.0.1:26374]' for 'GET' to 'http://localhost:26374/session/541e5fbff23d86bb83d3a1a7e5bf5bb4/url'
12:04:08.285 [Forwarding getCurrentUrl on session 541e5fbff23d86bb83d3a1a7e5bf5bb4 to remote] DEBUG org.asynchttpclient.netty.request.NettyRequestSender - Using open Channel [id: 0x5e9e9eb4, L:/127.0.0.1:64175 - R:localhost/127.0.0.1:26374] for GET '/session/541e5fbff23d86bb83d3a1a7e5bf5bb4/url'
12:04:08.291 [AsyncHttpClient-1-2] DEBUG org.asynchttpclient.netty.handler.HttpHandler - 

Request DefaultFullHttpRequest(decodeResult: success, version: HTTP/1.1, content: EmptyByteBufBE)
GET /session/541e5fbff23d86bb83d3a1a7e5bf5bb4/url HTTP/1.1
User-Agent: selenium/4.6.0 (java windows)
Cache-Control: no-cache
Content-Type: application/json; charset=utf-8
host: localhost:26374
accept: */*

Response DefaultHttpResponse(decodeResult: success, version: HTTP/1.1)
HTTP/1.1 200 OK
Content-Type: application/json; charset=utf-8
cache-control: no-cache
content-length: 55

12:04:08.291 [AsyncHttpClient-1-2] DEBUG org.asynchttpclient.netty.channel.ChannelManager - Adding key: http://localhost:26374 for channel [id: 0x5e9e9eb4, L:/127.0.0.1:64175 - R:localhost/127.0.0.1:26374]
12:04:08.293 [Test worker] DEBUG net.thucydides.core.steps.StepInterceptor - STARTING STEP: PickItem.performAs - performAs
12:04:08.564 [AsyncHttpClient-1-1] DEBUG org.asynchttpclient.netty.channel.DefaultChannelPool - Entry count for : http://localhost:64176 : 1
12:04:08.564 [AsyncHttpClient-1-1] DEBUG org.asynchttpclient.netty.channel.DefaultChannelPool - Entry count for : http://localhost:26374 : 1
12:04:09.664 [AsyncHttpClient-1-1] DEBUG org.asynchttpclient.netty.channel.DefaultChannelPool - Entry count for : http://localhost:64176 : 1
12:04:09.664 [AsyncHttpClient-1-1] DEBUG org.asynchttpclient.netty.channel.DefaultChannelPool - Entry count for : http://localhost:26374 : 1
12:04:10.769 [AsyncHttpClient-1-1] DEBUG org.asynchttpclient.netty.channel.DefaultChannelPool - Entry count for : http://localhost:64176 : 1
12:04:10.769 [AsyncHttpClient-1-1] DEBUG org.asynchttpclient.netty.channel.DefaultChannelPool - Entry count for : http://localhost:26374 : 1
12:04:11.333 [Forwarding getCurrentWindowHandle on session 541e5fbff23d86bb83d3a1a7e5bf5bb4 to remote] DEBUG org.asynchttpclient.netty.request.NettyRequestSender - Using pooled Channel '[id: 0x5e9e9eb4, L:/127.0.0.1:64175 - R:localhost/127.0.0.1:26374]' for 'GET' to 'http://localhost:26374/session/541e5fbff23d86bb83d3a1a7e5bf5bb4/window'
12:04:11.333 [Forwarding getCurrentWindowHandle on session 541e5fbff23d86bb83d3a1a7e5bf5bb4 to remote] DEBUG org.asynchttpclient.netty.request.NettyRequestSender - Using open Channel [id: 0x5e9e9eb4, L:/127.0.0.1:64175 - R:localhost/127.0.0.1:26374] for GET '/session/541e5fbff23d86bb83d3a1a7e5bf5bb4/window'
12:04:11.335 [AsyncHttpClient-1-2] DEBUG org.asynchttpclient.netty.handler.HttpHandler - 

Request DefaultFullHttpRequest(decodeResult: success, version: HTTP/1.1, content: EmptyByteBufBE)
GET /session/541e5fbff23d86bb83d3a1a7e5bf5bb4/window HTTP/1.1
User-Agent: selenium/4.6.0 (java windows)
Cache-Control: no-cache
Content-Type: application/json; charset=utf-8
host: localhost:26374
accept: */*

Response DefaultHttpResponse(decodeResult: success, version: HTTP/1.1)
HTTP/1.1 200 OK
Content-Type: application/json; charset=utf-8
cache-control: no-cache
content-length: 44

12:04:11.335 [AsyncHttpClient-1-2] DEBUG org.asynchttpclient.netty.channel.ChannelManager - Adding key: http://localhost:26374 for channel [id: 0x5e9e9eb4, L:/127.0.0.1:64175 - R:localhost/127.0.0.1:26374]
12:04:11.345 [Forwarding getAlertText on session 541e5fbff23d86bb83d3a1a7e5bf5bb4 to remote] DEBUG org.asynchttpclient.netty.request.NettyRequestSender - Using pooled Channel '[id: 0x5e9e9eb4, L:/127.0.0.1:64175 - R:localhost/127.0.0.1:26374]' for 'GET' to 'http://localhost:26374/session/541e5fbff23d86bb83d3a1a7e5bf5bb4/alert/text'
12:04:11.345 [Forwarding getAlertText on session 541e5fbff23d86bb83d3a1a7e5bf5bb4 to remote] DEBUG org.asynchttpclient.netty.request.NettyRequestSender - Using open Channel [id: 0x5e9e9eb4, L:/127.0.0.1:64175 - R:localhost/127.0.0.1:26374] for GET '/session/541e5fbff23d86bb83d3a1a7e5bf5bb4/alert/text'
12:04:11.346 [AsyncHttpClient-1-2] DEBUG org.asynchttpclient.netty.handler.HttpHandler - 

Request DefaultFullHttpRequest(decodeResult: success, version: HTTP/1.1, content: EmptyByteBufBE)
GET /session/541e5fbff23d86bb83d3a1a7e5bf5bb4/alert/text HTTP/1.1
User-Agent: selenium/4.6.0 (java windows)
Cache-Control: no-cache
Content-Type: application/json; charset=utf-8
host: localhost:26374
accept: */*

Response DefaultHttpResponse(decodeResult: success, version: HTTP/1.1)
HTTP/1.1 200 OK
Content-Type: application/json; charset=utf-8
cache-control: no-cache
content-length: 26

12:04:11.346 [AsyncHttpClient-1-2] DEBUG org.asynchttpclient.netty.channel.ChannelManager - Adding key: http://localhost:26374 for channel [id: 0x5e9e9eb4, L:/127.0.0.1:64175 - R:localhost/127.0.0.1:26374]
12:04:11.347 [Forwarding getAlertText on session 541e5fbff23d86bb83d3a1a7e5bf5bb4 to remote] DEBUG org.asynchttpclient.netty.request.NettyRequestSender - Using pooled Channel '[id: 0x5e9e9eb4, L:/127.0.0.1:64175 - R:localhost/127.0.0.1:26374]' for 'GET' to 'http://localhost:26374/session/541e5fbff23d86bb83d3a1a7e5bf5bb4/alert/text'
12:04:11.347 [Forwarding getAlertText on session 541e5fbff23d86bb83d3a1a7e5bf5bb4 to remote] DEBUG org.asynchttpclient.netty.request.NettyRequestSender - Using open Channel [id: 0x5e9e9eb4, L:/127.0.0.1:64175 - R:localhost/127.0.0.1:26374] for GET '/session/541e5fbff23d86bb83d3a1a7e5bf5bb4/alert/text'
12:04:11.347 [AsyncHttpClient-1-2] DEBUG org.asynchttpclient.netty.handler.HttpHandler - 

Request DefaultFullHttpRequest(decodeResult: success, version: HTTP/1.1, content: EmptyByteBufBE)
GET /session/541e5fbff23d86bb83d3a1a7e5bf5bb4/alert/text HTTP/1.1
User-Agent: selenium/4.6.0 (java windows)
Cache-Control: no-cache
Content-Type: application/json; charset=utf-8
host: localhost:26374
accept: */*

Response DefaultHttpResponse(decodeResult: success, version: HTTP/1.1)
HTTP/1.1 200 OK
Content-Type: application/json; charset=utf-8
cache-control: no-cache
content-length: 26

12:04:11.348 [AsyncHttpClient-1-2] DEBUG org.asynchttpclient.netty.channel.ChannelManager - Adding key: http://localhost:26374 for channel [id: 0x5e9e9eb4, L:/127.0.0.1:64175 - R:localhost/127.0.0.1:26374]
12:04:11.359 [Forwarding switchToWindow on session 541e5fbff23d86bb83d3a1a7e5bf5bb4 to remote] DEBUG org.asynchttpclient.netty.request.NettyRequestSender - Using pooled Channel '[id: 0x5e9e9eb4, L:/127.0.0.1:64175 - R:localhost/127.0.0.1:26374]' for 'POST' to 'http://localhost:26374/session/541e5fbff23d86bb83d3a1a7e5bf5bb4/window'
12:04:11.359 [Forwarding switchToWindow on session 541e5fbff23d86bb83d3a1a7e5bf5bb4 to remote] DEBUG org.asynchttpclient.netty.request.NettyRequestSender - Using open Channel [id: 0x5e9e9eb4, L:/127.0.0.1:64175 - R:localhost/127.0.0.1:26374] for POST '/session/541e5fbff23d86bb83d3a1a7e5bf5bb4/window'
12:04:11.360 [AsyncHttpClient-1-2] DEBUG org.asynchttpclient.netty.handler.HttpHandler - 

Request DefaultHttpRequest(decodeResult: success, version: HTTP/1.1)
POST /session/541e5fbff23d86bb83d3a1a7e5bf5bb4/window HTTP/1.1
User-Agent: selenium/4.6.0 (java windows)
Content-Length: 50
Content-Type: application/json; charset=utf-8
host: localhost:26374
accept: */*

Response DefaultHttpResponse(decodeResult: success, version: HTTP/1.1)
HTTP/1.1 200 OK
Content-Type: application/json; charset=utf-8
cache-control: no-cache
content-length: 14

12:04:11.360 [AsyncHttpClient-1-2] DEBUG org.asynchttpclient.netty.channel.ChannelManager - Adding key: http://localhost:26374 for channel [id: 0x5e9e9eb4, L:/127.0.0.1:64175 - R:localhost/127.0.0.1:26374]
12:04:11.360 [Test worker] DEBUG net.thucydides.core.steps.StepInterceptor - STEP DONE: performAs
12:04:11.373 [Forwarding getAlertText on session 541e5fbff23d86bb83d3a1a7e5bf5bb4 to remote] DEBUG org.asynchttpclient.netty.request.NettyRequestSender - Using pooled Channel '[id: 0x5e9e9eb4, L:/127.0.0.1:64175 - R:localhost/127.0.0.1:26374]' for 'GET' to 'http://localhost:26374/session/541e5fbff23d86bb83d3a1a7e5bf5bb4/alert/text'
12:04:11.373 [Forwarding getAlertText on session 541e5fbff23d86bb83d3a1a7e5bf5bb4 to remote] DEBUG org.asynchttpclient.netty.request.NettyRequestSender - Using open Channel [id: 0x5e9e9eb4, L:/127.0.0.1:64175 - R:localhost/127.0.0.1:26374] for GET '/session/541e5fbff23d86bb83d3a1a7e5bf5bb4/alert/text'
12:04:11.373 [AsyncHttpClient-1-2] DEBUG org.asynchttpclient.netty.handler.HttpHandler - 

Request DefaultFullHttpRequest(decodeResult: success, version: HTTP/1.1, content: EmptyByteBufBE)
GET /session/541e5fbff23d86bb83d3a1a7e5bf5bb4/alert/text HTTP/1.1
User-Agent: selenium/4.6.0 (java windows)
Cache-Control: no-cache
Content-Type: application/json; charset=utf-8
host: localhost:26374
accept: */*

Response DefaultHttpResponse(decodeResult: success, version: HTTP/1.1)
HTTP/1.1 200 OK
Content-Type: application/json; charset=utf-8
cache-control: no-cache
content-length: 26

12:04:11.374 [AsyncHttpClient-1-2] DEBUG org.asynchttpclient.netty.channel.ChannelManager - Adding key: http://localhost:26374 for channel [id: 0x5e9e9eb4, L:/127.0.0.1:64175 - R:localhost/127.0.0.1:26374]
12:04:11.374 [Forwarding acceptAlert on session 541e5fbff23d86bb83d3a1a7e5bf5bb4 to remote] DEBUG org.asynchttpclient.netty.request.NettyRequestSender - Using pooled Channel '[id: 0x5e9e9eb4, L:/127.0.0.1:64175 - R:localhost/127.0.0.1:26374]' for 'POST' to 'http://localhost:26374/session/541e5fbff23d86bb83d3a1a7e5bf5bb4/alert/accept'
12:04:11.374 [Forwarding acceptAlert on session 541e5fbff23d86bb83d3a1a7e5bf5bb4 to remote] DEBUG org.asynchttpclient.netty.request.NettyRequestSender - Using open Channel [id: 0x5e9e9eb4, L:/127.0.0.1:64175 - R:localhost/127.0.0.1:26374] for POST '/session/541e5fbff23d86bb83d3a1a7e5bf5bb4/alert/accept'
12:04:11.377 [AsyncHttpClient-1-2] DEBUG org.asynchttpclient.netty.handler.HttpHandler - 

Request DefaultHttpRequest(decodeResult: success, version: HTTP/1.1)
POST /session/541e5fbff23d86bb83d3a1a7e5bf5bb4/alert/accept HTTP/1.1
User-Agent: selenium/4.6.0 (java windows)
Content-Length: 3
Content-Type: application/json; charset=utf-8
host: localhost:26374
accept: */*

Response DefaultHttpResponse(decodeResult: success, version: HTTP/1.1)
HTTP/1.1 200 OK
Content-Type: application/json; charset=utf-8
cache-control: no-cache
content-length: 14

12:04:11.377 [AsyncHttpClient-1-2] DEBUG org.asynchttpclient.netty.channel.ChannelManager - Adding key: http://localhost:26374 for channel [id: 0x5e9e9eb4, L:/127.0.0.1:64175 - R:localhost/127.0.0.1:26374]
12:04:11.415 [Test worker] DEBUG net.serenitybdd.screenplay.targets.IFrameSwitcher - default content already selected for Home
12:04:11.425 [Forwarding findElements on session 541e5fbff23d86bb83d3a1a7e5bf5bb4 to remote] DEBUG org.asynchttpclient.netty.request.NettyRequestSender - Using pooled Channel '[id: 0x5e9e9eb4, L:/127.0.0.1:64175 - R:localhost/127.0.0.1:26374]' for 'POST' to 'http://localhost:26374/session/541e5fbff23d86bb83d3a1a7e5bf5bb4/elements'
12:04:11.425 [Forwarding findElements on session 541e5fbff23d86bb83d3a1a7e5bf5bb4 to remote] DEBUG org.asynchttpclient.netty.request.NettyRequestSender - Using open Channel [id: 0x5e9e9eb4, L:/127.0.0.1:64175 - R:localhost/127.0.0.1:26374] for POST '/session/541e5fbff23d86bb83d3a1a7e5bf5bb4/elements'
12:04:11.437 [AsyncHttpClient-1-2] DEBUG org.asynchttpclient.netty.handler.HttpHandler - 

Request DefaultHttpRequest(decodeResult: success, version: HTTP/1.1)
POST /session/541e5fbff23d86bb83d3a1a7e5bf5bb4/elements HTTP/1.1
User-Agent: selenium/4.6.0 (java windows)
Content-Length: 66
Content-Type: application/json; charset=utf-8
host: localhost:26374
accept: */*

Response DefaultHttpResponse(decodeResult: success, version: HTTP/1.1)
HTTP/1.1 200 OK
Content-Type: application/json; charset=utf-8
cache-control: no-cache
content-length: 98

12:04:11.437 [AsyncHttpClient-1-2] DEBUG org.asynchttpclient.netty.channel.ChannelManager - Adding key: http://localhost:26374 for channel [id: 0x5e9e9eb4, L:/127.0.0.1:64175 - R:localhost/127.0.0.1:26374]
12:04:11.457 [Forwarding isElementDisplayed on session 541e5fbff23d86bb83d3a1a7e5bf5bb4 to remote] DEBUG org.asynchttpclient.netty.request.NettyRequestSender - Using pooled Channel '[id: 0x5e9e9eb4, L:/127.0.0.1:64175 - R:localhost/127.0.0.1:26374]' for 'POST' to 'http://localhost:26374/session/541e5fbff23d86bb83d3a1a7e5bf5bb4/execute/sync'
12:04:11.457 [Forwarding isElementDisplayed on session 541e5fbff23d86bb83d3a1a7e5bf5bb4 to remote] DEBUG org.asynchttpclient.netty.request.NettyRequestSender - Using open Channel [id: 0x5e9e9eb4, L:/127.0.0.1:64175 - R:localhost/127.0.0.1:26374] for POST '/session/541e5fbff23d86bb83d3a1a7e5bf5bb4/execute/sync'
12:04:11.476 [AsyncHttpClient-1-2] DEBUG org.asynchttpclient.netty.handler.HttpHandler - 

Request DefaultHttpRequest(decodeResult: success, version: HTTP/1.1)
POST /session/541e5fbff23d86bb83d3a1a7e5bf5bb4/execute/sync HTTP/1.1
User-Agent: selenium/4.6.0 (java windows)
Content-Length: 48788
Content-Type: application/json; charset=utf-8
host: localhost:26374
accept: */*

Response DefaultHttpResponse(decodeResult: success, version: HTTP/1.1)
HTTP/1.1 200 OK
Content-Type: application/json; charset=utf-8
cache-control: no-cache
content-length: 14

12:04:11.477 [AsyncHttpClient-1-2] DEBUG org.asynchttpclient.netty.channel.ChannelManager - Adding key: http://localhost:26374 for channel [id: 0x5e9e9eb4, L:/127.0.0.1:64175 - R:localhost/127.0.0.1:26374]
12:04:11.484 [Forwarding isElementDisplayed on session 541e5fbff23d86bb83d3a1a7e5bf5bb4 to remote] DEBUG org.asynchttpclient.netty.request.NettyRequestSender - Using pooled Channel '[id: 0x5e9e9eb4, L:/127.0.0.1:64175 - R:localhost/127.0.0.1:26374]' for 'POST' to 'http://localhost:26374/session/541e5fbff23d86bb83d3a1a7e5bf5bb4/execute/sync'
12:04:11.484 [Forwarding isElementDisplayed on session 541e5fbff23d86bb83d3a1a7e5bf5bb4 to remote] DEBUG org.asynchttpclient.netty.request.NettyRequestSender - Using open Channel [id: 0x5e9e9eb4, L:/127.0.0.1:64175 - R:localhost/127.0.0.1:26374] for POST '/session/541e5fbff23d86bb83d3a1a7e5bf5bb4/execute/sync'
12:04:11.503 [AsyncHttpClient-1-2] DEBUG org.asynchttpclient.netty.handler.HttpHandler - 

Request DefaultHttpRequest(decodeResult: success, version: HTTP/1.1)
POST /session/541e5fbff23d86bb83d3a1a7e5bf5bb4/execute/sync HTTP/1.1
User-Agent: selenium/4.6.0 (java windows)
Content-Length: 48788
Content-Type: application/json; charset=utf-8
host: localhost:26374
accept: */*

Response DefaultHttpResponse(decodeResult: success, version: HTTP/1.1)
HTTP/1.1 200 OK
Content-Type: application/json; charset=utf-8
cache-control: no-cache
content-length: 14

12:04:11.503 [AsyncHttpClient-1-2] DEBUG org.asynchttpclient.netty.channel.ChannelManager - Adding key: http://localhost:26374 for channel [id: 0x5e9e9eb4, L:/127.0.0.1:64175 - R:localhost/127.0.0.1:26374]
12:04:11.602 [Forwarding getCurrentWindowHandle on session 541e5fbff23d86bb83d3a1a7e5bf5bb4 to remote] DEBUG org.asynchttpclient.netty.request.NettyRequestSender - Using pooled Channel '[id: 0x5e9e9eb4, L:/127.0.0.1:64175 - R:localhost/127.0.0.1:26374]' for 'GET' to 'http://localhost:26374/session/541e5fbff23d86bb83d3a1a7e5bf5bb4/window'
12:04:11.602 [Forwarding getCurrentWindowHandle on session 541e5fbff23d86bb83d3a1a7e5bf5bb4 to remote] DEBUG org.asynchttpclient.netty.request.NettyRequestSender - Using open Channel [id: 0x5e9e9eb4, L:/127.0.0.1:64175 - R:localhost/127.0.0.1:26374] for GET '/session/541e5fbff23d86bb83d3a1a7e5bf5bb4/window'
12:04:11.603 [AsyncHttpClient-1-2] DEBUG org.asynchttpclient.netty.handler.HttpHandler - 

Request DefaultFullHttpRequest(decodeResult: success, version: HTTP/1.1, content: EmptyByteBufBE)
GET /session/541e5fbff23d86bb83d3a1a7e5bf5bb4/window HTTP/1.1
User-Agent: selenium/4.6.0 (java windows)
Cache-Control: no-cache
Content-Type: application/json; charset=utf-8
host: localhost:26374
accept: */*

Response DefaultHttpResponse(decodeResult: success, version: HTTP/1.1)
HTTP/1.1 200 OK
Content-Type: application/json; charset=utf-8
cache-control: no-cache
content-length: 44

12:04:11.603 [AsyncHttpClient-1-2] DEBUG org.asynchttpclient.netty.channel.ChannelManager - Adding key: http://localhost:26374 for channel [id: 0x5e9e9eb4, L:/127.0.0.1:64175 - R:localhost/127.0.0.1:26374]
12:04:11.611 [Forwarding getAlertText on session 541e5fbff23d86bb83d3a1a7e5bf5bb4 to remote] DEBUG org.asynchttpclient.netty.request.NettyRequestSender - Using pooled Channel '[id: 0x5e9e9eb4, L:/127.0.0.1:64175 - R:localhost/127.0.0.1:26374]' for 'GET' to 'http://localhost:26374/session/541e5fbff23d86bb83d3a1a7e5bf5bb4/alert/text'
12:04:11.611 [Forwarding getAlertText on session 541e5fbff23d86bb83d3a1a7e5bf5bb4 to remote] DEBUG org.asynchttpclient.netty.request.NettyRequestSender - Using open Channel [id: 0x5e9e9eb4, L:/127.0.0.1:64175 - R:localhost/127.0.0.1:26374] for GET '/session/541e5fbff23d86bb83d3a1a7e5bf5bb4/alert/text'
12:04:11.613 [AsyncHttpClient-1-2] DEBUG org.asynchttpclient.netty.handler.HttpHandler - 

Request DefaultFullHttpRequest(decodeResult: success, version: HTTP/1.1, content: EmptyByteBufBE)
GET /session/541e5fbff23d86bb83d3a1a7e5bf5bb4/alert/text HTTP/1.1
User-Agent: selenium/4.6.0 (java windows)
Cache-Control: no-cache
Content-Type: application/json; charset=utf-8
host: localhost:26374
accept: */*

Response DefaultHttpResponse(decodeResult: success, version: HTTP/1.1)
HTTP/1.1 404 Not Found
Content-Type: application/json; charset=utf-8
cache-control: no-cache
content-length: 848

12:04:11.614 [AsyncHttpClient-1-2] DEBUG org.asynchttpclient.netty.channel.ChannelManager - Adding key: http://localhost:26374 for channel [id: 0x5e9e9eb4, L:/127.0.0.1:64175 - R:localhost/127.0.0.1:26374]
12:04:11.622 [Forwarding switchToWindow on session 541e5fbff23d86bb83d3a1a7e5bf5bb4 to remote] DEBUG org.asynchttpclient.netty.request.NettyRequestSender - Using pooled Channel '[id: 0x5e9e9eb4, L:/127.0.0.1:64175 - R:localhost/127.0.0.1:26374]' for 'POST' to 'http://localhost:26374/session/541e5fbff23d86bb83d3a1a7e5bf5bb4/window'
12:04:11.622 [Forwarding switchToWindow on session 541e5fbff23d86bb83d3a1a7e5bf5bb4 to remote] DEBUG org.asynchttpclient.netty.request.NettyRequestSender - Using open Channel [id: 0x5e9e9eb4, L:/127.0.0.1:64175 - R:localhost/127.0.0.1:26374] for POST '/session/541e5fbff23d86bb83d3a1a7e5bf5bb4/window'
12:04:11.624 [AsyncHttpClient-1-2] DEBUG org.asynchttpclient.netty.handler.HttpHandler - 

Request DefaultHttpRequest(decodeResult: success, version: HTTP/1.1)
POST /session/541e5fbff23d86bb83d3a1a7e5bf5bb4/window HTTP/1.1
User-Agent: selenium/4.6.0 (java windows)
Content-Length: 50
Content-Type: application/json; charset=utf-8
host: localhost:26374
accept: */*

Response DefaultHttpResponse(decodeResult: success, version: HTTP/1.1)
HTTP/1.1 200 OK
Content-Type: application/json; charset=utf-8
cache-control: no-cache
content-length: 14

12:04:11.624 [AsyncHttpClient-1-2] DEBUG org.asynchttpclient.netty.channel.ChannelManager - Adding key: http://localhost:26374 for channel [id: 0x5e9e9eb4, L:/127.0.0.1:64175 - R:localhost/127.0.0.1:26374]
12:04:11.624 [Forwarding getCurrentUrl on session 541e5fbff23d86bb83d3a1a7e5bf5bb4 to remote] DEBUG org.asynchttpclient.netty.request.NettyRequestSender - Using pooled Channel '[id: 0x5e9e9eb4, L:/127.0.0.1:64175 - R:localhost/127.0.0.1:26374]' for 'GET' to 'http://localhost:26374/session/541e5fbff23d86bb83d3a1a7e5bf5bb4/url'
12:04:11.624 [Forwarding getCurrentUrl on session 541e5fbff23d86bb83d3a1a7e5bf5bb4 to remote] DEBUG org.asynchttpclient.netty.request.NettyRequestSender - Using open Channel [id: 0x5e9e9eb4, L:/127.0.0.1:64175 - R:localhost/127.0.0.1:26374] for GET '/session/541e5fbff23d86bb83d3a1a7e5bf5bb4/url'
12:04:11.627 [AsyncHttpClient-1-2] DEBUG org.asynchttpclient.netty.handler.HttpHandler - 

Request DefaultFullHttpRequest(decodeResult: success, version: HTTP/1.1, content: EmptyByteBufBE)
GET /session/541e5fbff23d86bb83d3a1a7e5bf5bb4/url HTTP/1.1
User-Agent: selenium/4.6.0 (java windows)
Cache-Control: no-cache
Content-Type: application/json; charset=utf-8
host: localhost:26374
accept: */*

Response DefaultHttpResponse(decodeResult: success, version: HTTP/1.1)
HTTP/1.1 200 OK
Content-Type: application/json; charset=utf-8
cache-control: no-cache
content-length: 55

12:04:11.627 [AsyncHttpClient-1-2] DEBUG org.asynchttpclient.netty.channel.ChannelManager - Adding key: http://localhost:26374 for channel [id: 0x5e9e9eb4, L:/127.0.0.1:64175 - R:localhost/127.0.0.1:26374]
12:04:11.628 [Forwarding screenshot on session 541e5fbff23d86bb83d3a1a7e5bf5bb4 to remote] DEBUG org.asynchttpclient.netty.request.NettyRequestSender - Using pooled Channel '[id: 0x5e9e9eb4, L:/127.0.0.1:64175 - R:localhost/127.0.0.1:26374]' for 'GET' to 'http://localhost:26374/session/541e5fbff23d86bb83d3a1a7e5bf5bb4/screenshot'
12:04:11.628 [Forwarding screenshot on session 541e5fbff23d86bb83d3a1a7e5bf5bb4 to remote] DEBUG org.asynchttpclient.netty.request.NettyRequestSender - Using open Channel [id: 0x5e9e9eb4, L:/127.0.0.1:64175 - R:localhost/127.0.0.1:26374] for GET '/session/541e5fbff23d86bb83d3a1a7e5bf5bb4/screenshot'
12:04:11.820 [AsyncHttpClient-1-2] DEBUG org.asynchttpclient.netty.handler.HttpHandler - 

Request DefaultFullHttpRequest(decodeResult: success, version: HTTP/1.1, content: EmptyByteBufBE)
GET /session/541e5fbff23d86bb83d3a1a7e5bf5bb4/screenshot HTTP/1.1
User-Agent: selenium/4.6.0 (java windows)
Cache-Control: no-cache
Content-Type: application/json; charset=utf-8
host: localhost:26374
accept: */*

Response DefaultHttpResponse(decodeResult: success, version: HTTP/1.1)
HTTP/1.1 200 OK
Content-Type: application/json; charset=utf-8
cache-control: no-cache
content-length: 508836

12:04:11.823 [AsyncHttpClient-1-2] DEBUG org.asynchttpclient.netty.channel.ChannelManager - Adding key: http://localhost:26374 for channel [id: 0x5e9e9eb4, L:/127.0.0.1:64175 - R:localhost/127.0.0.1:26374]
12:04:11.838 [Test worker] DEBUG net.serenitybdd.core.photography.Darkroom - Send negative for processing for C:\Users\Usuario\Documents\retoAutomatizacion\e2e\RetoDemoBlaze\target\site\serenity\63df50fad4e572642d0072c7500b63ce5c09b4066b42f47e30047b52b5c554b0.png
12:04:11.839 [Darkroom Processing Line] DEBUG net.serenitybdd.core.photography.DarkroomProcessingLine - Processing screenshot image in /var/screenshots/screenshot-5686891828379844072
12:04:11.839 [Darkroom Processing Line] DEBUG net.serenitybdd.core.photography.DarkroomProcessingLine - Saving screenshot to C:\Users\Usuario\Documents\retoAutomatizacion\e2e\RetoDemoBlaze\target\site\serenity\63df50fad4e572642d0072c7500b63ce5c09b4066b42f47e30047b52b5c554b0.png
12:04:11.853 [Forwarding getPageSource on session 541e5fbff23d86bb83d3a1a7e5bf5bb4 to remote] DEBUG org.asynchttpclient.netty.request.NettyRequestSender - Using pooled Channel '[id: 0x5e9e9eb4, L:/127.0.0.1:64175 - R:localhost/127.0.0.1:26374]' for 'POST' to 'http://localhost:26374/session/541e5fbff23d86bb83d3a1a7e5bf5bb4/execute/sync'
12:04:11.853 [Forwarding getPageSource on session 541e5fbff23d86bb83d3a1a7e5bf5bb4 to remote] DEBUG org.asynchttpclient.netty.request.NettyRequestSender - Using open Channel [id: 0x5e9e9eb4, L:/127.0.0.1:64175 - R:localhost/127.0.0.1:26374] for POST '/session/541e5fbff23d86bb83d3a1a7e5bf5bb4/execute/sync'
12:04:11.862 [AsyncHttpClient-1-2] DEBUG org.asynchttpclient.netty.handler.HttpHandler - 

Request DefaultHttpRequest(decodeResult: success, version: HTTP/1.1)
POST /session/541e5fbff23d86bb83d3a1a7e5bf5bb4/execute/sync HTTP/1.1
User-Agent: selenium/4.6.0 (java windows)
Content-Length: 176
Content-Type: application/json; charset=utf-8
host: localhost:26374
accept: */*

Response DefaultHttpResponse(decodeResult: success, version: HTTP/1.1)
HTTP/1.1 200 OK
Content-Type: application/json; charset=utf-8
cache-control: no-cache
content-length: 54778

12:04:11.862 [AsyncHttpClient-1-2] DEBUG org.asynchttpclient.netty.channel.ChannelManager - Adding key: http://localhost:26374 for channel [id: 0x5e9e9eb4, L:/127.0.0.1:64175 - R:localhost/127.0.0.1:26374]
12:04:11.864 [AsyncHttpClient-1-1] DEBUG org.asynchttpclient.netty.channel.DefaultChannelPool - Entry count for : http://localhost:64176 : 1
12:04:11.864 [AsyncHttpClient-1-1] DEBUG org.asynchttpclient.netty.channel.DefaultChannelPool - Entry count for : http://localhost:26374 : 1
12:04:11.867 [Forwarding getCurrentUrl on session 541e5fbff23d86bb83d3a1a7e5bf5bb4 to remote] DEBUG org.asynchttpclient.netty.request.NettyRequestSender - Using pooled Channel '[id: 0x5e9e9eb4, L:/127.0.0.1:64175 - R:localhost/127.0.0.1:26374]' for 'GET' to 'http://localhost:26374/session/541e5fbff23d86bb83d3a1a7e5bf5bb4/url'
12:04:11.867 [Forwarding getCurrentUrl on session 541e5fbff23d86bb83d3a1a7e5bf5bb4 to remote] DEBUG org.asynchttpclient.netty.request.NettyRequestSender - Using open Channel [id: 0x5e9e9eb4, L:/127.0.0.1:64175 - R:localhost/127.0.0.1:26374] for GET '/session/541e5fbff23d86bb83d3a1a7e5bf5bb4/url'
12:04:11.871 [AsyncHttpClient-1-2] DEBUG org.asynchttpclient.netty.handler.HttpHandler - 

Request DefaultFullHttpRequest(decodeResult: success, version: HTTP/1.1, content: EmptyByteBufBE)
GET /session/541e5fbff23d86bb83d3a1a7e5bf5bb4/url HTTP/1.1
User-Agent: selenium/4.6.0 (java windows)
Cache-Control: no-cache
Content-Type: application/json; charset=utf-8
host: localhost:26374
accept: */*

Response DefaultHttpResponse(decodeResult: success, version: HTTP/1.1)
HTTP/1.1 200 OK
Content-Type: application/json; charset=utf-8
cache-control: no-cache
content-length: 55

12:04:11.871 [AsyncHttpClient-1-2] DEBUG org.asynchttpclient.netty.channel.ChannelManager - Adding key: http://localhost:26374 for channel [id: 0x5e9e9eb4, L:/127.0.0.1:64175 - R:localhost/127.0.0.1:26374]
12:04:11.872 [Test worker] DEBUG net.thucydides.core.steps.StepInterceptor - STARTING STEP: PickItem.performAs - {0} clicks on #target
12:04:11.873 [Test worker] DEBUG net.serenitybdd.screenplay.targets.IFrameSwitcher - default content already selected for Home
12:04:11.923 [Forwarding findElement on session 541e5fbff23d86bb83d3a1a7e5bf5bb4 to remote] DEBUG org.asynchttpclient.netty.request.NettyRequestSender - Using pooled Channel '[id: 0x5e9e9eb4, L:/127.0.0.1:64175 - R:localhost/127.0.0.1:26374]' for 'POST' to 'http://localhost:26374/session/541e5fbff23d86bb83d3a1a7e5bf5bb4/element'
12:04:11.923 [Forwarding findElement on session 541e5fbff23d86bb83d3a1a7e5bf5bb4 to remote] DEBUG org.asynchttpclient.netty.request.NettyRequestSender - Using open Channel [id: 0x5e9e9eb4, L:/127.0.0.1:64175 - R:localhost/127.0.0.1:26374] for POST '/session/541e5fbff23d86bb83d3a1a7e5bf5bb4/element'
12:04:11.931 [AsyncHttpClient-1-2] DEBUG org.asynchttpclient.netty.handler.HttpHandler - 

Request DefaultHttpRequest(decodeResult: success, version: HTTP/1.1)
POST /session/541e5fbff23d86bb83d3a1a7e5bf5bb4/element HTTP/1.1
User-Agent: selenium/4.6.0 (java windows)
Content-Length: 66
Content-Type: application/json; charset=utf-8
host: localhost:26374
accept: */*

Response DefaultHttpResponse(decodeResult: success, version: HTTP/1.1)
HTTP/1.1 200 OK
Content-Type: application/json; charset=utf-8
cache-control: no-cache
content-length: 96

12:04:11.931 [AsyncHttpClient-1-2] DEBUG org.asynchttpclient.netty.channel.ChannelManager - Adding key: http://localhost:26374 for channel [id: 0x5e9e9eb4, L:/127.0.0.1:64175 - R:localhost/127.0.0.1:26374]
12:04:11.949 [Forwarding isElementDisplayed on session 541e5fbff23d86bb83d3a1a7e5bf5bb4 to remote] DEBUG org.asynchttpclient.netty.request.NettyRequestSender - Using pooled Channel '[id: 0x5e9e9eb4, L:/127.0.0.1:64175 - R:localhost/127.0.0.1:26374]' for 'POST' to 'http://localhost:26374/session/541e5fbff23d86bb83d3a1a7e5bf5bb4/execute/sync'
12:04:11.949 [Forwarding isElementDisplayed on session 541e5fbff23d86bb83d3a1a7e5bf5bb4 to remote] DEBUG org.asynchttpclient.netty.request.NettyRequestSender - Using open Channel [id: 0x5e9e9eb4, L:/127.0.0.1:64175 - R:localhost/127.0.0.1:26374] for POST '/session/541e5fbff23d86bb83d3a1a7e5bf5bb4/execute/sync'
12:04:11.960 [AsyncHttpClient-1-2] DEBUG org.asynchttpclient.netty.handler.HttpHandler - 

Request DefaultHttpRequest(decodeResult: success, version: HTTP/1.1)
POST /session/541e5fbff23d86bb83d3a1a7e5bf5bb4/execute/sync HTTP/1.1
User-Agent: selenium/4.6.0 (java windows)
Content-Length: 48788
Content-Type: application/json; charset=utf-8
host: localhost:26374
accept: */*

Response DefaultHttpResponse(decodeResult: success, version: HTTP/1.1)
HTTP/1.1 200 OK
Content-Type: application/json; charset=utf-8
cache-control: no-cache
content-length: 14

12:04:11.960 [AsyncHttpClient-1-2] DEBUG org.asynchttpclient.netty.channel.ChannelManager - Adding key: http://localhost:26374 for channel [id: 0x5e9e9eb4, L:/127.0.0.1:64175 - R:localhost/127.0.0.1:26374]
12:04:11.985 [Forwarding findElement on session 541e5fbff23d86bb83d3a1a7e5bf5bb4 to remote] DEBUG org.asynchttpclient.netty.request.NettyRequestSender - Using pooled Channel '[id: 0x5e9e9eb4, L:/127.0.0.1:64175 - R:localhost/127.0.0.1:26374]' for 'POST' to 'http://localhost:26374/session/541e5fbff23d86bb83d3a1a7e5bf5bb4/element'
12:04:11.985 [Forwarding findElement on session 541e5fbff23d86bb83d3a1a7e5bf5bb4 to remote] DEBUG org.asynchttpclient.netty.request.NettyRequestSender - Using open Channel [id: 0x5e9e9eb4, L:/127.0.0.1:64175 - R:localhost/127.0.0.1:26374] for POST '/session/541e5fbff23d86bb83d3a1a7e5bf5bb4/element'
12:04:11.992 [AsyncHttpClient-1-2] DEBUG org.asynchttpclient.netty.handler.HttpHandler - 

Request DefaultHttpRequest(decodeResult: success, version: HTTP/1.1)
POST /session/541e5fbff23d86bb83d3a1a7e5bf5bb4/element HTTP/1.1
User-Agent: selenium/4.6.0 (java windows)
Content-Length: 66
Content-Type: application/json; charset=utf-8
host: localhost:26374
accept: */*

Response DefaultHttpResponse(decodeResult: success, version: HTTP/1.1)
HTTP/1.1 200 OK
Content-Type: application/json; charset=utf-8
cache-control: no-cache
content-length: 96

12:04:11.992 [AsyncHttpClient-1-2] DEBUG org.asynchttpclient.netty.channel.ChannelManager - Adding key: http://localhost:26374 for channel [id: 0x5e9e9eb4, L:/127.0.0.1:64175 - R:localhost/127.0.0.1:26374]
12:04:11.993 [Forwarding clickElement on session 541e5fbff23d86bb83d3a1a7e5bf5bb4 to remote] DEBUG org.asynchttpclient.netty.request.NettyRequestSender - Using pooled Channel '[id: 0x5e9e9eb4, L:/127.0.0.1:64175 - R:localhost/127.0.0.1:26374]' for 'POST' to 'http://localhost:26374/session/541e5fbff23d86bb83d3a1a7e5bf5bb4/element/FA6741DFEB08487B3A500F5E6EFA69F5_element_276/click'
12:04:11.993 [Forwarding clickElement on session 541e5fbff23d86bb83d3a1a7e5bf5bb4 to remote] DEBUG org.asynchttpclient.netty.request.NettyRequestSender - Using open Channel [id: 0x5e9e9eb4, L:/127.0.0.1:64175 - R:localhost/127.0.0.1:26374] for POST '/session/541e5fbff23d86bb83d3a1a7e5bf5bb4/element/FA6741DFEB08487B3A500F5E6EFA69F5_element_276/click'
12:04:12.964 [AsyncHttpClient-1-1] DEBUG org.asynchttpclient.netty.channel.DefaultChannelPool - Entry count for : http://localhost:64176 : 1
12:04:13.040 [AsyncHttpClient-1-2] DEBUG org.asynchttpclient.netty.handler.HttpHandler - 

Request DefaultHttpRequest(decodeResult: success, version: HTTP/1.1)
POST /session/541e5fbff23d86bb83d3a1a7e5bf5bb4/element/FA6741DFEB08487B3A500F5E6EFA69F5_element_276/click HTTP/1.1
User-Agent: selenium/4.6.0 (java windows)
Content-Length: 58
Content-Type: application/json; charset=utf-8
host: localhost:26374
accept: */*

Response DefaultHttpResponse(decodeResult: success, version: HTTP/1.1)
HTTP/1.1 200 OK
Content-Type: application/json; charset=utf-8
cache-control: no-cache
content-length: 14

12:04:13.040 [AsyncHttpClient-1-2] DEBUG org.asynchttpclient.netty.channel.ChannelManager - Adding key: http://localhost:26374 for channel [id: 0x5e9e9eb4, L:/127.0.0.1:64175 - R:localhost/127.0.0.1:26374]
12:04:13.093 [Forwarding getCurrentWindowHandle on session 541e5fbff23d86bb83d3a1a7e5bf5bb4 to remote] DEBUG org.asynchttpclient.netty.request.NettyRequestSender - Using pooled Channel '[id: 0x5e9e9eb4, L:/127.0.0.1:64175 - R:localhost/127.0.0.1:26374]' for 'GET' to 'http://localhost:26374/session/541e5fbff23d86bb83d3a1a7e5bf5bb4/window'
12:04:13.093 [Forwarding getCurrentWindowHandle on session 541e5fbff23d86bb83d3a1a7e5bf5bb4 to remote] DEBUG org.asynchttpclient.netty.request.NettyRequestSender - Using open Channel [id: 0x5e9e9eb4, L:/127.0.0.1:64175 - R:localhost/127.0.0.1:26374] for GET '/session/541e5fbff23d86bb83d3a1a7e5bf5bb4/window'
12:04:13.094 [AsyncHttpClient-1-2] DEBUG org.asynchttpclient.netty.handler.HttpHandler - 

Request DefaultFullHttpRequest(decodeResult: success, version: HTTP/1.1, content: EmptyByteBufBE)
GET /session/541e5fbff23d86bb83d3a1a7e5bf5bb4/window HTTP/1.1
User-Agent: selenium/4.6.0 (java windows)
Cache-Control: no-cache
Content-Type: application/json; charset=utf-8
host: localhost:26374
accept: */*

Response DefaultHttpResponse(decodeResult: success, version: HTTP/1.1)
HTTP/1.1 200 OK
Content-Type: application/json; charset=utf-8
cache-control: no-cache
content-length: 44

12:04:13.094 [AsyncHttpClient-1-2] DEBUG org.asynchttpclient.netty.channel.ChannelManager - Adding key: http://localhost:26374 for channel [id: 0x5e9e9eb4, L:/127.0.0.1:64175 - R:localhost/127.0.0.1:26374]
12:04:13.106 [Forwarding getAlertText on session 541e5fbff23d86bb83d3a1a7e5bf5bb4 to remote] DEBUG org.asynchttpclient.netty.request.NettyRequestSender - Using pooled Channel '[id: 0x5e9e9eb4, L:/127.0.0.1:64175 - R:localhost/127.0.0.1:26374]' for 'GET' to 'http://localhost:26374/session/541e5fbff23d86bb83d3a1a7e5bf5bb4/alert/text'
12:04:13.106 [Forwarding getAlertText on session 541e5fbff23d86bb83d3a1a7e5bf5bb4 to remote] DEBUG org.asynchttpclient.netty.request.NettyRequestSender - Using open Channel [id: 0x5e9e9eb4, L:/127.0.0.1:64175 - R:localhost/127.0.0.1:26374] for GET '/session/541e5fbff23d86bb83d3a1a7e5bf5bb4/alert/text'
12:04:13.108 [AsyncHttpClient-1-2] DEBUG org.asynchttpclient.netty.handler.HttpHandler - 

Request DefaultFullHttpRequest(decodeResult: success, version: HTTP/1.1, content: EmptyByteBufBE)
GET /session/541e5fbff23d86bb83d3a1a7e5bf5bb4/alert/text HTTP/1.1
User-Agent: selenium/4.6.0 (java windows)
Cache-Control: no-cache
Content-Type: application/json; charset=utf-8
host: localhost:26374
accept: */*

Response DefaultHttpResponse(decodeResult: success, version: HTTP/1.1)
HTTP/1.1 404 Not Found
Content-Type: application/json; charset=utf-8
cache-control: no-cache
content-length: 848

12:04:13.108 [AsyncHttpClient-1-2] DEBUG org.asynchttpclient.netty.channel.ChannelManager - Adding key: http://localhost:26374 for channel [id: 0x5e9e9eb4, L:/127.0.0.1:64175 - R:localhost/127.0.0.1:26374]
12:04:13.128 [Forwarding switchToWindow on session 541e5fbff23d86bb83d3a1a7e5bf5bb4 to remote] DEBUG org.asynchttpclient.netty.request.NettyRequestSender - Using pooled Channel '[id: 0x5e9e9eb4, L:/127.0.0.1:64175 - R:localhost/127.0.0.1:26374]' for 'POST' to 'http://localhost:26374/session/541e5fbff23d86bb83d3a1a7e5bf5bb4/window'
12:04:13.128 [Forwarding switchToWindow on session 541e5fbff23d86bb83d3a1a7e5bf5bb4 to remote] DEBUG org.asynchttpclient.netty.request.NettyRequestSender - Using open Channel [id: 0x5e9e9eb4, L:/127.0.0.1:64175 - R:localhost/127.0.0.1:26374] for POST '/session/541e5fbff23d86bb83d3a1a7e5bf5bb4/window'
12:04:13.130 [AsyncHttpClient-1-2] DEBUG org.asynchttpclient.netty.handler.HttpHandler - 

Request DefaultHttpRequest(decodeResult: success, version: HTTP/1.1)
POST /session/541e5fbff23d86bb83d3a1a7e5bf5bb4/window HTTP/1.1
User-Agent: selenium/4.6.0 (java windows)
Content-Length: 50
Content-Type: application/json; charset=utf-8
host: localhost:26374
accept: */*

Response DefaultHttpResponse(decodeResult: success, version: HTTP/1.1)
HTTP/1.1 200 OK
Content-Type: application/json; charset=utf-8
cache-control: no-cache
content-length: 14

12:04:13.130 [AsyncHttpClient-1-2] DEBUG org.asynchttpclient.netty.channel.ChannelManager - Adding key: http://localhost:26374 for channel [id: 0x5e9e9eb4, L:/127.0.0.1:64175 - R:localhost/127.0.0.1:26374]
12:04:13.130 [Forwarding getCurrentUrl on session 541e5fbff23d86bb83d3a1a7e5bf5bb4 to remote] DEBUG org.asynchttpclient.netty.request.NettyRequestSender - Using pooled Channel '[id: 0x5e9e9eb4, L:/127.0.0.1:64175 - R:localhost/127.0.0.1:26374]' for 'GET' to 'http://localhost:26374/session/541e5fbff23d86bb83d3a1a7e5bf5bb4/url'
12:04:13.130 [Forwarding getCurrentUrl on session 541e5fbff23d86bb83d3a1a7e5bf5bb4 to remote] DEBUG org.asynchttpclient.netty.request.NettyRequestSender - Using open Channel [id: 0x5e9e9eb4, L:/127.0.0.1:64175 - R:localhost/127.0.0.1:26374] for GET '/session/541e5fbff23d86bb83d3a1a7e5bf5bb4/url'
12:04:13.141 [AsyncHttpClient-1-2] DEBUG org.asynchttpclient.netty.handler.HttpHandler - 

Request DefaultFullHttpRequest(decodeResult: success, version: HTTP/1.1, content: EmptyByteBufBE)
GET /session/541e5fbff23d86bb83d3a1a7e5bf5bb4/url HTTP/1.1
User-Agent: selenium/4.6.0 (java windows)
Cache-Control: no-cache
Content-Type: application/json; charset=utf-8
host: localhost:26374
accept: */*

Response DefaultHttpResponse(decodeResult: success, version: HTTP/1.1)
HTTP/1.1 200 OK
Content-Type: application/json; charset=utf-8
cache-control: no-cache
content-length: 48

12:04:13.141 [AsyncHttpClient-1-2] DEBUG org.asynchttpclient.netty.channel.ChannelManager - Adding key: http://localhost:26374 for channel [id: 0x5e9e9eb4, L:/127.0.0.1:64175 - R:localhost/127.0.0.1:26374]
12:04:13.141 [Forwarding screenshot on session 541e5fbff23d86bb83d3a1a7e5bf5bb4 to remote] DEBUG org.asynchttpclient.netty.request.NettyRequestSender - Using pooled Channel '[id: 0x5e9e9eb4, L:/127.0.0.1:64175 - R:localhost/127.0.0.1:26374]' for 'GET' to 'http://localhost:26374/session/541e5fbff23d86bb83d3a1a7e5bf5bb4/screenshot'
12:04:13.141 [Forwarding screenshot on session 541e5fbff23d86bb83d3a1a7e5bf5bb4 to remote] DEBUG org.asynchttpclient.netty.request.NettyRequestSender - Using open Channel [id: 0x5e9e9eb4, L:/127.0.0.1:64175 - R:localhost/127.0.0.1:26374] for GET '/session/541e5fbff23d86bb83d3a1a7e5bf5bb4/screenshot'
12:04:13.358 [AsyncHttpClient-1-2] DEBUG org.asynchttpclient.netty.handler.HttpHandler - 

Request DefaultFullHttpRequest(decodeResult: success, version: HTTP/1.1, content: EmptyByteBufBE)
GET /session/541e5fbff23d86bb83d3a1a7e5bf5bb4/screenshot HTTP/1.1
User-Agent: selenium/4.6.0 (java windows)
Cache-Control: no-cache
Content-Type: application/json; charset=utf-8
host: localhost:26374
accept: */*

Response DefaultHttpResponse(decodeResult: success, version: HTTP/1.1)
HTTP/1.1 200 OK
Content-Type: application/json; charset=utf-8
cache-control: no-cache
content-length: 495788

12:04:13.359 [AsyncHttpClient-1-2] DEBUG org.asynchttpclient.netty.channel.ChannelManager - Adding key: http://localhost:26374 for channel [id: 0x5e9e9eb4, L:/127.0.0.1:64175 - R:localhost/127.0.0.1:26374]
12:04:13.367 [Test worker] DEBUG net.serenitybdd.core.photography.Darkroom - Send negative for processing for C:\Users\Usuario\Documents\retoAutomatizacion\e2e\RetoDemoBlaze\target\site\serenity\fda2aa28c32319c4fa3c1ffce8c9f8e390b0aa7cc6f832ce00c9f8d8b205fa92.png
12:04:13.368 [Test worker] DEBUG net.thucydides.core.steps.StepInterceptor - STEP DONE: {0} clicks on #target
12:04:13.368 [Darkroom Processing Line] DEBUG net.serenitybdd.core.photography.DarkroomProcessingLine - Processing screenshot image in /var/screenshots/screenshot-2838088198619797022
12:04:13.368 [Darkroom Processing Line] DEBUG net.serenitybdd.core.photography.DarkroomProcessingLine - Saving screenshot to C:\Users\Usuario\Documents\retoAutomatizacion\e2e\RetoDemoBlaze\target\site\serenity\fda2aa28c32319c4fa3c1ffce8c9f8e390b0aa7cc6f832ce00c9f8d8b205fa92.png
12:04:13.384 [Test worker] DEBUG net.serenitybdd.screenplay.targets.IFrameSwitcher - default content already selected for CATEGORIES
12:04:13.395 [Forwarding findElements on session 541e5fbff23d86bb83d3a1a7e5bf5bb4 to remote] DEBUG org.asynchttpclient.netty.request.NettyRequestSender - Using pooled Channel '[id: 0x5e9e9eb4, L:/127.0.0.1:64175 - R:localhost/127.0.0.1:26374]' for 'POST' to 'http://localhost:26374/session/541e5fbff23d86bb83d3a1a7e5bf5bb4/elements'
12:04:13.395 [Forwarding findElements on session 541e5fbff23d86bb83d3a1a7e5bf5bb4 to remote] DEBUG org.asynchttpclient.netty.request.NettyRequestSender - Using open Channel [id: 0x5e9e9eb4, L:/127.0.0.1:64175 - R:localhost/127.0.0.1:26374] for POST '/session/541e5fbff23d86bb83d3a1a7e5bf5bb4/elements'
12:04:13.404 [AsyncHttpClient-1-2] DEBUG org.asynchttpclient.netty.handler.HttpHandler - 

Request DefaultHttpRequest(decodeResult: success, version: HTTP/1.1)
POST /session/541e5fbff23d86bb83d3a1a7e5bf5bb4/elements HTTP/1.1
User-Agent: selenium/4.6.0 (java windows)
Content-Length: 48
Content-Type: application/json; charset=utf-8
host: localhost:26374
accept: */*

Response DefaultHttpResponse(decodeResult: success, version: HTTP/1.1)
HTTP/1.1 200 OK
Content-Type: application/json; charset=utf-8
cache-control: no-cache
content-length: 98

12:04:13.404 [AsyncHttpClient-1-2] DEBUG org.asynchttpclient.netty.channel.ChannelManager - Adding key: http://localhost:26374 for channel [id: 0x5e9e9eb4, L:/127.0.0.1:64175 - R:localhost/127.0.0.1:26374]
12:04:13.422 [Forwarding isElementDisplayed on session 541e5fbff23d86bb83d3a1a7e5bf5bb4 to remote] DEBUG org.asynchttpclient.netty.request.NettyRequestSender - Using pooled Channel '[id: 0x5e9e9eb4, L:/127.0.0.1:64175 - R:localhost/127.0.0.1:26374]' for 'POST' to 'http://localhost:26374/session/541e5fbff23d86bb83d3a1a7e5bf5bb4/execute/sync'
12:04:13.422 [Forwarding isElementDisplayed on session 541e5fbff23d86bb83d3a1a7e5bf5bb4 to remote] DEBUG org.asynchttpclient.netty.request.NettyRequestSender - Using open Channel [id: 0x5e9e9eb4, L:/127.0.0.1:64175 - R:localhost/127.0.0.1:26374] for POST '/session/541e5fbff23d86bb83d3a1a7e5bf5bb4/execute/sync'
12:04:13.432 [AsyncHttpClient-1-2] DEBUG org.asynchttpclient.netty.handler.HttpHandler - 

Request DefaultHttpRequest(decodeResult: success, version: HTTP/1.1)
POST /session/541e5fbff23d86bb83d3a1a7e5bf5bb4/execute/sync HTTP/1.1
User-Agent: selenium/4.6.0 (java windows)
Content-Length: 48788
Content-Type: application/json; charset=utf-8
host: localhost:26374
accept: */*

Response DefaultHttpResponse(decodeResult: success, version: HTTP/1.1)
HTTP/1.1 200 OK
Content-Type: application/json; charset=utf-8
cache-control: no-cache
content-length: 14

12:04:13.432 [AsyncHttpClient-1-2] DEBUG org.asynchttpclient.netty.channel.ChannelManager - Adding key: http://localhost:26374 for channel [id: 0x5e9e9eb4, L:/127.0.0.1:64175 - R:localhost/127.0.0.1:26374]
12:04:13.439 [Forwarding isElementDisplayed on session 541e5fbff23d86bb83d3a1a7e5bf5bb4 to remote] DEBUG org.asynchttpclient.netty.request.NettyRequestSender - Using pooled Channel '[id: 0x5e9e9eb4, L:/127.0.0.1:64175 - R:localhost/127.0.0.1:26374]' for 'POST' to 'http://localhost:26374/session/541e5fbff23d86bb83d3a1a7e5bf5bb4/execute/sync'
12:04:13.439 [Forwarding isElementDisplayed on session 541e5fbff23d86bb83d3a1a7e5bf5bb4 to remote] DEBUG org.asynchttpclient.netty.request.NettyRequestSender - Using open Channel [id: 0x5e9e9eb4, L:/127.0.0.1:64175 - R:localhost/127.0.0.1:26374] for POST '/session/541e5fbff23d86bb83d3a1a7e5bf5bb4/execute/sync'
12:04:13.449 [AsyncHttpClient-1-2] DEBUG org.asynchttpclient.netty.handler.HttpHandler - 

Request DefaultHttpRequest(decodeResult: success, version: HTTP/1.1)
POST /session/541e5fbff23d86bb83d3a1a7e5bf5bb4/execute/sync HTTP/1.1
User-Agent: selenium/4.6.0 (java windows)
Content-Length: 48788
Content-Type: application/json; charset=utf-8
host: localhost:26374
accept: */*

Response DefaultHttpResponse(decodeResult: success, version: HTTP/1.1)
HTTP/1.1 200 OK
Content-Type: application/json; charset=utf-8
cache-control: no-cache
content-length: 14

12:04:13.449 [AsyncHttpClient-1-2] DEBUG org.asynchttpclient.netty.channel.ChannelManager - Adding key: http://localhost:26374 for channel [id: 0x5e9e9eb4, L:/127.0.0.1:64175 - R:localhost/127.0.0.1:26374]
12:04:13.494 [Forwarding getCurrentWindowHandle on session 541e5fbff23d86bb83d3a1a7e5bf5bb4 to remote] DEBUG org.asynchttpclient.netty.request.NettyRequestSender - Using pooled Channel '[id: 0x5e9e9eb4, L:/127.0.0.1:64175 - R:localhost/127.0.0.1:26374]' for 'GET' to 'http://localhost:26374/session/541e5fbff23d86bb83d3a1a7e5bf5bb4/window'
12:04:13.494 [Forwarding getCurrentWindowHandle on session 541e5fbff23d86bb83d3a1a7e5bf5bb4 to remote] DEBUG org.asynchttpclient.netty.request.NettyRequestSender - Using open Channel [id: 0x5e9e9eb4, L:/127.0.0.1:64175 - R:localhost/127.0.0.1:26374] for GET '/session/541e5fbff23d86bb83d3a1a7e5bf5bb4/window'
12:04:13.496 [AsyncHttpClient-1-2] DEBUG org.asynchttpclient.netty.handler.HttpHandler - 

Request DefaultFullHttpRequest(decodeResult: success, version: HTTP/1.1, content: EmptyByteBufBE)
GET /session/541e5fbff23d86bb83d3a1a7e5bf5bb4/window HTTP/1.1
User-Agent: selenium/4.6.0 (java windows)
Cache-Control: no-cache
Content-Type: application/json; charset=utf-8
host: localhost:26374
accept: */*

Response DefaultHttpResponse(decodeResult: success, version: HTTP/1.1)
HTTP/1.1 200 OK
Content-Type: application/json; charset=utf-8
cache-control: no-cache
content-length: 44

12:04:13.496 [AsyncHttpClient-1-2] DEBUG org.asynchttpclient.netty.channel.ChannelManager - Adding key: http://localhost:26374 for channel [id: 0x5e9e9eb4, L:/127.0.0.1:64175 - R:localhost/127.0.0.1:26374]
12:04:13.513 [Forwarding getAlertText on session 541e5fbff23d86bb83d3a1a7e5bf5bb4 to remote] DEBUG org.asynchttpclient.netty.request.NettyRequestSender - Using pooled Channel '[id: 0x5e9e9eb4, L:/127.0.0.1:64175 - R:localhost/127.0.0.1:26374]' for 'GET' to 'http://localhost:26374/session/541e5fbff23d86bb83d3a1a7e5bf5bb4/alert/text'
12:04:13.513 [Forwarding getAlertText on session 541e5fbff23d86bb83d3a1a7e5bf5bb4 to remote] DEBUG org.asynchttpclient.netty.request.NettyRequestSender - Using open Channel [id: 0x5e9e9eb4, L:/127.0.0.1:64175 - R:localhost/127.0.0.1:26374] for GET '/session/541e5fbff23d86bb83d3a1a7e5bf5bb4/alert/text'
12:04:13.517 [AsyncHttpClient-1-2] DEBUG org.asynchttpclient.netty.handler.HttpHandler - 

Request DefaultFullHttpRequest(decodeResult: success, version: HTTP/1.1, content: EmptyByteBufBE)
GET /session/541e5fbff23d86bb83d3a1a7e5bf5bb4/alert/text HTTP/1.1
User-Agent: selenium/4.6.0 (java windows)
Cache-Control: no-cache
Content-Type: application/json; charset=utf-8
host: localhost:26374
accept: */*

Response DefaultHttpResponse(decodeResult: success, version: HTTP/1.1)
HTTP/1.1 404 Not Found
Content-Type: application/json; charset=utf-8
cache-control: no-cache
content-length: 848

12:04:13.517 [AsyncHttpClient-1-2] DEBUG org.asynchttpclient.netty.channel.ChannelManager - Adding key: http://localhost:26374 for channel [id: 0x5e9e9eb4, L:/127.0.0.1:64175 - R:localhost/127.0.0.1:26374]
12:04:13.532 [Forwarding switchToWindow on session 541e5fbff23d86bb83d3a1a7e5bf5bb4 to remote] DEBUG org.asynchttpclient.netty.request.NettyRequestSender - Using pooled Channel '[id: 0x5e9e9eb4, L:/127.0.0.1:64175 - R:localhost/127.0.0.1:26374]' for 'POST' to 'http://localhost:26374/session/541e5fbff23d86bb83d3a1a7e5bf5bb4/window'
12:04:13.532 [Forwarding switchToWindow on session 541e5fbff23d86bb83d3a1a7e5bf5bb4 to remote] DEBUG org.asynchttpclient.netty.request.NettyRequestSender - Using open Channel [id: 0x5e9e9eb4, L:/127.0.0.1:64175 - R:localhost/127.0.0.1:26374] for POST '/session/541e5fbff23d86bb83d3a1a7e5bf5bb4/window'
12:04:13.534 [AsyncHttpClient-1-2] DEBUG org.asynchttpclient.netty.handler.HttpHandler - 

Request DefaultHttpRequest(decodeResult: success, version: HTTP/1.1)
POST /session/541e5fbff23d86bb83d3a1a7e5bf5bb4/window HTTP/1.1
User-Agent: selenium/4.6.0 (java windows)
Content-Length: 50
Content-Type: application/json; charset=utf-8
host: localhost:26374
accept: */*

Response DefaultHttpResponse(decodeResult: success, version: HTTP/1.1)
HTTP/1.1 200 OK
Content-Type: application/json; charset=utf-8
cache-control: no-cache
content-length: 14

12:04:13.534 [AsyncHttpClient-1-2] DEBUG org.asynchttpclient.netty.channel.ChannelManager - Adding key: http://localhost:26374 for channel [id: 0x5e9e9eb4, L:/127.0.0.1:64175 - R:localhost/127.0.0.1:26374]
12:04:13.534 [Forwarding getCurrentUrl on session 541e5fbff23d86bb83d3a1a7e5bf5bb4 to remote] DEBUG org.asynchttpclient.netty.request.NettyRequestSender - Using pooled Channel '[id: 0x5e9e9eb4, L:/127.0.0.1:64175 - R:localhost/127.0.0.1:26374]' for 'GET' to 'http://localhost:26374/session/541e5fbff23d86bb83d3a1a7e5bf5bb4/url'
12:04:13.534 [Forwarding getCurrentUrl on session 541e5fbff23d86bb83d3a1a7e5bf5bb4 to remote] DEBUG org.asynchttpclient.netty.request.NettyRequestSender - Using open Channel [id: 0x5e9e9eb4, L:/127.0.0.1:64175 - R:localhost/127.0.0.1:26374] for GET '/session/541e5fbff23d86bb83d3a1a7e5bf5bb4/url'
12:04:13.540 [AsyncHttpClient-1-2] DEBUG org.asynchttpclient.netty.handler.HttpHandler - 

Request DefaultFullHttpRequest(decodeResult: success, version: HTTP/1.1, content: EmptyByteBufBE)
GET /session/541e5fbff23d86bb83d3a1a7e5bf5bb4/url HTTP/1.1
User-Agent: selenium/4.6.0 (java windows)
Cache-Control: no-cache
Content-Type: application/json; charset=utf-8
host: localhost:26374
accept: */*

Response DefaultHttpResponse(decodeResult: success, version: HTTP/1.1)
HTTP/1.1 200 OK
Content-Type: application/json; charset=utf-8
cache-control: no-cache
content-length: 48

12:04:13.542 [AsyncHttpClient-1-2] DEBUG org.asynchttpclient.netty.channel.ChannelManager - Adding key: http://localhost:26374 for channel [id: 0x5e9e9eb4, L:/127.0.0.1:64175 - R:localhost/127.0.0.1:26374]
12:04:13.548 [Forwarding screenshot on session 541e5fbff23d86bb83d3a1a7e5bf5bb4 to remote] DEBUG org.asynchttpclient.netty.request.NettyRequestSender - Using pooled Channel '[id: 0x5e9e9eb4, L:/127.0.0.1:64175 - R:localhost/127.0.0.1:26374]' for 'GET' to 'http://localhost:26374/session/541e5fbff23d86bb83d3a1a7e5bf5bb4/screenshot'
12:04:13.548 [Forwarding screenshot on session 541e5fbff23d86bb83d3a1a7e5bf5bb4 to remote] DEBUG org.asynchttpclient.netty.request.NettyRequestSender - Using open Channel [id: 0x5e9e9eb4, L:/127.0.0.1:64175 - R:localhost/127.0.0.1:26374] for GET '/session/541e5fbff23d86bb83d3a1a7e5bf5bb4/screenshot'
12:04:13.795 [AsyncHttpClient-1-2] DEBUG org.asynchttpclient.netty.handler.HttpHandler - 

Request DefaultFullHttpRequest(decodeResult: success, version: HTTP/1.1, content: EmptyByteBufBE)
GET /session/541e5fbff23d86bb83d3a1a7e5bf5bb4/screenshot HTTP/1.1
User-Agent: selenium/4.6.0 (java windows)
Cache-Control: no-cache
Content-Type: application/json; charset=utf-8
host: localhost:26374
accept: */*

Response DefaultHttpResponse(decodeResult: success, version: HTTP/1.1)
HTTP/1.1 200 OK
Content-Type: application/json; charset=utf-8
cache-control: no-cache
content-length: 714636

12:04:13.797 [AsyncHttpClient-1-2] DEBUG org.asynchttpclient.netty.channel.ChannelManager - Adding key: http://localhost:26374 for channel [id: 0x5e9e9eb4, L:/127.0.0.1:64175 - R:localhost/127.0.0.1:26374]
12:04:13.811 [Test worker] DEBUG net.serenitybdd.core.photography.Darkroom - Send negative for processing for C:\Users\Usuario\Documents\retoAutomatizacion\e2e\RetoDemoBlaze\target\site\serenity\d2e8964f38c86e797cc92dee5fbffe8a805c1e5ae8e2356a4d8b19305f8709db.png
12:04:13.812 [Test worker] DEBUG net.thucydides.core.steps.StepInterceptor - STEP DONE: performAs
  ?[32mCuando ?[0m?[32mrealizo una compra de ?[0m?[32m?[1m2?[0m?[32m productos en la categoria ?[0m?[32m?[1m"Laptops"?[0m         ?[90m# org.example.stepsdefinition.demoBlazeStepDefinition.realizoUnaCompraDeCantProdsProductosEnLaCategoriaCategoria(int,java.lang.String)?[0m
12:04:13.885 [Forwarding getCurrentWindowHandle on session 541e5fbff23d86bb83d3a1a7e5bf5bb4 to remote] DEBUG org.asynchttpclient.netty.request.NettyRequestSender - Using pooled Channel '[id: 0x5e9e9eb4, L:/127.0.0.1:64175 - R:localhost/127.0.0.1:26374]' for 'GET' to 'http://localhost:26374/session/541e5fbff23d86bb83d3a1a7e5bf5bb4/window'
12:04:13.886 [Forwarding getCurrentWindowHandle on session 541e5fbff23d86bb83d3a1a7e5bf5bb4 to remote] DEBUG org.asynchttpclient.netty.request.NettyRequestSender - Using open Channel [id: 0x5e9e9eb4, L:/127.0.0.1:64175 - R:localhost/127.0.0.1:26374] for GET '/session/541e5fbff23d86bb83d3a1a7e5bf5bb4/window'
12:04:13.886 [AsyncHttpClient-1-2] DEBUG org.asynchttpclient.netty.handler.HttpHandler - 

Request DefaultFullHttpRequest(decodeResult: success, version: HTTP/1.1, content: EmptyByteBufBE)
GET /session/541e5fbff23d86bb83d3a1a7e5bf5bb4/window HTTP/1.1
User-Agent: selenium/4.6.0 (java windows)
Cache-Control: no-cache
Content-Type: application/json; charset=utf-8
host: localhost:26374
accept: */*

Response DefaultHttpResponse(decodeResult: success, version: HTTP/1.1)
HTTP/1.1 200 OK
Content-Type: application/json; charset=utf-8
cache-control: no-cache
content-length: 44

12:04:13.886 [AsyncHttpClient-1-2] DEBUG org.asynchttpclient.netty.channel.ChannelManager - Adding key: http://localhost:26374 for channel [id: 0x5e9e9eb4, L:/127.0.0.1:64175 - R:localhost/127.0.0.1:26374]
12:04:13.899 [Forwarding getAlertText on session 541e5fbff23d86bb83d3a1a7e5bf5bb4 to remote] DEBUG org.asynchttpclient.netty.request.NettyRequestSender - Using pooled Channel '[id: 0x5e9e9eb4, L:/127.0.0.1:64175 - R:localhost/127.0.0.1:26374]' for 'GET' to 'http://localhost:26374/session/541e5fbff23d86bb83d3a1a7e5bf5bb4/alert/text'
12:04:13.899 [Forwarding getAlertText on session 541e5fbff23d86bb83d3a1a7e5bf5bb4 to remote] DEBUG org.asynchttpclient.netty.request.NettyRequestSender - Using open Channel [id: 0x5e9e9eb4, L:/127.0.0.1:64175 - R:localhost/127.0.0.1:26374] for GET '/session/541e5fbff23d86bb83d3a1a7e5bf5bb4/alert/text'
12:04:13.901 [AsyncHttpClient-1-2] DEBUG org.asynchttpclient.netty.handler.HttpHandler - 

Request DefaultFullHttpRequest(decodeResult: success, version: HTTP/1.1, content: EmptyByteBufBE)
GET /session/541e5fbff23d86bb83d3a1a7e5bf5bb4/alert/text HTTP/1.1
User-Agent: selenium/4.6.0 (java windows)
Cache-Control: no-cache
Content-Type: application/json; charset=utf-8
host: localhost:26374
accept: */*

Response DefaultHttpResponse(decodeResult: success, version: HTTP/1.1)
HTTP/1.1 404 Not Found
Content-Type: application/json; charset=utf-8
cache-control: no-cache
content-length: 848

12:04:13.901 [AsyncHttpClient-1-2] DEBUG org.asynchttpclient.netty.channel.ChannelManager - Adding key: http://localhost:26374 for channel [id: 0x5e9e9eb4, L:/127.0.0.1:64175 - R:localhost/127.0.0.1:26374]
12:04:13.915 [Forwarding switchToWindow on session 541e5fbff23d86bb83d3a1a7e5bf5bb4 to remote] DEBUG org.asynchttpclient.netty.request.NettyRequestSender - Using pooled Channel '[id: 0x5e9e9eb4, L:/127.0.0.1:64175 - R:localhost/127.0.0.1:26374]' for 'POST' to 'http://localhost:26374/session/541e5fbff23d86bb83d3a1a7e5bf5bb4/window'
12:04:13.916 [Forwarding switchToWindow on session 541e5fbff23d86bb83d3a1a7e5bf5bb4 to remote] DEBUG org.asynchttpclient.netty.request.NettyRequestSender - Using open Channel [id: 0x5e9e9eb4, L:/127.0.0.1:64175 - R:localhost/127.0.0.1:26374] for POST '/session/541e5fbff23d86bb83d3a1a7e5bf5bb4/window'
12:04:13.918 [AsyncHttpClient-1-2] DEBUG org.asynchttpclient.netty.handler.HttpHandler - 

Request DefaultHttpRequest(decodeResult: success, version: HTTP/1.1)
POST /session/541e5fbff23d86bb83d3a1a7e5bf5bb4/window HTTP/1.1
User-Agent: selenium/4.6.0 (java windows)
Content-Length: 50
Content-Type: application/json; charset=utf-8
host: localhost:26374
accept: */*

Response DefaultHttpResponse(decodeResult: success, version: HTTP/1.1)
HTTP/1.1 200 OK
Content-Type: application/json; charset=utf-8
cache-control: no-cache
content-length: 14

12:04:13.918 [AsyncHttpClient-1-2] DEBUG org.asynchttpclient.netty.channel.ChannelManager - Adding key: http://localhost:26374 for channel [id: 0x5e9e9eb4, L:/127.0.0.1:64175 - R:localhost/127.0.0.1:26374]
12:04:13.918 [Forwarding getCurrentUrl on session 541e5fbff23d86bb83d3a1a7e5bf5bb4 to remote] DEBUG org.asynchttpclient.netty.request.NettyRequestSender - Using pooled Channel '[id: 0x5e9e9eb4, L:/127.0.0.1:64175 - R:localhost/127.0.0.1:26374]' for 'GET' to 'http://localhost:26374/session/541e5fbff23d86bb83d3a1a7e5bf5bb4/url'
12:04:13.918 [Forwarding getCurrentUrl on session 541e5fbff23d86bb83d3a1a7e5bf5bb4 to remote] DEBUG org.asynchttpclient.netty.request.NettyRequestSender - Using open Channel [id: 0x5e9e9eb4, L:/127.0.0.1:64175 - R:localhost/127.0.0.1:26374] for GET '/session/541e5fbff23d86bb83d3a1a7e5bf5bb4/url'
12:04:13.922 [AsyncHttpClient-1-2] DEBUG org.asynchttpclient.netty.handler.HttpHandler - 

Request DefaultFullHttpRequest(decodeResult: success, version: HTTP/1.1, content: EmptyByteBufBE)
GET /session/541e5fbff23d86bb83d3a1a7e5bf5bb4/url HTTP/1.1
User-Agent: selenium/4.6.0 (java windows)
Cache-Control: no-cache
Content-Type: application/json; charset=utf-8
host: localhost:26374
accept: */*

Response DefaultHttpResponse(decodeResult: success, version: HTTP/1.1)
HTTP/1.1 200 OK
Content-Type: application/json; charset=utf-8
cache-control: no-cache
content-length: 48

12:04:13.922 [AsyncHttpClient-1-2] DEBUG org.asynchttpclient.netty.channel.ChannelManager - Adding key: http://localhost:26374 for channel [id: 0x5e9e9eb4, L:/127.0.0.1:64175 - R:localhost/127.0.0.1:26374]
12:04:13.922 [Forwarding screenshot on session 541e5fbff23d86bb83d3a1a7e5bf5bb4 to remote] DEBUG org.asynchttpclient.netty.request.NettyRequestSender - Using pooled Channel '[id: 0x5e9e9eb4, L:/127.0.0.1:64175 - R:localhost/127.0.0.1:26374]' for 'GET' to 'http://localhost:26374/session/541e5fbff23d86bb83d3a1a7e5bf5bb4/screenshot'
12:04:13.923 [Forwarding screenshot on session 541e5fbff23d86bb83d3a1a7e5bf5bb4 to remote] DEBUG org.asynchttpclient.netty.request.NettyRequestSender - Using open Channel [id: 0x5e9e9eb4, L:/127.0.0.1:64175 - R:localhost/127.0.0.1:26374] for GET '/session/541e5fbff23d86bb83d3a1a7e5bf5bb4/screenshot'
12:04:14.063 [AsyncHttpClient-1-1] DEBUG org.asynchttpclient.netty.channel.DefaultChannelPool - Entry count for : http://localhost:64176 : 1
12:04:14.171 [AsyncHttpClient-1-2] DEBUG org.asynchttpclient.netty.handler.HttpHandler - 

Request DefaultFullHttpRequest(decodeResult: success, version: HTTP/1.1, content: EmptyByteBufBE)
GET /session/541e5fbff23d86bb83d3a1a7e5bf5bb4/screenshot HTTP/1.1
User-Agent: selenium/4.6.0 (java windows)
Cache-Control: no-cache
Content-Type: application/json; charset=utf-8
host: localhost:26374
accept: */*

Response DefaultHttpResponse(decodeResult: success, version: HTTP/1.1)
HTTP/1.1 200 OK
Content-Type: application/json; charset=utf-8
cache-control: no-cache
content-length: 714636

12:04:14.172 [AsyncHttpClient-1-2] DEBUG org.asynchttpclient.netty.channel.ChannelManager - Adding key: http://localhost:26374 for channel [id: 0x5e9e9eb4, L:/127.0.0.1:64175 - R:localhost/127.0.0.1:26374]
12:04:14.184 [Test worker] DEBUG net.serenitybdd.core.photography.Darkroom - Send negative for processing for C:\Users\Usuario\Documents\retoAutomatizacion\e2e\RetoDemoBlaze\target\site\serenity\d2e8964f38c86e797cc92dee5fbffe8a805c1e5ae8e2356a4d8b19305f8709db.png
12:04:14.196 [Forwarding getPageSource on session 541e5fbff23d86bb83d3a1a7e5bf5bb4 to remote] DEBUG org.asynchttpclient.netty.request.NettyRequestSender - Using pooled Channel '[id: 0x5e9e9eb4, L:/127.0.0.1:64175 - R:localhost/127.0.0.1:26374]' for 'POST' to 'http://localhost:26374/session/541e5fbff23d86bb83d3a1a7e5bf5bb4/execute/sync'
12:04:14.196 [Forwarding getPageSource on session 541e5fbff23d86bb83d3a1a7e5bf5bb4 to remote] DEBUG org.asynchttpclient.netty.request.NettyRequestSender - Using open Channel [id: 0x5e9e9eb4, L:/127.0.0.1:64175 - R:localhost/127.0.0.1:26374] for POST '/session/541e5fbff23d86bb83d3a1a7e5bf5bb4/execute/sync'
12:04:14.205 [AsyncHttpClient-1-2] DEBUG org.asynchttpclient.netty.handler.HttpHandler - 

Request DefaultHttpRequest(decodeResult: success, version: HTTP/1.1)
POST /session/541e5fbff23d86bb83d3a1a7e5bf5bb4/execute/sync HTTP/1.1
User-Agent: selenium/4.6.0 (java windows)
Content-Length: 176
Content-Type: application/json; charset=utf-8
host: localhost:26374
accept: */*

Response DefaultHttpResponse(decodeResult: success, version: HTTP/1.1)
HTTP/1.1 200 OK
Content-Type: application/json; charset=utf-8
cache-control: no-cache
content-length: 57604

12:04:14.205 [AsyncHttpClient-1-2] DEBUG org.asynchttpclient.netty.channel.ChannelManager - Adding key: http://localhost:26374 for channel [id: 0x5e9e9eb4, L:/127.0.0.1:64175 - R:localhost/127.0.0.1:26374]
12:04:14.215 [Forwarding getCurrentUrl on session 541e5fbff23d86bb83d3a1a7e5bf5bb4 to remote] DEBUG org.asynchttpclient.netty.request.NettyRequestSender - Using pooled Channel '[id: 0x5e9e9eb4, L:/127.0.0.1:64175 - R:localhost/127.0.0.1:26374]' for 'GET' to 'http://localhost:26374/session/541e5fbff23d86bb83d3a1a7e5bf5bb4/url'
12:04:14.215 [Forwarding getCurrentUrl on session 541e5fbff23d86bb83d3a1a7e5bf5bb4 to remote] DEBUG org.asynchttpclient.netty.request.NettyRequestSender - Using open Channel [id: 0x5e9e9eb4, L:/127.0.0.1:64175 - R:localhost/127.0.0.1:26374] for GET '/session/541e5fbff23d86bb83d3a1a7e5bf5bb4/url'
12:04:14.221 [AsyncHttpClient-1-2] DEBUG org.asynchttpclient.netty.handler.HttpHandler - 

Request DefaultFullHttpRequest(decodeResult: success, version: HTTP/1.1, content: EmptyByteBufBE)
GET /session/541e5fbff23d86bb83d3a1a7e5bf5bb4/url HTTP/1.1
User-Agent: selenium/4.6.0 (java windows)
Cache-Control: no-cache
Content-Type: application/json; charset=utf-8
host: localhost:26374
accept: */*

Response DefaultHttpResponse(decodeResult: success, version: HTTP/1.1)
HTTP/1.1 200 OK
Content-Type: application/json; charset=utf-8
cache-control: no-cache
content-length: 48

12:04:14.221 [AsyncHttpClient-1-2] DEBUG org.asynchttpclient.netty.channel.ChannelManager - Adding key: http://localhost:26374 for channel [id: 0x5e9e9eb4, L:/127.0.0.1:64175 - R:localhost/127.0.0.1:26374]
12:04:14.275 [Forwarding getCurrentWindowHandle on session 541e5fbff23d86bb83d3a1a7e5bf5bb4 to remote] DEBUG org.asynchttpclient.netty.request.NettyRequestSender - Using pooled Channel '[id: 0x5e9e9eb4, L:/127.0.0.1:64175 - R:localhost/127.0.0.1:26374]' for 'GET' to 'http://localhost:26374/session/541e5fbff23d86bb83d3a1a7e5bf5bb4/window'
12:04:14.276 [Forwarding getCurrentWindowHandle on session 541e5fbff23d86bb83d3a1a7e5bf5bb4 to remote] DEBUG org.asynchttpclient.netty.request.NettyRequestSender - Using open Channel [id: 0x5e9e9eb4, L:/127.0.0.1:64175 - R:localhost/127.0.0.1:26374] for GET '/session/541e5fbff23d86bb83d3a1a7e5bf5bb4/window'
12:04:14.276 [AsyncHttpClient-1-2] DEBUG org.asynchttpclient.netty.handler.HttpHandler - 

Request DefaultFullHttpRequest(decodeResult: success, version: HTTP/1.1, content: EmptyByteBufBE)
GET /session/541e5fbff23d86bb83d3a1a7e5bf5bb4/window HTTP/1.1
User-Agent: selenium/4.6.0 (java windows)
Cache-Control: no-cache
Content-Type: application/json; charset=utf-8
host: localhost:26374
accept: */*

Response DefaultHttpResponse(decodeResult: success, version: HTTP/1.1)
HTTP/1.1 200 OK
Content-Type: application/json; charset=utf-8
cache-control: no-cache
content-length: 44

12:04:14.276 [AsyncHttpClient-1-2] DEBUG org.asynchttpclient.netty.channel.ChannelManager - Adding key: http://localhost:26374 for channel [id: 0x5e9e9eb4, L:/127.0.0.1:64175 - R:localhost/127.0.0.1:26374]
12:04:14.287 [Forwarding getAlertText on session 541e5fbff23d86bb83d3a1a7e5bf5bb4 to remote] DEBUG org.asynchttpclient.netty.request.NettyRequestSender - Using pooled Channel '[id: 0x5e9e9eb4, L:/127.0.0.1:64175 - R:localhost/127.0.0.1:26374]' for 'GET' to 'http://localhost:26374/session/541e5fbff23d86bb83d3a1a7e5bf5bb4/alert/text'
12:04:14.287 [Forwarding getAlertText on session 541e5fbff23d86bb83d3a1a7e5bf5bb4 to remote] DEBUG org.asynchttpclient.netty.request.NettyRequestSender - Using open Channel [id: 0x5e9e9eb4, L:/127.0.0.1:64175 - R:localhost/127.0.0.1:26374] for GET '/session/541e5fbff23d86bb83d3a1a7e5bf5bb4/alert/text'
12:04:14.289 [AsyncHttpClient-1-2] DEBUG org.asynchttpclient.netty.handler.HttpHandler - 

Request DefaultFullHttpRequest(decodeResult: success, version: HTTP/1.1, content: EmptyByteBufBE)
GET /session/541e5fbff23d86bb83d3a1a7e5bf5bb4/alert/text HTTP/1.1
User-Agent: selenium/4.6.0 (java windows)
Cache-Control: no-cache
Content-Type: application/json; charset=utf-8
host: localhost:26374
accept: */*

Response DefaultHttpResponse(decodeResult: success, version: HTTP/1.1)
HTTP/1.1 404 Not Found
Content-Type: application/json; charset=utf-8
cache-control: no-cache
content-length: 848

12:04:14.289 [AsyncHttpClient-1-2] DEBUG org.asynchttpclient.netty.channel.ChannelManager - Adding key: http://localhost:26374 for channel [id: 0x5e9e9eb4, L:/127.0.0.1:64175 - R:localhost/127.0.0.1:26374]
12:04:14.302 [Forwarding switchToWindow on session 541e5fbff23d86bb83d3a1a7e5bf5bb4 to remote] DEBUG org.asynchttpclient.netty.request.NettyRequestSender - Using pooled Channel '[id: 0x5e9e9eb4, L:/127.0.0.1:64175 - R:localhost/127.0.0.1:26374]' for 'POST' to 'http://localhost:26374/session/541e5fbff23d86bb83d3a1a7e5bf5bb4/window'
12:04:14.302 [Forwarding switchToWindow on session 541e5fbff23d86bb83d3a1a7e5bf5bb4 to remote] DEBUG org.asynchttpclient.netty.request.NettyRequestSender - Using open Channel [id: 0x5e9e9eb4, L:/127.0.0.1:64175 - R:localhost/127.0.0.1:26374] for POST '/session/541e5fbff23d86bb83d3a1a7e5bf5bb4/window'
12:04:14.303 [AsyncHttpClient-1-2] DEBUG org.asynchttpclient.netty.handler.HttpHandler - 

Request DefaultHttpRequest(decodeResult: success, version: HTTP/1.1)
POST /session/541e5fbff23d86bb83d3a1a7e5bf5bb4/window HTTP/1.1
User-Agent: selenium/4.6.0 (java windows)
Content-Length: 50
Content-Type: application/json; charset=utf-8
host: localhost:26374
accept: */*

Response DefaultHttpResponse(decodeResult: success, version: HTTP/1.1)
HTTP/1.1 200 OK
Content-Type: application/json; charset=utf-8
cache-control: no-cache
content-length: 14

12:04:14.303 [AsyncHttpClient-1-2] DEBUG org.asynchttpclient.netty.channel.ChannelManager - Adding key: http://localhost:26374 for channel [id: 0x5e9e9eb4, L:/127.0.0.1:64175 - R:localhost/127.0.0.1:26374]
12:04:14.304 [Forwarding getCurrentUrl on session 541e5fbff23d86bb83d3a1a7e5bf5bb4 to remote] DEBUG org.asynchttpclient.netty.request.NettyRequestSender - Using pooled Channel '[id: 0x5e9e9eb4, L:/127.0.0.1:64175 - R:localhost/127.0.0.1:26374]' for 'GET' to 'http://localhost:26374/session/541e5fbff23d86bb83d3a1a7e5bf5bb4/url'
12:04:14.305 [Forwarding getCurrentUrl on session 541e5fbff23d86bb83d3a1a7e5bf5bb4 to remote] DEBUG org.asynchttpclient.netty.request.NettyRequestSender - Using open Channel [id: 0x5e9e9eb4, L:/127.0.0.1:64175 - R:localhost/127.0.0.1:26374] for GET '/session/541e5fbff23d86bb83d3a1a7e5bf5bb4/url'
12:04:14.308 [AsyncHttpClient-1-2] DEBUG org.asynchttpclient.netty.handler.HttpHandler - 

Request DefaultFullHttpRequest(decodeResult: success, version: HTTP/1.1, content: EmptyByteBufBE)
GET /session/541e5fbff23d86bb83d3a1a7e5bf5bb4/url HTTP/1.1
User-Agent: selenium/4.6.0 (java windows)
Cache-Control: no-cache
Content-Type: application/json; charset=utf-8
host: localhost:26374
accept: */*

Response DefaultHttpResponse(decodeResult: success, version: HTTP/1.1)
HTTP/1.1 200 OK
Content-Type: application/json; charset=utf-8
cache-control: no-cache
content-length: 48

12:04:14.308 [AsyncHttpClient-1-2] DEBUG org.asynchttpclient.netty.channel.ChannelManager - Adding key: http://localhost:26374 for channel [id: 0x5e9e9eb4, L:/127.0.0.1:64175 - R:localhost/127.0.0.1:26374]
12:04:14.309 [Forwarding screenshot on session 541e5fbff23d86bb83d3a1a7e5bf5bb4 to remote] DEBUG org.asynchttpclient.netty.request.NettyRequestSender - Using pooled Channel '[id: 0x5e9e9eb4, L:/127.0.0.1:64175 - R:localhost/127.0.0.1:26374]' for 'GET' to 'http://localhost:26374/session/541e5fbff23d86bb83d3a1a7e5bf5bb4/screenshot'
12:04:14.309 [Forwarding screenshot on session 541e5fbff23d86bb83d3a1a7e5bf5bb4 to remote] DEBUG org.asynchttpclient.netty.request.NettyRequestSender - Using open Channel [id: 0x5e9e9eb4, L:/127.0.0.1:64175 - R:localhost/127.0.0.1:26374] for GET '/session/541e5fbff23d86bb83d3a1a7e5bf5bb4/screenshot'
12:04:14.538 [AsyncHttpClient-1-2] DEBUG org.asynchttpclient.netty.handler.HttpHandler - 

Request DefaultFullHttpRequest(decodeResult: success, version: HTTP/1.1, content: EmptyByteBufBE)
GET /session/541e5fbff23d86bb83d3a1a7e5bf5bb4/screenshot HTTP/1.1
User-Agent: selenium/4.6.0 (java windows)
Cache-Control: no-cache
Content-Type: application/json; charset=utf-8
host: localhost:26374
accept: */*

Response DefaultHttpResponse(decodeResult: success, version: HTTP/1.1)
HTTP/1.1 200 OK
Content-Type: application/json; charset=utf-8
cache-control: no-cache
content-length: 714636

12:04:14.540 [AsyncHttpClient-1-2] DEBUG org.asynchttpclient.netty.channel.ChannelManager - Adding key: http://localhost:26374 for channel [id: 0x5e9e9eb4, L:/127.0.0.1:64175 - R:localhost/127.0.0.1:26374]
12:04:14.558 [Test worker] DEBUG net.serenitybdd.core.photography.Darkroom - Send negative for processing for C:\Users\Usuario\Documents\retoAutomatizacion\e2e\RetoDemoBlaze\target\site\serenity\d2e8964f38c86e797cc92dee5fbffe8a805c1e5ae8e2356a4d8b19305f8709db.png
12:04:14.568 [Forwarding getPageSource on session 541e5fbff23d86bb83d3a1a7e5bf5bb4 to remote] DEBUG org.asynchttpclient.netty.request.NettyRequestSender - Using pooled Channel '[id: 0x5e9e9eb4, L:/127.0.0.1:64175 - R:localhost/127.0.0.1:26374]' for 'POST' to 'http://localhost:26374/session/541e5fbff23d86bb83d3a1a7e5bf5bb4/execute/sync'
12:04:14.569 [Forwarding getPageSource on session 541e5fbff23d86bb83d3a1a7e5bf5bb4 to remote] DEBUG org.asynchttpclient.netty.request.NettyRequestSender - Using open Channel [id: 0x5e9e9eb4, L:/127.0.0.1:64175 - R:localhost/127.0.0.1:26374] for POST '/session/541e5fbff23d86bb83d3a1a7e5bf5bb4/execute/sync'
12:04:14.579 [AsyncHttpClient-1-2] DEBUG org.asynchttpclient.netty.handler.HttpHandler - 

Request DefaultHttpRequest(decodeResult: success, version: HTTP/1.1)
POST /session/541e5fbff23d86bb83d3a1a7e5bf5bb4/execute/sync HTTP/1.1
User-Agent: selenium/4.6.0 (java windows)
Content-Length: 176
Content-Type: application/json; charset=utf-8
host: localhost:26374
accept: */*

Response DefaultHttpResponse(decodeResult: success, version: HTTP/1.1)
HTTP/1.1 200 OK
Content-Type: application/json; charset=utf-8
cache-control: no-cache
content-length: 57604

12:04:14.579 [AsyncHttpClient-1-2] DEBUG org.asynchttpclient.netty.channel.ChannelManager - Adding key: http://localhost:26374 for channel [id: 0x5e9e9eb4, L:/127.0.0.1:64175 - R:localhost/127.0.0.1:26374]
12:04:14.587 [Forwarding getCurrentUrl on session 541e5fbff23d86bb83d3a1a7e5bf5bb4 to remote] DEBUG org.asynchttpclient.netty.request.NettyRequestSender - Using pooled Channel '[id: 0x5e9e9eb4, L:/127.0.0.1:64175 - R:localhost/127.0.0.1:26374]' for 'GET' to 'http://localhost:26374/session/541e5fbff23d86bb83d3a1a7e5bf5bb4/url'
12:04:14.587 [Forwarding getCurrentUrl on session 541e5fbff23d86bb83d3a1a7e5bf5bb4 to remote] DEBUG org.asynchttpclient.netty.request.NettyRequestSender - Using open Channel [id: 0x5e9e9eb4, L:/127.0.0.1:64175 - R:localhost/127.0.0.1:26374] for GET '/session/541e5fbff23d86bb83d3a1a7e5bf5bb4/url'
12:04:14.592 [AsyncHttpClient-1-2] DEBUG org.asynchttpclient.netty.handler.HttpHandler - 

Request DefaultFullHttpRequest(decodeResult: success, version: HTTP/1.1, content: EmptyByteBufBE)
GET /session/541e5fbff23d86bb83d3a1a7e5bf5bb4/url HTTP/1.1
User-Agent: selenium/4.6.0 (java windows)
Cache-Control: no-cache
Content-Type: application/json; charset=utf-8
host: localhost:26374
accept: */*

Response DefaultHttpResponse(decodeResult: success, version: HTTP/1.1)
HTTP/1.1 200 OK
Content-Type: application/json; charset=utf-8
cache-control: no-cache
content-length: 48

12:04:14.592 [AsyncHttpClient-1-2] DEBUG org.asynchttpclient.netty.channel.ChannelManager - Adding key: http://localhost:26374 for channel [id: 0x5e9e9eb4, L:/127.0.0.1:64175 - R:localhost/127.0.0.1:26374]
12:04:14.596 [Test worker] DEBUG net.thucydides.core.steps.StepInterceptor - STARTING STEP: demoBlazeStepDefinition.completoElFormulario - performAs
12:04:14.636 [Forwarding getCurrentWindowHandle on session 541e5fbff23d86bb83d3a1a7e5bf5bb4 to remote] DEBUG org.asynchttpclient.netty.request.NettyRequestSender - Using pooled Channel '[id: 0x5e9e9eb4, L:/127.0.0.1:64175 - R:localhost/127.0.0.1:26374]' for 'GET' to 'http://localhost:26374/session/541e5fbff23d86bb83d3a1a7e5bf5bb4/window'
12:04:14.636 [Forwarding getCurrentWindowHandle on session 541e5fbff23d86bb83d3a1a7e5bf5bb4 to remote] DEBUG org.asynchttpclient.netty.request.NettyRequestSender - Using open Channel [id: 0x5e9e9eb4, L:/127.0.0.1:64175 - R:localhost/127.0.0.1:26374] for GET '/session/541e5fbff23d86bb83d3a1a7e5bf5bb4/window'
12:04:14.637 [AsyncHttpClient-1-2] DEBUG org.asynchttpclient.netty.handler.HttpHandler - 

Request DefaultFullHttpRequest(decodeResult: success, version: HTTP/1.1, content: EmptyByteBufBE)
GET /session/541e5fbff23d86bb83d3a1a7e5bf5bb4/window HTTP/1.1
User-Agent: selenium/4.6.0 (java windows)
Cache-Control: no-cache
Content-Type: application/json; charset=utf-8
host: localhost:26374
accept: */*

Response DefaultHttpResponse(decodeResult: success, version: HTTP/1.1)
HTTP/1.1 200 OK
Content-Type: application/json; charset=utf-8
cache-control: no-cache
content-length: 44

12:04:14.637 [AsyncHttpClient-1-2] DEBUG org.asynchttpclient.netty.channel.ChannelManager - Adding key: http://localhost:26374 for channel [id: 0x5e9e9eb4, L:/127.0.0.1:64175 - R:localhost/127.0.0.1:26374]
12:04:14.648 [Forwarding getAlertText on session 541e5fbff23d86bb83d3a1a7e5bf5bb4 to remote] DEBUG org.asynchttpclient.netty.request.NettyRequestSender - Using pooled Channel '[id: 0x5e9e9eb4, L:/127.0.0.1:64175 - R:localhost/127.0.0.1:26374]' for 'GET' to 'http://localhost:26374/session/541e5fbff23d86bb83d3a1a7e5bf5bb4/alert/text'
12:04:14.648 [Forwarding getAlertText on session 541e5fbff23d86bb83d3a1a7e5bf5bb4 to remote] DEBUG org.asynchttpclient.netty.request.NettyRequestSender - Using open Channel [id: 0x5e9e9eb4, L:/127.0.0.1:64175 - R:localhost/127.0.0.1:26374] for GET '/session/541e5fbff23d86bb83d3a1a7e5bf5bb4/alert/text'
12:04:14.650 [AsyncHttpClient-1-2] DEBUG org.asynchttpclient.netty.handler.HttpHandler - 

Request DefaultFullHttpRequest(decodeResult: success, version: HTTP/1.1, content: EmptyByteBufBE)
GET /session/541e5fbff23d86bb83d3a1a7e5bf5bb4/alert/text HTTP/1.1
User-Agent: selenium/4.6.0 (java windows)
Cache-Control: no-cache
Content-Type: application/json; charset=utf-8
host: localhost:26374
accept: */*

Response DefaultHttpResponse(decodeResult: success, version: HTTP/1.1)
HTTP/1.1 404 Not Found
Content-Type: application/json; charset=utf-8
cache-control: no-cache
content-length: 848

12:04:14.650 [AsyncHttpClient-1-2] DEBUG org.asynchttpclient.netty.channel.ChannelManager - Adding key: http://localhost:26374 for channel [id: 0x5e9e9eb4, L:/127.0.0.1:64175 - R:localhost/127.0.0.1:26374]
12:04:14.664 [Forwarding switchToWindow on session 541e5fbff23d86bb83d3a1a7e5bf5bb4 to remote] DEBUG org.asynchttpclient.netty.request.NettyRequestSender - Using pooled Channel '[id: 0x5e9e9eb4, L:/127.0.0.1:64175 - R:localhost/127.0.0.1:26374]' for 'POST' to 'http://localhost:26374/session/541e5fbff23d86bb83d3a1a7e5bf5bb4/window'
12:04:14.664 [Forwarding switchToWindow on session 541e5fbff23d86bb83d3a1a7e5bf5bb4 to remote] DEBUG org.asynchttpclient.netty.request.NettyRequestSender - Using open Channel [id: 0x5e9e9eb4, L:/127.0.0.1:64175 - R:localhost/127.0.0.1:26374] for POST '/session/541e5fbff23d86bb83d3a1a7e5bf5bb4/window'
12:04:14.667 [AsyncHttpClient-1-2] DEBUG org.asynchttpclient.netty.handler.HttpHandler - 

Request DefaultHttpRequest(decodeResult: success, version: HTTP/1.1)
POST /session/541e5fbff23d86bb83d3a1a7e5bf5bb4/window HTTP/1.1
User-Agent: selenium/4.6.0 (java windows)
Content-Length: 50
Content-Type: application/json; charset=utf-8
host: localhost:26374
accept: */*

Response DefaultHttpResponse(decodeResult: success, version: HTTP/1.1)
HTTP/1.1 200 OK
Content-Type: application/json; charset=utf-8
cache-control: no-cache
content-length: 14

12:04:14.667 [AsyncHttpClient-1-2] DEBUG org.asynchttpclient.netty.channel.ChannelManager - Adding key: http://localhost:26374 for channel [id: 0x5e9e9eb4, L:/127.0.0.1:64175 - R:localhost/127.0.0.1:26374]
12:04:14.669 [Forwarding getCurrentUrl on session 541e5fbff23d86bb83d3a1a7e5bf5bb4 to remote] DEBUG org.asynchttpclient.netty.request.NettyRequestSender - Using pooled Channel '[id: 0x5e9e9eb4, L:/127.0.0.1:64175 - R:localhost/127.0.0.1:26374]' for 'GET' to 'http://localhost:26374/session/541e5fbff23d86bb83d3a1a7e5bf5bb4/url'
12:04:14.669 [Forwarding getCurrentUrl on session 541e5fbff23d86bb83d3a1a7e5bf5bb4 to remote] DEBUG org.asynchttpclient.netty.request.NettyRequestSender - Using open Channel [id: 0x5e9e9eb4, L:/127.0.0.1:64175 - R:localhost/127.0.0.1:26374] for GET '/session/541e5fbff23d86bb83d3a1a7e5bf5bb4/url'
12:04:14.674 [AsyncHttpClient-1-2] DEBUG org.asynchttpclient.netty.handler.HttpHandler - 

Request DefaultFullHttpRequest(decodeResult: success, version: HTTP/1.1, content: EmptyByteBufBE)
GET /session/541e5fbff23d86bb83d3a1a7e5bf5bb4/url HTTP/1.1
User-Agent: selenium/4.6.0 (java windows)
Cache-Control: no-cache
Content-Type: application/json; charset=utf-8
host: localhost:26374
accept: */*

Response DefaultHttpResponse(decodeResult: success, version: HTTP/1.1)
HTTP/1.1 200 OK
Content-Type: application/json; charset=utf-8
cache-control: no-cache
content-length: 48

12:04:14.674 [AsyncHttpClient-1-2] DEBUG org.asynchttpclient.netty.channel.ChannelManager - Adding key: http://localhost:26374 for channel [id: 0x5e9e9eb4, L:/127.0.0.1:64175 - R:localhost/127.0.0.1:26374]
12:04:14.675 [Forwarding screenshot on session 541e5fbff23d86bb83d3a1a7e5bf5bb4 to remote] DEBUG org.asynchttpclient.netty.request.NettyRequestSender - Using pooled Channel '[id: 0x5e9e9eb4, L:/127.0.0.1:64175 - R:localhost/127.0.0.1:26374]' for 'GET' to 'http://localhost:26374/session/541e5fbff23d86bb83d3a1a7e5bf5bb4/screenshot'
12:04:14.675 [Forwarding screenshot on session 541e5fbff23d86bb83d3a1a7e5bf5bb4 to remote] DEBUG org.asynchttpclient.netty.request.NettyRequestSender - Using open Channel [id: 0x5e9e9eb4, L:/127.0.0.1:64175 - R:localhost/127.0.0.1:26374] for GET '/session/541e5fbff23d86bb83d3a1a7e5bf5bb4/screenshot'
12:04:14.919 [AsyncHttpClient-1-2] DEBUG org.asynchttpclient.netty.handler.HttpHandler - 

Request DefaultFullHttpRequest(decodeResult: success, version: HTTP/1.1, content: EmptyByteBufBE)
GET /session/541e5fbff23d86bb83d3a1a7e5bf5bb4/screenshot HTTP/1.1
User-Agent: selenium/4.6.0 (java windows)
Cache-Control: no-cache
Content-Type: application/json; charset=utf-8
host: localhost:26374
accept: */*

Response DefaultHttpResponse(decodeResult: success, version: HTTP/1.1)
HTTP/1.1 200 OK
Content-Type: application/json; charset=utf-8
cache-control: no-cache
content-length: 714636

12:04:14.920 [AsyncHttpClient-1-2] DEBUG org.asynchttpclient.netty.channel.ChannelManager - Adding key: http://localhost:26374 for channel [id: 0x5e9e9eb4, L:/127.0.0.1:64175 - R:localhost/127.0.0.1:26374]
12:04:14.936 [Test worker] DEBUG net.serenitybdd.core.photography.Darkroom - Send negative for processing for C:\Users\Usuario\Documents\retoAutomatizacion\e2e\RetoDemoBlaze\target\site\serenity\d2e8964f38c86e797cc92dee5fbffe8a805c1e5ae8e2356a4d8b19305f8709db.png
12:04:14.945 [Forwarding getPageSource on session 541e5fbff23d86bb83d3a1a7e5bf5bb4 to remote] DEBUG org.asynchttpclient.netty.request.NettyRequestSender - Using pooled Channel '[id: 0x5e9e9eb4, L:/127.0.0.1:64175 - R:localhost/127.0.0.1:26374]' for 'POST' to 'http://localhost:26374/session/541e5fbff23d86bb83d3a1a7e5bf5bb4/execute/sync'
12:04:14.945 [Forwarding getPageSource on session 541e5fbff23d86bb83d3a1a7e5bf5bb4 to remote] DEBUG org.asynchttpclient.netty.request.NettyRequestSender - Using open Channel [id: 0x5e9e9eb4, L:/127.0.0.1:64175 - R:localhost/127.0.0.1:26374] for POST '/session/541e5fbff23d86bb83d3a1a7e5bf5bb4/execute/sync'
12:04:14.955 [AsyncHttpClient-1-2] DEBUG org.asynchttpclient.netty.handler.HttpHandler - 

Request DefaultHttpRequest(decodeResult: success, version: HTTP/1.1)
POST /session/541e5fbff23d86bb83d3a1a7e5bf5bb4/execute/sync HTTP/1.1
User-Agent: selenium/4.6.0 (java windows)
Content-Length: 176
Content-Type: application/json; charset=utf-8
host: localhost:26374
accept: */*

Response DefaultHttpResponse(decodeResult: success, version: HTTP/1.1)
HTTP/1.1 200 OK
Content-Type: application/json; charset=utf-8
cache-control: no-cache
content-length: 57604

12:04:14.955 [AsyncHttpClient-1-2] DEBUG org.asynchttpclient.netty.channel.ChannelManager - Adding key: http://localhost:26374 for channel [id: 0x5e9e9eb4, L:/127.0.0.1:64175 - R:localhost/127.0.0.1:26374]
12:04:14.960 [Forwarding getCurrentUrl on session 541e5fbff23d86bb83d3a1a7e5bf5bb4 to remote] DEBUG org.asynchttpclient.netty.request.NettyRequestSender - Using pooled Channel '[id: 0x5e9e9eb4, L:/127.0.0.1:64175 - R:localhost/127.0.0.1:26374]' for 'GET' to 'http://localhost:26374/session/541e5fbff23d86bb83d3a1a7e5bf5bb4/url'
12:04:14.960 [Forwarding getCurrentUrl on session 541e5fbff23d86bb83d3a1a7e5bf5bb4 to remote] DEBUG org.asynchttpclient.netty.request.NettyRequestSender - Using open Channel [id: 0x5e9e9eb4, L:/127.0.0.1:64175 - R:localhost/127.0.0.1:26374] for GET '/session/541e5fbff23d86bb83d3a1a7e5bf5bb4/url'
12:04:14.964 [AsyncHttpClient-1-2] DEBUG org.asynchttpclient.netty.handler.HttpHandler - 

Request DefaultFullHttpRequest(decodeResult: success, version: HTTP/1.1, content: EmptyByteBufBE)
GET /session/541e5fbff23d86bb83d3a1a7e5bf5bb4/url HTTP/1.1
User-Agent: selenium/4.6.0 (java windows)
Cache-Control: no-cache
Content-Type: application/json; charset=utf-8
host: localhost:26374
accept: */*

Response DefaultHttpResponse(decodeResult: success, version: HTTP/1.1)
HTTP/1.1 200 OK
Content-Type: application/json; charset=utf-8
cache-control: no-cache
content-length: 48

12:04:14.964 [AsyncHttpClient-1-2] DEBUG org.asynchttpclient.netty.channel.ChannelManager - Adding key: http://localhost:26374 for channel [id: 0x5e9e9eb4, L:/127.0.0.1:64175 - R:localhost/127.0.0.1:26374]
12:04:14.966 [Test worker] DEBUG net.thucydides.core.steps.StepInterceptor - STARTING STEP: PlaceOrder.performAs - performAs
12:04:15.164 [AsyncHttpClient-1-1] DEBUG org.asynchttpclient.netty.channel.DefaultChannelPool - Entry count for : http://localhost:64176 : 1
12:04:15.164 [AsyncHttpClient-1-1] DEBUG org.asynchttpclient.netty.channel.DefaultChannelPool - Entry count for : http://localhost:26374 : 1
12:04:16.270 [AsyncHttpClient-1-1] DEBUG org.asynchttpclient.netty.channel.DefaultChannelPool - Entry count for : http://localhost:64176 : 1
12:04:16.270 [AsyncHttpClient-1-1] DEBUG org.asynchttpclient.netty.channel.DefaultChannelPool - Entry count for : http://localhost:26374 : 1
12:04:17.363 [AsyncHttpClient-1-1] DEBUG org.asynchttpclient.netty.channel.DefaultChannelPool - Entry count for : http://localhost:64176 : 1
12:04:17.363 [AsyncHttpClient-1-1] DEBUG org.asynchttpclient.netty.channel.DefaultChannelPool - Entry count for : http://localhost:26374 : 1
12:04:18.027 [Forwarding getCurrentWindowHandle on session 541e5fbff23d86bb83d3a1a7e5bf5bb4 to remote] DEBUG org.asynchttpclient.netty.request.NettyRequestSender - Using pooled Channel '[id: 0x5e9e9eb4, L:/127.0.0.1:64175 - R:localhost/127.0.0.1:26374]' for 'GET' to 'http://localhost:26374/session/541e5fbff23d86bb83d3a1a7e5bf5bb4/window'
12:04:18.027 [Forwarding getCurrentWindowHandle on session 541e5fbff23d86bb83d3a1a7e5bf5bb4 to remote] DEBUG org.asynchttpclient.netty.request.NettyRequestSender - Using open Channel [id: 0x5e9e9eb4, L:/127.0.0.1:64175 - R:localhost/127.0.0.1:26374] for GET '/session/541e5fbff23d86bb83d3a1a7e5bf5bb4/window'
12:04:18.028 [AsyncHttpClient-1-2] DEBUG org.asynchttpclient.netty.handler.HttpHandler - 

Request DefaultFullHttpRequest(decodeResult: success, version: HTTP/1.1, content: EmptyByteBufBE)
GET /session/541e5fbff23d86bb83d3a1a7e5bf5bb4/window HTTP/1.1
User-Agent: selenium/4.6.0 (java windows)
Cache-Control: no-cache
Content-Type: application/json; charset=utf-8
host: localhost:26374
accept: */*

Response DefaultHttpResponse(decodeResult: success, version: HTTP/1.1)
HTTP/1.1 200 OK
Content-Type: application/json; charset=utf-8
cache-control: no-cache
content-length: 44

12:04:18.029 [AsyncHttpClient-1-2] DEBUG org.asynchttpclient.netty.channel.ChannelManager - Adding key: http://localhost:26374 for channel [id: 0x5e9e9eb4, L:/127.0.0.1:64175 - R:localhost/127.0.0.1:26374]
12:04:18.040 [Forwarding getAlertText on session 541e5fbff23d86bb83d3a1a7e5bf5bb4 to remote] DEBUG org.asynchttpclient.netty.request.NettyRequestSender - Using pooled Channel '[id: 0x5e9e9eb4, L:/127.0.0.1:64175 - R:localhost/127.0.0.1:26374]' for 'GET' to 'http://localhost:26374/session/541e5fbff23d86bb83d3a1a7e5bf5bb4/alert/text'
12:04:18.040 [Forwarding getAlertText on session 541e5fbff23d86bb83d3a1a7e5bf5bb4 to remote] DEBUG org.asynchttpclient.netty.request.NettyRequestSender - Using open Channel [id: 0x5e9e9eb4, L:/127.0.0.1:64175 - R:localhost/127.0.0.1:26374] for GET '/session/541e5fbff23d86bb83d3a1a7e5bf5bb4/alert/text'
12:04:18.042 [AsyncHttpClient-1-2] DEBUG org.asynchttpclient.netty.handler.HttpHandler - 

Request DefaultFullHttpRequest(decodeResult: success, version: HTTP/1.1, content: EmptyByteBufBE)
GET /session/541e5fbff23d86bb83d3a1a7e5bf5bb4/alert/text HTTP/1.1
User-Agent: selenium/4.6.0 (java windows)
Cache-Control: no-cache
Content-Type: application/json; charset=utf-8
host: localhost:26374
accept: */*

Response DefaultHttpResponse(decodeResult: success, version: HTTP/1.1)
HTTP/1.1 404 Not Found
Content-Type: application/json; charset=utf-8
cache-control: no-cache
content-length: 848

12:04:18.042 [AsyncHttpClient-1-2] DEBUG org.asynchttpclient.netty.channel.ChannelManager - Adding key: http://localhost:26374 for channel [id: 0x5e9e9eb4, L:/127.0.0.1:64175 - R:localhost/127.0.0.1:26374]
12:04:18.059 [Forwarding switchToWindow on session 541e5fbff23d86bb83d3a1a7e5bf5bb4 to remote] DEBUG org.asynchttpclient.netty.request.NettyRequestSender - Using pooled Channel '[id: 0x5e9e9eb4, L:/127.0.0.1:64175 - R:localhost/127.0.0.1:26374]' for 'POST' to 'http://localhost:26374/session/541e5fbff23d86bb83d3a1a7e5bf5bb4/window'
12:04:18.059 [Forwarding switchToWindow on session 541e5fbff23d86bb83d3a1a7e5bf5bb4 to remote] DEBUG org.asynchttpclient.netty.request.NettyRequestSender - Using open Channel [id: 0x5e9e9eb4, L:/127.0.0.1:64175 - R:localhost/127.0.0.1:26374] for POST '/session/541e5fbff23d86bb83d3a1a7e5bf5bb4/window'
12:04:18.062 [AsyncHttpClient-1-2] DEBUG org.asynchttpclient.netty.handler.HttpHandler - 

Request DefaultHttpRequest(decodeResult: success, version: HTTP/1.1)
POST /session/541e5fbff23d86bb83d3a1a7e5bf5bb4/window HTTP/1.1
User-Agent: selenium/4.6.0 (java windows)
Content-Length: 50
Content-Type: application/json; charset=utf-8
host: localhost:26374
accept: */*

Response DefaultHttpResponse(decodeResult: success, version: HTTP/1.1)
HTTP/1.1 200 OK
Content-Type: application/json; charset=utf-8
cache-control: no-cache
content-length: 14

12:04:18.062 [AsyncHttpClient-1-2] DEBUG org.asynchttpclient.netty.channel.ChannelManager - Adding key: http://localhost:26374 for channel [id: 0x5e9e9eb4, L:/127.0.0.1:64175 - R:localhost/127.0.0.1:26374]
12:04:18.063 [Forwarding getCurrentUrl on session 541e5fbff23d86bb83d3a1a7e5bf5bb4 to remote] DEBUG org.asynchttpclient.netty.request.NettyRequestSender - Using pooled Channel '[id: 0x5e9e9eb4, L:/127.0.0.1:64175 - R:localhost/127.0.0.1:26374]' for 'GET' to 'http://localhost:26374/session/541e5fbff23d86bb83d3a1a7e5bf5bb4/url'
12:04:18.063 [Forwarding getCurrentUrl on session 541e5fbff23d86bb83d3a1a7e5bf5bb4 to remote] DEBUG org.asynchttpclient.netty.request.NettyRequestSender - Using open Channel [id: 0x5e9e9eb4, L:/127.0.0.1:64175 - R:localhost/127.0.0.1:26374] for GET '/session/541e5fbff23d86bb83d3a1a7e5bf5bb4/url'
12:04:18.070 [AsyncHttpClient-1-2] DEBUG org.asynchttpclient.netty.handler.HttpHandler - 

Request DefaultFullHttpRequest(decodeResult: success, version: HTTP/1.1, content: EmptyByteBufBE)
GET /session/541e5fbff23d86bb83d3a1a7e5bf5bb4/url HTTP/1.1
User-Agent: selenium/4.6.0 (java windows)
Cache-Control: no-cache
Content-Type: application/json; charset=utf-8
host: localhost:26374
accept: */*

Response DefaultHttpResponse(decodeResult: success, version: HTTP/1.1)
HTTP/1.1 200 OK
Content-Type: application/json; charset=utf-8
cache-control: no-cache
content-length: 48

12:04:18.070 [AsyncHttpClient-1-2] DEBUG org.asynchttpclient.netty.channel.ChannelManager - Adding key: http://localhost:26374 for channel [id: 0x5e9e9eb4, L:/127.0.0.1:64175 - R:localhost/127.0.0.1:26374]
12:04:18.073 [Forwarding screenshot on session 541e5fbff23d86bb83d3a1a7e5bf5bb4 to remote] DEBUG org.asynchttpclient.netty.request.NettyRequestSender - Using pooled Channel '[id: 0x5e9e9eb4, L:/127.0.0.1:64175 - R:localhost/127.0.0.1:26374]' for 'GET' to 'http://localhost:26374/session/541e5fbff23d86bb83d3a1a7e5bf5bb4/screenshot'
12:04:18.073 [Forwarding screenshot on session 541e5fbff23d86bb83d3a1a7e5bf5bb4 to remote] DEBUG org.asynchttpclient.netty.request.NettyRequestSender - Using open Channel [id: 0x5e9e9eb4, L:/127.0.0.1:64175 - R:localhost/127.0.0.1:26374] for GET '/session/541e5fbff23d86bb83d3a1a7e5bf5bb4/screenshot'
12:04:18.359 [AsyncHttpClient-1-2] DEBUG org.asynchttpclient.netty.handler.HttpHandler - 

Request DefaultFullHttpRequest(decodeResult: success, version: HTTP/1.1, content: EmptyByteBufBE)
GET /session/541e5fbff23d86bb83d3a1a7e5bf5bb4/screenshot HTTP/1.1
User-Agent: selenium/4.6.0 (java windows)
Cache-Control: no-cache
Content-Type: application/json; charset=utf-8
host: localhost:26374
accept: */*

Response DefaultHttpResponse(decodeResult: success, version: HTTP/1.1)
HTTP/1.1 200 OK
Content-Type: application/json; charset=utf-8
cache-control: no-cache
content-length: 714820

12:04:18.359 [AsyncHttpClient-1-2] DEBUG org.asynchttpclient.netty.channel.ChannelManager - Adding key: http://localhost:26374 for channel [id: 0x5e9e9eb4, L:/127.0.0.1:64175 - R:localhost/127.0.0.1:26374]
12:04:18.374 [Test worker] DEBUG net.serenitybdd.core.photography.Darkroom - Send negative for processing for C:\Users\Usuario\Documents\retoAutomatizacion\e2e\RetoDemoBlaze\target\site\serenity\49edd55c6af4bf1d02bb84d86ec4864780c50f1c732660d85e5ed37fa7fcc17e.png
12:04:18.375 [Test worker] DEBUG net.thucydides.core.steps.StepInterceptor - STEP DONE: performAs
12:04:18.375 [Darkroom Processing Line] DEBUG net.serenitybdd.core.photography.DarkroomProcessingLine - Processing screenshot image in /var/screenshots/screenshot-12725127795889595840
12:04:18.375 [Darkroom Processing Line] DEBUG net.serenitybdd.core.photography.DarkroomProcessingLine - Saving screenshot to C:\Users\Usuario\Documents\retoAutomatizacion\e2e\RetoDemoBlaze\target\site\serenity\49edd55c6af4bf1d02bb84d86ec4864780c50f1c732660d85e5ed37fa7fcc17e.png
12:04:18.391 [Test worker] DEBUG net.serenitybdd.screenplay.targets.IFrameSwitcher - default content already selected for Cart
12:04:18.401 [Forwarding findElements on session 541e5fbff23d86bb83d3a1a7e5bf5bb4 to remote] DEBUG org.asynchttpclient.netty.request.NettyRequestSender - Using pooled Channel '[id: 0x5e9e9eb4, L:/127.0.0.1:64175 - R:localhost/127.0.0.1:26374]' for 'POST' to 'http://localhost:26374/session/541e5fbff23d86bb83d3a1a7e5bf5bb4/elements'
12:04:18.401 [Forwarding findElements on session 541e5fbff23d86bb83d3a1a7e5bf5bb4 to remote] DEBUG org.asynchttpclient.netty.request.NettyRequestSender - Using open Channel [id: 0x5e9e9eb4, L:/127.0.0.1:64175 - R:localhost/127.0.0.1:26374] for POST '/session/541e5fbff23d86bb83d3a1a7e5bf5bb4/elements'
12:04:18.413 [AsyncHttpClient-1-2] DEBUG org.asynchttpclient.netty.handler.HttpHandler - 

Request DefaultHttpRequest(decodeResult: success, version: HTTP/1.1)
POST /session/541e5fbff23d86bb83d3a1a7e5bf5bb4/elements HTTP/1.1
User-Agent: selenium/4.6.0 (java windows)
Content-Length: 66
Content-Type: application/json; charset=utf-8
host: localhost:26374
accept: */*

Response DefaultHttpResponse(decodeResult: success, version: HTTP/1.1)
HTTP/1.1 200 OK
Content-Type: application/json; charset=utf-8
cache-control: no-cache
content-length: 98

12:04:18.413 [AsyncHttpClient-1-2] DEBUG org.asynchttpclient.netty.channel.ChannelManager - Adding key: http://localhost:26374 for channel [id: 0x5e9e9eb4, L:/127.0.0.1:64175 - R:localhost/127.0.0.1:26374]
12:04:18.459 [Forwarding isElementDisplayed on session 541e5fbff23d86bb83d3a1a7e5bf5bb4 to remote] DEBUG org.asynchttpclient.netty.request.NettyRequestSender - Using pooled Channel '[id: 0x5e9e9eb4, L:/127.0.0.1:64175 - R:localhost/127.0.0.1:26374]' for 'POST' to 'http://localhost:26374/session/541e5fbff23d86bb83d3a1a7e5bf5bb4/execute/sync'
12:04:18.459 [Forwarding isElementDisplayed on session 541e5fbff23d86bb83d3a1a7e5bf5bb4 to remote] DEBUG org.asynchttpclient.netty.request.NettyRequestSender - Using open Channel [id: 0x5e9e9eb4, L:/127.0.0.1:64175 - R:localhost/127.0.0.1:26374] for POST '/session/541e5fbff23d86bb83d3a1a7e5bf5bb4/execute/sync'
12:04:18.464 [AsyncHttpClient-1-1] DEBUG org.asynchttpclient.netty.channel.DefaultChannelPool - Entry count for : http://localhost:64176 : 1
12:04:18.470 [AsyncHttpClient-1-2] DEBUG org.asynchttpclient.netty.handler.HttpHandler - 

Request DefaultHttpRequest(decodeResult: success, version: HTTP/1.1)
POST /session/541e5fbff23d86bb83d3a1a7e5bf5bb4/execute/sync HTTP/1.1
User-Agent: selenium/4.6.0 (java windows)
Content-Length: 48788
Content-Type: application/json; charset=utf-8
host: localhost:26374
accept: */*

Response DefaultHttpResponse(decodeResult: success, version: HTTP/1.1)
HTTP/1.1 200 OK
Content-Type: application/json; charset=utf-8
cache-control: no-cache
content-length: 14

12:04:18.471 [AsyncHttpClient-1-2] DEBUG org.asynchttpclient.netty.channel.ChannelManager - Adding key: http://localhost:26374 for channel [id: 0x5e9e9eb4, L:/127.0.0.1:64175 - R:localhost/127.0.0.1:26374]
12:04:18.472 [Forwarding isElementEnabled on session 541e5fbff23d86bb83d3a1a7e5bf5bb4 to remote] DEBUG org.asynchttpclient.netty.request.NettyRequestSender - Using pooled Channel '[id: 0x5e9e9eb4, L:/127.0.0.1:64175 - R:localhost/127.0.0.1:26374]' for 'GET' to 'http://localhost:26374/session/541e5fbff23d86bb83d3a1a7e5bf5bb4/element/A43E561423A46CDCA28EE635EBCC3478_element_331/enabled'
12:04:18.472 [Forwarding isElementEnabled on session 541e5fbff23d86bb83d3a1a7e5bf5bb4 to remote] DEBUG org.asynchttpclient.netty.request.NettyRequestSender - Using open Channel [id: 0x5e9e9eb4, L:/127.0.0.1:64175 - R:localhost/127.0.0.1:26374] for GET '/session/541e5fbff23d86bb83d3a1a7e5bf5bb4/element/A43E561423A46CDCA28EE635EBCC3478_element_331/enabled'
12:04:18.481 [AsyncHttpClient-1-2] DEBUG org.asynchttpclient.netty.handler.HttpHandler - 

Request DefaultFullHttpRequest(decodeResult: success, version: HTTP/1.1, content: EmptyByteBufBE)
GET /session/541e5fbff23d86bb83d3a1a7e5bf5bb4/element/A43E561423A46CDCA28EE635EBCC3478_element_331/enabled HTTP/1.1
User-Agent: selenium/4.6.0 (java windows)
Cache-Control: no-cache
Content-Type: application/json; charset=utf-8
host: localhost:26374
accept: */*

Response DefaultHttpResponse(decodeResult: success, version: HTTP/1.1)
HTTP/1.1 200 OK
Content-Type: application/json; charset=utf-8
cache-control: no-cache
content-length: 14

12:04:18.481 [AsyncHttpClient-1-2] DEBUG org.asynchttpclient.netty.channel.ChannelManager - Adding key: http://localhost:26374 for channel [id: 0x5e9e9eb4, L:/127.0.0.1:64175 - R:localhost/127.0.0.1:26374]
12:04:18.539 [Forwarding getCurrentWindowHandle on session 541e5fbff23d86bb83d3a1a7e5bf5bb4 to remote] DEBUG org.asynchttpclient.netty.request.NettyRequestSender - Using pooled Channel '[id: 0x5e9e9eb4, L:/127.0.0.1:64175 - R:localhost/127.0.0.1:26374]' for 'GET' to 'http://localhost:26374/session/541e5fbff23d86bb83d3a1a7e5bf5bb4/window'
12:04:18.539 [Forwarding getCurrentWindowHandle on session 541e5fbff23d86bb83d3a1a7e5bf5bb4 to remote] DEBUG org.asynchttpclient.netty.request.NettyRequestSender - Using open Channel [id: 0x5e9e9eb4, L:/127.0.0.1:64175 - R:localhost/127.0.0.1:26374] for GET '/session/541e5fbff23d86bb83d3a1a7e5bf5bb4/window'
12:04:18.540 [AsyncHttpClient-1-2] DEBUG org.asynchttpclient.netty.handler.HttpHandler - 

Request DefaultFullHttpRequest(decodeResult: success, version: HTTP/1.1, content: EmptyByteBufBE)
GET /session/541e5fbff23d86bb83d3a1a7e5bf5bb4/window HTTP/1.1
User-Agent: selenium/4.6.0 (java windows)
Cache-Control: no-cache
Content-Type: application/json; charset=utf-8
host: localhost:26374
accept: */*

Response DefaultHttpResponse(decodeResult: success, version: HTTP/1.1)
HTTP/1.1 200 OK
Content-Type: application/json; charset=utf-8
cache-control: no-cache
content-length: 44

12:04:18.540 [AsyncHttpClient-1-2] DEBUG org.asynchttpclient.netty.channel.ChannelManager - Adding key: http://localhost:26374 for channel [id: 0x5e9e9eb4, L:/127.0.0.1:64175 - R:localhost/127.0.0.1:26374]
12:04:18.554 [Forwarding getAlertText on session 541e5fbff23d86bb83d3a1a7e5bf5bb4 to remote] DEBUG org.asynchttpclient.netty.request.NettyRequestSender - Using pooled Channel '[id: 0x5e9e9eb4, L:/127.0.0.1:64175 - R:localhost/127.0.0.1:26374]' for 'GET' to 'http://localhost:26374/session/541e5fbff23d86bb83d3a1a7e5bf5bb4/alert/text'
12:04:18.554 [Forwarding getAlertText on session 541e5fbff23d86bb83d3a1a7e5bf5bb4 to remote] DEBUG org.asynchttpclient.netty.request.NettyRequestSender - Using open Channel [id: 0x5e9e9eb4, L:/127.0.0.1:64175 - R:localhost/127.0.0.1:26374] for GET '/session/541e5fbff23d86bb83d3a1a7e5bf5bb4/alert/text'
12:04:18.556 [AsyncHttpClient-1-2] DEBUG org.asynchttpclient.netty.handler.HttpHandler - 

Request DefaultFullHttpRequest(decodeResult: success, version: HTTP/1.1, content: EmptyByteBufBE)
GET /session/541e5fbff23d86bb83d3a1a7e5bf5bb4/alert/text HTTP/1.1
User-Agent: selenium/4.6.0 (java windows)
Cache-Control: no-cache
Content-Type: application/json; charset=utf-8
host: localhost:26374
accept: */*

Response DefaultHttpResponse(decodeResult: success, version: HTTP/1.1)
HTTP/1.1 404 Not Found
Content-Type: application/json; charset=utf-8
cache-control: no-cache
content-length: 848

12:04:18.556 [AsyncHttpClient-1-2] DEBUG org.asynchttpclient.netty.channel.ChannelManager - Adding key: http://localhost:26374 for channel [id: 0x5e9e9eb4, L:/127.0.0.1:64175 - R:localhost/127.0.0.1:26374]
12:04:18.571 [Forwarding switchToWindow on session 541e5fbff23d86bb83d3a1a7e5bf5bb4 to remote] DEBUG org.asynchttpclient.netty.request.NettyRequestSender - Using pooled Channel '[id: 0x5e9e9eb4, L:/127.0.0.1:64175 - R:localhost/127.0.0.1:26374]' for 'POST' to 'http://localhost:26374/session/541e5fbff23d86bb83d3a1a7e5bf5bb4/window'
12:04:18.571 [Forwarding switchToWindow on session 541e5fbff23d86bb83d3a1a7e5bf5bb4 to remote] DEBUG org.asynchttpclient.netty.request.NettyRequestSender - Using open Channel [id: 0x5e9e9eb4, L:/127.0.0.1:64175 - R:localhost/127.0.0.1:26374] for POST '/session/541e5fbff23d86bb83d3a1a7e5bf5bb4/window'
12:04:18.574 [AsyncHttpClient-1-2] DEBUG org.asynchttpclient.netty.handler.HttpHandler - 

Request DefaultHttpRequest(decodeResult: success, version: HTTP/1.1)
POST /session/541e5fbff23d86bb83d3a1a7e5bf5bb4/window HTTP/1.1
User-Agent: selenium/4.6.0 (java windows)
Content-Length: 50
Content-Type: application/json; charset=utf-8
host: localhost:26374
accept: */*

Response DefaultHttpResponse(decodeResult: success, version: HTTP/1.1)
HTTP/1.1 200 OK
Content-Type: application/json; charset=utf-8
cache-control: no-cache
content-length: 14

12:04:18.574 [AsyncHttpClient-1-2] DEBUG org.asynchttpclient.netty.channel.ChannelManager - Adding key: http://localhost:26374 for channel [id: 0x5e9e9eb4, L:/127.0.0.1:64175 - R:localhost/127.0.0.1:26374]
12:04:18.575 [Forwarding getCurrentUrl on session 541e5fbff23d86bb83d3a1a7e5bf5bb4 to remote] DEBUG org.asynchttpclient.netty.request.NettyRequestSender - Using pooled Channel '[id: 0x5e9e9eb4, L:/127.0.0.1:64175 - R:localhost/127.0.0.1:26374]' for 'GET' to 'http://localhost:26374/session/541e5fbff23d86bb83d3a1a7e5bf5bb4/url'
12:04:18.575 [Forwarding getCurrentUrl on session 541e5fbff23d86bb83d3a1a7e5bf5bb4 to remote] DEBUG org.asynchttpclient.netty.request.NettyRequestSender - Using open Channel [id: 0x5e9e9eb4, L:/127.0.0.1:64175 - R:localhost/127.0.0.1:26374] for GET '/session/541e5fbff23d86bb83d3a1a7e5bf5bb4/url'
12:04:18.580 [AsyncHttpClient-1-2] DEBUG org.asynchttpclient.netty.handler.HttpHandler - 

Request DefaultFullHttpRequest(decodeResult: success, version: HTTP/1.1, content: EmptyByteBufBE)
GET /session/541e5fbff23d86bb83d3a1a7e5bf5bb4/url HTTP/1.1
User-Agent: selenium/4.6.0 (java windows)
Cache-Control: no-cache
Content-Type: application/json; charset=utf-8
host: localhost:26374
accept: */*

Response DefaultHttpResponse(decodeResult: success, version: HTTP/1.1)
HTTP/1.1 200 OK
Content-Type: application/json; charset=utf-8
cache-control: no-cache
content-length: 48

12:04:18.580 [AsyncHttpClient-1-2] DEBUG org.asynchttpclient.netty.channel.ChannelManager - Adding key: http://localhost:26374 for channel [id: 0x5e9e9eb4, L:/127.0.0.1:64175 - R:localhost/127.0.0.1:26374]
12:04:18.581 [Forwarding screenshot on session 541e5fbff23d86bb83d3a1a7e5bf5bb4 to remote] DEBUG org.asynchttpclient.netty.request.NettyRequestSender - Using pooled Channel '[id: 0x5e9e9eb4, L:/127.0.0.1:64175 - R:localhost/127.0.0.1:26374]' for 'GET' to 'http://localhost:26374/session/541e5fbff23d86bb83d3a1a7e5bf5bb4/screenshot'
12:04:18.581 [Forwarding screenshot on session 541e5fbff23d86bb83d3a1a7e5bf5bb4 to remote] DEBUG org.asynchttpclient.netty.request.NettyRequestSender - Using open Channel [id: 0x5e9e9eb4, L:/127.0.0.1:64175 - R:localhost/127.0.0.1:26374] for GET '/session/541e5fbff23d86bb83d3a1a7e5bf5bb4/screenshot'
12:04:18.899 [AsyncHttpClient-1-2] DEBUG org.asynchttpclient.netty.handler.HttpHandler - 

Request DefaultFullHttpRequest(decodeResult: success, version: HTTP/1.1, content: EmptyByteBufBE)
GET /session/541e5fbff23d86bb83d3a1a7e5bf5bb4/screenshot HTTP/1.1
User-Agent: selenium/4.6.0 (java windows)
Cache-Control: no-cache
Content-Type: application/json; charset=utf-8
host: localhost:26374
accept: */*

Response DefaultHttpResponse(decodeResult: success, version: HTTP/1.1)
HTTP/1.1 200 OK
Content-Type: application/json; charset=utf-8
cache-control: no-cache
content-length: 786820

12:04:18.900 [AsyncHttpClient-1-2] DEBUG org.asynchttpclient.netty.channel.ChannelManager - Adding key: http://localhost:26374 for channel [id: 0x5e9e9eb4, L:/127.0.0.1:64175 - R:localhost/127.0.0.1:26374]
12:04:18.925 [Test worker] DEBUG net.serenitybdd.core.photography.Darkroom - Send negative for processing for C:\Users\Usuario\Documents\retoAutomatizacion\e2e\RetoDemoBlaze\target\site\serenity\5affeabf40f1c11bd55cd3f967492c60cd29290ae8a527341547e956178dcbce.png
12:04:18.925 [Darkroom Processing Line] DEBUG net.serenitybdd.core.photography.DarkroomProcessingLine - Processing screenshot image in /var/screenshots/screenshot-9502880239662922735
12:04:18.925 [Darkroom Processing Line] DEBUG net.serenitybdd.core.photography.DarkroomProcessingLine - Saving screenshot to C:\Users\Usuario\Documents\retoAutomatizacion\e2e\RetoDemoBlaze\target\site\serenity\5affeabf40f1c11bd55cd3f967492c60cd29290ae8a527341547e956178dcbce.png
12:04:18.943 [Forwarding getPageSource on session 541e5fbff23d86bb83d3a1a7e5bf5bb4 to remote] DEBUG org.asynchttpclient.netty.request.NettyRequestSender - Using pooled Channel '[id: 0x5e9e9eb4, L:/127.0.0.1:64175 - R:localhost/127.0.0.1:26374]' for 'POST' to 'http://localhost:26374/session/541e5fbff23d86bb83d3a1a7e5bf5bb4/execute/sync'
12:04:18.943 [Forwarding getPageSource on session 541e5fbff23d86bb83d3a1a7e5bf5bb4 to remote] DEBUG org.asynchttpclient.netty.request.NettyRequestSender - Using open Channel [id: 0x5e9e9eb4, L:/127.0.0.1:64175 - R:localhost/127.0.0.1:26374] for POST '/session/541e5fbff23d86bb83d3a1a7e5bf5bb4/execute/sync'
12:04:18.958 [AsyncHttpClient-1-2] DEBUG org.asynchttpclient.netty.handler.HttpHandler - 

Request DefaultHttpRequest(decodeResult: success, version: HTTP/1.1)
POST /session/541e5fbff23d86bb83d3a1a7e5bf5bb4/execute/sync HTTP/1.1
User-Agent: selenium/4.6.0 (java windows)
Content-Length: 176
Content-Type: application/json; charset=utf-8
host: localhost:26374
accept: */*

Response DefaultHttpResponse(decodeResult: success, version: HTTP/1.1)
HTTP/1.1 200 OK
Content-Type: application/json; charset=utf-8
cache-control: no-cache
content-length: 57615

12:04:18.958 [AsyncHttpClient-1-2] DEBUG org.asynchttpclient.netty.channel.ChannelManager - Adding key: http://localhost:26374 for channel [id: 0x5e9e9eb4, L:/127.0.0.1:64175 - R:localhost/127.0.0.1:26374]
12:04:18.966 [Forwarding getCurrentUrl on session 541e5fbff23d86bb83d3a1a7e5bf5bb4 to remote] DEBUG org.asynchttpclient.netty.request.NettyRequestSender - Using pooled Channel '[id: 0x5e9e9eb4, L:/127.0.0.1:64175 - R:localhost/127.0.0.1:26374]' for 'GET' to 'http://localhost:26374/session/541e5fbff23d86bb83d3a1a7e5bf5bb4/url'
12:04:18.966 [Forwarding getCurrentUrl on session 541e5fbff23d86bb83d3a1a7e5bf5bb4 to remote] DEBUG org.asynchttpclient.netty.request.NettyRequestSender - Using open Channel [id: 0x5e9e9eb4, L:/127.0.0.1:64175 - R:localhost/127.0.0.1:26374] for GET '/session/541e5fbff23d86bb83d3a1a7e5bf5bb4/url'
12:04:18.973 [AsyncHttpClient-1-2] DEBUG org.asynchttpclient.netty.handler.HttpHandler - 

Request DefaultFullHttpRequest(decodeResult: success, version: HTTP/1.1, content: EmptyByteBufBE)
GET /session/541e5fbff23d86bb83d3a1a7e5bf5bb4/url HTTP/1.1
User-Agent: selenium/4.6.0 (java windows)
Cache-Control: no-cache
Content-Type: application/json; charset=utf-8
host: localhost:26374
accept: */*

Response DefaultHttpResponse(decodeResult: success, version: HTTP/1.1)
HTTP/1.1 200 OK
Content-Type: application/json; charset=utf-8
cache-control: no-cache
content-length: 48

12:04:18.973 [AsyncHttpClient-1-2] DEBUG org.asynchttpclient.netty.channel.ChannelManager - Adding key: http://localhost:26374 for channel [id: 0x5e9e9eb4, L:/127.0.0.1:64175 - R:localhost/127.0.0.1:26374]
12:04:18.974 [Test worker] DEBUG net.thucydides.core.steps.StepInterceptor - STARTING STEP: PlaceOrder.performAs - {0} clicks on #target
12:04:18.975 [Test worker] DEBUG net.serenitybdd.screenplay.targets.IFrameSwitcher - default content already selected for Cart
12:04:19.071 [Forwarding findElement on session 541e5fbff23d86bb83d3a1a7e5bf5bb4 to remote] DEBUG org.asynchttpclient.netty.request.NettyRequestSender - Using pooled Channel '[id: 0x5e9e9eb4, L:/127.0.0.1:64175 - R:localhost/127.0.0.1:26374]' for 'POST' to 'http://localhost:26374/session/541e5fbff23d86bb83d3a1a7e5bf5bb4/element'
12:04:19.071 [Forwarding findElement on session 541e5fbff23d86bb83d3a1a7e5bf5bb4 to remote] DEBUG org.asynchttpclient.netty.request.NettyRequestSender - Using open Channel [id: 0x5e9e9eb4, L:/127.0.0.1:64175 - R:localhost/127.0.0.1:26374] for POST '/session/541e5fbff23d86bb83d3a1a7e5bf5bb4/element'
12:04:19.084 [AsyncHttpClient-1-2] DEBUG org.asynchttpclient.netty.handler.HttpHandler - 

Request DefaultHttpRequest(decodeResult: success, version: HTTP/1.1)
POST /session/541e5fbff23d86bb83d3a1a7e5bf5bb4/element HTTP/1.1
User-Agent: selenium/4.6.0 (java windows)
Content-Length: 66
Content-Type: application/json; charset=utf-8
host: localhost:26374
accept: */*

Response DefaultHttpResponse(decodeResult: success, version: HTTP/1.1)
HTTP/1.1 200 OK
Content-Type: application/json; charset=utf-8
cache-control: no-cache
content-length: 96

12:04:19.084 [AsyncHttpClient-1-2] DEBUG org.asynchttpclient.netty.channel.ChannelManager - Adding key: http://localhost:26374 for channel [id: 0x5e9e9eb4, L:/127.0.0.1:64175 - R:localhost/127.0.0.1:26374]
12:04:19.100 [Forwarding isElementDisplayed on session 541e5fbff23d86bb83d3a1a7e5bf5bb4 to remote] DEBUG org.asynchttpclient.netty.request.NettyRequestSender - Using pooled Channel '[id: 0x5e9e9eb4, L:/127.0.0.1:64175 - R:localhost/127.0.0.1:26374]' for 'POST' to 'http://localhost:26374/session/541e5fbff23d86bb83d3a1a7e5bf5bb4/execute/sync'
12:04:19.100 [Forwarding isElementDisplayed on session 541e5fbff23d86bb83d3a1a7e5bf5bb4 to remote] DEBUG org.asynchttpclient.netty.request.NettyRequestSender - Using open Channel [id: 0x5e9e9eb4, L:/127.0.0.1:64175 - R:localhost/127.0.0.1:26374] for POST '/session/541e5fbff23d86bb83d3a1a7e5bf5bb4/execute/sync'
12:04:19.114 [AsyncHttpClient-1-2] DEBUG org.asynchttpclient.netty.handler.HttpHandler - 

Request DefaultHttpRequest(decodeResult: success, version: HTTP/1.1)
POST /session/541e5fbff23d86bb83d3a1a7e5bf5bb4/execute/sync HTTP/1.1
User-Agent: selenium/4.6.0 (java windows)
Content-Length: 48788
Content-Type: application/json; charset=utf-8
host: localhost:26374
accept: */*

Response DefaultHttpResponse(decodeResult: success, version: HTTP/1.1)
HTTP/1.1 200 OK
Content-Type: application/json; charset=utf-8
cache-control: no-cache
content-length: 14

12:04:19.114 [AsyncHttpClient-1-2] DEBUG org.asynchttpclient.netty.channel.ChannelManager - Adding key: http://localhost:26374 for channel [id: 0x5e9e9eb4, L:/127.0.0.1:64175 - R:localhost/127.0.0.1:26374]
12:04:19.144 [Forwarding findElement on session 541e5fbff23d86bb83d3a1a7e5bf5bb4 to remote] DEBUG org.asynchttpclient.netty.request.NettyRequestSender - Using pooled Channel '[id: 0x5e9e9eb4, L:/127.0.0.1:64175 - R:localhost/127.0.0.1:26374]' for 'POST' to 'http://localhost:26374/session/541e5fbff23d86bb83d3a1a7e5bf5bb4/element'
12:04:19.144 [Forwarding findElement on session 541e5fbff23d86bb83d3a1a7e5bf5bb4 to remote] DEBUG org.asynchttpclient.netty.request.NettyRequestSender - Using open Channel [id: 0x5e9e9eb4, L:/127.0.0.1:64175 - R:localhost/127.0.0.1:26374] for POST '/session/541e5fbff23d86bb83d3a1a7e5bf5bb4/element'
12:04:19.155 [AsyncHttpClient-1-2] DEBUG org.asynchttpclient.netty.handler.HttpHandler - 

Request DefaultHttpRequest(decodeResult: success, version: HTTP/1.1)
POST /session/541e5fbff23d86bb83d3a1a7e5bf5bb4/element HTTP/1.1
User-Agent: selenium/4.6.0 (java windows)
Content-Length: 66
Content-Type: application/json; charset=utf-8
host: localhost:26374
accept: */*

Response DefaultHttpResponse(decodeResult: success, version: HTTP/1.1)
HTTP/1.1 200 OK
Content-Type: application/json; charset=utf-8
cache-control: no-cache
content-length: 96

12:04:19.155 [AsyncHttpClient-1-2] DEBUG org.asynchttpclient.netty.channel.ChannelManager - Adding key: http://localhost:26374 for channel [id: 0x5e9e9eb4, L:/127.0.0.1:64175 - R:localhost/127.0.0.1:26374]
12:04:19.157 [Forwarding clickElement on session 541e5fbff23d86bb83d3a1a7e5bf5bb4 to remote] DEBUG org.asynchttpclient.netty.request.NettyRequestSender - Using pooled Channel '[id: 0x5e9e9eb4, L:/127.0.0.1:64175 - R:localhost/127.0.0.1:26374]' for 'POST' to 'http://localhost:26374/session/541e5fbff23d86bb83d3a1a7e5bf5bb4/element/A43E561423A46CDCA28EE635EBCC3478_element_331/click'
12:04:19.157 [Forwarding clickElement on session 541e5fbff23d86bb83d3a1a7e5bf5bb4 to remote] DEBUG org.asynchttpclient.netty.request.NettyRequestSender - Using open Channel [id: 0x5e9e9eb4, L:/127.0.0.1:64175 - R:localhost/127.0.0.1:26374] for POST '/session/541e5fbff23d86bb83d3a1a7e5bf5bb4/element/A43E561423A46CDCA28EE635EBCC3478_element_331/click'
12:04:19.573 [AsyncHttpClient-1-1] DEBUG org.asynchttpclient.netty.channel.DefaultChannelPool - Entry count for : http://localhost:64176 : 1
12:04:20.258 [AsyncHttpClient-1-2] DEBUG org.asynchttpclient.netty.handler.HttpHandler - 

Request DefaultHttpRequest(decodeResult: success, version: HTTP/1.1)
POST /session/541e5fbff23d86bb83d3a1a7e5bf5bb4/element/A43E561423A46CDCA28EE635EBCC3478_element_331/click HTTP/1.1
User-Agent: selenium/4.6.0 (java windows)
Content-Length: 58
Content-Type: application/json; charset=utf-8
host: localhost:26374
accept: */*

Response DefaultHttpResponse(decodeResult: success, version: HTTP/1.1)
HTTP/1.1 200 OK
Content-Type: application/json; charset=utf-8
cache-control: no-cache
content-length: 14

12:04:20.259 [AsyncHttpClient-1-2] DEBUG org.asynchttpclient.netty.channel.ChannelManager - Adding key: http://localhost:26374 for channel [id: 0x5e9e9eb4, L:/127.0.0.1:64175 - R:localhost/127.0.0.1:26374]
12:04:20.299 [Forwarding getCurrentWindowHandle on session 541e5fbff23d86bb83d3a1a7e5bf5bb4 to remote] DEBUG org.asynchttpclient.netty.request.NettyRequestSender - Using pooled Channel '[id: 0x5e9e9eb4, L:/127.0.0.1:64175 - R:localhost/127.0.0.1:26374]' for 'GET' to 'http://localhost:26374/session/541e5fbff23d86bb83d3a1a7e5bf5bb4/window'
12:04:20.299 [Forwarding getCurrentWindowHandle on session 541e5fbff23d86bb83d3a1a7e5bf5bb4 to remote] DEBUG org.asynchttpclient.netty.request.NettyRequestSender - Using open Channel [id: 0x5e9e9eb4, L:/127.0.0.1:64175 - R:localhost/127.0.0.1:26374] for GET '/session/541e5fbff23d86bb83d3a1a7e5bf5bb4/window'
12:04:20.300 [AsyncHttpClient-1-2] DEBUG org.asynchttpclient.netty.handler.HttpHandler - 

Request DefaultFullHttpRequest(decodeResult: success, version: HTTP/1.1, content: EmptyByteBufBE)
GET /session/541e5fbff23d86bb83d3a1a7e5bf5bb4/window HTTP/1.1
User-Agent: selenium/4.6.0 (java windows)
Cache-Control: no-cache
Content-Type: application/json; charset=utf-8
host: localhost:26374
accept: */*

Response DefaultHttpResponse(decodeResult: success, version: HTTP/1.1)
HTTP/1.1 200 OK
Content-Type: application/json; charset=utf-8
cache-control: no-cache
content-length: 44

12:04:20.300 [AsyncHttpClient-1-2] DEBUG org.asynchttpclient.netty.channel.ChannelManager - Adding key: http://localhost:26374 for channel [id: 0x5e9e9eb4, L:/127.0.0.1:64175 - R:localhost/127.0.0.1:26374]
12:04:20.314 [Forwarding getAlertText on session 541e5fbff23d86bb83d3a1a7e5bf5bb4 to remote] DEBUG org.asynchttpclient.netty.request.NettyRequestSender - Using pooled Channel '[id: 0x5e9e9eb4, L:/127.0.0.1:64175 - R:localhost/127.0.0.1:26374]' for 'GET' to 'http://localhost:26374/session/541e5fbff23d86bb83d3a1a7e5bf5bb4/alert/text'
12:04:20.314 [Forwarding getAlertText on session 541e5fbff23d86bb83d3a1a7e5bf5bb4 to remote] DEBUG org.asynchttpclient.netty.request.NettyRequestSender - Using open Channel [id: 0x5e9e9eb4, L:/127.0.0.1:64175 - R:localhost/127.0.0.1:26374] for GET '/session/541e5fbff23d86bb83d3a1a7e5bf5bb4/alert/text'
12:04:20.316 [AsyncHttpClient-1-2] DEBUG org.asynchttpclient.netty.handler.HttpHandler - 

Request DefaultFullHttpRequest(decodeResult: success, version: HTTP/1.1, content: EmptyByteBufBE)
GET /session/541e5fbff23d86bb83d3a1a7e5bf5bb4/alert/text HTTP/1.1
User-Agent: selenium/4.6.0 (java windows)
Cache-Control: no-cache
Content-Type: application/json; charset=utf-8
host: localhost:26374
accept: */*

Response DefaultHttpResponse(decodeResult: success, version: HTTP/1.1)
HTTP/1.1 404 Not Found
Content-Type: application/json; charset=utf-8
cache-control: no-cache
content-length: 848

12:04:20.316 [AsyncHttpClient-1-2] DEBUG org.asynchttpclient.netty.channel.ChannelManager - Adding key: http://localhost:26374 for channel [id: 0x5e9e9eb4, L:/127.0.0.1:64175 - R:localhost/127.0.0.1:26374]
12:04:20.329 [Forwarding switchToWindow on session 541e5fbff23d86bb83d3a1a7e5bf5bb4 to remote] DEBUG org.asynchttpclient.netty.request.NettyRequestSender - Using pooled Channel '[id: 0x5e9e9eb4, L:/127.0.0.1:64175 - R:localhost/127.0.0.1:26374]' for 'POST' to 'http://localhost:26374/session/541e5fbff23d86bb83d3a1a7e5bf5bb4/window'
12:04:20.329 [Forwarding switchToWindow on session 541e5fbff23d86bb83d3a1a7e5bf5bb4 to remote] DEBUG org.asynchttpclient.netty.request.NettyRequestSender - Using open Channel [id: 0x5e9e9eb4, L:/127.0.0.1:64175 - R:localhost/127.0.0.1:26374] for POST '/session/541e5fbff23d86bb83d3a1a7e5bf5bb4/window'
12:04:20.331 [AsyncHttpClient-1-2] DEBUG org.asynchttpclient.netty.handler.HttpHandler - 

Request DefaultHttpRequest(decodeResult: success, version: HTTP/1.1)
POST /session/541e5fbff23d86bb83d3a1a7e5bf5bb4/window HTTP/1.1
User-Agent: selenium/4.6.0 (java windows)
Content-Length: 50
Content-Type: application/json; charset=utf-8
host: localhost:26374
accept: */*

Response DefaultHttpResponse(decodeResult: success, version: HTTP/1.1)
HTTP/1.1 200 OK
Content-Type: application/json; charset=utf-8
cache-control: no-cache
content-length: 14

12:04:20.331 [AsyncHttpClient-1-2] DEBUG org.asynchttpclient.netty.channel.ChannelManager - Adding key: http://localhost:26374 for channel [id: 0x5e9e9eb4, L:/127.0.0.1:64175 - R:localhost/127.0.0.1:26374]
12:04:20.332 [Forwarding getCurrentUrl on session 541e5fbff23d86bb83d3a1a7e5bf5bb4 to remote] DEBUG org.asynchttpclient.netty.request.NettyRequestSender - Using pooled Channel '[id: 0x5e9e9eb4, L:/127.0.0.1:64175 - R:localhost/127.0.0.1:26374]' for 'GET' to 'http://localhost:26374/session/541e5fbff23d86bb83d3a1a7e5bf5bb4/url'
12:04:20.332 [Forwarding getCurrentUrl on session 541e5fbff23d86bb83d3a1a7e5bf5bb4 to remote] DEBUG org.asynchttpclient.netty.request.NettyRequestSender - Using open Channel [id: 0x5e9e9eb4, L:/127.0.0.1:64175 - R:localhost/127.0.0.1:26374] for GET '/session/541e5fbff23d86bb83d3a1a7e5bf5bb4/url'
12:04:20.338 [AsyncHttpClient-1-2] DEBUG org.asynchttpclient.netty.handler.HttpHandler - 

Request DefaultFullHttpRequest(decodeResult: success, version: HTTP/1.1, content: EmptyByteBufBE)
GET /session/541e5fbff23d86bb83d3a1a7e5bf5bb4/url HTTP/1.1
User-Agent: selenium/4.6.0 (java windows)
Cache-Control: no-cache
Content-Type: application/json; charset=utf-8
host: localhost:26374
accept: */*

Response DefaultHttpResponse(decodeResult: success, version: HTTP/1.1)
HTTP/1.1 200 OK
Content-Type: application/json; charset=utf-8
cache-control: no-cache
content-length: 47

12:04:20.338 [AsyncHttpClient-1-2] DEBUG org.asynchttpclient.netty.channel.ChannelManager - Adding key: http://localhost:26374 for channel [id: 0x5e9e9eb4, L:/127.0.0.1:64175 - R:localhost/127.0.0.1:26374]
12:04:20.338 [Forwarding screenshot on session 541e5fbff23d86bb83d3a1a7e5bf5bb4 to remote] DEBUG org.asynchttpclient.netty.request.NettyRequestSender - Using pooled Channel '[id: 0x5e9e9eb4, L:/127.0.0.1:64175 - R:localhost/127.0.0.1:26374]' for 'GET' to 'http://localhost:26374/session/541e5fbff23d86bb83d3a1a7e5bf5bb4/screenshot'
12:04:20.338 [Forwarding screenshot on session 541e5fbff23d86bb83d3a1a7e5bf5bb4 to remote] DEBUG org.asynchttpclient.netty.request.NettyRequestSender - Using open Channel [id: 0x5e9e9eb4, L:/127.0.0.1:64175 - R:localhost/127.0.0.1:26374] for GET '/session/541e5fbff23d86bb83d3a1a7e5bf5bb4/screenshot'
12:04:20.520 [AsyncHttpClient-1-2] DEBUG org.asynchttpclient.netty.handler.HttpHandler - 

Request DefaultFullHttpRequest(decodeResult: success, version: HTTP/1.1, content: EmptyByteBufBE)
GET /session/541e5fbff23d86bb83d3a1a7e5bf5bb4/screenshot HTTP/1.1
User-Agent: selenium/4.6.0 (java windows)
Cache-Control: no-cache
Content-Type: application/json; charset=utf-8
host: localhost:26374
accept: */*

Response DefaultHttpResponse(decodeResult: success, version: HTTP/1.1)
HTTP/1.1 200 OK
Content-Type: application/json; charset=utf-8
cache-control: no-cache
content-length: 324816

12:04:20.521 [AsyncHttpClient-1-2] DEBUG org.asynchttpclient.netty.channel.ChannelManager - Adding key: http://localhost:26374 for channel [id: 0x5e9e9eb4, L:/127.0.0.1:64175 - R:localhost/127.0.0.1:26374]
12:04:20.533 [Test worker] DEBUG net.serenitybdd.core.photography.Darkroom - Send negative for processing for C:\Users\Usuario\Documents\retoAutomatizacion\e2e\RetoDemoBlaze\target\site\serenity\8338e7d537d6e8fe9fa780d29f859e871fc0fc20b3fe5dc3aca593c539986724.png
12:04:20.534 [Test worker] DEBUG net.thucydides.core.steps.StepInterceptor - STEP DONE: {0} clicks on #target
12:04:20.534 [Darkroom Processing Line] DEBUG net.serenitybdd.core.photography.DarkroomProcessingLine - Processing screenshot image in /var/screenshots/screenshot-5272859198822900239
12:04:20.534 [Darkroom Processing Line] DEBUG net.serenitybdd.core.photography.DarkroomProcessingLine - Saving screenshot to C:\Users\Usuario\Documents\retoAutomatizacion\e2e\RetoDemoBlaze\target\site\serenity\8338e7d537d6e8fe9fa780d29f859e871fc0fc20b3fe5dc3aca593c539986724.png
12:04:20.572 [Test worker] DEBUG net.thucydides.core.steps.StepInterceptor - STEP DONE: performAs
  ?[32mY ?[0m?[32mcompleto el formulario?[0m                                                   ?[90m# org.example.stepsdefinition.demoBlazeStepDefinition.completoElFormulario(io.cucumber.datatable.DataTable)?[0m
    | Name  | Country | City | Creditcard       | Month | Year |
    | Aaron | PERU    | LIMA | 4199651567347524 | 02    | 2024 |
12:04:20.632 [Forwarding getCurrentWindowHandle on session 541e5fbff23d86bb83d3a1a7e5bf5bb4 to remote] DEBUG org.asynchttpclient.netty.request.NettyRequestSender - Using pooled Channel '[id: 0x5e9e9eb4, L:/127.0.0.1:64175 - R:localhost/127.0.0.1:26374]' for 'GET' to 'http://localhost:26374/session/541e5fbff23d86bb83d3a1a7e5bf5bb4/window'
12:04:20.633 [Forwarding getCurrentWindowHandle on session 541e5fbff23d86bb83d3a1a7e5bf5bb4 to remote] DEBUG org.asynchttpclient.netty.request.NettyRequestSender - Using open Channel [id: 0x5e9e9eb4, L:/127.0.0.1:64175 - R:localhost/127.0.0.1:26374] for GET '/session/541e5fbff23d86bb83d3a1a7e5bf5bb4/window'
12:04:20.633 [AsyncHttpClient-1-2] DEBUG org.asynchttpclient.netty.handler.HttpHandler - 

Request DefaultFullHttpRequest(decodeResult: success, version: HTTP/1.1, content: EmptyByteBufBE)
GET /session/541e5fbff23d86bb83d3a1a7e5bf5bb4/window HTTP/1.1
User-Agent: selenium/4.6.0 (java windows)
Cache-Control: no-cache
Content-Type: application/json; charset=utf-8
host: localhost:26374
accept: */*

Response DefaultHttpResponse(decodeResult: success, version: HTTP/1.1)
HTTP/1.1 200 OK
Content-Type: application/json; charset=utf-8
cache-control: no-cache
content-length: 44

12:04:20.633 [AsyncHttpClient-1-2] DEBUG org.asynchttpclient.netty.channel.ChannelManager - Adding key: http://localhost:26374 for channel [id: 0x5e9e9eb4, L:/127.0.0.1:64175 - R:localhost/127.0.0.1:26374]
12:04:20.642 [Forwarding getAlertText on session 541e5fbff23d86bb83d3a1a7e5bf5bb4 to remote] DEBUG org.asynchttpclient.netty.request.NettyRequestSender - Using pooled Channel '[id: 0x5e9e9eb4, L:/127.0.0.1:64175 - R:localhost/127.0.0.1:26374]' for 'GET' to 'http://localhost:26374/session/541e5fbff23d86bb83d3a1a7e5bf5bb4/alert/text'
12:04:20.642 [Forwarding getAlertText on session 541e5fbff23d86bb83d3a1a7e5bf5bb4 to remote] DEBUG org.asynchttpclient.netty.request.NettyRequestSender - Using open Channel [id: 0x5e9e9eb4, L:/127.0.0.1:64175 - R:localhost/127.0.0.1:26374] for GET '/session/541e5fbff23d86bb83d3a1a7e5bf5bb4/alert/text'
12:04:20.646 [AsyncHttpClient-1-2] DEBUG org.asynchttpclient.netty.handler.HttpHandler - 

Request DefaultFullHttpRequest(decodeResult: success, version: HTTP/1.1, content: EmptyByteBufBE)
GET /session/541e5fbff23d86bb83d3a1a7e5bf5bb4/alert/text HTTP/1.1
User-Agent: selenium/4.6.0 (java windows)
Cache-Control: no-cache
Content-Type: application/json; charset=utf-8
host: localhost:26374
accept: */*

Response DefaultHttpResponse(decodeResult: success, version: HTTP/1.1)
HTTP/1.1 404 Not Found
Content-Type: application/json; charset=utf-8
cache-control: no-cache
content-length: 848

12:04:20.646 [AsyncHttpClient-1-2] DEBUG org.asynchttpclient.netty.channel.ChannelManager - Adding key: http://localhost:26374 for channel [id: 0x5e9e9eb4, L:/127.0.0.1:64175 - R:localhost/127.0.0.1:26374]
12:04:20.664 [Forwarding switchToWindow on session 541e5fbff23d86bb83d3a1a7e5bf5bb4 to remote] DEBUG org.asynchttpclient.netty.request.NettyRequestSender - Using pooled Channel '[id: 0x5e9e9eb4, L:/127.0.0.1:64175 - R:localhost/127.0.0.1:26374]' for 'POST' to 'http://localhost:26374/session/541e5fbff23d86bb83d3a1a7e5bf5bb4/window'
12:04:20.664 [Forwarding switchToWindow on session 541e5fbff23d86bb83d3a1a7e5bf5bb4 to remote] DEBUG org.asynchttpclient.netty.request.NettyRequestSender - Using open Channel [id: 0x5e9e9eb4, L:/127.0.0.1:64175 - R:localhost/127.0.0.1:26374] for POST '/session/541e5fbff23d86bb83d3a1a7e5bf5bb4/window'
12:04:20.664 [AsyncHttpClient-1-1] DEBUG org.asynchttpclient.netty.channel.DefaultChannelPool - Entry count for : http://localhost:64176 : 1
12:04:20.666 [AsyncHttpClient-1-2] DEBUG org.asynchttpclient.netty.handler.HttpHandler - 

Request DefaultHttpRequest(decodeResult: success, version: HTTP/1.1)
POST /session/541e5fbff23d86bb83d3a1a7e5bf5bb4/window HTTP/1.1
User-Agent: selenium/4.6.0 (java windows)
Content-Length: 50
Content-Type: application/json; charset=utf-8
host: localhost:26374
accept: */*

Response DefaultHttpResponse(decodeResult: success, version: HTTP/1.1)
HTTP/1.1 200 OK
Content-Type: application/json; charset=utf-8
cache-control: no-cache
content-length: 14

12:04:20.667 [AsyncHttpClient-1-2] DEBUG org.asynchttpclient.netty.channel.ChannelManager - Adding key: http://localhost:26374 for channel [id: 0x5e9e9eb4, L:/127.0.0.1:64175 - R:localhost/127.0.0.1:26374]
12:04:20.667 [Forwarding getCurrentUrl on session 541e5fbff23d86bb83d3a1a7e5bf5bb4 to remote] DEBUG org.asynchttpclient.netty.request.NettyRequestSender - Using pooled Channel '[id: 0x5e9e9eb4, L:/127.0.0.1:64175 - R:localhost/127.0.0.1:26374]' for 'GET' to 'http://localhost:26374/session/541e5fbff23d86bb83d3a1a7e5bf5bb4/url'
12:04:20.667 [Forwarding getCurrentUrl on session 541e5fbff23d86bb83d3a1a7e5bf5bb4 to remote] DEBUG org.asynchttpclient.netty.request.NettyRequestSender - Using open Channel [id: 0x5e9e9eb4, L:/127.0.0.1:64175 - R:localhost/127.0.0.1:26374] for GET '/session/541e5fbff23d86bb83d3a1a7e5bf5bb4/url'
12:04:20.675 [AsyncHttpClient-1-2] DEBUG org.asynchttpclient.netty.handler.HttpHandler - 

Request DefaultFullHttpRequest(decodeResult: success, version: HTTP/1.1, content: EmptyByteBufBE)
GET /session/541e5fbff23d86bb83d3a1a7e5bf5bb4/url HTTP/1.1
User-Agent: selenium/4.6.0 (java windows)
Cache-Control: no-cache
Content-Type: application/json; charset=utf-8
host: localhost:26374
accept: */*

Response DefaultHttpResponse(decodeResult: success, version: HTTP/1.1)
HTTP/1.1 200 OK
Content-Type: application/json; charset=utf-8
cache-control: no-cache
content-length: 47

12:04:20.675 [AsyncHttpClient-1-2] DEBUG org.asynchttpclient.netty.channel.ChannelManager - Adding key: http://localhost:26374 for channel [id: 0x5e9e9eb4, L:/127.0.0.1:64175 - R:localhost/127.0.0.1:26374]
12:04:20.676 [Forwarding screenshot on session 541e5fbff23d86bb83d3a1a7e5bf5bb4 to remote] DEBUG org.asynchttpclient.netty.request.NettyRequestSender - Using pooled Channel '[id: 0x5e9e9eb4, L:/127.0.0.1:64175 - R:localhost/127.0.0.1:26374]' for 'GET' to 'http://localhost:26374/session/541e5fbff23d86bb83d3a1a7e5bf5bb4/screenshot'
12:04:20.676 [Forwarding screenshot on session 541e5fbff23d86bb83d3a1a7e5bf5bb4 to remote] DEBUG org.asynchttpclient.netty.request.NettyRequestSender - Using open Channel [id: 0x5e9e9eb4, L:/127.0.0.1:64175 - R:localhost/127.0.0.1:26374] for GET '/session/541e5fbff23d86bb83d3a1a7e5bf5bb4/screenshot'
12:04:20.870 [AsyncHttpClient-1-2] DEBUG org.asynchttpclient.netty.handler.HttpHandler - 

Request DefaultFullHttpRequest(decodeResult: success, version: HTTP/1.1, content: EmptyByteBufBE)
GET /session/541e5fbff23d86bb83d3a1a7e5bf5bb4/screenshot HTTP/1.1
User-Agent: selenium/4.6.0 (java windows)
Cache-Control: no-cache
Content-Type: application/json; charset=utf-8
host: localhost:26374
accept: */*

Response DefaultHttpResponse(decodeResult: success, version: HTTP/1.1)
HTTP/1.1 200 OK
Content-Type: application/json; charset=utf-8
cache-control: no-cache
content-length: 324816

12:04:20.871 [AsyncHttpClient-1-2] DEBUG org.asynchttpclient.netty.channel.ChannelManager - Adding key: http://localhost:26374 for channel [id: 0x5e9e9eb4, L:/127.0.0.1:64175 - R:localhost/127.0.0.1:26374]
12:04:20.879 [Test worker] DEBUG net.serenitybdd.core.photography.Darkroom - Send negative for processing for C:\Users\Usuario\Documents\retoAutomatizacion\e2e\RetoDemoBlaze\target\site\serenity\8338e7d537d6e8fe9fa780d29f859e871fc0fc20b3fe5dc3aca593c539986724.png
12:04:20.976 [Driver Command Executor] DEBUG org.asynchttpclient.netty.request.NettyRequestSender - Using pooled Channel '[id: 0x5e9e9eb4, L:/127.0.0.1:64175 - R:localhost/127.0.0.1:26374]' for 'DELETE' to 'http://localhost:26374/session/541e5fbff23d86bb83d3a1a7e5bf5bb4'
12:04:20.976 [Driver Command Executor] DEBUG org.asynchttpclient.netty.request.NettyRequestSender - Using open Channel [id: 0x5e9e9eb4, L:/127.0.0.1:64175 - R:localhost/127.0.0.1:26374] for DELETE '/session/541e5fbff23d86bb83d3a1a7e5bf5bb4'
12:04:20.979 [AsyncHttpClient-1-4] DEBUG org.asynchttpclient.netty.handler.WebSocketHandler - Channel Closed: [id: 0x60641db5, L:/127.0.0.1:64183 ! R:localhost/127.0.0.1:64176] with attribute NettyResponseFuture{currentRetry=0,
	isDone=1,
	isCancelled=0,
	asyncHandler=org.asynchttpclient.ws.WebSocketUpgradeHandler@7520cf63,
	nettyRequest=org.asynchttpclient.netty.request.NettyRequest@5097dbc9,
	future=java.util.concurrent.CompletableFuture@6611d84c[Completed normally],
	uri=ws://localhost:64176/devtools/browser/7d4edfb6-3cd2-4f99-a922-9474aeea55f5,
	keepAlive=true,
	redirectCount=0,
	timeoutsHolder=null,
	inAuth=0,
	touch=1686848602752}
12:04:20.980 [AsyncHttpClient-1-4] DEBUG org.asynchttpclient.netty.channel.ChannelManager - Closing Channel [id: 0x60641db5, L:/127.0.0.1:64183 ! R:localhost/127.0.0.1:64176] 
12:04:21.061 [AsyncHttpClient-1-3] DEBUG org.asynchttpclient.netty.handler.HttpHandler - Unexpected I/O exception on channel [id: 0x489aa274, L:/127.0.0.1:64182 - R:localhost/127.0.0.1:64176]
java.io.IOException: Se ha forzado la interrupción de una conexión existente por el host remoto
	at java.base/sun.nio.ch.SocketDispatcher.read0(Native Method)
	at java.base/sun.nio.ch.SocketDispatcher.read(SocketDispatcher.java:43)
	at java.base/sun.nio.ch.IOUtil.readIntoNativeBuffer(IOUtil.java:276)
	at java.base/sun.nio.ch.IOUtil.read(IOUtil.java:233)
	at java.base/sun.nio.ch.IOUtil.read(IOUtil.java:223)
	at java.base/sun.nio.ch.SocketChannelImpl.read(SocketChannelImpl.java:358)
	at io.netty.buffer.PooledByteBuf.setBytes(PooledByteBuf.java:259)
	at io.netty.buffer.AbstractByteBuf.writeBytes(AbstractByteBuf.java:1132)
	at io.netty.channel.socket.nio.NioSocketChannel.doReadBytes(NioSocketChannel.java:357)
	at io.netty.channel.nio.AbstractNioByteChannel$NioByteUnsafe.read(AbstractNioByteChannel.java:151)
	at io.netty.channel.nio.NioEventLoop.processSelectedKey(NioEventLoop.java:788)
	at io.netty.channel.nio.NioEventLoop.processSelectedKeysOptimized(NioEventLoop.java:724)
	at io.netty.channel.nio.NioEventLoop.processSelectedKeys(NioEventLoop.java:650)
	at io.netty.channel.nio.NioEventLoop.run(NioEventLoop.java:562)
	at io.netty.util.concurrent.SingleThreadEventExecutor$4.run(SingleThreadEventExecutor.java:997)
	at io.netty.util.internal.ThreadExecutorMap$2.run(ThreadExecutorMap.java:74)
	at io.netty.util.concurrent.FastThreadLocalRunnable.run(FastThreadLocalRunnable.java:30)
	at java.base/java.lang.Thread.run(Thread.java:834)
12:04:21.062 [AsyncHttpClient-1-3] DEBUG org.asynchttpclient.netty.channel.ChannelManager - Closing Channel [id: 0x489aa274, L:/127.0.0.1:64182 - R:localhost/127.0.0.1:64176] 
12:04:21.064 [AsyncHttpClient-1-3] DEBUG org.asynchttpclient.netty.handler.HttpHandler - Channel Closed: [id: 0x489aa274, L:/127.0.0.1:64182 ! R:localhost/127.0.0.1:64176] with attribute DISCARD
12:04:21.085 [AsyncHttpClient-1-2] DEBUG org.asynchttpclient.netty.handler.HttpHandler - 

Request DefaultFullHttpRequest(decodeResult: success, version: HTTP/1.1, content: EmptyByteBufBE)
DELETE /session/541e5fbff23d86bb83d3a1a7e5bf5bb4 HTTP/1.1
User-Agent: selenium/4.6.0 (java windows)
Content-Type: application/json; charset=utf-8
host: localhost:26374
accept: */*

Response DefaultHttpResponse(decodeResult: success, version: HTTP/1.1)
HTTP/1.1 200 OK
Content-Type: application/json; charset=utf-8
cache-control: no-cache
content-length: 14

12:04:21.086 [AsyncHttpClient-1-2] DEBUG org.asynchttpclient.netty.channel.ChannelManager - Adding key: http://localhost:26374 for channel [id: 0x5e9e9eb4, L:/127.0.0.1:64175 - R:localhost/127.0.0.1:26374]
12:04:21.227 [AsyncHttpClient-1-2] DEBUG org.asynchttpclient.netty.handler.HttpHandler - Channel Closed: [id: 0x5e9e9eb4, L:/127.0.0.1:64175 ! R:localhost/127.0.0.1:26374] with attribute DISCARD
12:04:21.284 [Test worker] INFO  - 
  _____   ___   ___   _____     ___     _     ___   ___   ___   ___  
 |_   _| | __| / __| |_   _|   | _ \   /_\   / __| / __| | __| |   \ 
   | |   | _|  \__ \   | |     |  _/  / _ \  \__ \ \__ \ | _|  | |) |
   |_|   |___| |___/   |_|     |_|   /_/ \_\ |___/ |___/ |___| |___/ 

Validar que se pueda realizar una compra en Demoblaze
----------------------------------------------------------------------
]]></system-out>
  <system-err><![CDATA[Starting ChromeDriver 114.0.5735.90 (386bc09e8f4f2e025eddae123f36f6263096ae49-refs/branch-heads/5735@{#1052}) on port 26374
Only local connections are allowed.
Please see https://chromedriver.chromium.org/security-considerations for suggestions on keeping ChromeDriver safe.
ChromeDriver was started successfully.
jun. 15, 2023 12:03:22 P. M. org.openqa.selenium.devtools.CdpVersionFinder findNearestMatch
WARNING: Unable to find CDP implementation matching 114
jun. 15, 2023 12:03:22 P. M. org.openqa.selenium.chromium.ChromiumDriver lambda$new$3
WARNING: Unable to find version of CDP to use for . You may need to include a dependency on a specific version of the CDP using something similar to `org.seleniumhq.selenium:selenium-devtools-v86:4.6.0` where the version ("v86") matches the version of the chromium-based browser you're using and the version number of the artifact is the same as Selenium's.
]]></system-err>
</testsuite>
