<?xml version="1.0" encoding="UTF-8"?>
<testsuite name="org.example.runner.RunnerTests" tests="0" skipped="0" failures="0" errors="0" timestamp="1970-01-01T00:00:00" hostname="LIM-2X8KNN3" time="0.0">
  <properties/>
  <system-out><![CDATA[15:21:33.740 [Test worker] DEBUG net.thucydides.core.guice.Injectors - Created injector for module net.thucydides.core.guice.ThucydidesModule
15:21:33.863 [Test worker] INFO io.cucumber.core.plugin.SerenityReporter - Running feature from file:///C:/Users/Usuario/Documents/retoAutomatizacion/e2e/RetoDemoBlaze/src/test/resources/features/demoBlaze.feature
15:21:33.976 [Test worker] DEBUG net.thucydides.core.guice.Injectors - Created injector for module net.thucydides.core.guice.webdriver.WebDriverModule
15:21:33.991 [Test worker] INFO  - 

-------------------------------------------------------------------------------------
     _______. _______ .______       _______ .__   __.  __  .___________.____    ____ 
    /       ||   ____||   _  \     |   ____||  \ |  | |  | |           |\   \  /   / 
   |   (----`|  |__   |  |_)  |    |  |__   |   \|  | |  | `---|  |----` \   \/   /  
    \   \    |   __|  |      /     |   __|  |  . `  | |  |     |  |       \_    _/   
.----)   |   |  |____ |  |\  \----.|  |____ |  |\   | |  |     |  |         |  |     
|_______/    |_______|| _| `._____||_______||__| \__| |__|     |__|         |__|    
                                                                                     
 News and tutorials at http://www.serenity-bdd.info                                  
 Documentation at https://wakaleo.gitbooks.io/the-serenity-book/content/             
 Join the Serenity Community on Gitter: https://gitter.im/serenity-bdd/serenity-core 
 Serenity BDD Support and Training at http://serenity-bdd.info/#/trainingandsupport  
-------------------------------------------------------------------------------------

15:21:33.994 [Test worker] DEBUG net.thucydides.core.steps.StepEventBus - Test suite started for story net.thucydides.core.model.Story@62338250
15:21:33.996 [Test worker] INFO  - Test Suite Started: Flujo de compra en demoblaze
15:21:34.011 [Test worker] INFO io.cucumber.core.plugin.SerenityReporter - Running feature from file:///C:/Users/Usuario/Documents/retoAutomatizacion/e2e/RetoDemoBlaze/src/test/resources/features/demoBlaze.feature
15:21:34.014 [Test worker] DEBUG net.thucydides.core.steps.StepEventBus - Test suite started for story net.thucydides.core.model.Story@62338250
15:21:34.014 [Test worker] INFO  - Test Suite Started: Flujo de compra en demoblaze
15:22:42.552 [AsyncHttpClient-1-1] DEBUG org.asynchttpclient.netty.channel.DefaultChannelPool - Entry count for : http://localhost:44337 : 1
15:22:42.552 [AsyncHttpClient-1-1] DEBUG org.asynchttpclient.netty.channel.DefaultChannelPool - Adding Candidate expired Channel [id: 0xe2458fda, L:/127.0.0.1:56492 ! R:localhost/127.0.0.1:44337] isIdleTimeoutExpired=false isRemotelyClosed=true isTtlExpired=false
15:22:42.552 [AsyncHttpClient-1-1] DEBUG org.asynchttpclient.netty.channel.DefaultChannelPool - Closing Idle Channel [id: 0xe2458fda, L:/127.0.0.1:56492 ! R:localhost/127.0.0.1:44337]
15:22:42.552 [AsyncHttpClient-1-1] DEBUG org.asynchttpclient.netty.channel.DefaultChannelPool - Closed 1 connections out of 1 in 0 ms
15:22:42.708 [Test worker] DEBUG net.thucydides.core.reports.ReportService - Reporting formats: [JSON, HTML]
15:22:42.924 [Test worker] DEBUG net.thucydides.core.reports.ReportService - Reporting formats: [JSON, HTML]
15:22:42.937 [Test worker] DEBUG net.thucydides.core.reports.ReportService - Generating reports for 1 test outcomes using: net.thucydides.core.reports.json.JSONTestOutcomeReporter@745955ba
15:22:42.941 [pool-1-thread-1] DEBUG net.thucydides.core.reports.ReportService - Processing test outcome Flujo de compra en demoblaze:Validar que se pueda realizar una compra en Demoblaze
15:22:42.941 [pool-1-thread-1] DEBUG net.thucydides.core.reports.ReportService - net.thucydides.core.reports.json.JSONTestOutcomeReporter@745955ba: Generating report for test outcome: Flujo de compra en demoblaze:Validar que se pueda realizar una compra en Demoblaze
15:22:42.956 [pool-1-thread-1] DEBUG net.thucydides.core.reports.json.JSONTestOutcomeReporter - Generating JSON report for Validar que se pueda realizar una compra en Demoblaze to file C:\Users\Usuario\Documents\retoAutomatizacion\e2e\RetoDemoBlaze\target\site\serenity\8e09b600a373fea5ccaa9223366874094cc0d2f3d982688d524ff6956eb7e47c.json (using temp file C:\Users\Usuario\Documents\retoAutomatizacion\e2e\RetoDemoBlaze\target\site\serenity\8e09b600a373fea5ccaa9223366874094cc0d2f3d982688d524ff6956eb7e47c.jsond1f5e2ac-c1f6-4231-8ad0-deba1feca8cf)
15:22:43.030 [pool-1-thread-1] DEBUG net.thucydides.core.reports.ReportService - Processing test outcome Flujo de compra en demoblaze:Validar que se pueda realizar una compra en Demoblaze done
15:22:43.057 [Test worker] DEBUG net.thucydides.core.reports.ReportService - Shutting down executor service
15:22:43.057 [Test worker] DEBUG net.thucydides.core.reports.ReportService - Reports generated in: 120 ms
15:22:43.057 [Test worker] DEBUG net.thucydides.core.reports.ReportService - Generating reports for 1 test outcomes using: net.thucydides.core.reports.html.HtmlAcceptanceTestReporter@1ca9fd34
15:22:43.064 [pool-2-thread-1] DEBUG net.thucydides.core.reports.ReportService - Processing test outcome Flujo de compra en demoblaze:Validar que se pueda realizar una compra en Demoblaze
15:22:43.064 [pool-2-thread-1] DEBUG net.thucydides.core.reports.ReportService - net.thucydides.core.reports.html.HtmlAcceptanceTestReporter@1ca9fd34: Generating report for test outcome: Flujo de compra en demoblaze:Validar que se pueda realizar una compra en Demoblaze
15:22:48.282 [pool-2-thread-1] DEBUG net.thucydides.core.reports.ReportService - Processing test outcome Flujo de compra en demoblaze:Validar que se pueda realizar una compra en Demoblaze done
15:22:48.282 [Test worker] DEBUG net.thucydides.core.reports.ReportService - Shutting down executor service
15:22:48.282 [Test worker] DEBUG net.thucydides.core.reports.ReportService - Reports generated in: 5225 ms
15:22:48.350 [Test worker] DEBUG net.serenitybdd.core.photography.Darkroom - Closing darkroom
15:22:48.350 [Darkroom Processing Line] DEBUG net.serenitybdd.core.photography.DarkroomProcessingLine - Darkroom processing line shutting down
15:22:48.355 [Test worker] DEBUG net.serenitybdd.core.photography.Darkroom - Closing darkroom
]]></system-out>
  <system-err><![CDATA[?[32m?[1m??????????????????????????????????????????????????????????????????????????????????????[0m
?[32m?[1m??[0m Share your Cucumber Report with your team at ?[36m?[1m?[4mhttps://reports.cucumber.io?[0m          ?[32m?[1m??[0m
?[32m?[1m??[0m Activate publishing with one of the following:                                    ?[32m?[1m??[0m
?[32m?[1m??[0m                                                                                   ?[32m?[1m??[0m
?[32m?[1m??[0m src/test/resources/cucumber.properties:          ?[36mcucumber.publish.enabled?[0m=?[36mtrue?[0m    ?[32m?[1m??[0m
?[32m?[1m??[0m src/test/resources/junit-platform.properties:    ?[36mcucumber.publish.enabled?[0m=?[36mtrue?[0m    ?[32m?[1m??[0m
?[32m?[1m??[0m Environment variable:                            ?[36mCUCUMBER_PUBLISH_ENABLED?[0m=?[36mtrue?[0m    ?[32m?[1m??[0m
?[32m?[1m??[0m JUnit:                                           ?[36m@CucumberOptions?[0m(publish = ?[36mtrue?[0m) ?[32m?[1m??[0m
?[32m?[1m??[0m                                                                                   ?[32m?[1m??[0m
?[32m?[1m??[0m More information at ?[36mhttps://cucumber.io/docs/cucumber/environment-variables/?[0m      ?[32m?[1m??[0m
?[32m?[1m??[0m                                                                                   ?[32m?[1m??[0m
?[32m?[1m??[0m Disable this message with one of the following:                                   ?[32m?[1m??[0m
?[32m?[1m??[0m                                                                                   ?[32m?[1m??[0m
?[32m?[1m??[0m src/test/resources/cucumber.properties:          ?[36mcucumber.publish.quiet?[0m=?[36mtrue?[0m      ?[32m?[1m??[0m
?[32m?[1m??[0m src/test/resources/junit-platform.properties:    ?[36mcucumber.publish.quiet?[0m=?[36mtrue?[0m      ?[32m?[1m??[0m
?[32m?[1m??????????????????????????????????????????????????????????????????????????????????????[0m
]]></system-err>
</testsuite>
