<?xml version="1.0" encoding="UTF-8"?>
<testsuite name="Flujo de compra en demoblaze" tests="1" skipped="0" failures="0" errors="0" timestamp="2023-06-15T20:21:34" hostname="LIM-2X8KNN3" time="68.227">
  <properties/>
  <testcase name="Validar que se pueda realizar una compra en Demoblaze" classname="Flujo de compra en demoblaze" time="68.227"/>
  <system-out><![CDATA[
@CompraWeb @Compra
Esquema del escenario: Validar que se pueda realizar una compra en Demoblaze ?[90m# src/test/resources/features/demoBlaze.feature:18?[0m
15:21:34.091 [Test worker] INFO io.cucumber.core.plugin.SerenityReporter - Running feature from file:///C:/Users/Usuario/Documents/retoAutomatizacion/e2e/RetoDemoBlaze/src/test/resources/features/demoBlaze.feature
15:21:34.189 [Test worker] INFO  - 
  _____   ___   ___   _____     ___   _____     _     ___   _____   ___   ___  
 |_   _| | __| / __| |_   _|   / __| |_   _|   /_\   | _ \ |_   _| | __| |   \ 
   | |   | _|  \__ \   | |     \__ \   | |    / _ \  |   /   | |   | _|  | |) |
   |_|   |___| |___/   |_|     |___/   |_|   /_/ \_\ |_|_\   |_|   |___| |___/ 

Validar que se pueda realizar una compra en Demoblaze(flujo-de-compra-en-demoblaze;validar-que-se-pueda-realizar-una-compra-en-demoblaze)
--------------------------------------------------------------------------------
15:21:34.994 [Test worker] DEBUG net.thucydides.core.steps.StepInterceptor - STARTING STEP: demoBlazeStepDefinition.queSoyUnUsuarioRegistradoEnDemoblaze - performAs
15:21:35.065 [Test worker] DEBUG net.thucydides.core.steps.StepInterceptor - STARTING STEP: VisitWebPage.performAs - {0} opens the browser at #url
15:21:35.115 [Test worker] INFO net.serenitybdd.core.webdriver.driverproviders.DriverProvider - Using WebDriverManager configuration for chrome
15:21:35.593 [Test worker] DEBUG io.github.bonigarcia.wdm.cache.ResolutionCache - Removing resolution chrome=114 from cache (expired on Thu Jun 15 13:12:53 PET 2023)
15:21:35.628 [Test worker] DEBUG org.apache.hc.client5.http.impl.classic.InternalHttpClient - ex-0000000001 preparing request execution
15:21:35.639 [Test worker] DEBUG org.apache.hc.client5.http.protocol.RequestAddCookies - ex-0000000001 Cookie spec selected: strict
15:21:35.645 [Test worker] DEBUG org.apache.hc.client5.http.protocol.RequestAuthCache - ex-0000000001 Auth cache not set in the context
15:21:35.645 [Test worker] DEBUG org.apache.hc.client5.http.impl.classic.ProtocolExec - ex-0000000001 target auth state: UNCHALLENGED
15:21:35.646 [Test worker] DEBUG org.apache.hc.client5.http.impl.classic.ProtocolExec - ex-0000000001 proxy auth state: UNCHALLENGED
15:21:35.647 [Test worker] DEBUG org.apache.hc.client5.http.impl.classic.ConnectExec - ex-0000000001 acquiring connection with route {s}->https://raw.githubusercontent.com:443
15:21:35.647 [Test worker] DEBUG org.apache.hc.client5.http.impl.classic.InternalHttpClient - ex-0000000001 acquiring endpoint (3 MINUTES)
15:21:35.649 [Test worker] DEBUG org.apache.hc.client5.http.impl.io.PoolingHttpClientConnectionManager - ex-0000000001 endpoint lease request (3 MINUTES) [route: {s}->https://raw.githubusercontent.com:443][total available: 0; route allocated: 0 of 5; total allocated: 0 of 25]
15:21:35.655 [Test worker] DEBUG org.apache.hc.client5.http.impl.io.PoolingHttpClientConnectionManager - ex-0000000001 endpoint leased [route: {s}->https://raw.githubusercontent.com:443][total available: 0; route allocated: 1 of 5; total allocated: 1 of 25]
15:21:35.670 [Test worker] DEBUG org.apache.hc.client5.http.impl.io.PoolingHttpClientConnectionManager - ex-0000000001 acquired ep-0000000000
15:21:35.670 [Test worker] DEBUG org.apache.hc.client5.http.impl.classic.InternalHttpClient - ex-0000000001 acquired endpoint ep-0000000000
15:21:35.670 [Test worker] DEBUG org.apache.hc.client5.http.impl.classic.ConnectExec - ex-0000000001 opening connection {s}->https://raw.githubusercontent.com:443
15:21:35.671 [Test worker] DEBUG org.apache.hc.client5.http.impl.classic.InternalHttpClient - ep-0000000000 connecting endpoint (30 SECONDS)
15:21:35.672 [Test worker] DEBUG org.apache.hc.client5.http.impl.io.PoolingHttpClientConnectionManager - ep-0000000000 connecting endpoint to https://raw.githubusercontent.com:443 (30 SECONDS)
15:21:35.685 [Test worker] DEBUG org.apache.hc.client5.http.impl.io.DefaultHttpClientConnectionOperator - http-outgoing-0 connecting to raw.githubusercontent.com/185.199.109.133:443
15:21:35.686 [Test worker] DEBUG org.apache.hc.client5.http.ssl.SSLConnectionSocketFactory - Connecting socket to raw.githubusercontent.com/185.199.109.133:443 with timeout 30 SECONDS
15:21:35.708 [Test worker] DEBUG org.apache.hc.client5.http.ssl.SSLConnectionSocketFactory - Enabled protocols: [TLSv1.3, TLSv1.2]
15:21:35.708 [Test worker] DEBUG org.apache.hc.client5.http.ssl.SSLConnectionSocketFactory - Enabled cipher suites: [TLS_AES_256_GCM_SHA384, TLS_AES_128_GCM_SHA256, TLS_CHACHA20_POLY1305_SHA256, TLS_ECDHE_ECDSA_WITH_AES_256_GCM_SHA384, TLS_ECDHE_ECDSA_WITH_AES_128_GCM_SHA256, TLS_ECDHE_ECDSA_WITH_CHACHA20_POLY1305_SHA256, TLS_ECDHE_RSA_WITH_AES_256_GCM_SHA384, TLS_ECDHE_RSA_WITH_CHACHA20_POLY1305_SHA256, TLS_ECDHE_RSA_WITH_AES_128_GCM_SHA256, TLS_DHE_RSA_WITH_AES_256_GCM_SHA384, TLS_DHE_RSA_WITH_CHACHA20_POLY1305_SHA256, TLS_DHE_DSS_WITH_AES_256_GCM_SHA384, TLS_DHE_RSA_WITH_AES_128_GCM_SHA256, TLS_DHE_DSS_WITH_AES_128_GCM_SHA256, TLS_ECDHE_ECDSA_WITH_AES_256_CBC_SHA384, TLS_ECDHE_RSA_WITH_AES_256_CBC_SHA384, TLS_ECDHE_ECDSA_WITH_AES_128_CBC_SHA256, TLS_ECDHE_RSA_WITH_AES_128_CBC_SHA256, TLS_DHE_RSA_WITH_AES_256_CBC_SHA256, TLS_DHE_DSS_WITH_AES_256_CBC_SHA256, TLS_DHE_RSA_WITH_AES_128_CBC_SHA256, TLS_DHE_DSS_WITH_AES_128_CBC_SHA256, TLS_ECDH_ECDSA_WITH_AES_256_GCM_SHA384, TLS_ECDH_RSA_WITH_AES_256_GCM_SHA384, TLS_ECDH_ECDSA_WITH_AES_128_GCM_SHA256, TLS_ECDH_RSA_WITH_AES_128_GCM_SHA256, TLS_ECDH_ECDSA_WITH_AES_256_CBC_SHA384, TLS_ECDH_RSA_WITH_AES_256_CBC_SHA384, TLS_ECDH_ECDSA_WITH_AES_128_CBC_SHA256, TLS_ECDH_RSA_WITH_AES_128_CBC_SHA256, TLS_ECDHE_ECDSA_WITH_AES_256_CBC_SHA, TLS_ECDHE_RSA_WITH_AES_256_CBC_SHA, TLS_ECDHE_ECDSA_WITH_AES_128_CBC_SHA, TLS_ECDHE_RSA_WITH_AES_128_CBC_SHA, TLS_DHE_RSA_WITH_AES_256_CBC_SHA, TLS_DHE_DSS_WITH_AES_256_CBC_SHA, TLS_DHE_RSA_WITH_AES_128_CBC_SHA, TLS_DHE_DSS_WITH_AES_128_CBC_SHA, TLS_ECDH_ECDSA_WITH_AES_256_CBC_SHA, TLS_ECDH_RSA_WITH_AES_256_CBC_SHA, TLS_ECDH_ECDSA_WITH_AES_128_CBC_SHA, TLS_ECDH_RSA_WITH_AES_128_CBC_SHA, TLS_RSA_WITH_AES_256_GCM_SHA384, TLS_RSA_WITH_AES_128_GCM_SHA256, TLS_RSA_WITH_AES_256_CBC_SHA256, TLS_RSA_WITH_AES_128_CBC_SHA256, TLS_RSA_WITH_AES_256_CBC_SHA, TLS_RSA_WITH_AES_128_CBC_SHA, TLS_EMPTY_RENEGOTIATION_INFO_SCSV]
15:21:35.708 [Test worker] DEBUG org.apache.hc.client5.http.ssl.SSLConnectionSocketFactory - Starting handshake
15:21:35.780 [Test worker] DEBUG org.apache.hc.client5.http.ssl.SSLConnectionSocketFactory - Secure session established
15:21:35.780 [Test worker] DEBUG org.apache.hc.client5.http.ssl.SSLConnectionSocketFactory -  negotiated protocol: TLSv1.3
15:21:35.780 [Test worker] DEBUG org.apache.hc.client5.http.ssl.SSLConnectionSocketFactory -  negotiated cipher suite: TLS_AES_256_GCM_SHA384
15:21:35.780 [Test worker] DEBUG org.apache.hc.client5.http.ssl.SSLConnectionSocketFactory -  peer principal: CN=*.github.io, O="GitHub, Inc.", L=San Francisco, ST=California, C=US
15:21:35.782 [Test worker] DEBUG org.apache.hc.client5.http.ssl.SSLConnectionSocketFactory -  peer alternative names: [*.github.io, github.io, *.github.com, github.com, www.github.com, *.githubusercontent.com, githubusercontent.com]
15:21:35.782 [Test worker] DEBUG org.apache.hc.client5.http.ssl.SSLConnectionSocketFactory -  issuer principal: CN=DigiCert TLS RSA SHA256 2020 CA1, O=DigiCert Inc, C=US
15:21:35.782 [Test worker] DEBUG org.apache.hc.client5.http.impl.io.DefaultHttpClientConnectionOperator - http-outgoing-0 connection established 192.168.18.10:56451<->185.199.109.133:443
15:21:35.783 [Test worker] DEBUG org.apache.hc.client5.http.impl.io.PoolingHttpClientConnectionManager - ep-0000000000 connected http-outgoing-0
15:21:35.783 [Test worker] DEBUG org.apache.hc.client5.http.impl.classic.InternalHttpClient - ep-0000000000 endpoint connected
15:21:35.784 [Test worker] DEBUG org.apache.hc.client5.http.impl.classic.MainClientExec - ex-0000000001 executing GET /bonigarcia/webdrivermanager/master/src/main/resources/commands.properties HTTP/1.1
15:21:35.784 [Test worker] DEBUG org.apache.hc.client5.http.impl.classic.InternalHttpClient - ep-0000000000 start execution ex-0000000001
15:21:35.784 [Test worker] DEBUG org.apache.hc.client5.http.impl.io.PoolingHttpClientConnectionManager - ep-0000000000 executing exchange ex-0000000001 over http-outgoing-0
15:21:35.785 [Test worker] DEBUG org.apache.hc.client5.http.headers - http-outgoing-0 >> GET /bonigarcia/webdrivermanager/master/src/main/resources/commands.properties HTTP/1.1
15:21:35.785 [Test worker] DEBUG org.apache.hc.client5.http.headers - http-outgoing-0 >> user-agent: Apache-HttpClient/5.0
15:21:35.785 [Test worker] DEBUG org.apache.hc.client5.http.headers - http-outgoing-0 >> accept-encoding: gzip, deflate, br
15:21:35.785 [Test worker] DEBUG org.apache.hc.client5.http.headers - http-outgoing-0 >> cache-control: max-age=0
15:21:35.785 [Test worker] DEBUG org.apache.hc.client5.http.headers - http-outgoing-0 >> connection: keep-alive
15:21:35.785 [Test worker] DEBUG org.apache.hc.client5.http.headers - http-outgoing-0 >> Host: raw.githubusercontent.com
15:21:35.785 [Test worker] DEBUG org.apache.hc.client5.http.wire - http-outgoing-0 >> "GET /bonigarcia/webdrivermanager/master/src/main/resources/commands.properties HTTP/1.1[\r][\n]"
15:21:35.785 [Test worker] DEBUG org.apache.hc.client5.http.wire - http-outgoing-0 >> "user-agent: Apache-HttpClient/5.0[\r][\n]"
15:21:35.785 [Test worker] DEBUG org.apache.hc.client5.http.wire - http-outgoing-0 >> "accept-encoding: gzip, deflate, br[\r][\n]"
15:21:35.785 [Test worker] DEBUG org.apache.hc.client5.http.wire - http-outgoing-0 >> "cache-control: max-age=0[\r][\n]"
15:21:35.785 [Test worker] DEBUG org.apache.hc.client5.http.wire - http-outgoing-0 >> "connection: keep-alive[\r][\n]"
15:21:35.785 [Test worker] DEBUG org.apache.hc.client5.http.wire - http-outgoing-0 >> "Host: raw.githubusercontent.com[\r][\n]"
15:21:35.785 [Test worker] DEBUG org.apache.hc.client5.http.wire - http-outgoing-0 >> "[\r][\n]"
15:21:36.000 [Test worker] DEBUG org.apache.hc.client5.http.wire - http-outgoing-0 << "HTTP/1.1 200 OK[\r][\n]"
15:21:36.000 [Test worker] DEBUG org.apache.hc.client5.http.wire - http-outgoing-0 << "Connection: keep-alive[\r][\n]"
15:21:36.000 [Test worker] DEBUG org.apache.hc.client5.http.wire - http-outgoing-0 << "Content-Length: 723[\r][\n]"
15:21:36.000 [Test worker] DEBUG org.apache.hc.client5.http.wire - http-outgoing-0 << "Cache-Control: max-age=300[\r][\n]"
15:21:36.000 [Test worker] DEBUG org.apache.hc.client5.http.wire - http-outgoing-0 << "Content-Security-Policy: default-src 'none'; style-src 'unsafe-inline'; sandbox[\r][\n]"
15:21:36.000 [Test worker] DEBUG org.apache.hc.client5.http.wire - http-outgoing-0 << "Content-Type: text/plain; charset=utf-8[\r][\n]"
15:21:36.000 [Test worker] DEBUG org.apache.hc.client5.http.wire - http-outgoing-0 << "ETag: W/"e82b438271e9e8680c688b0b680efd0bdd22faa6d6f0a32fc1fd8accc486b67e"[\r][\n]"
15:21:36.000 [Test worker] DEBUG org.apache.hc.client5.http.wire - http-outgoing-0 << "Strict-Transport-Security: max-age=31536000[\r][\n]"
15:21:36.000 [Test worker] DEBUG org.apache.hc.client5.http.wire - http-outgoing-0 << "X-Content-Type-Options: nosniff[\r][\n]"
15:21:36.000 [Test worker] DEBUG org.apache.hc.client5.http.wire - http-outgoing-0 << "X-Frame-Options: deny[\r][\n]"
15:21:36.000 [Test worker] DEBUG org.apache.hc.client5.http.wire - http-outgoing-0 << "X-XSS-Protection: 1; mode=block[\r][\n]"
15:21:36.001 [Test worker] DEBUG org.apache.hc.client5.http.wire - http-outgoing-0 << "X-GitHub-Request-Id: 96D2:2105:3053F6:37F1CF:648AD4EE[\r][\n]"
15:21:36.001 [Test worker] DEBUG org.apache.hc.client5.http.wire - http-outgoing-0 << "Content-Encoding: gzip[\r][\n]"
15:21:36.001 [Test worker] DEBUG org.apache.hc.client5.http.wire - http-outgoing-0 << "Accept-Ranges: bytes[\r][\n]"
15:21:36.001 [Test worker] DEBUG org.apache.hc.client5.http.wire - http-outgoing-0 << "Date: Thu, 15 Jun 2023 20:21:36 GMT[\r][\n]"
15:21:36.001 [Test worker] DEBUG org.apache.hc.client5.http.wire - http-outgoing-0 << "Via: 1.1 varnish[\r][\n]"
15:21:36.001 [Test worker] DEBUG org.apache.hc.client5.http.wire - http-outgoing-0 << "X-Served-By: cache-lim12123-LIM[\r][\n]"
15:21:36.001 [Test worker] DEBUG org.apache.hc.client5.http.wire - http-outgoing-0 << "X-Cache: HIT[\r][\n]"
15:21:36.001 [Test worker] DEBUG org.apache.hc.client5.http.wire - http-outgoing-0 << "X-Cache-Hits: 1[\r][\n]"
15:21:36.001 [Test worker] DEBUG org.apache.hc.client5.http.wire - http-outgoing-0 << "X-Timer: S1686860496.249868,VS0,VE210[\r][\n]"
15:21:36.001 [Test worker] DEBUG org.apache.hc.client5.http.wire - http-outgoing-0 << "Vary: Authorization,Accept-Encoding,Origin[\r][\n]"
15:21:36.001 [Test worker] DEBUG org.apache.hc.client5.http.wire - http-outgoing-0 << "Access-Control-Allow-Origin: *[\r][\n]"
15:21:36.001 [Test worker] DEBUG org.apache.hc.client5.http.wire - http-outgoing-0 << "Cross-Origin-Resource-Policy: cross-origin[\r][\n]"
15:21:36.001 [Test worker] DEBUG org.apache.hc.client5.http.wire - http-outgoing-0 << "X-Fastly-Request-ID: afc5cd836b262cc22c35c6f750f93d0311d4d10f[\r][\n]"
15:21:36.001 [Test worker] DEBUG org.apache.hc.client5.http.wire - http-outgoing-0 << "Expires: Thu, 15 Jun 2023 20:26:36 GMT[\r][\n]"
15:21:36.001 [Test worker] DEBUG org.apache.hc.client5.http.wire - http-outgoing-0 << "Source-Age: 0[\r][\n]"
15:21:36.001 [Test worker] DEBUG org.apache.hc.client5.http.wire - http-outgoing-0 << "[\r][\n]"
15:21:36.007 [Test worker] DEBUG org.apache.hc.client5.http.headers - http-outgoing-0 << HTTP/1.1 200 OK
15:21:36.007 [Test worker] DEBUG org.apache.hc.client5.http.headers - http-outgoing-0 << Connection: keep-alive
15:21:36.007 [Test worker] DEBUG org.apache.hc.client5.http.headers - http-outgoing-0 << Content-Length: 723
15:21:36.007 [Test worker] DEBUG org.apache.hc.client5.http.headers - http-outgoing-0 << Cache-Control: max-age=300
15:21:36.007 [Test worker] DEBUG org.apache.hc.client5.http.headers - http-outgoing-0 << Content-Security-Policy: default-src 'none'; style-src 'unsafe-inline'; sandbox
15:21:36.007 [Test worker] DEBUG org.apache.hc.client5.http.headers - http-outgoing-0 << Content-Type: text/plain; charset=utf-8
15:21:36.007 [Test worker] DEBUG org.apache.hc.client5.http.headers - http-outgoing-0 << ETag: W/"e82b438271e9e8680c688b0b680efd0bdd22faa6d6f0a32fc1fd8accc486b67e"
15:21:36.007 [Test worker] DEBUG org.apache.hc.client5.http.headers - http-outgoing-0 << Strict-Transport-Security: max-age=31536000
15:21:36.007 [Test worker] DEBUG org.apache.hc.client5.http.headers - http-outgoing-0 << X-Content-Type-Options: nosniff
15:21:36.007 [Test worker] DEBUG org.apache.hc.client5.http.headers - http-outgoing-0 << X-Frame-Options: deny
15:21:36.008 [Test worker] DEBUG org.apache.hc.client5.http.headers - http-outgoing-0 << X-XSS-Protection: 1; mode=block
15:21:36.008 [Test worker] DEBUG org.apache.hc.client5.http.headers - http-outgoing-0 << X-GitHub-Request-Id: 96D2:2105:3053F6:37F1CF:648AD4EE
15:21:36.008 [Test worker] DEBUG org.apache.hc.client5.http.headers - http-outgoing-0 << Content-Encoding: gzip
15:21:36.008 [Test worker] DEBUG org.apache.hc.client5.http.headers - http-outgoing-0 << Accept-Ranges: bytes
15:21:36.008 [Test worker] DEBUG org.apache.hc.client5.http.headers - http-outgoing-0 << Date: Thu, 15 Jun 2023 20:21:36 GMT
15:21:36.008 [Test worker] DEBUG org.apache.hc.client5.http.headers - http-outgoing-0 << Via: 1.1 varnish
15:21:36.008 [Test worker] DEBUG org.apache.hc.client5.http.headers - http-outgoing-0 << X-Served-By: cache-lim12123-LIM
15:21:36.008 [Test worker] DEBUG org.apache.hc.client5.http.headers - http-outgoing-0 << X-Cache: HIT
15:21:36.008 [Test worker] DEBUG org.apache.hc.client5.http.headers - http-outgoing-0 << X-Cache-Hits: 1
15:21:36.008 [Test worker] DEBUG org.apache.hc.client5.http.headers - http-outgoing-0 << X-Timer: S1686860496.249868,VS0,VE210
15:21:36.008 [Test worker] DEBUG org.apache.hc.client5.http.headers - http-outgoing-0 << Vary: Authorization,Accept-Encoding,Origin
15:21:36.008 [Test worker] DEBUG org.apache.hc.client5.http.headers - http-outgoing-0 << Access-Control-Allow-Origin: *
15:21:36.008 [Test worker] DEBUG org.apache.hc.client5.http.headers - http-outgoing-0 << Cross-Origin-Resource-Policy: cross-origin
15:21:36.008 [Test worker] DEBUG org.apache.hc.client5.http.headers - http-outgoing-0 << X-Fastly-Request-ID: afc5cd836b262cc22c35c6f750f93d0311d4d10f
15:21:36.008 [Test worker] DEBUG org.apache.hc.client5.http.headers - http-outgoing-0 << Expires: Thu, 15 Jun 2023 20:26:36 GMT
15:21:36.008 [Test worker] DEBUG org.apache.hc.client5.http.headers - http-outgoing-0 << Source-Age: 0
15:21:36.012 [Test worker] DEBUG org.apache.hc.client5.http.impl.classic.MainClientExec - ex-0000000001 connection can be kept alive for 3 MINUTES
15:21:36.016 [Test worker] DEBUG org.apache.hc.client5.http.wire - http-outgoing-0 << "[0x1f][0xffffff8b][0x8][0x0][0x0][0x0][0x0][0x0][0x0][0x3][0xffffffb5]V]o[0xffffffda]0[0x14]}[0xffffffe7]W\[0xffffff81]*[0xffffffb5][0x12][0x1f][[M[0xffffffd3]$[0x1e]hF[0xffffffbb]i [0x18][0xffffffb4][0xffffffdd]&[0xfffffff9][0xffffffc5]$7[0xffffffc1]R[0x12]#;[0xffffff94]v[0xffffffbf]~[0xffffffb6][0xfffffff3]1[0xffffff92][0xffffff9a][0xffffffc1][0x1a]x[0xffffffcb][0xffffffb5][0xffffffaf][0xffffffcf]9[0xffffffbe][0xfffffff7]8v[0xb][0x1c][0x1e]E4[0xfffffff6]$x4[0xffffffa1][0xb]*[0xffffffb1][0xffffffd1][0xffffff82][0xfffffffb]%[0xffffff93][0xffffffe0][0xffffffb3][0x10][0xffffffc1][0xffffffe5]qBY,!Y[0xffffffea] KM8,[0x10][0xfffffff0][0x19][0xffffffdd]u[0xffffff82][0x1e][0xffffffb0][0xffffffd8]L[0xffffffcb]%[0xffffff86][0xffffffa1][0xe][0xffffffb8][0xfffffff0]P[0xffffffe8]$[0xf][0x13]t[0x13]3[0xfffffff9][0xffffff84]B2[0xffffffae][0xffffffe6]|@[0xfffffff5][0x1d][0x8][0xffffffc4][0x18][0x16][0xffffff82]o[0xffffffa4][0xffffff9a]P[0xffffff94][0xffffffe7][0xffffffce]R[0xfffffff0][0x8][0xffffffdb]p[0xffffffcb][0x4][0xfffffffa][0xfffffffc][0xffffffb9][\r][0xffffff93][0x15][\n]"
15:21:36.017 [Test worker] DEBUG org.apache.hc.client5.http.wire - http-outgoing-0 << "[0xffffffda][0xffffff86][0xffffffa1][0x17][0xffffffa8]Q3[0xffffffcb][0xffffffd6][0xffffffd1][0xffffff85][0xffffffc6][0xfffffff7][0xffffff98][0xffffffef][0xffffffa3][0xffffffc0]8[0x1][0xffffffae]s[0x12][0x16][0x7] _d[0xffffff82][0xffffff91][0xffffff84][0xfffffff3][0x1f],[0xfffffff6][0x14]j[0x1b]F,^+[0xffffff98]1ua2[0xffffffbf]h([0xffffff8e][0xffffff94][0xffffffa2][0xffffff91]m[0xffffffa3][0xffffffeb][0xffffff9a][0xffffffb0][0xffffffbb]I[0x17]t[0xffffffdf][0xffffffbd][0xffffffef][0xffffffbb][0xffffff91][0xffffffd7]U[0xffffffbb][0xffffff82][0xffffff9e][0x3][0xffffff9b][0xffffff88][0xffffffb9][0xffffffa6]$[0xffffffa6][0xc][0xffffff9b][0xffffffa5][0xffffffe2][0xffffff83][0xffffff98]F[0xffffffd8]o[0xffffff9e]Mg[0xffffff93][0xffffffbb][0xffffffd9]`|[0xfffffffb]u4[0xffffff9c][0x7f]"}B[0xffffffce][0x8][0xffffffb9][0xffffffe3]<[0x8][0xffffff91][0xffffff90][0xffffff94][0xffffff82][0xffffff90][0xffffffc1]j[0x15]2WI[0xffffffe3]1![0x19][0xffffff91]BnB[0xffffff80][0x9]<f[0xffffffb5][0xffffffe8]=[0xffffffd1]p[0xffffffbd][[0xffffffcf][0xffffffe5][0x1b][0xfffffff4][0xffffff9c][0xffffffff][0xfffffffc][0xfffffff8][0xffffffe1][0xffffffe2][0xffffff94][0xffffffa2][0xffffffae][0xe][0x14]5[0xffffff9a]8[0xffffff83][0xffffffd1]`:[0xfffffffd]<[0xffffffb8][0x1f][0xffffff9c]R[0xffffffcf]u[0x7f]6[0xffffffbc][0xffffff83][0xffffffef][0xf][0xffffffc3][0xffffffd9]/[0xfffffff8][0xfffffff2][0xffffffcd]y s[0xffffffee]'[0x1b]*0g[0xffffffcb][0xffffffc8]nF7H][0xffffff83][0xffffff97]{[0xffffffb1]Q[0x5][\r][0xffffffb5]c[0xffffffb4][0xf][0x2][0xffffffb3][0xffffffb4][0xffffff93][0xe]C[0xffffffa7][0xffffffb3]kAD][0xffffff9d][0xffffffde][0xffffffdb][0xffffffda][0xffffff88][0xffffffec][0xffffffa5][0xffffffbc][0xffffff99][0xffffffd9][0xffffffba]t[0xffffffb5][0xffffffea]9[0xffffffea][0x10])[0xffffffb7][0xffffffca][0xffffff9e][0xfffffff2][0xffffffe2]d^N[0xffffffd8]FW[0x16][0xffffffcd][0xffffffdc]_[0x10][0xfffffff9]i|[0x1c][0xffffff93][0xffffff8e][0xfffffff9]o[0x16][0xffffff86]4'!$G[0xffffffdf]W[0xfffffff4]W*j[[0xfffffff3]xR[0xffffffae][0xffffffb6][0xc][0xffffffd0],; #[0xffffffa9][0xffffff92]5[0xffffffb5][0x7][0xffffff9c][0xffffffb5][0xffffffd0][0x7f][0xffffff90][0xffffffc7]jgs[0xfffffffc][0xffffffc2][0xb][0xffffffd9][0x0]t[0xffffff9e]^'Y[0xfffffffb][0xffffff9f][0xffffffb1][0xffffffd8]:[0xffffffbf][0xffffff8d][0xffffffa5][0xffffff9a][0xffffffad][0x7f]m[0x5]&[0xffffffaa][0xffffffa0]^[0xffffff9b][0xffffffcb][0x5]f[0xffffffae][0xffffffe0]RU[0xffffff82][0x10]MS9l[0xffffff91]4t[0xfffffffb][0xffffff8a]][0xffffffd6][0xfffffff4][0xffffff96][0xffffffa6][0xffffff9f]P[0xffffffce][0xffffffd5][0xffffffce][0xffffff93][0xffffffff][0xffffff97][0xffffffcc]p[0xfffffffd][0xfffffff3][0xffffffe8][0x1b][0xffffffcc][0xffffffa2][0xffffffd9]Q[0xffffffbe][0xffffffb2][0xffffffa3][0xffffffc7]m'[0xffffffdf][0xffffffe4][[0xfffffffb]^[0xffffffb0][0xffffff9a][0xffffffbe][0xffffffda][0xffffffda]_[0xffffffce][0xffffff80][0xffffffd2][0xffffffc1]7[0xffffffb7]][0xffffffc1]b[0xffffffee][0xffffffb5][0xffffffff]w[0xffffff83][0xffffffed][0xffffffa7];[0x15]<[0x10]4[0xffffff92][0xffffff84][0x18][\n]"
15:21:36.017 [Test worker] DEBUG org.apache.hc.client5.http.wire - http-outgoing-0 << "BB[0xffffffba][0xffffff8e]][0xffffffb5]jo[0xffffffb9]+"[0xffffffea][0xffffffb4][0xffffffff]h"[0xffffffea]\?5[0xffffffa9][0xffffffaf]k[0xffffffec][0xffffffff]P[0xffffffea][\n]"
15:21:36.017 [Test worker] DEBUG org.apache.hc.client5.http.wire - http-outgoing-0 << "w[0xffffffe1]K[0x13][0xffffffda][0xffffffec][0xffffff98][0xffffffe6]Y[0xfffffffd]h8m6[0xffffff9c]T[0xffffffc1][0xfffffff2][0xffffffa7][0xffffff91]z_[0xffffff95]o85p[0x1c][0x13][0xffffffe6][0xfffffff0]5[0xffffffee][0xfffffffc][0xffffff92][0xffffff96][0xffffffda][0xfffffff7][0xffffffcf][0xffffffb1][0x5][0x1d][0xffffffea]K[0xffffff9b]9[0xffffff8e][0xffffffad]e[0xfffffff7][0xffffff93][0xffffffa8]`[0xffffffda][0xffffffff][0x1a][0xffffffd2][0xffffff88][0xffffff85][0xfffffffd][0xfffffff2][0xffffff91]N[0xfffffff6]`[0xffffffdf]2[0xffffffcf][0xffffffae]E[0xffffff97][0xffffffc5][0xffffffa2][0xffffff9d][0xffffffef]'[0xffffff9d]mun.[0xffffffd3]f^[0xffffffc7][0xffffff82][0xffffffda][0xffffff82]9[0xfffffff5][0xffffffa9]`[0x5][0xffffffbc]4[0xffffffa1][0x1d]<M[0xffffffb5]A[0xffffffa7]3[[0xffffffc0][0x7f][0x0][0xffffffc1][0xffffffd0]$[0xffffff85][0x1d][\r][0x0][0x0]"
15:21:36.018 [Test worker] DEBUG org.apache.hc.client5.http.impl.classic.InternalHttpClient - ep-0000000000 releasing valid endpoint
15:21:36.018 [Test worker] DEBUG org.apache.hc.client5.http.impl.io.PoolingHttpClientConnectionManager - ep-0000000000 releasing endpoint
15:21:36.018 [Test worker] DEBUG org.apache.hc.client5.http.impl.io.PoolingHttpClientConnectionManager - ep-0000000000 connection http-outgoing-0 can be kept alive for 3 MINUTES
15:21:36.019 [Test worker] DEBUG org.apache.hc.client5.http.impl.io.PoolingHttpClientConnectionManager - ep-0000000000 connection released [route: {s}->https://raw.githubusercontent.com:443][total available: 1; route allocated: 1 of 5; total allocated: 1 of 25]
15:21:36.019 [Test worker] DEBUG io.github.bonigarcia.wdm.versions.VersionDetector - Detecting chrome version using online commands.properties
15:21:36.021 [Test worker] DEBUG io.github.bonigarcia.wdm.versions.Shell - Running command on the shell: [cmd.exe, /C, wmic, datafile, where, name="%PROGRAMFILES:\=\\%\\Google\\Chrome\\Application\\chrome.exe", get, Version, /value]
15:21:36.271 [Test worker] DEBUG io.github.bonigarcia.wdm.versions.Shell - Result: Version=114.0.5735.111
15:21:36.273 [Test worker] DEBUG io.github.bonigarcia.wdm.cache.ResolutionCache - Resolution chrome114=114.0.5735.90 in cache (valid until 17:41:16 15/06/2023 PET)
15:21:36.273 [Test worker] INFO io.github.bonigarcia.wdm.WebDriverManager - Using chromedriver 114.0.5735.90 (resolved driver for Chrome 114)
15:21:36.276 [Test worker] DEBUG io.github.bonigarcia.wdm.cache.ResolutionCache - Storing resolution chrome=114 in cache (valid until 16:21:36 15/06/2023 PET)
15:21:36.285 [Test worker] DEBUG io.github.bonigarcia.wdm.WebDriverManager - Driver chromedriver 114.0.5735.90 found in cache
15:21:36.286 [Test worker] INFO io.github.bonigarcia.wdm.WebDriverManager - Exporting webdriver.chrome.driver as C:\Users\Usuario\.cache\selenium\chromedriver\win32\114.0.5735.90\chromedriver.exe
15:21:36.392 [Test worker] INFO net.serenitybdd.core.webdriver.driverproviders.ChromeDriverProvider - Starting Chrome driver instance with capabilities:
15:21:36.396 [Test worker] INFO net.serenitybdd.core.webdriver.driverproviders.ChromeDriverProvider - Capabilities {acceptInsecureCerts: false, browserName: chrome, goog:chromeOptions: {args: [--remote-allow-origins=*, start-maximized], extensions: []}}
15:21:36.482 [Test worker] DEBUG io.netty.util.internal.logging.InternalLoggerFactory - Using SLF4J as the default logging framework
15:21:36.486 [Test worker] DEBUG io.netty.util.ResourceLeakDetector - -Dio.netty.leakDetection.level: simple
15:21:36.486 [Test worker] DEBUG io.netty.util.ResourceLeakDetector - -Dio.netty.leakDetection.targetRecords: 4
15:21:36.489 [Test worker] DEBUG io.netty.util.ResourceLeakDetectorFactory - Loaded default ResourceLeakDetector: io.netty.util.ResourceLeakDetector@56d6a1b1
15:21:36.511 [Test worker] DEBUG io.netty.util.internal.PlatformDependent0 - -Dio.netty.noUnsafe: false
15:21:36.511 [Test worker] DEBUG io.netty.util.internal.PlatformDependent0 - Java version: 11
15:21:36.512 [Test worker] DEBUG io.netty.util.internal.PlatformDependent0 - sun.misc.Unsafe.theUnsafe: available
15:21:36.513 [Test worker] DEBUG io.netty.util.internal.PlatformDependent0 - sun.misc.Unsafe.copyMemory: available
15:21:36.513 [Test worker] DEBUG io.netty.util.internal.PlatformDependent0 - sun.misc.Unsafe.storeFence: available
15:21:36.513 [Test worker] DEBUG io.netty.util.internal.PlatformDependent0 - java.nio.Buffer.address: available
15:21:36.515 [Test worker] DEBUG io.netty.util.internal.PlatformDependent0 - direct buffer constructor: unavailable: Reflective setAccessible(true) disabled
15:21:36.515 [Test worker] DEBUG io.netty.util.internal.PlatformDependent0 - java.nio.Bits.unaligned: available, true
15:21:36.516 [Test worker] DEBUG io.netty.util.internal.PlatformDependent0 - jdk.internal.misc.Unsafe.allocateUninitializedArray(int): unavailable: class io.netty.util.internal.PlatformDependent0$7 cannot access class jdk.internal.misc.Unsafe (in module java.base) because module java.base does not export jdk.internal.misc to unnamed module @1144a55a
15:21:36.517 [Test worker] DEBUG io.netty.util.internal.PlatformDependent0 - java.nio.DirectByteBuffer.<init>(long, int): unavailable
15:21:36.517 [Test worker] DEBUG io.netty.util.internal.PlatformDependent - sun.misc.Unsafe: available
15:21:36.525 [Test worker] DEBUG io.netty.util.internal.PlatformDependent - maxDirectMemory: 536870912 bytes (maybe)
15:21:36.525 [Test worker] DEBUG io.netty.util.internal.PlatformDependent - -Dio.netty.tmpdir: C:\Users\Usuario\AppData\Local\Temp (java.io.tmpdir)
15:21:36.525 [Test worker] DEBUG io.netty.util.internal.PlatformDependent - -Dio.netty.bitMode: 64 (sun.arch.data.model)
15:21:36.526 [Test worker] DEBUG io.netty.util.internal.PlatformDependent - Platform: Windows
15:21:36.527 [Test worker] DEBUG io.netty.util.internal.PlatformDependent - -Dio.netty.maxDirectMemory: -1 bytes
15:21:36.528 [Test worker] DEBUG io.netty.util.internal.PlatformDependent - -Dio.netty.uninitializedArrayAllocationThreshold: -1
15:21:36.529 [Test worker] DEBUG io.netty.util.internal.CleanerJava9 - java.nio.ByteBuffer.cleaner(): available
15:21:36.529 [Test worker] DEBUG io.netty.util.internal.PlatformDependent - -Dio.netty.noPreferDirect: false
15:21:36.537 [Test worker] DEBUG io.netty.util.internal.PlatformDependent - org.jctools-core.MpscChunkedArrayQueue: available
15:21:36.560 [Test worker] DEBUG io.netty.util.internal.InternalThreadLocalMap - -Dio.netty.threadLocalMap.stringBuilder.initialSize: 1024
15:21:36.560 [Test worker] DEBUG io.netty.util.internal.InternalThreadLocalMap - -Dio.netty.threadLocalMap.stringBuilder.maxSize: 4096
15:21:36.574 [Test worker] DEBUG io.netty.handler.ssl.JdkSslContext - Default protocols (JDK): [TLSv1.3, TLSv1.2] 
15:21:36.574 [Test worker] DEBUG io.netty.handler.ssl.JdkSslContext - Default cipher suites (JDK): [TLS_ECDHE_ECDSA_WITH_AES_256_GCM_SHA384, TLS_ECDHE_ECDSA_WITH_AES_128_GCM_SHA256, TLS_ECDHE_RSA_WITH_AES_128_GCM_SHA256, TLS_ECDHE_RSA_WITH_AES_256_GCM_SHA384, TLS_ECDHE_RSA_WITH_AES_128_CBC_SHA, TLS_ECDHE_RSA_WITH_AES_256_CBC_SHA, TLS_RSA_WITH_AES_128_GCM_SHA256, TLS_RSA_WITH_AES_128_CBC_SHA, TLS_RSA_WITH_AES_256_CBC_SHA, TLS_AES_128_GCM_SHA256, TLS_AES_256_GCM_SHA384]
15:21:36.612 [Test worker] DEBUG io.netty.channel.MultithreadEventLoopGroup - -Dio.netty.eventLoopThreads: 16
15:21:36.625 [Test worker] DEBUG io.netty.channel.nio.NioEventLoop - -Dio.netty.noKeySetOptimization: false
15:21:36.625 [Test worker] DEBUG io.netty.channel.nio.NioEventLoop - -Dio.netty.selectorAutoRebuildThreshold: 512
15:21:36.666 [Test worker] DEBUG io.netty.buffer.PooledByteBufAllocator - -Dio.netty.allocator.numHeapArenas: 1
15:21:36.667 [Test worker] DEBUG io.netty.buffer.PooledByteBufAllocator - -Dio.netty.allocator.numDirectArenas: 1
15:21:36.667 [Test worker] DEBUG io.netty.buffer.PooledByteBufAllocator - -Dio.netty.allocator.pageSize: 8192
15:21:36.667 [Test worker] DEBUG io.netty.buffer.PooledByteBufAllocator - -Dio.netty.allocator.maxOrder: 9
15:21:36.667 [Test worker] DEBUG io.netty.buffer.PooledByteBufAllocator - -Dio.netty.allocator.chunkSize: 4194304
15:21:36.667 [Test worker] DEBUG io.netty.buffer.PooledByteBufAllocator - -Dio.netty.allocator.smallCacheSize: 256
15:21:36.667 [Test worker] DEBUG io.netty.buffer.PooledByteBufAllocator - -Dio.netty.allocator.normalCacheSize: 64
15:21:36.667 [Test worker] DEBUG io.netty.buffer.PooledByteBufAllocator - -Dio.netty.allocator.maxCachedBufferCapacity: 32768
15:21:36.667 [Test worker] DEBUG io.netty.buffer.PooledByteBufAllocator - -Dio.netty.allocator.cacheTrimInterval: 8192
15:21:36.667 [Test worker] DEBUG io.netty.buffer.PooledByteBufAllocator - -Dio.netty.allocator.cacheTrimIntervalMillis: 600000
15:21:36.667 [Test worker] DEBUG io.netty.buffer.PooledByteBufAllocator - -Dio.netty.allocator.useCacheForAllThreads: false
15:21:36.667 [Test worker] DEBUG io.netty.buffer.PooledByteBufAllocator - -Dio.netty.allocator.maxCachedByteBuffersPerChunk: 1023
15:21:36.679 [Test worker] DEBUG io.netty.buffer.ByteBufUtil - -Dio.netty.allocator.type: pooled
15:21:36.679 [Test worker] DEBUG io.netty.buffer.ByteBufUtil - -Dio.netty.threadLocalDirectBufferSize: 0
15:21:36.680 [Test worker] DEBUG io.netty.buffer.ByteBufUtil - -Dio.netty.maxThreadLocalCharBufferSize: 16384
15:21:37.775 [Forwarding newSession on session null to remote] DEBUG io.netty.channel.DefaultChannelId - -Dio.netty.processId: 26525 (user-set)
15:21:37.777 [Forwarding newSession on session null to remote] DEBUG io.netty.channel.DefaultChannelId - -Dio.netty.machineId: 28:f0:76:ff:fe:16:65:0e (user-set)
15:21:37.861 [AsyncHttpClient-1-2] DEBUG io.netty.buffer.AbstractByteBuf - -Dio.netty.buffer.checkAccessible: true
15:21:37.861 [AsyncHttpClient-1-2] DEBUG io.netty.buffer.AbstractByteBuf - -Dio.netty.buffer.checkBounds: true
15:21:37.861 [AsyncHttpClient-1-2] DEBUG io.netty.util.ResourceLeakDetectorFactory - Loaded default ResourceLeakDetector: io.netty.util.ResourceLeakDetector@428a3dcc
15:21:37.888 [AsyncHttpClient-1-2] DEBUG org.asynchttpclient.netty.channel.NettyConnectListener - Using new Channel '[id: 0xe2458fda, L:/127.0.0.1:56492 - R:localhost/127.0.0.1:44337]' for 'POST' to '/session'
15:21:37.915 [AsyncHttpClient-1-2] DEBUG io.netty.util.Recycler - -Dio.netty.recycler.maxCapacityPerThread: 4096
15:21:37.916 [AsyncHttpClient-1-2] DEBUG io.netty.util.Recycler - -Dio.netty.recycler.ratio: 8
15:21:37.916 [AsyncHttpClient-1-2] DEBUG io.netty.util.Recycler - -Dio.netty.recycler.chunkSize: 32
15:21:37.916 [AsyncHttpClient-1-2] DEBUG io.netty.util.Recycler - -Dio.netty.recycler.blocking: false
15:21:38.665 [AsyncHttpClient-1-2] DEBUG io.netty.handler.codec.compression.Brotli - brotli4j not in the classpath; Brotli support will be unavailable.
15:21:38.665 [AsyncHttpClient-1-2] DEBUG org.asynchttpclient.netty.handler.HttpHandler - 

Request DefaultHttpRequest(decodeResult: success, version: HTTP/1.1)
POST /session HTTP/1.1
User-Agent: selenium/4.6.0 (java windows)
Content-Length: 569
Content-Type: application/json; charset=utf-8
host: localhost:44337
accept: */*

Response DefaultHttpResponse(decodeResult: success, version: HTTP/1.1)
HTTP/1.1 200 OK
Content-Type: application/json; charset=utf-8
cache-control: no-cache
content-length: 862

15:21:38.675 [AsyncHttpClient-1-2] DEBUG org.asynchttpclient.netty.channel.ChannelManager - Adding key: http://localhost:44337 for channel [id: 0xe2458fda, L:/127.0.0.1:56492 - R:localhost/127.0.0.1:44337]
15:21:38.756 [AsyncHttpClient-1-1] DEBUG org.asynchttpclient.netty.channel.DefaultChannelPool - Entry count for : http://localhost:44337 : 1
15:21:38.795 [AsyncHttpClient-1-3] DEBUG org.asynchttpclient.netty.channel.NettyConnectListener - Using new Channel '[id: 0xda10b57c, L:/127.0.0.1:56499 - R:localhost/127.0.0.1:56493]' for 'GET' to '/json/version'
15:21:38.797 [AsyncHttpClient-1-3] DEBUG org.asynchttpclient.netty.handler.HttpHandler - 

Request DefaultFullHttpRequest(decodeResult: success, version: HTTP/1.1, content: EmptyByteBufBE)
GET /json/version HTTP/1.1
User-Agent: selenium/4.6.0 (java windows)
host: localhost:56493
accept: */*

Response DefaultHttpResponse(decodeResult: success, version: HTTP/1.1)
HTTP/1.1 200 OK
Content-Security-Policy: frame-ancestors 'none'
Content-Type: application/json; charset=UTF-8
content-length: 424

15:21:38.798 [AsyncHttpClient-1-3] DEBUG org.asynchttpclient.netty.channel.ChannelManager - Adding key: http://localhost:56493 for channel [id: 0xda10b57c, L:/127.0.0.1:56499 - R:localhost/127.0.0.1:56493]
15:21:38.807 [Test worker] DEBUG io.netty.util.internal.ThreadLocalRandom - -Dio.netty.initialSeedUniquifier: 0x04314235cbee191c
15:21:38.813 [AsyncHttpClient-1-4] DEBUG org.asynchttpclient.netty.channel.NettyConnectListener - Using new Channel '[id: 0xcf2f29f8, L:/127.0.0.1:56500 - R:localhost/127.0.0.1:56493]' for 'GET' to '/devtools/browser/7f6362f5-7279-4f99-9274-8d334f2d7e95'
15:21:38.815 [AsyncHttpClient-1-4] DEBUG org.asynchttpclient.netty.handler.WebSocketHandler - 

Request DefaultFullHttpRequest(decodeResult: success, version: HTTP/1.1, content: EmptyByteBufBE)
GET /devtools/browser/7f6362f5-7279-4f99-9274-8d334f2d7e95 HTTP/1.1
upgrade: websocket
connection: upgrade
sec-websocket-key: s67MTABvHLuHIKGKWbybkg==
sec-websocket-version: 13
origin: http://localhost:56493
host: localhost:56493
accept: */*
user-agent: AHC/2.1

Response DefaultHttpResponse(decodeResult: success, version: HTTP/1.1)
HTTP/1.1 101 WebSocket Protocol Handshake
Upgrade: WebSocket
Connection: Upgrade
Sec-WebSocket-Accept: RXJcLqRuakv/XTTl82y70xCzWjQ=

15:21:39.621 [Test worker] DEBUG net.thucydides.core.reflection.ClassFinder - Could not load class .org.example.pageObject.DB_MainPage
15:21:39.621 [Test worker] DEBUG net.thucydides.core.reflection.ClassFinder - Could not load class .org.example.pageObject.LoginForm
15:21:39.621 [Test worker] DEBUG net.thucydides.core.reflection.ClassFinder - Could not load class .org.example.pageObject.OrderForm
15:21:39.621 [Test worker] DEBUG net.thucydides.core.reflection.ClassFinder - Could not load class .org.example.question.LoginSuccess
15:21:39.621 [Test worker] DEBUG net.thucydides.core.reflection.ClassFinder - Could not load class .org.example.question.MainPage
15:21:39.621 [Test worker] DEBUG net.thucydides.core.reflection.ClassFinder - Could not load class .org.example.runner.RunnerTests
15:21:39.621 [Test worker] DEBUG net.thucydides.core.reflection.ClassFinder - Could not load class .org.example.stepsdefinition.demoBlazeStepDefinition
15:21:39.621 [Test worker] DEBUG net.thucydides.core.reflection.ClassFinder - Could not load class .org.example.tasks.ConfirmOrder
15:21:39.621 [Test worker] DEBUG net.thucydides.core.reflection.ClassFinder - Could not load class .org.example.tasks.Login
15:21:39.621 [Test worker] DEBUG net.thucydides.core.reflection.ClassFinder - Could not load class .org.example.tasks.PickCategory
15:21:39.621 [Test worker] DEBUG net.thucydides.core.reflection.ClassFinder - Could not load class .org.example.tasks.PickItem
15:21:39.622 [Test worker] DEBUG net.thucydides.core.reflection.ClassFinder - Could not load class .org.example.tasks.PlaceOrder
15:21:39.622 [Test worker] DEBUG net.thucydides.core.reflection.ClassFinder - Could not load class .org.example.tasks.VisitWebPage
15:21:39.622 [Test worker] DEBUG net.thucydides.core.reflection.ClassFinder - Could not load class .org.example.tasks.WaitFor
15:21:39.622 [Test worker] DEBUG net.thucydides.core.reflection.ClassFinder - Could not load class .org.example.utils.CucumberTable
15:21:39.622 [Test worker] DEBUG net.thucydides.core.reflection.ClassFinder - Could not load class .org.example.utils.EnvConf
15:21:39.624 [Test worker] DEBUG net.thucydides.core.reflection.ClassFinder - Could not load class META-INF.versions.9.com.sun.istack.logging.StackHelper
15:21:39.625 [Test worker] DEBUG net.thucydides.core.reflection.ClassFinder - Could not load class META-INF.versions.9.com.sun.xml.bind.v2.runtime.reflect.opt.AccessorInjector
15:21:39.625 [Test worker] DEBUG net.thucydides.core.reflection.ClassFinder - Could not load class META-INF.versions.9.com.sun.xml.bind.v2.runtime.reflect.opt.Injector
15:21:39.627 [Test worker] DEBUG net.thucydides.core.reflection.ClassFinder - Could not load class META-INF.versions.9.com.sun.xml.bind.v2.runtime.reflect.opt.OptimizedAccessorFactory
15:21:39.628 [Test worker] DEBUG net.thucydides.core.reflection.ClassFinder - Could not load class META-INF.versions.9.com.sun.xml.bind.v2.runtime.reflect.opt.OptimizedTransducedAccessorFactory
15:21:39.628 [Test worker] DEBUG net.thucydides.core.reflection.ClassFinder - Could not load class META-INF.versions.9.io.opentelemetry.sdk.internal.CurrentJavaVersionSpecific
15:21:39.629 [Test worker] DEBUG net.thucydides.core.reflection.ClassFinder - Could not load class META-INF.versions.9.io.opentelemetry.sdk.internal.Java9VersionSpecific
15:21:39.630 [Test worker] DEBUG net.thucydides.core.reflection.ClassFinder - Could not load class META-INF.versions.9.javax.xml.bind.ModuleUtil
15:21:39.631 [Test worker] DEBUG net.thucydides.core.reflection.ClassFinder - Could not load class META-INF.versions.9.module-info
15:21:39.841 [AsyncHttpClient-1-1] DEBUG org.asynchttpclient.netty.channel.DefaultChannelPool - Entry count for : http://localhost:56493 : 1
15:21:39.841 [AsyncHttpClient-1-1] DEBUG org.asynchttpclient.netty.channel.DefaultChannelPool - Entry count for : http://localhost:44337 : 1
15:21:40.173 [Test worker] DEBUG net.thucydides.core.reflection.ClassFinder - Could not load class com.google.gson.internal.
15:21:40.405 [Test worker] DEBUG net.thucydides.core.reflection.ClassFinder - Could not load class com.sun.xml.bind.v2.runtime.output.FastInfosetStreamWriterOutput
15:21:40.879 [Test worker] DEBUG net.thucydides.core.reflection.ClassFinder - Could not load class module-info
15:21:40.941 [AsyncHttpClient-1-1] DEBUG org.asynchttpclient.netty.channel.DefaultChannelPool - Entry count for : http://localhost:56493 : 1
15:21:40.941 [AsyncHttpClient-1-1] DEBUG org.asynchttpclient.netty.channel.DefaultChannelPool - Entry count for : http://localhost:44337 : 1
15:21:41.360 [Test worker] DEBUG net.thucydides.core.reflection.ClassFinder - Could not load class org.assertj.core.api.JUnitJupiterBDDSoftAssertions
15:21:41.360 [Test worker] DEBUG net.thucydides.core.reflection.ClassFinder - Could not load class org.assertj.core.api.JUnitJupiterSoftAssertions
15:21:41.380 [Test worker] DEBUG net.thucydides.core.reflection.ClassFinder - Could not load class org.assertj.core.api.junit.jupiter.SoftAssertionsExtension
15:21:41.381 [Test worker] DEBUG net.thucydides.core.reflection.ClassFinder - Could not load class org.assertj.core.api.junit.jupiter.SoftlyExtension
15:21:42.046 [AsyncHttpClient-1-1] DEBUG org.asynchttpclient.netty.channel.DefaultChannelPool - Entry count for : http://localhost:56493 : 1
15:21:42.046 [AsyncHttpClient-1-1] DEBUG org.asynchttpclient.netty.channel.DefaultChannelPool - Entry count for : http://localhost:44337 : 1
15:21:43.141 [AsyncHttpClient-1-1] DEBUG org.asynchttpclient.netty.channel.DefaultChannelPool - Entry count for : http://localhost:56493 : 1
15:21:43.141 [AsyncHttpClient-1-1] DEBUG org.asynchttpclient.netty.channel.DefaultChannelPool - Entry count for : http://localhost:44337 : 1
15:21:43.499 [Forwarding get on session e66592ae6358f7f0d393909f22180203 to remote] DEBUG org.asynchttpclient.netty.request.NettyRequestSender - Using pooled Channel '[id: 0xe2458fda, L:/127.0.0.1:56492 - R:localhost/127.0.0.1:44337]' for 'POST' to 'http://localhost:44337/session/e66592ae6358f7f0d393909f22180203/url'
15:21:43.499 [Forwarding get on session e66592ae6358f7f0d393909f22180203 to remote] DEBUG org.asynchttpclient.netty.request.NettyRequestSender - Using open Channel [id: 0xe2458fda, L:/127.0.0.1:56492 - R:localhost/127.0.0.1:44337] for POST '/session/e66592ae6358f7f0d393909f22180203/url'
15:21:44.242 [AsyncHttpClient-1-1] DEBUG org.asynchttpclient.netty.channel.DefaultChannelPool - Entry count for : http://localhost:56493 : 1
15:21:45.343 [AsyncHttpClient-1-1] DEBUG org.asynchttpclient.netty.channel.DefaultChannelPool - Entry count for : http://localhost:56493 : 1
15:21:46.317 [AsyncHttpClient-1-2] DEBUG org.asynchttpclient.netty.handler.HttpHandler - 

Request DefaultHttpRequest(decodeResult: success, version: HTTP/1.1)
POST /session/e66592ae6358f7f0d393909f22180203/url HTTP/1.1
User-Agent: selenium/4.6.0 (java windows)
Content-Length: 56
Content-Type: application/json; charset=utf-8
host: localhost:44337
accept: */*

Response DefaultHttpResponse(decodeResult: success, version: HTTP/1.1)
HTTP/1.1 200 OK
Content-Type: application/json; charset=utf-8
cache-control: no-cache
content-length: 14

15:21:46.318 [AsyncHttpClient-1-2] DEBUG org.asynchttpclient.netty.channel.ChannelManager - Adding key: http://localhost:44337 for channel [id: 0xe2458fda, L:/127.0.0.1:56492 - R:localhost/127.0.0.1:44337]
15:21:46.322 [Forwarding setTimeout on session e66592ae6358f7f0d393909f22180203 to remote] DEBUG org.asynchttpclient.netty.request.NettyRequestSender - Using pooled Channel '[id: 0xe2458fda, L:/127.0.0.1:56492 - R:localhost/127.0.0.1:44337]' for 'POST' to 'http://localhost:44337/session/e66592ae6358f7f0d393909f22180203/timeouts'
15:21:46.322 [Forwarding setTimeout on session e66592ae6358f7f0d393909f22180203 to remote] DEBUG org.asynchttpclient.netty.request.NettyRequestSender - Using open Channel [id: 0xe2458fda, L:/127.0.0.1:56492 - R:localhost/127.0.0.1:44337] for POST '/session/e66592ae6358f7f0d393909f22180203/timeouts'
15:21:46.324 [AsyncHttpClient-1-2] DEBUG org.asynchttpclient.netty.handler.HttpHandler - 

Request DefaultHttpRequest(decodeResult: success, version: HTTP/1.1)
POST /session/e66592ae6358f7f0d393909f22180203/timeouts HTTP/1.1
User-Agent: selenium/4.6.0 (java windows)
Content-Length: 22
Content-Type: application/json; charset=utf-8
host: localhost:44337
accept: */*

Response DefaultHttpResponse(decodeResult: success, version: HTTP/1.1)
HTTP/1.1 200 OK
Content-Type: application/json; charset=utf-8
cache-control: no-cache
content-length: 14

15:21:46.325 [AsyncHttpClient-1-2] DEBUG org.asynchttpclient.netty.channel.ChannelManager - Adding key: http://localhost:44337 for channel [id: 0xe2458fda, L:/127.0.0.1:56492 - R:localhost/127.0.0.1:44337]
15:21:46.344 [Forwarding getCurrentUrl on session e66592ae6358f7f0d393909f22180203 to remote] DEBUG org.asynchttpclient.netty.request.NettyRequestSender - Using pooled Channel '[id: 0xe2458fda, L:/127.0.0.1:56492 - R:localhost/127.0.0.1:44337]' for 'GET' to 'http://localhost:44337/session/e66592ae6358f7f0d393909f22180203/url'
15:21:46.344 [Forwarding getCurrentUrl on session e66592ae6358f7f0d393909f22180203 to remote] DEBUG org.asynchttpclient.netty.request.NettyRequestSender - Using open Channel [id: 0xe2458fda, L:/127.0.0.1:56492 - R:localhost/127.0.0.1:44337] for GET '/session/e66592ae6358f7f0d393909f22180203/url'
15:21:46.349 [AsyncHttpClient-1-2] DEBUG org.asynchttpclient.netty.handler.HttpHandler - 

Request DefaultFullHttpRequest(decodeResult: success, version: HTTP/1.1, content: EmptyByteBufBE)
GET /session/e66592ae6358f7f0d393909f22180203/url HTTP/1.1
User-Agent: selenium/4.6.0 (java windows)
Cache-Control: no-cache
Content-Type: application/json; charset=utf-8
host: localhost:44337
accept: */*

Response DefaultHttpResponse(decodeResult: success, version: HTTP/1.1)
HTTP/1.1 200 OK
Content-Type: application/json; charset=utf-8
cache-control: no-cache
content-length: 38

15:21:46.349 [AsyncHttpClient-1-2] DEBUG org.asynchttpclient.netty.channel.ChannelManager - Adding key: http://localhost:44337 for channel [id: 0xe2458fda, L:/127.0.0.1:56492 - R:localhost/127.0.0.1:44337]
15:21:46.374 [Test worker] DEBUG net.serenitybdd.core.photography.Darkroom - Opening darkroom
15:21:46.375 [Darkroom Processing Line] DEBUG net.serenitybdd.core.photography.DarkroomProcessingLine - Darkroom processing line starting up
15:21:46.391 [Forwarding getCurrentWindowHandle on session e66592ae6358f7f0d393909f22180203 to remote] DEBUG org.asynchttpclient.netty.request.NettyRequestSender - Using pooled Channel '[id: 0xe2458fda, L:/127.0.0.1:56492 - R:localhost/127.0.0.1:44337]' for 'GET' to 'http://localhost:44337/session/e66592ae6358f7f0d393909f22180203/window'
15:21:46.391 [Forwarding getCurrentWindowHandle on session e66592ae6358f7f0d393909f22180203 to remote] DEBUG org.asynchttpclient.netty.request.NettyRequestSender - Using open Channel [id: 0xe2458fda, L:/127.0.0.1:56492 - R:localhost/127.0.0.1:44337] for GET '/session/e66592ae6358f7f0d393909f22180203/window'
15:21:46.392 [AsyncHttpClient-1-2] DEBUG org.asynchttpclient.netty.handler.HttpHandler - 

Request DefaultFullHttpRequest(decodeResult: success, version: HTTP/1.1, content: EmptyByteBufBE)
GET /session/e66592ae6358f7f0d393909f22180203/window HTTP/1.1
User-Agent: selenium/4.6.0 (java windows)
Cache-Control: no-cache
Content-Type: application/json; charset=utf-8
host: localhost:44337
accept: */*

Response DefaultHttpResponse(decodeResult: success, version: HTTP/1.1)
HTTP/1.1 200 OK
Content-Type: application/json; charset=utf-8
cache-control: no-cache
content-length: 44

15:21:46.393 [AsyncHttpClient-1-2] DEBUG org.asynchttpclient.netty.channel.ChannelManager - Adding key: http://localhost:44337 for channel [id: 0xe2458fda, L:/127.0.0.1:56492 - R:localhost/127.0.0.1:44337]
15:21:46.402 [Forwarding getAlertText on session e66592ae6358f7f0d393909f22180203 to remote] DEBUG org.asynchttpclient.netty.request.NettyRequestSender - Using pooled Channel '[id: 0xe2458fda, L:/127.0.0.1:56492 - R:localhost/127.0.0.1:44337]' for 'GET' to 'http://localhost:44337/session/e66592ae6358f7f0d393909f22180203/alert/text'
15:21:46.402 [Forwarding getAlertText on session e66592ae6358f7f0d393909f22180203 to remote] DEBUG org.asynchttpclient.netty.request.NettyRequestSender - Using open Channel [id: 0xe2458fda, L:/127.0.0.1:56492 - R:localhost/127.0.0.1:44337] for GET '/session/e66592ae6358f7f0d393909f22180203/alert/text'
15:21:46.404 [AsyncHttpClient-1-2] DEBUG org.asynchttpclient.netty.handler.HttpHandler - 

Request DefaultFullHttpRequest(decodeResult: success, version: HTTP/1.1, content: EmptyByteBufBE)
GET /session/e66592ae6358f7f0d393909f22180203/alert/text HTTP/1.1
User-Agent: selenium/4.6.0 (java windows)
Cache-Control: no-cache
Content-Type: application/json; charset=utf-8
host: localhost:44337
accept: */*

Response DefaultHttpResponse(decodeResult: success, version: HTTP/1.1)
HTTP/1.1 404 Not Found
Content-Type: application/json; charset=utf-8
cache-control: no-cache
content-length: 848

15:21:46.405 [AsyncHttpClient-1-2] DEBUG org.asynchttpclient.netty.channel.ChannelManager - Adding key: http://localhost:44337 for channel [id: 0xe2458fda, L:/127.0.0.1:56492 - R:localhost/127.0.0.1:44337]
15:21:46.420 [Forwarding switchToWindow on session e66592ae6358f7f0d393909f22180203 to remote] DEBUG org.asynchttpclient.netty.request.NettyRequestSender - Using pooled Channel '[id: 0xe2458fda, L:/127.0.0.1:56492 - R:localhost/127.0.0.1:44337]' for 'POST' to 'http://localhost:44337/session/e66592ae6358f7f0d393909f22180203/window'
15:21:46.420 [Forwarding switchToWindow on session e66592ae6358f7f0d393909f22180203 to remote] DEBUG org.asynchttpclient.netty.request.NettyRequestSender - Using open Channel [id: 0xe2458fda, L:/127.0.0.1:56492 - R:localhost/127.0.0.1:44337] for POST '/session/e66592ae6358f7f0d393909f22180203/window'
15:21:46.423 [AsyncHttpClient-1-2] DEBUG org.asynchttpclient.netty.handler.HttpHandler - 

Request DefaultHttpRequest(decodeResult: success, version: HTTP/1.1)
POST /session/e66592ae6358f7f0d393909f22180203/window HTTP/1.1
User-Agent: selenium/4.6.0 (java windows)
Content-Length: 50
Content-Type: application/json; charset=utf-8
host: localhost:44337
accept: */*

Response DefaultHttpResponse(decodeResult: success, version: HTTP/1.1)
HTTP/1.1 200 OK
Content-Type: application/json; charset=utf-8
cache-control: no-cache
content-length: 14

15:21:46.423 [AsyncHttpClient-1-2] DEBUG org.asynchttpclient.netty.channel.ChannelManager - Adding key: http://localhost:44337 for channel [id: 0xe2458fda, L:/127.0.0.1:56492 - R:localhost/127.0.0.1:44337]
15:21:46.429 [Forwarding getCurrentUrl on session e66592ae6358f7f0d393909f22180203 to remote] DEBUG org.asynchttpclient.netty.request.NettyRequestSender - Using pooled Channel '[id: 0xe2458fda, L:/127.0.0.1:56492 - R:localhost/127.0.0.1:44337]' for 'GET' to 'http://localhost:44337/session/e66592ae6358f7f0d393909f22180203/url'
15:21:46.429 [Forwarding getCurrentUrl on session e66592ae6358f7f0d393909f22180203 to remote] DEBUG org.asynchttpclient.netty.request.NettyRequestSender - Using open Channel [id: 0xe2458fda, L:/127.0.0.1:56492 - R:localhost/127.0.0.1:44337] for GET '/session/e66592ae6358f7f0d393909f22180203/url'
15:21:46.434 [AsyncHttpClient-1-2] DEBUG org.asynchttpclient.netty.handler.HttpHandler - 

Request DefaultFullHttpRequest(decodeResult: success, version: HTTP/1.1, content: EmptyByteBufBE)
GET /session/e66592ae6358f7f0d393909f22180203/url HTTP/1.1
User-Agent: selenium/4.6.0 (java windows)
Cache-Control: no-cache
Content-Type: application/json; charset=utf-8
host: localhost:44337
accept: */*

Response DefaultHttpResponse(decodeResult: success, version: HTTP/1.1)
HTTP/1.1 200 OK
Content-Type: application/json; charset=utf-8
cache-control: no-cache
content-length: 38

15:21:46.434 [AsyncHttpClient-1-2] DEBUG org.asynchttpclient.netty.channel.ChannelManager - Adding key: http://localhost:44337 for channel [id: 0xe2458fda, L:/127.0.0.1:56492 - R:localhost/127.0.0.1:44337]
15:21:46.438 [Forwarding screenshot on session e66592ae6358f7f0d393909f22180203 to remote] DEBUG org.asynchttpclient.netty.request.NettyRequestSender - Using pooled Channel '[id: 0xe2458fda, L:/127.0.0.1:56492 - R:localhost/127.0.0.1:44337]' for 'GET' to 'http://localhost:44337/session/e66592ae6358f7f0d393909f22180203/screenshot'
15:21:46.438 [Forwarding screenshot on session e66592ae6358f7f0d393909f22180203 to remote] DEBUG org.asynchttpclient.netty.request.NettyRequestSender - Using open Channel [id: 0xe2458fda, L:/127.0.0.1:56492 - R:localhost/127.0.0.1:44337] for GET '/session/e66592ae6358f7f0d393909f22180203/screenshot'
15:21:46.449 [AsyncHttpClient-1-1] DEBUG org.asynchttpclient.netty.channel.DefaultChannelPool - Entry count for : http://localhost:56493 : 1
15:21:46.740 [AsyncHttpClient-1-2] DEBUG org.asynchttpclient.netty.handler.HttpHandler - 

Request DefaultFullHttpRequest(decodeResult: success, version: HTTP/1.1, content: EmptyByteBufBE)
GET /session/e66592ae6358f7f0d393909f22180203/screenshot HTTP/1.1
User-Agent: selenium/4.6.0 (java windows)
Cache-Control: no-cache
Content-Type: application/json; charset=utf-8
host: localhost:44337
accept: */*

Response DefaultHttpResponse(decodeResult: success, version: HTTP/1.1)
HTTP/1.1 200 OK
Content-Type: application/json; charset=utf-8
cache-control: no-cache
content-length: 654160

15:21:46.745 [AsyncHttpClient-1-2] DEBUG org.asynchttpclient.netty.channel.ChannelManager - Adding key: http://localhost:44337 for channel [id: 0xe2458fda, L:/127.0.0.1:56492 - R:localhost/127.0.0.1:44337]
15:21:46.824 [Test worker] DEBUG net.serenitybdd.core.photography.Darkroom - Send negative for processing for C:\Users\Usuario\Documents\retoAutomatizacion\e2e\RetoDemoBlaze\target\site\serenity\4412d49ce5b6b868e97726cad2cc9f6fe71299e8233aab1726cf3b4d57ece13b.png
15:21:46.825 [Darkroom Processing Line] DEBUG net.serenitybdd.core.photography.DarkroomProcessingLine - Processing screenshot image in /var/screenshots/screenshot-11786868548083374068
15:21:46.825 [Darkroom Processing Line] DEBUG net.serenitybdd.core.photography.DarkroomProcessingLine - Saving screenshot to C:\Users\Usuario\Documents\retoAutomatizacion\e2e\RetoDemoBlaze\target\site\serenity\4412d49ce5b6b868e97726cad2cc9f6fe71299e8233aab1726cf3b4d57ece13b.png
15:21:46.828 [Test worker] DEBUG net.thucydides.core.steps.StepInterceptor - STEP DONE: {0} opens the browser at #url
15:21:46.867 [Forwarding getPageSource on session e66592ae6358f7f0d393909f22180203 to remote] DEBUG org.asynchttpclient.netty.request.NettyRequestSender - Using pooled Channel '[id: 0xe2458fda, L:/127.0.0.1:56492 - R:localhost/127.0.0.1:44337]' for 'POST' to 'http://localhost:44337/session/e66592ae6358f7f0d393909f22180203/execute/sync'
15:21:46.867 [Forwarding getPageSource on session e66592ae6358f7f0d393909f22180203 to remote] DEBUG org.asynchttpclient.netty.request.NettyRequestSender - Using open Channel [id: 0xe2458fda, L:/127.0.0.1:56492 - R:localhost/127.0.0.1:44337] for POST '/session/e66592ae6358f7f0d393909f22180203/execute/sync'
15:21:46.878 [AsyncHttpClient-1-2] DEBUG org.asynchttpclient.netty.handler.HttpHandler - 

Request DefaultHttpRequest(decodeResult: success, version: HTTP/1.1)
POST /session/e66592ae6358f7f0d393909f22180203/execute/sync HTTP/1.1
User-Agent: selenium/4.6.0 (java windows)
Content-Length: 176
Content-Type: application/json; charset=utf-8
host: localhost:44337
accept: */*

Response DefaultHttpResponse(decodeResult: success, version: HTTP/1.1)
HTTP/1.1 200 OK
Content-Type: application/json; charset=utf-8
cache-control: no-cache
content-length: 51721

15:21:46.878 [AsyncHttpClient-1-2] DEBUG org.asynchttpclient.netty.channel.ChannelManager - Adding key: http://localhost:44337 for channel [id: 0xe2458fda, L:/127.0.0.1:56492 - R:localhost/127.0.0.1:44337]
15:21:46.996 [Forwarding getCurrentUrl on session e66592ae6358f7f0d393909f22180203 to remote] DEBUG org.asynchttpclient.netty.request.NettyRequestSender - Using pooled Channel '[id: 0xe2458fda, L:/127.0.0.1:56492 - R:localhost/127.0.0.1:44337]' for 'GET' to 'http://localhost:44337/session/e66592ae6358f7f0d393909f22180203/url'
15:21:46.996 [Forwarding getCurrentUrl on session e66592ae6358f7f0d393909f22180203 to remote] DEBUG org.asynchttpclient.netty.request.NettyRequestSender - Using open Channel [id: 0xe2458fda, L:/127.0.0.1:56492 - R:localhost/127.0.0.1:44337] for GET '/session/e66592ae6358f7f0d393909f22180203/url'
15:21:47.000 [AsyncHttpClient-1-2] DEBUG org.asynchttpclient.netty.handler.HttpHandler - 

Request DefaultFullHttpRequest(decodeResult: success, version: HTTP/1.1, content: EmptyByteBufBE)
GET /session/e66592ae6358f7f0d393909f22180203/url HTTP/1.1
User-Agent: selenium/4.6.0 (java windows)
Cache-Control: no-cache
Content-Type: application/json; charset=utf-8
host: localhost:44337
accept: */*

Response DefaultHttpResponse(decodeResult: success, version: HTTP/1.1)
HTTP/1.1 200 OK
Content-Type: application/json; charset=utf-8
cache-control: no-cache
content-length: 38

15:21:47.001 [AsyncHttpClient-1-2] DEBUG org.asynchttpclient.netty.channel.ChannelManager - Adding key: http://localhost:44337 for channel [id: 0xe2458fda, L:/127.0.0.1:56492 - R:localhost/127.0.0.1:44337]
15:21:47.006 [Test worker] DEBUG net.thucydides.core.steps.StepInterceptor - STARTING STEP: VisitWebPage.performAs - performAs
15:21:47.541 [AsyncHttpClient-1-1] DEBUG org.asynchttpclient.netty.channel.DefaultChannelPool - Entry count for : http://localhost:56493 : 1
15:21:47.542 [AsyncHttpClient-1-1] DEBUG org.asynchttpclient.netty.channel.DefaultChannelPool - Entry count for : http://localhost:44337 : 1
15:21:48.641 [AsyncHttpClient-1-1] DEBUG org.asynchttpclient.netty.channel.DefaultChannelPool - Entry count for : http://localhost:56493 : 1
15:21:48.641 [AsyncHttpClient-1-1] DEBUG org.asynchttpclient.netty.channel.DefaultChannelPool - Entry count for : http://localhost:44337 : 1
15:21:49.743 [AsyncHttpClient-1-1] DEBUG org.asynchttpclient.netty.channel.DefaultChannelPool - Entry count for : http://localhost:56493 : 1
15:21:49.743 [AsyncHttpClient-1-1] DEBUG org.asynchttpclient.netty.channel.DefaultChannelPool - Entry count for : http://localhost:44337 : 1
15:21:50.039 [Forwarding getCurrentWindowHandle on session e66592ae6358f7f0d393909f22180203 to remote] DEBUG org.asynchttpclient.netty.request.NettyRequestSender - Using pooled Channel '[id: 0xe2458fda, L:/127.0.0.1:56492 - R:localhost/127.0.0.1:44337]' for 'GET' to 'http://localhost:44337/session/e66592ae6358f7f0d393909f22180203/window'
15:21:50.039 [Forwarding getCurrentWindowHandle on session e66592ae6358f7f0d393909f22180203 to remote] DEBUG org.asynchttpclient.netty.request.NettyRequestSender - Using open Channel [id: 0xe2458fda, L:/127.0.0.1:56492 - R:localhost/127.0.0.1:44337] for GET '/session/e66592ae6358f7f0d393909f22180203/window'
15:21:50.040 [AsyncHttpClient-1-2] DEBUG org.asynchttpclient.netty.handler.HttpHandler - 

Request DefaultFullHttpRequest(decodeResult: success, version: HTTP/1.1, content: EmptyByteBufBE)
GET /session/e66592ae6358f7f0d393909f22180203/window HTTP/1.1
User-Agent: selenium/4.6.0 (java windows)
Cache-Control: no-cache
Content-Type: application/json; charset=utf-8
host: localhost:44337
accept: */*

Response DefaultHttpResponse(decodeResult: success, version: HTTP/1.1)
HTTP/1.1 200 OK
Content-Type: application/json; charset=utf-8
cache-control: no-cache
content-length: 44

15:21:50.040 [AsyncHttpClient-1-2] DEBUG org.asynchttpclient.netty.channel.ChannelManager - Adding key: http://localhost:44337 for channel [id: 0xe2458fda, L:/127.0.0.1:56492 - R:localhost/127.0.0.1:44337]
15:21:50.046 [Forwarding getAlertText on session e66592ae6358f7f0d393909f22180203 to remote] DEBUG org.asynchttpclient.netty.request.NettyRequestSender - Using pooled Channel '[id: 0xe2458fda, L:/127.0.0.1:56492 - R:localhost/127.0.0.1:44337]' for 'GET' to 'http://localhost:44337/session/e66592ae6358f7f0d393909f22180203/alert/text'
15:21:50.047 [Forwarding getAlertText on session e66592ae6358f7f0d393909f22180203 to remote] DEBUG org.asynchttpclient.netty.request.NettyRequestSender - Using open Channel [id: 0xe2458fda, L:/127.0.0.1:56492 - R:localhost/127.0.0.1:44337] for GET '/session/e66592ae6358f7f0d393909f22180203/alert/text'
15:21:50.049 [AsyncHttpClient-1-2] DEBUG org.asynchttpclient.netty.handler.HttpHandler - 

Request DefaultFullHttpRequest(decodeResult: success, version: HTTP/1.1, content: EmptyByteBufBE)
GET /session/e66592ae6358f7f0d393909f22180203/alert/text HTTP/1.1
User-Agent: selenium/4.6.0 (java windows)
Cache-Control: no-cache
Content-Type: application/json; charset=utf-8
host: localhost:44337
accept: */*

Response DefaultHttpResponse(decodeResult: success, version: HTTP/1.1)
HTTP/1.1 404 Not Found
Content-Type: application/json; charset=utf-8
cache-control: no-cache
content-length: 848

15:21:50.049 [AsyncHttpClient-1-2] DEBUG org.asynchttpclient.netty.channel.ChannelManager - Adding key: http://localhost:44337 for channel [id: 0xe2458fda, L:/127.0.0.1:56492 - R:localhost/127.0.0.1:44337]
15:21:50.057 [Forwarding switchToWindow on session e66592ae6358f7f0d393909f22180203 to remote] DEBUG org.asynchttpclient.netty.request.NettyRequestSender - Using pooled Channel '[id: 0xe2458fda, L:/127.0.0.1:56492 - R:localhost/127.0.0.1:44337]' for 'POST' to 'http://localhost:44337/session/e66592ae6358f7f0d393909f22180203/window'
15:21:50.057 [Forwarding switchToWindow on session e66592ae6358f7f0d393909f22180203 to remote] DEBUG org.asynchttpclient.netty.request.NettyRequestSender - Using open Channel [id: 0xe2458fda, L:/127.0.0.1:56492 - R:localhost/127.0.0.1:44337] for POST '/session/e66592ae6358f7f0d393909f22180203/window'
15:21:50.059 [AsyncHttpClient-1-2] DEBUG org.asynchttpclient.netty.handler.HttpHandler - 

Request DefaultHttpRequest(decodeResult: success, version: HTTP/1.1)
POST /session/e66592ae6358f7f0d393909f22180203/window HTTP/1.1
User-Agent: selenium/4.6.0 (java windows)
Content-Length: 50
Content-Type: application/json; charset=utf-8
host: localhost:44337
accept: */*

Response DefaultHttpResponse(decodeResult: success, version: HTTP/1.1)
HTTP/1.1 200 OK
Content-Type: application/json; charset=utf-8
cache-control: no-cache
content-length: 14

15:21:50.059 [AsyncHttpClient-1-2] DEBUG org.asynchttpclient.netty.channel.ChannelManager - Adding key: http://localhost:44337 for channel [id: 0xe2458fda, L:/127.0.0.1:56492 - R:localhost/127.0.0.1:44337]
15:21:50.060 [Forwarding getCurrentUrl on session e66592ae6358f7f0d393909f22180203 to remote] DEBUG org.asynchttpclient.netty.request.NettyRequestSender - Using pooled Channel '[id: 0xe2458fda, L:/127.0.0.1:56492 - R:localhost/127.0.0.1:44337]' for 'GET' to 'http://localhost:44337/session/e66592ae6358f7f0d393909f22180203/url'
15:21:50.060 [Forwarding getCurrentUrl on session e66592ae6358f7f0d393909f22180203 to remote] DEBUG org.asynchttpclient.netty.request.NettyRequestSender - Using open Channel [id: 0xe2458fda, L:/127.0.0.1:56492 - R:localhost/127.0.0.1:44337] for GET '/session/e66592ae6358f7f0d393909f22180203/url'
15:21:50.064 [AsyncHttpClient-1-2] DEBUG org.asynchttpclient.netty.handler.HttpHandler - 

Request DefaultFullHttpRequest(decodeResult: success, version: HTTP/1.1, content: EmptyByteBufBE)
GET /session/e66592ae6358f7f0d393909f22180203/url HTTP/1.1
User-Agent: selenium/4.6.0 (java windows)
Cache-Control: no-cache
Content-Type: application/json; charset=utf-8
host: localhost:44337
accept: */*

Response DefaultHttpResponse(decodeResult: success, version: HTTP/1.1)
HTTP/1.1 200 OK
Content-Type: application/json; charset=utf-8
cache-control: no-cache
content-length: 38

15:21:50.064 [AsyncHttpClient-1-2] DEBUG org.asynchttpclient.netty.channel.ChannelManager - Adding key: http://localhost:44337 for channel [id: 0xe2458fda, L:/127.0.0.1:56492 - R:localhost/127.0.0.1:44337]
15:21:50.065 [Forwarding screenshot on session e66592ae6358f7f0d393909f22180203 to remote] DEBUG org.asynchttpclient.netty.request.NettyRequestSender - Using pooled Channel '[id: 0xe2458fda, L:/127.0.0.1:56492 - R:localhost/127.0.0.1:44337]' for 'GET' to 'http://localhost:44337/session/e66592ae6358f7f0d393909f22180203/screenshot'
15:21:50.065 [Forwarding screenshot on session e66592ae6358f7f0d393909f22180203 to remote] DEBUG org.asynchttpclient.netty.request.NettyRequestSender - Using open Channel [id: 0xe2458fda, L:/127.0.0.1:56492 - R:localhost/127.0.0.1:44337] for GET '/session/e66592ae6358f7f0d393909f22180203/screenshot'
15:21:50.284 [AsyncHttpClient-1-2] DEBUG org.asynchttpclient.netty.handler.HttpHandler - 

Request DefaultFullHttpRequest(decodeResult: success, version: HTTP/1.1, content: EmptyByteBufBE)
GET /session/e66592ae6358f7f0d393909f22180203/screenshot HTTP/1.1
User-Agent: selenium/4.6.0 (java windows)
Cache-Control: no-cache
Content-Type: application/json; charset=utf-8
host: localhost:44337
accept: */*

Response DefaultHttpResponse(decodeResult: success, version: HTTP/1.1)
HTTP/1.1 200 OK
Content-Type: application/json; charset=utf-8
cache-control: no-cache
content-length: 699924

15:21:50.288 [AsyncHttpClient-1-2] DEBUG org.asynchttpclient.netty.channel.ChannelManager - Adding key: http://localhost:44337 for channel [id: 0xe2458fda, L:/127.0.0.1:56492 - R:localhost/127.0.0.1:44337]
15:21:50.314 [Test worker] DEBUG net.serenitybdd.core.photography.Darkroom - Send negative for processing for C:\Users\Usuario\Documents\retoAutomatizacion\e2e\RetoDemoBlaze\target\site\serenity\12e707778e7fc78d00234daede6f7e6509a0bc96723fc1ac846ebfb8f917acc1.png
15:21:50.314 [Test worker] DEBUG net.thucydides.core.steps.StepInterceptor - STEP DONE: performAs
15:21:50.314 [Darkroom Processing Line] DEBUG net.serenitybdd.core.photography.DarkroomProcessingLine - Processing screenshot image in /var/screenshots/screenshot-12776576205740429629
15:21:50.314 [Darkroom Processing Line] DEBUG net.serenitybdd.core.photography.DarkroomProcessingLine - Saving screenshot to C:\Users\Usuario\Documents\retoAutomatizacion\e2e\RetoDemoBlaze\target\site\serenity\12e707778e7fc78d00234daede6f7e6509a0bc96723fc1ac846ebfb8f917acc1.png
15:21:50.335 [Test worker] DEBUG net.thucydides.core.steps.StepInterceptor - STEP DONE: performAs
15:21:50.448 [Forwarding getCurrentWindowHandle on session e66592ae6358f7f0d393909f22180203 to remote] DEBUG org.asynchttpclient.netty.request.NettyRequestSender - Using pooled Channel '[id: 0xe2458fda, L:/127.0.0.1:56492 - R:localhost/127.0.0.1:44337]' for 'GET' to 'http://localhost:44337/session/e66592ae6358f7f0d393909f22180203/window'
15:21:50.448 [Forwarding getCurrentWindowHandle on session e66592ae6358f7f0d393909f22180203 to remote] DEBUG org.asynchttpclient.netty.request.NettyRequestSender - Using open Channel [id: 0xe2458fda, L:/127.0.0.1:56492 - R:localhost/127.0.0.1:44337] for GET '/session/e66592ae6358f7f0d393909f22180203/window'
15:21:50.449 [AsyncHttpClient-1-2] DEBUG org.asynchttpclient.netty.handler.HttpHandler - 

Request DefaultFullHttpRequest(decodeResult: success, version: HTTP/1.1, content: EmptyByteBufBE)
GET /session/e66592ae6358f7f0d393909f22180203/window HTTP/1.1
User-Agent: selenium/4.6.0 (java windows)
Cache-Control: no-cache
Content-Type: application/json; charset=utf-8
host: localhost:44337
accept: */*

Response DefaultHttpResponse(decodeResult: success, version: HTTP/1.1)
HTTP/1.1 200 OK
Content-Type: application/json; charset=utf-8
cache-control: no-cache
content-length: 44

15:21:50.450 [AsyncHttpClient-1-2] DEBUG org.asynchttpclient.netty.channel.ChannelManager - Adding key: http://localhost:44337 for channel [id: 0xe2458fda, L:/127.0.0.1:56492 - R:localhost/127.0.0.1:44337]
15:21:50.457 [Forwarding getAlertText on session e66592ae6358f7f0d393909f22180203 to remote] DEBUG org.asynchttpclient.netty.request.NettyRequestSender - Using pooled Channel '[id: 0xe2458fda, L:/127.0.0.1:56492 - R:localhost/127.0.0.1:44337]' for 'GET' to 'http://localhost:44337/session/e66592ae6358f7f0d393909f22180203/alert/text'
15:21:50.457 [Forwarding getAlertText on session e66592ae6358f7f0d393909f22180203 to remote] DEBUG org.asynchttpclient.netty.request.NettyRequestSender - Using open Channel [id: 0xe2458fda, L:/127.0.0.1:56492 - R:localhost/127.0.0.1:44337] for GET '/session/e66592ae6358f7f0d393909f22180203/alert/text'
15:21:50.459 [AsyncHttpClient-1-2] DEBUG org.asynchttpclient.netty.handler.HttpHandler - 

Request DefaultFullHttpRequest(decodeResult: success, version: HTTP/1.1, content: EmptyByteBufBE)
GET /session/e66592ae6358f7f0d393909f22180203/alert/text HTTP/1.1
User-Agent: selenium/4.6.0 (java windows)
Cache-Control: no-cache
Content-Type: application/json; charset=utf-8
host: localhost:44337
accept: */*

Response DefaultHttpResponse(decodeResult: success, version: HTTP/1.1)
HTTP/1.1 404 Not Found
Content-Type: application/json; charset=utf-8
cache-control: no-cache
content-length: 848

15:21:50.459 [AsyncHttpClient-1-2] DEBUG org.asynchttpclient.netty.channel.ChannelManager - Adding key: http://localhost:44337 for channel [id: 0xe2458fda, L:/127.0.0.1:56492 - R:localhost/127.0.0.1:44337]
15:21:50.466 [Forwarding switchToWindow on session e66592ae6358f7f0d393909f22180203 to remote] DEBUG org.asynchttpclient.netty.request.NettyRequestSender - Using pooled Channel '[id: 0xe2458fda, L:/127.0.0.1:56492 - R:localhost/127.0.0.1:44337]' for 'POST' to 'http://localhost:44337/session/e66592ae6358f7f0d393909f22180203/window'
15:21:50.466 [Forwarding switchToWindow on session e66592ae6358f7f0d393909f22180203 to remote] DEBUG org.asynchttpclient.netty.request.NettyRequestSender - Using open Channel [id: 0xe2458fda, L:/127.0.0.1:56492 - R:localhost/127.0.0.1:44337] for POST '/session/e66592ae6358f7f0d393909f22180203/window'
15:21:50.468 [AsyncHttpClient-1-2] DEBUG org.asynchttpclient.netty.handler.HttpHandler - 

Request DefaultHttpRequest(decodeResult: success, version: HTTP/1.1)
POST /session/e66592ae6358f7f0d393909f22180203/window HTTP/1.1
User-Agent: selenium/4.6.0 (java windows)
Content-Length: 50
Content-Type: application/json; charset=utf-8
host: localhost:44337
accept: */*

Response DefaultHttpResponse(decodeResult: success, version: HTTP/1.1)
HTTP/1.1 200 OK
Content-Type: application/json; charset=utf-8
cache-control: no-cache
content-length: 14

15:21:50.468 [AsyncHttpClient-1-2] DEBUG org.asynchttpclient.netty.channel.ChannelManager - Adding key: http://localhost:44337 for channel [id: 0xe2458fda, L:/127.0.0.1:56492 - R:localhost/127.0.0.1:44337]
15:21:50.469 [Forwarding getCurrentUrl on session e66592ae6358f7f0d393909f22180203 to remote] DEBUG org.asynchttpclient.netty.request.NettyRequestSender - Using pooled Channel '[id: 0xe2458fda, L:/127.0.0.1:56492 - R:localhost/127.0.0.1:44337]' for 'GET' to 'http://localhost:44337/session/e66592ae6358f7f0d393909f22180203/url'
15:21:50.470 [Forwarding getCurrentUrl on session e66592ae6358f7f0d393909f22180203 to remote] DEBUG org.asynchttpclient.netty.request.NettyRequestSender - Using open Channel [id: 0xe2458fda, L:/127.0.0.1:56492 - R:localhost/127.0.0.1:44337] for GET '/session/e66592ae6358f7f0d393909f22180203/url'
15:21:50.473 [AsyncHttpClient-1-2] DEBUG org.asynchttpclient.netty.handler.HttpHandler - 

Request DefaultFullHttpRequest(decodeResult: success, version: HTTP/1.1, content: EmptyByteBufBE)
GET /session/e66592ae6358f7f0d393909f22180203/url HTTP/1.1
User-Agent: selenium/4.6.0 (java windows)
Cache-Control: no-cache
Content-Type: application/json; charset=utf-8
host: localhost:44337
accept: */*

Response DefaultHttpResponse(decodeResult: success, version: HTTP/1.1)
HTTP/1.1 200 OK
Content-Type: application/json; charset=utf-8
cache-control: no-cache
content-length: 38

15:21:50.474 [AsyncHttpClient-1-2] DEBUG org.asynchttpclient.netty.channel.ChannelManager - Adding key: http://localhost:44337 for channel [id: 0xe2458fda, L:/127.0.0.1:56492 - R:localhost/127.0.0.1:44337]
15:21:50.475 [Forwarding screenshot on session e66592ae6358f7f0d393909f22180203 to remote] DEBUG org.asynchttpclient.netty.request.NettyRequestSender - Using pooled Channel '[id: 0xe2458fda, L:/127.0.0.1:56492 - R:localhost/127.0.0.1:44337]' for 'GET' to 'http://localhost:44337/session/e66592ae6358f7f0d393909f22180203/screenshot'
15:21:50.475 [Forwarding screenshot on session e66592ae6358f7f0d393909f22180203 to remote] DEBUG org.asynchttpclient.netty.request.NettyRequestSender - Using open Channel [id: 0xe2458fda, L:/127.0.0.1:56492 - R:localhost/127.0.0.1:44337] for GET '/session/e66592ae6358f7f0d393909f22180203/screenshot'
15:21:50.691 [AsyncHttpClient-1-2] DEBUG org.asynchttpclient.netty.handler.HttpHandler - 

Request DefaultFullHttpRequest(decodeResult: success, version: HTTP/1.1, content: EmptyByteBufBE)
GET /session/e66592ae6358f7f0d393909f22180203/screenshot HTTP/1.1
User-Agent: selenium/4.6.0 (java windows)
Cache-Control: no-cache
Content-Type: application/json; charset=utf-8
host: localhost:44337
accept: */*

Response DefaultHttpResponse(decodeResult: success, version: HTTP/1.1)
HTTP/1.1 200 OK
Content-Type: application/json; charset=utf-8
cache-control: no-cache
content-length: 699924

15:21:50.695 [AsyncHttpClient-1-2] DEBUG org.asynchttpclient.netty.channel.ChannelManager - Adding key: http://localhost:44337 for channel [id: 0xe2458fda, L:/127.0.0.1:56492 - R:localhost/127.0.0.1:44337]
15:21:50.706 [Test worker] DEBUG net.serenitybdd.core.photography.Darkroom - Send negative for processing for C:\Users\Usuario\Documents\retoAutomatizacion\e2e\RetoDemoBlaze\target\site\serenity\12e707778e7fc78d00234daede6f7e6509a0bc96723fc1ac846ebfb8f917acc1.png
15:21:50.713 [Forwarding getPageSource on session e66592ae6358f7f0d393909f22180203 to remote] DEBUG org.asynchttpclient.netty.request.NettyRequestSender - Using pooled Channel '[id: 0xe2458fda, L:/127.0.0.1:56492 - R:localhost/127.0.0.1:44337]' for 'POST' to 'http://localhost:44337/session/e66592ae6358f7f0d393909f22180203/execute/sync'
15:21:50.713 [Forwarding getPageSource on session e66592ae6358f7f0d393909f22180203 to remote] DEBUG org.asynchttpclient.netty.request.NettyRequestSender - Using open Channel [id: 0xe2458fda, L:/127.0.0.1:56492 - R:localhost/127.0.0.1:44337] for POST '/session/e66592ae6358f7f0d393909f22180203/execute/sync'
15:21:50.722 [AsyncHttpClient-1-2] DEBUG org.asynchttpclient.netty.handler.HttpHandler - 

Request DefaultHttpRequest(decodeResult: success, version: HTTP/1.1)
POST /session/e66592ae6358f7f0d393909f22180203/execute/sync HTTP/1.1
User-Agent: selenium/4.6.0 (java windows)
Content-Length: 176
Content-Type: application/json; charset=utf-8
host: localhost:44337
accept: */*

Response DefaultHttpResponse(decodeResult: success, version: HTTP/1.1)
HTTP/1.1 200 OK
Content-Type: application/json; charset=utf-8
cache-control: no-cache
content-length: 57581

15:21:50.723 [AsyncHttpClient-1-2] DEBUG org.asynchttpclient.netty.channel.ChannelManager - Adding key: http://localhost:44337 for channel [id: 0xe2458fda, L:/127.0.0.1:56492 - R:localhost/127.0.0.1:44337]
15:21:50.738 [Forwarding getCurrentUrl on session e66592ae6358f7f0d393909f22180203 to remote] DEBUG org.asynchttpclient.netty.request.NettyRequestSender - Using pooled Channel '[id: 0xe2458fda, L:/127.0.0.1:56492 - R:localhost/127.0.0.1:44337]' for 'GET' to 'http://localhost:44337/session/e66592ae6358f7f0d393909f22180203/url'
15:21:50.738 [Forwarding getCurrentUrl on session e66592ae6358f7f0d393909f22180203 to remote] DEBUG org.asynchttpclient.netty.request.NettyRequestSender - Using open Channel [id: 0xe2458fda, L:/127.0.0.1:56492 - R:localhost/127.0.0.1:44337] for GET '/session/e66592ae6358f7f0d393909f22180203/url'
15:21:50.742 [AsyncHttpClient-1-2] DEBUG org.asynchttpclient.netty.handler.HttpHandler - 

Request DefaultFullHttpRequest(decodeResult: success, version: HTTP/1.1, content: EmptyByteBufBE)
GET /session/e66592ae6358f7f0d393909f22180203/url HTTP/1.1
User-Agent: selenium/4.6.0 (java windows)
Cache-Control: no-cache
Content-Type: application/json; charset=utf-8
host: localhost:44337
accept: */*

Response DefaultHttpResponse(decodeResult: success, version: HTTP/1.1)
HTTP/1.1 200 OK
Content-Type: application/json; charset=utf-8
cache-control: no-cache
content-length: 38

15:21:50.743 [AsyncHttpClient-1-2] DEBUG org.asynchttpclient.netty.channel.ChannelManager - Adding key: http://localhost:44337 for channel [id: 0xe2458fda, L:/127.0.0.1:56492 - R:localhost/127.0.0.1:44337]
15:21:50.781 [Test worker] DEBUG net.serenitybdd.screenplay.targets.IFrameSwitcher - default content already selected for CATEGORIES
15:21:50.788 [Forwarding findElements on session e66592ae6358f7f0d393909f22180203 to remote] DEBUG org.asynchttpclient.netty.request.NettyRequestSender - Using pooled Channel '[id: 0xe2458fda, L:/127.0.0.1:56492 - R:localhost/127.0.0.1:44337]' for 'POST' to 'http://localhost:44337/session/e66592ae6358f7f0d393909f22180203/elements'
15:21:50.788 [Forwarding findElements on session e66592ae6358f7f0d393909f22180203 to remote] DEBUG org.asynchttpclient.netty.request.NettyRequestSender - Using open Channel [id: 0xe2458fda, L:/127.0.0.1:56492 - R:localhost/127.0.0.1:44337] for POST '/session/e66592ae6358f7f0d393909f22180203/elements'
15:21:50.802 [AsyncHttpClient-1-2] DEBUG org.asynchttpclient.netty.handler.HttpHandler - 

Request DefaultHttpRequest(decodeResult: success, version: HTTP/1.1)
POST /session/e66592ae6358f7f0d393909f22180203/elements HTTP/1.1
User-Agent: selenium/4.6.0 (java windows)
Content-Length: 48
Content-Type: application/json; charset=utf-8
host: localhost:44337
accept: */*

Response DefaultHttpResponse(decodeResult: success, version: HTTP/1.1)
HTTP/1.1 200 OK
Content-Type: application/json; charset=utf-8
cache-control: no-cache
content-length: 97

15:21:50.803 [AsyncHttpClient-1-2] DEBUG org.asynchttpclient.netty.channel.ChannelManager - Adding key: http://localhost:44337 for channel [id: 0xe2458fda, L:/127.0.0.1:56492 - R:localhost/127.0.0.1:44337]
15:21:50.824 [Forwarding getElementText on session e66592ae6358f7f0d393909f22180203 to remote] DEBUG org.asynchttpclient.netty.request.NettyRequestSender - Using pooled Channel '[id: 0xe2458fda, L:/127.0.0.1:56492 - R:localhost/127.0.0.1:44337]' for 'GET' to 'http://localhost:44337/session/e66592ae6358f7f0d393909f22180203/element/537873F56A7B1477BCF289808A98FA30_element_28/text'
15:21:50.825 [Forwarding getElementText on session e66592ae6358f7f0d393909f22180203 to remote] DEBUG org.asynchttpclient.netty.request.NettyRequestSender - Using open Channel [id: 0xe2458fda, L:/127.0.0.1:56492 - R:localhost/127.0.0.1:44337] for GET '/session/e66592ae6358f7f0d393909f22180203/element/537873F56A7B1477BCF289808A98FA30_element_28/text'
15:21:50.839 [AsyncHttpClient-1-2] DEBUG org.asynchttpclient.netty.handler.HttpHandler - 

Request DefaultFullHttpRequest(decodeResult: success, version: HTTP/1.1, content: EmptyByteBufBE)
GET /session/e66592ae6358f7f0d393909f22180203/element/537873F56A7B1477BCF289808A98FA30_element_28/text HTTP/1.1
User-Agent: selenium/4.6.0 (java windows)
Cache-Control: no-cache
Content-Type: application/json; charset=utf-8
host: localhost:44337
accept: */*

Response DefaultHttpResponse(decodeResult: success, version: HTTP/1.1)
HTTP/1.1 200 OK
Content-Type: application/json; charset=utf-8
cache-control: no-cache
content-length: 22

15:21:50.839 [AsyncHttpClient-1-2] DEBUG org.asynchttpclient.netty.channel.ChannelManager - Adding key: http://localhost:44337 for channel [id: 0xe2458fda, L:/127.0.0.1:56492 - R:localhost/127.0.0.1:44337]
15:21:50.842 [AsyncHttpClient-1-1] DEBUG org.asynchttpclient.netty.channel.DefaultChannelPool - Entry count for : http://localhost:56493 : 1
15:21:50.842 [AsyncHttpClient-1-1] DEBUG org.asynchttpclient.netty.channel.DefaultChannelPool - Entry count for : http://localhost:44337 : 1
15:21:50.859 [Forwarding getCurrentWindowHandle on session e66592ae6358f7f0d393909f22180203 to remote] DEBUG org.asynchttpclient.netty.request.NettyRequestSender - Using pooled Channel '[id: 0xe2458fda, L:/127.0.0.1:56492 - R:localhost/127.0.0.1:44337]' for 'GET' to 'http://localhost:44337/session/e66592ae6358f7f0d393909f22180203/window'
15:21:50.860 [Forwarding getCurrentWindowHandle on session e66592ae6358f7f0d393909f22180203 to remote] DEBUG org.asynchttpclient.netty.request.NettyRequestSender - Using open Channel [id: 0xe2458fda, L:/127.0.0.1:56492 - R:localhost/127.0.0.1:44337] for GET '/session/e66592ae6358f7f0d393909f22180203/window'
15:21:50.866 [AsyncHttpClient-1-2] DEBUG org.asynchttpclient.netty.handler.HttpHandler - 

Request DefaultFullHttpRequest(decodeResult: success, version: HTTP/1.1, content: EmptyByteBufBE)
GET /session/e66592ae6358f7f0d393909f22180203/window HTTP/1.1
User-Agent: selenium/4.6.0 (java windows)
Cache-Control: no-cache
Content-Type: application/json; charset=utf-8
host: localhost:44337
accept: */*

Response DefaultHttpResponse(decodeResult: success, version: HTTP/1.1)
HTTP/1.1 200 OK
Content-Type: application/json; charset=utf-8
cache-control: no-cache
content-length: 44

15:21:50.866 [AsyncHttpClient-1-2] DEBUG org.asynchttpclient.netty.channel.ChannelManager - Adding key: http://localhost:44337 for channel [id: 0xe2458fda, L:/127.0.0.1:56492 - R:localhost/127.0.0.1:44337]
15:21:50.874 [Forwarding getAlertText on session e66592ae6358f7f0d393909f22180203 to remote] DEBUG org.asynchttpclient.netty.request.NettyRequestSender - Using pooled Channel '[id: 0xe2458fda, L:/127.0.0.1:56492 - R:localhost/127.0.0.1:44337]' for 'GET' to 'http://localhost:44337/session/e66592ae6358f7f0d393909f22180203/alert/text'
15:21:50.874 [Forwarding getAlertText on session e66592ae6358f7f0d393909f22180203 to remote] DEBUG org.asynchttpclient.netty.request.NettyRequestSender - Using open Channel [id: 0xe2458fda, L:/127.0.0.1:56492 - R:localhost/127.0.0.1:44337] for GET '/session/e66592ae6358f7f0d393909f22180203/alert/text'
15:21:50.876 [AsyncHttpClient-1-2] DEBUG org.asynchttpclient.netty.handler.HttpHandler - 

Request DefaultFullHttpRequest(decodeResult: success, version: HTTP/1.1, content: EmptyByteBufBE)
GET /session/e66592ae6358f7f0d393909f22180203/alert/text HTTP/1.1
User-Agent: selenium/4.6.0 (java windows)
Cache-Control: no-cache
Content-Type: application/json; charset=utf-8
host: localhost:44337
accept: */*

Response DefaultHttpResponse(decodeResult: success, version: HTTP/1.1)
HTTP/1.1 404 Not Found
Content-Type: application/json; charset=utf-8
cache-control: no-cache
content-length: 848

15:21:50.877 [AsyncHttpClient-1-2] DEBUG org.asynchttpclient.netty.channel.ChannelManager - Adding key: http://localhost:44337 for channel [id: 0xe2458fda, L:/127.0.0.1:56492 - R:localhost/127.0.0.1:44337]
15:21:50.884 [Forwarding switchToWindow on session e66592ae6358f7f0d393909f22180203 to remote] DEBUG org.asynchttpclient.netty.request.NettyRequestSender - Using pooled Channel '[id: 0xe2458fda, L:/127.0.0.1:56492 - R:localhost/127.0.0.1:44337]' for 'POST' to 'http://localhost:44337/session/e66592ae6358f7f0d393909f22180203/window'
15:21:50.884 [Forwarding switchToWindow on session e66592ae6358f7f0d393909f22180203 to remote] DEBUG org.asynchttpclient.netty.request.NettyRequestSender - Using open Channel [id: 0xe2458fda, L:/127.0.0.1:56492 - R:localhost/127.0.0.1:44337] for POST '/session/e66592ae6358f7f0d393909f22180203/window'
15:21:50.887 [AsyncHttpClient-1-2] DEBUG org.asynchttpclient.netty.handler.HttpHandler - 

Request DefaultHttpRequest(decodeResult: success, version: HTTP/1.1)
POST /session/e66592ae6358f7f0d393909f22180203/window HTTP/1.1
User-Agent: selenium/4.6.0 (java windows)
Content-Length: 50
Content-Type: application/json; charset=utf-8
host: localhost:44337
accept: */*

Response DefaultHttpResponse(decodeResult: success, version: HTTP/1.1)
HTTP/1.1 200 OK
Content-Type: application/json; charset=utf-8
cache-control: no-cache
content-length: 14

15:21:50.887 [AsyncHttpClient-1-2] DEBUG org.asynchttpclient.netty.channel.ChannelManager - Adding key: http://localhost:44337 for channel [id: 0xe2458fda, L:/127.0.0.1:56492 - R:localhost/127.0.0.1:44337]
15:21:50.888 [Forwarding getCurrentUrl on session e66592ae6358f7f0d393909f22180203 to remote] DEBUG org.asynchttpclient.netty.request.NettyRequestSender - Using pooled Channel '[id: 0xe2458fda, L:/127.0.0.1:56492 - R:localhost/127.0.0.1:44337]' for 'GET' to 'http://localhost:44337/session/e66592ae6358f7f0d393909f22180203/url'
15:21:50.888 [Forwarding getCurrentUrl on session e66592ae6358f7f0d393909f22180203 to remote] DEBUG org.asynchttpclient.netty.request.NettyRequestSender - Using open Channel [id: 0xe2458fda, L:/127.0.0.1:56492 - R:localhost/127.0.0.1:44337] for GET '/session/e66592ae6358f7f0d393909f22180203/url'
15:21:50.893 [AsyncHttpClient-1-2] DEBUG org.asynchttpclient.netty.handler.HttpHandler - 

Request DefaultFullHttpRequest(decodeResult: success, version: HTTP/1.1, content: EmptyByteBufBE)
GET /session/e66592ae6358f7f0d393909f22180203/url HTTP/1.1
User-Agent: selenium/4.6.0 (java windows)
Cache-Control: no-cache
Content-Type: application/json; charset=utf-8
host: localhost:44337
accept: */*

Response DefaultHttpResponse(decodeResult: success, version: HTTP/1.1)
HTTP/1.1 200 OK
Content-Type: application/json; charset=utf-8
cache-control: no-cache
content-length: 38

15:21:50.893 [AsyncHttpClient-1-2] DEBUG org.asynchttpclient.netty.channel.ChannelManager - Adding key: http://localhost:44337 for channel [id: 0xe2458fda, L:/127.0.0.1:56492 - R:localhost/127.0.0.1:44337]
15:21:50.894 [Forwarding screenshot on session e66592ae6358f7f0d393909f22180203 to remote] DEBUG org.asynchttpclient.netty.request.NettyRequestSender - Using pooled Channel '[id: 0xe2458fda, L:/127.0.0.1:56492 - R:localhost/127.0.0.1:44337]' for 'GET' to 'http://localhost:44337/session/e66592ae6358f7f0d393909f22180203/screenshot'
15:21:50.894 [Forwarding screenshot on session e66592ae6358f7f0d393909f22180203 to remote] DEBUG org.asynchttpclient.netty.request.NettyRequestSender - Using open Channel [id: 0xe2458fda, L:/127.0.0.1:56492 - R:localhost/127.0.0.1:44337] for GET '/session/e66592ae6358f7f0d393909f22180203/screenshot'
15:21:51.105 [AsyncHttpClient-1-2] DEBUG org.asynchttpclient.netty.handler.HttpHandler - 

Request DefaultFullHttpRequest(decodeResult: success, version: HTTP/1.1, content: EmptyByteBufBE)
GET /session/e66592ae6358f7f0d393909f22180203/screenshot HTTP/1.1
User-Agent: selenium/4.6.0 (java windows)
Cache-Control: no-cache
Content-Type: application/json; charset=utf-8
host: localhost:44337
accept: */*

Response DefaultHttpResponse(decodeResult: success, version: HTTP/1.1)
HTTP/1.1 200 OK
Content-Type: application/json; charset=utf-8
cache-control: no-cache
content-length: 699924

15:21:51.108 [AsyncHttpClient-1-2] DEBUG org.asynchttpclient.netty.channel.ChannelManager - Adding key: http://localhost:44337 for channel [id: 0xe2458fda, L:/127.0.0.1:56492 - R:localhost/127.0.0.1:44337]
15:21:51.121 [Test worker] DEBUG net.serenitybdd.core.photography.Darkroom - Send negative for processing for C:\Users\Usuario\Documents\retoAutomatizacion\e2e\RetoDemoBlaze\target\site\serenity\12e707778e7fc78d00234daede6f7e6509a0bc96723fc1ac846ebfb8f917acc1.png
15:21:51.152 [Forwarding getPageSource on session e66592ae6358f7f0d393909f22180203 to remote] DEBUG org.asynchttpclient.netty.request.NettyRequestSender - Using pooled Channel '[id: 0xe2458fda, L:/127.0.0.1:56492 - R:localhost/127.0.0.1:44337]' for 'POST' to 'http://localhost:44337/session/e66592ae6358f7f0d393909f22180203/execute/sync'
15:21:51.152 [Forwarding getPageSource on session e66592ae6358f7f0d393909f22180203 to remote] DEBUG org.asynchttpclient.netty.request.NettyRequestSender - Using open Channel [id: 0xe2458fda, L:/127.0.0.1:56492 - R:localhost/127.0.0.1:44337] for POST '/session/e66592ae6358f7f0d393909f22180203/execute/sync'
15:21:51.162 [AsyncHttpClient-1-2] DEBUG org.asynchttpclient.netty.handler.HttpHandler - 

Request DefaultHttpRequest(decodeResult: success, version: HTTP/1.1)
POST /session/e66592ae6358f7f0d393909f22180203/execute/sync HTTP/1.1
User-Agent: selenium/4.6.0 (java windows)
Content-Length: 176
Content-Type: application/json; charset=utf-8
host: localhost:44337
accept: */*

Response DefaultHttpResponse(decodeResult: success, version: HTTP/1.1)
HTTP/1.1 200 OK
Content-Type: application/json; charset=utf-8
cache-control: no-cache
content-length: 57581

15:21:51.162 [AsyncHttpClient-1-2] DEBUG org.asynchttpclient.netty.channel.ChannelManager - Adding key: http://localhost:44337 for channel [id: 0xe2458fda, L:/127.0.0.1:56492 - R:localhost/127.0.0.1:44337]
15:21:51.172 [Forwarding getCurrentUrl on session e66592ae6358f7f0d393909f22180203 to remote] DEBUG org.asynchttpclient.netty.request.NettyRequestSender - Using pooled Channel '[id: 0xe2458fda, L:/127.0.0.1:56492 - R:localhost/127.0.0.1:44337]' for 'GET' to 'http://localhost:44337/session/e66592ae6358f7f0d393909f22180203/url'
15:21:51.172 [Forwarding getCurrentUrl on session e66592ae6358f7f0d393909f22180203 to remote] DEBUG org.asynchttpclient.netty.request.NettyRequestSender - Using open Channel [id: 0xe2458fda, L:/127.0.0.1:56492 - R:localhost/127.0.0.1:44337] for GET '/session/e66592ae6358f7f0d393909f22180203/url'
15:21:51.177 [AsyncHttpClient-1-2] DEBUG org.asynchttpclient.netty.handler.HttpHandler - 

Request DefaultFullHttpRequest(decodeResult: success, version: HTTP/1.1, content: EmptyByteBufBE)
GET /session/e66592ae6358f7f0d393909f22180203/url HTTP/1.1
User-Agent: selenium/4.6.0 (java windows)
Cache-Control: no-cache
Content-Type: application/json; charset=utf-8
host: localhost:44337
accept: */*

Response DefaultHttpResponse(decodeResult: success, version: HTTP/1.1)
HTTP/1.1 200 OK
Content-Type: application/json; charset=utf-8
cache-control: no-cache
content-length: 38

15:21:51.177 [AsyncHttpClient-1-2] DEBUG org.asynchttpclient.netty.channel.ChannelManager - Adding key: http://localhost:44337 for channel [id: 0xe2458fda, L:/127.0.0.1:56492 - R:localhost/127.0.0.1:44337]
15:21:51.180 [Test worker] DEBUG net.thucydides.core.steps.StepInterceptor - STARTING STEP: demoBlazeStepDefinition.queSoyUnUsuarioRegistradoEnDemoblaze - performAs
15:21:51.242 [Forwarding getCurrentWindowHandle on session e66592ae6358f7f0d393909f22180203 to remote] DEBUG org.asynchttpclient.netty.request.NettyRequestSender - Using pooled Channel '[id: 0xe2458fda, L:/127.0.0.1:56492 - R:localhost/127.0.0.1:44337]' for 'GET' to 'http://localhost:44337/session/e66592ae6358f7f0d393909f22180203/window'
15:21:51.242 [Forwarding getCurrentWindowHandle on session e66592ae6358f7f0d393909f22180203 to remote] DEBUG org.asynchttpclient.netty.request.NettyRequestSender - Using open Channel [id: 0xe2458fda, L:/127.0.0.1:56492 - R:localhost/127.0.0.1:44337] for GET '/session/e66592ae6358f7f0d393909f22180203/window'
15:21:51.243 [AsyncHttpClient-1-2] DEBUG org.asynchttpclient.netty.handler.HttpHandler - 

Request DefaultFullHttpRequest(decodeResult: success, version: HTTP/1.1, content: EmptyByteBufBE)
GET /session/e66592ae6358f7f0d393909f22180203/window HTTP/1.1
User-Agent: selenium/4.6.0 (java windows)
Cache-Control: no-cache
Content-Type: application/json; charset=utf-8
host: localhost:44337
accept: */*

Response DefaultHttpResponse(decodeResult: success, version: HTTP/1.1)
HTTP/1.1 200 OK
Content-Type: application/json; charset=utf-8
cache-control: no-cache
content-length: 44

15:21:51.243 [AsyncHttpClient-1-2] DEBUG org.asynchttpclient.netty.channel.ChannelManager - Adding key: http://localhost:44337 for channel [id: 0xe2458fda, L:/127.0.0.1:56492 - R:localhost/127.0.0.1:44337]
15:21:51.260 [Forwarding getAlertText on session e66592ae6358f7f0d393909f22180203 to remote] DEBUG org.asynchttpclient.netty.request.NettyRequestSender - Using pooled Channel '[id: 0xe2458fda, L:/127.0.0.1:56492 - R:localhost/127.0.0.1:44337]' for 'GET' to 'http://localhost:44337/session/e66592ae6358f7f0d393909f22180203/alert/text'
15:21:51.260 [Forwarding getAlertText on session e66592ae6358f7f0d393909f22180203 to remote] DEBUG org.asynchttpclient.netty.request.NettyRequestSender - Using open Channel [id: 0xe2458fda, L:/127.0.0.1:56492 - R:localhost/127.0.0.1:44337] for GET '/session/e66592ae6358f7f0d393909f22180203/alert/text'
15:21:51.261 [AsyncHttpClient-1-2] DEBUG org.asynchttpclient.netty.handler.HttpHandler - 

Request DefaultFullHttpRequest(decodeResult: success, version: HTTP/1.1, content: EmptyByteBufBE)
GET /session/e66592ae6358f7f0d393909f22180203/alert/text HTTP/1.1
User-Agent: selenium/4.6.0 (java windows)
Cache-Control: no-cache
Content-Type: application/json; charset=utf-8
host: localhost:44337
accept: */*

Response DefaultHttpResponse(decodeResult: success, version: HTTP/1.1)
HTTP/1.1 404 Not Found
Content-Type: application/json; charset=utf-8
cache-control: no-cache
content-length: 848

15:21:51.261 [AsyncHttpClient-1-2] DEBUG org.asynchttpclient.netty.channel.ChannelManager - Adding key: http://localhost:44337 for channel [id: 0xe2458fda, L:/127.0.0.1:56492 - R:localhost/127.0.0.1:44337]
15:21:51.268 [Forwarding switchToWindow on session e66592ae6358f7f0d393909f22180203 to remote] DEBUG org.asynchttpclient.netty.request.NettyRequestSender - Using pooled Channel '[id: 0xe2458fda, L:/127.0.0.1:56492 - R:localhost/127.0.0.1:44337]' for 'POST' to 'http://localhost:44337/session/e66592ae6358f7f0d393909f22180203/window'
15:21:51.268 [Forwarding switchToWindow on session e66592ae6358f7f0d393909f22180203 to remote] DEBUG org.asynchttpclient.netty.request.NettyRequestSender - Using open Channel [id: 0xe2458fda, L:/127.0.0.1:56492 - R:localhost/127.0.0.1:44337] for POST '/session/e66592ae6358f7f0d393909f22180203/window'
15:21:51.271 [AsyncHttpClient-1-2] DEBUG org.asynchttpclient.netty.handler.HttpHandler - 

Request DefaultHttpRequest(decodeResult: success, version: HTTP/1.1)
POST /session/e66592ae6358f7f0d393909f22180203/window HTTP/1.1
User-Agent: selenium/4.6.0 (java windows)
Content-Length: 50
Content-Type: application/json; charset=utf-8
host: localhost:44337
accept: */*

Response DefaultHttpResponse(decodeResult: success, version: HTTP/1.1)
HTTP/1.1 200 OK
Content-Type: application/json; charset=utf-8
cache-control: no-cache
content-length: 14

15:21:51.271 [AsyncHttpClient-1-2] DEBUG org.asynchttpclient.netty.channel.ChannelManager - Adding key: http://localhost:44337 for channel [id: 0xe2458fda, L:/127.0.0.1:56492 - R:localhost/127.0.0.1:44337]
15:21:51.272 [Forwarding getCurrentUrl on session e66592ae6358f7f0d393909f22180203 to remote] DEBUG org.asynchttpclient.netty.request.NettyRequestSender - Using pooled Channel '[id: 0xe2458fda, L:/127.0.0.1:56492 - R:localhost/127.0.0.1:44337]' for 'GET' to 'http://localhost:44337/session/e66592ae6358f7f0d393909f22180203/url'
15:21:51.272 [Forwarding getCurrentUrl on session e66592ae6358f7f0d393909f22180203 to remote] DEBUG org.asynchttpclient.netty.request.NettyRequestSender - Using open Channel [id: 0xe2458fda, L:/127.0.0.1:56492 - R:localhost/127.0.0.1:44337] for GET '/session/e66592ae6358f7f0d393909f22180203/url'
15:21:51.274 [AsyncHttpClient-1-2] DEBUG org.asynchttpclient.netty.handler.HttpHandler - 

Request DefaultFullHttpRequest(decodeResult: success, version: HTTP/1.1, content: EmptyByteBufBE)
GET /session/e66592ae6358f7f0d393909f22180203/url HTTP/1.1
User-Agent: selenium/4.6.0 (java windows)
Cache-Control: no-cache
Content-Type: application/json; charset=utf-8
host: localhost:44337
accept: */*

Response DefaultHttpResponse(decodeResult: success, version: HTTP/1.1)
HTTP/1.1 200 OK
Content-Type: application/json; charset=utf-8
cache-control: no-cache
content-length: 38

15:21:51.274 [AsyncHttpClient-1-2] DEBUG org.asynchttpclient.netty.channel.ChannelManager - Adding key: http://localhost:44337 for channel [id: 0xe2458fda, L:/127.0.0.1:56492 - R:localhost/127.0.0.1:44337]
15:21:51.276 [Forwarding screenshot on session e66592ae6358f7f0d393909f22180203 to remote] DEBUG org.asynchttpclient.netty.request.NettyRequestSender - Using pooled Channel '[id: 0xe2458fda, L:/127.0.0.1:56492 - R:localhost/127.0.0.1:44337]' for 'GET' to 'http://localhost:44337/session/e66592ae6358f7f0d393909f22180203/screenshot'
15:21:51.276 [Forwarding screenshot on session e66592ae6358f7f0d393909f22180203 to remote] DEBUG org.asynchttpclient.netty.request.NettyRequestSender - Using open Channel [id: 0xe2458fda, L:/127.0.0.1:56492 - R:localhost/127.0.0.1:44337] for GET '/session/e66592ae6358f7f0d393909f22180203/screenshot'
15:21:51.520 [AsyncHttpClient-1-2] DEBUG org.asynchttpclient.netty.handler.HttpHandler - 

Request DefaultFullHttpRequest(decodeResult: success, version: HTTP/1.1, content: EmptyByteBufBE)
GET /session/e66592ae6358f7f0d393909f22180203/screenshot HTTP/1.1
User-Agent: selenium/4.6.0 (java windows)
Cache-Control: no-cache
Content-Type: application/json; charset=utf-8
host: localhost:44337
accept: */*

Response DefaultHttpResponse(decodeResult: success, version: HTTP/1.1)
HTTP/1.1 200 OK
Content-Type: application/json; charset=utf-8
cache-control: no-cache
content-length: 699684

15:21:51.522 [AsyncHttpClient-1-2] DEBUG org.asynchttpclient.netty.channel.ChannelManager - Adding key: http://localhost:44337 for channel [id: 0xe2458fda, L:/127.0.0.1:56492 - R:localhost/127.0.0.1:44337]
15:21:51.532 [Test worker] DEBUG net.serenitybdd.core.photography.Darkroom - Send negative for processing for C:\Users\Usuario\Documents\retoAutomatizacion\e2e\RetoDemoBlaze\target\site\serenity\6afd3f638466c16656ea24c58133ce20c8e216def5981b5fdfccfd583ee1d36d.png
15:21:51.532 [Darkroom Processing Line] DEBUG net.serenitybdd.core.photography.DarkroomProcessingLine - Processing screenshot image in /var/screenshots/screenshot-8667091698490393321
15:21:51.532 [Darkroom Processing Line] DEBUG net.serenitybdd.core.photography.DarkroomProcessingLine - Saving screenshot to C:\Users\Usuario\Documents\retoAutomatizacion\e2e\RetoDemoBlaze\target\site\serenity\6afd3f638466c16656ea24c58133ce20c8e216def5981b5fdfccfd583ee1d36d.png
15:21:51.541 [Forwarding getPageSource on session e66592ae6358f7f0d393909f22180203 to remote] DEBUG org.asynchttpclient.netty.request.NettyRequestSender - Using pooled Channel '[id: 0xe2458fda, L:/127.0.0.1:56492 - R:localhost/127.0.0.1:44337]' for 'POST' to 'http://localhost:44337/session/e66592ae6358f7f0d393909f22180203/execute/sync'
15:21:51.541 [Forwarding getPageSource on session e66592ae6358f7f0d393909f22180203 to remote] DEBUG org.asynchttpclient.netty.request.NettyRequestSender - Using open Channel [id: 0xe2458fda, L:/127.0.0.1:56492 - R:localhost/127.0.0.1:44337] for POST '/session/e66592ae6358f7f0d393909f22180203/execute/sync'
15:21:51.550 [AsyncHttpClient-1-2] DEBUG org.asynchttpclient.netty.handler.HttpHandler - 

Request DefaultHttpRequest(decodeResult: success, version: HTTP/1.1)
POST /session/e66592ae6358f7f0d393909f22180203/execute/sync HTTP/1.1
User-Agent: selenium/4.6.0 (java windows)
Content-Length: 176
Content-Type: application/json; charset=utf-8
host: localhost:44337
accept: */*

Response DefaultHttpResponse(decodeResult: success, version: HTTP/1.1)
HTTP/1.1 200 OK
Content-Type: application/json; charset=utf-8
cache-control: no-cache
content-length: 57649

15:21:51.550 [AsyncHttpClient-1-2] DEBUG org.asynchttpclient.netty.channel.ChannelManager - Adding key: http://localhost:44337 for channel [id: 0xe2458fda, L:/127.0.0.1:56492 - R:localhost/127.0.0.1:44337]
15:21:51.562 [Forwarding getCurrentUrl on session e66592ae6358f7f0d393909f22180203 to remote] DEBUG org.asynchttpclient.netty.request.NettyRequestSender - Using pooled Channel '[id: 0xe2458fda, L:/127.0.0.1:56492 - R:localhost/127.0.0.1:44337]' for 'GET' to 'http://localhost:44337/session/e66592ae6358f7f0d393909f22180203/url'
15:21:51.562 [Forwarding getCurrentUrl on session e66592ae6358f7f0d393909f22180203 to remote] DEBUG org.asynchttpclient.netty.request.NettyRequestSender - Using open Channel [id: 0xe2458fda, L:/127.0.0.1:56492 - R:localhost/127.0.0.1:44337] for GET '/session/e66592ae6358f7f0d393909f22180203/url'
15:21:51.566 [AsyncHttpClient-1-2] DEBUG org.asynchttpclient.netty.handler.HttpHandler - 

Request DefaultFullHttpRequest(decodeResult: success, version: HTTP/1.1, content: EmptyByteBufBE)
GET /session/e66592ae6358f7f0d393909f22180203/url HTTP/1.1
User-Agent: selenium/4.6.0 (java windows)
Cache-Control: no-cache
Content-Type: application/json; charset=utf-8
host: localhost:44337
accept: */*

Response DefaultHttpResponse(decodeResult: success, version: HTTP/1.1)
HTTP/1.1 200 OK
Content-Type: application/json; charset=utf-8
cache-control: no-cache
content-length: 38

15:21:51.567 [AsyncHttpClient-1-2] DEBUG org.asynchttpclient.netty.channel.ChannelManager - Adding key: http://localhost:44337 for channel [id: 0xe2458fda, L:/127.0.0.1:56492 - R:localhost/127.0.0.1:44337]
15:21:51.572 [Test worker] DEBUG net.thucydides.core.steps.StepInterceptor - STARTING STEP: Login.performAs - {0} clicks on #target
15:21:51.573 [Test worker] DEBUG net.serenitybdd.screenplay.targets.IFrameSwitcher - default content already selected for Log in
15:21:51.628 [Forwarding findElement on session e66592ae6358f7f0d393909f22180203 to remote] DEBUG org.asynchttpclient.netty.request.NettyRequestSender - Using pooled Channel '[id: 0xe2458fda, L:/127.0.0.1:56492 - R:localhost/127.0.0.1:44337]' for 'POST' to 'http://localhost:44337/session/e66592ae6358f7f0d393909f22180203/element'
15:21:51.628 [Forwarding findElement on session e66592ae6358f7f0d393909f22180203 to remote] DEBUG org.asynchttpclient.netty.request.NettyRequestSender - Using open Channel [id: 0xe2458fda, L:/127.0.0.1:56492 - R:localhost/127.0.0.1:44337] for POST '/session/e66592ae6358f7f0d393909f22180203/element'
15:21:51.640 [AsyncHttpClient-1-2] DEBUG org.asynchttpclient.netty.handler.HttpHandler - 

Request DefaultHttpRequest(decodeResult: success, version: HTTP/1.1)
POST /session/e66592ae6358f7f0d393909f22180203/element HTTP/1.1
User-Agent: selenium/4.6.0 (java windows)
Content-Length: 51
Content-Type: application/json; charset=utf-8
host: localhost:44337
accept: */*

Response DefaultHttpResponse(decodeResult: success, version: HTTP/1.1)
HTTP/1.1 200 OK
Content-Type: application/json; charset=utf-8
cache-control: no-cache
content-length: 95

15:21:51.640 [AsyncHttpClient-1-2] DEBUG org.asynchttpclient.netty.channel.ChannelManager - Adding key: http://localhost:44337 for channel [id: 0xe2458fda, L:/127.0.0.1:56492 - R:localhost/127.0.0.1:44337]
15:21:51.656 [Forwarding isElementDisplayed on session e66592ae6358f7f0d393909f22180203 to remote] DEBUG org.asynchttpclient.netty.request.NettyRequestSender - Using pooled Channel '[id: 0xe2458fda, L:/127.0.0.1:56492 - R:localhost/127.0.0.1:44337]' for 'POST' to 'http://localhost:44337/session/e66592ae6358f7f0d393909f22180203/execute/sync'
15:21:51.657 [Forwarding isElementDisplayed on session e66592ae6358f7f0d393909f22180203 to remote] DEBUG org.asynchttpclient.netty.request.NettyRequestSender - Using open Channel [id: 0xe2458fda, L:/127.0.0.1:56492 - R:localhost/127.0.0.1:44337] for POST '/session/e66592ae6358f7f0d393909f22180203/execute/sync'
15:21:51.672 [AsyncHttpClient-1-2] DEBUG org.asynchttpclient.netty.handler.HttpHandler - 

Request DefaultHttpRequest(decodeResult: success, version: HTTP/1.1)
POST /session/e66592ae6358f7f0d393909f22180203/execute/sync HTTP/1.1
User-Agent: selenium/4.6.0 (java windows)
Content-Length: 48787
Content-Type: application/json; charset=utf-8
host: localhost:44337
accept: */*

Response DefaultHttpResponse(decodeResult: success, version: HTTP/1.1)
HTTP/1.1 200 OK
Content-Type: application/json; charset=utf-8
cache-control: no-cache
content-length: 14

15:21:51.672 [AsyncHttpClient-1-2] DEBUG org.asynchttpclient.netty.channel.ChannelManager - Adding key: http://localhost:44337 for channel [id: 0xe2458fda, L:/127.0.0.1:56492 - R:localhost/127.0.0.1:44337]
15:21:51.689 [Forwarding findElement on session e66592ae6358f7f0d393909f22180203 to remote] DEBUG org.asynchttpclient.netty.request.NettyRequestSender - Using pooled Channel '[id: 0xe2458fda, L:/127.0.0.1:56492 - R:localhost/127.0.0.1:44337]' for 'POST' to 'http://localhost:44337/session/e66592ae6358f7f0d393909f22180203/element'
15:21:51.689 [Forwarding findElement on session e66592ae6358f7f0d393909f22180203 to remote] DEBUG org.asynchttpclient.netty.request.NettyRequestSender - Using open Channel [id: 0xe2458fda, L:/127.0.0.1:56492 - R:localhost/127.0.0.1:44337] for POST '/session/e66592ae6358f7f0d393909f22180203/element'
15:21:51.699 [AsyncHttpClient-1-2] DEBUG org.asynchttpclient.netty.handler.HttpHandler - 

Request DefaultHttpRequest(decodeResult: success, version: HTTP/1.1)
POST /session/e66592ae6358f7f0d393909f22180203/element HTTP/1.1
User-Agent: selenium/4.6.0 (java windows)
Content-Length: 51
Content-Type: application/json; charset=utf-8
host: localhost:44337
accept: */*

Response DefaultHttpResponse(decodeResult: success, version: HTTP/1.1)
HTTP/1.1 200 OK
Content-Type: application/json; charset=utf-8
cache-control: no-cache
content-length: 95

15:21:51.699 [AsyncHttpClient-1-2] DEBUG org.asynchttpclient.netty.channel.ChannelManager - Adding key: http://localhost:44337 for channel [id: 0xe2458fda, L:/127.0.0.1:56492 - R:localhost/127.0.0.1:44337]
15:21:51.701 [Forwarding clickElement on session e66592ae6358f7f0d393909f22180203 to remote] DEBUG org.asynchttpclient.netty.request.NettyRequestSender - Using pooled Channel '[id: 0xe2458fda, L:/127.0.0.1:56492 - R:localhost/127.0.0.1:44337]' for 'POST' to 'http://localhost:44337/session/e66592ae6358f7f0d393909f22180203/element/537873F56A7B1477BCF289808A98FA30_element_69/click'
15:21:51.701 [Forwarding clickElement on session e66592ae6358f7f0d393909f22180203 to remote] DEBUG org.asynchttpclient.netty.request.NettyRequestSender - Using open Channel [id: 0xe2458fda, L:/127.0.0.1:56492 - R:localhost/127.0.0.1:44337] for POST '/session/e66592ae6358f7f0d393909f22180203/element/537873F56A7B1477BCF289808A98FA30_element_69/click'
15:21:51.748 [AsyncHttpClient-1-2] DEBUG org.asynchttpclient.netty.handler.HttpHandler - 

Request DefaultHttpRequest(decodeResult: success, version: HTTP/1.1)
POST /session/e66592ae6358f7f0d393909f22180203/element/537873F56A7B1477BCF289808A98FA30_element_69/click HTTP/1.1
User-Agent: selenium/4.6.0 (java windows)
Content-Length: 57
Content-Type: application/json; charset=utf-8
host: localhost:44337
accept: */*

Response DefaultHttpResponse(decodeResult: success, version: HTTP/1.1)
HTTP/1.1 200 OK
Content-Type: application/json; charset=utf-8
cache-control: no-cache
content-length: 14

15:21:51.748 [AsyncHttpClient-1-2] DEBUG org.asynchttpclient.netty.channel.ChannelManager - Adding key: http://localhost:44337 for channel [id: 0xe2458fda, L:/127.0.0.1:56492 - R:localhost/127.0.0.1:44337]
15:21:51.793 [Forwarding getCurrentWindowHandle on session e66592ae6358f7f0d393909f22180203 to remote] DEBUG org.asynchttpclient.netty.request.NettyRequestSender - Using pooled Channel '[id: 0xe2458fda, L:/127.0.0.1:56492 - R:localhost/127.0.0.1:44337]' for 'GET' to 'http://localhost:44337/session/e66592ae6358f7f0d393909f22180203/window'
15:21:51.793 [Forwarding getCurrentWindowHandle on session e66592ae6358f7f0d393909f22180203 to remote] DEBUG org.asynchttpclient.netty.request.NettyRequestSender - Using open Channel [id: 0xe2458fda, L:/127.0.0.1:56492 - R:localhost/127.0.0.1:44337] for GET '/session/e66592ae6358f7f0d393909f22180203/window'
15:21:51.798 [AsyncHttpClient-1-2] DEBUG org.asynchttpclient.netty.handler.HttpHandler - 

Request DefaultFullHttpRequest(decodeResult: success, version: HTTP/1.1, content: EmptyByteBufBE)
GET /session/e66592ae6358f7f0d393909f22180203/window HTTP/1.1
User-Agent: selenium/4.6.0 (java windows)
Cache-Control: no-cache
Content-Type: application/json; charset=utf-8
host: localhost:44337
accept: */*

Response DefaultHttpResponse(decodeResult: success, version: HTTP/1.1)
HTTP/1.1 200 OK
Content-Type: application/json; charset=utf-8
cache-control: no-cache
content-length: 44

15:21:51.798 [AsyncHttpClient-1-2] DEBUG org.asynchttpclient.netty.channel.ChannelManager - Adding key: http://localhost:44337 for channel [id: 0xe2458fda, L:/127.0.0.1:56492 - R:localhost/127.0.0.1:44337]
15:21:51.814 [Forwarding getAlertText on session e66592ae6358f7f0d393909f22180203 to remote] DEBUG org.asynchttpclient.netty.request.NettyRequestSender - Using pooled Channel '[id: 0xe2458fda, L:/127.0.0.1:56492 - R:localhost/127.0.0.1:44337]' for 'GET' to 'http://localhost:44337/session/e66592ae6358f7f0d393909f22180203/alert/text'
15:21:51.814 [Forwarding getAlertText on session e66592ae6358f7f0d393909f22180203 to remote] DEBUG org.asynchttpclient.netty.request.NettyRequestSender - Using open Channel [id: 0xe2458fda, L:/127.0.0.1:56492 - R:localhost/127.0.0.1:44337] for GET '/session/e66592ae6358f7f0d393909f22180203/alert/text'
15:21:51.817 [AsyncHttpClient-1-2] DEBUG org.asynchttpclient.netty.handler.HttpHandler - 

Request DefaultFullHttpRequest(decodeResult: success, version: HTTP/1.1, content: EmptyByteBufBE)
GET /session/e66592ae6358f7f0d393909f22180203/alert/text HTTP/1.1
User-Agent: selenium/4.6.0 (java windows)
Cache-Control: no-cache
Content-Type: application/json; charset=utf-8
host: localhost:44337
accept: */*

Response DefaultHttpResponse(decodeResult: success, version: HTTP/1.1)
HTTP/1.1 404 Not Found
Content-Type: application/json; charset=utf-8
cache-control: no-cache
content-length: 848

15:21:51.818 [AsyncHttpClient-1-2] DEBUG org.asynchttpclient.netty.channel.ChannelManager - Adding key: http://localhost:44337 for channel [id: 0xe2458fda, L:/127.0.0.1:56492 - R:localhost/127.0.0.1:44337]
15:21:51.850 [Forwarding switchToWindow on session e66592ae6358f7f0d393909f22180203 to remote] DEBUG org.asynchttpclient.netty.request.NettyRequestSender - Using pooled Channel '[id: 0xe2458fda, L:/127.0.0.1:56492 - R:localhost/127.0.0.1:44337]' for 'POST' to 'http://localhost:44337/session/e66592ae6358f7f0d393909f22180203/window'
15:21:51.850 [Forwarding switchToWindow on session e66592ae6358f7f0d393909f22180203 to remote] DEBUG org.asynchttpclient.netty.request.NettyRequestSender - Using open Channel [id: 0xe2458fda, L:/127.0.0.1:56492 - R:localhost/127.0.0.1:44337] for POST '/session/e66592ae6358f7f0d393909f22180203/window'
15:21:51.851 [AsyncHttpClient-1-2] DEBUG org.asynchttpclient.netty.handler.HttpHandler - 

Request DefaultHttpRequest(decodeResult: success, version: HTTP/1.1)
POST /session/e66592ae6358f7f0d393909f22180203/window HTTP/1.1
User-Agent: selenium/4.6.0 (java windows)
Content-Length: 50
Content-Type: application/json; charset=utf-8
host: localhost:44337
accept: */*

Response DefaultHttpResponse(decodeResult: success, version: HTTP/1.1)
HTTP/1.1 200 OK
Content-Type: application/json; charset=utf-8
cache-control: no-cache
content-length: 14

15:21:51.853 [AsyncHttpClient-1-2] DEBUG org.asynchttpclient.netty.channel.ChannelManager - Adding key: http://localhost:44337 for channel [id: 0xe2458fda, L:/127.0.0.1:56492 - R:localhost/127.0.0.1:44337]
15:21:51.854 [Forwarding getCurrentUrl on session e66592ae6358f7f0d393909f22180203 to remote] DEBUG org.asynchttpclient.netty.request.NettyRequestSender - Using pooled Channel '[id: 0xe2458fda, L:/127.0.0.1:56492 - R:localhost/127.0.0.1:44337]' for 'GET' to 'http://localhost:44337/session/e66592ae6358f7f0d393909f22180203/url'
15:21:51.854 [Forwarding getCurrentUrl on session e66592ae6358f7f0d393909f22180203 to remote] DEBUG org.asynchttpclient.netty.request.NettyRequestSender - Using open Channel [id: 0xe2458fda, L:/127.0.0.1:56492 - R:localhost/127.0.0.1:44337] for GET '/session/e66592ae6358f7f0d393909f22180203/url'
15:21:51.857 [AsyncHttpClient-1-2] DEBUG org.asynchttpclient.netty.handler.HttpHandler - 

Request DefaultFullHttpRequest(decodeResult: success, version: HTTP/1.1, content: EmptyByteBufBE)
GET /session/e66592ae6358f7f0d393909f22180203/url HTTP/1.1
User-Agent: selenium/4.6.0 (java windows)
Cache-Control: no-cache
Content-Type: application/json; charset=utf-8
host: localhost:44337
accept: */*

Response DefaultHttpResponse(decodeResult: success, version: HTTP/1.1)
HTTP/1.1 200 OK
Content-Type: application/json; charset=utf-8
cache-control: no-cache
content-length: 38

15:21:51.858 [AsyncHttpClient-1-2] DEBUG org.asynchttpclient.netty.channel.ChannelManager - Adding key: http://localhost:44337 for channel [id: 0xe2458fda, L:/127.0.0.1:56492 - R:localhost/127.0.0.1:44337]
15:21:51.858 [Forwarding screenshot on session e66592ae6358f7f0d393909f22180203 to remote] DEBUG org.asynchttpclient.netty.request.NettyRequestSender - Using pooled Channel '[id: 0xe2458fda, L:/127.0.0.1:56492 - R:localhost/127.0.0.1:44337]' for 'GET' to 'http://localhost:44337/session/e66592ae6358f7f0d393909f22180203/screenshot'
15:21:51.859 [Forwarding screenshot on session e66592ae6358f7f0d393909f22180203 to remote] DEBUG org.asynchttpclient.netty.request.NettyRequestSender - Using open Channel [id: 0xe2458fda, L:/127.0.0.1:56492 - R:localhost/127.0.0.1:44337] for GET '/session/e66592ae6358f7f0d393909f22180203/screenshot'
15:21:51.942 [AsyncHttpClient-1-1] DEBUG org.asynchttpclient.netty.channel.DefaultChannelPool - Entry count for : http://localhost:56493 : 1
15:21:52.126 [AsyncHttpClient-1-2] DEBUG org.asynchttpclient.netty.handler.HttpHandler - 

Request DefaultFullHttpRequest(decodeResult: success, version: HTTP/1.1, content: EmptyByteBufBE)
GET /session/e66592ae6358f7f0d393909f22180203/screenshot HTTP/1.1
User-Agent: selenium/4.6.0 (java windows)
Cache-Control: no-cache
Content-Type: application/json; charset=utf-8
host: localhost:44337
accept: */*

Response DefaultHttpResponse(decodeResult: success, version: HTTP/1.1)
HTTP/1.1 200 OK
Content-Type: application/json; charset=utf-8
cache-control: no-cache
content-length: 582644

15:21:52.129 [AsyncHttpClient-1-2] DEBUG org.asynchttpclient.netty.channel.ChannelManager - Adding key: http://localhost:44337 for channel [id: 0xe2458fda, L:/127.0.0.1:56492 - R:localhost/127.0.0.1:44337]
15:21:52.138 [Test worker] DEBUG net.serenitybdd.core.photography.Darkroom - Send negative for processing for C:\Users\Usuario\Documents\retoAutomatizacion\e2e\RetoDemoBlaze\target\site\serenity\93e4c02eee79dd468930e40857978da57b4c76cd5bd0f4eaa173a2b4aadf80c1.png
15:21:52.139 [Darkroom Processing Line] DEBUG net.serenitybdd.core.photography.DarkroomProcessingLine - Processing screenshot image in /var/screenshots/screenshot-4680406738930121314
15:21:52.139 [Darkroom Processing Line] DEBUG net.serenitybdd.core.photography.DarkroomProcessingLine - Saving screenshot to C:\Users\Usuario\Documents\retoAutomatizacion\e2e\RetoDemoBlaze\target\site\serenity\93e4c02eee79dd468930e40857978da57b4c76cd5bd0f4eaa173a2b4aadf80c1.png
15:21:52.139 [Test worker] DEBUG net.thucydides.core.steps.StepInterceptor - STEP DONE: {0} clicks on #target
15:21:52.158 [Test worker] DEBUG net.serenitybdd.screenplay.targets.IFrameSwitcher - default content already selected for username
15:21:52.166 [Forwarding findElements on session e66592ae6358f7f0d393909f22180203 to remote] DEBUG org.asynchttpclient.netty.request.NettyRequestSender - Using pooled Channel '[id: 0xe2458fda, L:/127.0.0.1:56492 - R:localhost/127.0.0.1:44337]' for 'POST' to 'http://localhost:44337/session/e66592ae6358f7f0d393909f22180203/elements'
15:21:52.166 [Forwarding findElements on session e66592ae6358f7f0d393909f22180203 to remote] DEBUG org.asynchttpclient.netty.request.NettyRequestSender - Using open Channel [id: 0xe2458fda, L:/127.0.0.1:56492 - R:localhost/127.0.0.1:44337] for POST '/session/e66592ae6358f7f0d393909f22180203/elements'
15:21:52.180 [AsyncHttpClient-1-2] DEBUG org.asynchttpclient.netty.handler.HttpHandler - 

Request DefaultHttpRequest(decodeResult: success, version: HTTP/1.1)
POST /session/e66592ae6358f7f0d393909f22180203/elements HTTP/1.1
User-Agent: selenium/4.6.0 (java windows)
Content-Length: 58
Content-Type: application/json; charset=utf-8
host: localhost:44337
accept: */*

Response DefaultHttpResponse(decodeResult: success, version: HTTP/1.1)
HTTP/1.1 200 OK
Content-Type: application/json; charset=utf-8
cache-control: no-cache
content-length: 97

15:21:52.180 [AsyncHttpClient-1-2] DEBUG org.asynchttpclient.netty.channel.ChannelManager - Adding key: http://localhost:44337 for channel [id: 0xe2458fda, L:/127.0.0.1:56492 - R:localhost/127.0.0.1:44337]
15:21:52.203 [Forwarding isElementDisplayed on session e66592ae6358f7f0d393909f22180203 to remote] DEBUG org.asynchttpclient.netty.request.NettyRequestSender - Using pooled Channel '[id: 0xe2458fda, L:/127.0.0.1:56492 - R:localhost/127.0.0.1:44337]' for 'POST' to 'http://localhost:44337/session/e66592ae6358f7f0d393909f22180203/execute/sync'
15:21:52.203 [Forwarding isElementDisplayed on session e66592ae6358f7f0d393909f22180203 to remote] DEBUG org.asynchttpclient.netty.request.NettyRequestSender - Using open Channel [id: 0xe2458fda, L:/127.0.0.1:56492 - R:localhost/127.0.0.1:44337] for POST '/session/e66592ae6358f7f0d393909f22180203/execute/sync'
15:21:52.218 [AsyncHttpClient-1-2] DEBUG org.asynchttpclient.netty.handler.HttpHandler - 

Request DefaultHttpRequest(decodeResult: success, version: HTTP/1.1)
POST /session/e66592ae6358f7f0d393909f22180203/execute/sync HTTP/1.1
User-Agent: selenium/4.6.0 (java windows)
Content-Length: 48787
Content-Type: application/json; charset=utf-8
host: localhost:44337
accept: */*

Response DefaultHttpResponse(decodeResult: success, version: HTTP/1.1)
HTTP/1.1 200 OK
Content-Type: application/json; charset=utf-8
cache-control: no-cache
content-length: 14

15:21:52.219 [AsyncHttpClient-1-2] DEBUG org.asynchttpclient.netty.channel.ChannelManager - Adding key: http://localhost:44337 for channel [id: 0xe2458fda, L:/127.0.0.1:56492 - R:localhost/127.0.0.1:44337]
15:21:52.223 [Forwarding isElementDisplayed on session e66592ae6358f7f0d393909f22180203 to remote] DEBUG org.asynchttpclient.netty.request.NettyRequestSender - Using pooled Channel '[id: 0xe2458fda, L:/127.0.0.1:56492 - R:localhost/127.0.0.1:44337]' for 'POST' to 'http://localhost:44337/session/e66592ae6358f7f0d393909f22180203/execute/sync'
15:21:52.223 [Forwarding isElementDisplayed on session e66592ae6358f7f0d393909f22180203 to remote] DEBUG org.asynchttpclient.netty.request.NettyRequestSender - Using open Channel [id: 0xe2458fda, L:/127.0.0.1:56492 - R:localhost/127.0.0.1:44337] for POST '/session/e66592ae6358f7f0d393909f22180203/execute/sync'
15:21:52.240 [AsyncHttpClient-1-2] DEBUG org.asynchttpclient.netty.handler.HttpHandler - 

Request DefaultHttpRequest(decodeResult: success, version: HTTP/1.1)
POST /session/e66592ae6358f7f0d393909f22180203/execute/sync HTTP/1.1
User-Agent: selenium/4.6.0 (java windows)
Content-Length: 48787
Content-Type: application/json; charset=utf-8
host: localhost:44337
accept: */*

Response DefaultHttpResponse(decodeResult: success, version: HTTP/1.1)
HTTP/1.1 200 OK
Content-Type: application/json; charset=utf-8
cache-control: no-cache
content-length: 14

15:21:52.240 [AsyncHttpClient-1-2] DEBUG org.asynchttpclient.netty.channel.ChannelManager - Adding key: http://localhost:44337 for channel [id: 0xe2458fda, L:/127.0.0.1:56492 - R:localhost/127.0.0.1:44337]
15:21:52.275 [Forwarding getCurrentWindowHandle on session e66592ae6358f7f0d393909f22180203 to remote] DEBUG org.asynchttpclient.netty.request.NettyRequestSender - Using pooled Channel '[id: 0xe2458fda, L:/127.0.0.1:56492 - R:localhost/127.0.0.1:44337]' for 'GET' to 'http://localhost:44337/session/e66592ae6358f7f0d393909f22180203/window'
15:21:52.275 [Forwarding getCurrentWindowHandle on session e66592ae6358f7f0d393909f22180203 to remote] DEBUG org.asynchttpclient.netty.request.NettyRequestSender - Using open Channel [id: 0xe2458fda, L:/127.0.0.1:56492 - R:localhost/127.0.0.1:44337] for GET '/session/e66592ae6358f7f0d393909f22180203/window'
15:21:52.280 [AsyncHttpClient-1-2] DEBUG org.asynchttpclient.netty.handler.HttpHandler - 

Request DefaultFullHttpRequest(decodeResult: success, version: HTTP/1.1, content: EmptyByteBufBE)
GET /session/e66592ae6358f7f0d393909f22180203/window HTTP/1.1
User-Agent: selenium/4.6.0 (java windows)
Cache-Control: no-cache
Content-Type: application/json; charset=utf-8
host: localhost:44337
accept: */*

Response DefaultHttpResponse(decodeResult: success, version: HTTP/1.1)
HTTP/1.1 200 OK
Content-Type: application/json; charset=utf-8
cache-control: no-cache
content-length: 44

15:21:52.281 [AsyncHttpClient-1-2] DEBUG org.asynchttpclient.netty.channel.ChannelManager - Adding key: http://localhost:44337 for channel [id: 0xe2458fda, L:/127.0.0.1:56492 - R:localhost/127.0.0.1:44337]
15:21:52.291 [Forwarding getAlertText on session e66592ae6358f7f0d393909f22180203 to remote] DEBUG org.asynchttpclient.netty.request.NettyRequestSender - Using pooled Channel '[id: 0xe2458fda, L:/127.0.0.1:56492 - R:localhost/127.0.0.1:44337]' for 'GET' to 'http://localhost:44337/session/e66592ae6358f7f0d393909f22180203/alert/text'
15:21:52.291 [Forwarding getAlertText on session e66592ae6358f7f0d393909f22180203 to remote] DEBUG org.asynchttpclient.netty.request.NettyRequestSender - Using open Channel [id: 0xe2458fda, L:/127.0.0.1:56492 - R:localhost/127.0.0.1:44337] for GET '/session/e66592ae6358f7f0d393909f22180203/alert/text'
15:21:52.295 [AsyncHttpClient-1-2] DEBUG org.asynchttpclient.netty.handler.HttpHandler - 

Request DefaultFullHttpRequest(decodeResult: success, version: HTTP/1.1, content: EmptyByteBufBE)
GET /session/e66592ae6358f7f0d393909f22180203/alert/text HTTP/1.1
User-Agent: selenium/4.6.0 (java windows)
Cache-Control: no-cache
Content-Type: application/json; charset=utf-8
host: localhost:44337
accept: */*

Response DefaultHttpResponse(decodeResult: success, version: HTTP/1.1)
HTTP/1.1 404 Not Found
Content-Type: application/json; charset=utf-8
cache-control: no-cache
content-length: 848

15:21:52.295 [AsyncHttpClient-1-2] DEBUG org.asynchttpclient.netty.channel.ChannelManager - Adding key: http://localhost:44337 for channel [id: 0xe2458fda, L:/127.0.0.1:56492 - R:localhost/127.0.0.1:44337]
15:21:52.304 [Forwarding switchToWindow on session e66592ae6358f7f0d393909f22180203 to remote] DEBUG org.asynchttpclient.netty.request.NettyRequestSender - Using pooled Channel '[id: 0xe2458fda, L:/127.0.0.1:56492 - R:localhost/127.0.0.1:44337]' for 'POST' to 'http://localhost:44337/session/e66592ae6358f7f0d393909f22180203/window'
15:21:52.304 [Forwarding switchToWindow on session e66592ae6358f7f0d393909f22180203 to remote] DEBUG org.asynchttpclient.netty.request.NettyRequestSender - Using open Channel [id: 0xe2458fda, L:/127.0.0.1:56492 - R:localhost/127.0.0.1:44337] for POST '/session/e66592ae6358f7f0d393909f22180203/window'
15:21:52.306 [AsyncHttpClient-1-2] DEBUG org.asynchttpclient.netty.handler.HttpHandler - 

Request DefaultHttpRequest(decodeResult: success, version: HTTP/1.1)
POST /session/e66592ae6358f7f0d393909f22180203/window HTTP/1.1
User-Agent: selenium/4.6.0 (java windows)
Content-Length: 50
Content-Type: application/json; charset=utf-8
host: localhost:44337
accept: */*

Response DefaultHttpResponse(decodeResult: success, version: HTTP/1.1)
HTTP/1.1 200 OK
Content-Type: application/json; charset=utf-8
cache-control: no-cache
content-length: 14

15:21:52.306 [AsyncHttpClient-1-2] DEBUG org.asynchttpclient.netty.channel.ChannelManager - Adding key: http://localhost:44337 for channel [id: 0xe2458fda, L:/127.0.0.1:56492 - R:localhost/127.0.0.1:44337]
15:21:52.307 [Forwarding getCurrentUrl on session e66592ae6358f7f0d393909f22180203 to remote] DEBUG org.asynchttpclient.netty.request.NettyRequestSender - Using pooled Channel '[id: 0xe2458fda, L:/127.0.0.1:56492 - R:localhost/127.0.0.1:44337]' for 'GET' to 'http://localhost:44337/session/e66592ae6358f7f0d393909f22180203/url'
15:21:52.307 [Forwarding getCurrentUrl on session e66592ae6358f7f0d393909f22180203 to remote] DEBUG org.asynchttpclient.netty.request.NettyRequestSender - Using open Channel [id: 0xe2458fda, L:/127.0.0.1:56492 - R:localhost/127.0.0.1:44337] for GET '/session/e66592ae6358f7f0d393909f22180203/url'
15:21:52.314 [AsyncHttpClient-1-2] DEBUG org.asynchttpclient.netty.handler.HttpHandler - 

Request DefaultFullHttpRequest(decodeResult: success, version: HTTP/1.1, content: EmptyByteBufBE)
GET /session/e66592ae6358f7f0d393909f22180203/url HTTP/1.1
User-Agent: selenium/4.6.0 (java windows)
Cache-Control: no-cache
Content-Type: application/json; charset=utf-8
host: localhost:44337
accept: */*

Response DefaultHttpResponse(decodeResult: success, version: HTTP/1.1)
HTTP/1.1 200 OK
Content-Type: application/json; charset=utf-8
cache-control: no-cache
content-length: 38

15:21:52.314 [AsyncHttpClient-1-2] DEBUG org.asynchttpclient.netty.channel.ChannelManager - Adding key: http://localhost:44337 for channel [id: 0xe2458fda, L:/127.0.0.1:56492 - R:localhost/127.0.0.1:44337]
15:21:52.315 [Forwarding screenshot on session e66592ae6358f7f0d393909f22180203 to remote] DEBUG org.asynchttpclient.netty.request.NettyRequestSender - Using pooled Channel '[id: 0xe2458fda, L:/127.0.0.1:56492 - R:localhost/127.0.0.1:44337]' for 'GET' to 'http://localhost:44337/session/e66592ae6358f7f0d393909f22180203/screenshot'
15:21:52.315 [Forwarding screenshot on session e66592ae6358f7f0d393909f22180203 to remote] DEBUG org.asynchttpclient.netty.request.NettyRequestSender - Using open Channel [id: 0xe2458fda, L:/127.0.0.1:56492 - R:localhost/127.0.0.1:44337] for GET '/session/e66592ae6358f7f0d393909f22180203/screenshot'
15:21:52.543 [AsyncHttpClient-1-2] DEBUG org.asynchttpclient.netty.handler.HttpHandler - 

Request DefaultFullHttpRequest(decodeResult: success, version: HTTP/1.1, content: EmptyByteBufBE)
GET /session/e66592ae6358f7f0d393909f22180203/screenshot HTTP/1.1
User-Agent: selenium/4.6.0 (java windows)
Cache-Control: no-cache
Content-Type: application/json; charset=utf-8
host: localhost:44337
accept: */*

Response DefaultHttpResponse(decodeResult: success, version: HTTP/1.1)
HTTP/1.1 200 OK
Content-Type: application/json; charset=utf-8
cache-control: no-cache
content-length: 423104

15:21:52.544 [AsyncHttpClient-1-2] DEBUG org.asynchttpclient.netty.channel.ChannelManager - Adding key: http://localhost:44337 for channel [id: 0xe2458fda, L:/127.0.0.1:56492 - R:localhost/127.0.0.1:44337]
15:21:52.550 [Test worker] DEBUG net.serenitybdd.core.photography.Darkroom - Send negative for processing for C:\Users\Usuario\Documents\retoAutomatizacion\e2e\RetoDemoBlaze\target\site\serenity\ba2606677ed198711b4eea40660bba20592de52a3fc94ecb0e0e0368402d601e.png
15:21:52.551 [Darkroom Processing Line] DEBUG net.serenitybdd.core.photography.DarkroomProcessingLine - Processing screenshot image in /var/screenshots/screenshot-16154474277600349118
15:21:52.551 [Darkroom Processing Line] DEBUG net.serenitybdd.core.photography.DarkroomProcessingLine - Saving screenshot to C:\Users\Usuario\Documents\retoAutomatizacion\e2e\RetoDemoBlaze\target\site\serenity\ba2606677ed198711b4eea40660bba20592de52a3fc94ecb0e0e0368402d601e.png
15:21:52.556 [Forwarding getPageSource on session e66592ae6358f7f0d393909f22180203 to remote] DEBUG org.asynchttpclient.netty.request.NettyRequestSender - Using pooled Channel '[id: 0xe2458fda, L:/127.0.0.1:56492 - R:localhost/127.0.0.1:44337]' for 'POST' to 'http://localhost:44337/session/e66592ae6358f7f0d393909f22180203/execute/sync'
15:21:52.556 [Forwarding getPageSource on session e66592ae6358f7f0d393909f22180203 to remote] DEBUG org.asynchttpclient.netty.request.NettyRequestSender - Using open Channel [id: 0xe2458fda, L:/127.0.0.1:56492 - R:localhost/127.0.0.1:44337] for POST '/session/e66592ae6358f7f0d393909f22180203/execute/sync'
15:21:52.565 [AsyncHttpClient-1-2] DEBUG org.asynchttpclient.netty.handler.HttpHandler - 

Request DefaultHttpRequest(decodeResult: success, version: HTTP/1.1)
POST /session/e66592ae6358f7f0d393909f22180203/execute/sync HTTP/1.1
User-Agent: selenium/4.6.0 (java windows)
Content-Length: 176
Content-Type: application/json; charset=utf-8
host: localhost:44337
accept: */*

Response DefaultHttpResponse(decodeResult: success, version: HTTP/1.1)
HTTP/1.1 200 OK
Content-Type: application/json; charset=utf-8
cache-control: no-cache
content-length: 57710

15:21:52.566 [AsyncHttpClient-1-2] DEBUG org.asynchttpclient.netty.channel.ChannelManager - Adding key: http://localhost:44337 for channel [id: 0xe2458fda, L:/127.0.0.1:56492 - R:localhost/127.0.0.1:44337]
15:21:52.571 [Forwarding getCurrentUrl on session e66592ae6358f7f0d393909f22180203 to remote] DEBUG org.asynchttpclient.netty.request.NettyRequestSender - Using pooled Channel '[id: 0xe2458fda, L:/127.0.0.1:56492 - R:localhost/127.0.0.1:44337]' for 'GET' to 'http://localhost:44337/session/e66592ae6358f7f0d393909f22180203/url'
15:21:52.571 [Forwarding getCurrentUrl on session e66592ae6358f7f0d393909f22180203 to remote] DEBUG org.asynchttpclient.netty.request.NettyRequestSender - Using open Channel [id: 0xe2458fda, L:/127.0.0.1:56492 - R:localhost/127.0.0.1:44337] for GET '/session/e66592ae6358f7f0d393909f22180203/url'
15:21:52.575 [AsyncHttpClient-1-2] DEBUG org.asynchttpclient.netty.handler.HttpHandler - 

Request DefaultFullHttpRequest(decodeResult: success, version: HTTP/1.1, content: EmptyByteBufBE)
GET /session/e66592ae6358f7f0d393909f22180203/url HTTP/1.1
User-Agent: selenium/4.6.0 (java windows)
Cache-Control: no-cache
Content-Type: application/json; charset=utf-8
host: localhost:44337
accept: */*

Response DefaultHttpResponse(decodeResult: success, version: HTTP/1.1)
HTTP/1.1 200 OK
Content-Type: application/json; charset=utf-8
cache-control: no-cache
content-length: 38

15:21:52.575 [AsyncHttpClient-1-2] DEBUG org.asynchttpclient.netty.channel.ChannelManager - Adding key: http://localhost:44337 for channel [id: 0xe2458fda, L:/127.0.0.1:56492 - R:localhost/127.0.0.1:44337]
15:21:52.577 [Test worker] DEBUG net.thucydides.core.steps.StepInterceptor - STARTING STEP: Login.performAs - {0} enters #theTextAsAString into #target
15:21:52.587 [Test worker] DEBUG net.serenitybdd.screenplay.targets.IFrameSwitcher - default content already selected for username
15:21:52.606 [Forwarding findElement on session e66592ae6358f7f0d393909f22180203 to remote] DEBUG org.asynchttpclient.netty.request.NettyRequestSender - Using pooled Channel '[id: 0xe2458fda, L:/127.0.0.1:56492 - R:localhost/127.0.0.1:44337]' for 'POST' to 'http://localhost:44337/session/e66592ae6358f7f0d393909f22180203/element'
15:21:52.606 [Forwarding findElement on session e66592ae6358f7f0d393909f22180203 to remote] DEBUG org.asynchttpclient.netty.request.NettyRequestSender - Using open Channel [id: 0xe2458fda, L:/127.0.0.1:56492 - R:localhost/127.0.0.1:44337] for POST '/session/e66592ae6358f7f0d393909f22180203/element'
15:21:52.618 [AsyncHttpClient-1-2] DEBUG org.asynchttpclient.netty.handler.HttpHandler - 

Request DefaultHttpRequest(decodeResult: success, version: HTTP/1.1)
POST /session/e66592ae6358f7f0d393909f22180203/element HTTP/1.1
User-Agent: selenium/4.6.0 (java windows)
Content-Length: 58
Content-Type: application/json; charset=utf-8
host: localhost:44337
accept: */*

Response DefaultHttpResponse(decodeResult: success, version: HTTP/1.1)
HTTP/1.1 200 OK
Content-Type: application/json; charset=utf-8
cache-control: no-cache
content-length: 95

15:21:52.618 [AsyncHttpClient-1-2] DEBUG org.asynchttpclient.netty.channel.ChannelManager - Adding key: http://localhost:44337 for channel [id: 0xe2458fda, L:/127.0.0.1:56492 - R:localhost/127.0.0.1:44337]
15:21:52.619 [Forwarding clearElement on session e66592ae6358f7f0d393909f22180203 to remote] DEBUG org.asynchttpclient.netty.request.NettyRequestSender - Using pooled Channel '[id: 0xe2458fda, L:/127.0.0.1:56492 - R:localhost/127.0.0.1:44337]' for 'POST' to 'http://localhost:44337/session/e66592ae6358f7f0d393909f22180203/element/537873F56A7B1477BCF289808A98FA30_element_70/clear'
15:21:52.619 [Forwarding clearElement on session e66592ae6358f7f0d393909f22180203 to remote] DEBUG org.asynchttpclient.netty.request.NettyRequestSender - Using open Channel [id: 0xe2458fda, L:/127.0.0.1:56492 - R:localhost/127.0.0.1:44337] for POST '/session/e66592ae6358f7f0d393909f22180203/element/537873F56A7B1477BCF289808A98FA30_element_70/clear'
15:21:52.654 [AsyncHttpClient-1-2] DEBUG org.asynchttpclient.netty.handler.HttpHandler - 

Request DefaultHttpRequest(decodeResult: success, version: HTTP/1.1)
POST /session/e66592ae6358f7f0d393909f22180203/element/537873F56A7B1477BCF289808A98FA30_element_70/clear HTTP/1.1
User-Agent: selenium/4.6.0 (java windows)
Content-Length: 57
Content-Type: application/json; charset=utf-8
host: localhost:44337
accept: */*

Response DefaultHttpResponse(decodeResult: success, version: HTTP/1.1)
HTTP/1.1 200 OK
Content-Type: application/json; charset=utf-8
cache-control: no-cache
content-length: 14

15:21:52.654 [AsyncHttpClient-1-2] DEBUG org.asynchttpclient.netty.channel.ChannelManager - Adding key: http://localhost:44337 for channel [id: 0xe2458fda, L:/127.0.0.1:56492 - R:localhost/127.0.0.1:44337]
15:21:52.664 [Forwarding sendKeysToElement on session e66592ae6358f7f0d393909f22180203 to remote] DEBUG org.asynchttpclient.netty.request.NettyRequestSender - Using pooled Channel '[id: 0xe2458fda, L:/127.0.0.1:56492 - R:localhost/127.0.0.1:44337]' for 'POST' to 'http://localhost:44337/session/e66592ae6358f7f0d393909f22180203/element/537873F56A7B1477BCF289808A98FA30_element_70/value'
15:21:52.664 [Forwarding sendKeysToElement on session e66592ae6358f7f0d393909f22180203 to remote] DEBUG org.asynchttpclient.netty.request.NettyRequestSender - Using open Channel [id: 0xe2458fda, L:/127.0.0.1:56492 - R:localhost/127.0.0.1:44337] for POST '/session/e66592ae6358f7f0d393909f22180203/element/537873F56A7B1477BCF289808A98FA30_element_70/value'
15:21:52.713 [AsyncHttpClient-1-2] DEBUG org.asynchttpclient.netty.handler.HttpHandler - 

Request DefaultHttpRequest(decodeResult: success, version: HTTP/1.1)
POST /session/e66592ae6358f7f0d393909f22180203/element/537873F56A7B1477BCF289808A98FA30_element_70/value HTTP/1.1
User-Agent: selenium/4.6.0 (java windows)
Content-Length: 208
Content-Type: application/json; charset=utf-8
host: localhost:44337
accept: */*

Response DefaultHttpResponse(decodeResult: success, version: HTTP/1.1)
HTTP/1.1 200 OK
Content-Type: application/json; charset=utf-8
cache-control: no-cache
content-length: 14

15:21:52.713 [AsyncHttpClient-1-2] DEBUG org.asynchttpclient.netty.channel.ChannelManager - Adding key: http://localhost:44337 for channel [id: 0xe2458fda, L:/127.0.0.1:56492 - R:localhost/127.0.0.1:44337]
15:21:52.756 [Forwarding getCurrentWindowHandle on session e66592ae6358f7f0d393909f22180203 to remote] DEBUG org.asynchttpclient.netty.request.NettyRequestSender - Using pooled Channel '[id: 0xe2458fda, L:/127.0.0.1:56492 - R:localhost/127.0.0.1:44337]' for 'GET' to 'http://localhost:44337/session/e66592ae6358f7f0d393909f22180203/window'
15:21:52.756 [Forwarding getCurrentWindowHandle on session e66592ae6358f7f0d393909f22180203 to remote] DEBUG org.asynchttpclient.netty.request.NettyRequestSender - Using open Channel [id: 0xe2458fda, L:/127.0.0.1:56492 - R:localhost/127.0.0.1:44337] for GET '/session/e66592ae6358f7f0d393909f22180203/window'
15:21:52.757 [AsyncHttpClient-1-2] DEBUG org.asynchttpclient.netty.handler.HttpHandler - 

Request DefaultFullHttpRequest(decodeResult: success, version: HTTP/1.1, content: EmptyByteBufBE)
GET /session/e66592ae6358f7f0d393909f22180203/window HTTP/1.1
User-Agent: selenium/4.6.0 (java windows)
Cache-Control: no-cache
Content-Type: application/json; charset=utf-8
host: localhost:44337
accept: */*

Response DefaultHttpResponse(decodeResult: success, version: HTTP/1.1)
HTTP/1.1 200 OK
Content-Type: application/json; charset=utf-8
cache-control: no-cache
content-length: 44

15:21:52.757 [AsyncHttpClient-1-2] DEBUG org.asynchttpclient.netty.channel.ChannelManager - Adding key: http://localhost:44337 for channel [id: 0xe2458fda, L:/127.0.0.1:56492 - R:localhost/127.0.0.1:44337]
15:21:52.766 [Forwarding getAlertText on session e66592ae6358f7f0d393909f22180203 to remote] DEBUG org.asynchttpclient.netty.request.NettyRequestSender - Using pooled Channel '[id: 0xe2458fda, L:/127.0.0.1:56492 - R:localhost/127.0.0.1:44337]' for 'GET' to 'http://localhost:44337/session/e66592ae6358f7f0d393909f22180203/alert/text'
15:21:52.766 [Forwarding getAlertText on session e66592ae6358f7f0d393909f22180203 to remote] DEBUG org.asynchttpclient.netty.request.NettyRequestSender - Using open Channel [id: 0xe2458fda, L:/127.0.0.1:56492 - R:localhost/127.0.0.1:44337] for GET '/session/e66592ae6358f7f0d393909f22180203/alert/text'
15:21:52.771 [AsyncHttpClient-1-2] DEBUG org.asynchttpclient.netty.handler.HttpHandler - 

Request DefaultFullHttpRequest(decodeResult: success, version: HTTP/1.1, content: EmptyByteBufBE)
GET /session/e66592ae6358f7f0d393909f22180203/alert/text HTTP/1.1
User-Agent: selenium/4.6.0 (java windows)
Cache-Control: no-cache
Content-Type: application/json; charset=utf-8
host: localhost:44337
accept: */*

Response DefaultHttpResponse(decodeResult: success, version: HTTP/1.1)
HTTP/1.1 404 Not Found
Content-Type: application/json; charset=utf-8
cache-control: no-cache
content-length: 848

15:21:52.771 [AsyncHttpClient-1-2] DEBUG org.asynchttpclient.netty.channel.ChannelManager - Adding key: http://localhost:44337 for channel [id: 0xe2458fda, L:/127.0.0.1:56492 - R:localhost/127.0.0.1:44337]
15:21:52.781 [Forwarding switchToWindow on session e66592ae6358f7f0d393909f22180203 to remote] DEBUG org.asynchttpclient.netty.request.NettyRequestSender - Using pooled Channel '[id: 0xe2458fda, L:/127.0.0.1:56492 - R:localhost/127.0.0.1:44337]' for 'POST' to 'http://localhost:44337/session/e66592ae6358f7f0d393909f22180203/window'
15:21:52.781 [Forwarding switchToWindow on session e66592ae6358f7f0d393909f22180203 to remote] DEBUG org.asynchttpclient.netty.request.NettyRequestSender - Using open Channel [id: 0xe2458fda, L:/127.0.0.1:56492 - R:localhost/127.0.0.1:44337] for POST '/session/e66592ae6358f7f0d393909f22180203/window'
15:21:52.783 [AsyncHttpClient-1-2] DEBUG org.asynchttpclient.netty.handler.HttpHandler - 

Request DefaultHttpRequest(decodeResult: success, version: HTTP/1.1)
POST /session/e66592ae6358f7f0d393909f22180203/window HTTP/1.1
User-Agent: selenium/4.6.0 (java windows)
Content-Length: 50
Content-Type: application/json; charset=utf-8
host: localhost:44337
accept: */*

Response DefaultHttpResponse(decodeResult: success, version: HTTP/1.1)
HTTP/1.1 200 OK
Content-Type: application/json; charset=utf-8
cache-control: no-cache
content-length: 14

15:21:52.783 [AsyncHttpClient-1-2] DEBUG org.asynchttpclient.netty.channel.ChannelManager - Adding key: http://localhost:44337 for channel [id: 0xe2458fda, L:/127.0.0.1:56492 - R:localhost/127.0.0.1:44337]
15:21:52.787 [Forwarding getCurrentUrl on session e66592ae6358f7f0d393909f22180203 to remote] DEBUG org.asynchttpclient.netty.request.NettyRequestSender - Using pooled Channel '[id: 0xe2458fda, L:/127.0.0.1:56492 - R:localhost/127.0.0.1:44337]' for 'GET' to 'http://localhost:44337/session/e66592ae6358f7f0d393909f22180203/url'
15:21:52.787 [Forwarding getCurrentUrl on session e66592ae6358f7f0d393909f22180203 to remote] DEBUG org.asynchttpclient.netty.request.NettyRequestSender - Using open Channel [id: 0xe2458fda, L:/127.0.0.1:56492 - R:localhost/127.0.0.1:44337] for GET '/session/e66592ae6358f7f0d393909f22180203/url'
15:21:52.791 [AsyncHttpClient-1-2] DEBUG org.asynchttpclient.netty.handler.HttpHandler - 

Request DefaultFullHttpRequest(decodeResult: success, version: HTTP/1.1, content: EmptyByteBufBE)
GET /session/e66592ae6358f7f0d393909f22180203/url HTTP/1.1
User-Agent: selenium/4.6.0 (java windows)
Cache-Control: no-cache
Content-Type: application/json; charset=utf-8
host: localhost:44337
accept: */*

Response DefaultHttpResponse(decodeResult: success, version: HTTP/1.1)
HTTP/1.1 200 OK
Content-Type: application/json; charset=utf-8
cache-control: no-cache
content-length: 38

15:21:52.791 [AsyncHttpClient-1-2] DEBUG org.asynchttpclient.netty.channel.ChannelManager - Adding key: http://localhost:44337 for channel [id: 0xe2458fda, L:/127.0.0.1:56492 - R:localhost/127.0.0.1:44337]
15:21:52.792 [Forwarding screenshot on session e66592ae6358f7f0d393909f22180203 to remote] DEBUG org.asynchttpclient.netty.request.NettyRequestSender - Using pooled Channel '[id: 0xe2458fda, L:/127.0.0.1:56492 - R:localhost/127.0.0.1:44337]' for 'GET' to 'http://localhost:44337/session/e66592ae6358f7f0d393909f22180203/screenshot'
15:21:52.792 [Forwarding screenshot on session e66592ae6358f7f0d393909f22180203 to remote] DEBUG org.asynchttpclient.netty.request.NettyRequestSender - Using open Channel [id: 0xe2458fda, L:/127.0.0.1:56492 - R:localhost/127.0.0.1:44337] for GET '/session/e66592ae6358f7f0d393909f22180203/screenshot'
15:21:52.980 [AsyncHttpClient-1-2] DEBUG org.asynchttpclient.netty.handler.HttpHandler - 

Request DefaultFullHttpRequest(decodeResult: success, version: HTTP/1.1, content: EmptyByteBufBE)
GET /session/e66592ae6358f7f0d393909f22180203/screenshot HTTP/1.1
User-Agent: selenium/4.6.0 (java windows)
Cache-Control: no-cache
Content-Type: application/json; charset=utf-8
host: localhost:44337
accept: */*

Response DefaultHttpResponse(decodeResult: success, version: HTTP/1.1)
HTTP/1.1 200 OK
Content-Type: application/json; charset=utf-8
cache-control: no-cache
content-length: 425412

15:21:52.982 [AsyncHttpClient-1-2] DEBUG org.asynchttpclient.netty.channel.ChannelManager - Adding key: http://localhost:44337 for channel [id: 0xe2458fda, L:/127.0.0.1:56492 - R:localhost/127.0.0.1:44337]
15:21:52.988 [Test worker] DEBUG net.serenitybdd.core.photography.Darkroom - Send negative for processing for C:\Users\Usuario\Documents\retoAutomatizacion\e2e\RetoDemoBlaze\target\site\serenity\d7d71935c88fdee3149a02a5a53997ea18dd883aab6d02b521934b7abe0add32.png
15:21:52.988 [Darkroom Processing Line] DEBUG net.serenitybdd.core.photography.DarkroomProcessingLine - Processing screenshot image in /var/screenshots/screenshot-9945886267308965378
15:21:52.988 [Darkroom Processing Line] DEBUG net.serenitybdd.core.photography.DarkroomProcessingLine - Saving screenshot to C:\Users\Usuario\Documents\retoAutomatizacion\e2e\RetoDemoBlaze\target\site\serenity\d7d71935c88fdee3149a02a5a53997ea18dd883aab6d02b521934b7abe0add32.png
15:21:52.988 [Test worker] DEBUG net.thucydides.core.steps.StepInterceptor - STEP DONE: {0} enters #theTextAsAString into #target
15:21:53.004 [Test worker] DEBUG net.serenitybdd.screenplay.targets.IFrameSwitcher - default content already selected for password
15:21:53.010 [Forwarding findElements on session e66592ae6358f7f0d393909f22180203 to remote] DEBUG org.asynchttpclient.netty.request.NettyRequestSender - Using pooled Channel '[id: 0xe2458fda, L:/127.0.0.1:56492 - R:localhost/127.0.0.1:44337]' for 'POST' to 'http://localhost:44337/session/e66592ae6358f7f0d393909f22180203/elements'
15:21:53.010 [Forwarding findElements on session e66592ae6358f7f0d393909f22180203 to remote] DEBUG org.asynchttpclient.netty.request.NettyRequestSender - Using open Channel [id: 0xe2458fda, L:/127.0.0.1:56492 - R:localhost/127.0.0.1:44337] for POST '/session/e66592ae6358f7f0d393909f22180203/elements'
15:21:53.020 [AsyncHttpClient-1-2] DEBUG org.asynchttpclient.netty.handler.HttpHandler - 

Request DefaultHttpRequest(decodeResult: success, version: HTTP/1.1)
POST /session/e66592ae6358f7f0d393909f22180203/elements HTTP/1.1
User-Agent: selenium/4.6.0 (java windows)
Content-Length: 58
Content-Type: application/json; charset=utf-8
host: localhost:44337
accept: */*

Response DefaultHttpResponse(decodeResult: success, version: HTTP/1.1)
HTTP/1.1 200 OK
Content-Type: application/json; charset=utf-8
cache-control: no-cache
content-length: 97

15:21:53.020 [AsyncHttpClient-1-2] DEBUG org.asynchttpclient.netty.channel.ChannelManager - Adding key: http://localhost:44337 for channel [id: 0xe2458fda, L:/127.0.0.1:56492 - R:localhost/127.0.0.1:44337]
15:21:53.033 [Forwarding isElementDisplayed on session e66592ae6358f7f0d393909f22180203 to remote] DEBUG org.asynchttpclient.netty.request.NettyRequestSender - Using pooled Channel '[id: 0xe2458fda, L:/127.0.0.1:56492 - R:localhost/127.0.0.1:44337]' for 'POST' to 'http://localhost:44337/session/e66592ae6358f7f0d393909f22180203/execute/sync'
15:21:53.033 [Forwarding isElementDisplayed on session e66592ae6358f7f0d393909f22180203 to remote] DEBUG org.asynchttpclient.netty.request.NettyRequestSender - Using open Channel [id: 0xe2458fda, L:/127.0.0.1:56492 - R:localhost/127.0.0.1:44337] for POST '/session/e66592ae6358f7f0d393909f22180203/execute/sync'
15:21:53.041 [AsyncHttpClient-1-2] DEBUG org.asynchttpclient.netty.handler.HttpHandler - 

Request DefaultHttpRequest(decodeResult: success, version: HTTP/1.1)
POST /session/e66592ae6358f7f0d393909f22180203/execute/sync HTTP/1.1
User-Agent: selenium/4.6.0 (java windows)
Content-Length: 48787
Content-Type: application/json; charset=utf-8
host: localhost:44337
accept: */*

Response DefaultHttpResponse(decodeResult: success, version: HTTP/1.1)
HTTP/1.1 200 OK
Content-Type: application/json; charset=utf-8
cache-control: no-cache
content-length: 14

15:21:53.041 [AsyncHttpClient-1-2] DEBUG org.asynchttpclient.netty.channel.ChannelManager - Adding key: http://localhost:44337 for channel [id: 0xe2458fda, L:/127.0.0.1:56492 - R:localhost/127.0.0.1:44337]
15:21:53.042 [AsyncHttpClient-1-1] DEBUG org.asynchttpclient.netty.channel.DefaultChannelPool - Entry count for : http://localhost:56493 : 1
15:21:53.042 [AsyncHttpClient-1-1] DEBUG org.asynchttpclient.netty.channel.DefaultChannelPool - Entry count for : http://localhost:44337 : 1
15:21:53.043 [Forwarding isElementDisplayed on session e66592ae6358f7f0d393909f22180203 to remote] DEBUG org.asynchttpclient.netty.request.NettyRequestSender - Using pooled Channel '[id: 0xe2458fda, L:/127.0.0.1:56492 - R:localhost/127.0.0.1:44337]' for 'POST' to 'http://localhost:44337/session/e66592ae6358f7f0d393909f22180203/execute/sync'
15:21:53.043 [Forwarding isElementDisplayed on session e66592ae6358f7f0d393909f22180203 to remote] DEBUG org.asynchttpclient.netty.request.NettyRequestSender - Using open Channel [id: 0xe2458fda, L:/127.0.0.1:56492 - R:localhost/127.0.0.1:44337] for POST '/session/e66592ae6358f7f0d393909f22180203/execute/sync'
15:21:53.049 [AsyncHttpClient-1-2] DEBUG org.asynchttpclient.netty.handler.HttpHandler - 

Request DefaultHttpRequest(decodeResult: success, version: HTTP/1.1)
POST /session/e66592ae6358f7f0d393909f22180203/execute/sync HTTP/1.1
User-Agent: selenium/4.6.0 (java windows)
Content-Length: 48787
Content-Type: application/json; charset=utf-8
host: localhost:44337
accept: */*

Response DefaultHttpResponse(decodeResult: success, version: HTTP/1.1)
HTTP/1.1 200 OK
Content-Type: application/json; charset=utf-8
cache-control: no-cache
content-length: 14

15:21:53.049 [AsyncHttpClient-1-2] DEBUG org.asynchttpclient.netty.channel.ChannelManager - Adding key: http://localhost:44337 for channel [id: 0xe2458fda, L:/127.0.0.1:56492 - R:localhost/127.0.0.1:44337]
15:21:53.081 [Forwarding getCurrentWindowHandle on session e66592ae6358f7f0d393909f22180203 to remote] DEBUG org.asynchttpclient.netty.request.NettyRequestSender - Using pooled Channel '[id: 0xe2458fda, L:/127.0.0.1:56492 - R:localhost/127.0.0.1:44337]' for 'GET' to 'http://localhost:44337/session/e66592ae6358f7f0d393909f22180203/window'
15:21:53.081 [Forwarding getCurrentWindowHandle on session e66592ae6358f7f0d393909f22180203 to remote] DEBUG org.asynchttpclient.netty.request.NettyRequestSender - Using open Channel [id: 0xe2458fda, L:/127.0.0.1:56492 - R:localhost/127.0.0.1:44337] for GET '/session/e66592ae6358f7f0d393909f22180203/window'
15:21:53.082 [AsyncHttpClient-1-2] DEBUG org.asynchttpclient.netty.handler.HttpHandler - 

Request DefaultFullHttpRequest(decodeResult: success, version: HTTP/1.1, content: EmptyByteBufBE)
GET /session/e66592ae6358f7f0d393909f22180203/window HTTP/1.1
User-Agent: selenium/4.6.0 (java windows)
Cache-Control: no-cache
Content-Type: application/json; charset=utf-8
host: localhost:44337
accept: */*

Response DefaultHttpResponse(decodeResult: success, version: HTTP/1.1)
HTTP/1.1 200 OK
Content-Type: application/json; charset=utf-8
cache-control: no-cache
content-length: 44

15:21:53.082 [AsyncHttpClient-1-2] DEBUG org.asynchttpclient.netty.channel.ChannelManager - Adding key: http://localhost:44337 for channel [id: 0xe2458fda, L:/127.0.0.1:56492 - R:localhost/127.0.0.1:44337]
15:21:53.089 [Forwarding getAlertText on session e66592ae6358f7f0d393909f22180203 to remote] DEBUG org.asynchttpclient.netty.request.NettyRequestSender - Using pooled Channel '[id: 0xe2458fda, L:/127.0.0.1:56492 - R:localhost/127.0.0.1:44337]' for 'GET' to 'http://localhost:44337/session/e66592ae6358f7f0d393909f22180203/alert/text'
15:21:53.089 [Forwarding getAlertText on session e66592ae6358f7f0d393909f22180203 to remote] DEBUG org.asynchttpclient.netty.request.NettyRequestSender - Using open Channel [id: 0xe2458fda, L:/127.0.0.1:56492 - R:localhost/127.0.0.1:44337] for GET '/session/e66592ae6358f7f0d393909f22180203/alert/text'
15:21:53.091 [AsyncHttpClient-1-2] DEBUG org.asynchttpclient.netty.handler.HttpHandler - 

Request DefaultFullHttpRequest(decodeResult: success, version: HTTP/1.1, content: EmptyByteBufBE)
GET /session/e66592ae6358f7f0d393909f22180203/alert/text HTTP/1.1
User-Agent: selenium/4.6.0 (java windows)
Cache-Control: no-cache
Content-Type: application/json; charset=utf-8
host: localhost:44337
accept: */*

Response DefaultHttpResponse(decodeResult: success, version: HTTP/1.1)
HTTP/1.1 404 Not Found
Content-Type: application/json; charset=utf-8
cache-control: no-cache
content-length: 848

15:21:53.091 [AsyncHttpClient-1-2] DEBUG org.asynchttpclient.netty.channel.ChannelManager - Adding key: http://localhost:44337 for channel [id: 0xe2458fda, L:/127.0.0.1:56492 - R:localhost/127.0.0.1:44337]
15:21:53.099 [Forwarding switchToWindow on session e66592ae6358f7f0d393909f22180203 to remote] DEBUG org.asynchttpclient.netty.request.NettyRequestSender - Using pooled Channel '[id: 0xe2458fda, L:/127.0.0.1:56492 - R:localhost/127.0.0.1:44337]' for 'POST' to 'http://localhost:44337/session/e66592ae6358f7f0d393909f22180203/window'
15:21:53.099 [Forwarding switchToWindow on session e66592ae6358f7f0d393909f22180203 to remote] DEBUG org.asynchttpclient.netty.request.NettyRequestSender - Using open Channel [id: 0xe2458fda, L:/127.0.0.1:56492 - R:localhost/127.0.0.1:44337] for POST '/session/e66592ae6358f7f0d393909f22180203/window'
15:21:53.102 [AsyncHttpClient-1-2] DEBUG org.asynchttpclient.netty.handler.HttpHandler - 

Request DefaultHttpRequest(decodeResult: success, version: HTTP/1.1)
POST /session/e66592ae6358f7f0d393909f22180203/window HTTP/1.1
User-Agent: selenium/4.6.0 (java windows)
Content-Length: 50
Content-Type: application/json; charset=utf-8
host: localhost:44337
accept: */*

Response DefaultHttpResponse(decodeResult: success, version: HTTP/1.1)
HTTP/1.1 200 OK
Content-Type: application/json; charset=utf-8
cache-control: no-cache
content-length: 14

15:21:53.102 [AsyncHttpClient-1-2] DEBUG org.asynchttpclient.netty.channel.ChannelManager - Adding key: http://localhost:44337 for channel [id: 0xe2458fda, L:/127.0.0.1:56492 - R:localhost/127.0.0.1:44337]
15:21:53.103 [Forwarding getCurrentUrl on session e66592ae6358f7f0d393909f22180203 to remote] DEBUG org.asynchttpclient.netty.request.NettyRequestSender - Using pooled Channel '[id: 0xe2458fda, L:/127.0.0.1:56492 - R:localhost/127.0.0.1:44337]' for 'GET' to 'http://localhost:44337/session/e66592ae6358f7f0d393909f22180203/url'
15:21:53.103 [Forwarding getCurrentUrl on session e66592ae6358f7f0d393909f22180203 to remote] DEBUG org.asynchttpclient.netty.request.NettyRequestSender - Using open Channel [id: 0xe2458fda, L:/127.0.0.1:56492 - R:localhost/127.0.0.1:44337] for GET '/session/e66592ae6358f7f0d393909f22180203/url'
15:21:53.106 [AsyncHttpClient-1-2] DEBUG org.asynchttpclient.netty.handler.HttpHandler - 

Request DefaultFullHttpRequest(decodeResult: success, version: HTTP/1.1, content: EmptyByteBufBE)
GET /session/e66592ae6358f7f0d393909f22180203/url HTTP/1.1
User-Agent: selenium/4.6.0 (java windows)
Cache-Control: no-cache
Content-Type: application/json; charset=utf-8
host: localhost:44337
accept: */*

Response DefaultHttpResponse(decodeResult: success, version: HTTP/1.1)
HTTP/1.1 200 OK
Content-Type: application/json; charset=utf-8
cache-control: no-cache
content-length: 38

15:21:53.106 [AsyncHttpClient-1-2] DEBUG org.asynchttpclient.netty.channel.ChannelManager - Adding key: http://localhost:44337 for channel [id: 0xe2458fda, L:/127.0.0.1:56492 - R:localhost/127.0.0.1:44337]
15:21:53.107 [Forwarding screenshot on session e66592ae6358f7f0d393909f22180203 to remote] DEBUG org.asynchttpclient.netty.request.NettyRequestSender - Using pooled Channel '[id: 0xe2458fda, L:/127.0.0.1:56492 - R:localhost/127.0.0.1:44337]' for 'GET' to 'http://localhost:44337/session/e66592ae6358f7f0d393909f22180203/screenshot'
15:21:53.107 [Forwarding screenshot on session e66592ae6358f7f0d393909f22180203 to remote] DEBUG org.asynchttpclient.netty.request.NettyRequestSender - Using open Channel [id: 0xe2458fda, L:/127.0.0.1:56492 - R:localhost/127.0.0.1:44337] for GET '/session/e66592ae6358f7f0d393909f22180203/screenshot'
15:21:53.275 [AsyncHttpClient-1-2] DEBUG org.asynchttpclient.netty.handler.HttpHandler - 

Request DefaultFullHttpRequest(decodeResult: success, version: HTTP/1.1, content: EmptyByteBufBE)
GET /session/e66592ae6358f7f0d393909f22180203/screenshot HTTP/1.1
User-Agent: selenium/4.6.0 (java windows)
Cache-Control: no-cache
Content-Type: application/json; charset=utf-8
host: localhost:44337
accept: */*

Response DefaultHttpResponse(decodeResult: success, version: HTTP/1.1)
HTTP/1.1 200 OK
Content-Type: application/json; charset=utf-8
cache-control: no-cache
content-length: 425396

15:21:53.277 [AsyncHttpClient-1-2] DEBUG org.asynchttpclient.netty.channel.ChannelManager - Adding key: http://localhost:44337 for channel [id: 0xe2458fda, L:/127.0.0.1:56492 - R:localhost/127.0.0.1:44337]
15:21:53.282 [Test worker] DEBUG net.serenitybdd.core.photography.Darkroom - Send negative for processing for C:\Users\Usuario\Documents\retoAutomatizacion\e2e\RetoDemoBlaze\target\site\serenity\b78d57fd480db375cd9a957c1180e0093ab62ab1dfd23b5e760aeb9b89dee31e.png
15:21:53.283 [Darkroom Processing Line] DEBUG net.serenitybdd.core.photography.DarkroomProcessingLine - Processing screenshot image in /var/screenshots/screenshot-9337020846416782832
15:21:53.283 [Darkroom Processing Line] DEBUG net.serenitybdd.core.photography.DarkroomProcessingLine - Saving screenshot to C:\Users\Usuario\Documents\retoAutomatizacion\e2e\RetoDemoBlaze\target\site\serenity\b78d57fd480db375cd9a957c1180e0093ab62ab1dfd23b5e760aeb9b89dee31e.png
15:21:53.290 [Forwarding getPageSource on session e66592ae6358f7f0d393909f22180203 to remote] DEBUG org.asynchttpclient.netty.request.NettyRequestSender - Using pooled Channel '[id: 0xe2458fda, L:/127.0.0.1:56492 - R:localhost/127.0.0.1:44337]' for 'POST' to 'http://localhost:44337/session/e66592ae6358f7f0d393909f22180203/execute/sync'
15:21:53.290 [Forwarding getPageSource on session e66592ae6358f7f0d393909f22180203 to remote] DEBUG org.asynchttpclient.netty.request.NettyRequestSender - Using open Channel [id: 0xe2458fda, L:/127.0.0.1:56492 - R:localhost/127.0.0.1:44337] for POST '/session/e66592ae6358f7f0d393909f22180203/execute/sync'
15:21:53.298 [AsyncHttpClient-1-2] DEBUG org.asynchttpclient.netty.handler.HttpHandler - 

Request DefaultHttpRequest(decodeResult: success, version: HTTP/1.1)
POST /session/e66592ae6358f7f0d393909f22180203/execute/sync HTTP/1.1
User-Agent: selenium/4.6.0 (java windows)
Content-Length: 176
Content-Type: application/json; charset=utf-8
host: localhost:44337
accept: */*

Response DefaultHttpResponse(decodeResult: success, version: HTTP/1.1)
HTTP/1.1 200 OK
Content-Type: application/json; charset=utf-8
cache-control: no-cache
content-length: 57710

15:21:53.298 [AsyncHttpClient-1-2] DEBUG org.asynchttpclient.netty.channel.ChannelManager - Adding key: http://localhost:44337 for channel [id: 0xe2458fda, L:/127.0.0.1:56492 - R:localhost/127.0.0.1:44337]
15:21:53.304 [Forwarding getCurrentUrl on session e66592ae6358f7f0d393909f22180203 to remote] DEBUG org.asynchttpclient.netty.request.NettyRequestSender - Using pooled Channel '[id: 0xe2458fda, L:/127.0.0.1:56492 - R:localhost/127.0.0.1:44337]' for 'GET' to 'http://localhost:44337/session/e66592ae6358f7f0d393909f22180203/url'
15:21:53.304 [Forwarding getCurrentUrl on session e66592ae6358f7f0d393909f22180203 to remote] DEBUG org.asynchttpclient.netty.request.NettyRequestSender - Using open Channel [id: 0xe2458fda, L:/127.0.0.1:56492 - R:localhost/127.0.0.1:44337] for GET '/session/e66592ae6358f7f0d393909f22180203/url'
15:21:53.307 [AsyncHttpClient-1-2] DEBUG org.asynchttpclient.netty.handler.HttpHandler - 

Request DefaultFullHttpRequest(decodeResult: success, version: HTTP/1.1, content: EmptyByteBufBE)
GET /session/e66592ae6358f7f0d393909f22180203/url HTTP/1.1
User-Agent: selenium/4.6.0 (java windows)
Cache-Control: no-cache
Content-Type: application/json; charset=utf-8
host: localhost:44337
accept: */*

Response DefaultHttpResponse(decodeResult: success, version: HTTP/1.1)
HTTP/1.1 200 OK
Content-Type: application/json; charset=utf-8
cache-control: no-cache
content-length: 38

15:21:53.307 [AsyncHttpClient-1-2] DEBUG org.asynchttpclient.netty.channel.ChannelManager - Adding key: http://localhost:44337 for channel [id: 0xe2458fda, L:/127.0.0.1:56492 - R:localhost/127.0.0.1:44337]
15:21:53.310 [Test worker] DEBUG net.thucydides.core.steps.StepInterceptor - STARTING STEP: Login.performAs - {0} enters #theTextAsAString into #target
15:21:53.319 [Test worker] DEBUG net.serenitybdd.screenplay.targets.IFrameSwitcher - default content already selected for password
15:21:53.336 [Forwarding findElement on session e66592ae6358f7f0d393909f22180203 to remote] DEBUG org.asynchttpclient.netty.request.NettyRequestSender - Using pooled Channel '[id: 0xe2458fda, L:/127.0.0.1:56492 - R:localhost/127.0.0.1:44337]' for 'POST' to 'http://localhost:44337/session/e66592ae6358f7f0d393909f22180203/element'
15:21:53.336 [Forwarding findElement on session e66592ae6358f7f0d393909f22180203 to remote] DEBUG org.asynchttpclient.netty.request.NettyRequestSender - Using open Channel [id: 0xe2458fda, L:/127.0.0.1:56492 - R:localhost/127.0.0.1:44337] for POST '/session/e66592ae6358f7f0d393909f22180203/element'
15:21:53.347 [AsyncHttpClient-1-2] DEBUG org.asynchttpclient.netty.handler.HttpHandler - 

Request DefaultHttpRequest(decodeResult: success, version: HTTP/1.1)
POST /session/e66592ae6358f7f0d393909f22180203/element HTTP/1.1
User-Agent: selenium/4.6.0 (java windows)
Content-Length: 58
Content-Type: application/json; charset=utf-8
host: localhost:44337
accept: */*

Response DefaultHttpResponse(decodeResult: success, version: HTTP/1.1)
HTTP/1.1 200 OK
Content-Type: application/json; charset=utf-8
cache-control: no-cache
content-length: 95

15:21:53.347 [AsyncHttpClient-1-2] DEBUG org.asynchttpclient.netty.channel.ChannelManager - Adding key: http://localhost:44337 for channel [id: 0xe2458fda, L:/127.0.0.1:56492 - R:localhost/127.0.0.1:44337]
15:21:53.349 [Forwarding clearElement on session e66592ae6358f7f0d393909f22180203 to remote] DEBUG org.asynchttpclient.netty.request.NettyRequestSender - Using pooled Channel '[id: 0xe2458fda, L:/127.0.0.1:56492 - R:localhost/127.0.0.1:44337]' for 'POST' to 'http://localhost:44337/session/e66592ae6358f7f0d393909f22180203/element/537873F56A7B1477BCF289808A98FA30_element_36/clear'
15:21:53.349 [Forwarding clearElement on session e66592ae6358f7f0d393909f22180203 to remote] DEBUG org.asynchttpclient.netty.request.NettyRequestSender - Using open Channel [id: 0xe2458fda, L:/127.0.0.1:56492 - R:localhost/127.0.0.1:44337] for POST '/session/e66592ae6358f7f0d393909f22180203/element/537873F56A7B1477BCF289808A98FA30_element_36/clear'
15:21:53.366 [AsyncHttpClient-1-2] DEBUG org.asynchttpclient.netty.handler.HttpHandler - 

Request DefaultHttpRequest(decodeResult: success, version: HTTP/1.1)
POST /session/e66592ae6358f7f0d393909f22180203/element/537873F56A7B1477BCF289808A98FA30_element_36/clear HTTP/1.1
User-Agent: selenium/4.6.0 (java windows)
Content-Length: 57
Content-Type: application/json; charset=utf-8
host: localhost:44337
accept: */*

Response DefaultHttpResponse(decodeResult: success, version: HTTP/1.1)
HTTP/1.1 200 OK
Content-Type: application/json; charset=utf-8
cache-control: no-cache
content-length: 14

15:21:53.366 [AsyncHttpClient-1-2] DEBUG org.asynchttpclient.netty.channel.ChannelManager - Adding key: http://localhost:44337 for channel [id: 0xe2458fda, L:/127.0.0.1:56492 - R:localhost/127.0.0.1:44337]
15:21:53.372 [Forwarding sendKeysToElement on session e66592ae6358f7f0d393909f22180203 to remote] DEBUG org.asynchttpclient.netty.request.NettyRequestSender - Using pooled Channel '[id: 0xe2458fda, L:/127.0.0.1:56492 - R:localhost/127.0.0.1:44337]' for 'POST' to 'http://localhost:44337/session/e66592ae6358f7f0d393909f22180203/element/537873F56A7B1477BCF289808A98FA30_element_36/value'
15:21:53.372 [Forwarding sendKeysToElement on session e66592ae6358f7f0d393909f22180203 to remote] DEBUG org.asynchttpclient.netty.request.NettyRequestSender - Using open Channel [id: 0xe2458fda, L:/127.0.0.1:56492 - R:localhost/127.0.0.1:44337] for POST '/session/e66592ae6358f7f0d393909f22180203/element/537873F56A7B1477BCF289808A98FA30_element_36/value'
15:21:53.412 [AsyncHttpClient-1-2] DEBUG org.asynchttpclient.netty.handler.HttpHandler - 

Request DefaultHttpRequest(decodeResult: success, version: HTTP/1.1)
POST /session/e66592ae6358f7f0d393909f22180203/element/537873F56A7B1477BCF289808A98FA30_element_36/value HTTP/1.1
User-Agent: selenium/4.6.0 (java windows)
Content-Length: 168
Content-Type: application/json; charset=utf-8
host: localhost:44337
accept: */*

Response DefaultHttpResponse(decodeResult: success, version: HTTP/1.1)
HTTP/1.1 200 OK
Content-Type: application/json; charset=utf-8
cache-control: no-cache
content-length: 14

15:21:53.412 [AsyncHttpClient-1-2] DEBUG org.asynchttpclient.netty.channel.ChannelManager - Adding key: http://localhost:44337 for channel [id: 0xe2458fda, L:/127.0.0.1:56492 - R:localhost/127.0.0.1:44337]
15:21:53.461 [Forwarding getCurrentWindowHandle on session e66592ae6358f7f0d393909f22180203 to remote] DEBUG org.asynchttpclient.netty.request.NettyRequestSender - Using pooled Channel '[id: 0xe2458fda, L:/127.0.0.1:56492 - R:localhost/127.0.0.1:44337]' for 'GET' to 'http://localhost:44337/session/e66592ae6358f7f0d393909f22180203/window'
15:21:53.461 [Forwarding getCurrentWindowHandle on session e66592ae6358f7f0d393909f22180203 to remote] DEBUG org.asynchttpclient.netty.request.NettyRequestSender - Using open Channel [id: 0xe2458fda, L:/127.0.0.1:56492 - R:localhost/127.0.0.1:44337] for GET '/session/e66592ae6358f7f0d393909f22180203/window'
15:21:53.463 [AsyncHttpClient-1-2] DEBUG org.asynchttpclient.netty.handler.HttpHandler - 

Request DefaultFullHttpRequest(decodeResult: success, version: HTTP/1.1, content: EmptyByteBufBE)
GET /session/e66592ae6358f7f0d393909f22180203/window HTTP/1.1
User-Agent: selenium/4.6.0 (java windows)
Cache-Control: no-cache
Content-Type: application/json; charset=utf-8
host: localhost:44337
accept: */*

Response DefaultHttpResponse(decodeResult: success, version: HTTP/1.1)
HTTP/1.1 200 OK
Content-Type: application/json; charset=utf-8
cache-control: no-cache
content-length: 44

15:21:53.464 [AsyncHttpClient-1-2] DEBUG org.asynchttpclient.netty.channel.ChannelManager - Adding key: http://localhost:44337 for channel [id: 0xe2458fda, L:/127.0.0.1:56492 - R:localhost/127.0.0.1:44337]
15:21:53.504 [Forwarding getAlertText on session e66592ae6358f7f0d393909f22180203 to remote] DEBUG org.asynchttpclient.netty.request.NettyRequestSender - Using pooled Channel '[id: 0xe2458fda, L:/127.0.0.1:56492 - R:localhost/127.0.0.1:44337]' for 'GET' to 'http://localhost:44337/session/e66592ae6358f7f0d393909f22180203/alert/text'
15:21:53.504 [Forwarding getAlertText on session e66592ae6358f7f0d393909f22180203 to remote] DEBUG org.asynchttpclient.netty.request.NettyRequestSender - Using open Channel [id: 0xe2458fda, L:/127.0.0.1:56492 - R:localhost/127.0.0.1:44337] for GET '/session/e66592ae6358f7f0d393909f22180203/alert/text'
15:21:53.507 [AsyncHttpClient-1-2] DEBUG org.asynchttpclient.netty.handler.HttpHandler - 

Request DefaultFullHttpRequest(decodeResult: success, version: HTTP/1.1, content: EmptyByteBufBE)
GET /session/e66592ae6358f7f0d393909f22180203/alert/text HTTP/1.1
User-Agent: selenium/4.6.0 (java windows)
Cache-Control: no-cache
Content-Type: application/json; charset=utf-8
host: localhost:44337
accept: */*

Response DefaultHttpResponse(decodeResult: success, version: HTTP/1.1)
HTTP/1.1 404 Not Found
Content-Type: application/json; charset=utf-8
cache-control: no-cache
content-length: 848

15:21:53.507 [AsyncHttpClient-1-2] DEBUG org.asynchttpclient.netty.channel.ChannelManager - Adding key: http://localhost:44337 for channel [id: 0xe2458fda, L:/127.0.0.1:56492 - R:localhost/127.0.0.1:44337]
15:21:53.521 [Forwarding switchToWindow on session e66592ae6358f7f0d393909f22180203 to remote] DEBUG org.asynchttpclient.netty.request.NettyRequestSender - Using pooled Channel '[id: 0xe2458fda, L:/127.0.0.1:56492 - R:localhost/127.0.0.1:44337]' for 'POST' to 'http://localhost:44337/session/e66592ae6358f7f0d393909f22180203/window'
15:21:53.521 [Forwarding switchToWindow on session e66592ae6358f7f0d393909f22180203 to remote] DEBUG org.asynchttpclient.netty.request.NettyRequestSender - Using open Channel [id: 0xe2458fda, L:/127.0.0.1:56492 - R:localhost/127.0.0.1:44337] for POST '/session/e66592ae6358f7f0d393909f22180203/window'
15:21:53.523 [AsyncHttpClient-1-2] DEBUG org.asynchttpclient.netty.handler.HttpHandler - 

Request DefaultHttpRequest(decodeResult: success, version: HTTP/1.1)
POST /session/e66592ae6358f7f0d393909f22180203/window HTTP/1.1
User-Agent: selenium/4.6.0 (java windows)
Content-Length: 50
Content-Type: application/json; charset=utf-8
host: localhost:44337
accept: */*

Response DefaultHttpResponse(decodeResult: success, version: HTTP/1.1)
HTTP/1.1 200 OK
Content-Type: application/json; charset=utf-8
cache-control: no-cache
content-length: 14

15:21:53.523 [AsyncHttpClient-1-2] DEBUG org.asynchttpclient.netty.channel.ChannelManager - Adding key: http://localhost:44337 for channel [id: 0xe2458fda, L:/127.0.0.1:56492 - R:localhost/127.0.0.1:44337]
15:21:53.524 [Forwarding getCurrentUrl on session e66592ae6358f7f0d393909f22180203 to remote] DEBUG org.asynchttpclient.netty.request.NettyRequestSender - Using pooled Channel '[id: 0xe2458fda, L:/127.0.0.1:56492 - R:localhost/127.0.0.1:44337]' for 'GET' to 'http://localhost:44337/session/e66592ae6358f7f0d393909f22180203/url'
15:21:53.524 [Forwarding getCurrentUrl on session e66592ae6358f7f0d393909f22180203 to remote] DEBUG org.asynchttpclient.netty.request.NettyRequestSender - Using open Channel [id: 0xe2458fda, L:/127.0.0.1:56492 - R:localhost/127.0.0.1:44337] for GET '/session/e66592ae6358f7f0d393909f22180203/url'
15:21:53.529 [AsyncHttpClient-1-2] DEBUG org.asynchttpclient.netty.handler.HttpHandler - 

Request DefaultFullHttpRequest(decodeResult: success, version: HTTP/1.1, content: EmptyByteBufBE)
GET /session/e66592ae6358f7f0d393909f22180203/url HTTP/1.1
User-Agent: selenium/4.6.0 (java windows)
Cache-Control: no-cache
Content-Type: application/json; charset=utf-8
host: localhost:44337
accept: */*

Response DefaultHttpResponse(decodeResult: success, version: HTTP/1.1)
HTTP/1.1 200 OK
Content-Type: application/json; charset=utf-8
cache-control: no-cache
content-length: 38

15:21:53.529 [AsyncHttpClient-1-2] DEBUG org.asynchttpclient.netty.channel.ChannelManager - Adding key: http://localhost:44337 for channel [id: 0xe2458fda, L:/127.0.0.1:56492 - R:localhost/127.0.0.1:44337]
15:21:53.530 [Forwarding screenshot on session e66592ae6358f7f0d393909f22180203 to remote] DEBUG org.asynchttpclient.netty.request.NettyRequestSender - Using pooled Channel '[id: 0xe2458fda, L:/127.0.0.1:56492 - R:localhost/127.0.0.1:44337]' for 'GET' to 'http://localhost:44337/session/e66592ae6358f7f0d393909f22180203/screenshot'
15:21:53.530 [Forwarding screenshot on session e66592ae6358f7f0d393909f22180203 to remote] DEBUG org.asynchttpclient.netty.request.NettyRequestSender - Using open Channel [id: 0xe2458fda, L:/127.0.0.1:56492 - R:localhost/127.0.0.1:44337] for GET '/session/e66592ae6358f7f0d393909f22180203/screenshot'
15:21:53.716 [AsyncHttpClient-1-2] DEBUG org.asynchttpclient.netty.handler.HttpHandler - 

Request DefaultFullHttpRequest(decodeResult: success, version: HTTP/1.1, content: EmptyByteBufBE)
GET /session/e66592ae6358f7f0d393909f22180203/screenshot HTTP/1.1
User-Agent: selenium/4.6.0 (java windows)
Cache-Control: no-cache
Content-Type: application/json; charset=utf-8
host: localhost:44337
accept: */*

Response DefaultHttpResponse(decodeResult: success, version: HTTP/1.1)
HTTP/1.1 200 OK
Content-Type: application/json; charset=utf-8
cache-control: no-cache
content-length: 426116

15:21:53.718 [AsyncHttpClient-1-2] DEBUG org.asynchttpclient.netty.channel.ChannelManager - Adding key: http://localhost:44337 for channel [id: 0xe2458fda, L:/127.0.0.1:56492 - R:localhost/127.0.0.1:44337]
15:21:53.725 [Test worker] DEBUG net.serenitybdd.core.photography.Darkroom - Send negative for processing for C:\Users\Usuario\Documents\retoAutomatizacion\e2e\RetoDemoBlaze\target\site\serenity\b3e0b63e1d735caba203c4ee9068bd1b0bfd29b02d73a92ad494a7009e391ddb.png
15:21:53.726 [Darkroom Processing Line] DEBUG net.serenitybdd.core.photography.DarkroomProcessingLine - Processing screenshot image in /var/screenshots/screenshot-15063535010776276041
15:21:53.727 [Darkroom Processing Line] DEBUG net.serenitybdd.core.photography.DarkroomProcessingLine - Saving screenshot to C:\Users\Usuario\Documents\retoAutomatizacion\e2e\RetoDemoBlaze\target\site\serenity\b3e0b63e1d735caba203c4ee9068bd1b0bfd29b02d73a92ad494a7009e391ddb.png
15:21:53.727 [Test worker] DEBUG net.thucydides.core.steps.StepInterceptor - STEP DONE: {0} enters #theTextAsAString into #target
15:21:53.746 [Forwarding getPageSource on session e66592ae6358f7f0d393909f22180203 to remote] DEBUG org.asynchttpclient.netty.request.NettyRequestSender - Using pooled Channel '[id: 0xe2458fda, L:/127.0.0.1:56492 - R:localhost/127.0.0.1:44337]' for 'POST' to 'http://localhost:44337/session/e66592ae6358f7f0d393909f22180203/execute/sync'
15:21:53.746 [Forwarding getPageSource on session e66592ae6358f7f0d393909f22180203 to remote] DEBUG org.asynchttpclient.netty.request.NettyRequestSender - Using open Channel [id: 0xe2458fda, L:/127.0.0.1:56492 - R:localhost/127.0.0.1:44337] for POST '/session/e66592ae6358f7f0d393909f22180203/execute/sync'
15:21:53.755 [AsyncHttpClient-1-2] DEBUG org.asynchttpclient.netty.handler.HttpHandler - 

Request DefaultHttpRequest(decodeResult: success, version: HTTP/1.1)
POST /session/e66592ae6358f7f0d393909f22180203/execute/sync HTTP/1.1
User-Agent: selenium/4.6.0 (java windows)
Content-Length: 176
Content-Type: application/json; charset=utf-8
host: localhost:44337
accept: */*

Response DefaultHttpResponse(decodeResult: success, version: HTTP/1.1)
HTTP/1.1 200 OK
Content-Type: application/json; charset=utf-8
cache-control: no-cache
content-length: 57710

15:21:53.756 [AsyncHttpClient-1-2] DEBUG org.asynchttpclient.netty.channel.ChannelManager - Adding key: http://localhost:44337 for channel [id: 0xe2458fda, L:/127.0.0.1:56492 - R:localhost/127.0.0.1:44337]
15:21:53.763 [Forwarding getCurrentUrl on session e66592ae6358f7f0d393909f22180203 to remote] DEBUG org.asynchttpclient.netty.request.NettyRequestSender - Using pooled Channel '[id: 0xe2458fda, L:/127.0.0.1:56492 - R:localhost/127.0.0.1:44337]' for 'GET' to 'http://localhost:44337/session/e66592ae6358f7f0d393909f22180203/url'
15:21:53.763 [Forwarding getCurrentUrl on session e66592ae6358f7f0d393909f22180203 to remote] DEBUG org.asynchttpclient.netty.request.NettyRequestSender - Using open Channel [id: 0xe2458fda, L:/127.0.0.1:56492 - R:localhost/127.0.0.1:44337] for GET '/session/e66592ae6358f7f0d393909f22180203/url'
15:21:53.769 [AsyncHttpClient-1-2] DEBUG org.asynchttpclient.netty.handler.HttpHandler - 

Request DefaultFullHttpRequest(decodeResult: success, version: HTTP/1.1, content: EmptyByteBufBE)
GET /session/e66592ae6358f7f0d393909f22180203/url HTTP/1.1
User-Agent: selenium/4.6.0 (java windows)
Cache-Control: no-cache
Content-Type: application/json; charset=utf-8
host: localhost:44337
accept: */*

Response DefaultHttpResponse(decodeResult: success, version: HTTP/1.1)
HTTP/1.1 200 OK
Content-Type: application/json; charset=utf-8
cache-control: no-cache
content-length: 38

15:21:53.770 [AsyncHttpClient-1-2] DEBUG org.asynchttpclient.netty.channel.ChannelManager - Adding key: http://localhost:44337 for channel [id: 0xe2458fda, L:/127.0.0.1:56492 - R:localhost/127.0.0.1:44337]
15:21:53.773 [Test worker] DEBUG net.thucydides.core.steps.StepInterceptor - STARTING STEP: Login.performAs - {0} clicks on #target
15:21:53.774 [Test worker] DEBUG net.serenitybdd.screenplay.targets.IFrameSwitcher - default content already selected for Log in
15:21:53.827 [Forwarding findElement on session e66592ae6358f7f0d393909f22180203 to remote] DEBUG org.asynchttpclient.netty.request.NettyRequestSender - Using pooled Channel '[id: 0xe2458fda, L:/127.0.0.1:56492 - R:localhost/127.0.0.1:44337]' for 'POST' to 'http://localhost:44337/session/e66592ae6358f7f0d393909f22180203/element'
15:21:53.827 [Forwarding findElement on session e66592ae6358f7f0d393909f22180203 to remote] DEBUG org.asynchttpclient.netty.request.NettyRequestSender - Using open Channel [id: 0xe2458fda, L:/127.0.0.1:56492 - R:localhost/127.0.0.1:44337] for POST '/session/e66592ae6358f7f0d393909f22180203/element'
15:21:53.835 [AsyncHttpClient-1-2] DEBUG org.asynchttpclient.netty.handler.HttpHandler - 

Request DefaultHttpRequest(decodeResult: success, version: HTTP/1.1)
POST /session/e66592ae6358f7f0d393909f22180203/element HTTP/1.1
User-Agent: selenium/4.6.0 (java windows)
Content-Length: 115
Content-Type: application/json; charset=utf-8
host: localhost:44337
accept: */*

Response DefaultHttpResponse(decodeResult: success, version: HTTP/1.1)
HTTP/1.1 200 OK
Content-Type: application/json; charset=utf-8
cache-control: no-cache
content-length: 95

15:21:53.835 [AsyncHttpClient-1-2] DEBUG org.asynchttpclient.netty.channel.ChannelManager - Adding key: http://localhost:44337 for channel [id: 0xe2458fda, L:/127.0.0.1:56492 - R:localhost/127.0.0.1:44337]
15:21:53.843 [Forwarding isElementDisplayed on session e66592ae6358f7f0d393909f22180203 to remote] DEBUG org.asynchttpclient.netty.request.NettyRequestSender - Using pooled Channel '[id: 0xe2458fda, L:/127.0.0.1:56492 - R:localhost/127.0.0.1:44337]' for 'POST' to 'http://localhost:44337/session/e66592ae6358f7f0d393909f22180203/execute/sync'
15:21:53.843 [Forwarding isElementDisplayed on session e66592ae6358f7f0d393909f22180203 to remote] DEBUG org.asynchttpclient.netty.request.NettyRequestSender - Using open Channel [id: 0xe2458fda, L:/127.0.0.1:56492 - R:localhost/127.0.0.1:44337] for POST '/session/e66592ae6358f7f0d393909f22180203/execute/sync'
15:21:53.849 [AsyncHttpClient-1-2] DEBUG org.asynchttpclient.netty.handler.HttpHandler - 

Request DefaultHttpRequest(decodeResult: success, version: HTTP/1.1)
POST /session/e66592ae6358f7f0d393909f22180203/execute/sync HTTP/1.1
User-Agent: selenium/4.6.0 (java windows)
Content-Length: 48787
Content-Type: application/json; charset=utf-8
host: localhost:44337
accept: */*

Response DefaultHttpResponse(decodeResult: success, version: HTTP/1.1)
HTTP/1.1 200 OK
Content-Type: application/json; charset=utf-8
cache-control: no-cache
content-length: 14

15:21:53.849 [AsyncHttpClient-1-2] DEBUG org.asynchttpclient.netty.channel.ChannelManager - Adding key: http://localhost:44337 for channel [id: 0xe2458fda, L:/127.0.0.1:56492 - R:localhost/127.0.0.1:44337]
15:21:53.861 [Forwarding findElement on session e66592ae6358f7f0d393909f22180203 to remote] DEBUG org.asynchttpclient.netty.request.NettyRequestSender - Using pooled Channel '[id: 0xe2458fda, L:/127.0.0.1:56492 - R:localhost/127.0.0.1:44337]' for 'POST' to 'http://localhost:44337/session/e66592ae6358f7f0d393909f22180203/element'
15:21:53.862 [Forwarding findElement on session e66592ae6358f7f0d393909f22180203 to remote] DEBUG org.asynchttpclient.netty.request.NettyRequestSender - Using open Channel [id: 0xe2458fda, L:/127.0.0.1:56492 - R:localhost/127.0.0.1:44337] for POST '/session/e66592ae6358f7f0d393909f22180203/element'
15:21:53.867 [AsyncHttpClient-1-2] DEBUG org.asynchttpclient.netty.handler.HttpHandler - 

Request DefaultHttpRequest(decodeResult: success, version: HTTP/1.1)
POST /session/e66592ae6358f7f0d393909f22180203/element HTTP/1.1
User-Agent: selenium/4.6.0 (java windows)
Content-Length: 115
Content-Type: application/json; charset=utf-8
host: localhost:44337
accept: */*

Response DefaultHttpResponse(decodeResult: success, version: HTTP/1.1)
HTTP/1.1 200 OK
Content-Type: application/json; charset=utf-8
cache-control: no-cache
content-length: 95

15:21:53.867 [AsyncHttpClient-1-2] DEBUG org.asynchttpclient.netty.channel.ChannelManager - Adding key: http://localhost:44337 for channel [id: 0xe2458fda, L:/127.0.0.1:56492 - R:localhost/127.0.0.1:44337]
15:21:53.868 [Forwarding clickElement on session e66592ae6358f7f0d393909f22180203 to remote] DEBUG org.asynchttpclient.netty.request.NettyRequestSender - Using pooled Channel '[id: 0xe2458fda, L:/127.0.0.1:56492 - R:localhost/127.0.0.1:44337]' for 'POST' to 'http://localhost:44337/session/e66592ae6358f7f0d393909f22180203/element/537873F56A7B1477BCF289808A98FA30_element_72/click'
15:21:53.868 [Forwarding clickElement on session e66592ae6358f7f0d393909f22180203 to remote] DEBUG org.asynchttpclient.netty.request.NettyRequestSender - Using open Channel [id: 0xe2458fda, L:/127.0.0.1:56492 - R:localhost/127.0.0.1:44337] for POST '/session/e66592ae6358f7f0d393909f22180203/element/537873F56A7B1477BCF289808A98FA30_element_72/click'
15:21:53.891 [AsyncHttpClient-1-2] DEBUG org.asynchttpclient.netty.handler.HttpHandler - 

Request DefaultHttpRequest(decodeResult: success, version: HTTP/1.1)
POST /session/e66592ae6358f7f0d393909f22180203/element/537873F56A7B1477BCF289808A98FA30_element_72/click HTTP/1.1
User-Agent: selenium/4.6.0 (java windows)
Content-Length: 57
Content-Type: application/json; charset=utf-8
host: localhost:44337
accept: */*

Response DefaultHttpResponse(decodeResult: success, version: HTTP/1.1)
HTTP/1.1 200 OK
Content-Type: application/json; charset=utf-8
cache-control: no-cache
content-length: 14

15:21:53.891 [AsyncHttpClient-1-2] DEBUG org.asynchttpclient.netty.channel.ChannelManager - Adding key: http://localhost:44337 for channel [id: 0xe2458fda, L:/127.0.0.1:56492 - R:localhost/127.0.0.1:44337]
15:21:53.922 [Forwarding getCurrentWindowHandle on session e66592ae6358f7f0d393909f22180203 to remote] DEBUG org.asynchttpclient.netty.request.NettyRequestSender - Using pooled Channel '[id: 0xe2458fda, L:/127.0.0.1:56492 - R:localhost/127.0.0.1:44337]' for 'GET' to 'http://localhost:44337/session/e66592ae6358f7f0d393909f22180203/window'
15:21:53.922 [Forwarding getCurrentWindowHandle on session e66592ae6358f7f0d393909f22180203 to remote] DEBUG org.asynchttpclient.netty.request.NettyRequestSender - Using open Channel [id: 0xe2458fda, L:/127.0.0.1:56492 - R:localhost/127.0.0.1:44337] for GET '/session/e66592ae6358f7f0d393909f22180203/window'
15:21:53.923 [AsyncHttpClient-1-2] DEBUG org.asynchttpclient.netty.handler.HttpHandler - 

Request DefaultFullHttpRequest(decodeResult: success, version: HTTP/1.1, content: EmptyByteBufBE)
GET /session/e66592ae6358f7f0d393909f22180203/window HTTP/1.1
User-Agent: selenium/4.6.0 (java windows)
Cache-Control: no-cache
Content-Type: application/json; charset=utf-8
host: localhost:44337
accept: */*

Response DefaultHttpResponse(decodeResult: success, version: HTTP/1.1)
HTTP/1.1 200 OK
Content-Type: application/json; charset=utf-8
cache-control: no-cache
content-length: 44

15:21:53.924 [AsyncHttpClient-1-2] DEBUG org.asynchttpclient.netty.channel.ChannelManager - Adding key: http://localhost:44337 for channel [id: 0xe2458fda, L:/127.0.0.1:56492 - R:localhost/127.0.0.1:44337]
15:21:53.933 [Forwarding getAlertText on session e66592ae6358f7f0d393909f22180203 to remote] DEBUG org.asynchttpclient.netty.request.NettyRequestSender - Using pooled Channel '[id: 0xe2458fda, L:/127.0.0.1:56492 - R:localhost/127.0.0.1:44337]' for 'GET' to 'http://localhost:44337/session/e66592ae6358f7f0d393909f22180203/alert/text'
15:21:53.934 [Forwarding getAlertText on session e66592ae6358f7f0d393909f22180203 to remote] DEBUG org.asynchttpclient.netty.request.NettyRequestSender - Using open Channel [id: 0xe2458fda, L:/127.0.0.1:56492 - R:localhost/127.0.0.1:44337] for GET '/session/e66592ae6358f7f0d393909f22180203/alert/text'
15:21:53.938 [AsyncHttpClient-1-2] DEBUG org.asynchttpclient.netty.handler.HttpHandler - 

Request DefaultFullHttpRequest(decodeResult: success, version: HTTP/1.1, content: EmptyByteBufBE)
GET /session/e66592ae6358f7f0d393909f22180203/alert/text HTTP/1.1
User-Agent: selenium/4.6.0 (java windows)
Cache-Control: no-cache
Content-Type: application/json; charset=utf-8
host: localhost:44337
accept: */*

Response DefaultHttpResponse(decodeResult: success, version: HTTP/1.1)
HTTP/1.1 404 Not Found
Content-Type: application/json; charset=utf-8
cache-control: no-cache
content-length: 848

15:21:53.938 [AsyncHttpClient-1-2] DEBUG org.asynchttpclient.netty.channel.ChannelManager - Adding key: http://localhost:44337 for channel [id: 0xe2458fda, L:/127.0.0.1:56492 - R:localhost/127.0.0.1:44337]
15:21:53.949 [Forwarding switchToWindow on session e66592ae6358f7f0d393909f22180203 to remote] DEBUG org.asynchttpclient.netty.request.NettyRequestSender - Using pooled Channel '[id: 0xe2458fda, L:/127.0.0.1:56492 - R:localhost/127.0.0.1:44337]' for 'POST' to 'http://localhost:44337/session/e66592ae6358f7f0d393909f22180203/window'
15:21:53.949 [Forwarding switchToWindow on session e66592ae6358f7f0d393909f22180203 to remote] DEBUG org.asynchttpclient.netty.request.NettyRequestSender - Using open Channel [id: 0xe2458fda, L:/127.0.0.1:56492 - R:localhost/127.0.0.1:44337] for POST '/session/e66592ae6358f7f0d393909f22180203/window'
15:21:53.952 [AsyncHttpClient-1-2] DEBUG org.asynchttpclient.netty.handler.HttpHandler - 

Request DefaultHttpRequest(decodeResult: success, version: HTTP/1.1)
POST /session/e66592ae6358f7f0d393909f22180203/window HTTP/1.1
User-Agent: selenium/4.6.0 (java windows)
Content-Length: 50
Content-Type: application/json; charset=utf-8
host: localhost:44337
accept: */*

Response DefaultHttpResponse(decodeResult: success, version: HTTP/1.1)
HTTP/1.1 200 OK
Content-Type: application/json; charset=utf-8
cache-control: no-cache
content-length: 14

15:21:53.953 [AsyncHttpClient-1-2] DEBUG org.asynchttpclient.netty.channel.ChannelManager - Adding key: http://localhost:44337 for channel [id: 0xe2458fda, L:/127.0.0.1:56492 - R:localhost/127.0.0.1:44337]
15:21:53.955 [Forwarding getCurrentUrl on session e66592ae6358f7f0d393909f22180203 to remote] DEBUG org.asynchttpclient.netty.request.NettyRequestSender - Using pooled Channel '[id: 0xe2458fda, L:/127.0.0.1:56492 - R:localhost/127.0.0.1:44337]' for 'GET' to 'http://localhost:44337/session/e66592ae6358f7f0d393909f22180203/url'
15:21:53.955 [Forwarding getCurrentUrl on session e66592ae6358f7f0d393909f22180203 to remote] DEBUG org.asynchttpclient.netty.request.NettyRequestSender - Using open Channel [id: 0xe2458fda, L:/127.0.0.1:56492 - R:localhost/127.0.0.1:44337] for GET '/session/e66592ae6358f7f0d393909f22180203/url'
15:21:53.959 [AsyncHttpClient-1-2] DEBUG org.asynchttpclient.netty.handler.HttpHandler - 

Request DefaultFullHttpRequest(decodeResult: success, version: HTTP/1.1, content: EmptyByteBufBE)
GET /session/e66592ae6358f7f0d393909f22180203/url HTTP/1.1
User-Agent: selenium/4.6.0 (java windows)
Cache-Control: no-cache
Content-Type: application/json; charset=utf-8
host: localhost:44337
accept: */*

Response DefaultHttpResponse(decodeResult: success, version: HTTP/1.1)
HTTP/1.1 200 OK
Content-Type: application/json; charset=utf-8
cache-control: no-cache
content-length: 38

15:21:53.959 [AsyncHttpClient-1-2] DEBUG org.asynchttpclient.netty.channel.ChannelManager - Adding key: http://localhost:44337 for channel [id: 0xe2458fda, L:/127.0.0.1:56492 - R:localhost/127.0.0.1:44337]
15:21:53.962 [Forwarding screenshot on session e66592ae6358f7f0d393909f22180203 to remote] DEBUG org.asynchttpclient.netty.request.NettyRequestSender - Using pooled Channel '[id: 0xe2458fda, L:/127.0.0.1:56492 - R:localhost/127.0.0.1:44337]' for 'GET' to 'http://localhost:44337/session/e66592ae6358f7f0d393909f22180203/screenshot'
15:21:53.962 [Forwarding screenshot on session e66592ae6358f7f0d393909f22180203 to remote] DEBUG org.asynchttpclient.netty.request.NettyRequestSender - Using open Channel [id: 0xe2458fda, L:/127.0.0.1:56492 - R:localhost/127.0.0.1:44337] for GET '/session/e66592ae6358f7f0d393909f22180203/screenshot'
15:21:54.142 [AsyncHttpClient-1-1] DEBUG org.asynchttpclient.netty.channel.DefaultChannelPool - Entry count for : http://localhost:56493 : 1
15:21:54.176 [AsyncHttpClient-1-2] DEBUG org.asynchttpclient.netty.handler.HttpHandler - 

Request DefaultFullHttpRequest(decodeResult: success, version: HTTP/1.1, content: EmptyByteBufBE)
GET /session/e66592ae6358f7f0d393909f22180203/screenshot HTTP/1.1
User-Agent: selenium/4.6.0 (java windows)
Cache-Control: no-cache
Content-Type: application/json; charset=utf-8
host: localhost:44337
accept: */*

Response DefaultHttpResponse(decodeResult: success, version: HTTP/1.1)
HTTP/1.1 200 OK
Content-Type: application/json; charset=utf-8
cache-control: no-cache
content-length: 426400

15:21:54.178 [AsyncHttpClient-1-2] DEBUG org.asynchttpclient.netty.channel.ChannelManager - Adding key: http://localhost:44337 for channel [id: 0xe2458fda, L:/127.0.0.1:56492 - R:localhost/127.0.0.1:44337]
15:21:54.185 [Test worker] DEBUG net.serenitybdd.core.photography.Darkroom - Send negative for processing for C:\Users\Usuario\Documents\retoAutomatizacion\e2e\RetoDemoBlaze\target\site\serenity\c473d92b9f05ee3600337dca00e696398b8ab504b5fb65fce2e9d0cb20dc2826.png
15:21:54.185 [Darkroom Processing Line] DEBUG net.serenitybdd.core.photography.DarkroomProcessingLine - Processing screenshot image in /var/screenshots/screenshot-6529571838339262094
15:21:54.185 [Darkroom Processing Line] DEBUG net.serenitybdd.core.photography.DarkroomProcessingLine - Saving screenshot to C:\Users\Usuario\Documents\retoAutomatizacion\e2e\RetoDemoBlaze\target\site\serenity\c473d92b9f05ee3600337dca00e696398b8ab504b5fb65fce2e9d0cb20dc2826.png
15:21:54.185 [Test worker] DEBUG net.thucydides.core.steps.StepInterceptor - STEP DONE: {0} clicks on #target
15:21:54.203 [Test worker] DEBUG net.serenitybdd.screenplay.targets.IFrameSwitcher - default content already selected for Username
15:21:54.211 [Forwarding findElements on session e66592ae6358f7f0d393909f22180203 to remote] DEBUG org.asynchttpclient.netty.request.NettyRequestSender - Using pooled Channel '[id: 0xe2458fda, L:/127.0.0.1:56492 - R:localhost/127.0.0.1:44337]' for 'POST' to 'http://localhost:44337/session/e66592ae6358f7f0d393909f22180203/elements'
15:21:54.211 [Forwarding findElements on session e66592ae6358f7f0d393909f22180203 to remote] DEBUG org.asynchttpclient.netty.request.NettyRequestSender - Using open Channel [id: 0xe2458fda, L:/127.0.0.1:56492 - R:localhost/127.0.0.1:44337] for POST '/session/e66592ae6358f7f0d393909f22180203/elements'
15:21:54.221 [AsyncHttpClient-1-2] DEBUG org.asynchttpclient.netty.handler.HttpHandler - 

Request DefaultHttpRequest(decodeResult: success, version: HTTP/1.1)
POST /session/e66592ae6358f7f0d393909f22180203/elements HTTP/1.1
User-Agent: selenium/4.6.0 (java windows)
Content-Length: 55
Content-Type: application/json; charset=utf-8
host: localhost:44337
accept: */*

Response DefaultHttpResponse(decodeResult: success, version: HTTP/1.1)
HTTP/1.1 200 OK
Content-Type: application/json; charset=utf-8
cache-control: no-cache
content-length: 97

15:21:54.222 [AsyncHttpClient-1-2] DEBUG org.asynchttpclient.netty.channel.ChannelManager - Adding key: http://localhost:44337 for channel [id: 0xe2458fda, L:/127.0.0.1:56492 - R:localhost/127.0.0.1:44337]
15:21:54.246 [Forwarding isElementDisplayed on session e66592ae6358f7f0d393909f22180203 to remote] DEBUG org.asynchttpclient.netty.request.NettyRequestSender - Using pooled Channel '[id: 0xe2458fda, L:/127.0.0.1:56492 - R:localhost/127.0.0.1:44337]' for 'POST' to 'http://localhost:44337/session/e66592ae6358f7f0d393909f22180203/execute/sync'
15:21:54.246 [Forwarding isElementDisplayed on session e66592ae6358f7f0d393909f22180203 to remote] DEBUG org.asynchttpclient.netty.request.NettyRequestSender - Using open Channel [id: 0xe2458fda, L:/127.0.0.1:56492 - R:localhost/127.0.0.1:44337] for POST '/session/e66592ae6358f7f0d393909f22180203/execute/sync'
15:21:54.254 [AsyncHttpClient-1-2] DEBUG org.asynchttpclient.netty.handler.HttpHandler - 

Request DefaultHttpRequest(decodeResult: success, version: HTTP/1.1)
POST /session/e66592ae6358f7f0d393909f22180203/execute/sync HTTP/1.1
User-Agent: selenium/4.6.0 (java windows)
Content-Length: 48787
Content-Type: application/json; charset=utf-8
host: localhost:44337
accept: */*

Response DefaultHttpResponse(decodeResult: success, version: HTTP/1.1)
HTTP/1.1 200 OK
Content-Type: application/json; charset=utf-8
cache-control: no-cache
content-length: 15

15:21:54.254 [AsyncHttpClient-1-2] DEBUG org.asynchttpclient.netty.channel.ChannelManager - Adding key: http://localhost:44337 for channel [id: 0xe2458fda, L:/127.0.0.1:56492 - R:localhost/127.0.0.1:44337]
15:21:54.358 [Forwarding isElementDisplayed on session e66592ae6358f7f0d393909f22180203 to remote] DEBUG org.asynchttpclient.netty.request.NettyRequestSender - Using pooled Channel '[id: 0xe2458fda, L:/127.0.0.1:56492 - R:localhost/127.0.0.1:44337]' for 'POST' to 'http://localhost:44337/session/e66592ae6358f7f0d393909f22180203/execute/sync'
15:21:54.358 [Forwarding isElementDisplayed on session e66592ae6358f7f0d393909f22180203 to remote] DEBUG org.asynchttpclient.netty.request.NettyRequestSender - Using open Channel [id: 0xe2458fda, L:/127.0.0.1:56492 - R:localhost/127.0.0.1:44337] for POST '/session/e66592ae6358f7f0d393909f22180203/execute/sync'
15:21:54.365 [AsyncHttpClient-1-2] DEBUG org.asynchttpclient.netty.handler.HttpHandler - 

Request DefaultHttpRequest(decodeResult: success, version: HTTP/1.1)
POST /session/e66592ae6358f7f0d393909f22180203/execute/sync HTTP/1.1
User-Agent: selenium/4.6.0 (java windows)
Content-Length: 48787
Content-Type: application/json; charset=utf-8
host: localhost:44337
accept: */*

Response DefaultHttpResponse(decodeResult: success, version: HTTP/1.1)
HTTP/1.1 200 OK
Content-Type: application/json; charset=utf-8
cache-control: no-cache
content-length: 15

15:21:54.365 [AsyncHttpClient-1-2] DEBUG org.asynchttpclient.netty.channel.ChannelManager - Adding key: http://localhost:44337 for channel [id: 0xe2458fda, L:/127.0.0.1:56492 - R:localhost/127.0.0.1:44337]
15:21:54.482 [Forwarding isElementDisplayed on session e66592ae6358f7f0d393909f22180203 to remote] DEBUG org.asynchttpclient.netty.request.NettyRequestSender - Using pooled Channel '[id: 0xe2458fda, L:/127.0.0.1:56492 - R:localhost/127.0.0.1:44337]' for 'POST' to 'http://localhost:44337/session/e66592ae6358f7f0d393909f22180203/execute/sync'
15:21:54.482 [Forwarding isElementDisplayed on session e66592ae6358f7f0d393909f22180203 to remote] DEBUG org.asynchttpclient.netty.request.NettyRequestSender - Using open Channel [id: 0xe2458fda, L:/127.0.0.1:56492 - R:localhost/127.0.0.1:44337] for POST '/session/e66592ae6358f7f0d393909f22180203/execute/sync'
15:21:54.489 [AsyncHttpClient-1-2] DEBUG org.asynchttpclient.netty.handler.HttpHandler - 

Request DefaultHttpRequest(decodeResult: success, version: HTTP/1.1)
POST /session/e66592ae6358f7f0d393909f22180203/execute/sync HTTP/1.1
User-Agent: selenium/4.6.0 (java windows)
Content-Length: 48787
Content-Type: application/json; charset=utf-8
host: localhost:44337
accept: */*

Response DefaultHttpResponse(decodeResult: success, version: HTTP/1.1)
HTTP/1.1 200 OK
Content-Type: application/json; charset=utf-8
cache-control: no-cache
content-length: 15

15:21:54.490 [AsyncHttpClient-1-2] DEBUG org.asynchttpclient.netty.channel.ChannelManager - Adding key: http://localhost:44337 for channel [id: 0xe2458fda, L:/127.0.0.1:56492 - R:localhost/127.0.0.1:44337]
15:21:54.608 [Forwarding isElementDisplayed on session e66592ae6358f7f0d393909f22180203 to remote] DEBUG org.asynchttpclient.netty.request.NettyRequestSender - Using pooled Channel '[id: 0xe2458fda, L:/127.0.0.1:56492 - R:localhost/127.0.0.1:44337]' for 'POST' to 'http://localhost:44337/session/e66592ae6358f7f0d393909f22180203/execute/sync'
15:21:54.608 [Forwarding isElementDisplayed on session e66592ae6358f7f0d393909f22180203 to remote] DEBUG org.asynchttpclient.netty.request.NettyRequestSender - Using open Channel [id: 0xe2458fda, L:/127.0.0.1:56492 - R:localhost/127.0.0.1:44337] for POST '/session/e66592ae6358f7f0d393909f22180203/execute/sync'
15:21:54.616 [AsyncHttpClient-1-2] DEBUG org.asynchttpclient.netty.handler.HttpHandler - 

Request DefaultHttpRequest(decodeResult: success, version: HTTP/1.1)
POST /session/e66592ae6358f7f0d393909f22180203/execute/sync HTTP/1.1
User-Agent: selenium/4.6.0 (java windows)
Content-Length: 48787
Content-Type: application/json; charset=utf-8
host: localhost:44337
accept: */*

Response DefaultHttpResponse(decodeResult: success, version: HTTP/1.1)
HTTP/1.1 200 OK
Content-Type: application/json; charset=utf-8
cache-control: no-cache
content-length: 15

15:21:54.617 [AsyncHttpClient-1-2] DEBUG org.asynchttpclient.netty.channel.ChannelManager - Adding key: http://localhost:44337 for channel [id: 0xe2458fda, L:/127.0.0.1:56492 - R:localhost/127.0.0.1:44337]
15:21:54.729 [Forwarding isElementDisplayed on session e66592ae6358f7f0d393909f22180203 to remote] DEBUG org.asynchttpclient.netty.request.NettyRequestSender - Using pooled Channel '[id: 0xe2458fda, L:/127.0.0.1:56492 - R:localhost/127.0.0.1:44337]' for 'POST' to 'http://localhost:44337/session/e66592ae6358f7f0d393909f22180203/execute/sync'
15:21:54.729 [Forwarding isElementDisplayed on session e66592ae6358f7f0d393909f22180203 to remote] DEBUG org.asynchttpclient.netty.request.NettyRequestSender - Using open Channel [id: 0xe2458fda, L:/127.0.0.1:56492 - R:localhost/127.0.0.1:44337] for POST '/session/e66592ae6358f7f0d393909f22180203/execute/sync'
15:21:54.736 [AsyncHttpClient-1-2] DEBUG org.asynchttpclient.netty.handler.HttpHandler - 

Request DefaultHttpRequest(decodeResult: success, version: HTTP/1.1)
POST /session/e66592ae6358f7f0d393909f22180203/execute/sync HTTP/1.1
User-Agent: selenium/4.6.0 (java windows)
Content-Length: 48787
Content-Type: application/json; charset=utf-8
host: localhost:44337
accept: */*

Response DefaultHttpResponse(decodeResult: success, version: HTTP/1.1)
HTTP/1.1 200 OK
Content-Type: application/json; charset=utf-8
cache-control: no-cache
content-length: 15

15:21:54.736 [AsyncHttpClient-1-2] DEBUG org.asynchttpclient.netty.channel.ChannelManager - Adding key: http://localhost:44337 for channel [id: 0xe2458fda, L:/127.0.0.1:56492 - R:localhost/127.0.0.1:44337]
15:21:54.855 [Forwarding isElementDisplayed on session e66592ae6358f7f0d393909f22180203 to remote] DEBUG org.asynchttpclient.netty.request.NettyRequestSender - Using pooled Channel '[id: 0xe2458fda, L:/127.0.0.1:56492 - R:localhost/127.0.0.1:44337]' for 'POST' to 'http://localhost:44337/session/e66592ae6358f7f0d393909f22180203/execute/sync'
15:21:54.855 [Forwarding isElementDisplayed on session e66592ae6358f7f0d393909f22180203 to remote] DEBUG org.asynchttpclient.netty.request.NettyRequestSender - Using open Channel [id: 0xe2458fda, L:/127.0.0.1:56492 - R:localhost/127.0.0.1:44337] for POST '/session/e66592ae6358f7f0d393909f22180203/execute/sync'
15:21:55.243 [AsyncHttpClient-1-1] DEBUG org.asynchttpclient.netty.channel.DefaultChannelPool - Entry count for : http://localhost:56493 : 1
15:21:56.087 [AsyncHttpClient-1-2] DEBUG org.asynchttpclient.netty.handler.HttpHandler - 

Request DefaultHttpRequest(decodeResult: success, version: HTTP/1.1)
POST /session/e66592ae6358f7f0d393909f22180203/execute/sync HTTP/1.1
User-Agent: selenium/4.6.0 (java windows)
Content-Length: 48787
Content-Type: application/json; charset=utf-8
host: localhost:44337
accept: */*

Response DefaultHttpResponse(decodeResult: success, version: HTTP/1.1)
HTTP/1.1 404 Not Found
Content-Type: application/json; charset=utf-8
cache-control: no-cache
content-length: 1005

15:21:56.087 [AsyncHttpClient-1-2] DEBUG org.asynchttpclient.netty.channel.ChannelManager - Adding key: http://localhost:44337 for channel [id: 0xe2458fda, L:/127.0.0.1:56492 - R:localhost/127.0.0.1:44337]
15:21:56.109 [Forwarding isElementDisplayed on session e66592ae6358f7f0d393909f22180203 to remote] DEBUG org.asynchttpclient.netty.request.NettyRequestSender - Using pooled Channel '[id: 0xe2458fda, L:/127.0.0.1:56492 - R:localhost/127.0.0.1:44337]' for 'POST' to 'http://localhost:44337/session/e66592ae6358f7f0d393909f22180203/execute/sync'
15:21:56.109 [Forwarding isElementDisplayed on session e66592ae6358f7f0d393909f22180203 to remote] DEBUG org.asynchttpclient.netty.request.NettyRequestSender - Using open Channel [id: 0xe2458fda, L:/127.0.0.1:56492 - R:localhost/127.0.0.1:44337] for POST '/session/e66592ae6358f7f0d393909f22180203/execute/sync'
15:21:56.124 [AsyncHttpClient-1-2] DEBUG org.asynchttpclient.netty.handler.HttpHandler - 

Request DefaultHttpRequest(decodeResult: success, version: HTTP/1.1)
POST /session/e66592ae6358f7f0d393909f22180203/execute/sync HTTP/1.1
User-Agent: selenium/4.6.0 (java windows)
Content-Length: 48787
Content-Type: application/json; charset=utf-8
host: localhost:44337
accept: */*

Response DefaultHttpResponse(decodeResult: success, version: HTTP/1.1)
HTTP/1.1 404 Not Found
Content-Type: application/json; charset=utf-8
cache-control: no-cache
content-length: 1005

15:21:56.124 [AsyncHttpClient-1-2] DEBUG org.asynchttpclient.netty.channel.ChannelManager - Adding key: http://localhost:44337 for channel [id: 0xe2458fda, L:/127.0.0.1:56492 - R:localhost/127.0.0.1:44337]
15:21:56.270 [Test worker] DEBUG net.serenitybdd.screenplay.targets.IFrameSwitcher - default content already selected for Username
15:21:56.280 [Forwarding findElements on session e66592ae6358f7f0d393909f22180203 to remote] DEBUG org.asynchttpclient.netty.request.NettyRequestSender - Using pooled Channel '[id: 0xe2458fda, L:/127.0.0.1:56492 - R:localhost/127.0.0.1:44337]' for 'POST' to 'http://localhost:44337/session/e66592ae6358f7f0d393909f22180203/elements'
15:21:56.280 [Forwarding findElements on session e66592ae6358f7f0d393909f22180203 to remote] DEBUG org.asynchttpclient.netty.request.NettyRequestSender - Using open Channel [id: 0xe2458fda, L:/127.0.0.1:56492 - R:localhost/127.0.0.1:44337] for POST '/session/e66592ae6358f7f0d393909f22180203/elements'
15:21:56.287 [AsyncHttpClient-1-2] DEBUG org.asynchttpclient.netty.handler.HttpHandler - 

Request DefaultHttpRequest(decodeResult: success, version: HTTP/1.1)
POST /session/e66592ae6358f7f0d393909f22180203/elements HTTP/1.1
User-Agent: selenium/4.6.0 (java windows)
Content-Length: 55
Content-Type: application/json; charset=utf-8
host: localhost:44337
accept: */*

Response DefaultHttpResponse(decodeResult: success, version: HTTP/1.1)
HTTP/1.1 200 OK
Content-Type: application/json; charset=utf-8
cache-control: no-cache
content-length: 98

15:21:56.287 [AsyncHttpClient-1-2] DEBUG org.asynchttpclient.netty.channel.ChannelManager - Adding key: http://localhost:44337 for channel [id: 0xe2458fda, L:/127.0.0.1:56492 - R:localhost/127.0.0.1:44337]
15:21:56.304 [Forwarding isElementDisplayed on session e66592ae6358f7f0d393909f22180203 to remote] DEBUG org.asynchttpclient.netty.request.NettyRequestSender - Using pooled Channel '[id: 0xe2458fda, L:/127.0.0.1:56492 - R:localhost/127.0.0.1:44337]' for 'POST' to 'http://localhost:44337/session/e66592ae6358f7f0d393909f22180203/execute/sync'
15:21:56.304 [Forwarding isElementDisplayed on session e66592ae6358f7f0d393909f22180203 to remote] DEBUG org.asynchttpclient.netty.request.NettyRequestSender - Using open Channel [id: 0xe2458fda, L:/127.0.0.1:56492 - R:localhost/127.0.0.1:44337] for POST '/session/e66592ae6358f7f0d393909f22180203/execute/sync'
15:21:56.310 [AsyncHttpClient-1-2] DEBUG org.asynchttpclient.netty.handler.HttpHandler - 

Request DefaultHttpRequest(decodeResult: success, version: HTTP/1.1)
POST /session/e66592ae6358f7f0d393909f22180203/execute/sync HTTP/1.1
User-Agent: selenium/4.6.0 (java windows)
Content-Length: 48788
Content-Type: application/json; charset=utf-8
host: localhost:44337
accept: */*

Response DefaultHttpResponse(decodeResult: success, version: HTTP/1.1)
HTTP/1.1 200 OK
Content-Type: application/json; charset=utf-8
cache-control: no-cache
content-length: 15

15:21:56.311 [AsyncHttpClient-1-2] DEBUG org.asynchttpclient.netty.channel.ChannelManager - Adding key: http://localhost:44337 for channel [id: 0xe2458fda, L:/127.0.0.1:56492 - R:localhost/127.0.0.1:44337]
15:21:56.342 [AsyncHttpClient-1-1] DEBUG org.asynchttpclient.netty.channel.DefaultChannelPool - Entry count for : http://localhost:56493 : 1
15:21:56.342 [AsyncHttpClient-1-1] DEBUG org.asynchttpclient.netty.channel.DefaultChannelPool - Entry count for : http://localhost:44337 : 1
15:21:56.419 [Forwarding isElementDisplayed on session e66592ae6358f7f0d393909f22180203 to remote] DEBUG org.asynchttpclient.netty.request.NettyRequestSender - Using pooled Channel '[id: 0xe2458fda, L:/127.0.0.1:56492 - R:localhost/127.0.0.1:44337]' for 'POST' to 'http://localhost:44337/session/e66592ae6358f7f0d393909f22180203/execute/sync'
15:21:56.419 [Forwarding isElementDisplayed on session e66592ae6358f7f0d393909f22180203 to remote] DEBUG org.asynchttpclient.netty.request.NettyRequestSender - Using open Channel [id: 0xe2458fda, L:/127.0.0.1:56492 - R:localhost/127.0.0.1:44337] for POST '/session/e66592ae6358f7f0d393909f22180203/execute/sync'
15:21:56.427 [AsyncHttpClient-1-2] DEBUG org.asynchttpclient.netty.handler.HttpHandler - 

Request DefaultHttpRequest(decodeResult: success, version: HTTP/1.1)
POST /session/e66592ae6358f7f0d393909f22180203/execute/sync HTTP/1.1
User-Agent: selenium/4.6.0 (java windows)
Content-Length: 48788
Content-Type: application/json; charset=utf-8
host: localhost:44337
accept: */*

Response DefaultHttpResponse(decodeResult: success, version: HTTP/1.1)
HTTP/1.1 200 OK
Content-Type: application/json; charset=utf-8
cache-control: no-cache
content-length: 15

15:21:56.427 [AsyncHttpClient-1-2] DEBUG org.asynchttpclient.netty.channel.ChannelManager - Adding key: http://localhost:44337 for channel [id: 0xe2458fda, L:/127.0.0.1:56492 - R:localhost/127.0.0.1:44337]
15:21:56.544 [Forwarding isElementDisplayed on session e66592ae6358f7f0d393909f22180203 to remote] DEBUG org.asynchttpclient.netty.request.NettyRequestSender - Using pooled Channel '[id: 0xe2458fda, L:/127.0.0.1:56492 - R:localhost/127.0.0.1:44337]' for 'POST' to 'http://localhost:44337/session/e66592ae6358f7f0d393909f22180203/execute/sync'
15:21:56.544 [Forwarding isElementDisplayed on session e66592ae6358f7f0d393909f22180203 to remote] DEBUG org.asynchttpclient.netty.request.NettyRequestSender - Using open Channel [id: 0xe2458fda, L:/127.0.0.1:56492 - R:localhost/127.0.0.1:44337] for POST '/session/e66592ae6358f7f0d393909f22180203/execute/sync'
15:21:56.552 [AsyncHttpClient-1-2] DEBUG org.asynchttpclient.netty.handler.HttpHandler - 

Request DefaultHttpRequest(decodeResult: success, version: HTTP/1.1)
POST /session/e66592ae6358f7f0d393909f22180203/execute/sync HTTP/1.1
User-Agent: selenium/4.6.0 (java windows)
Content-Length: 48788
Content-Type: application/json; charset=utf-8
host: localhost:44337
accept: */*

Response DefaultHttpResponse(decodeResult: success, version: HTTP/1.1)
HTTP/1.1 200 OK
Content-Type: application/json; charset=utf-8
cache-control: no-cache
content-length: 15

15:21:56.552 [AsyncHttpClient-1-2] DEBUG org.asynchttpclient.netty.channel.ChannelManager - Adding key: http://localhost:44337 for channel [id: 0xe2458fda, L:/127.0.0.1:56492 - R:localhost/127.0.0.1:44337]
15:21:56.670 [Forwarding isElementDisplayed on session e66592ae6358f7f0d393909f22180203 to remote] DEBUG org.asynchttpclient.netty.request.NettyRequestSender - Using pooled Channel '[id: 0xe2458fda, L:/127.0.0.1:56492 - R:localhost/127.0.0.1:44337]' for 'POST' to 'http://localhost:44337/session/e66592ae6358f7f0d393909f22180203/execute/sync'
15:21:56.671 [Forwarding isElementDisplayed on session e66592ae6358f7f0d393909f22180203 to remote] DEBUG org.asynchttpclient.netty.request.NettyRequestSender - Using open Channel [id: 0xe2458fda, L:/127.0.0.1:56492 - R:localhost/127.0.0.1:44337] for POST '/session/e66592ae6358f7f0d393909f22180203/execute/sync'
15:21:56.681 [AsyncHttpClient-1-2] DEBUG org.asynchttpclient.netty.handler.HttpHandler - 

Request DefaultHttpRequest(decodeResult: success, version: HTTP/1.1)
POST /session/e66592ae6358f7f0d393909f22180203/execute/sync HTTP/1.1
User-Agent: selenium/4.6.0 (java windows)
Content-Length: 48788
Content-Type: application/json; charset=utf-8
host: localhost:44337
accept: */*

Response DefaultHttpResponse(decodeResult: success, version: HTTP/1.1)
HTTP/1.1 200 OK
Content-Type: application/json; charset=utf-8
cache-control: no-cache
content-length: 15

15:21:56.682 [AsyncHttpClient-1-2] DEBUG org.asynchttpclient.netty.channel.ChannelManager - Adding key: http://localhost:44337 for channel [id: 0xe2458fda, L:/127.0.0.1:56492 - R:localhost/127.0.0.1:44337]
15:21:56.791 [Forwarding isElementDisplayed on session e66592ae6358f7f0d393909f22180203 to remote] DEBUG org.asynchttpclient.netty.request.NettyRequestSender - Using pooled Channel '[id: 0xe2458fda, L:/127.0.0.1:56492 - R:localhost/127.0.0.1:44337]' for 'POST' to 'http://localhost:44337/session/e66592ae6358f7f0d393909f22180203/execute/sync'
15:21:56.791 [Forwarding isElementDisplayed on session e66592ae6358f7f0d393909f22180203 to remote] DEBUG org.asynchttpclient.netty.request.NettyRequestSender - Using open Channel [id: 0xe2458fda, L:/127.0.0.1:56492 - R:localhost/127.0.0.1:44337] for POST '/session/e66592ae6358f7f0d393909f22180203/execute/sync'
15:21:56.801 [AsyncHttpClient-1-2] DEBUG org.asynchttpclient.netty.handler.HttpHandler - 

Request DefaultHttpRequest(decodeResult: success, version: HTTP/1.1)
POST /session/e66592ae6358f7f0d393909f22180203/execute/sync HTTP/1.1
User-Agent: selenium/4.6.0 (java windows)
Content-Length: 48788
Content-Type: application/json; charset=utf-8
host: localhost:44337
accept: */*

Response DefaultHttpResponse(decodeResult: success, version: HTTP/1.1)
HTTP/1.1 200 OK
Content-Type: application/json; charset=utf-8
cache-control: no-cache
content-length: 15

15:21:56.801 [AsyncHttpClient-1-2] DEBUG org.asynchttpclient.netty.channel.ChannelManager - Adding key: http://localhost:44337 for channel [id: 0xe2458fda, L:/127.0.0.1:56492 - R:localhost/127.0.0.1:44337]
15:21:56.916 [Forwarding isElementDisplayed on session e66592ae6358f7f0d393909f22180203 to remote] DEBUG org.asynchttpclient.netty.request.NettyRequestSender - Using pooled Channel '[id: 0xe2458fda, L:/127.0.0.1:56492 - R:localhost/127.0.0.1:44337]' for 'POST' to 'http://localhost:44337/session/e66592ae6358f7f0d393909f22180203/execute/sync'
15:21:56.916 [Forwarding isElementDisplayed on session e66592ae6358f7f0d393909f22180203 to remote] DEBUG org.asynchttpclient.netty.request.NettyRequestSender - Using open Channel [id: 0xe2458fda, L:/127.0.0.1:56492 - R:localhost/127.0.0.1:44337] for POST '/session/e66592ae6358f7f0d393909f22180203/execute/sync'
15:21:56.924 [AsyncHttpClient-1-2] DEBUG org.asynchttpclient.netty.handler.HttpHandler - 

Request DefaultHttpRequest(decodeResult: success, version: HTTP/1.1)
POST /session/e66592ae6358f7f0d393909f22180203/execute/sync HTTP/1.1
User-Agent: selenium/4.6.0 (java windows)
Content-Length: 48788
Content-Type: application/json; charset=utf-8
host: localhost:44337
accept: */*

Response DefaultHttpResponse(decodeResult: success, version: HTTP/1.1)
HTTP/1.1 200 OK
Content-Type: application/json; charset=utf-8
cache-control: no-cache
content-length: 14

15:21:56.924 [AsyncHttpClient-1-2] DEBUG org.asynchttpclient.netty.channel.ChannelManager - Adding key: http://localhost:44337 for channel [id: 0xe2458fda, L:/127.0.0.1:56492 - R:localhost/127.0.0.1:44337]
15:21:56.926 [Forwarding isElementDisplayed on session e66592ae6358f7f0d393909f22180203 to remote] DEBUG org.asynchttpclient.netty.request.NettyRequestSender - Using pooled Channel '[id: 0xe2458fda, L:/127.0.0.1:56492 - R:localhost/127.0.0.1:44337]' for 'POST' to 'http://localhost:44337/session/e66592ae6358f7f0d393909f22180203/execute/sync'
15:21:56.926 [Forwarding isElementDisplayed on session e66592ae6358f7f0d393909f22180203 to remote] DEBUG org.asynchttpclient.netty.request.NettyRequestSender - Using open Channel [id: 0xe2458fda, L:/127.0.0.1:56492 - R:localhost/127.0.0.1:44337] for POST '/session/e66592ae6358f7f0d393909f22180203/execute/sync'
15:21:56.931 [AsyncHttpClient-1-2] DEBUG org.asynchttpclient.netty.handler.HttpHandler - 

Request DefaultHttpRequest(decodeResult: success, version: HTTP/1.1)
POST /session/e66592ae6358f7f0d393909f22180203/execute/sync HTTP/1.1
User-Agent: selenium/4.6.0 (java windows)
Content-Length: 48788
Content-Type: application/json; charset=utf-8
host: localhost:44337
accept: */*

Response DefaultHttpResponse(decodeResult: success, version: HTTP/1.1)
HTTP/1.1 200 OK
Content-Type: application/json; charset=utf-8
cache-control: no-cache
content-length: 14

15:21:56.931 [AsyncHttpClient-1-2] DEBUG org.asynchttpclient.netty.channel.ChannelManager - Adding key: http://localhost:44337 for channel [id: 0xe2458fda, L:/127.0.0.1:56492 - R:localhost/127.0.0.1:44337]
15:21:56.959 [Forwarding getCurrentWindowHandle on session e66592ae6358f7f0d393909f22180203 to remote] DEBUG org.asynchttpclient.netty.request.NettyRequestSender - Using pooled Channel '[id: 0xe2458fda, L:/127.0.0.1:56492 - R:localhost/127.0.0.1:44337]' for 'GET' to 'http://localhost:44337/session/e66592ae6358f7f0d393909f22180203/window'
15:21:56.959 [Forwarding getCurrentWindowHandle on session e66592ae6358f7f0d393909f22180203 to remote] DEBUG org.asynchttpclient.netty.request.NettyRequestSender - Using open Channel [id: 0xe2458fda, L:/127.0.0.1:56492 - R:localhost/127.0.0.1:44337] for GET '/session/e66592ae6358f7f0d393909f22180203/window'
15:21:56.960 [AsyncHttpClient-1-2] DEBUG org.asynchttpclient.netty.handler.HttpHandler - 

Request DefaultFullHttpRequest(decodeResult: success, version: HTTP/1.1, content: EmptyByteBufBE)
GET /session/e66592ae6358f7f0d393909f22180203/window HTTP/1.1
User-Agent: selenium/4.6.0 (java windows)
Cache-Control: no-cache
Content-Type: application/json; charset=utf-8
host: localhost:44337
accept: */*

Response DefaultHttpResponse(decodeResult: success, version: HTTP/1.1)
HTTP/1.1 200 OK
Content-Type: application/json; charset=utf-8
cache-control: no-cache
content-length: 44

15:21:56.961 [AsyncHttpClient-1-2] DEBUG org.asynchttpclient.netty.channel.ChannelManager - Adding key: http://localhost:44337 for channel [id: 0xe2458fda, L:/127.0.0.1:56492 - R:localhost/127.0.0.1:44337]
15:21:56.970 [Forwarding getAlertText on session e66592ae6358f7f0d393909f22180203 to remote] DEBUG org.asynchttpclient.netty.request.NettyRequestSender - Using pooled Channel '[id: 0xe2458fda, L:/127.0.0.1:56492 - R:localhost/127.0.0.1:44337]' for 'GET' to 'http://localhost:44337/session/e66592ae6358f7f0d393909f22180203/alert/text'
15:21:56.970 [Forwarding getAlertText on session e66592ae6358f7f0d393909f22180203 to remote] DEBUG org.asynchttpclient.netty.request.NettyRequestSender - Using open Channel [id: 0xe2458fda, L:/127.0.0.1:56492 - R:localhost/127.0.0.1:44337] for GET '/session/e66592ae6358f7f0d393909f22180203/alert/text'
15:21:56.972 [AsyncHttpClient-1-2] DEBUG org.asynchttpclient.netty.handler.HttpHandler - 

Request DefaultFullHttpRequest(decodeResult: success, version: HTTP/1.1, content: EmptyByteBufBE)
GET /session/e66592ae6358f7f0d393909f22180203/alert/text HTTP/1.1
User-Agent: selenium/4.6.0 (java windows)
Cache-Control: no-cache
Content-Type: application/json; charset=utf-8
host: localhost:44337
accept: */*

Response DefaultHttpResponse(decodeResult: success, version: HTTP/1.1)
HTTP/1.1 404 Not Found
Content-Type: application/json; charset=utf-8
cache-control: no-cache
content-length: 848

15:21:56.972 [AsyncHttpClient-1-2] DEBUG org.asynchttpclient.netty.channel.ChannelManager - Adding key: http://localhost:44337 for channel [id: 0xe2458fda, L:/127.0.0.1:56492 - R:localhost/127.0.0.1:44337]
15:21:56.979 [Forwarding switchToWindow on session e66592ae6358f7f0d393909f22180203 to remote] DEBUG org.asynchttpclient.netty.request.NettyRequestSender - Using pooled Channel '[id: 0xe2458fda, L:/127.0.0.1:56492 - R:localhost/127.0.0.1:44337]' for 'POST' to 'http://localhost:44337/session/e66592ae6358f7f0d393909f22180203/window'
15:21:56.979 [Forwarding switchToWindow on session e66592ae6358f7f0d393909f22180203 to remote] DEBUG org.asynchttpclient.netty.request.NettyRequestSender - Using open Channel [id: 0xe2458fda, L:/127.0.0.1:56492 - R:localhost/127.0.0.1:44337] for POST '/session/e66592ae6358f7f0d393909f22180203/window'
15:21:56.981 [AsyncHttpClient-1-2] DEBUG org.asynchttpclient.netty.handler.HttpHandler - 

Request DefaultHttpRequest(decodeResult: success, version: HTTP/1.1)
POST /session/e66592ae6358f7f0d393909f22180203/window HTTP/1.1
User-Agent: selenium/4.6.0 (java windows)
Content-Length: 50
Content-Type: application/json; charset=utf-8
host: localhost:44337
accept: */*

Response DefaultHttpResponse(decodeResult: success, version: HTTP/1.1)
HTTP/1.1 200 OK
Content-Type: application/json; charset=utf-8
cache-control: no-cache
content-length: 14

15:21:56.981 [AsyncHttpClient-1-2] DEBUG org.asynchttpclient.netty.channel.ChannelManager - Adding key: http://localhost:44337 for channel [id: 0xe2458fda, L:/127.0.0.1:56492 - R:localhost/127.0.0.1:44337]
15:21:56.982 [Forwarding getCurrentUrl on session e66592ae6358f7f0d393909f22180203 to remote] DEBUG org.asynchttpclient.netty.request.NettyRequestSender - Using pooled Channel '[id: 0xe2458fda, L:/127.0.0.1:56492 - R:localhost/127.0.0.1:44337]' for 'GET' to 'http://localhost:44337/session/e66592ae6358f7f0d393909f22180203/url'
15:21:56.982 [Forwarding getCurrentUrl on session e66592ae6358f7f0d393909f22180203 to remote] DEBUG org.asynchttpclient.netty.request.NettyRequestSender - Using open Channel [id: 0xe2458fda, L:/127.0.0.1:56492 - R:localhost/127.0.0.1:44337] for GET '/session/e66592ae6358f7f0d393909f22180203/url'
15:21:56.987 [AsyncHttpClient-1-2] DEBUG org.asynchttpclient.netty.handler.HttpHandler - 

Request DefaultFullHttpRequest(decodeResult: success, version: HTTP/1.1, content: EmptyByteBufBE)
GET /session/e66592ae6358f7f0d393909f22180203/url HTTP/1.1
User-Agent: selenium/4.6.0 (java windows)
Cache-Control: no-cache
Content-Type: application/json; charset=utf-8
host: localhost:44337
accept: */*

Response DefaultHttpResponse(decodeResult: success, version: HTTP/1.1)
HTTP/1.1 200 OK
Content-Type: application/json; charset=utf-8
cache-control: no-cache
content-length: 38

15:21:56.987 [AsyncHttpClient-1-2] DEBUG org.asynchttpclient.netty.channel.ChannelManager - Adding key: http://localhost:44337 for channel [id: 0xe2458fda, L:/127.0.0.1:56492 - R:localhost/127.0.0.1:44337]
15:21:56.988 [Forwarding screenshot on session e66592ae6358f7f0d393909f22180203 to remote] DEBUG org.asynchttpclient.netty.request.NettyRequestSender - Using pooled Channel '[id: 0xe2458fda, L:/127.0.0.1:56492 - R:localhost/127.0.0.1:44337]' for 'GET' to 'http://localhost:44337/session/e66592ae6358f7f0d393909f22180203/screenshot'
15:21:56.988 [Forwarding screenshot on session e66592ae6358f7f0d393909f22180203 to remote] DEBUG org.asynchttpclient.netty.request.NettyRequestSender - Using open Channel [id: 0xe2458fda, L:/127.0.0.1:56492 - R:localhost/127.0.0.1:44337] for GET '/session/e66592ae6358f7f0d393909f22180203/screenshot'
15:21:57.212 [AsyncHttpClient-1-2] DEBUG org.asynchttpclient.netty.handler.HttpHandler - 

Request DefaultFullHttpRequest(decodeResult: success, version: HTTP/1.1, content: EmptyByteBufBE)
GET /session/e66592ae6358f7f0d393909f22180203/screenshot HTTP/1.1
User-Agent: selenium/4.6.0 (java windows)
Cache-Control: no-cache
Content-Type: application/json; charset=utf-8
host: localhost:44337
accept: */*

Response DefaultHttpResponse(decodeResult: success, version: HTTP/1.1)
HTTP/1.1 200 OK
Content-Type: application/json; charset=utf-8
cache-control: no-cache
content-length: 704704

15:21:57.214 [AsyncHttpClient-1-2] DEBUG org.asynchttpclient.netty.channel.ChannelManager - Adding key: http://localhost:44337 for channel [id: 0xe2458fda, L:/127.0.0.1:56492 - R:localhost/127.0.0.1:44337]
15:21:57.224 [Test worker] DEBUG net.serenitybdd.core.photography.Darkroom - Send negative for processing for C:\Users\Usuario\Documents\retoAutomatizacion\e2e\RetoDemoBlaze\target\site\serenity\6b1228dab63a325ef610515d8b9b07d33f52ed39eb7123fc30209f340fc1ab70.png
15:21:57.225 [Darkroom Processing Line] DEBUG net.serenitybdd.core.photography.DarkroomProcessingLine - Processing screenshot image in /var/screenshots/screenshot-17639634859267806313
15:21:57.225 [Test worker] DEBUG net.thucydides.core.steps.StepInterceptor - STEP DONE: performAs
15:21:57.225 [Darkroom Processing Line] DEBUG net.serenitybdd.core.photography.DarkroomProcessingLine - Saving screenshot to C:\Users\Usuario\Documents\retoAutomatizacion\e2e\RetoDemoBlaze\target\site\serenity\6b1228dab63a325ef610515d8b9b07d33f52ed39eb7123fc30209f340fc1ab70.png
15:21:57.254 [Forwarding getPageSource on session e66592ae6358f7f0d393909f22180203 to remote] DEBUG org.asynchttpclient.netty.request.NettyRequestSender - Using pooled Channel '[id: 0xe2458fda, L:/127.0.0.1:56492 - R:localhost/127.0.0.1:44337]' for 'POST' to 'http://localhost:44337/session/e66592ae6358f7f0d393909f22180203/execute/sync'
15:21:57.254 [Forwarding getPageSource on session e66592ae6358f7f0d393909f22180203 to remote] DEBUG org.asynchttpclient.netty.request.NettyRequestSender - Using open Channel [id: 0xe2458fda, L:/127.0.0.1:56492 - R:localhost/127.0.0.1:44337] for POST '/session/e66592ae6358f7f0d393909f22180203/execute/sync'
15:21:57.264 [AsyncHttpClient-1-2] DEBUG org.asynchttpclient.netty.handler.HttpHandler - 

Request DefaultHttpRequest(decodeResult: success, version: HTTP/1.1)
POST /session/e66592ae6358f7f0d393909f22180203/execute/sync HTTP/1.1
User-Agent: selenium/4.6.0 (java windows)
Content-Length: 176
Content-Type: application/json; charset=utf-8
host: localhost:44337
accept: */*

Response DefaultHttpResponse(decodeResult: success, version: HTTP/1.1)
HTTP/1.1 200 OK
Content-Type: application/json; charset=utf-8
cache-control: no-cache
content-length: 57604

15:21:57.264 [AsyncHttpClient-1-2] DEBUG org.asynchttpclient.netty.channel.ChannelManager - Adding key: http://localhost:44337 for channel [id: 0xe2458fda, L:/127.0.0.1:56492 - R:localhost/127.0.0.1:44337]
15:21:57.269 [Forwarding getCurrentUrl on session e66592ae6358f7f0d393909f22180203 to remote] DEBUG org.asynchttpclient.netty.request.NettyRequestSender - Using pooled Channel '[id: 0xe2458fda, L:/127.0.0.1:56492 - R:localhost/127.0.0.1:44337]' for 'GET' to 'http://localhost:44337/session/e66592ae6358f7f0d393909f22180203/url'
15:21:57.269 [Forwarding getCurrentUrl on session e66592ae6358f7f0d393909f22180203 to remote] DEBUG org.asynchttpclient.netty.request.NettyRequestSender - Using open Channel [id: 0xe2458fda, L:/127.0.0.1:56492 - R:localhost/127.0.0.1:44337] for GET '/session/e66592ae6358f7f0d393909f22180203/url'
15:21:57.273 [AsyncHttpClient-1-2] DEBUG org.asynchttpclient.netty.handler.HttpHandler - 

Request DefaultFullHttpRequest(decodeResult: success, version: HTTP/1.1, content: EmptyByteBufBE)
GET /session/e66592ae6358f7f0d393909f22180203/url HTTP/1.1
User-Agent: selenium/4.6.0 (java windows)
Cache-Control: no-cache
Content-Type: application/json; charset=utf-8
host: localhost:44337
accept: */*

Response DefaultHttpResponse(decodeResult: success, version: HTTP/1.1)
HTTP/1.1 200 OK
Content-Type: application/json; charset=utf-8
cache-control: no-cache
content-length: 38

15:21:57.273 [AsyncHttpClient-1-2] DEBUG org.asynchttpclient.netty.channel.ChannelManager - Adding key: http://localhost:44337 for channel [id: 0xe2458fda, L:/127.0.0.1:56492 - R:localhost/127.0.0.1:44337]
15:21:57.296 [Test worker] DEBUG net.serenitybdd.screenplay.targets.IFrameSwitcher - default content already selected for Username
15:21:57.301 [Forwarding findElements on session e66592ae6358f7f0d393909f22180203 to remote] DEBUG org.asynchttpclient.netty.request.NettyRequestSender - Using pooled Channel '[id: 0xe2458fda, L:/127.0.0.1:56492 - R:localhost/127.0.0.1:44337]' for 'POST' to 'http://localhost:44337/session/e66592ae6358f7f0d393909f22180203/elements'
15:21:57.301 [Forwarding findElements on session e66592ae6358f7f0d393909f22180203 to remote] DEBUG org.asynchttpclient.netty.request.NettyRequestSender - Using open Channel [id: 0xe2458fda, L:/127.0.0.1:56492 - R:localhost/127.0.0.1:44337] for POST '/session/e66592ae6358f7f0d393909f22180203/elements'
15:21:57.310 [AsyncHttpClient-1-2] DEBUG org.asynchttpclient.netty.handler.HttpHandler - 

Request DefaultHttpRequest(decodeResult: success, version: HTTP/1.1)
POST /session/e66592ae6358f7f0d393909f22180203/elements HTTP/1.1
User-Agent: selenium/4.6.0 (java windows)
Content-Length: 55
Content-Type: application/json; charset=utf-8
host: localhost:44337
accept: */*

Response DefaultHttpResponse(decodeResult: success, version: HTTP/1.1)
HTTP/1.1 200 OK
Content-Type: application/json; charset=utf-8
cache-control: no-cache
content-length: 98

15:21:57.310 [AsyncHttpClient-1-2] DEBUG org.asynchttpclient.netty.channel.ChannelManager - Adding key: http://localhost:44337 for channel [id: 0xe2458fda, L:/127.0.0.1:56492 - R:localhost/127.0.0.1:44337]
15:21:57.326 [Forwarding getElementText on session e66592ae6358f7f0d393909f22180203 to remote] DEBUG org.asynchttpclient.netty.request.NettyRequestSender - Using pooled Channel '[id: 0xe2458fda, L:/127.0.0.1:56492 - R:localhost/127.0.0.1:44337]' for 'GET' to 'http://localhost:44337/session/e66592ae6358f7f0d393909f22180203/element/E755E529EE678933E5F006045EFB81A1_element_107/text'
15:21:57.326 [Forwarding getElementText on session e66592ae6358f7f0d393909f22180203 to remote] DEBUG org.asynchttpclient.netty.request.NettyRequestSender - Using open Channel [id: 0xe2458fda, L:/127.0.0.1:56492 - R:localhost/127.0.0.1:44337] for GET '/session/e66592ae6358f7f0d393909f22180203/element/E755E529EE678933E5F006045EFB81A1_element_107/text'
15:21:57.333 [AsyncHttpClient-1-2] DEBUG org.asynchttpclient.netty.handler.HttpHandler - 

Request DefaultFullHttpRequest(decodeResult: success, version: HTTP/1.1, content: EmptyByteBufBE)
GET /session/e66592ae6358f7f0d393909f22180203/element/E755E529EE678933E5F006045EFB81A1_element_107/text HTTP/1.1
User-Agent: selenium/4.6.0 (java windows)
Cache-Control: no-cache
Content-Type: application/json; charset=utf-8
host: localhost:44337
accept: */*

Response DefaultHttpResponse(decodeResult: success, version: HTTP/1.1)
HTTP/1.1 200 OK
Content-Type: application/json; charset=utf-8
cache-control: no-cache
content-length: 32

15:21:57.333 [AsyncHttpClient-1-2] DEBUG org.asynchttpclient.netty.channel.ChannelManager - Adding key: http://localhost:44337 for channel [id: 0xe2458fda, L:/127.0.0.1:56492 - R:localhost/127.0.0.1:44337]
15:21:57.354 [Forwarding getCurrentWindowHandle on session e66592ae6358f7f0d393909f22180203 to remote] DEBUG org.asynchttpclient.netty.request.NettyRequestSender - Using pooled Channel '[id: 0xe2458fda, L:/127.0.0.1:56492 - R:localhost/127.0.0.1:44337]' for 'GET' to 'http://localhost:44337/session/e66592ae6358f7f0d393909f22180203/window'
15:21:57.354 [Forwarding getCurrentWindowHandle on session e66592ae6358f7f0d393909f22180203 to remote] DEBUG org.asynchttpclient.netty.request.NettyRequestSender - Using open Channel [id: 0xe2458fda, L:/127.0.0.1:56492 - R:localhost/127.0.0.1:44337] for GET '/session/e66592ae6358f7f0d393909f22180203/window'
15:21:57.355 [AsyncHttpClient-1-2] DEBUG org.asynchttpclient.netty.handler.HttpHandler - 

Request DefaultFullHttpRequest(decodeResult: success, version: HTTP/1.1, content: EmptyByteBufBE)
GET /session/e66592ae6358f7f0d393909f22180203/window HTTP/1.1
User-Agent: selenium/4.6.0 (java windows)
Cache-Control: no-cache
Content-Type: application/json; charset=utf-8
host: localhost:44337
accept: */*

Response DefaultHttpResponse(decodeResult: success, version: HTTP/1.1)
HTTP/1.1 200 OK
Content-Type: application/json; charset=utf-8
cache-control: no-cache
content-length: 44

15:21:57.355 [AsyncHttpClient-1-2] DEBUG org.asynchttpclient.netty.channel.ChannelManager - Adding key: http://localhost:44337 for channel [id: 0xe2458fda, L:/127.0.0.1:56492 - R:localhost/127.0.0.1:44337]
15:21:57.360 [Forwarding getAlertText on session e66592ae6358f7f0d393909f22180203 to remote] DEBUG org.asynchttpclient.netty.request.NettyRequestSender - Using pooled Channel '[id: 0xe2458fda, L:/127.0.0.1:56492 - R:localhost/127.0.0.1:44337]' for 'GET' to 'http://localhost:44337/session/e66592ae6358f7f0d393909f22180203/alert/text'
15:21:57.361 [Forwarding getAlertText on session e66592ae6358f7f0d393909f22180203 to remote] DEBUG org.asynchttpclient.netty.request.NettyRequestSender - Using open Channel [id: 0xe2458fda, L:/127.0.0.1:56492 - R:localhost/127.0.0.1:44337] for GET '/session/e66592ae6358f7f0d393909f22180203/alert/text'
15:21:57.363 [AsyncHttpClient-1-2] DEBUG org.asynchttpclient.netty.handler.HttpHandler - 

Request DefaultFullHttpRequest(decodeResult: success, version: HTTP/1.1, content: EmptyByteBufBE)
GET /session/e66592ae6358f7f0d393909f22180203/alert/text HTTP/1.1
User-Agent: selenium/4.6.0 (java windows)
Cache-Control: no-cache
Content-Type: application/json; charset=utf-8
host: localhost:44337
accept: */*

Response DefaultHttpResponse(decodeResult: success, version: HTTP/1.1)
HTTP/1.1 404 Not Found
Content-Type: application/json; charset=utf-8
cache-control: no-cache
content-length: 848

15:21:57.363 [AsyncHttpClient-1-2] DEBUG org.asynchttpclient.netty.channel.ChannelManager - Adding key: http://localhost:44337 for channel [id: 0xe2458fda, L:/127.0.0.1:56492 - R:localhost/127.0.0.1:44337]
15:21:57.369 [Forwarding switchToWindow on session e66592ae6358f7f0d393909f22180203 to remote] DEBUG org.asynchttpclient.netty.request.NettyRequestSender - Using pooled Channel '[id: 0xe2458fda, L:/127.0.0.1:56492 - R:localhost/127.0.0.1:44337]' for 'POST' to 'http://localhost:44337/session/e66592ae6358f7f0d393909f22180203/window'
15:21:57.369 [Forwarding switchToWindow on session e66592ae6358f7f0d393909f22180203 to remote] DEBUG org.asynchttpclient.netty.request.NettyRequestSender - Using open Channel [id: 0xe2458fda, L:/127.0.0.1:56492 - R:localhost/127.0.0.1:44337] for POST '/session/e66592ae6358f7f0d393909f22180203/window'
15:21:57.372 [AsyncHttpClient-1-2] DEBUG org.asynchttpclient.netty.handler.HttpHandler - 

Request DefaultHttpRequest(decodeResult: success, version: HTTP/1.1)
POST /session/e66592ae6358f7f0d393909f22180203/window HTTP/1.1
User-Agent: selenium/4.6.0 (java windows)
Content-Length: 50
Content-Type: application/json; charset=utf-8
host: localhost:44337
accept: */*

Response DefaultHttpResponse(decodeResult: success, version: HTTP/1.1)
HTTP/1.1 200 OK
Content-Type: application/json; charset=utf-8
cache-control: no-cache
content-length: 14

15:21:57.372 [AsyncHttpClient-1-2] DEBUG org.asynchttpclient.netty.channel.ChannelManager - Adding key: http://localhost:44337 for channel [id: 0xe2458fda, L:/127.0.0.1:56492 - R:localhost/127.0.0.1:44337]
15:21:57.373 [Forwarding getCurrentUrl on session e66592ae6358f7f0d393909f22180203 to remote] DEBUG org.asynchttpclient.netty.request.NettyRequestSender - Using pooled Channel '[id: 0xe2458fda, L:/127.0.0.1:56492 - R:localhost/127.0.0.1:44337]' for 'GET' to 'http://localhost:44337/session/e66592ae6358f7f0d393909f22180203/url'
15:21:57.373 [Forwarding getCurrentUrl on session e66592ae6358f7f0d393909f22180203 to remote] DEBUG org.asynchttpclient.netty.request.NettyRequestSender - Using open Channel [id: 0xe2458fda, L:/127.0.0.1:56492 - R:localhost/127.0.0.1:44337] for GET '/session/e66592ae6358f7f0d393909f22180203/url'
15:21:57.379 [AsyncHttpClient-1-2] DEBUG org.asynchttpclient.netty.handler.HttpHandler - 

Request DefaultFullHttpRequest(decodeResult: success, version: HTTP/1.1, content: EmptyByteBufBE)
GET /session/e66592ae6358f7f0d393909f22180203/url HTTP/1.1
User-Agent: selenium/4.6.0 (java windows)
Cache-Control: no-cache
Content-Type: application/json; charset=utf-8
host: localhost:44337
accept: */*

Response DefaultHttpResponse(decodeResult: success, version: HTTP/1.1)
HTTP/1.1 200 OK
Content-Type: application/json; charset=utf-8
cache-control: no-cache
content-length: 38

15:21:57.379 [AsyncHttpClient-1-2] DEBUG org.asynchttpclient.netty.channel.ChannelManager - Adding key: http://localhost:44337 for channel [id: 0xe2458fda, L:/127.0.0.1:56492 - R:localhost/127.0.0.1:44337]
15:21:57.380 [Forwarding screenshot on session e66592ae6358f7f0d393909f22180203 to remote] DEBUG org.asynchttpclient.netty.request.NettyRequestSender - Using pooled Channel '[id: 0xe2458fda, L:/127.0.0.1:56492 - R:localhost/127.0.0.1:44337]' for 'GET' to 'http://localhost:44337/session/e66592ae6358f7f0d393909f22180203/screenshot'
15:21:57.380 [Forwarding screenshot on session e66592ae6358f7f0d393909f22180203 to remote] DEBUG org.asynchttpclient.netty.request.NettyRequestSender - Using open Channel [id: 0xe2458fda, L:/127.0.0.1:56492 - R:localhost/127.0.0.1:44337] for GET '/session/e66592ae6358f7f0d393909f22180203/screenshot'
15:21:57.446 [AsyncHttpClient-1-1] DEBUG org.asynchttpclient.netty.channel.DefaultChannelPool - Entry count for : http://localhost:56493 : 1
15:21:57.603 [AsyncHttpClient-1-2] DEBUG org.asynchttpclient.netty.handler.HttpHandler - 

Request DefaultFullHttpRequest(decodeResult: success, version: HTTP/1.1, content: EmptyByteBufBE)
GET /session/e66592ae6358f7f0d393909f22180203/screenshot HTTP/1.1
User-Agent: selenium/4.6.0 (java windows)
Cache-Control: no-cache
Content-Type: application/json; charset=utf-8
host: localhost:44337
accept: */*

Response DefaultHttpResponse(decodeResult: success, version: HTTP/1.1)
HTTP/1.1 200 OK
Content-Type: application/json; charset=utf-8
cache-control: no-cache
content-length: 704704

15:21:57.604 [AsyncHttpClient-1-2] DEBUG org.asynchttpclient.netty.channel.ChannelManager - Adding key: http://localhost:44337 for channel [id: 0xe2458fda, L:/127.0.0.1:56492 - R:localhost/127.0.0.1:44337]
15:21:57.614 [Test worker] DEBUG net.serenitybdd.core.photography.Darkroom - Send negative for processing for C:\Users\Usuario\Documents\retoAutomatizacion\e2e\RetoDemoBlaze\target\site\serenity\6b1228dab63a325ef610515d8b9b07d33f52ed39eb7123fc30209f340fc1ab70.png
  ?[32mDado ?[0m?[32mque soy un usuario registrado en Demoblaze?[0m                            ?[90m# org.example.stepsdefinition.demoBlazeStepDefinition.queSoyUnUsuarioRegistradoEnDemoblaze()?[0m
15:21:57.641 [Forwarding getPageSource on session e66592ae6358f7f0d393909f22180203 to remote] DEBUG org.asynchttpclient.netty.request.NettyRequestSender - Using pooled Channel '[id: 0xe2458fda, L:/127.0.0.1:56492 - R:localhost/127.0.0.1:44337]' for 'POST' to 'http://localhost:44337/session/e66592ae6358f7f0d393909f22180203/execute/sync'
15:21:57.641 [Forwarding getPageSource on session e66592ae6358f7f0d393909f22180203 to remote] DEBUG org.asynchttpclient.netty.request.NettyRequestSender - Using open Channel [id: 0xe2458fda, L:/127.0.0.1:56492 - R:localhost/127.0.0.1:44337] for POST '/session/e66592ae6358f7f0d393909f22180203/execute/sync'
15:21:57.650 [AsyncHttpClient-1-2] DEBUG org.asynchttpclient.netty.handler.HttpHandler - 

Request DefaultHttpRequest(decodeResult: success, version: HTTP/1.1)
POST /session/e66592ae6358f7f0d393909f22180203/execute/sync HTTP/1.1
User-Agent: selenium/4.6.0 (java windows)
Content-Length: 176
Content-Type: application/json; charset=utf-8
host: localhost:44337
accept: */*

Response DefaultHttpResponse(decodeResult: success, version: HTTP/1.1)
HTTP/1.1 200 OK
Content-Type: application/json; charset=utf-8
cache-control: no-cache
content-length: 57604

15:21:57.650 [AsyncHttpClient-1-2] DEBUG org.asynchttpclient.netty.channel.ChannelManager - Adding key: http://localhost:44337 for channel [id: 0xe2458fda, L:/127.0.0.1:56492 - R:localhost/127.0.0.1:44337]
15:21:57.657 [Forwarding getCurrentUrl on session e66592ae6358f7f0d393909f22180203 to remote] DEBUG org.asynchttpclient.netty.request.NettyRequestSender - Using pooled Channel '[id: 0xe2458fda, L:/127.0.0.1:56492 - R:localhost/127.0.0.1:44337]' for 'GET' to 'http://localhost:44337/session/e66592ae6358f7f0d393909f22180203/url'
15:21:57.657 [Forwarding getCurrentUrl on session e66592ae6358f7f0d393909f22180203 to remote] DEBUG org.asynchttpclient.netty.request.NettyRequestSender - Using open Channel [id: 0xe2458fda, L:/127.0.0.1:56492 - R:localhost/127.0.0.1:44337] for GET '/session/e66592ae6358f7f0d393909f22180203/url'
15:21:57.661 [AsyncHttpClient-1-2] DEBUG org.asynchttpclient.netty.handler.HttpHandler - 

Request DefaultFullHttpRequest(decodeResult: success, version: HTTP/1.1, content: EmptyByteBufBE)
GET /session/e66592ae6358f7f0d393909f22180203/url HTTP/1.1
User-Agent: selenium/4.6.0 (java windows)
Cache-Control: no-cache
Content-Type: application/json; charset=utf-8
host: localhost:44337
accept: */*

Response DefaultHttpResponse(decodeResult: success, version: HTTP/1.1)
HTTP/1.1 200 OK
Content-Type: application/json; charset=utf-8
cache-control: no-cache
content-length: 38

15:21:57.661 [AsyncHttpClient-1-2] DEBUG org.asynchttpclient.netty.channel.ChannelManager - Adding key: http://localhost:44337 for channel [id: 0xe2458fda, L:/127.0.0.1:56492 - R:localhost/127.0.0.1:44337]
15:21:57.697 [Forwarding getCurrentWindowHandle on session e66592ae6358f7f0d393909f22180203 to remote] DEBUG org.asynchttpclient.netty.request.NettyRequestSender - Using pooled Channel '[id: 0xe2458fda, L:/127.0.0.1:56492 - R:localhost/127.0.0.1:44337]' for 'GET' to 'http://localhost:44337/session/e66592ae6358f7f0d393909f22180203/window'
15:21:57.697 [Forwarding getCurrentWindowHandle on session e66592ae6358f7f0d393909f22180203 to remote] DEBUG org.asynchttpclient.netty.request.NettyRequestSender - Using open Channel [id: 0xe2458fda, L:/127.0.0.1:56492 - R:localhost/127.0.0.1:44337] for GET '/session/e66592ae6358f7f0d393909f22180203/window'
15:21:57.698 [AsyncHttpClient-1-2] DEBUG org.asynchttpclient.netty.handler.HttpHandler - 

Request DefaultFullHttpRequest(decodeResult: success, version: HTTP/1.1, content: EmptyByteBufBE)
GET /session/e66592ae6358f7f0d393909f22180203/window HTTP/1.1
User-Agent: selenium/4.6.0 (java windows)
Cache-Control: no-cache
Content-Type: application/json; charset=utf-8
host: localhost:44337
accept: */*

Response DefaultHttpResponse(decodeResult: success, version: HTTP/1.1)
HTTP/1.1 200 OK
Content-Type: application/json; charset=utf-8
cache-control: no-cache
content-length: 44

15:21:57.698 [AsyncHttpClient-1-2] DEBUG org.asynchttpclient.netty.channel.ChannelManager - Adding key: http://localhost:44337 for channel [id: 0xe2458fda, L:/127.0.0.1:56492 - R:localhost/127.0.0.1:44337]
15:21:57.706 [Forwarding getAlertText on session e66592ae6358f7f0d393909f22180203 to remote] DEBUG org.asynchttpclient.netty.request.NettyRequestSender - Using pooled Channel '[id: 0xe2458fda, L:/127.0.0.1:56492 - R:localhost/127.0.0.1:44337]' for 'GET' to 'http://localhost:44337/session/e66592ae6358f7f0d393909f22180203/alert/text'
15:21:57.706 [Forwarding getAlertText on session e66592ae6358f7f0d393909f22180203 to remote] DEBUG org.asynchttpclient.netty.request.NettyRequestSender - Using open Channel [id: 0xe2458fda, L:/127.0.0.1:56492 - R:localhost/127.0.0.1:44337] for GET '/session/e66592ae6358f7f0d393909f22180203/alert/text'
15:21:57.708 [AsyncHttpClient-1-2] DEBUG org.asynchttpclient.netty.handler.HttpHandler - 

Request DefaultFullHttpRequest(decodeResult: success, version: HTTP/1.1, content: EmptyByteBufBE)
GET /session/e66592ae6358f7f0d393909f22180203/alert/text HTTP/1.1
User-Agent: selenium/4.6.0 (java windows)
Cache-Control: no-cache
Content-Type: application/json; charset=utf-8
host: localhost:44337
accept: */*

Response DefaultHttpResponse(decodeResult: success, version: HTTP/1.1)
HTTP/1.1 404 Not Found
Content-Type: application/json; charset=utf-8
cache-control: no-cache
content-length: 848

15:21:57.708 [AsyncHttpClient-1-2] DEBUG org.asynchttpclient.netty.channel.ChannelManager - Adding key: http://localhost:44337 for channel [id: 0xe2458fda, L:/127.0.0.1:56492 - R:localhost/127.0.0.1:44337]
15:21:57.719 [Forwarding switchToWindow on session e66592ae6358f7f0d393909f22180203 to remote] DEBUG org.asynchttpclient.netty.request.NettyRequestSender - Using pooled Channel '[id: 0xe2458fda, L:/127.0.0.1:56492 - R:localhost/127.0.0.1:44337]' for 'POST' to 'http://localhost:44337/session/e66592ae6358f7f0d393909f22180203/window'
15:21:57.719 [Forwarding switchToWindow on session e66592ae6358f7f0d393909f22180203 to remote] DEBUG org.asynchttpclient.netty.request.NettyRequestSender - Using open Channel [id: 0xe2458fda, L:/127.0.0.1:56492 - R:localhost/127.0.0.1:44337] for POST '/session/e66592ae6358f7f0d393909f22180203/window'
15:21:57.721 [AsyncHttpClient-1-2] DEBUG org.asynchttpclient.netty.handler.HttpHandler - 

Request DefaultHttpRequest(decodeResult: success, version: HTTP/1.1)
POST /session/e66592ae6358f7f0d393909f22180203/window HTTP/1.1
User-Agent: selenium/4.6.0 (java windows)
Content-Length: 50
Content-Type: application/json; charset=utf-8
host: localhost:44337
accept: */*

Response DefaultHttpResponse(decodeResult: success, version: HTTP/1.1)
HTTP/1.1 200 OK
Content-Type: application/json; charset=utf-8
cache-control: no-cache
content-length: 14

15:21:57.721 [AsyncHttpClient-1-2] DEBUG org.asynchttpclient.netty.channel.ChannelManager - Adding key: http://localhost:44337 for channel [id: 0xe2458fda, L:/127.0.0.1:56492 - R:localhost/127.0.0.1:44337]
15:21:57.722 [Forwarding getCurrentUrl on session e66592ae6358f7f0d393909f22180203 to remote] DEBUG org.asynchttpclient.netty.request.NettyRequestSender - Using pooled Channel '[id: 0xe2458fda, L:/127.0.0.1:56492 - R:localhost/127.0.0.1:44337]' for 'GET' to 'http://localhost:44337/session/e66592ae6358f7f0d393909f22180203/url'
15:21:57.723 [Forwarding getCurrentUrl on session e66592ae6358f7f0d393909f22180203 to remote] DEBUG org.asynchttpclient.netty.request.NettyRequestSender - Using open Channel [id: 0xe2458fda, L:/127.0.0.1:56492 - R:localhost/127.0.0.1:44337] for GET '/session/e66592ae6358f7f0d393909f22180203/url'
15:21:57.727 [AsyncHttpClient-1-2] DEBUG org.asynchttpclient.netty.handler.HttpHandler - 

Request DefaultFullHttpRequest(decodeResult: success, version: HTTP/1.1, content: EmptyByteBufBE)
GET /session/e66592ae6358f7f0d393909f22180203/url HTTP/1.1
User-Agent: selenium/4.6.0 (java windows)
Cache-Control: no-cache
Content-Type: application/json; charset=utf-8
host: localhost:44337
accept: */*

Response DefaultHttpResponse(decodeResult: success, version: HTTP/1.1)
HTTP/1.1 200 OK
Content-Type: application/json; charset=utf-8
cache-control: no-cache
content-length: 38

15:21:57.727 [AsyncHttpClient-1-2] DEBUG org.asynchttpclient.netty.channel.ChannelManager - Adding key: http://localhost:44337 for channel [id: 0xe2458fda, L:/127.0.0.1:56492 - R:localhost/127.0.0.1:44337]
15:21:57.729 [Forwarding screenshot on session e66592ae6358f7f0d393909f22180203 to remote] DEBUG org.asynchttpclient.netty.request.NettyRequestSender - Using pooled Channel '[id: 0xe2458fda, L:/127.0.0.1:56492 - R:localhost/127.0.0.1:44337]' for 'GET' to 'http://localhost:44337/session/e66592ae6358f7f0d393909f22180203/screenshot'
15:21:57.729 [Forwarding screenshot on session e66592ae6358f7f0d393909f22180203 to remote] DEBUG org.asynchttpclient.netty.request.NettyRequestSender - Using open Channel [id: 0xe2458fda, L:/127.0.0.1:56492 - R:localhost/127.0.0.1:44337] for GET '/session/e66592ae6358f7f0d393909f22180203/screenshot'
15:21:57.966 [AsyncHttpClient-1-2] DEBUG org.asynchttpclient.netty.handler.HttpHandler - 

Request DefaultFullHttpRequest(decodeResult: success, version: HTTP/1.1, content: EmptyByteBufBE)
GET /session/e66592ae6358f7f0d393909f22180203/screenshot HTTP/1.1
User-Agent: selenium/4.6.0 (java windows)
Cache-Control: no-cache
Content-Type: application/json; charset=utf-8
host: localhost:44337
accept: */*

Response DefaultHttpResponse(decodeResult: success, version: HTTP/1.1)
HTTP/1.1 200 OK
Content-Type: application/json; charset=utf-8
cache-control: no-cache
content-length: 704704

15:21:57.968 [AsyncHttpClient-1-2] DEBUG org.asynchttpclient.netty.channel.ChannelManager - Adding key: http://localhost:44337 for channel [id: 0xe2458fda, L:/127.0.0.1:56492 - R:localhost/127.0.0.1:44337]
15:21:57.979 [Test worker] DEBUG net.serenitybdd.core.photography.Darkroom - Send negative for processing for C:\Users\Usuario\Documents\retoAutomatizacion\e2e\RetoDemoBlaze\target\site\serenity\6b1228dab63a325ef610515d8b9b07d33f52ed39eb7123fc30209f340fc1ab70.png
15:21:57.986 [Forwarding getPageSource on session e66592ae6358f7f0d393909f22180203 to remote] DEBUG org.asynchttpclient.netty.request.NettyRequestSender - Using pooled Channel '[id: 0xe2458fda, L:/127.0.0.1:56492 - R:localhost/127.0.0.1:44337]' for 'POST' to 'http://localhost:44337/session/e66592ae6358f7f0d393909f22180203/execute/sync'
15:21:57.986 [Forwarding getPageSource on session e66592ae6358f7f0d393909f22180203 to remote] DEBUG org.asynchttpclient.netty.request.NettyRequestSender - Using open Channel [id: 0xe2458fda, L:/127.0.0.1:56492 - R:localhost/127.0.0.1:44337] for POST '/session/e66592ae6358f7f0d393909f22180203/execute/sync'
15:21:57.994 [AsyncHttpClient-1-2] DEBUG org.asynchttpclient.netty.handler.HttpHandler - 

Request DefaultHttpRequest(decodeResult: success, version: HTTP/1.1)
POST /session/e66592ae6358f7f0d393909f22180203/execute/sync HTTP/1.1
User-Agent: selenium/4.6.0 (java windows)
Content-Length: 176
Content-Type: application/json; charset=utf-8
host: localhost:44337
accept: */*

Response DefaultHttpResponse(decodeResult: success, version: HTTP/1.1)
HTTP/1.1 200 OK
Content-Type: application/json; charset=utf-8
cache-control: no-cache
content-length: 57604

15:21:57.994 [AsyncHttpClient-1-2] DEBUG org.asynchttpclient.netty.channel.ChannelManager - Adding key: http://localhost:44337 for channel [id: 0xe2458fda, L:/127.0.0.1:56492 - R:localhost/127.0.0.1:44337]
15:21:57.998 [Forwarding getCurrentUrl on session e66592ae6358f7f0d393909f22180203 to remote] DEBUG org.asynchttpclient.netty.request.NettyRequestSender - Using pooled Channel '[id: 0xe2458fda, L:/127.0.0.1:56492 - R:localhost/127.0.0.1:44337]' for 'GET' to 'http://localhost:44337/session/e66592ae6358f7f0d393909f22180203/url'
15:21:57.999 [Forwarding getCurrentUrl on session e66592ae6358f7f0d393909f22180203 to remote] DEBUG org.asynchttpclient.netty.request.NettyRequestSender - Using open Channel [id: 0xe2458fda, L:/127.0.0.1:56492 - R:localhost/127.0.0.1:44337] for GET '/session/e66592ae6358f7f0d393909f22180203/url'
15:21:58.003 [AsyncHttpClient-1-2] DEBUG org.asynchttpclient.netty.handler.HttpHandler - 

Request DefaultFullHttpRequest(decodeResult: success, version: HTTP/1.1, content: EmptyByteBufBE)
GET /session/e66592ae6358f7f0d393909f22180203/url HTTP/1.1
User-Agent: selenium/4.6.0 (java windows)
Cache-Control: no-cache
Content-Type: application/json; charset=utf-8
host: localhost:44337
accept: */*

Response DefaultHttpResponse(decodeResult: success, version: HTTP/1.1)
HTTP/1.1 200 OK
Content-Type: application/json; charset=utf-8
cache-control: no-cache
content-length: 38

15:21:58.003 [AsyncHttpClient-1-2] DEBUG org.asynchttpclient.netty.channel.ChannelManager - Adding key: http://localhost:44337 for channel [id: 0xe2458fda, L:/127.0.0.1:56492 - R:localhost/127.0.0.1:44337]
15:21:58.005 [Test worker] DEBUG net.thucydides.core.steps.StepInterceptor - STARTING STEP: demoBlazeStepDefinition.realizoUnaCompraDeCantProdsProductosEnLaCategoriaCategoria - performAs
15:21:58.034 [Forwarding getPageSource on session e66592ae6358f7f0d393909f22180203 to remote] DEBUG org.asynchttpclient.netty.request.NettyRequestSender - Using pooled Channel '[id: 0xe2458fda, L:/127.0.0.1:56492 - R:localhost/127.0.0.1:44337]' for 'POST' to 'http://localhost:44337/session/e66592ae6358f7f0d393909f22180203/execute/sync'
15:21:58.035 [Forwarding getPageSource on session e66592ae6358f7f0d393909f22180203 to remote] DEBUG org.asynchttpclient.netty.request.NettyRequestSender - Using open Channel [id: 0xe2458fda, L:/127.0.0.1:56492 - R:localhost/127.0.0.1:44337] for POST '/session/e66592ae6358f7f0d393909f22180203/execute/sync'
15:21:58.043 [AsyncHttpClient-1-2] DEBUG org.asynchttpclient.netty.handler.HttpHandler - 

Request DefaultHttpRequest(decodeResult: success, version: HTTP/1.1)
POST /session/e66592ae6358f7f0d393909f22180203/execute/sync HTTP/1.1
User-Agent: selenium/4.6.0 (java windows)
Content-Length: 176
Content-Type: application/json; charset=utf-8
host: localhost:44337
accept: */*

Response DefaultHttpResponse(decodeResult: success, version: HTTP/1.1)
HTTP/1.1 200 OK
Content-Type: application/json; charset=utf-8
cache-control: no-cache
content-length: 57604

15:21:58.045 [AsyncHttpClient-1-2] DEBUG org.asynchttpclient.netty.channel.ChannelManager - Adding key: http://localhost:44337 for channel [id: 0xe2458fda, L:/127.0.0.1:56492 - R:localhost/127.0.0.1:44337]
15:21:58.050 [Forwarding getCurrentUrl on session e66592ae6358f7f0d393909f22180203 to remote] DEBUG org.asynchttpclient.netty.request.NettyRequestSender - Using pooled Channel '[id: 0xe2458fda, L:/127.0.0.1:56492 - R:localhost/127.0.0.1:44337]' for 'GET' to 'http://localhost:44337/session/e66592ae6358f7f0d393909f22180203/url'
15:21:58.050 [Forwarding getCurrentUrl on session e66592ae6358f7f0d393909f22180203 to remote] DEBUG org.asynchttpclient.netty.request.NettyRequestSender - Using open Channel [id: 0xe2458fda, L:/127.0.0.1:56492 - R:localhost/127.0.0.1:44337] for GET '/session/e66592ae6358f7f0d393909f22180203/url'
15:21:58.054 [AsyncHttpClient-1-2] DEBUG org.asynchttpclient.netty.handler.HttpHandler - 

Request DefaultFullHttpRequest(decodeResult: success, version: HTTP/1.1, content: EmptyByteBufBE)
GET /session/e66592ae6358f7f0d393909f22180203/url HTTP/1.1
User-Agent: selenium/4.6.0 (java windows)
Cache-Control: no-cache
Content-Type: application/json; charset=utf-8
host: localhost:44337
accept: */*

Response DefaultHttpResponse(decodeResult: success, version: HTTP/1.1)
HTTP/1.1 200 OK
Content-Type: application/json; charset=utf-8
cache-control: no-cache
content-length: 38

15:21:58.054 [AsyncHttpClient-1-2] DEBUG org.asynchttpclient.netty.channel.ChannelManager - Adding key: http://localhost:44337 for channel [id: 0xe2458fda, L:/127.0.0.1:56492 - R:localhost/127.0.0.1:44337]
15:21:58.056 [Test worker] DEBUG net.thucydides.core.steps.StepInterceptor - STARTING STEP: PickCategory.performAs - {0} clicks on #target
15:21:58.056 [Test worker] DEBUG net.serenitybdd.screenplay.targets.IFrameSwitcher - default content already selected for Laptops
15:21:58.091 [Forwarding findElement on session e66592ae6358f7f0d393909f22180203 to remote] DEBUG org.asynchttpclient.netty.request.NettyRequestSender - Using pooled Channel '[id: 0xe2458fda, L:/127.0.0.1:56492 - R:localhost/127.0.0.1:44337]' for 'POST' to 'http://localhost:44337/session/e66592ae6358f7f0d393909f22180203/element'
15:21:58.091 [Forwarding findElement on session e66592ae6358f7f0d393909f22180203 to remote] DEBUG org.asynchttpclient.netty.request.NettyRequestSender - Using open Channel [id: 0xe2458fda, L:/127.0.0.1:56492 - R:localhost/127.0.0.1:44337] for POST '/session/e66592ae6358f7f0d393909f22180203/element'
15:21:58.102 [AsyncHttpClient-1-2] DEBUG org.asynchttpclient.netty.handler.HttpHandler - 

Request DefaultHttpRequest(decodeResult: success, version: HTTP/1.1)
POST /session/e66592ae6358f7f0d393909f22180203/element HTTP/1.1
User-Agent: selenium/4.6.0 (java windows)
Content-Length: 68
Content-Type: application/json; charset=utf-8
host: localhost:44337
accept: */*

Response DefaultHttpResponse(decodeResult: success, version: HTTP/1.1)
HTTP/1.1 200 OK
Content-Type: application/json; charset=utf-8
cache-control: no-cache
content-length: 95

15:21:58.102 [AsyncHttpClient-1-2] DEBUG org.asynchttpclient.netty.channel.ChannelManager - Adding key: http://localhost:44337 for channel [id: 0xe2458fda, L:/127.0.0.1:56492 - R:localhost/127.0.0.1:44337]
15:21:58.109 [Forwarding isElementDisplayed on session e66592ae6358f7f0d393909f22180203 to remote] DEBUG org.asynchttpclient.netty.request.NettyRequestSender - Using pooled Channel '[id: 0xe2458fda, L:/127.0.0.1:56492 - R:localhost/127.0.0.1:44337]' for 'POST' to 'http://localhost:44337/session/e66592ae6358f7f0d393909f22180203/execute/sync'
15:21:58.109 [Forwarding isElementDisplayed on session e66592ae6358f7f0d393909f22180203 to remote] DEBUG org.asynchttpclient.netty.request.NettyRequestSender - Using open Channel [id: 0xe2458fda, L:/127.0.0.1:56492 - R:localhost/127.0.0.1:44337] for POST '/session/e66592ae6358f7f0d393909f22180203/execute/sync'
15:21:58.117 [AsyncHttpClient-1-2] DEBUG org.asynchttpclient.netty.handler.HttpHandler - 

Request DefaultHttpRequest(decodeResult: success, version: HTTP/1.1)
POST /session/e66592ae6358f7f0d393909f22180203/execute/sync HTTP/1.1
User-Agent: selenium/4.6.0 (java windows)
Content-Length: 48787
Content-Type: application/json; charset=utf-8
host: localhost:44337
accept: */*

Response DefaultHttpResponse(decodeResult: success, version: HTTP/1.1)
HTTP/1.1 200 OK
Content-Type: application/json; charset=utf-8
cache-control: no-cache
content-length: 14

15:21:58.117 [AsyncHttpClient-1-2] DEBUG org.asynchttpclient.netty.channel.ChannelManager - Adding key: http://localhost:44337 for channel [id: 0xe2458fda, L:/127.0.0.1:56492 - R:localhost/127.0.0.1:44337]
15:21:58.128 [Forwarding findElement on session e66592ae6358f7f0d393909f22180203 to remote] DEBUG org.asynchttpclient.netty.request.NettyRequestSender - Using pooled Channel '[id: 0xe2458fda, L:/127.0.0.1:56492 - R:localhost/127.0.0.1:44337]' for 'POST' to 'http://localhost:44337/session/e66592ae6358f7f0d393909f22180203/element'
15:21:58.128 [Forwarding findElement on session e66592ae6358f7f0d393909f22180203 to remote] DEBUG org.asynchttpclient.netty.request.NettyRequestSender - Using open Channel [id: 0xe2458fda, L:/127.0.0.1:56492 - R:localhost/127.0.0.1:44337] for POST '/session/e66592ae6358f7f0d393909f22180203/element'
15:21:58.133 [AsyncHttpClient-1-2] DEBUG org.asynchttpclient.netty.handler.HttpHandler - 

Request DefaultHttpRequest(decodeResult: success, version: HTTP/1.1)
POST /session/e66592ae6358f7f0d393909f22180203/element HTTP/1.1
User-Agent: selenium/4.6.0 (java windows)
Content-Length: 68
Content-Type: application/json; charset=utf-8
host: localhost:44337
accept: */*

Response DefaultHttpResponse(decodeResult: success, version: HTTP/1.1)
HTTP/1.1 200 OK
Content-Type: application/json; charset=utf-8
cache-control: no-cache
content-length: 95

15:21:58.134 [AsyncHttpClient-1-2] DEBUG org.asynchttpclient.netty.channel.ChannelManager - Adding key: http://localhost:44337 for channel [id: 0xe2458fda, L:/127.0.0.1:56492 - R:localhost/127.0.0.1:44337]
15:21:58.134 [Forwarding clickElement on session e66592ae6358f7f0d393909f22180203 to remote] DEBUG org.asynchttpclient.netty.request.NettyRequestSender - Using pooled Channel '[id: 0xe2458fda, L:/127.0.0.1:56492 - R:localhost/127.0.0.1:44337]' for 'POST' to 'http://localhost:44337/session/e66592ae6358f7f0d393909f22180203/element/E755E529EE678933E5F006045EFB81A1_element_98/click'
15:21:58.135 [Forwarding clickElement on session e66592ae6358f7f0d393909f22180203 to remote] DEBUG org.asynchttpclient.netty.request.NettyRequestSender - Using open Channel [id: 0xe2458fda, L:/127.0.0.1:56492 - R:localhost/127.0.0.1:44337] for POST '/session/e66592ae6358f7f0d393909f22180203/element/E755E529EE678933E5F006045EFB81A1_element_98/click'
15:21:58.160 [AsyncHttpClient-1-2] DEBUG org.asynchttpclient.netty.handler.HttpHandler - 

Request DefaultHttpRequest(decodeResult: success, version: HTTP/1.1)
POST /session/e66592ae6358f7f0d393909f22180203/element/E755E529EE678933E5F006045EFB81A1_element_98/click HTTP/1.1
User-Agent: selenium/4.6.0 (java windows)
Content-Length: 57
Content-Type: application/json; charset=utf-8
host: localhost:44337
accept: */*

Response DefaultHttpResponse(decodeResult: success, version: HTTP/1.1)
HTTP/1.1 200 OK
Content-Type: application/json; charset=utf-8
cache-control: no-cache
content-length: 14

15:21:58.160 [AsyncHttpClient-1-2] DEBUG org.asynchttpclient.netty.channel.ChannelManager - Adding key: http://localhost:44337 for channel [id: 0xe2458fda, L:/127.0.0.1:56492 - R:localhost/127.0.0.1:44337]
15:21:58.185 [Forwarding getCurrentWindowHandle on session e66592ae6358f7f0d393909f22180203 to remote] DEBUG org.asynchttpclient.netty.request.NettyRequestSender - Using pooled Channel '[id: 0xe2458fda, L:/127.0.0.1:56492 - R:localhost/127.0.0.1:44337]' for 'GET' to 'http://localhost:44337/session/e66592ae6358f7f0d393909f22180203/window'
15:21:58.185 [Forwarding getCurrentWindowHandle on session e66592ae6358f7f0d393909f22180203 to remote] DEBUG org.asynchttpclient.netty.request.NettyRequestSender - Using open Channel [id: 0xe2458fda, L:/127.0.0.1:56492 - R:localhost/127.0.0.1:44337] for GET '/session/e66592ae6358f7f0d393909f22180203/window'
15:21:58.186 [AsyncHttpClient-1-2] DEBUG org.asynchttpclient.netty.handler.HttpHandler - 

Request DefaultFullHttpRequest(decodeResult: success, version: HTTP/1.1, content: EmptyByteBufBE)
GET /session/e66592ae6358f7f0d393909f22180203/window HTTP/1.1
User-Agent: selenium/4.6.0 (java windows)
Cache-Control: no-cache
Content-Type: application/json; charset=utf-8
host: localhost:44337
accept: */*

Response DefaultHttpResponse(decodeResult: success, version: HTTP/1.1)
HTTP/1.1 200 OK
Content-Type: application/json; charset=utf-8
cache-control: no-cache
content-length: 44

15:21:58.186 [AsyncHttpClient-1-2] DEBUG org.asynchttpclient.netty.channel.ChannelManager - Adding key: http://localhost:44337 for channel [id: 0xe2458fda, L:/127.0.0.1:56492 - R:localhost/127.0.0.1:44337]
15:21:58.191 [Forwarding getAlertText on session e66592ae6358f7f0d393909f22180203 to remote] DEBUG org.asynchttpclient.netty.request.NettyRequestSender - Using pooled Channel '[id: 0xe2458fda, L:/127.0.0.1:56492 - R:localhost/127.0.0.1:44337]' for 'GET' to 'http://localhost:44337/session/e66592ae6358f7f0d393909f22180203/alert/text'
15:21:58.191 [Forwarding getAlertText on session e66592ae6358f7f0d393909f22180203 to remote] DEBUG org.asynchttpclient.netty.request.NettyRequestSender - Using open Channel [id: 0xe2458fda, L:/127.0.0.1:56492 - R:localhost/127.0.0.1:44337] for GET '/session/e66592ae6358f7f0d393909f22180203/alert/text'
15:21:58.194 [AsyncHttpClient-1-2] DEBUG org.asynchttpclient.netty.handler.HttpHandler - 

Request DefaultFullHttpRequest(decodeResult: success, version: HTTP/1.1, content: EmptyByteBufBE)
GET /session/e66592ae6358f7f0d393909f22180203/alert/text HTTP/1.1
User-Agent: selenium/4.6.0 (java windows)
Cache-Control: no-cache
Content-Type: application/json; charset=utf-8
host: localhost:44337
accept: */*

Response DefaultHttpResponse(decodeResult: success, version: HTTP/1.1)
HTTP/1.1 404 Not Found
Content-Type: application/json; charset=utf-8
cache-control: no-cache
content-length: 848

15:21:58.194 [AsyncHttpClient-1-2] DEBUG org.asynchttpclient.netty.channel.ChannelManager - Adding key: http://localhost:44337 for channel [id: 0xe2458fda, L:/127.0.0.1:56492 - R:localhost/127.0.0.1:44337]
15:21:58.205 [Forwarding switchToWindow on session e66592ae6358f7f0d393909f22180203 to remote] DEBUG org.asynchttpclient.netty.request.NettyRequestSender - Using pooled Channel '[id: 0xe2458fda, L:/127.0.0.1:56492 - R:localhost/127.0.0.1:44337]' for 'POST' to 'http://localhost:44337/session/e66592ae6358f7f0d393909f22180203/window'
15:21:58.205 [Forwarding switchToWindow on session e66592ae6358f7f0d393909f22180203 to remote] DEBUG org.asynchttpclient.netty.request.NettyRequestSender - Using open Channel [id: 0xe2458fda, L:/127.0.0.1:56492 - R:localhost/127.0.0.1:44337] for POST '/session/e66592ae6358f7f0d393909f22180203/window'
15:21:58.207 [AsyncHttpClient-1-2] DEBUG org.asynchttpclient.netty.handler.HttpHandler - 

Request DefaultHttpRequest(decodeResult: success, version: HTTP/1.1)
POST /session/e66592ae6358f7f0d393909f22180203/window HTTP/1.1
User-Agent: selenium/4.6.0 (java windows)
Content-Length: 50
Content-Type: application/json; charset=utf-8
host: localhost:44337
accept: */*

Response DefaultHttpResponse(decodeResult: success, version: HTTP/1.1)
HTTP/1.1 200 OK
Content-Type: application/json; charset=utf-8
cache-control: no-cache
content-length: 14

15:21:58.207 [AsyncHttpClient-1-2] DEBUG org.asynchttpclient.netty.channel.ChannelManager - Adding key: http://localhost:44337 for channel [id: 0xe2458fda, L:/127.0.0.1:56492 - R:localhost/127.0.0.1:44337]
15:21:58.208 [Forwarding getCurrentUrl on session e66592ae6358f7f0d393909f22180203 to remote] DEBUG org.asynchttpclient.netty.request.NettyRequestSender - Using pooled Channel '[id: 0xe2458fda, L:/127.0.0.1:56492 - R:localhost/127.0.0.1:44337]' for 'GET' to 'http://localhost:44337/session/e66592ae6358f7f0d393909f22180203/url'
15:21:58.208 [Forwarding getCurrentUrl on session e66592ae6358f7f0d393909f22180203 to remote] DEBUG org.asynchttpclient.netty.request.NettyRequestSender - Using open Channel [id: 0xe2458fda, L:/127.0.0.1:56492 - R:localhost/127.0.0.1:44337] for GET '/session/e66592ae6358f7f0d393909f22180203/url'
15:21:58.211 [AsyncHttpClient-1-2] DEBUG org.asynchttpclient.netty.handler.HttpHandler - 

Request DefaultFullHttpRequest(decodeResult: success, version: HTTP/1.1, content: EmptyByteBufBE)
GET /session/e66592ae6358f7f0d393909f22180203/url HTTP/1.1
User-Agent: selenium/4.6.0 (java windows)
Cache-Control: no-cache
Content-Type: application/json; charset=utf-8
host: localhost:44337
accept: */*

Response DefaultHttpResponse(decodeResult: success, version: HTTP/1.1)
HTTP/1.1 200 OK
Content-Type: application/json; charset=utf-8
cache-control: no-cache
content-length: 39

15:21:58.211 [AsyncHttpClient-1-2] DEBUG org.asynchttpclient.netty.channel.ChannelManager - Adding key: http://localhost:44337 for channel [id: 0xe2458fda, L:/127.0.0.1:56492 - R:localhost/127.0.0.1:44337]
15:21:58.212 [Forwarding screenshot on session e66592ae6358f7f0d393909f22180203 to remote] DEBUG org.asynchttpclient.netty.request.NettyRequestSender - Using pooled Channel '[id: 0xe2458fda, L:/127.0.0.1:56492 - R:localhost/127.0.0.1:44337]' for 'GET' to 'http://localhost:44337/session/e66592ae6358f7f0d393909f22180203/screenshot'
15:21:58.212 [Forwarding screenshot on session e66592ae6358f7f0d393909f22180203 to remote] DEBUG org.asynchttpclient.netty.request.NettyRequestSender - Using open Channel [id: 0xe2458fda, L:/127.0.0.1:56492 - R:localhost/127.0.0.1:44337] for GET '/session/e66592ae6358f7f0d393909f22180203/screenshot'
15:21:58.447 [AsyncHttpClient-1-2] DEBUG org.asynchttpclient.netty.handler.HttpHandler - 

Request DefaultFullHttpRequest(decodeResult: success, version: HTTP/1.1, content: EmptyByteBufBE)
GET /session/e66592ae6358f7f0d393909f22180203/screenshot HTTP/1.1
User-Agent: selenium/4.6.0 (java windows)
Cache-Control: no-cache
Content-Type: application/json; charset=utf-8
host: localhost:44337
accept: */*

Response DefaultHttpResponse(decodeResult: success, version: HTTP/1.1)
HTTP/1.1 200 OK
Content-Type: application/json; charset=utf-8
cache-control: no-cache
content-length: 704704

15:21:58.449 [AsyncHttpClient-1-2] DEBUG org.asynchttpclient.netty.channel.ChannelManager - Adding key: http://localhost:44337 for channel [id: 0xe2458fda, L:/127.0.0.1:56492 - R:localhost/127.0.0.1:44337]
15:21:58.457 [Test worker] DEBUG net.serenitybdd.core.photography.Darkroom - Send negative for processing for C:\Users\Usuario\Documents\retoAutomatizacion\e2e\RetoDemoBlaze\target\site\serenity\6b1228dab63a325ef610515d8b9b07d33f52ed39eb7123fc30209f340fc1ab70.png
15:21:58.458 [Test worker] DEBUG net.thucydides.core.steps.StepInterceptor - STEP DONE: {0} clicks on #target
15:21:58.472 [Forwarding getPageSource on session e66592ae6358f7f0d393909f22180203 to remote] DEBUG org.asynchttpclient.netty.request.NettyRequestSender - Using pooled Channel '[id: 0xe2458fda, L:/127.0.0.1:56492 - R:localhost/127.0.0.1:44337]' for 'POST' to 'http://localhost:44337/session/e66592ae6358f7f0d393909f22180203/execute/sync'
15:21:58.473 [Forwarding getPageSource on session e66592ae6358f7f0d393909f22180203 to remote] DEBUG org.asynchttpclient.netty.request.NettyRequestSender - Using open Channel [id: 0xe2458fda, L:/127.0.0.1:56492 - R:localhost/127.0.0.1:44337] for POST '/session/e66592ae6358f7f0d393909f22180203/execute/sync'
15:21:58.482 [AsyncHttpClient-1-2] DEBUG org.asynchttpclient.netty.handler.HttpHandler - 

Request DefaultHttpRequest(decodeResult: success, version: HTTP/1.1)
POST /session/e66592ae6358f7f0d393909f22180203/execute/sync HTTP/1.1
User-Agent: selenium/4.6.0 (java windows)
Content-Length: 176
Content-Type: application/json; charset=utf-8
host: localhost:44337
accept: */*

Response DefaultHttpResponse(decodeResult: success, version: HTTP/1.1)
HTTP/1.1 200 OK
Content-Type: application/json; charset=utf-8
cache-control: no-cache
content-length: 57604

15:21:58.482 [AsyncHttpClient-1-2] DEBUG org.asynchttpclient.netty.channel.ChannelManager - Adding key: http://localhost:44337 for channel [id: 0xe2458fda, L:/127.0.0.1:56492 - R:localhost/127.0.0.1:44337]
15:21:58.486 [Forwarding getCurrentUrl on session e66592ae6358f7f0d393909f22180203 to remote] DEBUG org.asynchttpclient.netty.request.NettyRequestSender - Using pooled Channel '[id: 0xe2458fda, L:/127.0.0.1:56492 - R:localhost/127.0.0.1:44337]' for 'GET' to 'http://localhost:44337/session/e66592ae6358f7f0d393909f22180203/url'
15:21:58.487 [Forwarding getCurrentUrl on session e66592ae6358f7f0d393909f22180203 to remote] DEBUG org.asynchttpclient.netty.request.NettyRequestSender - Using open Channel [id: 0xe2458fda, L:/127.0.0.1:56492 - R:localhost/127.0.0.1:44337] for GET '/session/e66592ae6358f7f0d393909f22180203/url'
15:21:58.490 [AsyncHttpClient-1-2] DEBUG org.asynchttpclient.netty.handler.HttpHandler - 

Request DefaultFullHttpRequest(decodeResult: success, version: HTTP/1.1, content: EmptyByteBufBE)
GET /session/e66592ae6358f7f0d393909f22180203/url HTTP/1.1
User-Agent: selenium/4.6.0 (java windows)
Cache-Control: no-cache
Content-Type: application/json; charset=utf-8
host: localhost:44337
accept: */*

Response DefaultHttpResponse(decodeResult: success, version: HTTP/1.1)
HTTP/1.1 200 OK
Content-Type: application/json; charset=utf-8
cache-control: no-cache
content-length: 39

15:21:58.490 [AsyncHttpClient-1-2] DEBUG org.asynchttpclient.netty.channel.ChannelManager - Adding key: http://localhost:44337 for channel [id: 0xe2458fda, L:/127.0.0.1:56492 - R:localhost/127.0.0.1:44337]
15:21:58.493 [Test worker] DEBUG net.thucydides.core.steps.StepInterceptor - STARTING STEP: PickCategory.performAs - performAs
15:21:58.543 [AsyncHttpClient-1-1] DEBUG org.asynchttpclient.netty.channel.DefaultChannelPool - Entry count for : http://localhost:56493 : 1
15:21:58.543 [AsyncHttpClient-1-1] DEBUG org.asynchttpclient.netty.channel.DefaultChannelPool - Entry count for : http://localhost:44337 : 1
15:21:59.647 [AsyncHttpClient-1-1] DEBUG org.asynchttpclient.netty.channel.DefaultChannelPool - Entry count for : http://localhost:56493 : 1
15:21:59.647 [AsyncHttpClient-1-1] DEBUG org.asynchttpclient.netty.channel.DefaultChannelPool - Entry count for : http://localhost:44337 : 1
15:22:00.752 [AsyncHttpClient-1-1] DEBUG org.asynchttpclient.netty.channel.DefaultChannelPool - Entry count for : http://localhost:56493 : 1
15:22:00.752 [AsyncHttpClient-1-1] DEBUG org.asynchttpclient.netty.channel.DefaultChannelPool - Entry count for : http://localhost:44337 : 1
15:22:01.519 [Forwarding getCurrentWindowHandle on session e66592ae6358f7f0d393909f22180203 to remote] DEBUG org.asynchttpclient.netty.request.NettyRequestSender - Using pooled Channel '[id: 0xe2458fda, L:/127.0.0.1:56492 - R:localhost/127.0.0.1:44337]' for 'GET' to 'http://localhost:44337/session/e66592ae6358f7f0d393909f22180203/window'
15:22:01.519 [Forwarding getCurrentWindowHandle on session e66592ae6358f7f0d393909f22180203 to remote] DEBUG org.asynchttpclient.netty.request.NettyRequestSender - Using open Channel [id: 0xe2458fda, L:/127.0.0.1:56492 - R:localhost/127.0.0.1:44337] for GET '/session/e66592ae6358f7f0d393909f22180203/window'
15:22:01.521 [AsyncHttpClient-1-2] DEBUG org.asynchttpclient.netty.handler.HttpHandler - 

Request DefaultFullHttpRequest(decodeResult: success, version: HTTP/1.1, content: EmptyByteBufBE)
GET /session/e66592ae6358f7f0d393909f22180203/window HTTP/1.1
User-Agent: selenium/4.6.0 (java windows)
Cache-Control: no-cache
Content-Type: application/json; charset=utf-8
host: localhost:44337
accept: */*

Response DefaultHttpResponse(decodeResult: success, version: HTTP/1.1)
HTTP/1.1 200 OK
Content-Type: application/json; charset=utf-8
cache-control: no-cache
content-length: 44

15:22:01.521 [AsyncHttpClient-1-2] DEBUG org.asynchttpclient.netty.channel.ChannelManager - Adding key: http://localhost:44337 for channel [id: 0xe2458fda, L:/127.0.0.1:56492 - R:localhost/127.0.0.1:44337]
15:22:01.528 [Forwarding getAlertText on session e66592ae6358f7f0d393909f22180203 to remote] DEBUG org.asynchttpclient.netty.request.NettyRequestSender - Using pooled Channel '[id: 0xe2458fda, L:/127.0.0.1:56492 - R:localhost/127.0.0.1:44337]' for 'GET' to 'http://localhost:44337/session/e66592ae6358f7f0d393909f22180203/alert/text'
15:22:01.528 [Forwarding getAlertText on session e66592ae6358f7f0d393909f22180203 to remote] DEBUG org.asynchttpclient.netty.request.NettyRequestSender - Using open Channel [id: 0xe2458fda, L:/127.0.0.1:56492 - R:localhost/127.0.0.1:44337] for GET '/session/e66592ae6358f7f0d393909f22180203/alert/text'
15:22:01.529 [AsyncHttpClient-1-2] DEBUG org.asynchttpclient.netty.handler.HttpHandler - 

Request DefaultFullHttpRequest(decodeResult: success, version: HTTP/1.1, content: EmptyByteBufBE)
GET /session/e66592ae6358f7f0d393909f22180203/alert/text HTTP/1.1
User-Agent: selenium/4.6.0 (java windows)
Cache-Control: no-cache
Content-Type: application/json; charset=utf-8
host: localhost:44337
accept: */*

Response DefaultHttpResponse(decodeResult: success, version: HTTP/1.1)
HTTP/1.1 404 Not Found
Content-Type: application/json; charset=utf-8
cache-control: no-cache
content-length: 848

15:22:01.531 [AsyncHttpClient-1-2] DEBUG org.asynchttpclient.netty.channel.ChannelManager - Adding key: http://localhost:44337 for channel [id: 0xe2458fda, L:/127.0.0.1:56492 - R:localhost/127.0.0.1:44337]
15:22:01.538 [Forwarding switchToWindow on session e66592ae6358f7f0d393909f22180203 to remote] DEBUG org.asynchttpclient.netty.request.NettyRequestSender - Using pooled Channel '[id: 0xe2458fda, L:/127.0.0.1:56492 - R:localhost/127.0.0.1:44337]' for 'POST' to 'http://localhost:44337/session/e66592ae6358f7f0d393909f22180203/window'
15:22:01.539 [Forwarding switchToWindow on session e66592ae6358f7f0d393909f22180203 to remote] DEBUG org.asynchttpclient.netty.request.NettyRequestSender - Using open Channel [id: 0xe2458fda, L:/127.0.0.1:56492 - R:localhost/127.0.0.1:44337] for POST '/session/e66592ae6358f7f0d393909f22180203/window'
15:22:01.541 [AsyncHttpClient-1-2] DEBUG org.asynchttpclient.netty.handler.HttpHandler - 

Request DefaultHttpRequest(decodeResult: success, version: HTTP/1.1)
POST /session/e66592ae6358f7f0d393909f22180203/window HTTP/1.1
User-Agent: selenium/4.6.0 (java windows)
Content-Length: 50
Content-Type: application/json; charset=utf-8
host: localhost:44337
accept: */*

Response DefaultHttpResponse(decodeResult: success, version: HTTP/1.1)
HTTP/1.1 200 OK
Content-Type: application/json; charset=utf-8
cache-control: no-cache
content-length: 14

15:22:01.541 [AsyncHttpClient-1-2] DEBUG org.asynchttpclient.netty.channel.ChannelManager - Adding key: http://localhost:44337 for channel [id: 0xe2458fda, L:/127.0.0.1:56492 - R:localhost/127.0.0.1:44337]
15:22:01.541 [Forwarding getCurrentUrl on session e66592ae6358f7f0d393909f22180203 to remote] DEBUG org.asynchttpclient.netty.request.NettyRequestSender - Using pooled Channel '[id: 0xe2458fda, L:/127.0.0.1:56492 - R:localhost/127.0.0.1:44337]' for 'GET' to 'http://localhost:44337/session/e66592ae6358f7f0d393909f22180203/url'
15:22:01.541 [Forwarding getCurrentUrl on session e66592ae6358f7f0d393909f22180203 to remote] DEBUG org.asynchttpclient.netty.request.NettyRequestSender - Using open Channel [id: 0xe2458fda, L:/127.0.0.1:56492 - R:localhost/127.0.0.1:44337] for GET '/session/e66592ae6358f7f0d393909f22180203/url'
15:22:01.547 [AsyncHttpClient-1-2] DEBUG org.asynchttpclient.netty.handler.HttpHandler - 

Request DefaultFullHttpRequest(decodeResult: success, version: HTTP/1.1, content: EmptyByteBufBE)
GET /session/e66592ae6358f7f0d393909f22180203/url HTTP/1.1
User-Agent: selenium/4.6.0 (java windows)
Cache-Control: no-cache
Content-Type: application/json; charset=utf-8
host: localhost:44337
accept: */*

Response DefaultHttpResponse(decodeResult: success, version: HTTP/1.1)
HTTP/1.1 200 OK
Content-Type: application/json; charset=utf-8
cache-control: no-cache
content-length: 39

15:22:01.547 [AsyncHttpClient-1-2] DEBUG org.asynchttpclient.netty.channel.ChannelManager - Adding key: http://localhost:44337 for channel [id: 0xe2458fda, L:/127.0.0.1:56492 - R:localhost/127.0.0.1:44337]
15:22:01.549 [Forwarding screenshot on session e66592ae6358f7f0d393909f22180203 to remote] DEBUG org.asynchttpclient.netty.request.NettyRequestSender - Using pooled Channel '[id: 0xe2458fda, L:/127.0.0.1:56492 - R:localhost/127.0.0.1:44337]' for 'GET' to 'http://localhost:44337/session/e66592ae6358f7f0d393909f22180203/screenshot'
15:22:01.549 [Forwarding screenshot on session e66592ae6358f7f0d393909f22180203 to remote] DEBUG org.asynchttpclient.netty.request.NettyRequestSender - Using open Channel [id: 0xe2458fda, L:/127.0.0.1:56492 - R:localhost/127.0.0.1:44337] for GET '/session/e66592ae6358f7f0d393909f22180203/screenshot'
15:22:01.801 [AsyncHttpClient-1-2] DEBUG org.asynchttpclient.netty.handler.HttpHandler - 

Request DefaultFullHttpRequest(decodeResult: success, version: HTTP/1.1, content: EmptyByteBufBE)
GET /session/e66592ae6358f7f0d393909f22180203/screenshot HTTP/1.1
User-Agent: selenium/4.6.0 (java windows)
Cache-Control: no-cache
Content-Type: application/json; charset=utf-8
host: localhost:44337
accept: */*

Response DefaultHttpResponse(decodeResult: success, version: HTTP/1.1)
HTTP/1.1 200 OK
Content-Type: application/json; charset=utf-8
cache-control: no-cache
content-length: 651988

15:22:01.804 [AsyncHttpClient-1-2] DEBUG org.asynchttpclient.netty.channel.ChannelManager - Adding key: http://localhost:44337 for channel [id: 0xe2458fda, L:/127.0.0.1:56492 - R:localhost/127.0.0.1:44337]
15:22:01.814 [Test worker] DEBUG net.serenitybdd.core.photography.Darkroom - Send negative for processing for C:\Users\Usuario\Documents\retoAutomatizacion\e2e\RetoDemoBlaze\target\site\serenity\b14310f48e2f5f8a70c9b3a387349ffaf17a08dd58cacf72696e26b2f63fbf9f.png
15:22:01.814 [Test worker] DEBUG net.thucydides.core.steps.StepInterceptor - STEP DONE: performAs
15:22:01.815 [Darkroom Processing Line] DEBUG net.serenitybdd.core.photography.DarkroomProcessingLine - Processing screenshot image in /var/screenshots/screenshot-16288976594724167083
15:22:01.815 [Darkroom Processing Line] DEBUG net.serenitybdd.core.photography.DarkroomProcessingLine - Saving screenshot to C:\Users\Usuario\Documents\retoAutomatizacion\e2e\RetoDemoBlaze\target\site\serenity\b14310f48e2f5f8a70c9b3a387349ffaf17a08dd58cacf72696e26b2f63fbf9f.png
15:22:01.837 [Test worker] DEBUG net.thucydides.core.steps.StepInterceptor - STEP DONE: performAs
15:22:01.842 [AsyncHttpClient-1-1] DEBUG org.asynchttpclient.netty.channel.DefaultChannelPool - Entry count for : http://localhost:56493 : 1
15:22:01.842 [AsyncHttpClient-1-1] DEBUG org.asynchttpclient.netty.channel.DefaultChannelPool - Entry count for : http://localhost:44337 : 1
15:22:01.883 [Forwarding getCurrentWindowHandle on session e66592ae6358f7f0d393909f22180203 to remote] DEBUG org.asynchttpclient.netty.request.NettyRequestSender - Using pooled Channel '[id: 0xe2458fda, L:/127.0.0.1:56492 - R:localhost/127.0.0.1:44337]' for 'GET' to 'http://localhost:44337/session/e66592ae6358f7f0d393909f22180203/window'
15:22:01.883 [Forwarding getCurrentWindowHandle on session e66592ae6358f7f0d393909f22180203 to remote] DEBUG org.asynchttpclient.netty.request.NettyRequestSender - Using open Channel [id: 0xe2458fda, L:/127.0.0.1:56492 - R:localhost/127.0.0.1:44337] for GET '/session/e66592ae6358f7f0d393909f22180203/window'
15:22:01.884 [AsyncHttpClient-1-2] DEBUG org.asynchttpclient.netty.handler.HttpHandler - 

Request DefaultFullHttpRequest(decodeResult: success, version: HTTP/1.1, content: EmptyByteBufBE)
GET /session/e66592ae6358f7f0d393909f22180203/window HTTP/1.1
User-Agent: selenium/4.6.0 (java windows)
Cache-Control: no-cache
Content-Type: application/json; charset=utf-8
host: localhost:44337
accept: */*

Response DefaultHttpResponse(decodeResult: success, version: HTTP/1.1)
HTTP/1.1 200 OK
Content-Type: application/json; charset=utf-8
cache-control: no-cache
content-length: 44

15:22:01.885 [AsyncHttpClient-1-2] DEBUG org.asynchttpclient.netty.channel.ChannelManager - Adding key: http://localhost:44337 for channel [id: 0xe2458fda, L:/127.0.0.1:56492 - R:localhost/127.0.0.1:44337]
15:22:01.894 [Forwarding getAlertText on session e66592ae6358f7f0d393909f22180203 to remote] DEBUG org.asynchttpclient.netty.request.NettyRequestSender - Using pooled Channel '[id: 0xe2458fda, L:/127.0.0.1:56492 - R:localhost/127.0.0.1:44337]' for 'GET' to 'http://localhost:44337/session/e66592ae6358f7f0d393909f22180203/alert/text'
15:22:01.895 [Forwarding getAlertText on session e66592ae6358f7f0d393909f22180203 to remote] DEBUG org.asynchttpclient.netty.request.NettyRequestSender - Using open Channel [id: 0xe2458fda, L:/127.0.0.1:56492 - R:localhost/127.0.0.1:44337] for GET '/session/e66592ae6358f7f0d393909f22180203/alert/text'
15:22:01.896 [AsyncHttpClient-1-2] DEBUG org.asynchttpclient.netty.handler.HttpHandler - 

Request DefaultFullHttpRequest(decodeResult: success, version: HTTP/1.1, content: EmptyByteBufBE)
GET /session/e66592ae6358f7f0d393909f22180203/alert/text HTTP/1.1
User-Agent: selenium/4.6.0 (java windows)
Cache-Control: no-cache
Content-Type: application/json; charset=utf-8
host: localhost:44337
accept: */*

Response DefaultHttpResponse(decodeResult: success, version: HTTP/1.1)
HTTP/1.1 404 Not Found
Content-Type: application/json; charset=utf-8
cache-control: no-cache
content-length: 848

15:22:01.896 [AsyncHttpClient-1-2] DEBUG org.asynchttpclient.netty.channel.ChannelManager - Adding key: http://localhost:44337 for channel [id: 0xe2458fda, L:/127.0.0.1:56492 - R:localhost/127.0.0.1:44337]
15:22:01.905 [Forwarding switchToWindow on session e66592ae6358f7f0d393909f22180203 to remote] DEBUG org.asynchttpclient.netty.request.NettyRequestSender - Using pooled Channel '[id: 0xe2458fda, L:/127.0.0.1:56492 - R:localhost/127.0.0.1:44337]' for 'POST' to 'http://localhost:44337/session/e66592ae6358f7f0d393909f22180203/window'
15:22:01.905 [Forwarding switchToWindow on session e66592ae6358f7f0d393909f22180203 to remote] DEBUG org.asynchttpclient.netty.request.NettyRequestSender - Using open Channel [id: 0xe2458fda, L:/127.0.0.1:56492 - R:localhost/127.0.0.1:44337] for POST '/session/e66592ae6358f7f0d393909f22180203/window'
15:22:01.907 [AsyncHttpClient-1-2] DEBUG org.asynchttpclient.netty.handler.HttpHandler - 

Request DefaultHttpRequest(decodeResult: success, version: HTTP/1.1)
POST /session/e66592ae6358f7f0d393909f22180203/window HTTP/1.1
User-Agent: selenium/4.6.0 (java windows)
Content-Length: 50
Content-Type: application/json; charset=utf-8
host: localhost:44337
accept: */*

Response DefaultHttpResponse(decodeResult: success, version: HTTP/1.1)
HTTP/1.1 200 OK
Content-Type: application/json; charset=utf-8
cache-control: no-cache
content-length: 14

15:22:01.907 [AsyncHttpClient-1-2] DEBUG org.asynchttpclient.netty.channel.ChannelManager - Adding key: http://localhost:44337 for channel [id: 0xe2458fda, L:/127.0.0.1:56492 - R:localhost/127.0.0.1:44337]
15:22:01.908 [Forwarding getCurrentUrl on session e66592ae6358f7f0d393909f22180203 to remote] DEBUG org.asynchttpclient.netty.request.NettyRequestSender - Using pooled Channel '[id: 0xe2458fda, L:/127.0.0.1:56492 - R:localhost/127.0.0.1:44337]' for 'GET' to 'http://localhost:44337/session/e66592ae6358f7f0d393909f22180203/url'
15:22:01.908 [Forwarding getCurrentUrl on session e66592ae6358f7f0d393909f22180203 to remote] DEBUG org.asynchttpclient.netty.request.NettyRequestSender - Using open Channel [id: 0xe2458fda, L:/127.0.0.1:56492 - R:localhost/127.0.0.1:44337] for GET '/session/e66592ae6358f7f0d393909f22180203/url'
15:22:01.913 [AsyncHttpClient-1-2] DEBUG org.asynchttpclient.netty.handler.HttpHandler - 

Request DefaultFullHttpRequest(decodeResult: success, version: HTTP/1.1, content: EmptyByteBufBE)
GET /session/e66592ae6358f7f0d393909f22180203/url HTTP/1.1
User-Agent: selenium/4.6.0 (java windows)
Cache-Control: no-cache
Content-Type: application/json; charset=utf-8
host: localhost:44337
accept: */*

Response DefaultHttpResponse(decodeResult: success, version: HTTP/1.1)
HTTP/1.1 200 OK
Content-Type: application/json; charset=utf-8
cache-control: no-cache
content-length: 39

15:22:01.914 [AsyncHttpClient-1-2] DEBUG org.asynchttpclient.netty.channel.ChannelManager - Adding key: http://localhost:44337 for channel [id: 0xe2458fda, L:/127.0.0.1:56492 - R:localhost/127.0.0.1:44337]
15:22:01.914 [Forwarding screenshot on session e66592ae6358f7f0d393909f22180203 to remote] DEBUG org.asynchttpclient.netty.request.NettyRequestSender - Using pooled Channel '[id: 0xe2458fda, L:/127.0.0.1:56492 - R:localhost/127.0.0.1:44337]' for 'GET' to 'http://localhost:44337/session/e66592ae6358f7f0d393909f22180203/screenshot'
15:22:01.915 [Forwarding screenshot on session e66592ae6358f7f0d393909f22180203 to remote] DEBUG org.asynchttpclient.netty.request.NettyRequestSender - Using open Channel [id: 0xe2458fda, L:/127.0.0.1:56492 - R:localhost/127.0.0.1:44337] for GET '/session/e66592ae6358f7f0d393909f22180203/screenshot'
15:22:02.185 [AsyncHttpClient-1-2] DEBUG org.asynchttpclient.netty.handler.HttpHandler - 

Request DefaultFullHttpRequest(decodeResult: success, version: HTTP/1.1, content: EmptyByteBufBE)
GET /session/e66592ae6358f7f0d393909f22180203/screenshot HTTP/1.1
User-Agent: selenium/4.6.0 (java windows)
Cache-Control: no-cache
Content-Type: application/json; charset=utf-8
host: localhost:44337
accept: */*

Response DefaultHttpResponse(decodeResult: success, version: HTTP/1.1)
HTTP/1.1 200 OK
Content-Type: application/json; charset=utf-8
cache-control: no-cache
content-length: 650644

15:22:02.188 [AsyncHttpClient-1-2] DEBUG org.asynchttpclient.netty.channel.ChannelManager - Adding key: http://localhost:44337 for channel [id: 0xe2458fda, L:/127.0.0.1:56492 - R:localhost/127.0.0.1:44337]
15:22:02.198 [Test worker] DEBUG net.serenitybdd.core.photography.Darkroom - Send negative for processing for C:\Users\Usuario\Documents\retoAutomatizacion\e2e\RetoDemoBlaze\target\site\serenity\ed0f01f23587e9c1e9d310f039cc847faeb65755dbdd0d2a0a81037f4bdfc3f8.png
15:22:02.198 [Darkroom Processing Line] DEBUG net.serenitybdd.core.photography.DarkroomProcessingLine - Processing screenshot image in /var/screenshots/screenshot-3961850983726861978
15:22:02.199 [Darkroom Processing Line] DEBUG net.serenitybdd.core.photography.DarkroomProcessingLine - Saving screenshot to C:\Users\Usuario\Documents\retoAutomatizacion\e2e\RetoDemoBlaze\target\site\serenity\ed0f01f23587e9c1e9d310f039cc847faeb65755dbdd0d2a0a81037f4bdfc3f8.png
15:22:02.207 [Forwarding getPageSource on session e66592ae6358f7f0d393909f22180203 to remote] DEBUG org.asynchttpclient.netty.request.NettyRequestSender - Using pooled Channel '[id: 0xe2458fda, L:/127.0.0.1:56492 - R:localhost/127.0.0.1:44337]' for 'POST' to 'http://localhost:44337/session/e66592ae6358f7f0d393909f22180203/execute/sync'
15:22:02.207 [Forwarding getPageSource on session e66592ae6358f7f0d393909f22180203 to remote] DEBUG org.asynchttpclient.netty.request.NettyRequestSender - Using open Channel [id: 0xe2458fda, L:/127.0.0.1:56492 - R:localhost/127.0.0.1:44337] for POST '/session/e66592ae6358f7f0d393909f22180203/execute/sync'
15:22:02.217 [AsyncHttpClient-1-2] DEBUG org.asynchttpclient.netty.handler.HttpHandler - 

Request DefaultHttpRequest(decodeResult: success, version: HTTP/1.1)
POST /session/e66592ae6358f7f0d393909f22180203/execute/sync HTTP/1.1
User-Agent: selenium/4.6.0 (java windows)
Content-Length: 176
Content-Type: application/json; charset=utf-8
host: localhost:44337
accept: */*

Response DefaultHttpResponse(decodeResult: success, version: HTTP/1.1)
HTTP/1.1 200 OK
Content-Type: application/json; charset=utf-8
cache-control: no-cache
content-length: 56060

15:22:02.217 [AsyncHttpClient-1-2] DEBUG org.asynchttpclient.netty.channel.ChannelManager - Adding key: http://localhost:44337 for channel [id: 0xe2458fda, L:/127.0.0.1:56492 - R:localhost/127.0.0.1:44337]
15:22:02.223 [Forwarding getCurrentUrl on session e66592ae6358f7f0d393909f22180203 to remote] DEBUG org.asynchttpclient.netty.request.NettyRequestSender - Using pooled Channel '[id: 0xe2458fda, L:/127.0.0.1:56492 - R:localhost/127.0.0.1:44337]' for 'GET' to 'http://localhost:44337/session/e66592ae6358f7f0d393909f22180203/url'
15:22:02.223 [Forwarding getCurrentUrl on session e66592ae6358f7f0d393909f22180203 to remote] DEBUG org.asynchttpclient.netty.request.NettyRequestSender - Using open Channel [id: 0xe2458fda, L:/127.0.0.1:56492 - R:localhost/127.0.0.1:44337] for GET '/session/e66592ae6358f7f0d393909f22180203/url'
15:22:02.228 [AsyncHttpClient-1-2] DEBUG org.asynchttpclient.netty.handler.HttpHandler - 

Request DefaultFullHttpRequest(decodeResult: success, version: HTTP/1.1, content: EmptyByteBufBE)
GET /session/e66592ae6358f7f0d393909f22180203/url HTTP/1.1
User-Agent: selenium/4.6.0 (java windows)
Cache-Control: no-cache
Content-Type: application/json; charset=utf-8
host: localhost:44337
accept: */*

Response DefaultHttpResponse(decodeResult: success, version: HTTP/1.1)
HTTP/1.1 200 OK
Content-Type: application/json; charset=utf-8
cache-control: no-cache
content-length: 39

15:22:02.228 [AsyncHttpClient-1-2] DEBUG org.asynchttpclient.netty.channel.ChannelManager - Adding key: http://localhost:44337 for channel [id: 0xe2458fda, L:/127.0.0.1:56492 - R:localhost/127.0.0.1:44337]
15:22:02.230 [Test worker] DEBUG net.thucydides.core.steps.StepInterceptor - STARTING STEP: demoBlazeStepDefinition.realizoUnaCompraDeCantProdsProductosEnLaCategoriaCategoria - performAs
15:22:02.239 [Forwarding findElements on session e66592ae6358f7f0d393909f22180203 to remote] DEBUG org.asynchttpclient.netty.request.NettyRequestSender - Using pooled Channel '[id: 0xe2458fda, L:/127.0.0.1:56492 - R:localhost/127.0.0.1:44337]' for 'POST' to 'http://localhost:44337/session/e66592ae6358f7f0d393909f22180203/elements'
15:22:02.239 [Forwarding findElements on session e66592ae6358f7f0d393909f22180203 to remote] DEBUG org.asynchttpclient.netty.request.NettyRequestSender - Using open Channel [id: 0xe2458fda, L:/127.0.0.1:56492 - R:localhost/127.0.0.1:44337] for POST '/session/e66592ae6358f7f0d393909f22180203/elements'
15:22:02.253 [AsyncHttpClient-1-2] DEBUG org.asynchttpclient.netty.handler.HttpHandler - 

Request DefaultHttpRequest(decodeResult: success, version: HTTP/1.1)
POST /session/e66592ae6358f7f0d393909f22180203/elements HTTP/1.1
User-Agent: selenium/4.6.0 (java windows)
Content-Length: 73
Content-Type: application/json; charset=utf-8
host: localhost:44337
accept: */*

Response DefaultHttpResponse(decodeResult: success, version: HTTP/1.1)
HTTP/1.1 200 OK
Content-Type: application/json; charset=utf-8
cache-control: no-cache
content-length: 533

15:22:02.253 [AsyncHttpClient-1-2] DEBUG org.asynchttpclient.netty.channel.ChannelManager - Adding key: http://localhost:44337 for channel [id: 0xe2458fda, L:/127.0.0.1:56492 - R:localhost/127.0.0.1:44337]
15:22:02.304 [Forwarding getCurrentWindowHandle on session e66592ae6358f7f0d393909f22180203 to remote] DEBUG org.asynchttpclient.netty.request.NettyRequestSender - Using pooled Channel '[id: 0xe2458fda, L:/127.0.0.1:56492 - R:localhost/127.0.0.1:44337]' for 'GET' to 'http://localhost:44337/session/e66592ae6358f7f0d393909f22180203/window'
15:22:02.304 [Forwarding getCurrentWindowHandle on session e66592ae6358f7f0d393909f22180203 to remote] DEBUG org.asynchttpclient.netty.request.NettyRequestSender - Using open Channel [id: 0xe2458fda, L:/127.0.0.1:56492 - R:localhost/127.0.0.1:44337] for GET '/session/e66592ae6358f7f0d393909f22180203/window'
15:22:02.305 [AsyncHttpClient-1-2] DEBUG org.asynchttpclient.netty.handler.HttpHandler - 

Request DefaultFullHttpRequest(decodeResult: success, version: HTTP/1.1, content: EmptyByteBufBE)
GET /session/e66592ae6358f7f0d393909f22180203/window HTTP/1.1
User-Agent: selenium/4.6.0 (java windows)
Cache-Control: no-cache
Content-Type: application/json; charset=utf-8
host: localhost:44337
accept: */*

Response DefaultHttpResponse(decodeResult: success, version: HTTP/1.1)
HTTP/1.1 200 OK
Content-Type: application/json; charset=utf-8
cache-control: no-cache
content-length: 44

15:22:02.305 [AsyncHttpClient-1-2] DEBUG org.asynchttpclient.netty.channel.ChannelManager - Adding key: http://localhost:44337 for channel [id: 0xe2458fda, L:/127.0.0.1:56492 - R:localhost/127.0.0.1:44337]
15:22:02.312 [Forwarding getAlertText on session e66592ae6358f7f0d393909f22180203 to remote] DEBUG org.asynchttpclient.netty.request.NettyRequestSender - Using pooled Channel '[id: 0xe2458fda, L:/127.0.0.1:56492 - R:localhost/127.0.0.1:44337]' for 'GET' to 'http://localhost:44337/session/e66592ae6358f7f0d393909f22180203/alert/text'
15:22:02.312 [Forwarding getAlertText on session e66592ae6358f7f0d393909f22180203 to remote] DEBUG org.asynchttpclient.netty.request.NettyRequestSender - Using open Channel [id: 0xe2458fda, L:/127.0.0.1:56492 - R:localhost/127.0.0.1:44337] for GET '/session/e66592ae6358f7f0d393909f22180203/alert/text'
15:22:02.314 [AsyncHttpClient-1-2] DEBUG org.asynchttpclient.netty.handler.HttpHandler - 

Request DefaultFullHttpRequest(decodeResult: success, version: HTTP/1.1, content: EmptyByteBufBE)
GET /session/e66592ae6358f7f0d393909f22180203/alert/text HTTP/1.1
User-Agent: selenium/4.6.0 (java windows)
Cache-Control: no-cache
Content-Type: application/json; charset=utf-8
host: localhost:44337
accept: */*

Response DefaultHttpResponse(decodeResult: success, version: HTTP/1.1)
HTTP/1.1 404 Not Found
Content-Type: application/json; charset=utf-8
cache-control: no-cache
content-length: 848

15:22:02.314 [AsyncHttpClient-1-2] DEBUG org.asynchttpclient.netty.channel.ChannelManager - Adding key: http://localhost:44337 for channel [id: 0xe2458fda, L:/127.0.0.1:56492 - R:localhost/127.0.0.1:44337]
15:22:02.322 [Forwarding switchToWindow on session e66592ae6358f7f0d393909f22180203 to remote] DEBUG org.asynchttpclient.netty.request.NettyRequestSender - Using pooled Channel '[id: 0xe2458fda, L:/127.0.0.1:56492 - R:localhost/127.0.0.1:44337]' for 'POST' to 'http://localhost:44337/session/e66592ae6358f7f0d393909f22180203/window'
15:22:02.322 [Forwarding switchToWindow on session e66592ae6358f7f0d393909f22180203 to remote] DEBUG org.asynchttpclient.netty.request.NettyRequestSender - Using open Channel [id: 0xe2458fda, L:/127.0.0.1:56492 - R:localhost/127.0.0.1:44337] for POST '/session/e66592ae6358f7f0d393909f22180203/window'
15:22:02.325 [AsyncHttpClient-1-2] DEBUG org.asynchttpclient.netty.handler.HttpHandler - 

Request DefaultHttpRequest(decodeResult: success, version: HTTP/1.1)
POST /session/e66592ae6358f7f0d393909f22180203/window HTTP/1.1
User-Agent: selenium/4.6.0 (java windows)
Content-Length: 50
Content-Type: application/json; charset=utf-8
host: localhost:44337
accept: */*

Response DefaultHttpResponse(decodeResult: success, version: HTTP/1.1)
HTTP/1.1 200 OK
Content-Type: application/json; charset=utf-8
cache-control: no-cache
content-length: 14

15:22:02.325 [AsyncHttpClient-1-2] DEBUG org.asynchttpclient.netty.channel.ChannelManager - Adding key: http://localhost:44337 for channel [id: 0xe2458fda, L:/127.0.0.1:56492 - R:localhost/127.0.0.1:44337]
15:22:02.327 [Forwarding getCurrentUrl on session e66592ae6358f7f0d393909f22180203 to remote] DEBUG org.asynchttpclient.netty.request.NettyRequestSender - Using pooled Channel '[id: 0xe2458fda, L:/127.0.0.1:56492 - R:localhost/127.0.0.1:44337]' for 'GET' to 'http://localhost:44337/session/e66592ae6358f7f0d393909f22180203/url'
15:22:02.328 [Forwarding getCurrentUrl on session e66592ae6358f7f0d393909f22180203 to remote] DEBUG org.asynchttpclient.netty.request.NettyRequestSender - Using open Channel [id: 0xe2458fda, L:/127.0.0.1:56492 - R:localhost/127.0.0.1:44337] for GET '/session/e66592ae6358f7f0d393909f22180203/url'
15:22:02.332 [AsyncHttpClient-1-2] DEBUG org.asynchttpclient.netty.handler.HttpHandler - 

Request DefaultFullHttpRequest(decodeResult: success, version: HTTP/1.1, content: EmptyByteBufBE)
GET /session/e66592ae6358f7f0d393909f22180203/url HTTP/1.1
User-Agent: selenium/4.6.0 (java windows)
Cache-Control: no-cache
Content-Type: application/json; charset=utf-8
host: localhost:44337
accept: */*

Response DefaultHttpResponse(decodeResult: success, version: HTTP/1.1)
HTTP/1.1 200 OK
Content-Type: application/json; charset=utf-8
cache-control: no-cache
content-length: 39

15:22:02.332 [AsyncHttpClient-1-2] DEBUG org.asynchttpclient.netty.channel.ChannelManager - Adding key: http://localhost:44337 for channel [id: 0xe2458fda, L:/127.0.0.1:56492 - R:localhost/127.0.0.1:44337]
15:22:02.333 [Forwarding screenshot on session e66592ae6358f7f0d393909f22180203 to remote] DEBUG org.asynchttpclient.netty.request.NettyRequestSender - Using pooled Channel '[id: 0xe2458fda, L:/127.0.0.1:56492 - R:localhost/127.0.0.1:44337]' for 'GET' to 'http://localhost:44337/session/e66592ae6358f7f0d393909f22180203/screenshot'
15:22:02.333 [Forwarding screenshot on session e66592ae6358f7f0d393909f22180203 to remote] DEBUG org.asynchttpclient.netty.request.NettyRequestSender - Using open Channel [id: 0xe2458fda, L:/127.0.0.1:56492 - R:localhost/127.0.0.1:44337] for GET '/session/e66592ae6358f7f0d393909f22180203/screenshot'
15:22:02.562 [AsyncHttpClient-1-2] DEBUG org.asynchttpclient.netty.handler.HttpHandler - 

Request DefaultFullHttpRequest(decodeResult: success, version: HTTP/1.1, content: EmptyByteBufBE)
GET /session/e66592ae6358f7f0d393909f22180203/screenshot HTTP/1.1
User-Agent: selenium/4.6.0 (java windows)
Cache-Control: no-cache
Content-Type: application/json; charset=utf-8
host: localhost:44337
accept: */*

Response DefaultHttpResponse(decodeResult: success, version: HTTP/1.1)
HTTP/1.1 200 OK
Content-Type: application/json; charset=utf-8
cache-control: no-cache
content-length: 650868

15:22:02.563 [AsyncHttpClient-1-2] DEBUG org.asynchttpclient.netty.channel.ChannelManager - Adding key: http://localhost:44337 for channel [id: 0xe2458fda, L:/127.0.0.1:56492 - R:localhost/127.0.0.1:44337]
15:22:02.573 [Test worker] DEBUG net.serenitybdd.core.photography.Darkroom - Send negative for processing for C:\Users\Usuario\Documents\retoAutomatizacion\e2e\RetoDemoBlaze\target\site\serenity\8dcf69b435cba56a98bd46d7702b7c5dd55386a6cb18d76efb07d9275486b5b8.png
15:22:02.573 [Darkroom Processing Line] DEBUG net.serenitybdd.core.photography.DarkroomProcessingLine - Processing screenshot image in /var/screenshots/screenshot-14038448833727316894
15:22:02.573 [Darkroom Processing Line] DEBUG net.serenitybdd.core.photography.DarkroomProcessingLine - Saving screenshot to C:\Users\Usuario\Documents\retoAutomatizacion\e2e\RetoDemoBlaze\target\site\serenity\8dcf69b435cba56a98bd46d7702b7c5dd55386a6cb18d76efb07d9275486b5b8.png
15:22:02.584 [Forwarding getPageSource on session e66592ae6358f7f0d393909f22180203 to remote] DEBUG org.asynchttpclient.netty.request.NettyRequestSender - Using pooled Channel '[id: 0xe2458fda, L:/127.0.0.1:56492 - R:localhost/127.0.0.1:44337]' for 'POST' to 'http://localhost:44337/session/e66592ae6358f7f0d393909f22180203/execute/sync'
15:22:02.584 [Forwarding getPageSource on session e66592ae6358f7f0d393909f22180203 to remote] DEBUG org.asynchttpclient.netty.request.NettyRequestSender - Using open Channel [id: 0xe2458fda, L:/127.0.0.1:56492 - R:localhost/127.0.0.1:44337] for POST '/session/e66592ae6358f7f0d393909f22180203/execute/sync'
15:22:02.594 [AsyncHttpClient-1-2] DEBUG org.asynchttpclient.netty.handler.HttpHandler - 

Request DefaultHttpRequest(decodeResult: success, version: HTTP/1.1)
POST /session/e66592ae6358f7f0d393909f22180203/execute/sync HTTP/1.1
User-Agent: selenium/4.6.0 (java windows)
Content-Length: 176
Content-Type: application/json; charset=utf-8
host: localhost:44337
accept: */*

Response DefaultHttpResponse(decodeResult: success, version: HTTP/1.1)
HTTP/1.1 200 OK
Content-Type: application/json; charset=utf-8
cache-control: no-cache
content-length: 56060

15:22:02.594 [AsyncHttpClient-1-2] DEBUG org.asynchttpclient.netty.channel.ChannelManager - Adding key: http://localhost:44337 for channel [id: 0xe2458fda, L:/127.0.0.1:56492 - R:localhost/127.0.0.1:44337]
15:22:02.599 [Forwarding getCurrentUrl on session e66592ae6358f7f0d393909f22180203 to remote] DEBUG org.asynchttpclient.netty.request.NettyRequestSender - Using pooled Channel '[id: 0xe2458fda, L:/127.0.0.1:56492 - R:localhost/127.0.0.1:44337]' for 'GET' to 'http://localhost:44337/session/e66592ae6358f7f0d393909f22180203/url'
15:22:02.599 [Forwarding getCurrentUrl on session e66592ae6358f7f0d393909f22180203 to remote] DEBUG org.asynchttpclient.netty.request.NettyRequestSender - Using open Channel [id: 0xe2458fda, L:/127.0.0.1:56492 - R:localhost/127.0.0.1:44337] for GET '/session/e66592ae6358f7f0d393909f22180203/url'
15:22:02.603 [AsyncHttpClient-1-2] DEBUG org.asynchttpclient.netty.handler.HttpHandler - 

Request DefaultFullHttpRequest(decodeResult: success, version: HTTP/1.1, content: EmptyByteBufBE)
GET /session/e66592ae6358f7f0d393909f22180203/url HTTP/1.1
User-Agent: selenium/4.6.0 (java windows)
Cache-Control: no-cache
Content-Type: application/json; charset=utf-8
host: localhost:44337
accept: */*

Response DefaultHttpResponse(decodeResult: success, version: HTTP/1.1)
HTTP/1.1 200 OK
Content-Type: application/json; charset=utf-8
cache-control: no-cache
content-length: 39

15:22:02.603 [AsyncHttpClient-1-2] DEBUG org.asynchttpclient.netty.channel.ChannelManager - Adding key: http://localhost:44337 for channel [id: 0xe2458fda, L:/127.0.0.1:56492 - R:localhost/127.0.0.1:44337]
15:22:02.606 [Test worker] DEBUG net.thucydides.core.steps.StepInterceptor - STARTING STEP: PickItem.performAs - {0} clicks on #target
15:22:02.606 [Test worker] DEBUG net.serenitybdd.screenplay.targets.IFrameSwitcher - default content already selected for randomItem
15:22:02.641 [Forwarding findElement on session e66592ae6358f7f0d393909f22180203 to remote] DEBUG org.asynchttpclient.netty.request.NettyRequestSender - Using pooled Channel '[id: 0xe2458fda, L:/127.0.0.1:56492 - R:localhost/127.0.0.1:44337]' for 'POST' to 'http://localhost:44337/session/e66592ae6358f7f0d393909f22180203/element'
15:22:02.641 [Forwarding findElement on session e66592ae6358f7f0d393909f22180203 to remote] DEBUG org.asynchttpclient.netty.request.NettyRequestSender - Using open Channel [id: 0xe2458fda, L:/127.0.0.1:56492 - R:localhost/127.0.0.1:44337] for POST '/session/e66592ae6358f7f0d393909f22180203/element'
15:22:02.651 [AsyncHttpClient-1-2] DEBUG org.asynchttpclient.netty.handler.HttpHandler - 

Request DefaultHttpRequest(decodeResult: success, version: HTTP/1.1)
POST /session/e66592ae6358f7f0d393909f22180203/element HTTP/1.1
User-Agent: selenium/4.6.0 (java windows)
Content-Length: 79
Content-Type: application/json; charset=utf-8
host: localhost:44337
accept: */*

Response DefaultHttpResponse(decodeResult: success, version: HTTP/1.1)
HTTP/1.1 200 OK
Content-Type: application/json; charset=utf-8
cache-control: no-cache
content-length: 96

15:22:02.651 [AsyncHttpClient-1-2] DEBUG org.asynchttpclient.netty.channel.ChannelManager - Adding key: http://localhost:44337 for channel [id: 0xe2458fda, L:/127.0.0.1:56492 - R:localhost/127.0.0.1:44337]
15:22:02.659 [Forwarding isElementDisplayed on session e66592ae6358f7f0d393909f22180203 to remote] DEBUG org.asynchttpclient.netty.request.NettyRequestSender - Using pooled Channel '[id: 0xe2458fda, L:/127.0.0.1:56492 - R:localhost/127.0.0.1:44337]' for 'POST' to 'http://localhost:44337/session/e66592ae6358f7f0d393909f22180203/execute/sync'
15:22:02.659 [Forwarding isElementDisplayed on session e66592ae6358f7f0d393909f22180203 to remote] DEBUG org.asynchttpclient.netty.request.NettyRequestSender - Using open Channel [id: 0xe2458fda, L:/127.0.0.1:56492 - R:localhost/127.0.0.1:44337] for POST '/session/e66592ae6358f7f0d393909f22180203/execute/sync'
15:22:02.668 [AsyncHttpClient-1-2] DEBUG org.asynchttpclient.netty.handler.HttpHandler - 

Request DefaultHttpRequest(decodeResult: success, version: HTTP/1.1)
POST /session/e66592ae6358f7f0d393909f22180203/execute/sync HTTP/1.1
User-Agent: selenium/4.6.0 (java windows)
Content-Length: 48788
Content-Type: application/json; charset=utf-8
host: localhost:44337
accept: */*

Response DefaultHttpResponse(decodeResult: success, version: HTTP/1.1)
HTTP/1.1 200 OK
Content-Type: application/json; charset=utf-8
cache-control: no-cache
content-length: 14

15:22:02.668 [AsyncHttpClient-1-2] DEBUG org.asynchttpclient.netty.channel.ChannelManager - Adding key: http://localhost:44337 for channel [id: 0xe2458fda, L:/127.0.0.1:56492 - R:localhost/127.0.0.1:44337]
15:22:02.679 [Forwarding findElement on session e66592ae6358f7f0d393909f22180203 to remote] DEBUG org.asynchttpclient.netty.request.NettyRequestSender - Using pooled Channel '[id: 0xe2458fda, L:/127.0.0.1:56492 - R:localhost/127.0.0.1:44337]' for 'POST' to 'http://localhost:44337/session/e66592ae6358f7f0d393909f22180203/element'
15:22:02.679 [Forwarding findElement on session e66592ae6358f7f0d393909f22180203 to remote] DEBUG org.asynchttpclient.netty.request.NettyRequestSender - Using open Channel [id: 0xe2458fda, L:/127.0.0.1:56492 - R:localhost/127.0.0.1:44337] for POST '/session/e66592ae6358f7f0d393909f22180203/element'
15:22:02.687 [AsyncHttpClient-1-2] DEBUG org.asynchttpclient.netty.handler.HttpHandler - 

Request DefaultHttpRequest(decodeResult: success, version: HTTP/1.1)
POST /session/e66592ae6358f7f0d393909f22180203/element HTTP/1.1
User-Agent: selenium/4.6.0 (java windows)
Content-Length: 79
Content-Type: application/json; charset=utf-8
host: localhost:44337
accept: */*

Response DefaultHttpResponse(decodeResult: success, version: HTTP/1.1)
HTTP/1.1 200 OK
Content-Type: application/json; charset=utf-8
cache-control: no-cache
content-length: 96

15:22:02.687 [AsyncHttpClient-1-2] DEBUG org.asynchttpclient.netty.channel.ChannelManager - Adding key: http://localhost:44337 for channel [id: 0xe2458fda, L:/127.0.0.1:56492 - R:localhost/127.0.0.1:44337]
15:22:02.688 [Forwarding clickElement on session e66592ae6358f7f0d393909f22180203 to remote] DEBUG org.asynchttpclient.netty.request.NettyRequestSender - Using pooled Channel '[id: 0xe2458fda, L:/127.0.0.1:56492 - R:localhost/127.0.0.1:44337]' for 'POST' to 'http://localhost:44337/session/e66592ae6358f7f0d393909f22180203/element/E755E529EE678933E5F006045EFB81A1_element_127/click'
15:22:02.688 [Forwarding clickElement on session e66592ae6358f7f0d393909f22180203 to remote] DEBUG org.asynchttpclient.netty.request.NettyRequestSender - Using open Channel [id: 0xe2458fda, L:/127.0.0.1:56492 - R:localhost/127.0.0.1:44337] for POST '/session/e66592ae6358f7f0d393909f22180203/element/E755E529EE678933E5F006045EFB81A1_element_127/click'
15:22:02.944 [AsyncHttpClient-1-1] DEBUG org.asynchttpclient.netty.channel.DefaultChannelPool - Entry count for : http://localhost:56493 : 1
15:22:03.432 [AsyncHttpClient-1-2] DEBUG org.asynchttpclient.netty.handler.HttpHandler - 

Request DefaultHttpRequest(decodeResult: success, version: HTTP/1.1)
POST /session/e66592ae6358f7f0d393909f22180203/element/E755E529EE678933E5F006045EFB81A1_element_127/click HTTP/1.1
User-Agent: selenium/4.6.0 (java windows)
Content-Length: 58
Content-Type: application/json; charset=utf-8
host: localhost:44337
accept: */*

Response DefaultHttpResponse(decodeResult: success, version: HTTP/1.1)
HTTP/1.1 200 OK
Content-Type: application/json; charset=utf-8
cache-control: no-cache
content-length: 14

15:22:03.432 [AsyncHttpClient-1-2] DEBUG org.asynchttpclient.netty.channel.ChannelManager - Adding key: http://localhost:44337 for channel [id: 0xe2458fda, L:/127.0.0.1:56492 - R:localhost/127.0.0.1:44337]
15:22:03.467 [Forwarding getCurrentWindowHandle on session e66592ae6358f7f0d393909f22180203 to remote] DEBUG org.asynchttpclient.netty.request.NettyRequestSender - Using pooled Channel '[id: 0xe2458fda, L:/127.0.0.1:56492 - R:localhost/127.0.0.1:44337]' for 'GET' to 'http://localhost:44337/session/e66592ae6358f7f0d393909f22180203/window'
15:22:03.467 [Forwarding getCurrentWindowHandle on session e66592ae6358f7f0d393909f22180203 to remote] DEBUG org.asynchttpclient.netty.request.NettyRequestSender - Using open Channel [id: 0xe2458fda, L:/127.0.0.1:56492 - R:localhost/127.0.0.1:44337] for GET '/session/e66592ae6358f7f0d393909f22180203/window'
15:22:03.468 [AsyncHttpClient-1-2] DEBUG org.asynchttpclient.netty.handler.HttpHandler - 

Request DefaultFullHttpRequest(decodeResult: success, version: HTTP/1.1, content: EmptyByteBufBE)
GET /session/e66592ae6358f7f0d393909f22180203/window HTTP/1.1
User-Agent: selenium/4.6.0 (java windows)
Cache-Control: no-cache
Content-Type: application/json; charset=utf-8
host: localhost:44337
accept: */*

Response DefaultHttpResponse(decodeResult: success, version: HTTP/1.1)
HTTP/1.1 200 OK
Content-Type: application/json; charset=utf-8
cache-control: no-cache
content-length: 44

15:22:03.468 [AsyncHttpClient-1-2] DEBUG org.asynchttpclient.netty.channel.ChannelManager - Adding key: http://localhost:44337 for channel [id: 0xe2458fda, L:/127.0.0.1:56492 - R:localhost/127.0.0.1:44337]
15:22:03.475 [Forwarding getAlertText on session e66592ae6358f7f0d393909f22180203 to remote] DEBUG org.asynchttpclient.netty.request.NettyRequestSender - Using pooled Channel '[id: 0xe2458fda, L:/127.0.0.1:56492 - R:localhost/127.0.0.1:44337]' for 'GET' to 'http://localhost:44337/session/e66592ae6358f7f0d393909f22180203/alert/text'
15:22:03.476 [Forwarding getAlertText on session e66592ae6358f7f0d393909f22180203 to remote] DEBUG org.asynchttpclient.netty.request.NettyRequestSender - Using open Channel [id: 0xe2458fda, L:/127.0.0.1:56492 - R:localhost/127.0.0.1:44337] for GET '/session/e66592ae6358f7f0d393909f22180203/alert/text'
15:22:03.477 [AsyncHttpClient-1-2] DEBUG org.asynchttpclient.netty.handler.HttpHandler - 

Request DefaultFullHttpRequest(decodeResult: success, version: HTTP/1.1, content: EmptyByteBufBE)
GET /session/e66592ae6358f7f0d393909f22180203/alert/text HTTP/1.1
User-Agent: selenium/4.6.0 (java windows)
Cache-Control: no-cache
Content-Type: application/json; charset=utf-8
host: localhost:44337
accept: */*

Response DefaultHttpResponse(decodeResult: success, version: HTTP/1.1)
HTTP/1.1 404 Not Found
Content-Type: application/json; charset=utf-8
cache-control: no-cache
content-length: 848

15:22:03.478 [AsyncHttpClient-1-2] DEBUG org.asynchttpclient.netty.channel.ChannelManager - Adding key: http://localhost:44337 for channel [id: 0xe2458fda, L:/127.0.0.1:56492 - R:localhost/127.0.0.1:44337]
15:22:03.485 [Forwarding switchToWindow on session e66592ae6358f7f0d393909f22180203 to remote] DEBUG org.asynchttpclient.netty.request.NettyRequestSender - Using pooled Channel '[id: 0xe2458fda, L:/127.0.0.1:56492 - R:localhost/127.0.0.1:44337]' for 'POST' to 'http://localhost:44337/session/e66592ae6358f7f0d393909f22180203/window'
15:22:03.485 [Forwarding switchToWindow on session e66592ae6358f7f0d393909f22180203 to remote] DEBUG org.asynchttpclient.netty.request.NettyRequestSender - Using open Channel [id: 0xe2458fda, L:/127.0.0.1:56492 - R:localhost/127.0.0.1:44337] for POST '/session/e66592ae6358f7f0d393909f22180203/window'
15:22:03.487 [AsyncHttpClient-1-2] DEBUG org.asynchttpclient.netty.handler.HttpHandler - 

Request DefaultHttpRequest(decodeResult: success, version: HTTP/1.1)
POST /session/e66592ae6358f7f0d393909f22180203/window HTTP/1.1
User-Agent: selenium/4.6.0 (java windows)
Content-Length: 50
Content-Type: application/json; charset=utf-8
host: localhost:44337
accept: */*

Response DefaultHttpResponse(decodeResult: success, version: HTTP/1.1)
HTTP/1.1 200 OK
Content-Type: application/json; charset=utf-8
cache-control: no-cache
content-length: 14

15:22:03.487 [AsyncHttpClient-1-2] DEBUG org.asynchttpclient.netty.channel.ChannelManager - Adding key: http://localhost:44337 for channel [id: 0xe2458fda, L:/127.0.0.1:56492 - R:localhost/127.0.0.1:44337]
15:22:03.488 [Forwarding getCurrentUrl on session e66592ae6358f7f0d393909f22180203 to remote] DEBUG org.asynchttpclient.netty.request.NettyRequestSender - Using pooled Channel '[id: 0xe2458fda, L:/127.0.0.1:56492 - R:localhost/127.0.0.1:44337]' for 'GET' to 'http://localhost:44337/session/e66592ae6358f7f0d393909f22180203/url'
15:22:03.488 [Forwarding getCurrentUrl on session e66592ae6358f7f0d393909f22180203 to remote] DEBUG org.asynchttpclient.netty.request.NettyRequestSender - Using open Channel [id: 0xe2458fda, L:/127.0.0.1:56492 - R:localhost/127.0.0.1:44337] for GET '/session/e66592ae6358f7f0d393909f22180203/url'
15:22:03.494 [AsyncHttpClient-1-2] DEBUG org.asynchttpclient.netty.handler.HttpHandler - 

Request DefaultFullHttpRequest(decodeResult: success, version: HTTP/1.1, content: EmptyByteBufBE)
GET /session/e66592ae6358f7f0d393909f22180203/url HTTP/1.1
User-Agent: selenium/4.6.0 (java windows)
Cache-Control: no-cache
Content-Type: application/json; charset=utf-8
host: localhost:44337
accept: */*

Response DefaultHttpResponse(decodeResult: success, version: HTTP/1.1)
HTTP/1.1 200 OK
Content-Type: application/json; charset=utf-8
cache-control: no-cache
content-length: 55

15:22:03.494 [AsyncHttpClient-1-2] DEBUG org.asynchttpclient.netty.channel.ChannelManager - Adding key: http://localhost:44337 for channel [id: 0xe2458fda, L:/127.0.0.1:56492 - R:localhost/127.0.0.1:44337]
15:22:03.495 [Forwarding screenshot on session e66592ae6358f7f0d393909f22180203 to remote] DEBUG org.asynchttpclient.netty.request.NettyRequestSender - Using pooled Channel '[id: 0xe2458fda, L:/127.0.0.1:56492 - R:localhost/127.0.0.1:44337]' for 'GET' to 'http://localhost:44337/session/e66592ae6358f7f0d393909f22180203/screenshot'
15:22:03.495 [Forwarding screenshot on session e66592ae6358f7f0d393909f22180203 to remote] DEBUG org.asynchttpclient.netty.request.NettyRequestSender - Using open Channel [id: 0xe2458fda, L:/127.0.0.1:56492 - R:localhost/127.0.0.1:44337] for GET '/session/e66592ae6358f7f0d393909f22180203/screenshot'
15:22:03.674 [AsyncHttpClient-1-2] DEBUG org.asynchttpclient.netty.handler.HttpHandler - 

Request DefaultFullHttpRequest(decodeResult: success, version: HTTP/1.1, content: EmptyByteBufBE)
GET /session/e66592ae6358f7f0d393909f22180203/screenshot HTTP/1.1
User-Agent: selenium/4.6.0 (java windows)
Cache-Control: no-cache
Content-Type: application/json; charset=utf-8
host: localhost:44337
accept: */*

Response DefaultHttpResponse(decodeResult: success, version: HTTP/1.1)
HTTP/1.1 200 OK
Content-Type: application/json; charset=utf-8
cache-control: no-cache
content-length: 314812

15:22:03.674 [AsyncHttpClient-1-2] DEBUG org.asynchttpclient.netty.channel.ChannelManager - Adding key: http://localhost:44337 for channel [id: 0xe2458fda, L:/127.0.0.1:56492 - R:localhost/127.0.0.1:44337]
15:22:03.680 [Test worker] DEBUG net.serenitybdd.core.photography.Darkroom - Send negative for processing for C:\Users\Usuario\Documents\retoAutomatizacion\e2e\RetoDemoBlaze\target\site\serenity\80b404781ee21193b7fdc64575ca1efaab3040ec8d623a63083c4d258ab344c3.png
15:22:03.680 [Test worker] DEBUG net.thucydides.core.steps.StepInterceptor - STEP DONE: {0} clicks on #target
15:22:03.680 [Darkroom Processing Line] DEBUG net.serenitybdd.core.photography.DarkroomProcessingLine - Processing screenshot image in /var/screenshots/screenshot-13455724245273770800
15:22:03.680 [Darkroom Processing Line] DEBUG net.serenitybdd.core.photography.DarkroomProcessingLine - Saving screenshot to C:\Users\Usuario\Documents\retoAutomatizacion\e2e\RetoDemoBlaze\target\site\serenity\80b404781ee21193b7fdc64575ca1efaab3040ec8d623a63083c4d258ab344c3.png
15:22:03.699 [Forwarding getPageSource on session e66592ae6358f7f0d393909f22180203 to remote] DEBUG org.asynchttpclient.netty.request.NettyRequestSender - Using pooled Channel '[id: 0xe2458fda, L:/127.0.0.1:56492 - R:localhost/127.0.0.1:44337]' for 'POST' to 'http://localhost:44337/session/e66592ae6358f7f0d393909f22180203/execute/sync'
15:22:03.699 [Forwarding getPageSource on session e66592ae6358f7f0d393909f22180203 to remote] DEBUG org.asynchttpclient.netty.request.NettyRequestSender - Using open Channel [id: 0xe2458fda, L:/127.0.0.1:56492 - R:localhost/127.0.0.1:44337] for POST '/session/e66592ae6358f7f0d393909f22180203/execute/sync'
15:22:03.709 [AsyncHttpClient-1-2] DEBUG org.asynchttpclient.netty.handler.HttpHandler - 

Request DefaultHttpRequest(decodeResult: success, version: HTTP/1.1)
POST /session/e66592ae6358f7f0d393909f22180203/execute/sync HTTP/1.1
User-Agent: selenium/4.6.0 (java windows)
Content-Length: 176
Content-Type: application/json; charset=utf-8
host: localhost:44337
accept: */*

Response DefaultHttpResponse(decodeResult: success, version: HTTP/1.1)
HTTP/1.1 200 OK
Content-Type: application/json; charset=utf-8
cache-control: no-cache
content-length: 53683

15:22:03.709 [AsyncHttpClient-1-2] DEBUG org.asynchttpclient.netty.channel.ChannelManager - Adding key: http://localhost:44337 for channel [id: 0xe2458fda, L:/127.0.0.1:56492 - R:localhost/127.0.0.1:44337]
15:22:03.714 [Forwarding getCurrentUrl on session e66592ae6358f7f0d393909f22180203 to remote] DEBUG org.asynchttpclient.netty.request.NettyRequestSender - Using pooled Channel '[id: 0xe2458fda, L:/127.0.0.1:56492 - R:localhost/127.0.0.1:44337]' for 'GET' to 'http://localhost:44337/session/e66592ae6358f7f0d393909f22180203/url'
15:22:03.714 [Forwarding getCurrentUrl on session e66592ae6358f7f0d393909f22180203 to remote] DEBUG org.asynchttpclient.netty.request.NettyRequestSender - Using open Channel [id: 0xe2458fda, L:/127.0.0.1:56492 - R:localhost/127.0.0.1:44337] for GET '/session/e66592ae6358f7f0d393909f22180203/url'
15:22:03.718 [AsyncHttpClient-1-2] DEBUG org.asynchttpclient.netty.handler.HttpHandler - 

Request DefaultFullHttpRequest(decodeResult: success, version: HTTP/1.1, content: EmptyByteBufBE)
GET /session/e66592ae6358f7f0d393909f22180203/url HTTP/1.1
User-Agent: selenium/4.6.0 (java windows)
Cache-Control: no-cache
Content-Type: application/json; charset=utf-8
host: localhost:44337
accept: */*

Response DefaultHttpResponse(decodeResult: success, version: HTTP/1.1)
HTTP/1.1 200 OK
Content-Type: application/json; charset=utf-8
cache-control: no-cache
content-length: 55

15:22:03.718 [AsyncHttpClient-1-2] DEBUG org.asynchttpclient.netty.channel.ChannelManager - Adding key: http://localhost:44337 for channel [id: 0xe2458fda, L:/127.0.0.1:56492 - R:localhost/127.0.0.1:44337]
15:22:03.720 [Test worker] DEBUG net.thucydides.core.steps.StepInterceptor - STARTING STEP: PickItem.performAs - performAs
15:22:04.045 [AsyncHttpClient-1-1] DEBUG org.asynchttpclient.netty.channel.DefaultChannelPool - Entry count for : http://localhost:56493 : 1
15:22:04.045 [AsyncHttpClient-1-1] DEBUG org.asynchttpclient.netty.channel.DefaultChannelPool - Entry count for : http://localhost:44337 : 1
15:22:05.141 [AsyncHttpClient-1-1] DEBUG org.asynchttpclient.netty.channel.DefaultChannelPool - Entry count for : http://localhost:56493 : 1
15:22:05.141 [AsyncHttpClient-1-1] DEBUG org.asynchttpclient.netty.channel.DefaultChannelPool - Entry count for : http://localhost:44337 : 1
15:22:06.243 [AsyncHttpClient-1-1] DEBUG org.asynchttpclient.netty.channel.DefaultChannelPool - Entry count for : http://localhost:56493 : 1
15:22:06.243 [AsyncHttpClient-1-1] DEBUG org.asynchttpclient.netty.channel.DefaultChannelPool - Entry count for : http://localhost:44337 : 1
15:22:06.752 [Forwarding getCurrentWindowHandle on session e66592ae6358f7f0d393909f22180203 to remote] DEBUG org.asynchttpclient.netty.request.NettyRequestSender - Using pooled Channel '[id: 0xe2458fda, L:/127.0.0.1:56492 - R:localhost/127.0.0.1:44337]' for 'GET' to 'http://localhost:44337/session/e66592ae6358f7f0d393909f22180203/window'
15:22:06.752 [Forwarding getCurrentWindowHandle on session e66592ae6358f7f0d393909f22180203 to remote] DEBUG org.asynchttpclient.netty.request.NettyRequestSender - Using open Channel [id: 0xe2458fda, L:/127.0.0.1:56492 - R:localhost/127.0.0.1:44337] for GET '/session/e66592ae6358f7f0d393909f22180203/window'
15:22:06.753 [AsyncHttpClient-1-2] DEBUG org.asynchttpclient.netty.handler.HttpHandler - 

Request DefaultFullHttpRequest(decodeResult: success, version: HTTP/1.1, content: EmptyByteBufBE)
GET /session/e66592ae6358f7f0d393909f22180203/window HTTP/1.1
User-Agent: selenium/4.6.0 (java windows)
Cache-Control: no-cache
Content-Type: application/json; charset=utf-8
host: localhost:44337
accept: */*

Response DefaultHttpResponse(decodeResult: success, version: HTTP/1.1)
HTTP/1.1 200 OK
Content-Type: application/json; charset=utf-8
cache-control: no-cache
content-length: 44

15:22:06.753 [AsyncHttpClient-1-2] DEBUG org.asynchttpclient.netty.channel.ChannelManager - Adding key: http://localhost:44337 for channel [id: 0xe2458fda, L:/127.0.0.1:56492 - R:localhost/127.0.0.1:44337]
15:22:06.759 [Forwarding getAlertText on session e66592ae6358f7f0d393909f22180203 to remote] DEBUG org.asynchttpclient.netty.request.NettyRequestSender - Using pooled Channel '[id: 0xe2458fda, L:/127.0.0.1:56492 - R:localhost/127.0.0.1:44337]' for 'GET' to 'http://localhost:44337/session/e66592ae6358f7f0d393909f22180203/alert/text'
15:22:06.759 [Forwarding getAlertText on session e66592ae6358f7f0d393909f22180203 to remote] DEBUG org.asynchttpclient.netty.request.NettyRequestSender - Using open Channel [id: 0xe2458fda, L:/127.0.0.1:56492 - R:localhost/127.0.0.1:44337] for GET '/session/e66592ae6358f7f0d393909f22180203/alert/text'
15:22:06.761 [AsyncHttpClient-1-2] DEBUG org.asynchttpclient.netty.handler.HttpHandler - 

Request DefaultFullHttpRequest(decodeResult: success, version: HTTP/1.1, content: EmptyByteBufBE)
GET /session/e66592ae6358f7f0d393909f22180203/alert/text HTTP/1.1
User-Agent: selenium/4.6.0 (java windows)
Cache-Control: no-cache
Content-Type: application/json; charset=utf-8
host: localhost:44337
accept: */*

Response DefaultHttpResponse(decodeResult: success, version: HTTP/1.1)
HTTP/1.1 404 Not Found
Content-Type: application/json; charset=utf-8
cache-control: no-cache
content-length: 848

15:22:06.761 [AsyncHttpClient-1-2] DEBUG org.asynchttpclient.netty.channel.ChannelManager - Adding key: http://localhost:44337 for channel [id: 0xe2458fda, L:/127.0.0.1:56492 - R:localhost/127.0.0.1:44337]
15:22:06.767 [Forwarding switchToWindow on session e66592ae6358f7f0d393909f22180203 to remote] DEBUG org.asynchttpclient.netty.request.NettyRequestSender - Using pooled Channel '[id: 0xe2458fda, L:/127.0.0.1:56492 - R:localhost/127.0.0.1:44337]' for 'POST' to 'http://localhost:44337/session/e66592ae6358f7f0d393909f22180203/window'
15:22:06.767 [Forwarding switchToWindow on session e66592ae6358f7f0d393909f22180203 to remote] DEBUG org.asynchttpclient.netty.request.NettyRequestSender - Using open Channel [id: 0xe2458fda, L:/127.0.0.1:56492 - R:localhost/127.0.0.1:44337] for POST '/session/e66592ae6358f7f0d393909f22180203/window'
15:22:06.769 [AsyncHttpClient-1-2] DEBUG org.asynchttpclient.netty.handler.HttpHandler - 

Request DefaultHttpRequest(decodeResult: success, version: HTTP/1.1)
POST /session/e66592ae6358f7f0d393909f22180203/window HTTP/1.1
User-Agent: selenium/4.6.0 (java windows)
Content-Length: 50
Content-Type: application/json; charset=utf-8
host: localhost:44337
accept: */*

Response DefaultHttpResponse(decodeResult: success, version: HTTP/1.1)
HTTP/1.1 200 OK
Content-Type: application/json; charset=utf-8
cache-control: no-cache
content-length: 14

15:22:06.770 [AsyncHttpClient-1-2] DEBUG org.asynchttpclient.netty.channel.ChannelManager - Adding key: http://localhost:44337 for channel [id: 0xe2458fda, L:/127.0.0.1:56492 - R:localhost/127.0.0.1:44337]
15:22:06.770 [Forwarding getCurrentUrl on session e66592ae6358f7f0d393909f22180203 to remote] DEBUG org.asynchttpclient.netty.request.NettyRequestSender - Using pooled Channel '[id: 0xe2458fda, L:/127.0.0.1:56492 - R:localhost/127.0.0.1:44337]' for 'GET' to 'http://localhost:44337/session/e66592ae6358f7f0d393909f22180203/url'
15:22:06.770 [Forwarding getCurrentUrl on session e66592ae6358f7f0d393909f22180203 to remote] DEBUG org.asynchttpclient.netty.request.NettyRequestSender - Using open Channel [id: 0xe2458fda, L:/127.0.0.1:56492 - R:localhost/127.0.0.1:44337] for GET '/session/e66592ae6358f7f0d393909f22180203/url'
15:22:06.774 [AsyncHttpClient-1-2] DEBUG org.asynchttpclient.netty.handler.HttpHandler - 

Request DefaultFullHttpRequest(decodeResult: success, version: HTTP/1.1, content: EmptyByteBufBE)
GET /session/e66592ae6358f7f0d393909f22180203/url HTTP/1.1
User-Agent: selenium/4.6.0 (java windows)
Cache-Control: no-cache
Content-Type: application/json; charset=utf-8
host: localhost:44337
accept: */*

Response DefaultHttpResponse(decodeResult: success, version: HTTP/1.1)
HTTP/1.1 200 OK
Content-Type: application/json; charset=utf-8
cache-control: no-cache
content-length: 55

15:22:06.774 [AsyncHttpClient-1-2] DEBUG org.asynchttpclient.netty.channel.ChannelManager - Adding key: http://localhost:44337 for channel [id: 0xe2458fda, L:/127.0.0.1:56492 - R:localhost/127.0.0.1:44337]
15:22:06.775 [Forwarding screenshot on session e66592ae6358f7f0d393909f22180203 to remote] DEBUG org.asynchttpclient.netty.request.NettyRequestSender - Using pooled Channel '[id: 0xe2458fda, L:/127.0.0.1:56492 - R:localhost/127.0.0.1:44337]' for 'GET' to 'http://localhost:44337/session/e66592ae6358f7f0d393909f22180203/screenshot'
15:22:06.775 [Forwarding screenshot on session e66592ae6358f7f0d393909f22180203 to remote] DEBUG org.asynchttpclient.netty.request.NettyRequestSender - Using open Channel [id: 0xe2458fda, L:/127.0.0.1:56492 - R:localhost/127.0.0.1:44337] for GET '/session/e66592ae6358f7f0d393909f22180203/screenshot'
15:22:06.951 [AsyncHttpClient-1-2] DEBUG org.asynchttpclient.netty.handler.HttpHandler - 

Request DefaultFullHttpRequest(decodeResult: success, version: HTTP/1.1, content: EmptyByteBufBE)
GET /session/e66592ae6358f7f0d393909f22180203/screenshot HTTP/1.1
User-Agent: selenium/4.6.0 (java windows)
Cache-Control: no-cache
Content-Type: application/json; charset=utf-8
host: localhost:44337
accept: */*

Response DefaultHttpResponse(decodeResult: success, version: HTTP/1.1)
HTTP/1.1 200 OK
Content-Type: application/json; charset=utf-8
cache-control: no-cache
content-length: 437040

15:22:06.952 [AsyncHttpClient-1-2] DEBUG org.asynchttpclient.netty.channel.ChannelManager - Adding key: http://localhost:44337 for channel [id: 0xe2458fda, L:/127.0.0.1:56492 - R:localhost/127.0.0.1:44337]
15:22:06.958 [Test worker] DEBUG net.serenitybdd.core.photography.Darkroom - Send negative for processing for C:\Users\Usuario\Documents\retoAutomatizacion\e2e\RetoDemoBlaze\target\site\serenity\d5e1f58c24478f751b121cc0dc9993ce188c57132ce7f700dbe7bfc90c85e62d.png
15:22:06.958 [Test worker] DEBUG net.thucydides.core.steps.StepInterceptor - STEP DONE: performAs
15:22:06.958 [Darkroom Processing Line] DEBUG net.serenitybdd.core.photography.DarkroomProcessingLine - Processing screenshot image in /var/screenshots/screenshot-13221149766960612510
15:22:06.958 [Darkroom Processing Line] DEBUG net.serenitybdd.core.photography.DarkroomProcessingLine - Saving screenshot to C:\Users\Usuario\Documents\retoAutomatizacion\e2e\RetoDemoBlaze\target\site\serenity\d5e1f58c24478f751b121cc0dc9993ce188c57132ce7f700dbe7bfc90c85e62d.png
15:22:06.969 [Test worker] DEBUG net.serenitybdd.screenplay.targets.IFrameSwitcher - default content already selected for Phones
15:22:06.974 [Forwarding findElements on session e66592ae6358f7f0d393909f22180203 to remote] DEBUG org.asynchttpclient.netty.request.NettyRequestSender - Using pooled Channel '[id: 0xe2458fda, L:/127.0.0.1:56492 - R:localhost/127.0.0.1:44337]' for 'POST' to 'http://localhost:44337/session/e66592ae6358f7f0d393909f22180203/elements'
15:22:06.974 [Forwarding findElements on session e66592ae6358f7f0d393909f22180203 to remote] DEBUG org.asynchttpclient.netty.request.NettyRequestSender - Using open Channel [id: 0xe2458fda, L:/127.0.0.1:56492 - R:localhost/127.0.0.1:44337] for POST '/session/e66592ae6358f7f0d393909f22180203/elements'
15:22:06.985 [AsyncHttpClient-1-2] DEBUG org.asynchttpclient.netty.handler.HttpHandler - 

Request DefaultHttpRequest(decodeResult: success, version: HTTP/1.1)
POST /session/e66592ae6358f7f0d393909f22180203/elements HTTP/1.1
User-Agent: selenium/4.6.0 (java windows)
Content-Length: 72
Content-Type: application/json; charset=utf-8
host: localhost:44337
accept: */*

Response DefaultHttpResponse(decodeResult: success, version: HTTP/1.1)
HTTP/1.1 200 OK
Content-Type: application/json; charset=utf-8
cache-control: no-cache
content-length: 98

15:22:06.985 [AsyncHttpClient-1-2] DEBUG org.asynchttpclient.netty.channel.ChannelManager - Adding key: http://localhost:44337 for channel [id: 0xe2458fda, L:/127.0.0.1:56492 - R:localhost/127.0.0.1:44337]
15:22:06.999 [Forwarding isElementDisplayed on session e66592ae6358f7f0d393909f22180203 to remote] DEBUG org.asynchttpclient.netty.request.NettyRequestSender - Using pooled Channel '[id: 0xe2458fda, L:/127.0.0.1:56492 - R:localhost/127.0.0.1:44337]' for 'POST' to 'http://localhost:44337/session/e66592ae6358f7f0d393909f22180203/execute/sync'
15:22:07.000 [Forwarding isElementDisplayed on session e66592ae6358f7f0d393909f22180203 to remote] DEBUG org.asynchttpclient.netty.request.NettyRequestSender - Using open Channel [id: 0xe2458fda, L:/127.0.0.1:56492 - R:localhost/127.0.0.1:44337] for POST '/session/e66592ae6358f7f0d393909f22180203/execute/sync'
15:22:07.009 [AsyncHttpClient-1-2] DEBUG org.asynchttpclient.netty.handler.HttpHandler - 

Request DefaultHttpRequest(decodeResult: success, version: HTTP/1.1)
POST /session/e66592ae6358f7f0d393909f22180203/execute/sync HTTP/1.1
User-Agent: selenium/4.6.0 (java windows)
Content-Length: 48788
Content-Type: application/json; charset=utf-8
host: localhost:44337
accept: */*

Response DefaultHttpResponse(decodeResult: success, version: HTTP/1.1)
HTTP/1.1 200 OK
Content-Type: application/json; charset=utf-8
cache-control: no-cache
content-length: 14

15:22:07.009 [AsyncHttpClient-1-2] DEBUG org.asynchttpclient.netty.channel.ChannelManager - Adding key: http://localhost:44337 for channel [id: 0xe2458fda, L:/127.0.0.1:56492 - R:localhost/127.0.0.1:44337]
15:22:07.011 [Forwarding isElementDisplayed on session e66592ae6358f7f0d393909f22180203 to remote] DEBUG org.asynchttpclient.netty.request.NettyRequestSender - Using pooled Channel '[id: 0xe2458fda, L:/127.0.0.1:56492 - R:localhost/127.0.0.1:44337]' for 'POST' to 'http://localhost:44337/session/e66592ae6358f7f0d393909f22180203/execute/sync'
15:22:07.011 [Forwarding isElementDisplayed on session e66592ae6358f7f0d393909f22180203 to remote] DEBUG org.asynchttpclient.netty.request.NettyRequestSender - Using open Channel [id: 0xe2458fda, L:/127.0.0.1:56492 - R:localhost/127.0.0.1:44337] for POST '/session/e66592ae6358f7f0d393909f22180203/execute/sync'
15:22:07.020 [AsyncHttpClient-1-2] DEBUG org.asynchttpclient.netty.handler.HttpHandler - 

Request DefaultHttpRequest(decodeResult: success, version: HTTP/1.1)
POST /session/e66592ae6358f7f0d393909f22180203/execute/sync HTTP/1.1
User-Agent: selenium/4.6.0 (java windows)
Content-Length: 48788
Content-Type: application/json; charset=utf-8
host: localhost:44337
accept: */*

Response DefaultHttpResponse(decodeResult: success, version: HTTP/1.1)
HTTP/1.1 200 OK
Content-Type: application/json; charset=utf-8
cache-control: no-cache
content-length: 14

15:22:07.020 [AsyncHttpClient-1-2] DEBUG org.asynchttpclient.netty.channel.ChannelManager - Adding key: http://localhost:44337 for channel [id: 0xe2458fda, L:/127.0.0.1:56492 - R:localhost/127.0.0.1:44337]
15:22:07.048 [Forwarding getCurrentWindowHandle on session e66592ae6358f7f0d393909f22180203 to remote] DEBUG org.asynchttpclient.netty.request.NettyRequestSender - Using pooled Channel '[id: 0xe2458fda, L:/127.0.0.1:56492 - R:localhost/127.0.0.1:44337]' for 'GET' to 'http://localhost:44337/session/e66592ae6358f7f0d393909f22180203/window'
15:22:07.048 [Forwarding getCurrentWindowHandle on session e66592ae6358f7f0d393909f22180203 to remote] DEBUG org.asynchttpclient.netty.request.NettyRequestSender - Using open Channel [id: 0xe2458fda, L:/127.0.0.1:56492 - R:localhost/127.0.0.1:44337] for GET '/session/e66592ae6358f7f0d393909f22180203/window'
15:22:07.049 [AsyncHttpClient-1-2] DEBUG org.asynchttpclient.netty.handler.HttpHandler - 

Request DefaultFullHttpRequest(decodeResult: success, version: HTTP/1.1, content: EmptyByteBufBE)
GET /session/e66592ae6358f7f0d393909f22180203/window HTTP/1.1
User-Agent: selenium/4.6.0 (java windows)
Cache-Control: no-cache
Content-Type: application/json; charset=utf-8
host: localhost:44337
accept: */*

Response DefaultHttpResponse(decodeResult: success, version: HTTP/1.1)
HTTP/1.1 200 OK
Content-Type: application/json; charset=utf-8
cache-control: no-cache
content-length: 44

15:22:07.049 [AsyncHttpClient-1-2] DEBUG org.asynchttpclient.netty.channel.ChannelManager - Adding key: http://localhost:44337 for channel [id: 0xe2458fda, L:/127.0.0.1:56492 - R:localhost/127.0.0.1:44337]
15:22:07.056 [Forwarding getAlertText on session e66592ae6358f7f0d393909f22180203 to remote] DEBUG org.asynchttpclient.netty.request.NettyRequestSender - Using pooled Channel '[id: 0xe2458fda, L:/127.0.0.1:56492 - R:localhost/127.0.0.1:44337]' for 'GET' to 'http://localhost:44337/session/e66592ae6358f7f0d393909f22180203/alert/text'
15:22:07.056 [Forwarding getAlertText on session e66592ae6358f7f0d393909f22180203 to remote] DEBUG org.asynchttpclient.netty.request.NettyRequestSender - Using open Channel [id: 0xe2458fda, L:/127.0.0.1:56492 - R:localhost/127.0.0.1:44337] for GET '/session/e66592ae6358f7f0d393909f22180203/alert/text'
15:22:07.058 [AsyncHttpClient-1-2] DEBUG org.asynchttpclient.netty.handler.HttpHandler - 

Request DefaultFullHttpRequest(decodeResult: success, version: HTTP/1.1, content: EmptyByteBufBE)
GET /session/e66592ae6358f7f0d393909f22180203/alert/text HTTP/1.1
User-Agent: selenium/4.6.0 (java windows)
Cache-Control: no-cache
Content-Type: application/json; charset=utf-8
host: localhost:44337
accept: */*

Response DefaultHttpResponse(decodeResult: success, version: HTTP/1.1)
HTTP/1.1 404 Not Found
Content-Type: application/json; charset=utf-8
cache-control: no-cache
content-length: 848

15:22:07.058 [AsyncHttpClient-1-2] DEBUG org.asynchttpclient.netty.channel.ChannelManager - Adding key: http://localhost:44337 for channel [id: 0xe2458fda, L:/127.0.0.1:56492 - R:localhost/127.0.0.1:44337]
15:22:07.067 [Forwarding switchToWindow on session e66592ae6358f7f0d393909f22180203 to remote] DEBUG org.asynchttpclient.netty.request.NettyRequestSender - Using pooled Channel '[id: 0xe2458fda, L:/127.0.0.1:56492 - R:localhost/127.0.0.1:44337]' for 'POST' to 'http://localhost:44337/session/e66592ae6358f7f0d393909f22180203/window'
15:22:07.067 [Forwarding switchToWindow on session e66592ae6358f7f0d393909f22180203 to remote] DEBUG org.asynchttpclient.netty.request.NettyRequestSender - Using open Channel [id: 0xe2458fda, L:/127.0.0.1:56492 - R:localhost/127.0.0.1:44337] for POST '/session/e66592ae6358f7f0d393909f22180203/window'
15:22:07.070 [AsyncHttpClient-1-2] DEBUG org.asynchttpclient.netty.handler.HttpHandler - 

Request DefaultHttpRequest(decodeResult: success, version: HTTP/1.1)
POST /session/e66592ae6358f7f0d393909f22180203/window HTTP/1.1
User-Agent: selenium/4.6.0 (java windows)
Content-Length: 50
Content-Type: application/json; charset=utf-8
host: localhost:44337
accept: */*

Response DefaultHttpResponse(decodeResult: success, version: HTTP/1.1)
HTTP/1.1 200 OK
Content-Type: application/json; charset=utf-8
cache-control: no-cache
content-length: 14

15:22:07.071 [AsyncHttpClient-1-2] DEBUG org.asynchttpclient.netty.channel.ChannelManager - Adding key: http://localhost:44337 for channel [id: 0xe2458fda, L:/127.0.0.1:56492 - R:localhost/127.0.0.1:44337]
15:22:07.071 [Forwarding getCurrentUrl on session e66592ae6358f7f0d393909f22180203 to remote] DEBUG org.asynchttpclient.netty.request.NettyRequestSender - Using pooled Channel '[id: 0xe2458fda, L:/127.0.0.1:56492 - R:localhost/127.0.0.1:44337]' for 'GET' to 'http://localhost:44337/session/e66592ae6358f7f0d393909f22180203/url'
15:22:07.071 [Forwarding getCurrentUrl on session e66592ae6358f7f0d393909f22180203 to remote] DEBUG org.asynchttpclient.netty.request.NettyRequestSender - Using open Channel [id: 0xe2458fda, L:/127.0.0.1:56492 - R:localhost/127.0.0.1:44337] for GET '/session/e66592ae6358f7f0d393909f22180203/url'
15:22:07.077 [AsyncHttpClient-1-2] DEBUG org.asynchttpclient.netty.handler.HttpHandler - 

Request DefaultFullHttpRequest(decodeResult: success, version: HTTP/1.1, content: EmptyByteBufBE)
GET /session/e66592ae6358f7f0d393909f22180203/url HTTP/1.1
User-Agent: selenium/4.6.0 (java windows)
Cache-Control: no-cache
Content-Type: application/json; charset=utf-8
host: localhost:44337
accept: */*

Response DefaultHttpResponse(decodeResult: success, version: HTTP/1.1)
HTTP/1.1 200 OK
Content-Type: application/json; charset=utf-8
cache-control: no-cache
content-length: 55

15:22:07.078 [AsyncHttpClient-1-2] DEBUG org.asynchttpclient.netty.channel.ChannelManager - Adding key: http://localhost:44337 for channel [id: 0xe2458fda, L:/127.0.0.1:56492 - R:localhost/127.0.0.1:44337]
15:22:07.078 [Forwarding screenshot on session e66592ae6358f7f0d393909f22180203 to remote] DEBUG org.asynchttpclient.netty.request.NettyRequestSender - Using pooled Channel '[id: 0xe2458fda, L:/127.0.0.1:56492 - R:localhost/127.0.0.1:44337]' for 'GET' to 'http://localhost:44337/session/e66592ae6358f7f0d393909f22180203/screenshot'
15:22:07.078 [Forwarding screenshot on session e66592ae6358f7f0d393909f22180203 to remote] DEBUG org.asynchttpclient.netty.request.NettyRequestSender - Using open Channel [id: 0xe2458fda, L:/127.0.0.1:56492 - R:localhost/127.0.0.1:44337] for GET '/session/e66592ae6358f7f0d393909f22180203/screenshot'
15:22:07.254 [AsyncHttpClient-1-2] DEBUG org.asynchttpclient.netty.handler.HttpHandler - 

Request DefaultFullHttpRequest(decodeResult: success, version: HTTP/1.1, content: EmptyByteBufBE)
GET /session/e66592ae6358f7f0d393909f22180203/screenshot HTTP/1.1
User-Agent: selenium/4.6.0 (java windows)
Cache-Control: no-cache
Content-Type: application/json; charset=utf-8
host: localhost:44337
accept: */*

Response DefaultHttpResponse(decodeResult: success, version: HTTP/1.1)
HTTP/1.1 200 OK
Content-Type: application/json; charset=utf-8
cache-control: no-cache
content-length: 437040

15:22:07.255 [AsyncHttpClient-1-2] DEBUG org.asynchttpclient.netty.channel.ChannelManager - Adding key: http://localhost:44337 for channel [id: 0xe2458fda, L:/127.0.0.1:56492 - R:localhost/127.0.0.1:44337]
15:22:07.261 [Test worker] DEBUG net.serenitybdd.core.photography.Darkroom - Send negative for processing for C:\Users\Usuario\Documents\retoAutomatizacion\e2e\RetoDemoBlaze\target\site\serenity\d5e1f58c24478f751b121cc0dc9993ce188c57132ce7f700dbe7bfc90c85e62d.png
15:22:07.269 [Forwarding getPageSource on session e66592ae6358f7f0d393909f22180203 to remote] DEBUG org.asynchttpclient.netty.request.NettyRequestSender - Using pooled Channel '[id: 0xe2458fda, L:/127.0.0.1:56492 - R:localhost/127.0.0.1:44337]' for 'POST' to 'http://localhost:44337/session/e66592ae6358f7f0d393909f22180203/execute/sync'
15:22:07.269 [Forwarding getPageSource on session e66592ae6358f7f0d393909f22180203 to remote] DEBUG org.asynchttpclient.netty.request.NettyRequestSender - Using open Channel [id: 0xe2458fda, L:/127.0.0.1:56492 - R:localhost/127.0.0.1:44337] for POST '/session/e66592ae6358f7f0d393909f22180203/execute/sync'
15:22:07.279 [AsyncHttpClient-1-2] DEBUG org.asynchttpclient.netty.handler.HttpHandler - 

Request DefaultHttpRequest(decodeResult: success, version: HTTP/1.1)
POST /session/e66592ae6358f7f0d393909f22180203/execute/sync HTTP/1.1
User-Agent: selenium/4.6.0 (java windows)
Content-Length: 176
Content-Type: application/json; charset=utf-8
host: localhost:44337
accept: */*

Response DefaultHttpResponse(decodeResult: success, version: HTTP/1.1)
HTTP/1.1 200 OK
Content-Type: application/json; charset=utf-8
cache-control: no-cache
content-length: 54890

15:22:07.279 [AsyncHttpClient-1-2] DEBUG org.asynchttpclient.netty.channel.ChannelManager - Adding key: http://localhost:44337 for channel [id: 0xe2458fda, L:/127.0.0.1:56492 - R:localhost/127.0.0.1:44337]
15:22:07.285 [Forwarding getCurrentUrl on session e66592ae6358f7f0d393909f22180203 to remote] DEBUG org.asynchttpclient.netty.request.NettyRequestSender - Using pooled Channel '[id: 0xe2458fda, L:/127.0.0.1:56492 - R:localhost/127.0.0.1:44337]' for 'GET' to 'http://localhost:44337/session/e66592ae6358f7f0d393909f22180203/url'
15:22:07.285 [Forwarding getCurrentUrl on session e66592ae6358f7f0d393909f22180203 to remote] DEBUG org.asynchttpclient.netty.request.NettyRequestSender - Using open Channel [id: 0xe2458fda, L:/127.0.0.1:56492 - R:localhost/127.0.0.1:44337] for GET '/session/e66592ae6358f7f0d393909f22180203/url'
15:22:07.291 [AsyncHttpClient-1-2] DEBUG org.asynchttpclient.netty.handler.HttpHandler - 

Request DefaultFullHttpRequest(decodeResult: success, version: HTTP/1.1, content: EmptyByteBufBE)
GET /session/e66592ae6358f7f0d393909f22180203/url HTTP/1.1
User-Agent: selenium/4.6.0 (java windows)
Cache-Control: no-cache
Content-Type: application/json; charset=utf-8
host: localhost:44337
accept: */*

Response DefaultHttpResponse(decodeResult: success, version: HTTP/1.1)
HTTP/1.1 200 OK
Content-Type: application/json; charset=utf-8
cache-control: no-cache
content-length: 55

15:22:07.291 [AsyncHttpClient-1-2] DEBUG org.asynchttpclient.netty.channel.ChannelManager - Adding key: http://localhost:44337 for channel [id: 0xe2458fda, L:/127.0.0.1:56492 - R:localhost/127.0.0.1:44337]
15:22:07.293 [Test worker] DEBUG net.thucydides.core.steps.StepInterceptor - STARTING STEP: PickItem.performAs - {0} clicks on #target
15:22:07.293 [Test worker] DEBUG net.serenitybdd.screenplay.targets.IFrameSwitcher - default content already selected for Phones
15:22:07.331 [Forwarding findElement on session e66592ae6358f7f0d393909f22180203 to remote] DEBUG org.asynchttpclient.netty.request.NettyRequestSender - Using pooled Channel '[id: 0xe2458fda, L:/127.0.0.1:56492 - R:localhost/127.0.0.1:44337]' for 'POST' to 'http://localhost:44337/session/e66592ae6358f7f0d393909f22180203/element'
15:22:07.331 [Forwarding findElement on session e66592ae6358f7f0d393909f22180203 to remote] DEBUG org.asynchttpclient.netty.request.NettyRequestSender - Using open Channel [id: 0xe2458fda, L:/127.0.0.1:56492 - R:localhost/127.0.0.1:44337] for POST '/session/e66592ae6358f7f0d393909f22180203/element'
15:22:07.342 [AsyncHttpClient-1-1] DEBUG org.asynchttpclient.netty.channel.DefaultChannelPool - Entry count for : http://localhost:56493 : 1
15:22:07.343 [AsyncHttpClient-1-2] DEBUG org.asynchttpclient.netty.handler.HttpHandler - 

Request DefaultHttpRequest(decodeResult: success, version: HTTP/1.1)
POST /session/e66592ae6358f7f0d393909f22180203/element HTTP/1.1
User-Agent: selenium/4.6.0 (java windows)
Content-Length: 72
Content-Type: application/json; charset=utf-8
host: localhost:44337
accept: */*

Response DefaultHttpResponse(decodeResult: success, version: HTTP/1.1)
HTTP/1.1 200 OK
Content-Type: application/json; charset=utf-8
cache-control: no-cache
content-length: 96

15:22:07.343 [AsyncHttpClient-1-2] DEBUG org.asynchttpclient.netty.channel.ChannelManager - Adding key: http://localhost:44337 for channel [id: 0xe2458fda, L:/127.0.0.1:56492 - R:localhost/127.0.0.1:44337]
15:22:07.352 [Forwarding isElementDisplayed on session e66592ae6358f7f0d393909f22180203 to remote] DEBUG org.asynchttpclient.netty.request.NettyRequestSender - Using pooled Channel '[id: 0xe2458fda, L:/127.0.0.1:56492 - R:localhost/127.0.0.1:44337]' for 'POST' to 'http://localhost:44337/session/e66592ae6358f7f0d393909f22180203/execute/sync'
15:22:07.352 [Forwarding isElementDisplayed on session e66592ae6358f7f0d393909f22180203 to remote] DEBUG org.asynchttpclient.netty.request.NettyRequestSender - Using open Channel [id: 0xe2458fda, L:/127.0.0.1:56492 - R:localhost/127.0.0.1:44337] for POST '/session/e66592ae6358f7f0d393909f22180203/execute/sync'
15:22:07.362 [AsyncHttpClient-1-2] DEBUG org.asynchttpclient.netty.handler.HttpHandler - 

Request DefaultHttpRequest(decodeResult: success, version: HTTP/1.1)
POST /session/e66592ae6358f7f0d393909f22180203/execute/sync HTTP/1.1
User-Agent: selenium/4.6.0 (java windows)
Content-Length: 48788
Content-Type: application/json; charset=utf-8
host: localhost:44337
accept: */*

Response DefaultHttpResponse(decodeResult: success, version: HTTP/1.1)
HTTP/1.1 200 OK
Content-Type: application/json; charset=utf-8
cache-control: no-cache
content-length: 14

15:22:07.362 [AsyncHttpClient-1-2] DEBUG org.asynchttpclient.netty.channel.ChannelManager - Adding key: http://localhost:44337 for channel [id: 0xe2458fda, L:/127.0.0.1:56492 - R:localhost/127.0.0.1:44337]
15:22:07.375 [Forwarding findElement on session e66592ae6358f7f0d393909f22180203 to remote] DEBUG org.asynchttpclient.netty.request.NettyRequestSender - Using pooled Channel '[id: 0xe2458fda, L:/127.0.0.1:56492 - R:localhost/127.0.0.1:44337]' for 'POST' to 'http://localhost:44337/session/e66592ae6358f7f0d393909f22180203/element'
15:22:07.375 [Forwarding findElement on session e66592ae6358f7f0d393909f22180203 to remote] DEBUG org.asynchttpclient.netty.request.NettyRequestSender - Using open Channel [id: 0xe2458fda, L:/127.0.0.1:56492 - R:localhost/127.0.0.1:44337] for POST '/session/e66592ae6358f7f0d393909f22180203/element'
15:22:07.384 [AsyncHttpClient-1-2] DEBUG org.asynchttpclient.netty.handler.HttpHandler - 

Request DefaultHttpRequest(decodeResult: success, version: HTTP/1.1)
POST /session/e66592ae6358f7f0d393909f22180203/element HTTP/1.1
User-Agent: selenium/4.6.0 (java windows)
Content-Length: 72
Content-Type: application/json; charset=utf-8
host: localhost:44337
accept: */*

Response DefaultHttpResponse(decodeResult: success, version: HTTP/1.1)
HTTP/1.1 200 OK
Content-Type: application/json; charset=utf-8
cache-control: no-cache
content-length: 96

15:22:07.384 [AsyncHttpClient-1-2] DEBUG org.asynchttpclient.netty.channel.ChannelManager - Adding key: http://localhost:44337 for channel [id: 0xe2458fda, L:/127.0.0.1:56492 - R:localhost/127.0.0.1:44337]
15:22:07.387 [Forwarding clickElement on session e66592ae6358f7f0d393909f22180203 to remote] DEBUG org.asynchttpclient.netty.request.NettyRequestSender - Using pooled Channel '[id: 0xe2458fda, L:/127.0.0.1:56492 - R:localhost/127.0.0.1:44337]' for 'POST' to 'http://localhost:44337/session/e66592ae6358f7f0d393909f22180203/element/050E0938BD2F4A7D58490DA47A895707_element_166/click'
15:22:07.387 [Forwarding clickElement on session e66592ae6358f7f0d393909f22180203 to remote] DEBUG org.asynchttpclient.netty.request.NettyRequestSender - Using open Channel [id: 0xe2458fda, L:/127.0.0.1:56492 - R:localhost/127.0.0.1:44337] for POST '/session/e66592ae6358f7f0d393909f22180203/element/050E0938BD2F4A7D58490DA47A895707_element_166/click'
15:22:07.423 [AsyncHttpClient-1-2] DEBUG org.asynchttpclient.netty.handler.HttpHandler - 

Request DefaultHttpRequest(decodeResult: success, version: HTTP/1.1)
POST /session/e66592ae6358f7f0d393909f22180203/element/050E0938BD2F4A7D58490DA47A895707_element_166/click HTTP/1.1
User-Agent: selenium/4.6.0 (java windows)
Content-Length: 58
Content-Type: application/json; charset=utf-8
host: localhost:44337
accept: */*

Response DefaultHttpResponse(decodeResult: success, version: HTTP/1.1)
HTTP/1.1 200 OK
Content-Type: application/json; charset=utf-8
cache-control: no-cache
content-length: 14

15:22:07.423 [AsyncHttpClient-1-2] DEBUG org.asynchttpclient.netty.channel.ChannelManager - Adding key: http://localhost:44337 for channel [id: 0xe2458fda, L:/127.0.0.1:56492 - R:localhost/127.0.0.1:44337]
15:22:07.460 [Forwarding getCurrentWindowHandle on session e66592ae6358f7f0d393909f22180203 to remote] DEBUG org.asynchttpclient.netty.request.NettyRequestSender - Using pooled Channel '[id: 0xe2458fda, L:/127.0.0.1:56492 - R:localhost/127.0.0.1:44337]' for 'GET' to 'http://localhost:44337/session/e66592ae6358f7f0d393909f22180203/window'
15:22:07.460 [Forwarding getCurrentWindowHandle on session e66592ae6358f7f0d393909f22180203 to remote] DEBUG org.asynchttpclient.netty.request.NettyRequestSender - Using open Channel [id: 0xe2458fda, L:/127.0.0.1:56492 - R:localhost/127.0.0.1:44337] for GET '/session/e66592ae6358f7f0d393909f22180203/window'
15:22:07.462 [AsyncHttpClient-1-2] DEBUG org.asynchttpclient.netty.handler.HttpHandler - 

Request DefaultFullHttpRequest(decodeResult: success, version: HTTP/1.1, content: EmptyByteBufBE)
GET /session/e66592ae6358f7f0d393909f22180203/window HTTP/1.1
User-Agent: selenium/4.6.0 (java windows)
Cache-Control: no-cache
Content-Type: application/json; charset=utf-8
host: localhost:44337
accept: */*

Response DefaultHttpResponse(decodeResult: success, version: HTTP/1.1)
HTTP/1.1 200 OK
Content-Type: application/json; charset=utf-8
cache-control: no-cache
content-length: 44

15:22:07.462 [AsyncHttpClient-1-2] DEBUG org.asynchttpclient.netty.channel.ChannelManager - Adding key: http://localhost:44337 for channel [id: 0xe2458fda, L:/127.0.0.1:56492 - R:localhost/127.0.0.1:44337]
15:22:07.470 [Forwarding getAlertText on session e66592ae6358f7f0d393909f22180203 to remote] DEBUG org.asynchttpclient.netty.request.NettyRequestSender - Using pooled Channel '[id: 0xe2458fda, L:/127.0.0.1:56492 - R:localhost/127.0.0.1:44337]' for 'GET' to 'http://localhost:44337/session/e66592ae6358f7f0d393909f22180203/alert/text'
15:22:07.470 [Forwarding getAlertText on session e66592ae6358f7f0d393909f22180203 to remote] DEBUG org.asynchttpclient.netty.request.NettyRequestSender - Using open Channel [id: 0xe2458fda, L:/127.0.0.1:56492 - R:localhost/127.0.0.1:44337] for GET '/session/e66592ae6358f7f0d393909f22180203/alert/text'
15:22:07.472 [AsyncHttpClient-1-2] DEBUG org.asynchttpclient.netty.handler.HttpHandler - 

Request DefaultFullHttpRequest(decodeResult: success, version: HTTP/1.1, content: EmptyByteBufBE)
GET /session/e66592ae6358f7f0d393909f22180203/alert/text HTTP/1.1
User-Agent: selenium/4.6.0 (java windows)
Cache-Control: no-cache
Content-Type: application/json; charset=utf-8
host: localhost:44337
accept: */*

Response DefaultHttpResponse(decodeResult: success, version: HTTP/1.1)
HTTP/1.1 404 Not Found
Content-Type: application/json; charset=utf-8
cache-control: no-cache
content-length: 848

15:22:07.472 [AsyncHttpClient-1-2] DEBUG org.asynchttpclient.netty.channel.ChannelManager - Adding key: http://localhost:44337 for channel [id: 0xe2458fda, L:/127.0.0.1:56492 - R:localhost/127.0.0.1:44337]
15:22:07.479 [Forwarding switchToWindow on session e66592ae6358f7f0d393909f22180203 to remote] DEBUG org.asynchttpclient.netty.request.NettyRequestSender - Using pooled Channel '[id: 0xe2458fda, L:/127.0.0.1:56492 - R:localhost/127.0.0.1:44337]' for 'POST' to 'http://localhost:44337/session/e66592ae6358f7f0d393909f22180203/window'
15:22:07.479 [Forwarding switchToWindow on session e66592ae6358f7f0d393909f22180203 to remote] DEBUG org.asynchttpclient.netty.request.NettyRequestSender - Using open Channel [id: 0xe2458fda, L:/127.0.0.1:56492 - R:localhost/127.0.0.1:44337] for POST '/session/e66592ae6358f7f0d393909f22180203/window'
15:22:07.481 [AsyncHttpClient-1-2] DEBUG org.asynchttpclient.netty.handler.HttpHandler - 

Request DefaultHttpRequest(decodeResult: success, version: HTTP/1.1)
POST /session/e66592ae6358f7f0d393909f22180203/window HTTP/1.1
User-Agent: selenium/4.6.0 (java windows)
Content-Length: 50
Content-Type: application/json; charset=utf-8
host: localhost:44337
accept: */*

Response DefaultHttpResponse(decodeResult: success, version: HTTP/1.1)
HTTP/1.1 200 OK
Content-Type: application/json; charset=utf-8
cache-control: no-cache
content-length: 14

15:22:07.481 [AsyncHttpClient-1-2] DEBUG org.asynchttpclient.netty.channel.ChannelManager - Adding key: http://localhost:44337 for channel [id: 0xe2458fda, L:/127.0.0.1:56492 - R:localhost/127.0.0.1:44337]
15:22:07.482 [Forwarding getCurrentUrl on session e66592ae6358f7f0d393909f22180203 to remote] DEBUG org.asynchttpclient.netty.request.NettyRequestSender - Using pooled Channel '[id: 0xe2458fda, L:/127.0.0.1:56492 - R:localhost/127.0.0.1:44337]' for 'GET' to 'http://localhost:44337/session/e66592ae6358f7f0d393909f22180203/url'
15:22:07.482 [Forwarding getCurrentUrl on session e66592ae6358f7f0d393909f22180203 to remote] DEBUG org.asynchttpclient.netty.request.NettyRequestSender - Using open Channel [id: 0xe2458fda, L:/127.0.0.1:56492 - R:localhost/127.0.0.1:44337] for GET '/session/e66592ae6358f7f0d393909f22180203/url'
15:22:07.487 [AsyncHttpClient-1-2] DEBUG org.asynchttpclient.netty.handler.HttpHandler - 

Request DefaultFullHttpRequest(decodeResult: success, version: HTTP/1.1, content: EmptyByteBufBE)
GET /session/e66592ae6358f7f0d393909f22180203/url HTTP/1.1
User-Agent: selenium/4.6.0 (java windows)
Cache-Control: no-cache
Content-Type: application/json; charset=utf-8
host: localhost:44337
accept: */*

Response DefaultHttpResponse(decodeResult: success, version: HTTP/1.1)
HTTP/1.1 200 OK
Content-Type: application/json; charset=utf-8
cache-control: no-cache
content-length: 56

15:22:07.487 [AsyncHttpClient-1-2] DEBUG org.asynchttpclient.netty.channel.ChannelManager - Adding key: http://localhost:44337 for channel [id: 0xe2458fda, L:/127.0.0.1:56492 - R:localhost/127.0.0.1:44337]
15:22:07.488 [Forwarding screenshot on session e66592ae6358f7f0d393909f22180203 to remote] DEBUG org.asynchttpclient.netty.request.NettyRequestSender - Using pooled Channel '[id: 0xe2458fda, L:/127.0.0.1:56492 - R:localhost/127.0.0.1:44337]' for 'GET' to 'http://localhost:44337/session/e66592ae6358f7f0d393909f22180203/screenshot'
15:22:07.488 [Forwarding screenshot on session e66592ae6358f7f0d393909f22180203 to remote] DEBUG org.asynchttpclient.netty.request.NettyRequestSender - Using open Channel [id: 0xe2458fda, L:/127.0.0.1:56492 - R:localhost/127.0.0.1:44337] for GET '/session/e66592ae6358f7f0d393909f22180203/screenshot'
15:22:07.707 [AsyncHttpClient-1-2] DEBUG org.asynchttpclient.netty.handler.HttpHandler - 

Request DefaultFullHttpRequest(decodeResult: success, version: HTTP/1.1, content: EmptyByteBufBE)
GET /session/e66592ae6358f7f0d393909f22180203/screenshot HTTP/1.1
User-Agent: selenium/4.6.0 (java windows)
Cache-Control: no-cache
Content-Type: application/json; charset=utf-8
host: localhost:44337
accept: */*

Response DefaultHttpResponse(decodeResult: success, version: HTTP/1.1)
HTTP/1.1 200 OK
Content-Type: application/json; charset=utf-8
cache-control: no-cache
content-length: 437408

15:22:07.708 [AsyncHttpClient-1-2] DEBUG org.asynchttpclient.netty.channel.ChannelManager - Adding key: http://localhost:44337 for channel [id: 0xe2458fda, L:/127.0.0.1:56492 - R:localhost/127.0.0.1:44337]
15:22:07.713 [Test worker] DEBUG net.serenitybdd.core.photography.Darkroom - Send negative for processing for C:\Users\Usuario\Documents\retoAutomatizacion\e2e\RetoDemoBlaze\target\site\serenity\5f82760113fc5b44ca2472c0287d3042f691219db99de18af658fe50b7c06ec4.png
15:22:07.714 [Test worker] DEBUG net.thucydides.core.steps.StepInterceptor - STEP DONE: {0} clicks on #target
15:22:07.714 [Darkroom Processing Line] DEBUG net.serenitybdd.core.photography.DarkroomProcessingLine - Processing screenshot image in /var/screenshots/screenshot-2305365308357510421
15:22:07.714 [Darkroom Processing Line] DEBUG net.serenitybdd.core.photography.DarkroomProcessingLine - Saving screenshot to C:\Users\Usuario\Documents\retoAutomatizacion\e2e\RetoDemoBlaze\target\site\serenity\5f82760113fc5b44ca2472c0287d3042f691219db99de18af658fe50b7c06ec4.png
15:22:07.727 [Forwarding getPageSource on session e66592ae6358f7f0d393909f22180203 to remote] DEBUG org.asynchttpclient.netty.request.NettyRequestSender - Using pooled Channel '[id: 0xe2458fda, L:/127.0.0.1:56492 - R:localhost/127.0.0.1:44337]' for 'POST' to 'http://localhost:44337/session/e66592ae6358f7f0d393909f22180203/execute/sync'
15:22:07.727 [Forwarding getPageSource on session e66592ae6358f7f0d393909f22180203 to remote] DEBUG org.asynchttpclient.netty.request.NettyRequestSender - Using open Channel [id: 0xe2458fda, L:/127.0.0.1:56492 - R:localhost/127.0.0.1:44337] for POST '/session/e66592ae6358f7f0d393909f22180203/execute/sync'
15:22:07.737 [AsyncHttpClient-1-2] DEBUG org.asynchttpclient.netty.handler.HttpHandler - 

Request DefaultHttpRequest(decodeResult: success, version: HTTP/1.1)
POST /session/e66592ae6358f7f0d393909f22180203/execute/sync HTTP/1.1
User-Agent: selenium/4.6.0 (java windows)
Content-Length: 176
Content-Type: application/json; charset=utf-8
host: localhost:44337
accept: */*

Response DefaultHttpResponse(decodeResult: success, version: HTTP/1.1)
HTTP/1.1 200 OK
Content-Type: application/json; charset=utf-8
cache-control: no-cache
content-length: 54890

15:22:07.738 [AsyncHttpClient-1-2] DEBUG org.asynchttpclient.netty.channel.ChannelManager - Adding key: http://localhost:44337 for channel [id: 0xe2458fda, L:/127.0.0.1:56492 - R:localhost/127.0.0.1:44337]
15:22:07.741 [Forwarding getCurrentUrl on session e66592ae6358f7f0d393909f22180203 to remote] DEBUG org.asynchttpclient.netty.request.NettyRequestSender - Using pooled Channel '[id: 0xe2458fda, L:/127.0.0.1:56492 - R:localhost/127.0.0.1:44337]' for 'GET' to 'http://localhost:44337/session/e66592ae6358f7f0d393909f22180203/url'
15:22:07.741 [Forwarding getCurrentUrl on session e66592ae6358f7f0d393909f22180203 to remote] DEBUG org.asynchttpclient.netty.request.NettyRequestSender - Using open Channel [id: 0xe2458fda, L:/127.0.0.1:56492 - R:localhost/127.0.0.1:44337] for GET '/session/e66592ae6358f7f0d393909f22180203/url'
15:22:07.745 [AsyncHttpClient-1-2] DEBUG org.asynchttpclient.netty.handler.HttpHandler - 

Request DefaultFullHttpRequest(decodeResult: success, version: HTTP/1.1, content: EmptyByteBufBE)
GET /session/e66592ae6358f7f0d393909f22180203/url HTTP/1.1
User-Agent: selenium/4.6.0 (java windows)
Cache-Control: no-cache
Content-Type: application/json; charset=utf-8
host: localhost:44337
accept: */*

Response DefaultHttpResponse(decodeResult: success, version: HTTP/1.1)
HTTP/1.1 200 OK
Content-Type: application/json; charset=utf-8
cache-control: no-cache
content-length: 56

15:22:07.745 [AsyncHttpClient-1-2] DEBUG org.asynchttpclient.netty.channel.ChannelManager - Adding key: http://localhost:44337 for channel [id: 0xe2458fda, L:/127.0.0.1:56492 - R:localhost/127.0.0.1:44337]
15:22:07.747 [Test worker] DEBUG net.thucydides.core.steps.StepInterceptor - STARTING STEP: PickItem.performAs - performAs
15:22:08.447 [AsyncHttpClient-1-1] DEBUG org.asynchttpclient.netty.channel.DefaultChannelPool - Entry count for : http://localhost:56493 : 1
15:22:08.447 [AsyncHttpClient-1-1] DEBUG org.asynchttpclient.netty.channel.DefaultChannelPool - Entry count for : http://localhost:44337 : 1
15:22:09.541 [AsyncHttpClient-1-1] DEBUG org.asynchttpclient.netty.channel.DefaultChannelPool - Entry count for : http://localhost:56493 : 1
15:22:09.541 [AsyncHttpClient-1-1] DEBUG org.asynchttpclient.netty.channel.DefaultChannelPool - Entry count for : http://localhost:44337 : 1
15:22:10.641 [AsyncHttpClient-1-1] DEBUG org.asynchttpclient.netty.channel.DefaultChannelPool - Entry count for : http://localhost:56493 : 1
15:22:10.641 [AsyncHttpClient-1-1] DEBUG org.asynchttpclient.netty.channel.DefaultChannelPool - Entry count for : http://localhost:44337 : 1
15:22:10.768 [Forwarding getCurrentWindowHandle on session e66592ae6358f7f0d393909f22180203 to remote] DEBUG org.asynchttpclient.netty.request.NettyRequestSender - Using pooled Channel '[id: 0xe2458fda, L:/127.0.0.1:56492 - R:localhost/127.0.0.1:44337]' for 'GET' to 'http://localhost:44337/session/e66592ae6358f7f0d393909f22180203/window'
15:22:10.768 [Forwarding getCurrentWindowHandle on session e66592ae6358f7f0d393909f22180203 to remote] DEBUG org.asynchttpclient.netty.request.NettyRequestSender - Using open Channel [id: 0xe2458fda, L:/127.0.0.1:56492 - R:localhost/127.0.0.1:44337] for GET '/session/e66592ae6358f7f0d393909f22180203/window'
15:22:10.769 [AsyncHttpClient-1-2] DEBUG org.asynchttpclient.netty.handler.HttpHandler - 

Request DefaultFullHttpRequest(decodeResult: success, version: HTTP/1.1, content: EmptyByteBufBE)
GET /session/e66592ae6358f7f0d393909f22180203/window HTTP/1.1
User-Agent: selenium/4.6.0 (java windows)
Cache-Control: no-cache
Content-Type: application/json; charset=utf-8
host: localhost:44337
accept: */*

Response DefaultHttpResponse(decodeResult: success, version: HTTP/1.1)
HTTP/1.1 200 OK
Content-Type: application/json; charset=utf-8
cache-control: no-cache
content-length: 44

15:22:10.769 [AsyncHttpClient-1-2] DEBUG org.asynchttpclient.netty.channel.ChannelManager - Adding key: http://localhost:44337 for channel [id: 0xe2458fda, L:/127.0.0.1:56492 - R:localhost/127.0.0.1:44337]
15:22:10.775 [Forwarding getAlertText on session e66592ae6358f7f0d393909f22180203 to remote] DEBUG org.asynchttpclient.netty.request.NettyRequestSender - Using pooled Channel '[id: 0xe2458fda, L:/127.0.0.1:56492 - R:localhost/127.0.0.1:44337]' for 'GET' to 'http://localhost:44337/session/e66592ae6358f7f0d393909f22180203/alert/text'
15:22:10.775 [Forwarding getAlertText on session e66592ae6358f7f0d393909f22180203 to remote] DEBUG org.asynchttpclient.netty.request.NettyRequestSender - Using open Channel [id: 0xe2458fda, L:/127.0.0.1:56492 - R:localhost/127.0.0.1:44337] for GET '/session/e66592ae6358f7f0d393909f22180203/alert/text'
15:22:10.776 [AsyncHttpClient-1-2] DEBUG org.asynchttpclient.netty.handler.HttpHandler - 

Request DefaultFullHttpRequest(decodeResult: success, version: HTTP/1.1, content: EmptyByteBufBE)
GET /session/e66592ae6358f7f0d393909f22180203/alert/text HTTP/1.1
User-Agent: selenium/4.6.0 (java windows)
Cache-Control: no-cache
Content-Type: application/json; charset=utf-8
host: localhost:44337
accept: */*

Response DefaultHttpResponse(decodeResult: success, version: HTTP/1.1)
HTTP/1.1 200 OK
Content-Type: application/json; charset=utf-8
cache-control: no-cache
content-length: 26

15:22:10.776 [AsyncHttpClient-1-2] DEBUG org.asynchttpclient.netty.channel.ChannelManager - Adding key: http://localhost:44337 for channel [id: 0xe2458fda, L:/127.0.0.1:56492 - R:localhost/127.0.0.1:44337]
15:22:10.777 [Forwarding getAlertText on session e66592ae6358f7f0d393909f22180203 to remote] DEBUG org.asynchttpclient.netty.request.NettyRequestSender - Using pooled Channel '[id: 0xe2458fda, L:/127.0.0.1:56492 - R:localhost/127.0.0.1:44337]' for 'GET' to 'http://localhost:44337/session/e66592ae6358f7f0d393909f22180203/alert/text'
15:22:10.777 [Forwarding getAlertText on session e66592ae6358f7f0d393909f22180203 to remote] DEBUG org.asynchttpclient.netty.request.NettyRequestSender - Using open Channel [id: 0xe2458fda, L:/127.0.0.1:56492 - R:localhost/127.0.0.1:44337] for GET '/session/e66592ae6358f7f0d393909f22180203/alert/text'
15:22:10.778 [AsyncHttpClient-1-2] DEBUG org.asynchttpclient.netty.handler.HttpHandler - 

Request DefaultFullHttpRequest(decodeResult: success, version: HTTP/1.1, content: EmptyByteBufBE)
GET /session/e66592ae6358f7f0d393909f22180203/alert/text HTTP/1.1
User-Agent: selenium/4.6.0 (java windows)
Cache-Control: no-cache
Content-Type: application/json; charset=utf-8
host: localhost:44337
accept: */*

Response DefaultHttpResponse(decodeResult: success, version: HTTP/1.1)
HTTP/1.1 200 OK
Content-Type: application/json; charset=utf-8
cache-control: no-cache
content-length: 26

15:22:10.778 [AsyncHttpClient-1-2] DEBUG org.asynchttpclient.netty.channel.ChannelManager - Adding key: http://localhost:44337 for channel [id: 0xe2458fda, L:/127.0.0.1:56492 - R:localhost/127.0.0.1:44337]
15:22:10.784 [Forwarding switchToWindow on session e66592ae6358f7f0d393909f22180203 to remote] DEBUG org.asynchttpclient.netty.request.NettyRequestSender - Using pooled Channel '[id: 0xe2458fda, L:/127.0.0.1:56492 - R:localhost/127.0.0.1:44337]' for 'POST' to 'http://localhost:44337/session/e66592ae6358f7f0d393909f22180203/window'
15:22:10.784 [Forwarding switchToWindow on session e66592ae6358f7f0d393909f22180203 to remote] DEBUG org.asynchttpclient.netty.request.NettyRequestSender - Using open Channel [id: 0xe2458fda, L:/127.0.0.1:56492 - R:localhost/127.0.0.1:44337] for POST '/session/e66592ae6358f7f0d393909f22180203/window'
15:22:10.786 [AsyncHttpClient-1-2] DEBUG org.asynchttpclient.netty.handler.HttpHandler - 

Request DefaultHttpRequest(decodeResult: success, version: HTTP/1.1)
POST /session/e66592ae6358f7f0d393909f22180203/window HTTP/1.1
User-Agent: selenium/4.6.0 (java windows)
Content-Length: 50
Content-Type: application/json; charset=utf-8
host: localhost:44337
accept: */*

Response DefaultHttpResponse(decodeResult: success, version: HTTP/1.1)
HTTP/1.1 200 OK
Content-Type: application/json; charset=utf-8
cache-control: no-cache
content-length: 14

15:22:10.786 [AsyncHttpClient-1-2] DEBUG org.asynchttpclient.netty.channel.ChannelManager - Adding key: http://localhost:44337 for channel [id: 0xe2458fda, L:/127.0.0.1:56492 - R:localhost/127.0.0.1:44337]
15:22:10.788 [Test worker] DEBUG net.thucydides.core.steps.StepInterceptor - STEP DONE: performAs
15:22:10.797 [Forwarding getAlertText on session e66592ae6358f7f0d393909f22180203 to remote] DEBUG org.asynchttpclient.netty.request.NettyRequestSender - Using pooled Channel '[id: 0xe2458fda, L:/127.0.0.1:56492 - R:localhost/127.0.0.1:44337]' for 'GET' to 'http://localhost:44337/session/e66592ae6358f7f0d393909f22180203/alert/text'
15:22:10.797 [Forwarding getAlertText on session e66592ae6358f7f0d393909f22180203 to remote] DEBUG org.asynchttpclient.netty.request.NettyRequestSender - Using open Channel [id: 0xe2458fda, L:/127.0.0.1:56492 - R:localhost/127.0.0.1:44337] for GET '/session/e66592ae6358f7f0d393909f22180203/alert/text'
15:22:10.799 [AsyncHttpClient-1-2] DEBUG org.asynchttpclient.netty.handler.HttpHandler - 

Request DefaultFullHttpRequest(decodeResult: success, version: HTTP/1.1, content: EmptyByteBufBE)
GET /session/e66592ae6358f7f0d393909f22180203/alert/text HTTP/1.1
User-Agent: selenium/4.6.0 (java windows)
Cache-Control: no-cache
Content-Type: application/json; charset=utf-8
host: localhost:44337
accept: */*

Response DefaultHttpResponse(decodeResult: success, version: HTTP/1.1)
HTTP/1.1 200 OK
Content-Type: application/json; charset=utf-8
cache-control: no-cache
content-length: 26

15:22:10.799 [AsyncHttpClient-1-2] DEBUG org.asynchttpclient.netty.channel.ChannelManager - Adding key: http://localhost:44337 for channel [id: 0xe2458fda, L:/127.0.0.1:56492 - R:localhost/127.0.0.1:44337]
15:22:10.799 [Forwarding acceptAlert on session e66592ae6358f7f0d393909f22180203 to remote] DEBUG org.asynchttpclient.netty.request.NettyRequestSender - Using pooled Channel '[id: 0xe2458fda, L:/127.0.0.1:56492 - R:localhost/127.0.0.1:44337]' for 'POST' to 'http://localhost:44337/session/e66592ae6358f7f0d393909f22180203/alert/accept'
15:22:10.799 [Forwarding acceptAlert on session e66592ae6358f7f0d393909f22180203 to remote] DEBUG org.asynchttpclient.netty.request.NettyRequestSender - Using open Channel [id: 0xe2458fda, L:/127.0.0.1:56492 - R:localhost/127.0.0.1:44337] for POST '/session/e66592ae6358f7f0d393909f22180203/alert/accept'
15:22:10.802 [AsyncHttpClient-1-2] DEBUG org.asynchttpclient.netty.handler.HttpHandler - 

Request DefaultHttpRequest(decodeResult: success, version: HTTP/1.1)
POST /session/e66592ae6358f7f0d393909f22180203/alert/accept HTTP/1.1
User-Agent: selenium/4.6.0 (java windows)
Content-Length: 3
Content-Type: application/json; charset=utf-8
host: localhost:44337
accept: */*

Response DefaultHttpResponse(decodeResult: success, version: HTTP/1.1)
HTTP/1.1 200 OK
Content-Type: application/json; charset=utf-8
cache-control: no-cache
content-length: 14

15:22:10.802 [AsyncHttpClient-1-2] DEBUG org.asynchttpclient.netty.channel.ChannelManager - Adding key: http://localhost:44337 for channel [id: 0xe2458fda, L:/127.0.0.1:56492 - R:localhost/127.0.0.1:44337]
15:22:10.830 [Test worker] DEBUG net.serenitybdd.screenplay.targets.IFrameSwitcher - default content already selected for Home
15:22:10.839 [Forwarding findElements on session e66592ae6358f7f0d393909f22180203 to remote] DEBUG org.asynchttpclient.netty.request.NettyRequestSender - Using pooled Channel '[id: 0xe2458fda, L:/127.0.0.1:56492 - R:localhost/127.0.0.1:44337]' for 'POST' to 'http://localhost:44337/session/e66592ae6358f7f0d393909f22180203/elements'
15:22:10.839 [Forwarding findElements on session e66592ae6358f7f0d393909f22180203 to remote] DEBUG org.asynchttpclient.netty.request.NettyRequestSender - Using open Channel [id: 0xe2458fda, L:/127.0.0.1:56492 - R:localhost/127.0.0.1:44337] for POST '/session/e66592ae6358f7f0d393909f22180203/elements'
15:22:10.855 [AsyncHttpClient-1-2] DEBUG org.asynchttpclient.netty.handler.HttpHandler - 

Request DefaultHttpRequest(decodeResult: success, version: HTTP/1.1)
POST /session/e66592ae6358f7f0d393909f22180203/elements HTTP/1.1
User-Agent: selenium/4.6.0 (java windows)
Content-Length: 66
Content-Type: application/json; charset=utf-8
host: localhost:44337
accept: */*

Response DefaultHttpResponse(decodeResult: success, version: HTTP/1.1)
HTTP/1.1 200 OK
Content-Type: application/json; charset=utf-8
cache-control: no-cache
content-length: 98

15:22:10.855 [AsyncHttpClient-1-2] DEBUG org.asynchttpclient.netty.channel.ChannelManager - Adding key: http://localhost:44337 for channel [id: 0xe2458fda, L:/127.0.0.1:56492 - R:localhost/127.0.0.1:44337]
15:22:10.874 [Forwarding isElementDisplayed on session e66592ae6358f7f0d393909f22180203 to remote] DEBUG org.asynchttpclient.netty.request.NettyRequestSender - Using pooled Channel '[id: 0xe2458fda, L:/127.0.0.1:56492 - R:localhost/127.0.0.1:44337]' for 'POST' to 'http://localhost:44337/session/e66592ae6358f7f0d393909f22180203/execute/sync'
15:22:10.874 [Forwarding isElementDisplayed on session e66592ae6358f7f0d393909f22180203 to remote] DEBUG org.asynchttpclient.netty.request.NettyRequestSender - Using open Channel [id: 0xe2458fda, L:/127.0.0.1:56492 - R:localhost/127.0.0.1:44337] for POST '/session/e66592ae6358f7f0d393909f22180203/execute/sync'
15:22:10.889 [AsyncHttpClient-1-2] DEBUG org.asynchttpclient.netty.handler.HttpHandler - 

Request DefaultHttpRequest(decodeResult: success, version: HTTP/1.1)
POST /session/e66592ae6358f7f0d393909f22180203/execute/sync HTTP/1.1
User-Agent: selenium/4.6.0 (java windows)
Content-Length: 48788
Content-Type: application/json; charset=utf-8
host: localhost:44337
accept: */*

Response DefaultHttpResponse(decodeResult: success, version: HTTP/1.1)
HTTP/1.1 200 OK
Content-Type: application/json; charset=utf-8
cache-control: no-cache
content-length: 14

15:22:10.890 [AsyncHttpClient-1-2] DEBUG org.asynchttpclient.netty.channel.ChannelManager - Adding key: http://localhost:44337 for channel [id: 0xe2458fda, L:/127.0.0.1:56492 - R:localhost/127.0.0.1:44337]
15:22:10.892 [Forwarding isElementDisplayed on session e66592ae6358f7f0d393909f22180203 to remote] DEBUG org.asynchttpclient.netty.request.NettyRequestSender - Using pooled Channel '[id: 0xe2458fda, L:/127.0.0.1:56492 - R:localhost/127.0.0.1:44337]' for 'POST' to 'http://localhost:44337/session/e66592ae6358f7f0d393909f22180203/execute/sync'
15:22:10.892 [Forwarding isElementDisplayed on session e66592ae6358f7f0d393909f22180203 to remote] DEBUG org.asynchttpclient.netty.request.NettyRequestSender - Using open Channel [id: 0xe2458fda, L:/127.0.0.1:56492 - R:localhost/127.0.0.1:44337] for POST '/session/e66592ae6358f7f0d393909f22180203/execute/sync'
15:22:10.907 [AsyncHttpClient-1-2] DEBUG org.asynchttpclient.netty.handler.HttpHandler - 

Request DefaultHttpRequest(decodeResult: success, version: HTTP/1.1)
POST /session/e66592ae6358f7f0d393909f22180203/execute/sync HTTP/1.1
User-Agent: selenium/4.6.0 (java windows)
Content-Length: 48788
Content-Type: application/json; charset=utf-8
host: localhost:44337
accept: */*

Response DefaultHttpResponse(decodeResult: success, version: HTTP/1.1)
HTTP/1.1 200 OK
Content-Type: application/json; charset=utf-8
cache-control: no-cache
content-length: 14

15:22:10.907 [AsyncHttpClient-1-2] DEBUG org.asynchttpclient.netty.channel.ChannelManager - Adding key: http://localhost:44337 for channel [id: 0xe2458fda, L:/127.0.0.1:56492 - R:localhost/127.0.0.1:44337]
15:22:10.956 [Forwarding getCurrentWindowHandle on session e66592ae6358f7f0d393909f22180203 to remote] DEBUG org.asynchttpclient.netty.request.NettyRequestSender - Using pooled Channel '[id: 0xe2458fda, L:/127.0.0.1:56492 - R:localhost/127.0.0.1:44337]' for 'GET' to 'http://localhost:44337/session/e66592ae6358f7f0d393909f22180203/window'
15:22:10.956 [Forwarding getCurrentWindowHandle on session e66592ae6358f7f0d393909f22180203 to remote] DEBUG org.asynchttpclient.netty.request.NettyRequestSender - Using open Channel [id: 0xe2458fda, L:/127.0.0.1:56492 - R:localhost/127.0.0.1:44337] for GET '/session/e66592ae6358f7f0d393909f22180203/window'
15:22:10.957 [AsyncHttpClient-1-2] DEBUG org.asynchttpclient.netty.handler.HttpHandler - 

Request DefaultFullHttpRequest(decodeResult: success, version: HTTP/1.1, content: EmptyByteBufBE)
GET /session/e66592ae6358f7f0d393909f22180203/window HTTP/1.1
User-Agent: selenium/4.6.0 (java windows)
Cache-Control: no-cache
Content-Type: application/json; charset=utf-8
host: localhost:44337
accept: */*

Response DefaultHttpResponse(decodeResult: success, version: HTTP/1.1)
HTTP/1.1 200 OK
Content-Type: application/json; charset=utf-8
cache-control: no-cache
content-length: 44

15:22:10.957 [AsyncHttpClient-1-2] DEBUG org.asynchttpclient.netty.channel.ChannelManager - Adding key: http://localhost:44337 for channel [id: 0xe2458fda, L:/127.0.0.1:56492 - R:localhost/127.0.0.1:44337]
15:22:10.966 [Forwarding getAlertText on session e66592ae6358f7f0d393909f22180203 to remote] DEBUG org.asynchttpclient.netty.request.NettyRequestSender - Using pooled Channel '[id: 0xe2458fda, L:/127.0.0.1:56492 - R:localhost/127.0.0.1:44337]' for 'GET' to 'http://localhost:44337/session/e66592ae6358f7f0d393909f22180203/alert/text'
15:22:10.967 [Forwarding getAlertText on session e66592ae6358f7f0d393909f22180203 to remote] DEBUG org.asynchttpclient.netty.request.NettyRequestSender - Using open Channel [id: 0xe2458fda, L:/127.0.0.1:56492 - R:localhost/127.0.0.1:44337] for GET '/session/e66592ae6358f7f0d393909f22180203/alert/text'
15:22:10.971 [AsyncHttpClient-1-2] DEBUG org.asynchttpclient.netty.handler.HttpHandler - 

Request DefaultFullHttpRequest(decodeResult: success, version: HTTP/1.1, content: EmptyByteBufBE)
GET /session/e66592ae6358f7f0d393909f22180203/alert/text HTTP/1.1
User-Agent: selenium/4.6.0 (java windows)
Cache-Control: no-cache
Content-Type: application/json; charset=utf-8
host: localhost:44337
accept: */*

Response DefaultHttpResponse(decodeResult: success, version: HTTP/1.1)
HTTP/1.1 404 Not Found
Content-Type: application/json; charset=utf-8
cache-control: no-cache
content-length: 848

15:22:10.971 [AsyncHttpClient-1-2] DEBUG org.asynchttpclient.netty.channel.ChannelManager - Adding key: http://localhost:44337 for channel [id: 0xe2458fda, L:/127.0.0.1:56492 - R:localhost/127.0.0.1:44337]
15:22:10.982 [Forwarding switchToWindow on session e66592ae6358f7f0d393909f22180203 to remote] DEBUG org.asynchttpclient.netty.request.NettyRequestSender - Using pooled Channel '[id: 0xe2458fda, L:/127.0.0.1:56492 - R:localhost/127.0.0.1:44337]' for 'POST' to 'http://localhost:44337/session/e66592ae6358f7f0d393909f22180203/window'
15:22:10.982 [Forwarding switchToWindow on session e66592ae6358f7f0d393909f22180203 to remote] DEBUG org.asynchttpclient.netty.request.NettyRequestSender - Using open Channel [id: 0xe2458fda, L:/127.0.0.1:56492 - R:localhost/127.0.0.1:44337] for POST '/session/e66592ae6358f7f0d393909f22180203/window'
15:22:10.984 [AsyncHttpClient-1-2] DEBUG org.asynchttpclient.netty.handler.HttpHandler - 

Request DefaultHttpRequest(decodeResult: success, version: HTTP/1.1)
POST /session/e66592ae6358f7f0d393909f22180203/window HTTP/1.1
User-Agent: selenium/4.6.0 (java windows)
Content-Length: 50
Content-Type: application/json; charset=utf-8
host: localhost:44337
accept: */*

Response DefaultHttpResponse(decodeResult: success, version: HTTP/1.1)
HTTP/1.1 200 OK
Content-Type: application/json; charset=utf-8
cache-control: no-cache
content-length: 14

15:22:10.985 [AsyncHttpClient-1-2] DEBUG org.asynchttpclient.netty.channel.ChannelManager - Adding key: http://localhost:44337 for channel [id: 0xe2458fda, L:/127.0.0.1:56492 - R:localhost/127.0.0.1:44337]
15:22:10.988 [Forwarding getCurrentUrl on session e66592ae6358f7f0d393909f22180203 to remote] DEBUG org.asynchttpclient.netty.request.NettyRequestSender - Using pooled Channel '[id: 0xe2458fda, L:/127.0.0.1:56492 - R:localhost/127.0.0.1:44337]' for 'GET' to 'http://localhost:44337/session/e66592ae6358f7f0d393909f22180203/url'
15:22:10.988 [Forwarding getCurrentUrl on session e66592ae6358f7f0d393909f22180203 to remote] DEBUG org.asynchttpclient.netty.request.NettyRequestSender - Using open Channel [id: 0xe2458fda, L:/127.0.0.1:56492 - R:localhost/127.0.0.1:44337] for GET '/session/e66592ae6358f7f0d393909f22180203/url'
15:22:10.997 [AsyncHttpClient-1-2] DEBUG org.asynchttpclient.netty.handler.HttpHandler - 

Request DefaultFullHttpRequest(decodeResult: success, version: HTTP/1.1, content: EmptyByteBufBE)
GET /session/e66592ae6358f7f0d393909f22180203/url HTTP/1.1
User-Agent: selenium/4.6.0 (java windows)
Cache-Control: no-cache
Content-Type: application/json; charset=utf-8
host: localhost:44337
accept: */*

Response DefaultHttpResponse(decodeResult: success, version: HTTP/1.1)
HTTP/1.1 200 OK
Content-Type: application/json; charset=utf-8
cache-control: no-cache
content-length: 56

15:22:10.997 [AsyncHttpClient-1-2] DEBUG org.asynchttpclient.netty.channel.ChannelManager - Adding key: http://localhost:44337 for channel [id: 0xe2458fda, L:/127.0.0.1:56492 - R:localhost/127.0.0.1:44337]
15:22:10.997 [Forwarding screenshot on session e66592ae6358f7f0d393909f22180203 to remote] DEBUG org.asynchttpclient.netty.request.NettyRequestSender - Using pooled Channel '[id: 0xe2458fda, L:/127.0.0.1:56492 - R:localhost/127.0.0.1:44337]' for 'GET' to 'http://localhost:44337/session/e66592ae6358f7f0d393909f22180203/screenshot'
15:22:10.997 [Forwarding screenshot on session e66592ae6358f7f0d393909f22180203 to remote] DEBUG org.asynchttpclient.netty.request.NettyRequestSender - Using open Channel [id: 0xe2458fda, L:/127.0.0.1:56492 - R:localhost/127.0.0.1:44337] for GET '/session/e66592ae6358f7f0d393909f22180203/screenshot'
15:22:11.182 [AsyncHttpClient-1-2] DEBUG org.asynchttpclient.netty.handler.HttpHandler - 

Request DefaultFullHttpRequest(decodeResult: success, version: HTTP/1.1, content: EmptyByteBufBE)
GET /session/e66592ae6358f7f0d393909f22180203/screenshot HTTP/1.1
User-Agent: selenium/4.6.0 (java windows)
Cache-Control: no-cache
Content-Type: application/json; charset=utf-8
host: localhost:44337
accept: */*

Response DefaultHttpResponse(decodeResult: success, version: HTTP/1.1)
HTTP/1.1 200 OK
Content-Type: application/json; charset=utf-8
cache-control: no-cache
content-length: 437408

15:22:11.183 [AsyncHttpClient-1-2] DEBUG org.asynchttpclient.netty.channel.ChannelManager - Adding key: http://localhost:44337 for channel [id: 0xe2458fda, L:/127.0.0.1:56492 - R:localhost/127.0.0.1:44337]
15:22:11.188 [Test worker] DEBUG net.serenitybdd.core.photography.Darkroom - Send negative for processing for C:\Users\Usuario\Documents\retoAutomatizacion\e2e\RetoDemoBlaze\target\site\serenity\226347e906f3cca77a7dabc25ce3003bbd99e19f9fe435c270766aa98772f92e.png
15:22:11.188 [Darkroom Processing Line] DEBUG net.serenitybdd.core.photography.DarkroomProcessingLine - Processing screenshot image in /var/screenshots/screenshot-361886841827687509
15:22:11.188 [Darkroom Processing Line] DEBUG net.serenitybdd.core.photography.DarkroomProcessingLine - Saving screenshot to C:\Users\Usuario\Documents\retoAutomatizacion\e2e\RetoDemoBlaze\target\site\serenity\226347e906f3cca77a7dabc25ce3003bbd99e19f9fe435c270766aa98772f92e.png
15:22:11.196 [Forwarding getPageSource on session e66592ae6358f7f0d393909f22180203 to remote] DEBUG org.asynchttpclient.netty.request.NettyRequestSender - Using pooled Channel '[id: 0xe2458fda, L:/127.0.0.1:56492 - R:localhost/127.0.0.1:44337]' for 'POST' to 'http://localhost:44337/session/e66592ae6358f7f0d393909f22180203/execute/sync'
15:22:11.196 [Forwarding getPageSource on session e66592ae6358f7f0d393909f22180203 to remote] DEBUG org.asynchttpclient.netty.request.NettyRequestSender - Using open Channel [id: 0xe2458fda, L:/127.0.0.1:56492 - R:localhost/127.0.0.1:44337] for POST '/session/e66592ae6358f7f0d393909f22180203/execute/sync'
15:22:11.205 [AsyncHttpClient-1-2] DEBUG org.asynchttpclient.netty.handler.HttpHandler - 

Request DefaultHttpRequest(decodeResult: success, version: HTTP/1.1)
POST /session/e66592ae6358f7f0d393909f22180203/execute/sync HTTP/1.1
User-Agent: selenium/4.6.0 (java windows)
Content-Length: 176
Content-Type: application/json; charset=utf-8
host: localhost:44337
accept: */*

Response DefaultHttpResponse(decodeResult: success, version: HTTP/1.1)
HTTP/1.1 200 OK
Content-Type: application/json; charset=utf-8
cache-control: no-cache
content-length: 54890

15:22:11.205 [AsyncHttpClient-1-2] DEBUG org.asynchttpclient.netty.channel.ChannelManager - Adding key: http://localhost:44337 for channel [id: 0xe2458fda, L:/127.0.0.1:56492 - R:localhost/127.0.0.1:44337]
15:22:11.211 [Forwarding getCurrentUrl on session e66592ae6358f7f0d393909f22180203 to remote] DEBUG org.asynchttpclient.netty.request.NettyRequestSender - Using pooled Channel '[id: 0xe2458fda, L:/127.0.0.1:56492 - R:localhost/127.0.0.1:44337]' for 'GET' to 'http://localhost:44337/session/e66592ae6358f7f0d393909f22180203/url'
15:22:11.211 [Forwarding getCurrentUrl on session e66592ae6358f7f0d393909f22180203 to remote] DEBUG org.asynchttpclient.netty.request.NettyRequestSender - Using open Channel [id: 0xe2458fda, L:/127.0.0.1:56492 - R:localhost/127.0.0.1:44337] for GET '/session/e66592ae6358f7f0d393909f22180203/url'
15:22:11.215 [AsyncHttpClient-1-2] DEBUG org.asynchttpclient.netty.handler.HttpHandler - 

Request DefaultFullHttpRequest(decodeResult: success, version: HTTP/1.1, content: EmptyByteBufBE)
GET /session/e66592ae6358f7f0d393909f22180203/url HTTP/1.1
User-Agent: selenium/4.6.0 (java windows)
Cache-Control: no-cache
Content-Type: application/json; charset=utf-8
host: localhost:44337
accept: */*

Response DefaultHttpResponse(decodeResult: success, version: HTTP/1.1)
HTTP/1.1 200 OK
Content-Type: application/json; charset=utf-8
cache-control: no-cache
content-length: 56

15:22:11.215 [AsyncHttpClient-1-2] DEBUG org.asynchttpclient.netty.channel.ChannelManager - Adding key: http://localhost:44337 for channel [id: 0xe2458fda, L:/127.0.0.1:56492 - R:localhost/127.0.0.1:44337]
15:22:11.218 [Test worker] DEBUG net.thucydides.core.steps.StepInterceptor - STARTING STEP: PickItem.performAs - {0} clicks on #target
15:22:11.218 [Test worker] DEBUG net.serenitybdd.screenplay.targets.IFrameSwitcher - default content already selected for Home
15:22:11.259 [Forwarding findElement on session e66592ae6358f7f0d393909f22180203 to remote] DEBUG org.asynchttpclient.netty.request.NettyRequestSender - Using pooled Channel '[id: 0xe2458fda, L:/127.0.0.1:56492 - R:localhost/127.0.0.1:44337]' for 'POST' to 'http://localhost:44337/session/e66592ae6358f7f0d393909f22180203/element'
15:22:11.259 [Forwarding findElement on session e66592ae6358f7f0d393909f22180203 to remote] DEBUG org.asynchttpclient.netty.request.NettyRequestSender - Using open Channel [id: 0xe2458fda, L:/127.0.0.1:56492 - R:localhost/127.0.0.1:44337] for POST '/session/e66592ae6358f7f0d393909f22180203/element'
15:22:11.271 [AsyncHttpClient-1-2] DEBUG org.asynchttpclient.netty.handler.HttpHandler - 

Request DefaultHttpRequest(decodeResult: success, version: HTTP/1.1)
POST /session/e66592ae6358f7f0d393909f22180203/element HTTP/1.1
User-Agent: selenium/4.6.0 (java windows)
Content-Length: 66
Content-Type: application/json; charset=utf-8
host: localhost:44337
accept: */*

Response DefaultHttpResponse(decodeResult: success, version: HTTP/1.1)
HTTP/1.1 200 OK
Content-Type: application/json; charset=utf-8
cache-control: no-cache
content-length: 96

15:22:11.272 [AsyncHttpClient-1-2] DEBUG org.asynchttpclient.netty.channel.ChannelManager - Adding key: http://localhost:44337 for channel [id: 0xe2458fda, L:/127.0.0.1:56492 - R:localhost/127.0.0.1:44337]
15:22:11.315 [Forwarding isElementDisplayed on session e66592ae6358f7f0d393909f22180203 to remote] DEBUG org.asynchttpclient.netty.request.NettyRequestSender - Using pooled Channel '[id: 0xe2458fda, L:/127.0.0.1:56492 - R:localhost/127.0.0.1:44337]' for 'POST' to 'http://localhost:44337/session/e66592ae6358f7f0d393909f22180203/execute/sync'
15:22:11.315 [Forwarding isElementDisplayed on session e66592ae6358f7f0d393909f22180203 to remote] DEBUG org.asynchttpclient.netty.request.NettyRequestSender - Using open Channel [id: 0xe2458fda, L:/127.0.0.1:56492 - R:localhost/127.0.0.1:44337] for POST '/session/e66592ae6358f7f0d393909f22180203/execute/sync'
15:22:11.323 [AsyncHttpClient-1-2] DEBUG org.asynchttpclient.netty.handler.HttpHandler - 

Request DefaultHttpRequest(decodeResult: success, version: HTTP/1.1)
POST /session/e66592ae6358f7f0d393909f22180203/execute/sync HTTP/1.1
User-Agent: selenium/4.6.0 (java windows)
Content-Length: 48788
Content-Type: application/json; charset=utf-8
host: localhost:44337
accept: */*

Response DefaultHttpResponse(decodeResult: success, version: HTTP/1.1)
HTTP/1.1 200 OK
Content-Type: application/json; charset=utf-8
cache-control: no-cache
content-length: 14

15:22:11.323 [AsyncHttpClient-1-2] DEBUG org.asynchttpclient.netty.channel.ChannelManager - Adding key: http://localhost:44337 for channel [id: 0xe2458fda, L:/127.0.0.1:56492 - R:localhost/127.0.0.1:44337]
15:22:11.336 [Forwarding findElement on session e66592ae6358f7f0d393909f22180203 to remote] DEBUG org.asynchttpclient.netty.request.NettyRequestSender - Using pooled Channel '[id: 0xe2458fda, L:/127.0.0.1:56492 - R:localhost/127.0.0.1:44337]' for 'POST' to 'http://localhost:44337/session/e66592ae6358f7f0d393909f22180203/element'
15:22:11.336 [Forwarding findElement on session e66592ae6358f7f0d393909f22180203 to remote] DEBUG org.asynchttpclient.netty.request.NettyRequestSender - Using open Channel [id: 0xe2458fda, L:/127.0.0.1:56492 - R:localhost/127.0.0.1:44337] for POST '/session/e66592ae6358f7f0d393909f22180203/element'
15:22:11.342 [AsyncHttpClient-1-2] DEBUG org.asynchttpclient.netty.handler.HttpHandler - 

Request DefaultHttpRequest(decodeResult: success, version: HTTP/1.1)
POST /session/e66592ae6358f7f0d393909f22180203/element HTTP/1.1
User-Agent: selenium/4.6.0 (java windows)
Content-Length: 66
Content-Type: application/json; charset=utf-8
host: localhost:44337
accept: */*

Response DefaultHttpResponse(decodeResult: success, version: HTTP/1.1)
HTTP/1.1 200 OK
Content-Type: application/json; charset=utf-8
cache-control: no-cache
content-length: 96

15:22:11.342 [AsyncHttpClient-1-2] DEBUG org.asynchttpclient.netty.channel.ChannelManager - Adding key: http://localhost:44337 for channel [id: 0xe2458fda, L:/127.0.0.1:56492 - R:localhost/127.0.0.1:44337]
15:22:11.343 [Forwarding clickElement on session e66592ae6358f7f0d393909f22180203 to remote] DEBUG org.asynchttpclient.netty.request.NettyRequestSender - Using pooled Channel '[id: 0xe2458fda, L:/127.0.0.1:56492 - R:localhost/127.0.0.1:44337]' for 'POST' to 'http://localhost:44337/session/e66592ae6358f7f0d393909f22180203/element/050E0938BD2F4A7D58490DA47A895707_element_167/click'
15:22:11.343 [Forwarding clickElement on session e66592ae6358f7f0d393909f22180203 to remote] DEBUG org.asynchttpclient.netty.request.NettyRequestSender - Using open Channel [id: 0xe2458fda, L:/127.0.0.1:56492 - R:localhost/127.0.0.1:44337] for POST '/session/e66592ae6358f7f0d393909f22180203/element/050E0938BD2F4A7D58490DA47A895707_element_167/click'
15:22:11.744 [AsyncHttpClient-1-1] DEBUG org.asynchttpclient.netty.channel.DefaultChannelPool - Entry count for : http://localhost:56493 : 1
15:22:12.724 [AsyncHttpClient-1-2] DEBUG org.asynchttpclient.netty.handler.HttpHandler - 

Request DefaultHttpRequest(decodeResult: success, version: HTTP/1.1)
POST /session/e66592ae6358f7f0d393909f22180203/element/050E0938BD2F4A7D58490DA47A895707_element_167/click HTTP/1.1
User-Agent: selenium/4.6.0 (java windows)
Content-Length: 58
Content-Type: application/json; charset=utf-8
host: localhost:44337
accept: */*

Response DefaultHttpResponse(decodeResult: success, version: HTTP/1.1)
HTTP/1.1 200 OK
Content-Type: application/json; charset=utf-8
cache-control: no-cache
content-length: 14

15:22:12.724 [AsyncHttpClient-1-2] DEBUG org.asynchttpclient.netty.channel.ChannelManager - Adding key: http://localhost:44337 for channel [id: 0xe2458fda, L:/127.0.0.1:56492 - R:localhost/127.0.0.1:44337]
15:22:12.749 [Forwarding getCurrentWindowHandle on session e66592ae6358f7f0d393909f22180203 to remote] DEBUG org.asynchttpclient.netty.request.NettyRequestSender - Using pooled Channel '[id: 0xe2458fda, L:/127.0.0.1:56492 - R:localhost/127.0.0.1:44337]' for 'GET' to 'http://localhost:44337/session/e66592ae6358f7f0d393909f22180203/window'
15:22:12.749 [Forwarding getCurrentWindowHandle on session e66592ae6358f7f0d393909f22180203 to remote] DEBUG org.asynchttpclient.netty.request.NettyRequestSender - Using open Channel [id: 0xe2458fda, L:/127.0.0.1:56492 - R:localhost/127.0.0.1:44337] for GET '/session/e66592ae6358f7f0d393909f22180203/window'
15:22:12.750 [AsyncHttpClient-1-2] DEBUG org.asynchttpclient.netty.handler.HttpHandler - 

Request DefaultFullHttpRequest(decodeResult: success, version: HTTP/1.1, content: EmptyByteBufBE)
GET /session/e66592ae6358f7f0d393909f22180203/window HTTP/1.1
User-Agent: selenium/4.6.0 (java windows)
Cache-Control: no-cache
Content-Type: application/json; charset=utf-8
host: localhost:44337
accept: */*

Response DefaultHttpResponse(decodeResult: success, version: HTTP/1.1)
HTTP/1.1 200 OK
Content-Type: application/json; charset=utf-8
cache-control: no-cache
content-length: 44

15:22:12.750 [AsyncHttpClient-1-2] DEBUG org.asynchttpclient.netty.channel.ChannelManager - Adding key: http://localhost:44337 for channel [id: 0xe2458fda, L:/127.0.0.1:56492 - R:localhost/127.0.0.1:44337]
15:22:12.764 [Forwarding getAlertText on session e66592ae6358f7f0d393909f22180203 to remote] DEBUG org.asynchttpclient.netty.request.NettyRequestSender - Using pooled Channel '[id: 0xe2458fda, L:/127.0.0.1:56492 - R:localhost/127.0.0.1:44337]' for 'GET' to 'http://localhost:44337/session/e66592ae6358f7f0d393909f22180203/alert/text'
15:22:12.765 [Forwarding getAlertText on session e66592ae6358f7f0d393909f22180203 to remote] DEBUG org.asynchttpclient.netty.request.NettyRequestSender - Using open Channel [id: 0xe2458fda, L:/127.0.0.1:56492 - R:localhost/127.0.0.1:44337] for GET '/session/e66592ae6358f7f0d393909f22180203/alert/text'
15:22:12.766 [AsyncHttpClient-1-2] DEBUG org.asynchttpclient.netty.handler.HttpHandler - 

Request DefaultFullHttpRequest(decodeResult: success, version: HTTP/1.1, content: EmptyByteBufBE)
GET /session/e66592ae6358f7f0d393909f22180203/alert/text HTTP/1.1
User-Agent: selenium/4.6.0 (java windows)
Cache-Control: no-cache
Content-Type: application/json; charset=utf-8
host: localhost:44337
accept: */*

Response DefaultHttpResponse(decodeResult: success, version: HTTP/1.1)
HTTP/1.1 404 Not Found
Content-Type: application/json; charset=utf-8
cache-control: no-cache
content-length: 848

15:22:12.766 [AsyncHttpClient-1-2] DEBUG org.asynchttpclient.netty.channel.ChannelManager - Adding key: http://localhost:44337 for channel [id: 0xe2458fda, L:/127.0.0.1:56492 - R:localhost/127.0.0.1:44337]
15:22:12.773 [Forwarding switchToWindow on session e66592ae6358f7f0d393909f22180203 to remote] DEBUG org.asynchttpclient.netty.request.NettyRequestSender - Using pooled Channel '[id: 0xe2458fda, L:/127.0.0.1:56492 - R:localhost/127.0.0.1:44337]' for 'POST' to 'http://localhost:44337/session/e66592ae6358f7f0d393909f22180203/window'
15:22:12.773 [Forwarding switchToWindow on session e66592ae6358f7f0d393909f22180203 to remote] DEBUG org.asynchttpclient.netty.request.NettyRequestSender - Using open Channel [id: 0xe2458fda, L:/127.0.0.1:56492 - R:localhost/127.0.0.1:44337] for POST '/session/e66592ae6358f7f0d393909f22180203/window'
15:22:12.774 [AsyncHttpClient-1-2] DEBUG org.asynchttpclient.netty.handler.HttpHandler - 

Request DefaultHttpRequest(decodeResult: success, version: HTTP/1.1)
POST /session/e66592ae6358f7f0d393909f22180203/window HTTP/1.1
User-Agent: selenium/4.6.0 (java windows)
Content-Length: 50
Content-Type: application/json; charset=utf-8
host: localhost:44337
accept: */*

Response DefaultHttpResponse(decodeResult: success, version: HTTP/1.1)
HTTP/1.1 200 OK
Content-Type: application/json; charset=utf-8
cache-control: no-cache
content-length: 14

15:22:12.775 [AsyncHttpClient-1-2] DEBUG org.asynchttpclient.netty.channel.ChannelManager - Adding key: http://localhost:44337 for channel [id: 0xe2458fda, L:/127.0.0.1:56492 - R:localhost/127.0.0.1:44337]
15:22:12.775 [Forwarding getCurrentUrl on session e66592ae6358f7f0d393909f22180203 to remote] DEBUG org.asynchttpclient.netty.request.NettyRequestSender - Using pooled Channel '[id: 0xe2458fda, L:/127.0.0.1:56492 - R:localhost/127.0.0.1:44337]' for 'GET' to 'http://localhost:44337/session/e66592ae6358f7f0d393909f22180203/url'
15:22:12.775 [Forwarding getCurrentUrl on session e66592ae6358f7f0d393909f22180203 to remote] DEBUG org.asynchttpclient.netty.request.NettyRequestSender - Using open Channel [id: 0xe2458fda, L:/127.0.0.1:56492 - R:localhost/127.0.0.1:44337] for GET '/session/e66592ae6358f7f0d393909f22180203/url'
15:22:12.779 [AsyncHttpClient-1-2] DEBUG org.asynchttpclient.netty.handler.HttpHandler - 

Request DefaultFullHttpRequest(decodeResult: success, version: HTTP/1.1, content: EmptyByteBufBE)
GET /session/e66592ae6358f7f0d393909f22180203/url HTTP/1.1
User-Agent: selenium/4.6.0 (java windows)
Cache-Control: no-cache
Content-Type: application/json; charset=utf-8
host: localhost:44337
accept: */*

Response DefaultHttpResponse(decodeResult: success, version: HTTP/1.1)
HTTP/1.1 200 OK
Content-Type: application/json; charset=utf-8
cache-control: no-cache
content-length: 48

15:22:12.780 [AsyncHttpClient-1-2] DEBUG org.asynchttpclient.netty.channel.ChannelManager - Adding key: http://localhost:44337 for channel [id: 0xe2458fda, L:/127.0.0.1:56492 - R:localhost/127.0.0.1:44337]
15:22:12.780 [Forwarding screenshot on session e66592ae6358f7f0d393909f22180203 to remote] DEBUG org.asynchttpclient.netty.request.NettyRequestSender - Using pooled Channel '[id: 0xe2458fda, L:/127.0.0.1:56492 - R:localhost/127.0.0.1:44337]' for 'GET' to 'http://localhost:44337/session/e66592ae6358f7f0d393909f22180203/screenshot'
15:22:12.780 [Forwarding screenshot on session e66592ae6358f7f0d393909f22180203 to remote] DEBUG org.asynchttpclient.netty.request.NettyRequestSender - Using open Channel [id: 0xe2458fda, L:/127.0.0.1:56492 - R:localhost/127.0.0.1:44337] for GET '/session/e66592ae6358f7f0d393909f22180203/screenshot'
15:22:12.846 [AsyncHttpClient-1-1] DEBUG org.asynchttpclient.netty.channel.DefaultChannelPool - Entry count for : http://localhost:56493 : 1
15:22:13.057 [AsyncHttpClient-1-2] DEBUG org.asynchttpclient.netty.handler.HttpHandler - 

Request DefaultFullHttpRequest(decodeResult: success, version: HTTP/1.1, content: EmptyByteBufBE)
GET /session/e66592ae6358f7f0d393909f22180203/screenshot HTTP/1.1
User-Agent: selenium/4.6.0 (java windows)
Cache-Control: no-cache
Content-Type: application/json; charset=utf-8
host: localhost:44337
accept: */*

Response DefaultHttpResponse(decodeResult: success, version: HTTP/1.1)
HTTP/1.1 200 OK
Content-Type: application/json; charset=utf-8
cache-control: no-cache
content-length: 654160

15:22:13.058 [AsyncHttpClient-1-2] DEBUG org.asynchttpclient.netty.channel.ChannelManager - Adding key: http://localhost:44337 for channel [id: 0xe2458fda, L:/127.0.0.1:56492 - R:localhost/127.0.0.1:44337]
15:22:13.070 [Test worker] DEBUG net.serenitybdd.core.photography.Darkroom - Send negative for processing for C:\Users\Usuario\Documents\retoAutomatizacion\e2e\RetoDemoBlaze\target\site\serenity\4412d49ce5b6b868e97726cad2cc9f6fe71299e8233aab1726cf3b4d57ece13b.png
15:22:13.070 [Test worker] DEBUG net.thucydides.core.steps.StepInterceptor - STEP DONE: {0} clicks on #target
15:22:13.085 [Test worker] DEBUG net.serenitybdd.screenplay.targets.IFrameSwitcher - default content already selected for CATEGORIES
15:22:13.093 [Forwarding findElements on session e66592ae6358f7f0d393909f22180203 to remote] DEBUG org.asynchttpclient.netty.request.NettyRequestSender - Using pooled Channel '[id: 0xe2458fda, L:/127.0.0.1:56492 - R:localhost/127.0.0.1:44337]' for 'POST' to 'http://localhost:44337/session/e66592ae6358f7f0d393909f22180203/elements'
15:22:13.093 [Forwarding findElements on session e66592ae6358f7f0d393909f22180203 to remote] DEBUG org.asynchttpclient.netty.request.NettyRequestSender - Using open Channel [id: 0xe2458fda, L:/127.0.0.1:56492 - R:localhost/127.0.0.1:44337] for POST '/session/e66592ae6358f7f0d393909f22180203/elements'
15:22:13.101 [AsyncHttpClient-1-2] DEBUG org.asynchttpclient.netty.handler.HttpHandler - 

Request DefaultHttpRequest(decodeResult: success, version: HTTP/1.1)
POST /session/e66592ae6358f7f0d393909f22180203/elements HTTP/1.1
User-Agent: selenium/4.6.0 (java windows)
Content-Length: 48
Content-Type: application/json; charset=utf-8
host: localhost:44337
accept: */*

Response DefaultHttpResponse(decodeResult: success, version: HTTP/1.1)
HTTP/1.1 200 OK
Content-Type: application/json; charset=utf-8
cache-control: no-cache
content-length: 98

15:22:13.101 [AsyncHttpClient-1-2] DEBUG org.asynchttpclient.netty.channel.ChannelManager - Adding key: http://localhost:44337 for channel [id: 0xe2458fda, L:/127.0.0.1:56492 - R:localhost/127.0.0.1:44337]
15:22:13.114 [Forwarding isElementDisplayed on session e66592ae6358f7f0d393909f22180203 to remote] DEBUG org.asynchttpclient.netty.request.NettyRequestSender - Using pooled Channel '[id: 0xe2458fda, L:/127.0.0.1:56492 - R:localhost/127.0.0.1:44337]' for 'POST' to 'http://localhost:44337/session/e66592ae6358f7f0d393909f22180203/execute/sync'
15:22:13.114 [Forwarding isElementDisplayed on session e66592ae6358f7f0d393909f22180203 to remote] DEBUG org.asynchttpclient.netty.request.NettyRequestSender - Using open Channel [id: 0xe2458fda, L:/127.0.0.1:56492 - R:localhost/127.0.0.1:44337] for POST '/session/e66592ae6358f7f0d393909f22180203/execute/sync'
15:22:13.129 [AsyncHttpClient-1-2] DEBUG org.asynchttpclient.netty.handler.HttpHandler - 

Request DefaultHttpRequest(decodeResult: success, version: HTTP/1.1)
POST /session/e66592ae6358f7f0d393909f22180203/execute/sync HTTP/1.1
User-Agent: selenium/4.6.0 (java windows)
Content-Length: 48788
Content-Type: application/json; charset=utf-8
host: localhost:44337
accept: */*

Response DefaultHttpResponse(decodeResult: success, version: HTTP/1.1)
HTTP/1.1 200 OK
Content-Type: application/json; charset=utf-8
cache-control: no-cache
content-length: 14

15:22:13.130 [AsyncHttpClient-1-2] DEBUG org.asynchttpclient.netty.channel.ChannelManager - Adding key: http://localhost:44337 for channel [id: 0xe2458fda, L:/127.0.0.1:56492 - R:localhost/127.0.0.1:44337]
15:22:13.132 [Forwarding isElementDisplayed on session e66592ae6358f7f0d393909f22180203 to remote] DEBUG org.asynchttpclient.netty.request.NettyRequestSender - Using pooled Channel '[id: 0xe2458fda, L:/127.0.0.1:56492 - R:localhost/127.0.0.1:44337]' for 'POST' to 'http://localhost:44337/session/e66592ae6358f7f0d393909f22180203/execute/sync'
15:22:13.132 [Forwarding isElementDisplayed on session e66592ae6358f7f0d393909f22180203 to remote] DEBUG org.asynchttpclient.netty.request.NettyRequestSender - Using open Channel [id: 0xe2458fda, L:/127.0.0.1:56492 - R:localhost/127.0.0.1:44337] for POST '/session/e66592ae6358f7f0d393909f22180203/execute/sync'
15:22:13.140 [AsyncHttpClient-1-2] DEBUG org.asynchttpclient.netty.handler.HttpHandler - 

Request DefaultHttpRequest(decodeResult: success, version: HTTP/1.1)
POST /session/e66592ae6358f7f0d393909f22180203/execute/sync HTTP/1.1
User-Agent: selenium/4.6.0 (java windows)
Content-Length: 48788
Content-Type: application/json; charset=utf-8
host: localhost:44337
accept: */*

Response DefaultHttpResponse(decodeResult: success, version: HTTP/1.1)
HTTP/1.1 200 OK
Content-Type: application/json; charset=utf-8
cache-control: no-cache
content-length: 14

15:22:13.141 [AsyncHttpClient-1-2] DEBUG org.asynchttpclient.netty.channel.ChannelManager - Adding key: http://localhost:44337 for channel [id: 0xe2458fda, L:/127.0.0.1:56492 - R:localhost/127.0.0.1:44337]
15:22:13.182 [Forwarding getCurrentWindowHandle on session e66592ae6358f7f0d393909f22180203 to remote] DEBUG org.asynchttpclient.netty.request.NettyRequestSender - Using pooled Channel '[id: 0xe2458fda, L:/127.0.0.1:56492 - R:localhost/127.0.0.1:44337]' for 'GET' to 'http://localhost:44337/session/e66592ae6358f7f0d393909f22180203/window'
15:22:13.182 [Forwarding getCurrentWindowHandle on session e66592ae6358f7f0d393909f22180203 to remote] DEBUG org.asynchttpclient.netty.request.NettyRequestSender - Using open Channel [id: 0xe2458fda, L:/127.0.0.1:56492 - R:localhost/127.0.0.1:44337] for GET '/session/e66592ae6358f7f0d393909f22180203/window'
15:22:13.183 [AsyncHttpClient-1-2] DEBUG org.asynchttpclient.netty.handler.HttpHandler - 

Request DefaultFullHttpRequest(decodeResult: success, version: HTTP/1.1, content: EmptyByteBufBE)
GET /session/e66592ae6358f7f0d393909f22180203/window HTTP/1.1
User-Agent: selenium/4.6.0 (java windows)
Cache-Control: no-cache
Content-Type: application/json; charset=utf-8
host: localhost:44337
accept: */*

Response DefaultHttpResponse(decodeResult: success, version: HTTP/1.1)
HTTP/1.1 200 OK
Content-Type: application/json; charset=utf-8
cache-control: no-cache
content-length: 44

15:22:13.183 [AsyncHttpClient-1-2] DEBUG org.asynchttpclient.netty.channel.ChannelManager - Adding key: http://localhost:44337 for channel [id: 0xe2458fda, L:/127.0.0.1:56492 - R:localhost/127.0.0.1:44337]
15:22:13.190 [Forwarding getAlertText on session e66592ae6358f7f0d393909f22180203 to remote] DEBUG org.asynchttpclient.netty.request.NettyRequestSender - Using pooled Channel '[id: 0xe2458fda, L:/127.0.0.1:56492 - R:localhost/127.0.0.1:44337]' for 'GET' to 'http://localhost:44337/session/e66592ae6358f7f0d393909f22180203/alert/text'
15:22:13.190 [Forwarding getAlertText on session e66592ae6358f7f0d393909f22180203 to remote] DEBUG org.asynchttpclient.netty.request.NettyRequestSender - Using open Channel [id: 0xe2458fda, L:/127.0.0.1:56492 - R:localhost/127.0.0.1:44337] for GET '/session/e66592ae6358f7f0d393909f22180203/alert/text'
15:22:13.192 [AsyncHttpClient-1-2] DEBUG org.asynchttpclient.netty.handler.HttpHandler - 

Request DefaultFullHttpRequest(decodeResult: success, version: HTTP/1.1, content: EmptyByteBufBE)
GET /session/e66592ae6358f7f0d393909f22180203/alert/text HTTP/1.1
User-Agent: selenium/4.6.0 (java windows)
Cache-Control: no-cache
Content-Type: application/json; charset=utf-8
host: localhost:44337
accept: */*

Response DefaultHttpResponse(decodeResult: success, version: HTTP/1.1)
HTTP/1.1 404 Not Found
Content-Type: application/json; charset=utf-8
cache-control: no-cache
content-length: 848

15:22:13.192 [AsyncHttpClient-1-2] DEBUG org.asynchttpclient.netty.channel.ChannelManager - Adding key: http://localhost:44337 for channel [id: 0xe2458fda, L:/127.0.0.1:56492 - R:localhost/127.0.0.1:44337]
15:22:13.198 [Forwarding switchToWindow on session e66592ae6358f7f0d393909f22180203 to remote] DEBUG org.asynchttpclient.netty.request.NettyRequestSender - Using pooled Channel '[id: 0xe2458fda, L:/127.0.0.1:56492 - R:localhost/127.0.0.1:44337]' for 'POST' to 'http://localhost:44337/session/e66592ae6358f7f0d393909f22180203/window'
15:22:13.198 [Forwarding switchToWindow on session e66592ae6358f7f0d393909f22180203 to remote] DEBUG org.asynchttpclient.netty.request.NettyRequestSender - Using open Channel [id: 0xe2458fda, L:/127.0.0.1:56492 - R:localhost/127.0.0.1:44337] for POST '/session/e66592ae6358f7f0d393909f22180203/window'
15:22:13.200 [AsyncHttpClient-1-2] DEBUG org.asynchttpclient.netty.handler.HttpHandler - 

Request DefaultHttpRequest(decodeResult: success, version: HTTP/1.1)
POST /session/e66592ae6358f7f0d393909f22180203/window HTTP/1.1
User-Agent: selenium/4.6.0 (java windows)
Content-Length: 50
Content-Type: application/json; charset=utf-8
host: localhost:44337
accept: */*

Response DefaultHttpResponse(decodeResult: success, version: HTTP/1.1)
HTTP/1.1 200 OK
Content-Type: application/json; charset=utf-8
cache-control: no-cache
content-length: 14

15:22:13.200 [AsyncHttpClient-1-2] DEBUG org.asynchttpclient.netty.channel.ChannelManager - Adding key: http://localhost:44337 for channel [id: 0xe2458fda, L:/127.0.0.1:56492 - R:localhost/127.0.0.1:44337]
15:22:13.201 [Forwarding getCurrentUrl on session e66592ae6358f7f0d393909f22180203 to remote] DEBUG org.asynchttpclient.netty.request.NettyRequestSender - Using pooled Channel '[id: 0xe2458fda, L:/127.0.0.1:56492 - R:localhost/127.0.0.1:44337]' for 'GET' to 'http://localhost:44337/session/e66592ae6358f7f0d393909f22180203/url'
15:22:13.201 [Forwarding getCurrentUrl on session e66592ae6358f7f0d393909f22180203 to remote] DEBUG org.asynchttpclient.netty.request.NettyRequestSender - Using open Channel [id: 0xe2458fda, L:/127.0.0.1:56492 - R:localhost/127.0.0.1:44337] for GET '/session/e66592ae6358f7f0d393909f22180203/url'
15:22:13.204 [AsyncHttpClient-1-2] DEBUG org.asynchttpclient.netty.handler.HttpHandler - 

Request DefaultFullHttpRequest(decodeResult: success, version: HTTP/1.1, content: EmptyByteBufBE)
GET /session/e66592ae6358f7f0d393909f22180203/url HTTP/1.1
User-Agent: selenium/4.6.0 (java windows)
Cache-Control: no-cache
Content-Type: application/json; charset=utf-8
host: localhost:44337
accept: */*

Response DefaultHttpResponse(decodeResult: success, version: HTTP/1.1)
HTTP/1.1 200 OK
Content-Type: application/json; charset=utf-8
cache-control: no-cache
content-length: 48

15:22:13.205 [AsyncHttpClient-1-2] DEBUG org.asynchttpclient.netty.channel.ChannelManager - Adding key: http://localhost:44337 for channel [id: 0xe2458fda, L:/127.0.0.1:56492 - R:localhost/127.0.0.1:44337]
15:22:13.205 [Forwarding screenshot on session e66592ae6358f7f0d393909f22180203 to remote] DEBUG org.asynchttpclient.netty.request.NettyRequestSender - Using pooled Channel '[id: 0xe2458fda, L:/127.0.0.1:56492 - R:localhost/127.0.0.1:44337]' for 'GET' to 'http://localhost:44337/session/e66592ae6358f7f0d393909f22180203/screenshot'
15:22:13.205 [Forwarding screenshot on session e66592ae6358f7f0d393909f22180203 to remote] DEBUG org.asynchttpclient.netty.request.NettyRequestSender - Using open Channel [id: 0xe2458fda, L:/127.0.0.1:56492 - R:localhost/127.0.0.1:44337] for GET '/session/e66592ae6358f7f0d393909f22180203/screenshot'
15:22:13.402 [AsyncHttpClient-1-2] DEBUG org.asynchttpclient.netty.handler.HttpHandler - 

Request DefaultFullHttpRequest(decodeResult: success, version: HTTP/1.1, content: EmptyByteBufBE)
GET /session/e66592ae6358f7f0d393909f22180203/screenshot HTTP/1.1
User-Agent: selenium/4.6.0 (java windows)
Cache-Control: no-cache
Content-Type: application/json; charset=utf-8
host: localhost:44337
accept: */*

Response DefaultHttpResponse(decodeResult: success, version: HTTP/1.1)
HTTP/1.1 200 OK
Content-Type: application/json; charset=utf-8
cache-control: no-cache
content-length: 497396

15:22:13.403 [AsyncHttpClient-1-2] DEBUG org.asynchttpclient.netty.channel.ChannelManager - Adding key: http://localhost:44337 for channel [id: 0xe2458fda, L:/127.0.0.1:56492 - R:localhost/127.0.0.1:44337]
15:22:13.409 [Test worker] DEBUG net.serenitybdd.core.photography.Darkroom - Send negative for processing for C:\Users\Usuario\Documents\retoAutomatizacion\e2e\RetoDemoBlaze\target\site\serenity\e293da8e657105938a6c1571313c0461e67510bbd7fec1904a84d33de75c8816.png
15:22:13.410 [Darkroom Processing Line] DEBUG net.serenitybdd.core.photography.DarkroomProcessingLine - Processing screenshot image in /var/screenshots/screenshot-3214182526779470111
15:22:13.410 [Darkroom Processing Line] DEBUG net.serenitybdd.core.photography.DarkroomProcessingLine - Saving screenshot to C:\Users\Usuario\Documents\retoAutomatizacion\e2e\RetoDemoBlaze\target\site\serenity\e293da8e657105938a6c1571313c0461e67510bbd7fec1904a84d33de75c8816.png
15:22:13.416 [Forwarding getPageSource on session e66592ae6358f7f0d393909f22180203 to remote] DEBUG org.asynchttpclient.netty.request.NettyRequestSender - Using pooled Channel '[id: 0xe2458fda, L:/127.0.0.1:56492 - R:localhost/127.0.0.1:44337]' for 'POST' to 'http://localhost:44337/session/e66592ae6358f7f0d393909f22180203/execute/sync'
15:22:13.416 [Forwarding getPageSource on session e66592ae6358f7f0d393909f22180203 to remote] DEBUG org.asynchttpclient.netty.request.NettyRequestSender - Using open Channel [id: 0xe2458fda, L:/127.0.0.1:56492 - R:localhost/127.0.0.1:44337] for POST '/session/e66592ae6358f7f0d393909f22180203/execute/sync'
15:22:13.426 [AsyncHttpClient-1-2] DEBUG org.asynchttpclient.netty.handler.HttpHandler - 

Request DefaultHttpRequest(decodeResult: success, version: HTTP/1.1)
POST /session/e66592ae6358f7f0d393909f22180203/execute/sync HTTP/1.1
User-Agent: selenium/4.6.0 (java windows)
Content-Length: 176
Content-Type: application/json; charset=utf-8
host: localhost:44337
accept: */*

Response DefaultHttpResponse(decodeResult: success, version: HTTP/1.1)
HTTP/1.1 200 OK
Content-Type: application/json; charset=utf-8
cache-control: no-cache
content-length: 57528

15:22:13.426 [AsyncHttpClient-1-2] DEBUG org.asynchttpclient.netty.channel.ChannelManager - Adding key: http://localhost:44337 for channel [id: 0xe2458fda, L:/127.0.0.1:56492 - R:localhost/127.0.0.1:44337]
15:22:13.430 [Forwarding getCurrentUrl on session e66592ae6358f7f0d393909f22180203 to remote] DEBUG org.asynchttpclient.netty.request.NettyRequestSender - Using pooled Channel '[id: 0xe2458fda, L:/127.0.0.1:56492 - R:localhost/127.0.0.1:44337]' for 'GET' to 'http://localhost:44337/session/e66592ae6358f7f0d393909f22180203/url'
15:22:13.430 [Forwarding getCurrentUrl on session e66592ae6358f7f0d393909f22180203 to remote] DEBUG org.asynchttpclient.netty.request.NettyRequestSender - Using open Channel [id: 0xe2458fda, L:/127.0.0.1:56492 - R:localhost/127.0.0.1:44337] for GET '/session/e66592ae6358f7f0d393909f22180203/url'
15:22:13.434 [AsyncHttpClient-1-2] DEBUG org.asynchttpclient.netty.handler.HttpHandler - 

Request DefaultFullHttpRequest(decodeResult: success, version: HTTP/1.1, content: EmptyByteBufBE)
GET /session/e66592ae6358f7f0d393909f22180203/url HTTP/1.1
User-Agent: selenium/4.6.0 (java windows)
Cache-Control: no-cache
Content-Type: application/json; charset=utf-8
host: localhost:44337
accept: */*

Response DefaultHttpResponse(decodeResult: success, version: HTTP/1.1)
HTTP/1.1 200 OK
Content-Type: application/json; charset=utf-8
cache-control: no-cache
content-length: 48

15:22:13.434 [AsyncHttpClient-1-2] DEBUG org.asynchttpclient.netty.channel.ChannelManager - Adding key: http://localhost:44337 for channel [id: 0xe2458fda, L:/127.0.0.1:56492 - R:localhost/127.0.0.1:44337]
15:22:13.435 [Test worker] DEBUG net.thucydides.core.steps.StepInterceptor - STARTING STEP: PickItem.performAs - {0} clicks on #target
15:22:13.436 [Test worker] DEBUG net.serenitybdd.screenplay.targets.IFrameSwitcher - default content already selected for randomItem
15:22:13.481 [Forwarding findElement on session e66592ae6358f7f0d393909f22180203 to remote] DEBUG org.asynchttpclient.netty.request.NettyRequestSender - Using pooled Channel '[id: 0xe2458fda, L:/127.0.0.1:56492 - R:localhost/127.0.0.1:44337]' for 'POST' to 'http://localhost:44337/session/e66592ae6358f7f0d393909f22180203/element'
15:22:13.481 [Forwarding findElement on session e66592ae6358f7f0d393909f22180203 to remote] DEBUG org.asynchttpclient.netty.request.NettyRequestSender - Using open Channel [id: 0xe2458fda, L:/127.0.0.1:56492 - R:localhost/127.0.0.1:44337] for POST '/session/e66592ae6358f7f0d393909f22180203/element'
15:22:13.522 [AsyncHttpClient-1-2] DEBUG org.asynchttpclient.netty.handler.HttpHandler - 

Request DefaultHttpRequest(decodeResult: success, version: HTTP/1.1)
POST /session/e66592ae6358f7f0d393909f22180203/element HTTP/1.1
User-Agent: selenium/4.6.0 (java windows)
Content-Length: 79
Content-Type: application/json; charset=utf-8
host: localhost:44337
accept: */*

Response DefaultHttpResponse(decodeResult: success, version: HTTP/1.1)
HTTP/1.1 200 OK
Content-Type: application/json; charset=utf-8
cache-control: no-cache
content-length: 96

15:22:13.523 [AsyncHttpClient-1-2] DEBUG org.asynchttpclient.netty.channel.ChannelManager - Adding key: http://localhost:44337 for channel [id: 0xe2458fda, L:/127.0.0.1:56492 - R:localhost/127.0.0.1:44337]
15:22:13.539 [Forwarding isElementDisplayed on session e66592ae6358f7f0d393909f22180203 to remote] DEBUG org.asynchttpclient.netty.request.NettyRequestSender - Using pooled Channel '[id: 0xe2458fda, L:/127.0.0.1:56492 - R:localhost/127.0.0.1:44337]' for 'POST' to 'http://localhost:44337/session/e66592ae6358f7f0d393909f22180203/execute/sync'
15:22:13.539 [Forwarding isElementDisplayed on session e66592ae6358f7f0d393909f22180203 to remote] DEBUG org.asynchttpclient.netty.request.NettyRequestSender - Using open Channel [id: 0xe2458fda, L:/127.0.0.1:56492 - R:localhost/127.0.0.1:44337] for POST '/session/e66592ae6358f7f0d393909f22180203/execute/sync'
15:22:13.548 [AsyncHttpClient-1-2] DEBUG org.asynchttpclient.netty.handler.HttpHandler - 

Request DefaultHttpRequest(decodeResult: success, version: HTTP/1.1)
POST /session/e66592ae6358f7f0d393909f22180203/execute/sync HTTP/1.1
User-Agent: selenium/4.6.0 (java windows)
Content-Length: 48788
Content-Type: application/json; charset=utf-8
host: localhost:44337
accept: */*

Response DefaultHttpResponse(decodeResult: success, version: HTTP/1.1)
HTTP/1.1 200 OK
Content-Type: application/json; charset=utf-8
cache-control: no-cache
content-length: 14

15:22:13.549 [AsyncHttpClient-1-2] DEBUG org.asynchttpclient.netty.channel.ChannelManager - Adding key: http://localhost:44337 for channel [id: 0xe2458fda, L:/127.0.0.1:56492 - R:localhost/127.0.0.1:44337]
15:22:13.561 [Forwarding findElement on session e66592ae6358f7f0d393909f22180203 to remote] DEBUG org.asynchttpclient.netty.request.NettyRequestSender - Using pooled Channel '[id: 0xe2458fda, L:/127.0.0.1:56492 - R:localhost/127.0.0.1:44337]' for 'POST' to 'http://localhost:44337/session/e66592ae6358f7f0d393909f22180203/element'
15:22:13.561 [Forwarding findElement on session e66592ae6358f7f0d393909f22180203 to remote] DEBUG org.asynchttpclient.netty.request.NettyRequestSender - Using open Channel [id: 0xe2458fda, L:/127.0.0.1:56492 - R:localhost/127.0.0.1:44337] for POST '/session/e66592ae6358f7f0d393909f22180203/element'
15:22:13.568 [AsyncHttpClient-1-2] DEBUG org.asynchttpclient.netty.handler.HttpHandler - 

Request DefaultHttpRequest(decodeResult: success, version: HTTP/1.1)
POST /session/e66592ae6358f7f0d393909f22180203/element HTTP/1.1
User-Agent: selenium/4.6.0 (java windows)
Content-Length: 79
Content-Type: application/json; charset=utf-8
host: localhost:44337
accept: */*

Response DefaultHttpResponse(decodeResult: success, version: HTTP/1.1)
HTTP/1.1 200 OK
Content-Type: application/json; charset=utf-8
cache-control: no-cache
content-length: 96

15:22:13.568 [AsyncHttpClient-1-2] DEBUG org.asynchttpclient.netty.channel.ChannelManager - Adding key: http://localhost:44337 for channel [id: 0xe2458fda, L:/127.0.0.1:56492 - R:localhost/127.0.0.1:44337]
15:22:13.570 [Forwarding clickElement on session e66592ae6358f7f0d393909f22180203 to remote] DEBUG org.asynchttpclient.netty.request.NettyRequestSender - Using pooled Channel '[id: 0xe2458fda, L:/127.0.0.1:56492 - R:localhost/127.0.0.1:44337]' for 'POST' to 'http://localhost:44337/session/e66592ae6358f7f0d393909f22180203/element/B253EC30DA28496BC407F8A75844A722_element_220/click'
15:22:13.570 [Forwarding clickElement on session e66592ae6358f7f0d393909f22180203 to remote] DEBUG org.asynchttpclient.netty.request.NettyRequestSender - Using open Channel [id: 0xe2458fda, L:/127.0.0.1:56492 - R:localhost/127.0.0.1:44337] for POST '/session/e66592ae6358f7f0d393909f22180203/element/B253EC30DA28496BC407F8A75844A722_element_220/click'
15:22:13.950 [AsyncHttpClient-1-1] DEBUG org.asynchttpclient.netty.channel.DefaultChannelPool - Entry count for : http://localhost:56493 : 1
15:22:14.270 [AsyncHttpClient-1-2] DEBUG org.asynchttpclient.netty.handler.HttpHandler - 

Request DefaultHttpRequest(decodeResult: success, version: HTTP/1.1)
POST /session/e66592ae6358f7f0d393909f22180203/element/B253EC30DA28496BC407F8A75844A722_element_220/click HTTP/1.1
User-Agent: selenium/4.6.0 (java windows)
Content-Length: 58
Content-Type: application/json; charset=utf-8
host: localhost:44337
accept: */*

Response DefaultHttpResponse(decodeResult: success, version: HTTP/1.1)
HTTP/1.1 200 OK
Content-Type: application/json; charset=utf-8
cache-control: no-cache
content-length: 14

15:22:14.270 [AsyncHttpClient-1-2] DEBUG org.asynchttpclient.netty.channel.ChannelManager - Adding key: http://localhost:44337 for channel [id: 0xe2458fda, L:/127.0.0.1:56492 - R:localhost/127.0.0.1:44337]
15:22:14.302 [Forwarding getCurrentWindowHandle on session e66592ae6358f7f0d393909f22180203 to remote] DEBUG org.asynchttpclient.netty.request.NettyRequestSender - Using pooled Channel '[id: 0xe2458fda, L:/127.0.0.1:56492 - R:localhost/127.0.0.1:44337]' for 'GET' to 'http://localhost:44337/session/e66592ae6358f7f0d393909f22180203/window'
15:22:14.302 [Forwarding getCurrentWindowHandle on session e66592ae6358f7f0d393909f22180203 to remote] DEBUG org.asynchttpclient.netty.request.NettyRequestSender - Using open Channel [id: 0xe2458fda, L:/127.0.0.1:56492 - R:localhost/127.0.0.1:44337] for GET '/session/e66592ae6358f7f0d393909f22180203/window'
15:22:14.302 [AsyncHttpClient-1-2] DEBUG org.asynchttpclient.netty.handler.HttpHandler - 

Request DefaultFullHttpRequest(decodeResult: success, version: HTTP/1.1, content: EmptyByteBufBE)
GET /session/e66592ae6358f7f0d393909f22180203/window HTTP/1.1
User-Agent: selenium/4.6.0 (java windows)
Cache-Control: no-cache
Content-Type: application/json; charset=utf-8
host: localhost:44337
accept: */*

Response DefaultHttpResponse(decodeResult: success, version: HTTP/1.1)
HTTP/1.1 200 OK
Content-Type: application/json; charset=utf-8
cache-control: no-cache
content-length: 44

15:22:14.303 [AsyncHttpClient-1-2] DEBUG org.asynchttpclient.netty.channel.ChannelManager - Adding key: http://localhost:44337 for channel [id: 0xe2458fda, L:/127.0.0.1:56492 - R:localhost/127.0.0.1:44337]
15:22:14.312 [Forwarding getAlertText on session e66592ae6358f7f0d393909f22180203 to remote] DEBUG org.asynchttpclient.netty.request.NettyRequestSender - Using pooled Channel '[id: 0xe2458fda, L:/127.0.0.1:56492 - R:localhost/127.0.0.1:44337]' for 'GET' to 'http://localhost:44337/session/e66592ae6358f7f0d393909f22180203/alert/text'
15:22:14.312 [Forwarding getAlertText on session e66592ae6358f7f0d393909f22180203 to remote] DEBUG org.asynchttpclient.netty.request.NettyRequestSender - Using open Channel [id: 0xe2458fda, L:/127.0.0.1:56492 - R:localhost/127.0.0.1:44337] for GET '/session/e66592ae6358f7f0d393909f22180203/alert/text'
15:22:14.313 [AsyncHttpClient-1-2] DEBUG org.asynchttpclient.netty.handler.HttpHandler - 

Request DefaultFullHttpRequest(decodeResult: success, version: HTTP/1.1, content: EmptyByteBufBE)
GET /session/e66592ae6358f7f0d393909f22180203/alert/text HTTP/1.1
User-Agent: selenium/4.6.0 (java windows)
Cache-Control: no-cache
Content-Type: application/json; charset=utf-8
host: localhost:44337
accept: */*

Response DefaultHttpResponse(decodeResult: success, version: HTTP/1.1)
HTTP/1.1 404 Not Found
Content-Type: application/json; charset=utf-8
cache-control: no-cache
content-length: 848

15:22:14.313 [AsyncHttpClient-1-2] DEBUG org.asynchttpclient.netty.channel.ChannelManager - Adding key: http://localhost:44337 for channel [id: 0xe2458fda, L:/127.0.0.1:56492 - R:localhost/127.0.0.1:44337]
15:22:14.320 [Forwarding switchToWindow on session e66592ae6358f7f0d393909f22180203 to remote] DEBUG org.asynchttpclient.netty.request.NettyRequestSender - Using pooled Channel '[id: 0xe2458fda, L:/127.0.0.1:56492 - R:localhost/127.0.0.1:44337]' for 'POST' to 'http://localhost:44337/session/e66592ae6358f7f0d393909f22180203/window'
15:22:14.320 [Forwarding switchToWindow on session e66592ae6358f7f0d393909f22180203 to remote] DEBUG org.asynchttpclient.netty.request.NettyRequestSender - Using open Channel [id: 0xe2458fda, L:/127.0.0.1:56492 - R:localhost/127.0.0.1:44337] for POST '/session/e66592ae6358f7f0d393909f22180203/window'
15:22:14.322 [AsyncHttpClient-1-2] DEBUG org.asynchttpclient.netty.handler.HttpHandler - 

Request DefaultHttpRequest(decodeResult: success, version: HTTP/1.1)
POST /session/e66592ae6358f7f0d393909f22180203/window HTTP/1.1
User-Agent: selenium/4.6.0 (java windows)
Content-Length: 50
Content-Type: application/json; charset=utf-8
host: localhost:44337
accept: */*

Response DefaultHttpResponse(decodeResult: success, version: HTTP/1.1)
HTTP/1.1 200 OK
Content-Type: application/json; charset=utf-8
cache-control: no-cache
content-length: 14

15:22:14.322 [AsyncHttpClient-1-2] DEBUG org.asynchttpclient.netty.channel.ChannelManager - Adding key: http://localhost:44337 for channel [id: 0xe2458fda, L:/127.0.0.1:56492 - R:localhost/127.0.0.1:44337]
15:22:14.322 [Forwarding getCurrentUrl on session e66592ae6358f7f0d393909f22180203 to remote] DEBUG org.asynchttpclient.netty.request.NettyRequestSender - Using pooled Channel '[id: 0xe2458fda, L:/127.0.0.1:56492 - R:localhost/127.0.0.1:44337]' for 'GET' to 'http://localhost:44337/session/e66592ae6358f7f0d393909f22180203/url'
15:22:14.323 [Forwarding getCurrentUrl on session e66592ae6358f7f0d393909f22180203 to remote] DEBUG org.asynchttpclient.netty.request.NettyRequestSender - Using open Channel [id: 0xe2458fda, L:/127.0.0.1:56492 - R:localhost/127.0.0.1:44337] for GET '/session/e66592ae6358f7f0d393909f22180203/url'
15:22:14.326 [AsyncHttpClient-1-2] DEBUG org.asynchttpclient.netty.handler.HttpHandler - 

Request DefaultFullHttpRequest(decodeResult: success, version: HTTP/1.1, content: EmptyByteBufBE)
GET /session/e66592ae6358f7f0d393909f22180203/url HTTP/1.1
User-Agent: selenium/4.6.0 (java windows)
Cache-Control: no-cache
Content-Type: application/json; charset=utf-8
host: localhost:44337
accept: */*

Response DefaultHttpResponse(decodeResult: success, version: HTTP/1.1)
HTTP/1.1 200 OK
Content-Type: application/json; charset=utf-8
cache-control: no-cache
content-length: 54

15:22:14.326 [AsyncHttpClient-1-2] DEBUG org.asynchttpclient.netty.channel.ChannelManager - Adding key: http://localhost:44337 for channel [id: 0xe2458fda, L:/127.0.0.1:56492 - R:localhost/127.0.0.1:44337]
15:22:14.327 [Forwarding screenshot on session e66592ae6358f7f0d393909f22180203 to remote] DEBUG org.asynchttpclient.netty.request.NettyRequestSender - Using pooled Channel '[id: 0xe2458fda, L:/127.0.0.1:56492 - R:localhost/127.0.0.1:44337]' for 'GET' to 'http://localhost:44337/session/e66592ae6358f7f0d393909f22180203/screenshot'
15:22:14.327 [Forwarding screenshot on session e66592ae6358f7f0d393909f22180203 to remote] DEBUG org.asynchttpclient.netty.request.NettyRequestSender - Using open Channel [id: 0xe2458fda, L:/127.0.0.1:56492 - R:localhost/127.0.0.1:44337] for GET '/session/e66592ae6358f7f0d393909f22180203/screenshot'
15:22:14.511 [AsyncHttpClient-1-2] DEBUG org.asynchttpclient.netty.handler.HttpHandler - 

Request DefaultFullHttpRequest(decodeResult: success, version: HTTP/1.1, content: EmptyByteBufBE)
GET /session/e66592ae6358f7f0d393909f22180203/screenshot HTTP/1.1
User-Agent: selenium/4.6.0 (java windows)
Cache-Control: no-cache
Content-Type: application/json; charset=utf-8
host: localhost:44337
accept: */*

Response DefaultHttpResponse(decodeResult: success, version: HTTP/1.1)
HTTP/1.1 200 OK
Content-Type: application/json; charset=utf-8
cache-control: no-cache
content-length: 314812

15:22:14.512 [AsyncHttpClient-1-2] DEBUG org.asynchttpclient.netty.channel.ChannelManager - Adding key: http://localhost:44337 for channel [id: 0xe2458fda, L:/127.0.0.1:56492 - R:localhost/127.0.0.1:44337]
15:22:14.518 [Test worker] DEBUG net.serenitybdd.core.photography.Darkroom - Send negative for processing for C:\Users\Usuario\Documents\retoAutomatizacion\e2e\RetoDemoBlaze\target\site\serenity\80b404781ee21193b7fdc64575ca1efaab3040ec8d623a63083c4d258ab344c3.png
15:22:14.519 [Test worker] DEBUG net.thucydides.core.steps.StepInterceptor - STEP DONE: {0} clicks on #target
15:22:14.537 [Forwarding getPageSource on session e66592ae6358f7f0d393909f22180203 to remote] DEBUG org.asynchttpclient.netty.request.NettyRequestSender - Using pooled Channel '[id: 0xe2458fda, L:/127.0.0.1:56492 - R:localhost/127.0.0.1:44337]' for 'POST' to 'http://localhost:44337/session/e66592ae6358f7f0d393909f22180203/execute/sync'
15:22:14.537 [Forwarding getPageSource on session e66592ae6358f7f0d393909f22180203 to remote] DEBUG org.asynchttpclient.netty.request.NettyRequestSender - Using open Channel [id: 0xe2458fda, L:/127.0.0.1:56492 - R:localhost/127.0.0.1:44337] for POST '/session/e66592ae6358f7f0d393909f22180203/execute/sync'
15:22:14.548 [AsyncHttpClient-1-2] DEBUG org.asynchttpclient.netty.handler.HttpHandler - 

Request DefaultHttpRequest(decodeResult: success, version: HTTP/1.1)
POST /session/e66592ae6358f7f0d393909f22180203/execute/sync HTTP/1.1
User-Agent: selenium/4.6.0 (java windows)
Content-Length: 176
Content-Type: application/json; charset=utf-8
host: localhost:44337
accept: */*

Response DefaultHttpResponse(decodeResult: success, version: HTTP/1.1)
HTTP/1.1 200 OK
Content-Type: application/json; charset=utf-8
cache-control: no-cache
content-length: 53683

15:22:14.548 [AsyncHttpClient-1-2] DEBUG org.asynchttpclient.netty.channel.ChannelManager - Adding key: http://localhost:44337 for channel [id: 0xe2458fda, L:/127.0.0.1:56492 - R:localhost/127.0.0.1:44337]
15:22:14.552 [Forwarding getCurrentUrl on session e66592ae6358f7f0d393909f22180203 to remote] DEBUG org.asynchttpclient.netty.request.NettyRequestSender - Using pooled Channel '[id: 0xe2458fda, L:/127.0.0.1:56492 - R:localhost/127.0.0.1:44337]' for 'GET' to 'http://localhost:44337/session/e66592ae6358f7f0d393909f22180203/url'
15:22:14.552 [Forwarding getCurrentUrl on session e66592ae6358f7f0d393909f22180203 to remote] DEBUG org.asynchttpclient.netty.request.NettyRequestSender - Using open Channel [id: 0xe2458fda, L:/127.0.0.1:56492 - R:localhost/127.0.0.1:44337] for GET '/session/e66592ae6358f7f0d393909f22180203/url'
15:22:14.555 [AsyncHttpClient-1-2] DEBUG org.asynchttpclient.netty.handler.HttpHandler - 

Request DefaultFullHttpRequest(decodeResult: success, version: HTTP/1.1, content: EmptyByteBufBE)
GET /session/e66592ae6358f7f0d393909f22180203/url HTTP/1.1
User-Agent: selenium/4.6.0 (java windows)
Cache-Control: no-cache
Content-Type: application/json; charset=utf-8
host: localhost:44337
accept: */*

Response DefaultHttpResponse(decodeResult: success, version: HTTP/1.1)
HTTP/1.1 200 OK
Content-Type: application/json; charset=utf-8
cache-control: no-cache
content-length: 54

15:22:14.555 [AsyncHttpClient-1-2] DEBUG org.asynchttpclient.netty.channel.ChannelManager - Adding key: http://localhost:44337 for channel [id: 0xe2458fda, L:/127.0.0.1:56492 - R:localhost/127.0.0.1:44337]
15:22:14.557 [Test worker] DEBUG net.thucydides.core.steps.StepInterceptor - STARTING STEP: PickItem.performAs - performAs
15:22:15.041 [AsyncHttpClient-1-1] DEBUG org.asynchttpclient.netty.channel.DefaultChannelPool - Entry count for : http://localhost:56493 : 1
15:22:15.041 [AsyncHttpClient-1-1] DEBUG org.asynchttpclient.netty.channel.DefaultChannelPool - Entry count for : http://localhost:44337 : 1
15:22:16.141 [AsyncHttpClient-1-1] DEBUG org.asynchttpclient.netty.channel.DefaultChannelPool - Entry count for : http://localhost:56493 : 1
15:22:16.141 [AsyncHttpClient-1-1] DEBUG org.asynchttpclient.netty.channel.DefaultChannelPool - Entry count for : http://localhost:44337 : 1
15:22:17.247 [AsyncHttpClient-1-1] DEBUG org.asynchttpclient.netty.channel.DefaultChannelPool - Entry count for : http://localhost:56493 : 1
15:22:17.248 [AsyncHttpClient-1-1] DEBUG org.asynchttpclient.netty.channel.DefaultChannelPool - Entry count for : http://localhost:44337 : 1
15:22:17.580 [Forwarding getCurrentWindowHandle on session e66592ae6358f7f0d393909f22180203 to remote] DEBUG org.asynchttpclient.netty.request.NettyRequestSender - Using pooled Channel '[id: 0xe2458fda, L:/127.0.0.1:56492 - R:localhost/127.0.0.1:44337]' for 'GET' to 'http://localhost:44337/session/e66592ae6358f7f0d393909f22180203/window'
15:22:17.580 [Forwarding getCurrentWindowHandle on session e66592ae6358f7f0d393909f22180203 to remote] DEBUG org.asynchttpclient.netty.request.NettyRequestSender - Using open Channel [id: 0xe2458fda, L:/127.0.0.1:56492 - R:localhost/127.0.0.1:44337] for GET '/session/e66592ae6358f7f0d393909f22180203/window'
15:22:17.581 [AsyncHttpClient-1-2] DEBUG org.asynchttpclient.netty.handler.HttpHandler - 

Request DefaultFullHttpRequest(decodeResult: success, version: HTTP/1.1, content: EmptyByteBufBE)
GET /session/e66592ae6358f7f0d393909f22180203/window HTTP/1.1
User-Agent: selenium/4.6.0 (java windows)
Cache-Control: no-cache
Content-Type: application/json; charset=utf-8
host: localhost:44337
accept: */*

Response DefaultHttpResponse(decodeResult: success, version: HTTP/1.1)
HTTP/1.1 200 OK
Content-Type: application/json; charset=utf-8
cache-control: no-cache
content-length: 44

15:22:17.581 [AsyncHttpClient-1-2] DEBUG org.asynchttpclient.netty.channel.ChannelManager - Adding key: http://localhost:44337 for channel [id: 0xe2458fda, L:/127.0.0.1:56492 - R:localhost/127.0.0.1:44337]
15:22:17.587 [Forwarding getAlertText on session e66592ae6358f7f0d393909f22180203 to remote] DEBUG org.asynchttpclient.netty.request.NettyRequestSender - Using pooled Channel '[id: 0xe2458fda, L:/127.0.0.1:56492 - R:localhost/127.0.0.1:44337]' for 'GET' to 'http://localhost:44337/session/e66592ae6358f7f0d393909f22180203/alert/text'
15:22:17.587 [Forwarding getAlertText on session e66592ae6358f7f0d393909f22180203 to remote] DEBUG org.asynchttpclient.netty.request.NettyRequestSender - Using open Channel [id: 0xe2458fda, L:/127.0.0.1:56492 - R:localhost/127.0.0.1:44337] for GET '/session/e66592ae6358f7f0d393909f22180203/alert/text'
15:22:17.589 [AsyncHttpClient-1-2] DEBUG org.asynchttpclient.netty.handler.HttpHandler - 

Request DefaultFullHttpRequest(decodeResult: success, version: HTTP/1.1, content: EmptyByteBufBE)
GET /session/e66592ae6358f7f0d393909f22180203/alert/text HTTP/1.1
User-Agent: selenium/4.6.0 (java windows)
Cache-Control: no-cache
Content-Type: application/json; charset=utf-8
host: localhost:44337
accept: */*

Response DefaultHttpResponse(decodeResult: success, version: HTTP/1.1)
HTTP/1.1 404 Not Found
Content-Type: application/json; charset=utf-8
cache-control: no-cache
content-length: 848

15:22:17.589 [AsyncHttpClient-1-2] DEBUG org.asynchttpclient.netty.channel.ChannelManager - Adding key: http://localhost:44337 for channel [id: 0xe2458fda, L:/127.0.0.1:56492 - R:localhost/127.0.0.1:44337]
15:22:17.595 [Forwarding switchToWindow on session e66592ae6358f7f0d393909f22180203 to remote] DEBUG org.asynchttpclient.netty.request.NettyRequestSender - Using pooled Channel '[id: 0xe2458fda, L:/127.0.0.1:56492 - R:localhost/127.0.0.1:44337]' for 'POST' to 'http://localhost:44337/session/e66592ae6358f7f0d393909f22180203/window'
15:22:17.595 [Forwarding switchToWindow on session e66592ae6358f7f0d393909f22180203 to remote] DEBUG org.asynchttpclient.netty.request.NettyRequestSender - Using open Channel [id: 0xe2458fda, L:/127.0.0.1:56492 - R:localhost/127.0.0.1:44337] for POST '/session/e66592ae6358f7f0d393909f22180203/window'
15:22:17.597 [AsyncHttpClient-1-2] DEBUG org.asynchttpclient.netty.handler.HttpHandler - 

Request DefaultHttpRequest(decodeResult: success, version: HTTP/1.1)
POST /session/e66592ae6358f7f0d393909f22180203/window HTTP/1.1
User-Agent: selenium/4.6.0 (java windows)
Content-Length: 50
Content-Type: application/json; charset=utf-8
host: localhost:44337
accept: */*

Response DefaultHttpResponse(decodeResult: success, version: HTTP/1.1)
HTTP/1.1 200 OK
Content-Type: application/json; charset=utf-8
cache-control: no-cache
content-length: 14

15:22:17.597 [AsyncHttpClient-1-2] DEBUG org.asynchttpclient.netty.channel.ChannelManager - Adding key: http://localhost:44337 for channel [id: 0xe2458fda, L:/127.0.0.1:56492 - R:localhost/127.0.0.1:44337]
15:22:17.598 [Forwarding getCurrentUrl on session e66592ae6358f7f0d393909f22180203 to remote] DEBUG org.asynchttpclient.netty.request.NettyRequestSender - Using pooled Channel '[id: 0xe2458fda, L:/127.0.0.1:56492 - R:localhost/127.0.0.1:44337]' for 'GET' to 'http://localhost:44337/session/e66592ae6358f7f0d393909f22180203/url'
15:22:17.598 [Forwarding getCurrentUrl on session e66592ae6358f7f0d393909f22180203 to remote] DEBUG org.asynchttpclient.netty.request.NettyRequestSender - Using open Channel [id: 0xe2458fda, L:/127.0.0.1:56492 - R:localhost/127.0.0.1:44337] for GET '/session/e66592ae6358f7f0d393909f22180203/url'
15:22:17.602 [AsyncHttpClient-1-2] DEBUG org.asynchttpclient.netty.handler.HttpHandler - 

Request DefaultFullHttpRequest(decodeResult: success, version: HTTP/1.1, content: EmptyByteBufBE)
GET /session/e66592ae6358f7f0d393909f22180203/url HTTP/1.1
User-Agent: selenium/4.6.0 (java windows)
Cache-Control: no-cache
Content-Type: application/json; charset=utf-8
host: localhost:44337
accept: */*

Response DefaultHttpResponse(decodeResult: success, version: HTTP/1.1)
HTTP/1.1 200 OK
Content-Type: application/json; charset=utf-8
cache-control: no-cache
content-length: 54

15:22:17.602 [AsyncHttpClient-1-2] DEBUG org.asynchttpclient.netty.channel.ChannelManager - Adding key: http://localhost:44337 for channel [id: 0xe2458fda, L:/127.0.0.1:56492 - R:localhost/127.0.0.1:44337]
15:22:17.603 [Forwarding screenshot on session e66592ae6358f7f0d393909f22180203 to remote] DEBUG org.asynchttpclient.netty.request.NettyRequestSender - Using pooled Channel '[id: 0xe2458fda, L:/127.0.0.1:56492 - R:localhost/127.0.0.1:44337]' for 'GET' to 'http://localhost:44337/session/e66592ae6358f7f0d393909f22180203/screenshot'
15:22:17.603 [Forwarding screenshot on session e66592ae6358f7f0d393909f22180203 to remote] DEBUG org.asynchttpclient.netty.request.NettyRequestSender - Using open Channel [id: 0xe2458fda, L:/127.0.0.1:56492 - R:localhost/127.0.0.1:44337] for GET '/session/e66592ae6358f7f0d393909f22180203/screenshot'
15:22:17.782 [AsyncHttpClient-1-2] DEBUG org.asynchttpclient.netty.handler.HttpHandler - 

Request DefaultFullHttpRequest(decodeResult: success, version: HTTP/1.1, content: EmptyByteBufBE)
GET /session/e66592ae6358f7f0d393909f22180203/screenshot HTTP/1.1
User-Agent: selenium/4.6.0 (java windows)
Cache-Control: no-cache
Content-Type: application/json; charset=utf-8
host: localhost:44337
accept: */*

Response DefaultHttpResponse(decodeResult: success, version: HTTP/1.1)
HTTP/1.1 200 OK
Content-Type: application/json; charset=utf-8
cache-control: no-cache
content-length: 505892

15:22:17.783 [AsyncHttpClient-1-2] DEBUG org.asynchttpclient.netty.channel.ChannelManager - Adding key: http://localhost:44337 for channel [id: 0xe2458fda, L:/127.0.0.1:56492 - R:localhost/127.0.0.1:44337]
15:22:17.794 [Test worker] DEBUG net.serenitybdd.core.photography.Darkroom - Send negative for processing for C:\Users\Usuario\Documents\retoAutomatizacion\e2e\RetoDemoBlaze\target\site\serenity\88c751200bb50ff5935fdb6a6b783c2b99725c85bdcc6b747ee891aeac9df9c1.png
15:22:17.794 [Test worker] DEBUG net.thucydides.core.steps.StepInterceptor - STEP DONE: performAs
15:22:17.794 [Darkroom Processing Line] DEBUG net.serenitybdd.core.photography.DarkroomProcessingLine - Processing screenshot image in /var/screenshots/screenshot-1211896885812488244
15:22:17.794 [Darkroom Processing Line] DEBUG net.serenitybdd.core.photography.DarkroomProcessingLine - Saving screenshot to C:\Users\Usuario\Documents\retoAutomatizacion\e2e\RetoDemoBlaze\target\site\serenity\88c751200bb50ff5935fdb6a6b783c2b99725c85bdcc6b747ee891aeac9df9c1.png
15:22:17.806 [Test worker] DEBUG net.serenitybdd.screenplay.targets.IFrameSwitcher - default content already selected for Phones
15:22:17.813 [Forwarding findElements on session e66592ae6358f7f0d393909f22180203 to remote] DEBUG org.asynchttpclient.netty.request.NettyRequestSender - Using pooled Channel '[id: 0xe2458fda, L:/127.0.0.1:56492 - R:localhost/127.0.0.1:44337]' for 'POST' to 'http://localhost:44337/session/e66592ae6358f7f0d393909f22180203/elements'
15:22:17.813 [Forwarding findElements on session e66592ae6358f7f0d393909f22180203 to remote] DEBUG org.asynchttpclient.netty.request.NettyRequestSender - Using open Channel [id: 0xe2458fda, L:/127.0.0.1:56492 - R:localhost/127.0.0.1:44337] for POST '/session/e66592ae6358f7f0d393909f22180203/elements'
15:22:17.821 [AsyncHttpClient-1-2] DEBUG org.asynchttpclient.netty.handler.HttpHandler - 

Request DefaultHttpRequest(decodeResult: success, version: HTTP/1.1)
POST /session/e66592ae6358f7f0d393909f22180203/elements HTTP/1.1
User-Agent: selenium/4.6.0 (java windows)
Content-Length: 72
Content-Type: application/json; charset=utf-8
host: localhost:44337
accept: */*

Response DefaultHttpResponse(decodeResult: success, version: HTTP/1.1)
HTTP/1.1 200 OK
Content-Type: application/json; charset=utf-8
cache-control: no-cache
content-length: 98

15:22:17.822 [AsyncHttpClient-1-2] DEBUG org.asynchttpclient.netty.channel.ChannelManager - Adding key: http://localhost:44337 for channel [id: 0xe2458fda, L:/127.0.0.1:56492 - R:localhost/127.0.0.1:44337]
15:22:17.834 [Forwarding isElementDisplayed on session e66592ae6358f7f0d393909f22180203 to remote] DEBUG org.asynchttpclient.netty.request.NettyRequestSender - Using pooled Channel '[id: 0xe2458fda, L:/127.0.0.1:56492 - R:localhost/127.0.0.1:44337]' for 'POST' to 'http://localhost:44337/session/e66592ae6358f7f0d393909f22180203/execute/sync'
15:22:17.835 [Forwarding isElementDisplayed on session e66592ae6358f7f0d393909f22180203 to remote] DEBUG org.asynchttpclient.netty.request.NettyRequestSender - Using open Channel [id: 0xe2458fda, L:/127.0.0.1:56492 - R:localhost/127.0.0.1:44337] for POST '/session/e66592ae6358f7f0d393909f22180203/execute/sync'
15:22:17.844 [AsyncHttpClient-1-2] DEBUG org.asynchttpclient.netty.handler.HttpHandler - 

Request DefaultHttpRequest(decodeResult: success, version: HTTP/1.1)
POST /session/e66592ae6358f7f0d393909f22180203/execute/sync HTTP/1.1
User-Agent: selenium/4.6.0 (java windows)
Content-Length: 48788
Content-Type: application/json; charset=utf-8
host: localhost:44337
accept: */*

Response DefaultHttpResponse(decodeResult: success, version: HTTP/1.1)
HTTP/1.1 200 OK
Content-Type: application/json; charset=utf-8
cache-control: no-cache
content-length: 14

15:22:17.844 [AsyncHttpClient-1-2] DEBUG org.asynchttpclient.netty.channel.ChannelManager - Adding key: http://localhost:44337 for channel [id: 0xe2458fda, L:/127.0.0.1:56492 - R:localhost/127.0.0.1:44337]
15:22:17.848 [Forwarding isElementDisplayed on session e66592ae6358f7f0d393909f22180203 to remote] DEBUG org.asynchttpclient.netty.request.NettyRequestSender - Using pooled Channel '[id: 0xe2458fda, L:/127.0.0.1:56492 - R:localhost/127.0.0.1:44337]' for 'POST' to 'http://localhost:44337/session/e66592ae6358f7f0d393909f22180203/execute/sync'
15:22:17.848 [Forwarding isElementDisplayed on session e66592ae6358f7f0d393909f22180203 to remote] DEBUG org.asynchttpclient.netty.request.NettyRequestSender - Using open Channel [id: 0xe2458fda, L:/127.0.0.1:56492 - R:localhost/127.0.0.1:44337] for POST '/session/e66592ae6358f7f0d393909f22180203/execute/sync'
15:22:17.853 [AsyncHttpClient-1-2] DEBUG org.asynchttpclient.netty.handler.HttpHandler - 

Request DefaultHttpRequest(decodeResult: success, version: HTTP/1.1)
POST /session/e66592ae6358f7f0d393909f22180203/execute/sync HTTP/1.1
User-Agent: selenium/4.6.0 (java windows)
Content-Length: 48788
Content-Type: application/json; charset=utf-8
host: localhost:44337
accept: */*

Response DefaultHttpResponse(decodeResult: success, version: HTTP/1.1)
HTTP/1.1 200 OK
Content-Type: application/json; charset=utf-8
cache-control: no-cache
content-length: 14

15:22:17.854 [AsyncHttpClient-1-2] DEBUG org.asynchttpclient.netty.channel.ChannelManager - Adding key: http://localhost:44337 for channel [id: 0xe2458fda, L:/127.0.0.1:56492 - R:localhost/127.0.0.1:44337]
15:22:17.878 [Forwarding getCurrentWindowHandle on session e66592ae6358f7f0d393909f22180203 to remote] DEBUG org.asynchttpclient.netty.request.NettyRequestSender - Using pooled Channel '[id: 0xe2458fda, L:/127.0.0.1:56492 - R:localhost/127.0.0.1:44337]' for 'GET' to 'http://localhost:44337/session/e66592ae6358f7f0d393909f22180203/window'
15:22:17.878 [Forwarding getCurrentWindowHandle on session e66592ae6358f7f0d393909f22180203 to remote] DEBUG org.asynchttpclient.netty.request.NettyRequestSender - Using open Channel [id: 0xe2458fda, L:/127.0.0.1:56492 - R:localhost/127.0.0.1:44337] for GET '/session/e66592ae6358f7f0d393909f22180203/window'
15:22:17.879 [AsyncHttpClient-1-2] DEBUG org.asynchttpclient.netty.handler.HttpHandler - 

Request DefaultFullHttpRequest(decodeResult: success, version: HTTP/1.1, content: EmptyByteBufBE)
GET /session/e66592ae6358f7f0d393909f22180203/window HTTP/1.1
User-Agent: selenium/4.6.0 (java windows)
Cache-Control: no-cache
Content-Type: application/json; charset=utf-8
host: localhost:44337
accept: */*

Response DefaultHttpResponse(decodeResult: success, version: HTTP/1.1)
HTTP/1.1 200 OK
Content-Type: application/json; charset=utf-8
cache-control: no-cache
content-length: 44

15:22:17.879 [AsyncHttpClient-1-2] DEBUG org.asynchttpclient.netty.channel.ChannelManager - Adding key: http://localhost:44337 for channel [id: 0xe2458fda, L:/127.0.0.1:56492 - R:localhost/127.0.0.1:44337]
15:22:17.886 [Forwarding getAlertText on session e66592ae6358f7f0d393909f22180203 to remote] DEBUG org.asynchttpclient.netty.request.NettyRequestSender - Using pooled Channel '[id: 0xe2458fda, L:/127.0.0.1:56492 - R:localhost/127.0.0.1:44337]' for 'GET' to 'http://localhost:44337/session/e66592ae6358f7f0d393909f22180203/alert/text'
15:22:17.886 [Forwarding getAlertText on session e66592ae6358f7f0d393909f22180203 to remote] DEBUG org.asynchttpclient.netty.request.NettyRequestSender - Using open Channel [id: 0xe2458fda, L:/127.0.0.1:56492 - R:localhost/127.0.0.1:44337] for GET '/session/e66592ae6358f7f0d393909f22180203/alert/text'
15:22:17.888 [AsyncHttpClient-1-2] DEBUG org.asynchttpclient.netty.handler.HttpHandler - 

Request DefaultFullHttpRequest(decodeResult: success, version: HTTP/1.1, content: EmptyByteBufBE)
GET /session/e66592ae6358f7f0d393909f22180203/alert/text HTTP/1.1
User-Agent: selenium/4.6.0 (java windows)
Cache-Control: no-cache
Content-Type: application/json; charset=utf-8
host: localhost:44337
accept: */*

Response DefaultHttpResponse(decodeResult: success, version: HTTP/1.1)
HTTP/1.1 404 Not Found
Content-Type: application/json; charset=utf-8
cache-control: no-cache
content-length: 848

15:22:17.888 [AsyncHttpClient-1-2] DEBUG org.asynchttpclient.netty.channel.ChannelManager - Adding key: http://localhost:44337 for channel [id: 0xe2458fda, L:/127.0.0.1:56492 - R:localhost/127.0.0.1:44337]
15:22:17.898 [Forwarding switchToWindow on session e66592ae6358f7f0d393909f22180203 to remote] DEBUG org.asynchttpclient.netty.request.NettyRequestSender - Using pooled Channel '[id: 0xe2458fda, L:/127.0.0.1:56492 - R:localhost/127.0.0.1:44337]' for 'POST' to 'http://localhost:44337/session/e66592ae6358f7f0d393909f22180203/window'
15:22:17.898 [Forwarding switchToWindow on session e66592ae6358f7f0d393909f22180203 to remote] DEBUG org.asynchttpclient.netty.request.NettyRequestSender - Using open Channel [id: 0xe2458fda, L:/127.0.0.1:56492 - R:localhost/127.0.0.1:44337] for POST '/session/e66592ae6358f7f0d393909f22180203/window'
15:22:17.900 [AsyncHttpClient-1-2] DEBUG org.asynchttpclient.netty.handler.HttpHandler - 

Request DefaultHttpRequest(decodeResult: success, version: HTTP/1.1)
POST /session/e66592ae6358f7f0d393909f22180203/window HTTP/1.1
User-Agent: selenium/4.6.0 (java windows)
Content-Length: 50
Content-Type: application/json; charset=utf-8
host: localhost:44337
accept: */*

Response DefaultHttpResponse(decodeResult: success, version: HTTP/1.1)
HTTP/1.1 200 OK
Content-Type: application/json; charset=utf-8
cache-control: no-cache
content-length: 14

15:22:17.900 [AsyncHttpClient-1-2] DEBUG org.asynchttpclient.netty.channel.ChannelManager - Adding key: http://localhost:44337 for channel [id: 0xe2458fda, L:/127.0.0.1:56492 - R:localhost/127.0.0.1:44337]
15:22:17.901 [Forwarding getCurrentUrl on session e66592ae6358f7f0d393909f22180203 to remote] DEBUG org.asynchttpclient.netty.request.NettyRequestSender - Using pooled Channel '[id: 0xe2458fda, L:/127.0.0.1:56492 - R:localhost/127.0.0.1:44337]' for 'GET' to 'http://localhost:44337/session/e66592ae6358f7f0d393909f22180203/url'
15:22:17.901 [Forwarding getCurrentUrl on session e66592ae6358f7f0d393909f22180203 to remote] DEBUG org.asynchttpclient.netty.request.NettyRequestSender - Using open Channel [id: 0xe2458fda, L:/127.0.0.1:56492 - R:localhost/127.0.0.1:44337] for GET '/session/e66592ae6358f7f0d393909f22180203/url'
15:22:17.906 [AsyncHttpClient-1-2] DEBUG org.asynchttpclient.netty.handler.HttpHandler - 

Request DefaultFullHttpRequest(decodeResult: success, version: HTTP/1.1, content: EmptyByteBufBE)
GET /session/e66592ae6358f7f0d393909f22180203/url HTTP/1.1
User-Agent: selenium/4.6.0 (java windows)
Cache-Control: no-cache
Content-Type: application/json; charset=utf-8
host: localhost:44337
accept: */*

Response DefaultHttpResponse(decodeResult: success, version: HTTP/1.1)
HTTP/1.1 200 OK
Content-Type: application/json; charset=utf-8
cache-control: no-cache
content-length: 54

15:22:17.907 [AsyncHttpClient-1-2] DEBUG org.asynchttpclient.netty.channel.ChannelManager - Adding key: http://localhost:44337 for channel [id: 0xe2458fda, L:/127.0.0.1:56492 - R:localhost/127.0.0.1:44337]
15:22:17.908 [Forwarding screenshot on session e66592ae6358f7f0d393909f22180203 to remote] DEBUG org.asynchttpclient.netty.request.NettyRequestSender - Using pooled Channel '[id: 0xe2458fda, L:/127.0.0.1:56492 - R:localhost/127.0.0.1:44337]' for 'GET' to 'http://localhost:44337/session/e66592ae6358f7f0d393909f22180203/screenshot'
15:22:17.908 [Forwarding screenshot on session e66592ae6358f7f0d393909f22180203 to remote] DEBUG org.asynchttpclient.netty.request.NettyRequestSender - Using open Channel [id: 0xe2458fda, L:/127.0.0.1:56492 - R:localhost/127.0.0.1:44337] for GET '/session/e66592ae6358f7f0d393909f22180203/screenshot'
15:22:18.105 [AsyncHttpClient-1-2] DEBUG org.asynchttpclient.netty.handler.HttpHandler - 

Request DefaultFullHttpRequest(decodeResult: success, version: HTTP/1.1, content: EmptyByteBufBE)
GET /session/e66592ae6358f7f0d393909f22180203/screenshot HTTP/1.1
User-Agent: selenium/4.6.0 (java windows)
Cache-Control: no-cache
Content-Type: application/json; charset=utf-8
host: localhost:44337
accept: */*

Response DefaultHttpResponse(decodeResult: success, version: HTTP/1.1)
HTTP/1.1 200 OK
Content-Type: application/json; charset=utf-8
cache-control: no-cache
content-length: 505892

15:22:18.106 [AsyncHttpClient-1-2] DEBUG org.asynchttpclient.netty.channel.ChannelManager - Adding key: http://localhost:44337 for channel [id: 0xe2458fda, L:/127.0.0.1:56492 - R:localhost/127.0.0.1:44337]
15:22:18.114 [Test worker] DEBUG net.serenitybdd.core.photography.Darkroom - Send negative for processing for C:\Users\Usuario\Documents\retoAutomatizacion\e2e\RetoDemoBlaze\target\site\serenity\88c751200bb50ff5935fdb6a6b783c2b99725c85bdcc6b747ee891aeac9df9c1.png
15:22:18.121 [Forwarding getPageSource on session e66592ae6358f7f0d393909f22180203 to remote] DEBUG org.asynchttpclient.netty.request.NettyRequestSender - Using pooled Channel '[id: 0xe2458fda, L:/127.0.0.1:56492 - R:localhost/127.0.0.1:44337]' for 'POST' to 'http://localhost:44337/session/e66592ae6358f7f0d393909f22180203/execute/sync'
15:22:18.121 [Forwarding getPageSource on session e66592ae6358f7f0d393909f22180203 to remote] DEBUG org.asynchttpclient.netty.request.NettyRequestSender - Using open Channel [id: 0xe2458fda, L:/127.0.0.1:56492 - R:localhost/127.0.0.1:44337] for POST '/session/e66592ae6358f7f0d393909f22180203/execute/sync'
15:22:18.130 [AsyncHttpClient-1-2] DEBUG org.asynchttpclient.netty.handler.HttpHandler - 

Request DefaultHttpRequest(decodeResult: success, version: HTTP/1.1)
POST /session/e66592ae6358f7f0d393909f22180203/execute/sync HTTP/1.1
User-Agent: selenium/4.6.0 (java windows)
Content-Length: 176
Content-Type: application/json; charset=utf-8
host: localhost:44337
accept: */*

Response DefaultHttpResponse(decodeResult: success, version: HTTP/1.1)
HTTP/1.1 200 OK
Content-Type: application/json; charset=utf-8
cache-control: no-cache
content-length: 54778

15:22:18.131 [AsyncHttpClient-1-2] DEBUG org.asynchttpclient.netty.channel.ChannelManager - Adding key: http://localhost:44337 for channel [id: 0xe2458fda, L:/127.0.0.1:56492 - R:localhost/127.0.0.1:44337]
15:22:18.135 [Forwarding getCurrentUrl on session e66592ae6358f7f0d393909f22180203 to remote] DEBUG org.asynchttpclient.netty.request.NettyRequestSender - Using pooled Channel '[id: 0xe2458fda, L:/127.0.0.1:56492 - R:localhost/127.0.0.1:44337]' for 'GET' to 'http://localhost:44337/session/e66592ae6358f7f0d393909f22180203/url'
15:22:18.135 [Forwarding getCurrentUrl on session e66592ae6358f7f0d393909f22180203 to remote] DEBUG org.asynchttpclient.netty.request.NettyRequestSender - Using open Channel [id: 0xe2458fda, L:/127.0.0.1:56492 - R:localhost/127.0.0.1:44337] for GET '/session/e66592ae6358f7f0d393909f22180203/url'
15:22:18.139 [AsyncHttpClient-1-2] DEBUG org.asynchttpclient.netty.handler.HttpHandler - 

Request DefaultFullHttpRequest(decodeResult: success, version: HTTP/1.1, content: EmptyByteBufBE)
GET /session/e66592ae6358f7f0d393909f22180203/url HTTP/1.1
User-Agent: selenium/4.6.0 (java windows)
Cache-Control: no-cache
Content-Type: application/json; charset=utf-8
host: localhost:44337
accept: */*

Response DefaultHttpResponse(decodeResult: success, version: HTTP/1.1)
HTTP/1.1 200 OK
Content-Type: application/json; charset=utf-8
cache-control: no-cache
content-length: 54

15:22:18.139 [AsyncHttpClient-1-2] DEBUG org.asynchttpclient.netty.channel.ChannelManager - Adding key: http://localhost:44337 for channel [id: 0xe2458fda, L:/127.0.0.1:56492 - R:localhost/127.0.0.1:44337]
15:22:18.141 [Test worker] DEBUG net.thucydides.core.steps.StepInterceptor - STARTING STEP: PickItem.performAs - {0} clicks on #target
15:22:18.141 [Test worker] DEBUG net.serenitybdd.screenplay.targets.IFrameSwitcher - default content already selected for Phones
15:22:18.184 [Forwarding findElement on session e66592ae6358f7f0d393909f22180203 to remote] DEBUG org.asynchttpclient.netty.request.NettyRequestSender - Using pooled Channel '[id: 0xe2458fda, L:/127.0.0.1:56492 - R:localhost/127.0.0.1:44337]' for 'POST' to 'http://localhost:44337/session/e66592ae6358f7f0d393909f22180203/element'
15:22:18.184 [Forwarding findElement on session e66592ae6358f7f0d393909f22180203 to remote] DEBUG org.asynchttpclient.netty.request.NettyRequestSender - Using open Channel [id: 0xe2458fda, L:/127.0.0.1:56492 - R:localhost/127.0.0.1:44337] for POST '/session/e66592ae6358f7f0d393909f22180203/element'
15:22:18.193 [AsyncHttpClient-1-2] DEBUG org.asynchttpclient.netty.handler.HttpHandler - 

Request DefaultHttpRequest(decodeResult: success, version: HTTP/1.1)
POST /session/e66592ae6358f7f0d393909f22180203/element HTTP/1.1
User-Agent: selenium/4.6.0 (java windows)
Content-Length: 72
Content-Type: application/json; charset=utf-8
host: localhost:44337
accept: */*

Response DefaultHttpResponse(decodeResult: success, version: HTTP/1.1)
HTTP/1.1 200 OK
Content-Type: application/json; charset=utf-8
cache-control: no-cache
content-length: 96

15:22:18.193 [AsyncHttpClient-1-2] DEBUG org.asynchttpclient.netty.channel.ChannelManager - Adding key: http://localhost:44337 for channel [id: 0xe2458fda, L:/127.0.0.1:56492 - R:localhost/127.0.0.1:44337]
15:22:18.201 [Forwarding isElementDisplayed on session e66592ae6358f7f0d393909f22180203 to remote] DEBUG org.asynchttpclient.netty.request.NettyRequestSender - Using pooled Channel '[id: 0xe2458fda, L:/127.0.0.1:56492 - R:localhost/127.0.0.1:44337]' for 'POST' to 'http://localhost:44337/session/e66592ae6358f7f0d393909f22180203/execute/sync'
15:22:18.201 [Forwarding isElementDisplayed on session e66592ae6358f7f0d393909f22180203 to remote] DEBUG org.asynchttpclient.netty.request.NettyRequestSender - Using open Channel [id: 0xe2458fda, L:/127.0.0.1:56492 - R:localhost/127.0.0.1:44337] for POST '/session/e66592ae6358f7f0d393909f22180203/execute/sync'
15:22:18.210 [AsyncHttpClient-1-2] DEBUG org.asynchttpclient.netty.handler.HttpHandler - 

Request DefaultHttpRequest(decodeResult: success, version: HTTP/1.1)
POST /session/e66592ae6358f7f0d393909f22180203/execute/sync HTTP/1.1
User-Agent: selenium/4.6.0 (java windows)
Content-Length: 48788
Content-Type: application/json; charset=utf-8
host: localhost:44337
accept: */*

Response DefaultHttpResponse(decodeResult: success, version: HTTP/1.1)
HTTP/1.1 200 OK
Content-Type: application/json; charset=utf-8
cache-control: no-cache
content-length: 14

15:22:18.210 [AsyncHttpClient-1-2] DEBUG org.asynchttpclient.netty.channel.ChannelManager - Adding key: http://localhost:44337 for channel [id: 0xe2458fda, L:/127.0.0.1:56492 - R:localhost/127.0.0.1:44337]
15:22:18.223 [Forwarding findElement on session e66592ae6358f7f0d393909f22180203 to remote] DEBUG org.asynchttpclient.netty.request.NettyRequestSender - Using pooled Channel '[id: 0xe2458fda, L:/127.0.0.1:56492 - R:localhost/127.0.0.1:44337]' for 'POST' to 'http://localhost:44337/session/e66592ae6358f7f0d393909f22180203/element'
15:22:18.223 [Forwarding findElement on session e66592ae6358f7f0d393909f22180203 to remote] DEBUG org.asynchttpclient.netty.request.NettyRequestSender - Using open Channel [id: 0xe2458fda, L:/127.0.0.1:56492 - R:localhost/127.0.0.1:44337] for POST '/session/e66592ae6358f7f0d393909f22180203/element'
15:22:18.231 [AsyncHttpClient-1-2] DEBUG org.asynchttpclient.netty.handler.HttpHandler - 

Request DefaultHttpRequest(decodeResult: success, version: HTTP/1.1)
POST /session/e66592ae6358f7f0d393909f22180203/element HTTP/1.1
User-Agent: selenium/4.6.0 (java windows)
Content-Length: 72
Content-Type: application/json; charset=utf-8
host: localhost:44337
accept: */*

Response DefaultHttpResponse(decodeResult: success, version: HTTP/1.1)
HTTP/1.1 200 OK
Content-Type: application/json; charset=utf-8
cache-control: no-cache
content-length: 96

15:22:18.231 [AsyncHttpClient-1-2] DEBUG org.asynchttpclient.netty.channel.ChannelManager - Adding key: http://localhost:44337 for channel [id: 0xe2458fda, L:/127.0.0.1:56492 - R:localhost/127.0.0.1:44337]
15:22:18.232 [Forwarding clickElement on session e66592ae6358f7f0d393909f22180203 to remote] DEBUG org.asynchttpclient.netty.request.NettyRequestSender - Using pooled Channel '[id: 0xe2458fda, L:/127.0.0.1:56492 - R:localhost/127.0.0.1:44337]' for 'POST' to 'http://localhost:44337/session/e66592ae6358f7f0d393909f22180203/element/D179BA6887BB21CD1F6D6101A33F5A88_element_248/click'
15:22:18.232 [Forwarding clickElement on session e66592ae6358f7f0d393909f22180203 to remote] DEBUG org.asynchttpclient.netty.request.NettyRequestSender - Using open Channel [id: 0xe2458fda, L:/127.0.0.1:56492 - R:localhost/127.0.0.1:44337] for POST '/session/e66592ae6358f7f0d393909f22180203/element/D179BA6887BB21CD1F6D6101A33F5A88_element_248/click'
15:22:18.266 [AsyncHttpClient-1-2] DEBUG org.asynchttpclient.netty.handler.HttpHandler - 

Request DefaultHttpRequest(decodeResult: success, version: HTTP/1.1)
POST /session/e66592ae6358f7f0d393909f22180203/element/D179BA6887BB21CD1F6D6101A33F5A88_element_248/click HTTP/1.1
User-Agent: selenium/4.6.0 (java windows)
Content-Length: 58
Content-Type: application/json; charset=utf-8
host: localhost:44337
accept: */*

Response DefaultHttpResponse(decodeResult: success, version: HTTP/1.1)
HTTP/1.1 200 OK
Content-Type: application/json; charset=utf-8
cache-control: no-cache
content-length: 14

15:22:18.266 [AsyncHttpClient-1-2] DEBUG org.asynchttpclient.netty.channel.ChannelManager - Adding key: http://localhost:44337 for channel [id: 0xe2458fda, L:/127.0.0.1:56492 - R:localhost/127.0.0.1:44337]
15:22:18.302 [Forwarding getCurrentWindowHandle on session e66592ae6358f7f0d393909f22180203 to remote] DEBUG org.asynchttpclient.netty.request.NettyRequestSender - Using pooled Channel '[id: 0xe2458fda, L:/127.0.0.1:56492 - R:localhost/127.0.0.1:44337]' for 'GET' to 'http://localhost:44337/session/e66592ae6358f7f0d393909f22180203/window'
15:22:18.303 [Forwarding getCurrentWindowHandle on session e66592ae6358f7f0d393909f22180203 to remote] DEBUG org.asynchttpclient.netty.request.NettyRequestSender - Using open Channel [id: 0xe2458fda, L:/127.0.0.1:56492 - R:localhost/127.0.0.1:44337] for GET '/session/e66592ae6358f7f0d393909f22180203/window'
15:22:18.303 [AsyncHttpClient-1-2] DEBUG org.asynchttpclient.netty.handler.HttpHandler - 

Request DefaultFullHttpRequest(decodeResult: success, version: HTTP/1.1, content: EmptyByteBufBE)
GET /session/e66592ae6358f7f0d393909f22180203/window HTTP/1.1
User-Agent: selenium/4.6.0 (java windows)
Cache-Control: no-cache
Content-Type: application/json; charset=utf-8
host: localhost:44337
accept: */*

Response DefaultHttpResponse(decodeResult: success, version: HTTP/1.1)
HTTP/1.1 200 OK
Content-Type: application/json; charset=utf-8
cache-control: no-cache
content-length: 44

15:22:18.304 [AsyncHttpClient-1-2] DEBUG org.asynchttpclient.netty.channel.ChannelManager - Adding key: http://localhost:44337 for channel [id: 0xe2458fda, L:/127.0.0.1:56492 - R:localhost/127.0.0.1:44337]
15:22:18.311 [Forwarding getAlertText on session e66592ae6358f7f0d393909f22180203 to remote] DEBUG org.asynchttpclient.netty.request.NettyRequestSender - Using pooled Channel '[id: 0xe2458fda, L:/127.0.0.1:56492 - R:localhost/127.0.0.1:44337]' for 'GET' to 'http://localhost:44337/session/e66592ae6358f7f0d393909f22180203/alert/text'
15:22:18.311 [Forwarding getAlertText on session e66592ae6358f7f0d393909f22180203 to remote] DEBUG org.asynchttpclient.netty.request.NettyRequestSender - Using open Channel [id: 0xe2458fda, L:/127.0.0.1:56492 - R:localhost/127.0.0.1:44337] for GET '/session/e66592ae6358f7f0d393909f22180203/alert/text'
15:22:18.312 [AsyncHttpClient-1-2] DEBUG org.asynchttpclient.netty.handler.HttpHandler - 

Request DefaultFullHttpRequest(decodeResult: success, version: HTTP/1.1, content: EmptyByteBufBE)
GET /session/e66592ae6358f7f0d393909f22180203/alert/text HTTP/1.1
User-Agent: selenium/4.6.0 (java windows)
Cache-Control: no-cache
Content-Type: application/json; charset=utf-8
host: localhost:44337
accept: */*

Response DefaultHttpResponse(decodeResult: success, version: HTTP/1.1)
HTTP/1.1 404 Not Found
Content-Type: application/json; charset=utf-8
cache-control: no-cache
content-length: 848

15:22:18.312 [AsyncHttpClient-1-2] DEBUG org.asynchttpclient.netty.channel.ChannelManager - Adding key: http://localhost:44337 for channel [id: 0xe2458fda, L:/127.0.0.1:56492 - R:localhost/127.0.0.1:44337]
15:22:18.320 [Forwarding switchToWindow on session e66592ae6358f7f0d393909f22180203 to remote] DEBUG org.asynchttpclient.netty.request.NettyRequestSender - Using pooled Channel '[id: 0xe2458fda, L:/127.0.0.1:56492 - R:localhost/127.0.0.1:44337]' for 'POST' to 'http://localhost:44337/session/e66592ae6358f7f0d393909f22180203/window'
15:22:18.320 [Forwarding switchToWindow on session e66592ae6358f7f0d393909f22180203 to remote] DEBUG org.asynchttpclient.netty.request.NettyRequestSender - Using open Channel [id: 0xe2458fda, L:/127.0.0.1:56492 - R:localhost/127.0.0.1:44337] for POST '/session/e66592ae6358f7f0d393909f22180203/window'
15:22:18.321 [AsyncHttpClient-1-2] DEBUG org.asynchttpclient.netty.handler.HttpHandler - 

Request DefaultHttpRequest(decodeResult: success, version: HTTP/1.1)
POST /session/e66592ae6358f7f0d393909f22180203/window HTTP/1.1
User-Agent: selenium/4.6.0 (java windows)
Content-Length: 50
Content-Type: application/json; charset=utf-8
host: localhost:44337
accept: */*

Response DefaultHttpResponse(decodeResult: success, version: HTTP/1.1)
HTTP/1.1 200 OK
Content-Type: application/json; charset=utf-8
cache-control: no-cache
content-length: 14

15:22:18.322 [AsyncHttpClient-1-2] DEBUG org.asynchttpclient.netty.channel.ChannelManager - Adding key: http://localhost:44337 for channel [id: 0xe2458fda, L:/127.0.0.1:56492 - R:localhost/127.0.0.1:44337]
15:22:18.322 [Forwarding getCurrentUrl on session e66592ae6358f7f0d393909f22180203 to remote] DEBUG org.asynchttpclient.netty.request.NettyRequestSender - Using pooled Channel '[id: 0xe2458fda, L:/127.0.0.1:56492 - R:localhost/127.0.0.1:44337]' for 'GET' to 'http://localhost:44337/session/e66592ae6358f7f0d393909f22180203/url'
15:22:18.322 [Forwarding getCurrentUrl on session e66592ae6358f7f0d393909f22180203 to remote] DEBUG org.asynchttpclient.netty.request.NettyRequestSender - Using open Channel [id: 0xe2458fda, L:/127.0.0.1:56492 - R:localhost/127.0.0.1:44337] for GET '/session/e66592ae6358f7f0d393909f22180203/url'
15:22:18.325 [AsyncHttpClient-1-2] DEBUG org.asynchttpclient.netty.handler.HttpHandler - 

Request DefaultFullHttpRequest(decodeResult: success, version: HTTP/1.1, content: EmptyByteBufBE)
GET /session/e66592ae6358f7f0d393909f22180203/url HTTP/1.1
User-Agent: selenium/4.6.0 (java windows)
Cache-Control: no-cache
Content-Type: application/json; charset=utf-8
host: localhost:44337
accept: */*

Response DefaultHttpResponse(decodeResult: success, version: HTTP/1.1)
HTTP/1.1 200 OK
Content-Type: application/json; charset=utf-8
cache-control: no-cache
content-length: 55

15:22:18.325 [AsyncHttpClient-1-2] DEBUG org.asynchttpclient.netty.channel.ChannelManager - Adding key: http://localhost:44337 for channel [id: 0xe2458fda, L:/127.0.0.1:56492 - R:localhost/127.0.0.1:44337]
15:22:18.326 [Forwarding screenshot on session e66592ae6358f7f0d393909f22180203 to remote] DEBUG org.asynchttpclient.netty.request.NettyRequestSender - Using pooled Channel '[id: 0xe2458fda, L:/127.0.0.1:56492 - R:localhost/127.0.0.1:44337]' for 'GET' to 'http://localhost:44337/session/e66592ae6358f7f0d393909f22180203/screenshot'
15:22:18.326 [Forwarding screenshot on session e66592ae6358f7f0d393909f22180203 to remote] DEBUG org.asynchttpclient.netty.request.NettyRequestSender - Using open Channel [id: 0xe2458fda, L:/127.0.0.1:56492 - R:localhost/127.0.0.1:44337] for GET '/session/e66592ae6358f7f0d393909f22180203/screenshot'
15:22:18.342 [AsyncHttpClient-1-1] DEBUG org.asynchttpclient.netty.channel.DefaultChannelPool - Entry count for : http://localhost:56493 : 1
15:22:18.547 [AsyncHttpClient-1-2] DEBUG org.asynchttpclient.netty.handler.HttpHandler - 

Request DefaultFullHttpRequest(decodeResult: success, version: HTTP/1.1, content: EmptyByteBufBE)
GET /session/e66592ae6358f7f0d393909f22180203/screenshot HTTP/1.1
User-Agent: selenium/4.6.0 (java windows)
Cache-Control: no-cache
Content-Type: application/json; charset=utf-8
host: localhost:44337
accept: */*

Response DefaultHttpResponse(decodeResult: success, version: HTTP/1.1)
HTTP/1.1 200 OK
Content-Type: application/json; charset=utf-8
cache-control: no-cache
content-length: 506068

15:22:18.548 [AsyncHttpClient-1-2] DEBUG org.asynchttpclient.netty.channel.ChannelManager - Adding key: http://localhost:44337 for channel [id: 0xe2458fda, L:/127.0.0.1:56492 - R:localhost/127.0.0.1:44337]
15:22:18.554 [Test worker] DEBUG net.serenitybdd.core.photography.Darkroom - Send negative for processing for C:\Users\Usuario\Documents\retoAutomatizacion\e2e\RetoDemoBlaze\target\site\serenity\090a39d15ad2da37ef01c48e6adabe24fa7c6514ca6ad551470847fb093b1550.png
15:22:18.555 [Darkroom Processing Line] DEBUG net.serenitybdd.core.photography.DarkroomProcessingLine - Processing screenshot image in /var/screenshots/screenshot-904525261446805103
15:22:18.555 [Darkroom Processing Line] DEBUG net.serenitybdd.core.photography.DarkroomProcessingLine - Saving screenshot to C:\Users\Usuario\Documents\retoAutomatizacion\e2e\RetoDemoBlaze\target\site\serenity\090a39d15ad2da37ef01c48e6adabe24fa7c6514ca6ad551470847fb093b1550.png
15:22:18.555 [Test worker] DEBUG net.thucydides.core.steps.StepInterceptor - STEP DONE: {0} clicks on #target
15:22:18.568 [Forwarding getPageSource on session e66592ae6358f7f0d393909f22180203 to remote] DEBUG org.asynchttpclient.netty.request.NettyRequestSender - Using pooled Channel '[id: 0xe2458fda, L:/127.0.0.1:56492 - R:localhost/127.0.0.1:44337]' for 'POST' to 'http://localhost:44337/session/e66592ae6358f7f0d393909f22180203/execute/sync'
15:22:18.568 [Forwarding getPageSource on session e66592ae6358f7f0d393909f22180203 to remote] DEBUG org.asynchttpclient.netty.request.NettyRequestSender - Using open Channel [id: 0xe2458fda, L:/127.0.0.1:56492 - R:localhost/127.0.0.1:44337] for POST '/session/e66592ae6358f7f0d393909f22180203/execute/sync'
15:22:18.577 [AsyncHttpClient-1-2] DEBUG org.asynchttpclient.netty.handler.HttpHandler - 

Request DefaultHttpRequest(decodeResult: success, version: HTTP/1.1)
POST /session/e66592ae6358f7f0d393909f22180203/execute/sync HTTP/1.1
User-Agent: selenium/4.6.0 (java windows)
Content-Length: 176
Content-Type: application/json; charset=utf-8
host: localhost:44337
accept: */*

Response DefaultHttpResponse(decodeResult: success, version: HTTP/1.1)
HTTP/1.1 200 OK
Content-Type: application/json; charset=utf-8
cache-control: no-cache
content-length: 54778

15:22:18.577 [AsyncHttpClient-1-2] DEBUG org.asynchttpclient.netty.channel.ChannelManager - Adding key: http://localhost:44337 for channel [id: 0xe2458fda, L:/127.0.0.1:56492 - R:localhost/127.0.0.1:44337]
15:22:18.581 [Forwarding getCurrentUrl on session e66592ae6358f7f0d393909f22180203 to remote] DEBUG org.asynchttpclient.netty.request.NettyRequestSender - Using pooled Channel '[id: 0xe2458fda, L:/127.0.0.1:56492 - R:localhost/127.0.0.1:44337]' for 'GET' to 'http://localhost:44337/session/e66592ae6358f7f0d393909f22180203/url'
15:22:18.581 [Forwarding getCurrentUrl on session e66592ae6358f7f0d393909f22180203 to remote] DEBUG org.asynchttpclient.netty.request.NettyRequestSender - Using open Channel [id: 0xe2458fda, L:/127.0.0.1:56492 - R:localhost/127.0.0.1:44337] for GET '/session/e66592ae6358f7f0d393909f22180203/url'
15:22:18.584 [AsyncHttpClient-1-2] DEBUG org.asynchttpclient.netty.handler.HttpHandler - 

Request DefaultFullHttpRequest(decodeResult: success, version: HTTP/1.1, content: EmptyByteBufBE)
GET /session/e66592ae6358f7f0d393909f22180203/url HTTP/1.1
User-Agent: selenium/4.6.0 (java windows)
Cache-Control: no-cache
Content-Type: application/json; charset=utf-8
host: localhost:44337
accept: */*

Response DefaultHttpResponse(decodeResult: success, version: HTTP/1.1)
HTTP/1.1 200 OK
Content-Type: application/json; charset=utf-8
cache-control: no-cache
content-length: 55

15:22:18.584 [AsyncHttpClient-1-2] DEBUG org.asynchttpclient.netty.channel.ChannelManager - Adding key: http://localhost:44337 for channel [id: 0xe2458fda, L:/127.0.0.1:56492 - R:localhost/127.0.0.1:44337]
15:22:18.586 [Test worker] DEBUG net.thucydides.core.steps.StepInterceptor - STARTING STEP: PickItem.performAs - performAs
15:22:19.443 [AsyncHttpClient-1-1] DEBUG org.asynchttpclient.netty.channel.DefaultChannelPool - Entry count for : http://localhost:56493 : 1
15:22:19.443 [AsyncHttpClient-1-1] DEBUG org.asynchttpclient.netty.channel.DefaultChannelPool - Entry count for : http://localhost:44337 : 1
15:22:20.546 [AsyncHttpClient-1-1] DEBUG org.asynchttpclient.netty.channel.DefaultChannelPool - Entry count for : http://localhost:56493 : 1
15:22:20.546 [AsyncHttpClient-1-1] DEBUG org.asynchttpclient.netty.channel.DefaultChannelPool - Entry count for : http://localhost:44337 : 1
15:22:21.610 [Forwarding getCurrentWindowHandle on session e66592ae6358f7f0d393909f22180203 to remote] DEBUG org.asynchttpclient.netty.request.NettyRequestSender - Using pooled Channel '[id: 0xe2458fda, L:/127.0.0.1:56492 - R:localhost/127.0.0.1:44337]' for 'GET' to 'http://localhost:44337/session/e66592ae6358f7f0d393909f22180203/window'
15:22:21.610 [Forwarding getCurrentWindowHandle on session e66592ae6358f7f0d393909f22180203 to remote] DEBUG org.asynchttpclient.netty.request.NettyRequestSender - Using open Channel [id: 0xe2458fda, L:/127.0.0.1:56492 - R:localhost/127.0.0.1:44337] for GET '/session/e66592ae6358f7f0d393909f22180203/window'
15:22:21.611 [AsyncHttpClient-1-2] DEBUG org.asynchttpclient.netty.handler.HttpHandler - 

Request DefaultFullHttpRequest(decodeResult: success, version: HTTP/1.1, content: EmptyByteBufBE)
GET /session/e66592ae6358f7f0d393909f22180203/window HTTP/1.1
User-Agent: selenium/4.6.0 (java windows)
Cache-Control: no-cache
Content-Type: application/json; charset=utf-8
host: localhost:44337
accept: */*

Response DefaultHttpResponse(decodeResult: success, version: HTTP/1.1)
HTTP/1.1 200 OK
Content-Type: application/json; charset=utf-8
cache-control: no-cache
content-length: 44

15:22:21.611 [AsyncHttpClient-1-2] DEBUG org.asynchttpclient.netty.channel.ChannelManager - Adding key: http://localhost:44337 for channel [id: 0xe2458fda, L:/127.0.0.1:56492 - R:localhost/127.0.0.1:44337]
15:22:21.617 [Forwarding getAlertText on session e66592ae6358f7f0d393909f22180203 to remote] DEBUG org.asynchttpclient.netty.request.NettyRequestSender - Using pooled Channel '[id: 0xe2458fda, L:/127.0.0.1:56492 - R:localhost/127.0.0.1:44337]' for 'GET' to 'http://localhost:44337/session/e66592ae6358f7f0d393909f22180203/alert/text'
15:22:21.617 [Forwarding getAlertText on session e66592ae6358f7f0d393909f22180203 to remote] DEBUG org.asynchttpclient.netty.request.NettyRequestSender - Using open Channel [id: 0xe2458fda, L:/127.0.0.1:56492 - R:localhost/127.0.0.1:44337] for GET '/session/e66592ae6358f7f0d393909f22180203/alert/text'
15:22:21.618 [AsyncHttpClient-1-2] DEBUG org.asynchttpclient.netty.handler.HttpHandler - 

Request DefaultFullHttpRequest(decodeResult: success, version: HTTP/1.1, content: EmptyByteBufBE)
GET /session/e66592ae6358f7f0d393909f22180203/alert/text HTTP/1.1
User-Agent: selenium/4.6.0 (java windows)
Cache-Control: no-cache
Content-Type: application/json; charset=utf-8
host: localhost:44337
accept: */*

Response DefaultHttpResponse(decodeResult: success, version: HTTP/1.1)
HTTP/1.1 200 OK
Content-Type: application/json; charset=utf-8
cache-control: no-cache
content-length: 26

15:22:21.618 [AsyncHttpClient-1-2] DEBUG org.asynchttpclient.netty.channel.ChannelManager - Adding key: http://localhost:44337 for channel [id: 0xe2458fda, L:/127.0.0.1:56492 - R:localhost/127.0.0.1:44337]
15:22:21.618 [Forwarding getAlertText on session e66592ae6358f7f0d393909f22180203 to remote] DEBUG org.asynchttpclient.netty.request.NettyRequestSender - Using pooled Channel '[id: 0xe2458fda, L:/127.0.0.1:56492 - R:localhost/127.0.0.1:44337]' for 'GET' to 'http://localhost:44337/session/e66592ae6358f7f0d393909f22180203/alert/text'
15:22:21.618 [Forwarding getAlertText on session e66592ae6358f7f0d393909f22180203 to remote] DEBUG org.asynchttpclient.netty.request.NettyRequestSender - Using open Channel [id: 0xe2458fda, L:/127.0.0.1:56492 - R:localhost/127.0.0.1:44337] for GET '/session/e66592ae6358f7f0d393909f22180203/alert/text'
15:22:21.619 [AsyncHttpClient-1-2] DEBUG org.asynchttpclient.netty.handler.HttpHandler - 

Request DefaultFullHttpRequest(decodeResult: success, version: HTTP/1.1, content: EmptyByteBufBE)
GET /session/e66592ae6358f7f0d393909f22180203/alert/text HTTP/1.1
User-Agent: selenium/4.6.0 (java windows)
Cache-Control: no-cache
Content-Type: application/json; charset=utf-8
host: localhost:44337
accept: */*

Response DefaultHttpResponse(decodeResult: success, version: HTTP/1.1)
HTTP/1.1 200 OK
Content-Type: application/json; charset=utf-8
cache-control: no-cache
content-length: 26

15:22:21.619 [AsyncHttpClient-1-2] DEBUG org.asynchttpclient.netty.channel.ChannelManager - Adding key: http://localhost:44337 for channel [id: 0xe2458fda, L:/127.0.0.1:56492 - R:localhost/127.0.0.1:44337]
15:22:21.626 [Forwarding switchToWindow on session e66592ae6358f7f0d393909f22180203 to remote] DEBUG org.asynchttpclient.netty.request.NettyRequestSender - Using pooled Channel '[id: 0xe2458fda, L:/127.0.0.1:56492 - R:localhost/127.0.0.1:44337]' for 'POST' to 'http://localhost:44337/session/e66592ae6358f7f0d393909f22180203/window'
15:22:21.626 [Forwarding switchToWindow on session e66592ae6358f7f0d393909f22180203 to remote] DEBUG org.asynchttpclient.netty.request.NettyRequestSender - Using open Channel [id: 0xe2458fda, L:/127.0.0.1:56492 - R:localhost/127.0.0.1:44337] for POST '/session/e66592ae6358f7f0d393909f22180203/window'
15:22:21.628 [AsyncHttpClient-1-2] DEBUG org.asynchttpclient.netty.handler.HttpHandler - 

Request DefaultHttpRequest(decodeResult: success, version: HTTP/1.1)
POST /session/e66592ae6358f7f0d393909f22180203/window HTTP/1.1
User-Agent: selenium/4.6.0 (java windows)
Content-Length: 50
Content-Type: application/json; charset=utf-8
host: localhost:44337
accept: */*

Response DefaultHttpResponse(decodeResult: success, version: HTTP/1.1)
HTTP/1.1 200 OK
Content-Type: application/json; charset=utf-8
cache-control: no-cache
content-length: 14

15:22:21.628 [AsyncHttpClient-1-2] DEBUG org.asynchttpclient.netty.channel.ChannelManager - Adding key: http://localhost:44337 for channel [id: 0xe2458fda, L:/127.0.0.1:56492 - R:localhost/127.0.0.1:44337]
15:22:21.629 [Test worker] DEBUG net.thucydides.core.steps.StepInterceptor - STEP DONE: performAs
15:22:21.644 [Forwarding getAlertText on session e66592ae6358f7f0d393909f22180203 to remote] DEBUG org.asynchttpclient.netty.request.NettyRequestSender - Using pooled Channel '[id: 0xe2458fda, L:/127.0.0.1:56492 - R:localhost/127.0.0.1:44337]' for 'GET' to 'http://localhost:44337/session/e66592ae6358f7f0d393909f22180203/alert/text'
15:22:21.644 [Forwarding getAlertText on session e66592ae6358f7f0d393909f22180203 to remote] DEBUG org.asynchttpclient.netty.request.NettyRequestSender - Using open Channel [id: 0xe2458fda, L:/127.0.0.1:56492 - R:localhost/127.0.0.1:44337] for GET '/session/e66592ae6358f7f0d393909f22180203/alert/text'
15:22:21.645 [AsyncHttpClient-1-2] DEBUG org.asynchttpclient.netty.handler.HttpHandler - 

Request DefaultFullHttpRequest(decodeResult: success, version: HTTP/1.1, content: EmptyByteBufBE)
GET /session/e66592ae6358f7f0d393909f22180203/alert/text HTTP/1.1
User-Agent: selenium/4.6.0 (java windows)
Cache-Control: no-cache
Content-Type: application/json; charset=utf-8
host: localhost:44337
accept: */*

Response DefaultHttpResponse(decodeResult: success, version: HTTP/1.1)
HTTP/1.1 200 OK
Content-Type: application/json; charset=utf-8
cache-control: no-cache
content-length: 26

15:22:21.645 [AsyncHttpClient-1-2] DEBUG org.asynchttpclient.netty.channel.ChannelManager - Adding key: http://localhost:44337 for channel [id: 0xe2458fda, L:/127.0.0.1:56492 - R:localhost/127.0.0.1:44337]
15:22:21.645 [Forwarding acceptAlert on session e66592ae6358f7f0d393909f22180203 to remote] DEBUG org.asynchttpclient.netty.request.NettyRequestSender - Using pooled Channel '[id: 0xe2458fda, L:/127.0.0.1:56492 - R:localhost/127.0.0.1:44337]' for 'POST' to 'http://localhost:44337/session/e66592ae6358f7f0d393909f22180203/alert/accept'
15:22:21.645 [Forwarding acceptAlert on session e66592ae6358f7f0d393909f22180203 to remote] DEBUG org.asynchttpclient.netty.request.NettyRequestSender - Using open Channel [id: 0xe2458fda, L:/127.0.0.1:56492 - R:localhost/127.0.0.1:44337] for POST '/session/e66592ae6358f7f0d393909f22180203/alert/accept'
15:22:21.647 [AsyncHttpClient-1-2] DEBUG org.asynchttpclient.netty.handler.HttpHandler - 

Request DefaultHttpRequest(decodeResult: success, version: HTTP/1.1)
POST /session/e66592ae6358f7f0d393909f22180203/alert/accept HTTP/1.1
User-Agent: selenium/4.6.0 (java windows)
Content-Length: 3
Content-Type: application/json; charset=utf-8
host: localhost:44337
accept: */*

Response DefaultHttpResponse(decodeResult: success, version: HTTP/1.1)
HTTP/1.1 200 OK
Content-Type: application/json; charset=utf-8
cache-control: no-cache
content-length: 14

15:22:21.647 [AsyncHttpClient-1-2] DEBUG org.asynchttpclient.netty.channel.ChannelManager - Adding key: http://localhost:44337 for channel [id: 0xe2458fda, L:/127.0.0.1:56492 - R:localhost/127.0.0.1:44337]
15:22:21.659 [AsyncHttpClient-1-1] DEBUG org.asynchttpclient.netty.channel.DefaultChannelPool - Entry count for : http://localhost:56493 : 1
15:22:21.659 [AsyncHttpClient-1-1] DEBUG org.asynchttpclient.netty.channel.DefaultChannelPool - Entry count for : http://localhost:44337 : 1
15:22:21.678 [Test worker] DEBUG net.serenitybdd.screenplay.targets.IFrameSwitcher - default content already selected for Home
15:22:21.685 [Forwarding findElements on session e66592ae6358f7f0d393909f22180203 to remote] DEBUG org.asynchttpclient.netty.request.NettyRequestSender - Using pooled Channel '[id: 0xe2458fda, L:/127.0.0.1:56492 - R:localhost/127.0.0.1:44337]' for 'POST' to 'http://localhost:44337/session/e66592ae6358f7f0d393909f22180203/elements'
15:22:21.685 [Forwarding findElements on session e66592ae6358f7f0d393909f22180203 to remote] DEBUG org.asynchttpclient.netty.request.NettyRequestSender - Using open Channel [id: 0xe2458fda, L:/127.0.0.1:56492 - R:localhost/127.0.0.1:44337] for POST '/session/e66592ae6358f7f0d393909f22180203/elements'
15:22:21.694 [AsyncHttpClient-1-2] DEBUG org.asynchttpclient.netty.handler.HttpHandler - 

Request DefaultHttpRequest(decodeResult: success, version: HTTP/1.1)
POST /session/e66592ae6358f7f0d393909f22180203/elements HTTP/1.1
User-Agent: selenium/4.6.0 (java windows)
Content-Length: 66
Content-Type: application/json; charset=utf-8
host: localhost:44337
accept: */*

Response DefaultHttpResponse(decodeResult: success, version: HTTP/1.1)
HTTP/1.1 200 OK
Content-Type: application/json; charset=utf-8
cache-control: no-cache
content-length: 98

15:22:21.695 [AsyncHttpClient-1-2] DEBUG org.asynchttpclient.netty.channel.ChannelManager - Adding key: http://localhost:44337 for channel [id: 0xe2458fda, L:/127.0.0.1:56492 - R:localhost/127.0.0.1:44337]
15:22:21.709 [Forwarding isElementDisplayed on session e66592ae6358f7f0d393909f22180203 to remote] DEBUG org.asynchttpclient.netty.request.NettyRequestSender - Using pooled Channel '[id: 0xe2458fda, L:/127.0.0.1:56492 - R:localhost/127.0.0.1:44337]' for 'POST' to 'http://localhost:44337/session/e66592ae6358f7f0d393909f22180203/execute/sync'
15:22:21.709 [Forwarding isElementDisplayed on session e66592ae6358f7f0d393909f22180203 to remote] DEBUG org.asynchttpclient.netty.request.NettyRequestSender - Using open Channel [id: 0xe2458fda, L:/127.0.0.1:56492 - R:localhost/127.0.0.1:44337] for POST '/session/e66592ae6358f7f0d393909f22180203/execute/sync'
15:22:21.723 [AsyncHttpClient-1-2] DEBUG org.asynchttpclient.netty.handler.HttpHandler - 

Request DefaultHttpRequest(decodeResult: success, version: HTTP/1.1)
POST /session/e66592ae6358f7f0d393909f22180203/execute/sync HTTP/1.1
User-Agent: selenium/4.6.0 (java windows)
Content-Length: 48788
Content-Type: application/json; charset=utf-8
host: localhost:44337
accept: */*

Response DefaultHttpResponse(decodeResult: success, version: HTTP/1.1)
HTTP/1.1 200 OK
Content-Type: application/json; charset=utf-8
cache-control: no-cache
content-length: 14

15:22:21.723 [AsyncHttpClient-1-2] DEBUG org.asynchttpclient.netty.channel.ChannelManager - Adding key: http://localhost:44337 for channel [id: 0xe2458fda, L:/127.0.0.1:56492 - R:localhost/127.0.0.1:44337]
15:22:21.725 [Forwarding isElementDisplayed on session e66592ae6358f7f0d393909f22180203 to remote] DEBUG org.asynchttpclient.netty.request.NettyRequestSender - Using pooled Channel '[id: 0xe2458fda, L:/127.0.0.1:56492 - R:localhost/127.0.0.1:44337]' for 'POST' to 'http://localhost:44337/session/e66592ae6358f7f0d393909f22180203/execute/sync'
15:22:21.725 [Forwarding isElementDisplayed on session e66592ae6358f7f0d393909f22180203 to remote] DEBUG org.asynchttpclient.netty.request.NettyRequestSender - Using open Channel [id: 0xe2458fda, L:/127.0.0.1:56492 - R:localhost/127.0.0.1:44337] for POST '/session/e66592ae6358f7f0d393909f22180203/execute/sync'
15:22:21.733 [AsyncHttpClient-1-2] DEBUG org.asynchttpclient.netty.handler.HttpHandler - 

Request DefaultHttpRequest(decodeResult: success, version: HTTP/1.1)
POST /session/e66592ae6358f7f0d393909f22180203/execute/sync HTTP/1.1
User-Agent: selenium/4.6.0 (java windows)
Content-Length: 48788
Content-Type: application/json; charset=utf-8
host: localhost:44337
accept: */*

Response DefaultHttpResponse(decodeResult: success, version: HTTP/1.1)
HTTP/1.1 200 OK
Content-Type: application/json; charset=utf-8
cache-control: no-cache
content-length: 14

15:22:21.734 [AsyncHttpClient-1-2] DEBUG org.asynchttpclient.netty.channel.ChannelManager - Adding key: http://localhost:44337 for channel [id: 0xe2458fda, L:/127.0.0.1:56492 - R:localhost/127.0.0.1:44337]
15:22:21.766 [Forwarding getCurrentWindowHandle on session e66592ae6358f7f0d393909f22180203 to remote] DEBUG org.asynchttpclient.netty.request.NettyRequestSender - Using pooled Channel '[id: 0xe2458fda, L:/127.0.0.1:56492 - R:localhost/127.0.0.1:44337]' for 'GET' to 'http://localhost:44337/session/e66592ae6358f7f0d393909f22180203/window'
15:22:21.766 [Forwarding getCurrentWindowHandle on session e66592ae6358f7f0d393909f22180203 to remote] DEBUG org.asynchttpclient.netty.request.NettyRequestSender - Using open Channel [id: 0xe2458fda, L:/127.0.0.1:56492 - R:localhost/127.0.0.1:44337] for GET '/session/e66592ae6358f7f0d393909f22180203/window'
15:22:21.769 [AsyncHttpClient-1-2] DEBUG org.asynchttpclient.netty.handler.HttpHandler - 

Request DefaultFullHttpRequest(decodeResult: success, version: HTTP/1.1, content: EmptyByteBufBE)
GET /session/e66592ae6358f7f0d393909f22180203/window HTTP/1.1
User-Agent: selenium/4.6.0 (java windows)
Cache-Control: no-cache
Content-Type: application/json; charset=utf-8
host: localhost:44337
accept: */*

Response DefaultHttpResponse(decodeResult: success, version: HTTP/1.1)
HTTP/1.1 200 OK
Content-Type: application/json; charset=utf-8
cache-control: no-cache
content-length: 44

15:22:21.769 [AsyncHttpClient-1-2] DEBUG org.asynchttpclient.netty.channel.ChannelManager - Adding key: http://localhost:44337 for channel [id: 0xe2458fda, L:/127.0.0.1:56492 - R:localhost/127.0.0.1:44337]
15:22:21.778 [Forwarding getAlertText on session e66592ae6358f7f0d393909f22180203 to remote] DEBUG org.asynchttpclient.netty.request.NettyRequestSender - Using pooled Channel '[id: 0xe2458fda, L:/127.0.0.1:56492 - R:localhost/127.0.0.1:44337]' for 'GET' to 'http://localhost:44337/session/e66592ae6358f7f0d393909f22180203/alert/text'
15:22:21.779 [Forwarding getAlertText on session e66592ae6358f7f0d393909f22180203 to remote] DEBUG org.asynchttpclient.netty.request.NettyRequestSender - Using open Channel [id: 0xe2458fda, L:/127.0.0.1:56492 - R:localhost/127.0.0.1:44337] for GET '/session/e66592ae6358f7f0d393909f22180203/alert/text'
15:22:21.781 [AsyncHttpClient-1-2] DEBUG org.asynchttpclient.netty.handler.HttpHandler - 

Request DefaultFullHttpRequest(decodeResult: success, version: HTTP/1.1, content: EmptyByteBufBE)
GET /session/e66592ae6358f7f0d393909f22180203/alert/text HTTP/1.1
User-Agent: selenium/4.6.0 (java windows)
Cache-Control: no-cache
Content-Type: application/json; charset=utf-8
host: localhost:44337
accept: */*

Response DefaultHttpResponse(decodeResult: success, version: HTTP/1.1)
HTTP/1.1 404 Not Found
Content-Type: application/json; charset=utf-8
cache-control: no-cache
content-length: 848

15:22:21.782 [AsyncHttpClient-1-2] DEBUG org.asynchttpclient.netty.channel.ChannelManager - Adding key: http://localhost:44337 for channel [id: 0xe2458fda, L:/127.0.0.1:56492 - R:localhost/127.0.0.1:44337]
15:22:21.790 [Forwarding switchToWindow on session e66592ae6358f7f0d393909f22180203 to remote] DEBUG org.asynchttpclient.netty.request.NettyRequestSender - Using pooled Channel '[id: 0xe2458fda, L:/127.0.0.1:56492 - R:localhost/127.0.0.1:44337]' for 'POST' to 'http://localhost:44337/session/e66592ae6358f7f0d393909f22180203/window'
15:22:21.790 [Forwarding switchToWindow on session e66592ae6358f7f0d393909f22180203 to remote] DEBUG org.asynchttpclient.netty.request.NettyRequestSender - Using open Channel [id: 0xe2458fda, L:/127.0.0.1:56492 - R:localhost/127.0.0.1:44337] for POST '/session/e66592ae6358f7f0d393909f22180203/window'
15:22:21.792 [AsyncHttpClient-1-2] DEBUG org.asynchttpclient.netty.handler.HttpHandler - 

Request DefaultHttpRequest(decodeResult: success, version: HTTP/1.1)
POST /session/e66592ae6358f7f0d393909f22180203/window HTTP/1.1
User-Agent: selenium/4.6.0 (java windows)
Content-Length: 50
Content-Type: application/json; charset=utf-8
host: localhost:44337
accept: */*

Response DefaultHttpResponse(decodeResult: success, version: HTTP/1.1)
HTTP/1.1 200 OK
Content-Type: application/json; charset=utf-8
cache-control: no-cache
content-length: 14

15:22:21.792 [AsyncHttpClient-1-2] DEBUG org.asynchttpclient.netty.channel.ChannelManager - Adding key: http://localhost:44337 for channel [id: 0xe2458fda, L:/127.0.0.1:56492 - R:localhost/127.0.0.1:44337]
15:22:21.793 [Forwarding getCurrentUrl on session e66592ae6358f7f0d393909f22180203 to remote] DEBUG org.asynchttpclient.netty.request.NettyRequestSender - Using pooled Channel '[id: 0xe2458fda, L:/127.0.0.1:56492 - R:localhost/127.0.0.1:44337]' for 'GET' to 'http://localhost:44337/session/e66592ae6358f7f0d393909f22180203/url'
15:22:21.793 [Forwarding getCurrentUrl on session e66592ae6358f7f0d393909f22180203 to remote] DEBUG org.asynchttpclient.netty.request.NettyRequestSender - Using open Channel [id: 0xe2458fda, L:/127.0.0.1:56492 - R:localhost/127.0.0.1:44337] for GET '/session/e66592ae6358f7f0d393909f22180203/url'
15:22:21.800 [AsyncHttpClient-1-2] DEBUG org.asynchttpclient.netty.handler.HttpHandler - 

Request DefaultFullHttpRequest(decodeResult: success, version: HTTP/1.1, content: EmptyByteBufBE)
GET /session/e66592ae6358f7f0d393909f22180203/url HTTP/1.1
User-Agent: selenium/4.6.0 (java windows)
Cache-Control: no-cache
Content-Type: application/json; charset=utf-8
host: localhost:44337
accept: */*

Response DefaultHttpResponse(decodeResult: success, version: HTTP/1.1)
HTTP/1.1 200 OK
Content-Type: application/json; charset=utf-8
cache-control: no-cache
content-length: 55

15:22:21.800 [AsyncHttpClient-1-2] DEBUG org.asynchttpclient.netty.channel.ChannelManager - Adding key: http://localhost:44337 for channel [id: 0xe2458fda, L:/127.0.0.1:56492 - R:localhost/127.0.0.1:44337]
15:22:21.803 [Forwarding screenshot on session e66592ae6358f7f0d393909f22180203 to remote] DEBUG org.asynchttpclient.netty.request.NettyRequestSender - Using pooled Channel '[id: 0xe2458fda, L:/127.0.0.1:56492 - R:localhost/127.0.0.1:44337]' for 'GET' to 'http://localhost:44337/session/e66592ae6358f7f0d393909f22180203/screenshot'
15:22:21.803 [Forwarding screenshot on session e66592ae6358f7f0d393909f22180203 to remote] DEBUG org.asynchttpclient.netty.request.NettyRequestSender - Using open Channel [id: 0xe2458fda, L:/127.0.0.1:56492 - R:localhost/127.0.0.1:44337] for GET '/session/e66592ae6358f7f0d393909f22180203/screenshot'
15:22:22.025 [AsyncHttpClient-1-2] DEBUG org.asynchttpclient.netty.handler.HttpHandler - 

Request DefaultFullHttpRequest(decodeResult: success, version: HTTP/1.1, content: EmptyByteBufBE)
GET /session/e66592ae6358f7f0d393909f22180203/screenshot HTTP/1.1
User-Agent: selenium/4.6.0 (java windows)
Cache-Control: no-cache
Content-Type: application/json; charset=utf-8
host: localhost:44337
accept: */*

Response DefaultHttpResponse(decodeResult: success, version: HTTP/1.1)
HTTP/1.1 200 OK
Content-Type: application/json; charset=utf-8
cache-control: no-cache
content-length: 506044

15:22:22.026 [AsyncHttpClient-1-2] DEBUG org.asynchttpclient.netty.channel.ChannelManager - Adding key: http://localhost:44337 for channel [id: 0xe2458fda, L:/127.0.0.1:56492 - R:localhost/127.0.0.1:44337]
15:22:22.032 [Test worker] DEBUG net.serenitybdd.core.photography.Darkroom - Send negative for processing for C:\Users\Usuario\Documents\retoAutomatizacion\e2e\RetoDemoBlaze\target\site\serenity\db2b8066d204706d316f8e6b748af57e187d5535e49d3aea29ce0a7fcd45eba1.png
15:22:22.032 [Darkroom Processing Line] DEBUG net.serenitybdd.core.photography.DarkroomProcessingLine - Processing screenshot image in /var/screenshots/screenshot-13587234671831832886
15:22:22.032 [Darkroom Processing Line] DEBUG net.serenitybdd.core.photography.DarkroomProcessingLine - Saving screenshot to C:\Users\Usuario\Documents\retoAutomatizacion\e2e\RetoDemoBlaze\target\site\serenity\db2b8066d204706d316f8e6b748af57e187d5535e49d3aea29ce0a7fcd45eba1.png
15:22:22.039 [Forwarding getPageSource on session e66592ae6358f7f0d393909f22180203 to remote] DEBUG org.asynchttpclient.netty.request.NettyRequestSender - Using pooled Channel '[id: 0xe2458fda, L:/127.0.0.1:56492 - R:localhost/127.0.0.1:44337]' for 'POST' to 'http://localhost:44337/session/e66592ae6358f7f0d393909f22180203/execute/sync'
15:22:22.039 [Forwarding getPageSource on session e66592ae6358f7f0d393909f22180203 to remote] DEBUG org.asynchttpclient.netty.request.NettyRequestSender - Using open Channel [id: 0xe2458fda, L:/127.0.0.1:56492 - R:localhost/127.0.0.1:44337] for POST '/session/e66592ae6358f7f0d393909f22180203/execute/sync'
15:22:22.048 [AsyncHttpClient-1-2] DEBUG org.asynchttpclient.netty.handler.HttpHandler - 

Request DefaultHttpRequest(decodeResult: success, version: HTTP/1.1)
POST /session/e66592ae6358f7f0d393909f22180203/execute/sync HTTP/1.1
User-Agent: selenium/4.6.0 (java windows)
Content-Length: 176
Content-Type: application/json; charset=utf-8
host: localhost:44337
accept: */*

Response DefaultHttpResponse(decodeResult: success, version: HTTP/1.1)
HTTP/1.1 200 OK
Content-Type: application/json; charset=utf-8
cache-control: no-cache
content-length: 54778

15:22:22.048 [AsyncHttpClient-1-2] DEBUG org.asynchttpclient.netty.channel.ChannelManager - Adding key: http://localhost:44337 for channel [id: 0xe2458fda, L:/127.0.0.1:56492 - R:localhost/127.0.0.1:44337]
15:22:22.052 [Forwarding getCurrentUrl on session e66592ae6358f7f0d393909f22180203 to remote] DEBUG org.asynchttpclient.netty.request.NettyRequestSender - Using pooled Channel '[id: 0xe2458fda, L:/127.0.0.1:56492 - R:localhost/127.0.0.1:44337]' for 'GET' to 'http://localhost:44337/session/e66592ae6358f7f0d393909f22180203/url'
15:22:22.052 [Forwarding getCurrentUrl on session e66592ae6358f7f0d393909f22180203 to remote] DEBUG org.asynchttpclient.netty.request.NettyRequestSender - Using open Channel [id: 0xe2458fda, L:/127.0.0.1:56492 - R:localhost/127.0.0.1:44337] for GET '/session/e66592ae6358f7f0d393909f22180203/url'
15:22:22.055 [AsyncHttpClient-1-2] DEBUG org.asynchttpclient.netty.handler.HttpHandler - 

Request DefaultFullHttpRequest(decodeResult: success, version: HTTP/1.1, content: EmptyByteBufBE)
GET /session/e66592ae6358f7f0d393909f22180203/url HTTP/1.1
User-Agent: selenium/4.6.0 (java windows)
Cache-Control: no-cache
Content-Type: application/json; charset=utf-8
host: localhost:44337
accept: */*

Response DefaultHttpResponse(decodeResult: success, version: HTTP/1.1)
HTTP/1.1 200 OK
Content-Type: application/json; charset=utf-8
cache-control: no-cache
content-length: 55

15:22:22.056 [AsyncHttpClient-1-2] DEBUG org.asynchttpclient.netty.channel.ChannelManager - Adding key: http://localhost:44337 for channel [id: 0xe2458fda, L:/127.0.0.1:56492 - R:localhost/127.0.0.1:44337]
15:22:22.057 [Test worker] DEBUG net.thucydides.core.steps.StepInterceptor - STARTING STEP: PickItem.performAs - {0} clicks on #target
15:22:22.058 [Test worker] DEBUG net.serenitybdd.screenplay.targets.IFrameSwitcher - default content already selected for Home
15:22:22.094 [Forwarding findElement on session e66592ae6358f7f0d393909f22180203 to remote] DEBUG org.asynchttpclient.netty.request.NettyRequestSender - Using pooled Channel '[id: 0xe2458fda, L:/127.0.0.1:56492 - R:localhost/127.0.0.1:44337]' for 'POST' to 'http://localhost:44337/session/e66592ae6358f7f0d393909f22180203/element'
15:22:22.094 [Forwarding findElement on session e66592ae6358f7f0d393909f22180203 to remote] DEBUG org.asynchttpclient.netty.request.NettyRequestSender - Using open Channel [id: 0xe2458fda, L:/127.0.0.1:56492 - R:localhost/127.0.0.1:44337] for POST '/session/e66592ae6358f7f0d393909f22180203/element'
15:22:22.102 [AsyncHttpClient-1-2] DEBUG org.asynchttpclient.netty.handler.HttpHandler - 

Request DefaultHttpRequest(decodeResult: success, version: HTTP/1.1)
POST /session/e66592ae6358f7f0d393909f22180203/element HTTP/1.1
User-Agent: selenium/4.6.0 (java windows)
Content-Length: 66
Content-Type: application/json; charset=utf-8
host: localhost:44337
accept: */*

Response DefaultHttpResponse(decodeResult: success, version: HTTP/1.1)
HTTP/1.1 200 OK
Content-Type: application/json; charset=utf-8
cache-control: no-cache
content-length: 96

15:22:22.103 [AsyncHttpClient-1-2] DEBUG org.asynchttpclient.netty.channel.ChannelManager - Adding key: http://localhost:44337 for channel [id: 0xe2458fda, L:/127.0.0.1:56492 - R:localhost/127.0.0.1:44337]
15:22:22.109 [Forwarding isElementDisplayed on session e66592ae6358f7f0d393909f22180203 to remote] DEBUG org.asynchttpclient.netty.request.NettyRequestSender - Using pooled Channel '[id: 0xe2458fda, L:/127.0.0.1:56492 - R:localhost/127.0.0.1:44337]' for 'POST' to 'http://localhost:44337/session/e66592ae6358f7f0d393909f22180203/execute/sync'
15:22:22.109 [Forwarding isElementDisplayed on session e66592ae6358f7f0d393909f22180203 to remote] DEBUG org.asynchttpclient.netty.request.NettyRequestSender - Using open Channel [id: 0xe2458fda, L:/127.0.0.1:56492 - R:localhost/127.0.0.1:44337] for POST '/session/e66592ae6358f7f0d393909f22180203/execute/sync'
15:22:22.118 [AsyncHttpClient-1-2] DEBUG org.asynchttpclient.netty.handler.HttpHandler - 

Request DefaultHttpRequest(decodeResult: success, version: HTTP/1.1)
POST /session/e66592ae6358f7f0d393909f22180203/execute/sync HTTP/1.1
User-Agent: selenium/4.6.0 (java windows)
Content-Length: 48788
Content-Type: application/json; charset=utf-8
host: localhost:44337
accept: */*

Response DefaultHttpResponse(decodeResult: success, version: HTTP/1.1)
HTTP/1.1 200 OK
Content-Type: application/json; charset=utf-8
cache-control: no-cache
content-length: 14

15:22:22.118 [AsyncHttpClient-1-2] DEBUG org.asynchttpclient.netty.channel.ChannelManager - Adding key: http://localhost:44337 for channel [id: 0xe2458fda, L:/127.0.0.1:56492 - R:localhost/127.0.0.1:44337]
15:22:22.129 [Forwarding findElement on session e66592ae6358f7f0d393909f22180203 to remote] DEBUG org.asynchttpclient.netty.request.NettyRequestSender - Using pooled Channel '[id: 0xe2458fda, L:/127.0.0.1:56492 - R:localhost/127.0.0.1:44337]' for 'POST' to 'http://localhost:44337/session/e66592ae6358f7f0d393909f22180203/element'
15:22:22.129 [Forwarding findElement on session e66592ae6358f7f0d393909f22180203 to remote] DEBUG org.asynchttpclient.netty.request.NettyRequestSender - Using open Channel [id: 0xe2458fda, L:/127.0.0.1:56492 - R:localhost/127.0.0.1:44337] for POST '/session/e66592ae6358f7f0d393909f22180203/element'
15:22:22.136 [AsyncHttpClient-1-2] DEBUG org.asynchttpclient.netty.handler.HttpHandler - 

Request DefaultHttpRequest(decodeResult: success, version: HTTP/1.1)
POST /session/e66592ae6358f7f0d393909f22180203/element HTTP/1.1
User-Agent: selenium/4.6.0 (java windows)
Content-Length: 66
Content-Type: application/json; charset=utf-8
host: localhost:44337
accept: */*

Response DefaultHttpResponse(decodeResult: success, version: HTTP/1.1)
HTTP/1.1 200 OK
Content-Type: application/json; charset=utf-8
cache-control: no-cache
content-length: 96

15:22:22.136 [AsyncHttpClient-1-2] DEBUG org.asynchttpclient.netty.channel.ChannelManager - Adding key: http://localhost:44337 for channel [id: 0xe2458fda, L:/127.0.0.1:56492 - R:localhost/127.0.0.1:44337]
15:22:22.137 [Forwarding clickElement on session e66592ae6358f7f0d393909f22180203 to remote] DEBUG org.asynchttpclient.netty.request.NettyRequestSender - Using pooled Channel '[id: 0xe2458fda, L:/127.0.0.1:56492 - R:localhost/127.0.0.1:44337]' for 'POST' to 'http://localhost:44337/session/e66592ae6358f7f0d393909f22180203/element/D179BA6887BB21CD1F6D6101A33F5A88_element_249/click'
15:22:22.137 [Forwarding clickElement on session e66592ae6358f7f0d393909f22180203 to remote] DEBUG org.asynchttpclient.netty.request.NettyRequestSender - Using open Channel [id: 0xe2458fda, L:/127.0.0.1:56492 - R:localhost/127.0.0.1:44337] for POST '/session/e66592ae6358f7f0d393909f22180203/element/D179BA6887BB21CD1F6D6101A33F5A88_element_249/click'
15:22:22.742 [AsyncHttpClient-1-1] DEBUG org.asynchttpclient.netty.channel.DefaultChannelPool - Entry count for : http://localhost:56493 : 1
15:22:23.183 [AsyncHttpClient-1-2] DEBUG org.asynchttpclient.netty.handler.HttpHandler - 

Request DefaultHttpRequest(decodeResult: success, version: HTTP/1.1)
POST /session/e66592ae6358f7f0d393909f22180203/element/D179BA6887BB21CD1F6D6101A33F5A88_element_249/click HTTP/1.1
User-Agent: selenium/4.6.0 (java windows)
Content-Length: 58
Content-Type: application/json; charset=utf-8
host: localhost:44337
accept: */*

Response DefaultHttpResponse(decodeResult: success, version: HTTP/1.1)
HTTP/1.1 200 OK
Content-Type: application/json; charset=utf-8
cache-control: no-cache
content-length: 14

15:22:23.183 [AsyncHttpClient-1-2] DEBUG org.asynchttpclient.netty.channel.ChannelManager - Adding key: http://localhost:44337 for channel [id: 0xe2458fda, L:/127.0.0.1:56492 - R:localhost/127.0.0.1:44337]
15:22:23.211 [Forwarding getCurrentWindowHandle on session e66592ae6358f7f0d393909f22180203 to remote] DEBUG org.asynchttpclient.netty.request.NettyRequestSender - Using pooled Channel '[id: 0xe2458fda, L:/127.0.0.1:56492 - R:localhost/127.0.0.1:44337]' for 'GET' to 'http://localhost:44337/session/e66592ae6358f7f0d393909f22180203/window'
15:22:23.211 [Forwarding getCurrentWindowHandle on session e66592ae6358f7f0d393909f22180203 to remote] DEBUG org.asynchttpclient.netty.request.NettyRequestSender - Using open Channel [id: 0xe2458fda, L:/127.0.0.1:56492 - R:localhost/127.0.0.1:44337] for GET '/session/e66592ae6358f7f0d393909f22180203/window'
15:22:23.212 [AsyncHttpClient-1-2] DEBUG org.asynchttpclient.netty.handler.HttpHandler - 

Request DefaultFullHttpRequest(decodeResult: success, version: HTTP/1.1, content: EmptyByteBufBE)
GET /session/e66592ae6358f7f0d393909f22180203/window HTTP/1.1
User-Agent: selenium/4.6.0 (java windows)
Cache-Control: no-cache
Content-Type: application/json; charset=utf-8
host: localhost:44337
accept: */*

Response DefaultHttpResponse(decodeResult: success, version: HTTP/1.1)
HTTP/1.1 200 OK
Content-Type: application/json; charset=utf-8
cache-control: no-cache
content-length: 44

15:22:23.212 [AsyncHttpClient-1-2] DEBUG org.asynchttpclient.netty.channel.ChannelManager - Adding key: http://localhost:44337 for channel [id: 0xe2458fda, L:/127.0.0.1:56492 - R:localhost/127.0.0.1:44337]
15:22:23.219 [Forwarding getAlertText on session e66592ae6358f7f0d393909f22180203 to remote] DEBUG org.asynchttpclient.netty.request.NettyRequestSender - Using pooled Channel '[id: 0xe2458fda, L:/127.0.0.1:56492 - R:localhost/127.0.0.1:44337]' for 'GET' to 'http://localhost:44337/session/e66592ae6358f7f0d393909f22180203/alert/text'
15:22:23.219 [Forwarding getAlertText on session e66592ae6358f7f0d393909f22180203 to remote] DEBUG org.asynchttpclient.netty.request.NettyRequestSender - Using open Channel [id: 0xe2458fda, L:/127.0.0.1:56492 - R:localhost/127.0.0.1:44337] for GET '/session/e66592ae6358f7f0d393909f22180203/alert/text'
15:22:23.222 [AsyncHttpClient-1-2] DEBUG org.asynchttpclient.netty.handler.HttpHandler - 

Request DefaultFullHttpRequest(decodeResult: success, version: HTTP/1.1, content: EmptyByteBufBE)
GET /session/e66592ae6358f7f0d393909f22180203/alert/text HTTP/1.1
User-Agent: selenium/4.6.0 (java windows)
Cache-Control: no-cache
Content-Type: application/json; charset=utf-8
host: localhost:44337
accept: */*

Response DefaultHttpResponse(decodeResult: success, version: HTTP/1.1)
HTTP/1.1 404 Not Found
Content-Type: application/json; charset=utf-8
cache-control: no-cache
content-length: 848

15:22:23.222 [AsyncHttpClient-1-2] DEBUG org.asynchttpclient.netty.channel.ChannelManager - Adding key: http://localhost:44337 for channel [id: 0xe2458fda, L:/127.0.0.1:56492 - R:localhost/127.0.0.1:44337]
15:22:23.229 [Forwarding switchToWindow on session e66592ae6358f7f0d393909f22180203 to remote] DEBUG org.asynchttpclient.netty.request.NettyRequestSender - Using pooled Channel '[id: 0xe2458fda, L:/127.0.0.1:56492 - R:localhost/127.0.0.1:44337]' for 'POST' to 'http://localhost:44337/session/e66592ae6358f7f0d393909f22180203/window'
15:22:23.229 [Forwarding switchToWindow on session e66592ae6358f7f0d393909f22180203 to remote] DEBUG org.asynchttpclient.netty.request.NettyRequestSender - Using open Channel [id: 0xe2458fda, L:/127.0.0.1:56492 - R:localhost/127.0.0.1:44337] for POST '/session/e66592ae6358f7f0d393909f22180203/window'
15:22:23.232 [AsyncHttpClient-1-2] DEBUG org.asynchttpclient.netty.handler.HttpHandler - 

Request DefaultHttpRequest(decodeResult: success, version: HTTP/1.1)
POST /session/e66592ae6358f7f0d393909f22180203/window HTTP/1.1
User-Agent: selenium/4.6.0 (java windows)
Content-Length: 50
Content-Type: application/json; charset=utf-8
host: localhost:44337
accept: */*

Response DefaultHttpResponse(decodeResult: success, version: HTTP/1.1)
HTTP/1.1 200 OK
Content-Type: application/json; charset=utf-8
cache-control: no-cache
content-length: 14

15:22:23.232 [AsyncHttpClient-1-2] DEBUG org.asynchttpclient.netty.channel.ChannelManager - Adding key: http://localhost:44337 for channel [id: 0xe2458fda, L:/127.0.0.1:56492 - R:localhost/127.0.0.1:44337]
15:22:23.232 [Forwarding getCurrentUrl on session e66592ae6358f7f0d393909f22180203 to remote] DEBUG org.asynchttpclient.netty.request.NettyRequestSender - Using pooled Channel '[id: 0xe2458fda, L:/127.0.0.1:56492 - R:localhost/127.0.0.1:44337]' for 'GET' to 'http://localhost:44337/session/e66592ae6358f7f0d393909f22180203/url'
15:22:23.232 [Forwarding getCurrentUrl on session e66592ae6358f7f0d393909f22180203 to remote] DEBUG org.asynchttpclient.netty.request.NettyRequestSender - Using open Channel [id: 0xe2458fda, L:/127.0.0.1:56492 - R:localhost/127.0.0.1:44337] for GET '/session/e66592ae6358f7f0d393909f22180203/url'
15:22:23.236 [AsyncHttpClient-1-2] DEBUG org.asynchttpclient.netty.handler.HttpHandler - 

Request DefaultFullHttpRequest(decodeResult: success, version: HTTP/1.1, content: EmptyByteBufBE)
GET /session/e66592ae6358f7f0d393909f22180203/url HTTP/1.1
User-Agent: selenium/4.6.0 (java windows)
Cache-Control: no-cache
Content-Type: application/json; charset=utf-8
host: localhost:44337
accept: */*

Response DefaultHttpResponse(decodeResult: success, version: HTTP/1.1)
HTTP/1.1 200 OK
Content-Type: application/json; charset=utf-8
cache-control: no-cache
content-length: 48

15:22:23.237 [AsyncHttpClient-1-2] DEBUG org.asynchttpclient.netty.channel.ChannelManager - Adding key: http://localhost:44337 for channel [id: 0xe2458fda, L:/127.0.0.1:56492 - R:localhost/127.0.0.1:44337]
15:22:23.237 [Forwarding screenshot on session e66592ae6358f7f0d393909f22180203 to remote] DEBUG org.asynchttpclient.netty.request.NettyRequestSender - Using pooled Channel '[id: 0xe2458fda, L:/127.0.0.1:56492 - R:localhost/127.0.0.1:44337]' for 'GET' to 'http://localhost:44337/session/e66592ae6358f7f0d393909f22180203/screenshot'
15:22:23.237 [Forwarding screenshot on session e66592ae6358f7f0d393909f22180203 to remote] DEBUG org.asynchttpclient.netty.request.NettyRequestSender - Using open Channel [id: 0xe2458fda, L:/127.0.0.1:56492 - R:localhost/127.0.0.1:44337] for GET '/session/e66592ae6358f7f0d393909f22180203/screenshot'
15:22:23.484 [AsyncHttpClient-1-2] DEBUG org.asynchttpclient.netty.handler.HttpHandler - 

Request DefaultFullHttpRequest(decodeResult: success, version: HTTP/1.1, content: EmptyByteBufBE)
GET /session/e66592ae6358f7f0d393909f22180203/screenshot HTTP/1.1
User-Agent: selenium/4.6.0 (java windows)
Cache-Control: no-cache
Content-Type: application/json; charset=utf-8
host: localhost:44337
accept: */*

Response DefaultHttpResponse(decodeResult: success, version: HTTP/1.1)
HTTP/1.1 200 OK
Content-Type: application/json; charset=utf-8
cache-control: no-cache
content-length: 654160

15:22:23.485 [AsyncHttpClient-1-2] DEBUG org.asynchttpclient.netty.channel.ChannelManager - Adding key: http://localhost:44337 for channel [id: 0xe2458fda, L:/127.0.0.1:56492 - R:localhost/127.0.0.1:44337]
15:22:23.498 [Test worker] DEBUG net.serenitybdd.core.photography.Darkroom - Send negative for processing for C:\Users\Usuario\Documents\retoAutomatizacion\e2e\RetoDemoBlaze\target\site\serenity\4412d49ce5b6b868e97726cad2cc9f6fe71299e8233aab1726cf3b4d57ece13b.png
15:22:23.498 [Test worker] DEBUG net.thucydides.core.steps.StepInterceptor - STEP DONE: {0} clicks on #target
15:22:23.514 [Test worker] DEBUG net.serenitybdd.screenplay.targets.IFrameSwitcher - default content already selected for CATEGORIES
15:22:23.521 [Forwarding findElements on session e66592ae6358f7f0d393909f22180203 to remote] DEBUG org.asynchttpclient.netty.request.NettyRequestSender - Using pooled Channel '[id: 0xe2458fda, L:/127.0.0.1:56492 - R:localhost/127.0.0.1:44337]' for 'POST' to 'http://localhost:44337/session/e66592ae6358f7f0d393909f22180203/elements'
15:22:23.521 [Forwarding findElements on session e66592ae6358f7f0d393909f22180203 to remote] DEBUG org.asynchttpclient.netty.request.NettyRequestSender - Using open Channel [id: 0xe2458fda, L:/127.0.0.1:56492 - R:localhost/127.0.0.1:44337] for POST '/session/e66592ae6358f7f0d393909f22180203/elements'
15:22:23.550 [AsyncHttpClient-1-2] DEBUG org.asynchttpclient.netty.handler.HttpHandler - 

Request DefaultHttpRequest(decodeResult: success, version: HTTP/1.1)
POST /session/e66592ae6358f7f0d393909f22180203/elements HTTP/1.1
User-Agent: selenium/4.6.0 (java windows)
Content-Length: 48
Content-Type: application/json; charset=utf-8
host: localhost:44337
accept: */*

Response DefaultHttpResponse(decodeResult: success, version: HTTP/1.1)
HTTP/1.1 200 OK
Content-Type: application/json; charset=utf-8
cache-control: no-cache
content-length: 98

15:22:23.550 [AsyncHttpClient-1-2] DEBUG org.asynchttpclient.netty.channel.ChannelManager - Adding key: http://localhost:44337 for channel [id: 0xe2458fda, L:/127.0.0.1:56492 - R:localhost/127.0.0.1:44337]
15:22:23.569 [Forwarding isElementDisplayed on session e66592ae6358f7f0d393909f22180203 to remote] DEBUG org.asynchttpclient.netty.request.NettyRequestSender - Using pooled Channel '[id: 0xe2458fda, L:/127.0.0.1:56492 - R:localhost/127.0.0.1:44337]' for 'POST' to 'http://localhost:44337/session/e66592ae6358f7f0d393909f22180203/execute/sync'
15:22:23.569 [Forwarding isElementDisplayed on session e66592ae6358f7f0d393909f22180203 to remote] DEBUG org.asynchttpclient.netty.request.NettyRequestSender - Using open Channel [id: 0xe2458fda, L:/127.0.0.1:56492 - R:localhost/127.0.0.1:44337] for POST '/session/e66592ae6358f7f0d393909f22180203/execute/sync'
15:22:23.579 [AsyncHttpClient-1-2] DEBUG org.asynchttpclient.netty.handler.HttpHandler - 

Request DefaultHttpRequest(decodeResult: success, version: HTTP/1.1)
POST /session/e66592ae6358f7f0d393909f22180203/execute/sync HTTP/1.1
User-Agent: selenium/4.6.0 (java windows)
Content-Length: 48788
Content-Type: application/json; charset=utf-8
host: localhost:44337
accept: */*

Response DefaultHttpResponse(decodeResult: success, version: HTTP/1.1)
HTTP/1.1 200 OK
Content-Type: application/json; charset=utf-8
cache-control: no-cache
content-length: 14

15:22:23.580 [AsyncHttpClient-1-2] DEBUG org.asynchttpclient.netty.channel.ChannelManager - Adding key: http://localhost:44337 for channel [id: 0xe2458fda, L:/127.0.0.1:56492 - R:localhost/127.0.0.1:44337]
15:22:23.583 [Forwarding isElementDisplayed on session e66592ae6358f7f0d393909f22180203 to remote] DEBUG org.asynchttpclient.netty.request.NettyRequestSender - Using pooled Channel '[id: 0xe2458fda, L:/127.0.0.1:56492 - R:localhost/127.0.0.1:44337]' for 'POST' to 'http://localhost:44337/session/e66592ae6358f7f0d393909f22180203/execute/sync'
15:22:23.583 [Forwarding isElementDisplayed on session e66592ae6358f7f0d393909f22180203 to remote] DEBUG org.asynchttpclient.netty.request.NettyRequestSender - Using open Channel [id: 0xe2458fda, L:/127.0.0.1:56492 - R:localhost/127.0.0.1:44337] for POST '/session/e66592ae6358f7f0d393909f22180203/execute/sync'
15:22:23.594 [AsyncHttpClient-1-2] DEBUG org.asynchttpclient.netty.handler.HttpHandler - 

Request DefaultHttpRequest(decodeResult: success, version: HTTP/1.1)
POST /session/e66592ae6358f7f0d393909f22180203/execute/sync HTTP/1.1
User-Agent: selenium/4.6.0 (java windows)
Content-Length: 48788
Content-Type: application/json; charset=utf-8
host: localhost:44337
accept: */*

Response DefaultHttpResponse(decodeResult: success, version: HTTP/1.1)
HTTP/1.1 200 OK
Content-Type: application/json; charset=utf-8
cache-control: no-cache
content-length: 14

15:22:23.594 [AsyncHttpClient-1-2] DEBUG org.asynchttpclient.netty.channel.ChannelManager - Adding key: http://localhost:44337 for channel [id: 0xe2458fda, L:/127.0.0.1:56492 - R:localhost/127.0.0.1:44337]
15:22:23.633 [Forwarding getCurrentWindowHandle on session e66592ae6358f7f0d393909f22180203 to remote] DEBUG org.asynchttpclient.netty.request.NettyRequestSender - Using pooled Channel '[id: 0xe2458fda, L:/127.0.0.1:56492 - R:localhost/127.0.0.1:44337]' for 'GET' to 'http://localhost:44337/session/e66592ae6358f7f0d393909f22180203/window'
15:22:23.633 [Forwarding getCurrentWindowHandle on session e66592ae6358f7f0d393909f22180203 to remote] DEBUG org.asynchttpclient.netty.request.NettyRequestSender - Using open Channel [id: 0xe2458fda, L:/127.0.0.1:56492 - R:localhost/127.0.0.1:44337] for GET '/session/e66592ae6358f7f0d393909f22180203/window'
15:22:23.634 [AsyncHttpClient-1-2] DEBUG org.asynchttpclient.netty.handler.HttpHandler - 

Request DefaultFullHttpRequest(decodeResult: success, version: HTTP/1.1, content: EmptyByteBufBE)
GET /session/e66592ae6358f7f0d393909f22180203/window HTTP/1.1
User-Agent: selenium/4.6.0 (java windows)
Cache-Control: no-cache
Content-Type: application/json; charset=utf-8
host: localhost:44337
accept: */*

Response DefaultHttpResponse(decodeResult: success, version: HTTP/1.1)
HTTP/1.1 200 OK
Content-Type: application/json; charset=utf-8
cache-control: no-cache
content-length: 44

15:22:23.634 [AsyncHttpClient-1-2] DEBUG org.asynchttpclient.netty.channel.ChannelManager - Adding key: http://localhost:44337 for channel [id: 0xe2458fda, L:/127.0.0.1:56492 - R:localhost/127.0.0.1:44337]
15:22:23.642 [Forwarding getAlertText on session e66592ae6358f7f0d393909f22180203 to remote] DEBUG org.asynchttpclient.netty.request.NettyRequestSender - Using pooled Channel '[id: 0xe2458fda, L:/127.0.0.1:56492 - R:localhost/127.0.0.1:44337]' for 'GET' to 'http://localhost:44337/session/e66592ae6358f7f0d393909f22180203/alert/text'
15:22:23.643 [Forwarding getAlertText on session e66592ae6358f7f0d393909f22180203 to remote] DEBUG org.asynchttpclient.netty.request.NettyRequestSender - Using open Channel [id: 0xe2458fda, L:/127.0.0.1:56492 - R:localhost/127.0.0.1:44337] for GET '/session/e66592ae6358f7f0d393909f22180203/alert/text'
15:22:23.646 [AsyncHttpClient-1-2] DEBUG org.asynchttpclient.netty.handler.HttpHandler - 

Request DefaultFullHttpRequest(decodeResult: success, version: HTTP/1.1, content: EmptyByteBufBE)
GET /session/e66592ae6358f7f0d393909f22180203/alert/text HTTP/1.1
User-Agent: selenium/4.6.0 (java windows)
Cache-Control: no-cache
Content-Type: application/json; charset=utf-8
host: localhost:44337
accept: */*

Response DefaultHttpResponse(decodeResult: success, version: HTTP/1.1)
HTTP/1.1 404 Not Found
Content-Type: application/json; charset=utf-8
cache-control: no-cache
content-length: 848

15:22:23.647 [AsyncHttpClient-1-2] DEBUG org.asynchttpclient.netty.channel.ChannelManager - Adding key: http://localhost:44337 for channel [id: 0xe2458fda, L:/127.0.0.1:56492 - R:localhost/127.0.0.1:44337]
15:22:23.658 [Forwarding switchToWindow on session e66592ae6358f7f0d393909f22180203 to remote] DEBUG org.asynchttpclient.netty.request.NettyRequestSender - Using pooled Channel '[id: 0xe2458fda, L:/127.0.0.1:56492 - R:localhost/127.0.0.1:44337]' for 'POST' to 'http://localhost:44337/session/e66592ae6358f7f0d393909f22180203/window'
15:22:23.659 [Forwarding switchToWindow on session e66592ae6358f7f0d393909f22180203 to remote] DEBUG org.asynchttpclient.netty.request.NettyRequestSender - Using open Channel [id: 0xe2458fda, L:/127.0.0.1:56492 - R:localhost/127.0.0.1:44337] for POST '/session/e66592ae6358f7f0d393909f22180203/window'
15:22:23.660 [AsyncHttpClient-1-2] DEBUG org.asynchttpclient.netty.handler.HttpHandler - 

Request DefaultHttpRequest(decodeResult: success, version: HTTP/1.1)
POST /session/e66592ae6358f7f0d393909f22180203/window HTTP/1.1
User-Agent: selenium/4.6.0 (java windows)
Content-Length: 50
Content-Type: application/json; charset=utf-8
host: localhost:44337
accept: */*

Response DefaultHttpResponse(decodeResult: success, version: HTTP/1.1)
HTTP/1.1 200 OK
Content-Type: application/json; charset=utf-8
cache-control: no-cache
content-length: 14

15:22:23.660 [AsyncHttpClient-1-2] DEBUG org.asynchttpclient.netty.channel.ChannelManager - Adding key: http://localhost:44337 for channel [id: 0xe2458fda, L:/127.0.0.1:56492 - R:localhost/127.0.0.1:44337]
15:22:23.660 [Forwarding getCurrentUrl on session e66592ae6358f7f0d393909f22180203 to remote] DEBUG org.asynchttpclient.netty.request.NettyRequestSender - Using pooled Channel '[id: 0xe2458fda, L:/127.0.0.1:56492 - R:localhost/127.0.0.1:44337]' for 'GET' to 'http://localhost:44337/session/e66592ae6358f7f0d393909f22180203/url'
15:22:23.660 [Forwarding getCurrentUrl on session e66592ae6358f7f0d393909f22180203 to remote] DEBUG org.asynchttpclient.netty.request.NettyRequestSender - Using open Channel [id: 0xe2458fda, L:/127.0.0.1:56492 - R:localhost/127.0.0.1:44337] for GET '/session/e66592ae6358f7f0d393909f22180203/url'
15:22:23.664 [AsyncHttpClient-1-2] DEBUG org.asynchttpclient.netty.handler.HttpHandler - 

Request DefaultFullHttpRequest(decodeResult: success, version: HTTP/1.1, content: EmptyByteBufBE)
GET /session/e66592ae6358f7f0d393909f22180203/url HTTP/1.1
User-Agent: selenium/4.6.0 (java windows)
Cache-Control: no-cache
Content-Type: application/json; charset=utf-8
host: localhost:44337
accept: */*

Response DefaultHttpResponse(decodeResult: success, version: HTTP/1.1)
HTTP/1.1 200 OK
Content-Type: application/json; charset=utf-8
cache-control: no-cache
content-length: 48

15:22:23.664 [AsyncHttpClient-1-2] DEBUG org.asynchttpclient.netty.channel.ChannelManager - Adding key: http://localhost:44337 for channel [id: 0xe2458fda, L:/127.0.0.1:56492 - R:localhost/127.0.0.1:44337]
15:22:23.670 [Forwarding screenshot on session e66592ae6358f7f0d393909f22180203 to remote] DEBUG org.asynchttpclient.netty.request.NettyRequestSender - Using pooled Channel '[id: 0xe2458fda, L:/127.0.0.1:56492 - R:localhost/127.0.0.1:44337]' for 'GET' to 'http://localhost:44337/session/e66592ae6358f7f0d393909f22180203/screenshot'
15:22:23.670 [Forwarding screenshot on session e66592ae6358f7f0d393909f22180203 to remote] DEBUG org.asynchttpclient.netty.request.NettyRequestSender - Using open Channel [id: 0xe2458fda, L:/127.0.0.1:56492 - R:localhost/127.0.0.1:44337] for GET '/session/e66592ae6358f7f0d393909f22180203/screenshot'
15:22:23.846 [AsyncHttpClient-1-1] DEBUG org.asynchttpclient.netty.channel.DefaultChannelPool - Entry count for : http://localhost:56493 : 1
15:22:23.936 [AsyncHttpClient-1-2] DEBUG org.asynchttpclient.netty.handler.HttpHandler - 

Request DefaultFullHttpRequest(decodeResult: success, version: HTTP/1.1, content: EmptyByteBufBE)
GET /session/e66592ae6358f7f0d393909f22180203/screenshot HTTP/1.1
User-Agent: selenium/4.6.0 (java windows)
Cache-Control: no-cache
Content-Type: application/json; charset=utf-8
host: localhost:44337
accept: */*

Response DefaultHttpResponse(decodeResult: success, version: HTTP/1.1)
HTTP/1.1 200 OK
Content-Type: application/json; charset=utf-8
cache-control: no-cache
content-length: 654160

15:22:23.937 [AsyncHttpClient-1-2] DEBUG org.asynchttpclient.netty.channel.ChannelManager - Adding key: http://localhost:44337 for channel [id: 0xe2458fda, L:/127.0.0.1:56492 - R:localhost/127.0.0.1:44337]
15:22:23.946 [Test worker] DEBUG net.serenitybdd.core.photography.Darkroom - Send negative for processing for C:\Users\Usuario\Documents\retoAutomatizacion\e2e\RetoDemoBlaze\target\site\serenity\4412d49ce5b6b868e97726cad2cc9f6fe71299e8233aab1726cf3b4d57ece13b.png
15:22:23.946 [Test worker] DEBUG net.thucydides.core.steps.StepInterceptor - STEP DONE: performAs
  ?[32mCuando ?[0m?[32mrealizo una compra de ?[0m?[32m?[1m2?[0m?[32m productos en la categoria ?[0m?[32m?[1m"Laptops"?[0m         ?[90m# org.example.stepsdefinition.demoBlazeStepDefinition.realizoUnaCompraDeCantProdsProductosEnLaCategoriaCategoria(int,java.lang.String)?[0m
15:22:23.971 [Forwarding getPageSource on session e66592ae6358f7f0d393909f22180203 to remote] DEBUG org.asynchttpclient.netty.request.NettyRequestSender - Using pooled Channel '[id: 0xe2458fda, L:/127.0.0.1:56492 - R:localhost/127.0.0.1:44337]' for 'POST' to 'http://localhost:44337/session/e66592ae6358f7f0d393909f22180203/execute/sync'
15:22:23.971 [Forwarding getPageSource on session e66592ae6358f7f0d393909f22180203 to remote] DEBUG org.asynchttpclient.netty.request.NettyRequestSender - Using open Channel [id: 0xe2458fda, L:/127.0.0.1:56492 - R:localhost/127.0.0.1:44337] for POST '/session/e66592ae6358f7f0d393909f22180203/execute/sync'
15:22:23.981 [AsyncHttpClient-1-2] DEBUG org.asynchttpclient.netty.handler.HttpHandler - 

Request DefaultHttpRequest(decodeResult: success, version: HTTP/1.1)
POST /session/e66592ae6358f7f0d393909f22180203/execute/sync HTTP/1.1
User-Agent: selenium/4.6.0 (java windows)
Content-Length: 176
Content-Type: application/json; charset=utf-8
host: localhost:44337
accept: */*

Response DefaultHttpResponse(decodeResult: success, version: HTTP/1.1)
HTTP/1.1 200 OK
Content-Type: application/json; charset=utf-8
cache-control: no-cache
content-length: 57528

15:22:23.981 [AsyncHttpClient-1-2] DEBUG org.asynchttpclient.netty.channel.ChannelManager - Adding key: http://localhost:44337 for channel [id: 0xe2458fda, L:/127.0.0.1:56492 - R:localhost/127.0.0.1:44337]
15:22:23.985 [Forwarding getCurrentUrl on session e66592ae6358f7f0d393909f22180203 to remote] DEBUG org.asynchttpclient.netty.request.NettyRequestSender - Using pooled Channel '[id: 0xe2458fda, L:/127.0.0.1:56492 - R:localhost/127.0.0.1:44337]' for 'GET' to 'http://localhost:44337/session/e66592ae6358f7f0d393909f22180203/url'
15:22:23.985 [Forwarding getCurrentUrl on session e66592ae6358f7f0d393909f22180203 to remote] DEBUG org.asynchttpclient.netty.request.NettyRequestSender - Using open Channel [id: 0xe2458fda, L:/127.0.0.1:56492 - R:localhost/127.0.0.1:44337] for GET '/session/e66592ae6358f7f0d393909f22180203/url'
15:22:23.988 [AsyncHttpClient-1-2] DEBUG org.asynchttpclient.netty.handler.HttpHandler - 

Request DefaultFullHttpRequest(decodeResult: success, version: HTTP/1.1, content: EmptyByteBufBE)
GET /session/e66592ae6358f7f0d393909f22180203/url HTTP/1.1
User-Agent: selenium/4.6.0 (java windows)
Cache-Control: no-cache
Content-Type: application/json; charset=utf-8
host: localhost:44337
accept: */*

Response DefaultHttpResponse(decodeResult: success, version: HTTP/1.1)
HTTP/1.1 200 OK
Content-Type: application/json; charset=utf-8
cache-control: no-cache
content-length: 48

15:22:23.989 [AsyncHttpClient-1-2] DEBUG org.asynchttpclient.netty.channel.ChannelManager - Adding key: http://localhost:44337 for channel [id: 0xe2458fda, L:/127.0.0.1:56492 - R:localhost/127.0.0.1:44337]
15:22:24.016 [Forwarding getCurrentWindowHandle on session e66592ae6358f7f0d393909f22180203 to remote] DEBUG org.asynchttpclient.netty.request.NettyRequestSender - Using pooled Channel '[id: 0xe2458fda, L:/127.0.0.1:56492 - R:localhost/127.0.0.1:44337]' for 'GET' to 'http://localhost:44337/session/e66592ae6358f7f0d393909f22180203/window'
15:22:24.016 [Forwarding getCurrentWindowHandle on session e66592ae6358f7f0d393909f22180203 to remote] DEBUG org.asynchttpclient.netty.request.NettyRequestSender - Using open Channel [id: 0xe2458fda, L:/127.0.0.1:56492 - R:localhost/127.0.0.1:44337] for GET '/session/e66592ae6358f7f0d393909f22180203/window'
15:22:24.017 [AsyncHttpClient-1-2] DEBUG org.asynchttpclient.netty.handler.HttpHandler - 

Request DefaultFullHttpRequest(decodeResult: success, version: HTTP/1.1, content: EmptyByteBufBE)
GET /session/e66592ae6358f7f0d393909f22180203/window HTTP/1.1
User-Agent: selenium/4.6.0 (java windows)
Cache-Control: no-cache
Content-Type: application/json; charset=utf-8
host: localhost:44337
accept: */*

Response DefaultHttpResponse(decodeResult: success, version: HTTP/1.1)
HTTP/1.1 200 OK
Content-Type: application/json; charset=utf-8
cache-control: no-cache
content-length: 44

15:22:24.017 [AsyncHttpClient-1-2] DEBUG org.asynchttpclient.netty.channel.ChannelManager - Adding key: http://localhost:44337 for channel [id: 0xe2458fda, L:/127.0.0.1:56492 - R:localhost/127.0.0.1:44337]
15:22:24.027 [Forwarding getAlertText on session e66592ae6358f7f0d393909f22180203 to remote] DEBUG org.asynchttpclient.netty.request.NettyRequestSender - Using pooled Channel '[id: 0xe2458fda, L:/127.0.0.1:56492 - R:localhost/127.0.0.1:44337]' for 'GET' to 'http://localhost:44337/session/e66592ae6358f7f0d393909f22180203/alert/text'
15:22:24.027 [Forwarding getAlertText on session e66592ae6358f7f0d393909f22180203 to remote] DEBUG org.asynchttpclient.netty.request.NettyRequestSender - Using open Channel [id: 0xe2458fda, L:/127.0.0.1:56492 - R:localhost/127.0.0.1:44337] for GET '/session/e66592ae6358f7f0d393909f22180203/alert/text'
15:22:24.028 [AsyncHttpClient-1-2] DEBUG org.asynchttpclient.netty.handler.HttpHandler - 

Request DefaultFullHttpRequest(decodeResult: success, version: HTTP/1.1, content: EmptyByteBufBE)
GET /session/e66592ae6358f7f0d393909f22180203/alert/text HTTP/1.1
User-Agent: selenium/4.6.0 (java windows)
Cache-Control: no-cache
Content-Type: application/json; charset=utf-8
host: localhost:44337
accept: */*

Response DefaultHttpResponse(decodeResult: success, version: HTTP/1.1)
HTTP/1.1 404 Not Found
Content-Type: application/json; charset=utf-8
cache-control: no-cache
content-length: 848

15:22:24.028 [AsyncHttpClient-1-2] DEBUG org.asynchttpclient.netty.channel.ChannelManager - Adding key: http://localhost:44337 for channel [id: 0xe2458fda, L:/127.0.0.1:56492 - R:localhost/127.0.0.1:44337]
15:22:24.034 [Forwarding switchToWindow on session e66592ae6358f7f0d393909f22180203 to remote] DEBUG org.asynchttpclient.netty.request.NettyRequestSender - Using pooled Channel '[id: 0xe2458fda, L:/127.0.0.1:56492 - R:localhost/127.0.0.1:44337]' for 'POST' to 'http://localhost:44337/session/e66592ae6358f7f0d393909f22180203/window'
15:22:24.034 [Forwarding switchToWindow on session e66592ae6358f7f0d393909f22180203 to remote] DEBUG org.asynchttpclient.netty.request.NettyRequestSender - Using open Channel [id: 0xe2458fda, L:/127.0.0.1:56492 - R:localhost/127.0.0.1:44337] for POST '/session/e66592ae6358f7f0d393909f22180203/window'
15:22:24.036 [AsyncHttpClient-1-2] DEBUG org.asynchttpclient.netty.handler.HttpHandler - 

Request DefaultHttpRequest(decodeResult: success, version: HTTP/1.1)
POST /session/e66592ae6358f7f0d393909f22180203/window HTTP/1.1
User-Agent: selenium/4.6.0 (java windows)
Content-Length: 50
Content-Type: application/json; charset=utf-8
host: localhost:44337
accept: */*

Response DefaultHttpResponse(decodeResult: success, version: HTTP/1.1)
HTTP/1.1 200 OK
Content-Type: application/json; charset=utf-8
cache-control: no-cache
content-length: 14

15:22:24.036 [AsyncHttpClient-1-2] DEBUG org.asynchttpclient.netty.channel.ChannelManager - Adding key: http://localhost:44337 for channel [id: 0xe2458fda, L:/127.0.0.1:56492 - R:localhost/127.0.0.1:44337]
15:22:24.037 [Forwarding getCurrentUrl on session e66592ae6358f7f0d393909f22180203 to remote] DEBUG org.asynchttpclient.netty.request.NettyRequestSender - Using pooled Channel '[id: 0xe2458fda, L:/127.0.0.1:56492 - R:localhost/127.0.0.1:44337]' for 'GET' to 'http://localhost:44337/session/e66592ae6358f7f0d393909f22180203/url'
15:22:24.037 [Forwarding getCurrentUrl on session e66592ae6358f7f0d393909f22180203 to remote] DEBUG org.asynchttpclient.netty.request.NettyRequestSender - Using open Channel [id: 0xe2458fda, L:/127.0.0.1:56492 - R:localhost/127.0.0.1:44337] for GET '/session/e66592ae6358f7f0d393909f22180203/url'
15:22:24.041 [AsyncHttpClient-1-2] DEBUG org.asynchttpclient.netty.handler.HttpHandler - 

Request DefaultFullHttpRequest(decodeResult: success, version: HTTP/1.1, content: EmptyByteBufBE)
GET /session/e66592ae6358f7f0d393909f22180203/url HTTP/1.1
User-Agent: selenium/4.6.0 (java windows)
Cache-Control: no-cache
Content-Type: application/json; charset=utf-8
host: localhost:44337
accept: */*

Response DefaultHttpResponse(decodeResult: success, version: HTTP/1.1)
HTTP/1.1 200 OK
Content-Type: application/json; charset=utf-8
cache-control: no-cache
content-length: 48

15:22:24.041 [AsyncHttpClient-1-2] DEBUG org.asynchttpclient.netty.channel.ChannelManager - Adding key: http://localhost:44337 for channel [id: 0xe2458fda, L:/127.0.0.1:56492 - R:localhost/127.0.0.1:44337]
15:22:24.041 [Forwarding screenshot on session e66592ae6358f7f0d393909f22180203 to remote] DEBUG org.asynchttpclient.netty.request.NettyRequestSender - Using pooled Channel '[id: 0xe2458fda, L:/127.0.0.1:56492 - R:localhost/127.0.0.1:44337]' for 'GET' to 'http://localhost:44337/session/e66592ae6358f7f0d393909f22180203/screenshot'
15:22:24.042 [Forwarding screenshot on session e66592ae6358f7f0d393909f22180203 to remote] DEBUG org.asynchttpclient.netty.request.NettyRequestSender - Using open Channel [id: 0xe2458fda, L:/127.0.0.1:56492 - R:localhost/127.0.0.1:44337] for GET '/session/e66592ae6358f7f0d393909f22180203/screenshot'
15:22:24.227 [AsyncHttpClient-1-2] DEBUG org.asynchttpclient.netty.handler.HttpHandler - 

Request DefaultFullHttpRequest(decodeResult: success, version: HTTP/1.1, content: EmptyByteBufBE)
GET /session/e66592ae6358f7f0d393909f22180203/screenshot HTTP/1.1
User-Agent: selenium/4.6.0 (java windows)
Cache-Control: no-cache
Content-Type: application/json; charset=utf-8
host: localhost:44337
accept: */*

Response DefaultHttpResponse(decodeResult: success, version: HTTP/1.1)
HTTP/1.1 200 OK
Content-Type: application/json; charset=utf-8
cache-control: no-cache
content-length: 497396

15:22:24.228 [AsyncHttpClient-1-2] DEBUG org.asynchttpclient.netty.channel.ChannelManager - Adding key: http://localhost:44337 for channel [id: 0xe2458fda, L:/127.0.0.1:56492 - R:localhost/127.0.0.1:44337]
15:22:24.234 [Test worker] DEBUG net.serenitybdd.core.photography.Darkroom - Send negative for processing for C:\Users\Usuario\Documents\retoAutomatizacion\e2e\RetoDemoBlaze\target\site\serenity\e293da8e657105938a6c1571313c0461e67510bbd7fec1904a84d33de75c8816.png
15:22:24.241 [Forwarding getPageSource on session e66592ae6358f7f0d393909f22180203 to remote] DEBUG org.asynchttpclient.netty.request.NettyRequestSender - Using pooled Channel '[id: 0xe2458fda, L:/127.0.0.1:56492 - R:localhost/127.0.0.1:44337]' for 'POST' to 'http://localhost:44337/session/e66592ae6358f7f0d393909f22180203/execute/sync'
15:22:24.241 [Forwarding getPageSource on session e66592ae6358f7f0d393909f22180203 to remote] DEBUG org.asynchttpclient.netty.request.NettyRequestSender - Using open Channel [id: 0xe2458fda, L:/127.0.0.1:56492 - R:localhost/127.0.0.1:44337] for POST '/session/e66592ae6358f7f0d393909f22180203/execute/sync'
15:22:24.249 [AsyncHttpClient-1-2] DEBUG org.asynchttpclient.netty.handler.HttpHandler - 

Request DefaultHttpRequest(decodeResult: success, version: HTTP/1.1)
POST /session/e66592ae6358f7f0d393909f22180203/execute/sync HTTP/1.1
User-Agent: selenium/4.6.0 (java windows)
Content-Length: 176
Content-Type: application/json; charset=utf-8
host: localhost:44337
accept: */*

Response DefaultHttpResponse(decodeResult: success, version: HTTP/1.1)
HTTP/1.1 200 OK
Content-Type: application/json; charset=utf-8
cache-control: no-cache
content-length: 57528

15:22:24.249 [AsyncHttpClient-1-2] DEBUG org.asynchttpclient.netty.channel.ChannelManager - Adding key: http://localhost:44337 for channel [id: 0xe2458fda, L:/127.0.0.1:56492 - R:localhost/127.0.0.1:44337]
15:22:24.255 [Forwarding getCurrentUrl on session e66592ae6358f7f0d393909f22180203 to remote] DEBUG org.asynchttpclient.netty.request.NettyRequestSender - Using pooled Channel '[id: 0xe2458fda, L:/127.0.0.1:56492 - R:localhost/127.0.0.1:44337]' for 'GET' to 'http://localhost:44337/session/e66592ae6358f7f0d393909f22180203/url'
15:22:24.255 [Forwarding getCurrentUrl on session e66592ae6358f7f0d393909f22180203 to remote] DEBUG org.asynchttpclient.netty.request.NettyRequestSender - Using open Channel [id: 0xe2458fda, L:/127.0.0.1:56492 - R:localhost/127.0.0.1:44337] for GET '/session/e66592ae6358f7f0d393909f22180203/url'
15:22:24.267 [AsyncHttpClient-1-2] DEBUG org.asynchttpclient.netty.handler.HttpHandler - 

Request DefaultFullHttpRequest(decodeResult: success, version: HTTP/1.1, content: EmptyByteBufBE)
GET /session/e66592ae6358f7f0d393909f22180203/url HTTP/1.1
User-Agent: selenium/4.6.0 (java windows)
Cache-Control: no-cache
Content-Type: application/json; charset=utf-8
host: localhost:44337
accept: */*

Response DefaultHttpResponse(decodeResult: success, version: HTTP/1.1)
HTTP/1.1 200 OK
Content-Type: application/json; charset=utf-8
cache-control: no-cache
content-length: 48

15:22:24.268 [AsyncHttpClient-1-2] DEBUG org.asynchttpclient.netty.channel.ChannelManager - Adding key: http://localhost:44337 for channel [id: 0xe2458fda, L:/127.0.0.1:56492 - R:localhost/127.0.0.1:44337]
15:22:24.272 [Test worker] DEBUG net.thucydides.core.steps.StepInterceptor - STARTING STEP: demoBlazeStepDefinition.completoElFormulario - performAs
15:22:24.323 [Forwarding getCurrentWindowHandle on session e66592ae6358f7f0d393909f22180203 to remote] DEBUG org.asynchttpclient.netty.request.NettyRequestSender - Using pooled Channel '[id: 0xe2458fda, L:/127.0.0.1:56492 - R:localhost/127.0.0.1:44337]' for 'GET' to 'http://localhost:44337/session/e66592ae6358f7f0d393909f22180203/window'
15:22:24.323 [Forwarding getCurrentWindowHandle on session e66592ae6358f7f0d393909f22180203 to remote] DEBUG org.asynchttpclient.netty.request.NettyRequestSender - Using open Channel [id: 0xe2458fda, L:/127.0.0.1:56492 - R:localhost/127.0.0.1:44337] for GET '/session/e66592ae6358f7f0d393909f22180203/window'
15:22:24.324 [AsyncHttpClient-1-2] DEBUG org.asynchttpclient.netty.handler.HttpHandler - 

Request DefaultFullHttpRequest(decodeResult: success, version: HTTP/1.1, content: EmptyByteBufBE)
GET /session/e66592ae6358f7f0d393909f22180203/window HTTP/1.1
User-Agent: selenium/4.6.0 (java windows)
Cache-Control: no-cache
Content-Type: application/json; charset=utf-8
host: localhost:44337
accept: */*

Response DefaultHttpResponse(decodeResult: success, version: HTTP/1.1)
HTTP/1.1 200 OK
Content-Type: application/json; charset=utf-8
cache-control: no-cache
content-length: 44

15:22:24.324 [AsyncHttpClient-1-2] DEBUG org.asynchttpclient.netty.channel.ChannelManager - Adding key: http://localhost:44337 for channel [id: 0xe2458fda, L:/127.0.0.1:56492 - R:localhost/127.0.0.1:44337]
15:22:24.340 [Forwarding getAlertText on session e66592ae6358f7f0d393909f22180203 to remote] DEBUG org.asynchttpclient.netty.request.NettyRequestSender - Using pooled Channel '[id: 0xe2458fda, L:/127.0.0.1:56492 - R:localhost/127.0.0.1:44337]' for 'GET' to 'http://localhost:44337/session/e66592ae6358f7f0d393909f22180203/alert/text'
15:22:24.340 [Forwarding getAlertText on session e66592ae6358f7f0d393909f22180203 to remote] DEBUG org.asynchttpclient.netty.request.NettyRequestSender - Using open Channel [id: 0xe2458fda, L:/127.0.0.1:56492 - R:localhost/127.0.0.1:44337] for GET '/session/e66592ae6358f7f0d393909f22180203/alert/text'
15:22:24.342 [AsyncHttpClient-1-2] DEBUG org.asynchttpclient.netty.handler.HttpHandler - 

Request DefaultFullHttpRequest(decodeResult: success, version: HTTP/1.1, content: EmptyByteBufBE)
GET /session/e66592ae6358f7f0d393909f22180203/alert/text HTTP/1.1
User-Agent: selenium/4.6.0 (java windows)
Cache-Control: no-cache
Content-Type: application/json; charset=utf-8
host: localhost:44337
accept: */*

Response DefaultHttpResponse(decodeResult: success, version: HTTP/1.1)
HTTP/1.1 404 Not Found
Content-Type: application/json; charset=utf-8
cache-control: no-cache
content-length: 848

15:22:24.342 [AsyncHttpClient-1-2] DEBUG org.asynchttpclient.netty.channel.ChannelManager - Adding key: http://localhost:44337 for channel [id: 0xe2458fda, L:/127.0.0.1:56492 - R:localhost/127.0.0.1:44337]
15:22:24.357 [Forwarding switchToWindow on session e66592ae6358f7f0d393909f22180203 to remote] DEBUG org.asynchttpclient.netty.request.NettyRequestSender - Using pooled Channel '[id: 0xe2458fda, L:/127.0.0.1:56492 - R:localhost/127.0.0.1:44337]' for 'POST' to 'http://localhost:44337/session/e66592ae6358f7f0d393909f22180203/window'
15:22:24.357 [Forwarding switchToWindow on session e66592ae6358f7f0d393909f22180203 to remote] DEBUG org.asynchttpclient.netty.request.NettyRequestSender - Using open Channel [id: 0xe2458fda, L:/127.0.0.1:56492 - R:localhost/127.0.0.1:44337] for POST '/session/e66592ae6358f7f0d393909f22180203/window'
15:22:24.358 [AsyncHttpClient-1-2] DEBUG org.asynchttpclient.netty.handler.HttpHandler - 

Request DefaultHttpRequest(decodeResult: success, version: HTTP/1.1)
POST /session/e66592ae6358f7f0d393909f22180203/window HTTP/1.1
User-Agent: selenium/4.6.0 (java windows)
Content-Length: 50
Content-Type: application/json; charset=utf-8
host: localhost:44337
accept: */*

Response DefaultHttpResponse(decodeResult: success, version: HTTP/1.1)
HTTP/1.1 200 OK
Content-Type: application/json; charset=utf-8
cache-control: no-cache
content-length: 14

15:22:24.358 [AsyncHttpClient-1-2] DEBUG org.asynchttpclient.netty.channel.ChannelManager - Adding key: http://localhost:44337 for channel [id: 0xe2458fda, L:/127.0.0.1:56492 - R:localhost/127.0.0.1:44337]
15:22:24.360 [Forwarding getCurrentUrl on session e66592ae6358f7f0d393909f22180203 to remote] DEBUG org.asynchttpclient.netty.request.NettyRequestSender - Using pooled Channel '[id: 0xe2458fda, L:/127.0.0.1:56492 - R:localhost/127.0.0.1:44337]' for 'GET' to 'http://localhost:44337/session/e66592ae6358f7f0d393909f22180203/url'
15:22:24.360 [Forwarding getCurrentUrl on session e66592ae6358f7f0d393909f22180203 to remote] DEBUG org.asynchttpclient.netty.request.NettyRequestSender - Using open Channel [id: 0xe2458fda, L:/127.0.0.1:56492 - R:localhost/127.0.0.1:44337] for GET '/session/e66592ae6358f7f0d393909f22180203/url'
15:22:24.363 [AsyncHttpClient-1-2] DEBUG org.asynchttpclient.netty.handler.HttpHandler - 

Request DefaultFullHttpRequest(decodeResult: success, version: HTTP/1.1, content: EmptyByteBufBE)
GET /session/e66592ae6358f7f0d393909f22180203/url HTTP/1.1
User-Agent: selenium/4.6.0 (java windows)
Cache-Control: no-cache
Content-Type: application/json; charset=utf-8
host: localhost:44337
accept: */*

Response DefaultHttpResponse(decodeResult: success, version: HTTP/1.1)
HTTP/1.1 200 OK
Content-Type: application/json; charset=utf-8
cache-control: no-cache
content-length: 48

15:22:24.364 [AsyncHttpClient-1-2] DEBUG org.asynchttpclient.netty.channel.ChannelManager - Adding key: http://localhost:44337 for channel [id: 0xe2458fda, L:/127.0.0.1:56492 - R:localhost/127.0.0.1:44337]
15:22:24.364 [Forwarding screenshot on session e66592ae6358f7f0d393909f22180203 to remote] DEBUG org.asynchttpclient.netty.request.NettyRequestSender - Using pooled Channel '[id: 0xe2458fda, L:/127.0.0.1:56492 - R:localhost/127.0.0.1:44337]' for 'GET' to 'http://localhost:44337/session/e66592ae6358f7f0d393909f22180203/screenshot'
15:22:24.364 [Forwarding screenshot on session e66592ae6358f7f0d393909f22180203 to remote] DEBUG org.asynchttpclient.netty.request.NettyRequestSender - Using open Channel [id: 0xe2458fda, L:/127.0.0.1:56492 - R:localhost/127.0.0.1:44337] for GET '/session/e66592ae6358f7f0d393909f22180203/screenshot'
15:22:24.598 [AsyncHttpClient-1-2] DEBUG org.asynchttpclient.netty.handler.HttpHandler - 

Request DefaultFullHttpRequest(decodeResult: success, version: HTTP/1.1, content: EmptyByteBufBE)
GET /session/e66592ae6358f7f0d393909f22180203/screenshot HTTP/1.1
User-Agent: selenium/4.6.0 (java windows)
Cache-Control: no-cache
Content-Type: application/json; charset=utf-8
host: localhost:44337
accept: */*

Response DefaultHttpResponse(decodeResult: success, version: HTTP/1.1)
HTTP/1.1 200 OK
Content-Type: application/json; charset=utf-8
cache-control: no-cache
content-length: 704704

15:22:24.599 [AsyncHttpClient-1-2] DEBUG org.asynchttpclient.netty.channel.ChannelManager - Adding key: http://localhost:44337 for channel [id: 0xe2458fda, L:/127.0.0.1:56492 - R:localhost/127.0.0.1:44337]
15:22:24.609 [Test worker] DEBUG net.serenitybdd.core.photography.Darkroom - Send negative for processing for C:\Users\Usuario\Documents\retoAutomatizacion\e2e\RetoDemoBlaze\target\site\serenity\6b1228dab63a325ef610515d8b9b07d33f52ed39eb7123fc30209f340fc1ab70.png
15:22:24.615 [Forwarding getPageSource on session e66592ae6358f7f0d393909f22180203 to remote] DEBUG org.asynchttpclient.netty.request.NettyRequestSender - Using pooled Channel '[id: 0xe2458fda, L:/127.0.0.1:56492 - R:localhost/127.0.0.1:44337]' for 'POST' to 'http://localhost:44337/session/e66592ae6358f7f0d393909f22180203/execute/sync'
15:22:24.615 [Forwarding getPageSource on session e66592ae6358f7f0d393909f22180203 to remote] DEBUG org.asynchttpclient.netty.request.NettyRequestSender - Using open Channel [id: 0xe2458fda, L:/127.0.0.1:56492 - R:localhost/127.0.0.1:44337] for POST '/session/e66592ae6358f7f0d393909f22180203/execute/sync'
15:22:24.623 [AsyncHttpClient-1-2] DEBUG org.asynchttpclient.netty.handler.HttpHandler - 

Request DefaultHttpRequest(decodeResult: success, version: HTTP/1.1)
POST /session/e66592ae6358f7f0d393909f22180203/execute/sync HTTP/1.1
User-Agent: selenium/4.6.0 (java windows)
Content-Length: 176
Content-Type: application/json; charset=utf-8
host: localhost:44337
accept: */*

Response DefaultHttpResponse(decodeResult: success, version: HTTP/1.1)
HTTP/1.1 200 OK
Content-Type: application/json; charset=utf-8
cache-control: no-cache
content-length: 57604

15:22:24.623 [AsyncHttpClient-1-2] DEBUG org.asynchttpclient.netty.channel.ChannelManager - Adding key: http://localhost:44337 for channel [id: 0xe2458fda, L:/127.0.0.1:56492 - R:localhost/127.0.0.1:44337]
15:22:24.627 [Forwarding getCurrentUrl on session e66592ae6358f7f0d393909f22180203 to remote] DEBUG org.asynchttpclient.netty.request.NettyRequestSender - Using pooled Channel '[id: 0xe2458fda, L:/127.0.0.1:56492 - R:localhost/127.0.0.1:44337]' for 'GET' to 'http://localhost:44337/session/e66592ae6358f7f0d393909f22180203/url'
15:22:24.627 [Forwarding getCurrentUrl on session e66592ae6358f7f0d393909f22180203 to remote] DEBUG org.asynchttpclient.netty.request.NettyRequestSender - Using open Channel [id: 0xe2458fda, L:/127.0.0.1:56492 - R:localhost/127.0.0.1:44337] for GET '/session/e66592ae6358f7f0d393909f22180203/url'
15:22:24.629 [AsyncHttpClient-1-2] DEBUG org.asynchttpclient.netty.handler.HttpHandler - 

Request DefaultFullHttpRequest(decodeResult: success, version: HTTP/1.1, content: EmptyByteBufBE)
GET /session/e66592ae6358f7f0d393909f22180203/url HTTP/1.1
User-Agent: selenium/4.6.0 (java windows)
Cache-Control: no-cache
Content-Type: application/json; charset=utf-8
host: localhost:44337
accept: */*

Response DefaultHttpResponse(decodeResult: success, version: HTTP/1.1)
HTTP/1.1 200 OK
Content-Type: application/json; charset=utf-8
cache-control: no-cache
content-length: 48

15:22:24.630 [AsyncHttpClient-1-2] DEBUG org.asynchttpclient.netty.channel.ChannelManager - Adding key: http://localhost:44337 for channel [id: 0xe2458fda, L:/127.0.0.1:56492 - R:localhost/127.0.0.1:44337]
15:22:24.631 [Test worker] DEBUG net.thucydides.core.steps.StepInterceptor - STARTING STEP: PlaceOrder.performAs - performAs
15:22:24.942 [AsyncHttpClient-1-1] DEBUG org.asynchttpclient.netty.channel.DefaultChannelPool - Entry count for : http://localhost:56493 : 1
15:22:24.942 [AsyncHttpClient-1-1] DEBUG org.asynchttpclient.netty.channel.DefaultChannelPool - Entry count for : http://localhost:44337 : 1
15:22:26.042 [AsyncHttpClient-1-1] DEBUG org.asynchttpclient.netty.channel.DefaultChannelPool - Entry count for : http://localhost:56493 : 1
15:22:26.042 [AsyncHttpClient-1-1] DEBUG org.asynchttpclient.netty.channel.DefaultChannelPool - Entry count for : http://localhost:44337 : 1
15:22:27.142 [AsyncHttpClient-1-1] DEBUG org.asynchttpclient.netty.channel.DefaultChannelPool - Entry count for : http://localhost:56493 : 1
15:22:27.142 [AsyncHttpClient-1-1] DEBUG org.asynchttpclient.netty.channel.DefaultChannelPool - Entry count for : http://localhost:44337 : 1
15:22:27.655 [Forwarding getCurrentWindowHandle on session e66592ae6358f7f0d393909f22180203 to remote] DEBUG org.asynchttpclient.netty.request.NettyRequestSender - Using pooled Channel '[id: 0xe2458fda, L:/127.0.0.1:56492 - R:localhost/127.0.0.1:44337]' for 'GET' to 'http://localhost:44337/session/e66592ae6358f7f0d393909f22180203/window'
15:22:27.655 [Forwarding getCurrentWindowHandle on session e66592ae6358f7f0d393909f22180203 to remote] DEBUG org.asynchttpclient.netty.request.NettyRequestSender - Using open Channel [id: 0xe2458fda, L:/127.0.0.1:56492 - R:localhost/127.0.0.1:44337] for GET '/session/e66592ae6358f7f0d393909f22180203/window'
15:22:27.656 [AsyncHttpClient-1-2] DEBUG org.asynchttpclient.netty.handler.HttpHandler - 

Request DefaultFullHttpRequest(decodeResult: success, version: HTTP/1.1, content: EmptyByteBufBE)
GET /session/e66592ae6358f7f0d393909f22180203/window HTTP/1.1
User-Agent: selenium/4.6.0 (java windows)
Cache-Control: no-cache
Content-Type: application/json; charset=utf-8
host: localhost:44337
accept: */*

Response DefaultHttpResponse(decodeResult: success, version: HTTP/1.1)
HTTP/1.1 200 OK
Content-Type: application/json; charset=utf-8
cache-control: no-cache
content-length: 44

15:22:27.656 [AsyncHttpClient-1-2] DEBUG org.asynchttpclient.netty.channel.ChannelManager - Adding key: http://localhost:44337 for channel [id: 0xe2458fda, L:/127.0.0.1:56492 - R:localhost/127.0.0.1:44337]
15:22:27.661 [Forwarding getAlertText on session e66592ae6358f7f0d393909f22180203 to remote] DEBUG org.asynchttpclient.netty.request.NettyRequestSender - Using pooled Channel '[id: 0xe2458fda, L:/127.0.0.1:56492 - R:localhost/127.0.0.1:44337]' for 'GET' to 'http://localhost:44337/session/e66592ae6358f7f0d393909f22180203/alert/text'
15:22:27.661 [Forwarding getAlertText on session e66592ae6358f7f0d393909f22180203 to remote] DEBUG org.asynchttpclient.netty.request.NettyRequestSender - Using open Channel [id: 0xe2458fda, L:/127.0.0.1:56492 - R:localhost/127.0.0.1:44337] for GET '/session/e66592ae6358f7f0d393909f22180203/alert/text'
15:22:27.663 [AsyncHttpClient-1-2] DEBUG org.asynchttpclient.netty.handler.HttpHandler - 

Request DefaultFullHttpRequest(decodeResult: success, version: HTTP/1.1, content: EmptyByteBufBE)
GET /session/e66592ae6358f7f0d393909f22180203/alert/text HTTP/1.1
User-Agent: selenium/4.6.0 (java windows)
Cache-Control: no-cache
Content-Type: application/json; charset=utf-8
host: localhost:44337
accept: */*

Response DefaultHttpResponse(decodeResult: success, version: HTTP/1.1)
HTTP/1.1 404 Not Found
Content-Type: application/json; charset=utf-8
cache-control: no-cache
content-length: 848

15:22:27.663 [AsyncHttpClient-1-2] DEBUG org.asynchttpclient.netty.channel.ChannelManager - Adding key: http://localhost:44337 for channel [id: 0xe2458fda, L:/127.0.0.1:56492 - R:localhost/127.0.0.1:44337]
15:22:27.669 [Forwarding switchToWindow on session e66592ae6358f7f0d393909f22180203 to remote] DEBUG org.asynchttpclient.netty.request.NettyRequestSender - Using pooled Channel '[id: 0xe2458fda, L:/127.0.0.1:56492 - R:localhost/127.0.0.1:44337]' for 'POST' to 'http://localhost:44337/session/e66592ae6358f7f0d393909f22180203/window'
15:22:27.669 [Forwarding switchToWindow on session e66592ae6358f7f0d393909f22180203 to remote] DEBUG org.asynchttpclient.netty.request.NettyRequestSender - Using open Channel [id: 0xe2458fda, L:/127.0.0.1:56492 - R:localhost/127.0.0.1:44337] for POST '/session/e66592ae6358f7f0d393909f22180203/window'
15:22:27.671 [AsyncHttpClient-1-2] DEBUG org.asynchttpclient.netty.handler.HttpHandler - 

Request DefaultHttpRequest(decodeResult: success, version: HTTP/1.1)
POST /session/e66592ae6358f7f0d393909f22180203/window HTTP/1.1
User-Agent: selenium/4.6.0 (java windows)
Content-Length: 50
Content-Type: application/json; charset=utf-8
host: localhost:44337
accept: */*

Response DefaultHttpResponse(decodeResult: success, version: HTTP/1.1)
HTTP/1.1 200 OK
Content-Type: application/json; charset=utf-8
cache-control: no-cache
content-length: 14

15:22:27.671 [AsyncHttpClient-1-2] DEBUG org.asynchttpclient.netty.channel.ChannelManager - Adding key: http://localhost:44337 for channel [id: 0xe2458fda, L:/127.0.0.1:56492 - R:localhost/127.0.0.1:44337]
15:22:27.672 [Forwarding getCurrentUrl on session e66592ae6358f7f0d393909f22180203 to remote] DEBUG org.asynchttpclient.netty.request.NettyRequestSender - Using pooled Channel '[id: 0xe2458fda, L:/127.0.0.1:56492 - R:localhost/127.0.0.1:44337]' for 'GET' to 'http://localhost:44337/session/e66592ae6358f7f0d393909f22180203/url'
15:22:27.672 [Forwarding getCurrentUrl on session e66592ae6358f7f0d393909f22180203 to remote] DEBUG org.asynchttpclient.netty.request.NettyRequestSender - Using open Channel [id: 0xe2458fda, L:/127.0.0.1:56492 - R:localhost/127.0.0.1:44337] for GET '/session/e66592ae6358f7f0d393909f22180203/url'
15:22:27.675 [AsyncHttpClient-1-2] DEBUG org.asynchttpclient.netty.handler.HttpHandler - 

Request DefaultFullHttpRequest(decodeResult: success, version: HTTP/1.1, content: EmptyByteBufBE)
GET /session/e66592ae6358f7f0d393909f22180203/url HTTP/1.1
User-Agent: selenium/4.6.0 (java windows)
Cache-Control: no-cache
Content-Type: application/json; charset=utf-8
host: localhost:44337
accept: */*

Response DefaultHttpResponse(decodeResult: success, version: HTTP/1.1)
HTTP/1.1 200 OK
Content-Type: application/json; charset=utf-8
cache-control: no-cache
content-length: 48

15:22:27.675 [AsyncHttpClient-1-2] DEBUG org.asynchttpclient.netty.channel.ChannelManager - Adding key: http://localhost:44337 for channel [id: 0xe2458fda, L:/127.0.0.1:56492 - R:localhost/127.0.0.1:44337]
15:22:27.676 [Forwarding screenshot on session e66592ae6358f7f0d393909f22180203 to remote] DEBUG org.asynchttpclient.netty.request.NettyRequestSender - Using pooled Channel '[id: 0xe2458fda, L:/127.0.0.1:56492 - R:localhost/127.0.0.1:44337]' for 'GET' to 'http://localhost:44337/session/e66592ae6358f7f0d393909f22180203/screenshot'
15:22:27.676 [Forwarding screenshot on session e66592ae6358f7f0d393909f22180203 to remote] DEBUG org.asynchttpclient.netty.request.NettyRequestSender - Using open Channel [id: 0xe2458fda, L:/127.0.0.1:56492 - R:localhost/127.0.0.1:44337] for GET '/session/e66592ae6358f7f0d393909f22180203/screenshot'
15:22:27.895 [AsyncHttpClient-1-2] DEBUG org.asynchttpclient.netty.handler.HttpHandler - 

Request DefaultFullHttpRequest(decodeResult: success, version: HTTP/1.1, content: EmptyByteBufBE)
GET /session/e66592ae6358f7f0d393909f22180203/screenshot HTTP/1.1
User-Agent: selenium/4.6.0 (java windows)
Cache-Control: no-cache
Content-Type: application/json; charset=utf-8
host: localhost:44337
accept: */*

Response DefaultHttpResponse(decodeResult: success, version: HTTP/1.1)
HTTP/1.1 200 OK
Content-Type: application/json; charset=utf-8
cache-control: no-cache
content-length: 704704

15:22:27.896 [AsyncHttpClient-1-2] DEBUG org.asynchttpclient.netty.channel.ChannelManager - Adding key: http://localhost:44337 for channel [id: 0xe2458fda, L:/127.0.0.1:56492 - R:localhost/127.0.0.1:44337]
15:22:27.905 [Test worker] DEBUG net.serenitybdd.core.photography.Darkroom - Send negative for processing for C:\Users\Usuario\Documents\retoAutomatizacion\e2e\RetoDemoBlaze\target\site\serenity\6b1228dab63a325ef610515d8b9b07d33f52ed39eb7123fc30209f340fc1ab70.png
15:22:27.905 [Test worker] DEBUG net.thucydides.core.steps.StepInterceptor - STEP DONE: performAs
15:22:27.918 [Test worker] DEBUG net.serenitybdd.screenplay.targets.IFrameSwitcher - default content already selected for Cart
15:22:27.923 [Forwarding findElements on session e66592ae6358f7f0d393909f22180203 to remote] DEBUG org.asynchttpclient.netty.request.NettyRequestSender - Using pooled Channel '[id: 0xe2458fda, L:/127.0.0.1:56492 - R:localhost/127.0.0.1:44337]' for 'POST' to 'http://localhost:44337/session/e66592ae6358f7f0d393909f22180203/elements'
15:22:27.923 [Forwarding findElements on session e66592ae6358f7f0d393909f22180203 to remote] DEBUG org.asynchttpclient.netty.request.NettyRequestSender - Using open Channel [id: 0xe2458fda, L:/127.0.0.1:56492 - R:localhost/127.0.0.1:44337] for POST '/session/e66592ae6358f7f0d393909f22180203/elements'
15:22:27.934 [AsyncHttpClient-1-2] DEBUG org.asynchttpclient.netty.handler.HttpHandler - 

Request DefaultHttpRequest(decodeResult: success, version: HTTP/1.1)
POST /session/e66592ae6358f7f0d393909f22180203/elements HTTP/1.1
User-Agent: selenium/4.6.0 (java windows)
Content-Length: 66
Content-Type: application/json; charset=utf-8
host: localhost:44337
accept: */*

Response DefaultHttpResponse(decodeResult: success, version: HTTP/1.1)
HTTP/1.1 200 OK
Content-Type: application/json; charset=utf-8
cache-control: no-cache
content-length: 98

15:22:27.934 [AsyncHttpClient-1-2] DEBUG org.asynchttpclient.netty.channel.ChannelManager - Adding key: http://localhost:44337 for channel [id: 0xe2458fda, L:/127.0.0.1:56492 - R:localhost/127.0.0.1:44337]
15:22:27.956 [Forwarding isElementDisplayed on session e66592ae6358f7f0d393909f22180203 to remote] DEBUG org.asynchttpclient.netty.request.NettyRequestSender - Using pooled Channel '[id: 0xe2458fda, L:/127.0.0.1:56492 - R:localhost/127.0.0.1:44337]' for 'POST' to 'http://localhost:44337/session/e66592ae6358f7f0d393909f22180203/execute/sync'
15:22:27.956 [Forwarding isElementDisplayed on session e66592ae6358f7f0d393909f22180203 to remote] DEBUG org.asynchttpclient.netty.request.NettyRequestSender - Using open Channel [id: 0xe2458fda, L:/127.0.0.1:56492 - R:localhost/127.0.0.1:44337] for POST '/session/e66592ae6358f7f0d393909f22180203/execute/sync'
15:22:27.963 [AsyncHttpClient-1-2] DEBUG org.asynchttpclient.netty.handler.HttpHandler - 

Request DefaultHttpRequest(decodeResult: success, version: HTTP/1.1)
POST /session/e66592ae6358f7f0d393909f22180203/execute/sync HTTP/1.1
User-Agent: selenium/4.6.0 (java windows)
Content-Length: 48788
Content-Type: application/json; charset=utf-8
host: localhost:44337
accept: */*

Response DefaultHttpResponse(decodeResult: success, version: HTTP/1.1)
HTTP/1.1 200 OK
Content-Type: application/json; charset=utf-8
cache-control: no-cache
content-length: 14

15:22:27.963 [AsyncHttpClient-1-2] DEBUG org.asynchttpclient.netty.channel.ChannelManager - Adding key: http://localhost:44337 for channel [id: 0xe2458fda, L:/127.0.0.1:56492 - R:localhost/127.0.0.1:44337]
15:22:27.963 [Forwarding isElementEnabled on session e66592ae6358f7f0d393909f22180203 to remote] DEBUG org.asynchttpclient.netty.request.NettyRequestSender - Using pooled Channel '[id: 0xe2458fda, L:/127.0.0.1:56492 - R:localhost/127.0.0.1:44337]' for 'GET' to 'http://localhost:44337/session/e66592ae6358f7f0d393909f22180203/element/3F193E14F57A656196E45BA8D8586E71_element_302/enabled'
15:22:27.963 [Forwarding isElementEnabled on session e66592ae6358f7f0d393909f22180203 to remote] DEBUG org.asynchttpclient.netty.request.NettyRequestSender - Using open Channel [id: 0xe2458fda, L:/127.0.0.1:56492 - R:localhost/127.0.0.1:44337] for GET '/session/e66592ae6358f7f0d393909f22180203/element/3F193E14F57A656196E45BA8D8586E71_element_302/enabled'
15:22:27.970 [AsyncHttpClient-1-2] DEBUG org.asynchttpclient.netty.handler.HttpHandler - 

Request DefaultFullHttpRequest(decodeResult: success, version: HTTP/1.1, content: EmptyByteBufBE)
GET /session/e66592ae6358f7f0d393909f22180203/element/3F193E14F57A656196E45BA8D8586E71_element_302/enabled HTTP/1.1
User-Agent: selenium/4.6.0 (java windows)
Cache-Control: no-cache
Content-Type: application/json; charset=utf-8
host: localhost:44337
accept: */*

Response DefaultHttpResponse(decodeResult: success, version: HTTP/1.1)
HTTP/1.1 200 OK
Content-Type: application/json; charset=utf-8
cache-control: no-cache
content-length: 14

15:22:27.970 [AsyncHttpClient-1-2] DEBUG org.asynchttpclient.netty.channel.ChannelManager - Adding key: http://localhost:44337 for channel [id: 0xe2458fda, L:/127.0.0.1:56492 - R:localhost/127.0.0.1:44337]
15:22:27.998 [Forwarding getCurrentWindowHandle on session e66592ae6358f7f0d393909f22180203 to remote] DEBUG org.asynchttpclient.netty.request.NettyRequestSender - Using pooled Channel '[id: 0xe2458fda, L:/127.0.0.1:56492 - R:localhost/127.0.0.1:44337]' for 'GET' to 'http://localhost:44337/session/e66592ae6358f7f0d393909f22180203/window'
15:22:27.998 [Forwarding getCurrentWindowHandle on session e66592ae6358f7f0d393909f22180203 to remote] DEBUG org.asynchttpclient.netty.request.NettyRequestSender - Using open Channel [id: 0xe2458fda, L:/127.0.0.1:56492 - R:localhost/127.0.0.1:44337] for GET '/session/e66592ae6358f7f0d393909f22180203/window'
15:22:27.998 [AsyncHttpClient-1-2] DEBUG org.asynchttpclient.netty.handler.HttpHandler - 

Request DefaultFullHttpRequest(decodeResult: success, version: HTTP/1.1, content: EmptyByteBufBE)
GET /session/e66592ae6358f7f0d393909f22180203/window HTTP/1.1
User-Agent: selenium/4.6.0 (java windows)
Cache-Control: no-cache
Content-Type: application/json; charset=utf-8
host: localhost:44337
accept: */*

Response DefaultHttpResponse(decodeResult: success, version: HTTP/1.1)
HTTP/1.1 200 OK
Content-Type: application/json; charset=utf-8
cache-control: no-cache
content-length: 44

15:22:27.999 [AsyncHttpClient-1-2] DEBUG org.asynchttpclient.netty.channel.ChannelManager - Adding key: http://localhost:44337 for channel [id: 0xe2458fda, L:/127.0.0.1:56492 - R:localhost/127.0.0.1:44337]
15:22:28.006 [Forwarding getAlertText on session e66592ae6358f7f0d393909f22180203 to remote] DEBUG org.asynchttpclient.netty.request.NettyRequestSender - Using pooled Channel '[id: 0xe2458fda, L:/127.0.0.1:56492 - R:localhost/127.0.0.1:44337]' for 'GET' to 'http://localhost:44337/session/e66592ae6358f7f0d393909f22180203/alert/text'
15:22:28.006 [Forwarding getAlertText on session e66592ae6358f7f0d393909f22180203 to remote] DEBUG org.asynchttpclient.netty.request.NettyRequestSender - Using open Channel [id: 0xe2458fda, L:/127.0.0.1:56492 - R:localhost/127.0.0.1:44337] for GET '/session/e66592ae6358f7f0d393909f22180203/alert/text'
15:22:28.008 [AsyncHttpClient-1-2] DEBUG org.asynchttpclient.netty.handler.HttpHandler - 

Request DefaultFullHttpRequest(decodeResult: success, version: HTTP/1.1, content: EmptyByteBufBE)
GET /session/e66592ae6358f7f0d393909f22180203/alert/text HTTP/1.1
User-Agent: selenium/4.6.0 (java windows)
Cache-Control: no-cache
Content-Type: application/json; charset=utf-8
host: localhost:44337
accept: */*

Response DefaultHttpResponse(decodeResult: success, version: HTTP/1.1)
HTTP/1.1 404 Not Found
Content-Type: application/json; charset=utf-8
cache-control: no-cache
content-length: 848

15:22:28.008 [AsyncHttpClient-1-2] DEBUG org.asynchttpclient.netty.channel.ChannelManager - Adding key: http://localhost:44337 for channel [id: 0xe2458fda, L:/127.0.0.1:56492 - R:localhost/127.0.0.1:44337]
15:22:28.015 [Forwarding switchToWindow on session e66592ae6358f7f0d393909f22180203 to remote] DEBUG org.asynchttpclient.netty.request.NettyRequestSender - Using pooled Channel '[id: 0xe2458fda, L:/127.0.0.1:56492 - R:localhost/127.0.0.1:44337]' for 'POST' to 'http://localhost:44337/session/e66592ae6358f7f0d393909f22180203/window'
15:22:28.015 [Forwarding switchToWindow on session e66592ae6358f7f0d393909f22180203 to remote] DEBUG org.asynchttpclient.netty.request.NettyRequestSender - Using open Channel [id: 0xe2458fda, L:/127.0.0.1:56492 - R:localhost/127.0.0.1:44337] for POST '/session/e66592ae6358f7f0d393909f22180203/window'
15:22:28.016 [AsyncHttpClient-1-2] DEBUG org.asynchttpclient.netty.handler.HttpHandler - 

Request DefaultHttpRequest(decodeResult: success, version: HTTP/1.1)
POST /session/e66592ae6358f7f0d393909f22180203/window HTTP/1.1
User-Agent: selenium/4.6.0 (java windows)
Content-Length: 50
Content-Type: application/json; charset=utf-8
host: localhost:44337
accept: */*

Response DefaultHttpResponse(decodeResult: success, version: HTTP/1.1)
HTTP/1.1 200 OK
Content-Type: application/json; charset=utf-8
cache-control: no-cache
content-length: 14

15:22:28.017 [AsyncHttpClient-1-2] DEBUG org.asynchttpclient.netty.channel.ChannelManager - Adding key: http://localhost:44337 for channel [id: 0xe2458fda, L:/127.0.0.1:56492 - R:localhost/127.0.0.1:44337]
15:22:28.017 [Forwarding getCurrentUrl on session e66592ae6358f7f0d393909f22180203 to remote] DEBUG org.asynchttpclient.netty.request.NettyRequestSender - Using pooled Channel '[id: 0xe2458fda, L:/127.0.0.1:56492 - R:localhost/127.0.0.1:44337]' for 'GET' to 'http://localhost:44337/session/e66592ae6358f7f0d393909f22180203/url'
15:22:28.017 [Forwarding getCurrentUrl on session e66592ae6358f7f0d393909f22180203 to remote] DEBUG org.asynchttpclient.netty.request.NettyRequestSender - Using open Channel [id: 0xe2458fda, L:/127.0.0.1:56492 - R:localhost/127.0.0.1:44337] for GET '/session/e66592ae6358f7f0d393909f22180203/url'
15:22:28.021 [AsyncHttpClient-1-2] DEBUG org.asynchttpclient.netty.handler.HttpHandler - 

Request DefaultFullHttpRequest(decodeResult: success, version: HTTP/1.1, content: EmptyByteBufBE)
GET /session/e66592ae6358f7f0d393909f22180203/url HTTP/1.1
User-Agent: selenium/4.6.0 (java windows)
Cache-Control: no-cache
Content-Type: application/json; charset=utf-8
host: localhost:44337
accept: */*

Response DefaultHttpResponse(decodeResult: success, version: HTTP/1.1)
HTTP/1.1 200 OK
Content-Type: application/json; charset=utf-8
cache-control: no-cache
content-length: 48

15:22:28.021 [AsyncHttpClient-1-2] DEBUG org.asynchttpclient.netty.channel.ChannelManager - Adding key: http://localhost:44337 for channel [id: 0xe2458fda, L:/127.0.0.1:56492 - R:localhost/127.0.0.1:44337]
15:22:28.021 [Forwarding screenshot on session e66592ae6358f7f0d393909f22180203 to remote] DEBUG org.asynchttpclient.netty.request.NettyRequestSender - Using pooled Channel '[id: 0xe2458fda, L:/127.0.0.1:56492 - R:localhost/127.0.0.1:44337]' for 'GET' to 'http://localhost:44337/session/e66592ae6358f7f0d393909f22180203/screenshot'
15:22:28.021 [Forwarding screenshot on session e66592ae6358f7f0d393909f22180203 to remote] DEBUG org.asynchttpclient.netty.request.NettyRequestSender - Using open Channel [id: 0xe2458fda, L:/127.0.0.1:56492 - R:localhost/127.0.0.1:44337] for GET '/session/e66592ae6358f7f0d393909f22180203/screenshot'
15:22:28.246 [AsyncHttpClient-1-1] DEBUG org.asynchttpclient.netty.channel.DefaultChannelPool - Entry count for : http://localhost:56493 : 1
15:22:28.260 [AsyncHttpClient-1-2] DEBUG org.asynchttpclient.netty.handler.HttpHandler - 

Request DefaultFullHttpRequest(decodeResult: success, version: HTTP/1.1, content: EmptyByteBufBE)
GET /session/e66592ae6358f7f0d393909f22180203/screenshot HTTP/1.1
User-Agent: selenium/4.6.0 (java windows)
Cache-Control: no-cache
Content-Type: application/json; charset=utf-8
host: localhost:44337
accept: */*

Response DefaultHttpResponse(decodeResult: success, version: HTTP/1.1)
HTTP/1.1 200 OK
Content-Type: application/json; charset=utf-8
cache-control: no-cache
content-length: 704704

15:22:28.264 [AsyncHttpClient-1-2] DEBUG org.asynchttpclient.netty.channel.ChannelManager - Adding key: http://localhost:44337 for channel [id: 0xe2458fda, L:/127.0.0.1:56492 - R:localhost/127.0.0.1:44337]
15:22:28.275 [Test worker] DEBUG net.serenitybdd.core.photography.Darkroom - Send negative for processing for C:\Users\Usuario\Documents\retoAutomatizacion\e2e\RetoDemoBlaze\target\site\serenity\6b1228dab63a325ef610515d8b9b07d33f52ed39eb7123fc30209f340fc1ab70.png
15:22:28.288 [Forwarding getPageSource on session e66592ae6358f7f0d393909f22180203 to remote] DEBUG org.asynchttpclient.netty.request.NettyRequestSender - Using pooled Channel '[id: 0xe2458fda, L:/127.0.0.1:56492 - R:localhost/127.0.0.1:44337]' for 'POST' to 'http://localhost:44337/session/e66592ae6358f7f0d393909f22180203/execute/sync'
15:22:28.288 [Forwarding getPageSource on session e66592ae6358f7f0d393909f22180203 to remote] DEBUG org.asynchttpclient.netty.request.NettyRequestSender - Using open Channel [id: 0xe2458fda, L:/127.0.0.1:56492 - R:localhost/127.0.0.1:44337] for POST '/session/e66592ae6358f7f0d393909f22180203/execute/sync'
15:22:28.297 [AsyncHttpClient-1-2] DEBUG org.asynchttpclient.netty.handler.HttpHandler - 

Request DefaultHttpRequest(decodeResult: success, version: HTTP/1.1)
POST /session/e66592ae6358f7f0d393909f22180203/execute/sync HTTP/1.1
User-Agent: selenium/4.6.0 (java windows)
Content-Length: 176
Content-Type: application/json; charset=utf-8
host: localhost:44337
accept: */*

Response DefaultHttpResponse(decodeResult: success, version: HTTP/1.1)
HTTP/1.1 200 OK
Content-Type: application/json; charset=utf-8
cache-control: no-cache
content-length: 57672

15:22:28.297 [AsyncHttpClient-1-2] DEBUG org.asynchttpclient.netty.channel.ChannelManager - Adding key: http://localhost:44337 for channel [id: 0xe2458fda, L:/127.0.0.1:56492 - R:localhost/127.0.0.1:44337]
15:22:28.308 [Forwarding getCurrentUrl on session e66592ae6358f7f0d393909f22180203 to remote] DEBUG org.asynchttpclient.netty.request.NettyRequestSender - Using pooled Channel '[id: 0xe2458fda, L:/127.0.0.1:56492 - R:localhost/127.0.0.1:44337]' for 'GET' to 'http://localhost:44337/session/e66592ae6358f7f0d393909f22180203/url'
15:22:28.308 [Forwarding getCurrentUrl on session e66592ae6358f7f0d393909f22180203 to remote] DEBUG org.asynchttpclient.netty.request.NettyRequestSender - Using open Channel [id: 0xe2458fda, L:/127.0.0.1:56492 - R:localhost/127.0.0.1:44337] for GET '/session/e66592ae6358f7f0d393909f22180203/url'
15:22:28.314 [AsyncHttpClient-1-2] DEBUG org.asynchttpclient.netty.handler.HttpHandler - 

Request DefaultFullHttpRequest(decodeResult: success, version: HTTP/1.1, content: EmptyByteBufBE)
GET /session/e66592ae6358f7f0d393909f22180203/url HTTP/1.1
User-Agent: selenium/4.6.0 (java windows)
Cache-Control: no-cache
Content-Type: application/json; charset=utf-8
host: localhost:44337
accept: */*

Response DefaultHttpResponse(decodeResult: success, version: HTTP/1.1)
HTTP/1.1 200 OK
Content-Type: application/json; charset=utf-8
cache-control: no-cache
content-length: 48

15:22:28.314 [AsyncHttpClient-1-2] DEBUG org.asynchttpclient.netty.channel.ChannelManager - Adding key: http://localhost:44337 for channel [id: 0xe2458fda, L:/127.0.0.1:56492 - R:localhost/127.0.0.1:44337]
15:22:28.316 [Test worker] DEBUG net.thucydides.core.steps.StepInterceptor - STARTING STEP: PlaceOrder.performAs - {0} opens the browser at #url
15:22:28.322 [Forwarding get on session e66592ae6358f7f0d393909f22180203 to remote] DEBUG org.asynchttpclient.netty.request.NettyRequestSender - Using pooled Channel '[id: 0xe2458fda, L:/127.0.0.1:56492 - R:localhost/127.0.0.1:44337]' for 'POST' to 'http://localhost:44337/session/e66592ae6358f7f0d393909f22180203/url'
15:22:28.322 [Forwarding get on session e66592ae6358f7f0d393909f22180203 to remote] DEBUG org.asynchttpclient.netty.request.NettyRequestSender - Using open Channel [id: 0xe2458fda, L:/127.0.0.1:56492 - R:localhost/127.0.0.1:44337] for POST '/session/e66592ae6358f7f0d393909f22180203/url'
15:22:29.114 [AsyncHttpClient-1-2] DEBUG org.asynchttpclient.netty.handler.HttpHandler - 

Request DefaultHttpRequest(decodeResult: success, version: HTTP/1.1)
POST /session/e66592ae6358f7f0d393909f22180203/url HTTP/1.1
User-Agent: selenium/4.6.0 (java windows)
Content-Length: 65
Content-Type: application/json; charset=utf-8
host: localhost:44337
accept: */*

Response DefaultHttpResponse(decodeResult: success, version: HTTP/1.1)
HTTP/1.1 200 OK
Content-Type: application/json; charset=utf-8
cache-control: no-cache
content-length: 14

15:22:29.114 [AsyncHttpClient-1-2] DEBUG org.asynchttpclient.netty.channel.ChannelManager - Adding key: http://localhost:44337 for channel [id: 0xe2458fda, L:/127.0.0.1:56492 - R:localhost/127.0.0.1:44337]
15:22:29.132 [Forwarding getCurrentUrl on session e66592ae6358f7f0d393909f22180203 to remote] DEBUG org.asynchttpclient.netty.request.NettyRequestSender - Using pooled Channel '[id: 0xe2458fda, L:/127.0.0.1:56492 - R:localhost/127.0.0.1:44337]' for 'GET' to 'http://localhost:44337/session/e66592ae6358f7f0d393909f22180203/url'
15:22:29.133 [Forwarding getCurrentUrl on session e66592ae6358f7f0d393909f22180203 to remote] DEBUG org.asynchttpclient.netty.request.NettyRequestSender - Using open Channel [id: 0xe2458fda, L:/127.0.0.1:56492 - R:localhost/127.0.0.1:44337] for GET '/session/e66592ae6358f7f0d393909f22180203/url'
15:22:29.140 [AsyncHttpClient-1-2] DEBUG org.asynchttpclient.netty.handler.HttpHandler - 

Request DefaultFullHttpRequest(decodeResult: success, version: HTTP/1.1, content: EmptyByteBufBE)
GET /session/e66592ae6358f7f0d393909f22180203/url HTTP/1.1
User-Agent: selenium/4.6.0 (java windows)
Cache-Control: no-cache
Content-Type: application/json; charset=utf-8
host: localhost:44337
accept: */*

Response DefaultHttpResponse(decodeResult: success, version: HTTP/1.1)
HTTP/1.1 200 OK
Content-Type: application/json; charset=utf-8
cache-control: no-cache
content-length: 47

15:22:29.140 [AsyncHttpClient-1-2] DEBUG org.asynchttpclient.netty.channel.ChannelManager - Adding key: http://localhost:44337 for channel [id: 0xe2458fda, L:/127.0.0.1:56492 - R:localhost/127.0.0.1:44337]
15:22:29.163 [Forwarding getCurrentWindowHandle on session e66592ae6358f7f0d393909f22180203 to remote] DEBUG org.asynchttpclient.netty.request.NettyRequestSender - Using pooled Channel '[id: 0xe2458fda, L:/127.0.0.1:56492 - R:localhost/127.0.0.1:44337]' for 'GET' to 'http://localhost:44337/session/e66592ae6358f7f0d393909f22180203/window'
15:22:29.163 [Forwarding getCurrentWindowHandle on session e66592ae6358f7f0d393909f22180203 to remote] DEBUG org.asynchttpclient.netty.request.NettyRequestSender - Using open Channel [id: 0xe2458fda, L:/127.0.0.1:56492 - R:localhost/127.0.0.1:44337] for GET '/session/e66592ae6358f7f0d393909f22180203/window'
15:22:29.164 [AsyncHttpClient-1-2] DEBUG org.asynchttpclient.netty.handler.HttpHandler - 

Request DefaultFullHttpRequest(decodeResult: success, version: HTTP/1.1, content: EmptyByteBufBE)
GET /session/e66592ae6358f7f0d393909f22180203/window HTTP/1.1
User-Agent: selenium/4.6.0 (java windows)
Cache-Control: no-cache
Content-Type: application/json; charset=utf-8
host: localhost:44337
accept: */*

Response DefaultHttpResponse(decodeResult: success, version: HTTP/1.1)
HTTP/1.1 200 OK
Content-Type: application/json; charset=utf-8
cache-control: no-cache
content-length: 44

15:22:29.164 [AsyncHttpClient-1-2] DEBUG org.asynchttpclient.netty.channel.ChannelManager - Adding key: http://localhost:44337 for channel [id: 0xe2458fda, L:/127.0.0.1:56492 - R:localhost/127.0.0.1:44337]
15:22:29.172 [Forwarding getAlertText on session e66592ae6358f7f0d393909f22180203 to remote] DEBUG org.asynchttpclient.netty.request.NettyRequestSender - Using pooled Channel '[id: 0xe2458fda, L:/127.0.0.1:56492 - R:localhost/127.0.0.1:44337]' for 'GET' to 'http://localhost:44337/session/e66592ae6358f7f0d393909f22180203/alert/text'
15:22:29.172 [Forwarding getAlertText on session e66592ae6358f7f0d393909f22180203 to remote] DEBUG org.asynchttpclient.netty.request.NettyRequestSender - Using open Channel [id: 0xe2458fda, L:/127.0.0.1:56492 - R:localhost/127.0.0.1:44337] for GET '/session/e66592ae6358f7f0d393909f22180203/alert/text'
15:22:29.174 [AsyncHttpClient-1-2] DEBUG org.asynchttpclient.netty.handler.HttpHandler - 

Request DefaultFullHttpRequest(decodeResult: success, version: HTTP/1.1, content: EmptyByteBufBE)
GET /session/e66592ae6358f7f0d393909f22180203/alert/text HTTP/1.1
User-Agent: selenium/4.6.0 (java windows)
Cache-Control: no-cache
Content-Type: application/json; charset=utf-8
host: localhost:44337
accept: */*

Response DefaultHttpResponse(decodeResult: success, version: HTTP/1.1)
HTTP/1.1 404 Not Found
Content-Type: application/json; charset=utf-8
cache-control: no-cache
content-length: 848

15:22:29.174 [AsyncHttpClient-1-2] DEBUG org.asynchttpclient.netty.channel.ChannelManager - Adding key: http://localhost:44337 for channel [id: 0xe2458fda, L:/127.0.0.1:56492 - R:localhost/127.0.0.1:44337]
15:22:29.182 [Forwarding switchToWindow on session e66592ae6358f7f0d393909f22180203 to remote] DEBUG org.asynchttpclient.netty.request.NettyRequestSender - Using pooled Channel '[id: 0xe2458fda, L:/127.0.0.1:56492 - R:localhost/127.0.0.1:44337]' for 'POST' to 'http://localhost:44337/session/e66592ae6358f7f0d393909f22180203/window'
15:22:29.182 [Forwarding switchToWindow on session e66592ae6358f7f0d393909f22180203 to remote] DEBUG org.asynchttpclient.netty.request.NettyRequestSender - Using open Channel [id: 0xe2458fda, L:/127.0.0.1:56492 - R:localhost/127.0.0.1:44337] for POST '/session/e66592ae6358f7f0d393909f22180203/window'
15:22:29.184 [AsyncHttpClient-1-2] DEBUG org.asynchttpclient.netty.handler.HttpHandler - 

Request DefaultHttpRequest(decodeResult: success, version: HTTP/1.1)
POST /session/e66592ae6358f7f0d393909f22180203/window HTTP/1.1
User-Agent: selenium/4.6.0 (java windows)
Content-Length: 50
Content-Type: application/json; charset=utf-8
host: localhost:44337
accept: */*

Response DefaultHttpResponse(decodeResult: success, version: HTTP/1.1)
HTTP/1.1 200 OK
Content-Type: application/json; charset=utf-8
cache-control: no-cache
content-length: 14

15:22:29.184 [AsyncHttpClient-1-2] DEBUG org.asynchttpclient.netty.channel.ChannelManager - Adding key: http://localhost:44337 for channel [id: 0xe2458fda, L:/127.0.0.1:56492 - R:localhost/127.0.0.1:44337]
15:22:29.185 [Forwarding getCurrentUrl on session e66592ae6358f7f0d393909f22180203 to remote] DEBUG org.asynchttpclient.netty.request.NettyRequestSender - Using pooled Channel '[id: 0xe2458fda, L:/127.0.0.1:56492 - R:localhost/127.0.0.1:44337]' for 'GET' to 'http://localhost:44337/session/e66592ae6358f7f0d393909f22180203/url'
15:22:29.185 [Forwarding getCurrentUrl on session e66592ae6358f7f0d393909f22180203 to remote] DEBUG org.asynchttpclient.netty.request.NettyRequestSender - Using open Channel [id: 0xe2458fda, L:/127.0.0.1:56492 - R:localhost/127.0.0.1:44337] for GET '/session/e66592ae6358f7f0d393909f22180203/url'
15:22:29.190 [AsyncHttpClient-1-2] DEBUG org.asynchttpclient.netty.handler.HttpHandler - 

Request DefaultFullHttpRequest(decodeResult: success, version: HTTP/1.1, content: EmptyByteBufBE)
GET /session/e66592ae6358f7f0d393909f22180203/url HTTP/1.1
User-Agent: selenium/4.6.0 (java windows)
Cache-Control: no-cache
Content-Type: application/json; charset=utf-8
host: localhost:44337
accept: */*

Response DefaultHttpResponse(decodeResult: success, version: HTTP/1.1)
HTTP/1.1 200 OK
Content-Type: application/json; charset=utf-8
cache-control: no-cache
content-length: 47

15:22:29.190 [AsyncHttpClient-1-2] DEBUG org.asynchttpclient.netty.channel.ChannelManager - Adding key: http://localhost:44337 for channel [id: 0xe2458fda, L:/127.0.0.1:56492 - R:localhost/127.0.0.1:44337]
15:22:29.191 [Forwarding screenshot on session e66592ae6358f7f0d393909f22180203 to remote] DEBUG org.asynchttpclient.netty.request.NettyRequestSender - Using pooled Channel '[id: 0xe2458fda, L:/127.0.0.1:56492 - R:localhost/127.0.0.1:44337]' for 'GET' to 'http://localhost:44337/session/e66592ae6358f7f0d393909f22180203/screenshot'
15:22:29.191 [Forwarding screenshot on session e66592ae6358f7f0d393909f22180203 to remote] DEBUG org.asynchttpclient.netty.request.NettyRequestSender - Using open Channel [id: 0xe2458fda, L:/127.0.0.1:56492 - R:localhost/127.0.0.1:44337] for GET '/session/e66592ae6358f7f0d393909f22180203/screenshot'
15:22:29.341 [AsyncHttpClient-1-1] DEBUG org.asynchttpclient.netty.channel.DefaultChannelPool - Entry count for : http://localhost:56493 : 1
15:22:29.385 [AsyncHttpClient-1-2] DEBUG org.asynchttpclient.netty.handler.HttpHandler - 

Request DefaultFullHttpRequest(decodeResult: success, version: HTTP/1.1, content: EmptyByteBufBE)
GET /session/e66592ae6358f7f0d393909f22180203/screenshot HTTP/1.1
User-Agent: selenium/4.6.0 (java windows)
Cache-Control: no-cache
Content-Type: application/json; charset=utf-8
host: localhost:44337
accept: */*

Response DefaultHttpResponse(decodeResult: success, version: HTTP/1.1)
HTTP/1.1 200 OK
Content-Type: application/json; charset=utf-8
cache-control: no-cache
content-length: 324816

15:22:29.386 [AsyncHttpClient-1-2] DEBUG org.asynchttpclient.netty.channel.ChannelManager - Adding key: http://localhost:44337 for channel [id: 0xe2458fda, L:/127.0.0.1:56492 - R:localhost/127.0.0.1:44337]
15:22:29.393 [Test worker] DEBUG net.serenitybdd.core.photography.Darkroom - Send negative for processing for C:\Users\Usuario\Documents\retoAutomatizacion\e2e\RetoDemoBlaze\target\site\serenity\8338e7d537d6e8fe9fa780d29f859e871fc0fc20b3fe5dc3aca593c539986724.png
15:22:29.394 [Test worker] DEBUG net.thucydides.core.steps.StepInterceptor - STEP DONE: {0} opens the browser at #url
15:22:29.394 [Darkroom Processing Line] DEBUG net.serenitybdd.core.photography.DarkroomProcessingLine - Processing screenshot image in /var/screenshots/screenshot-12582266009570120038
15:22:29.394 [Darkroom Processing Line] DEBUG net.serenitybdd.core.photography.DarkroomProcessingLine - Saving screenshot to C:\Users\Usuario\Documents\retoAutomatizacion\e2e\RetoDemoBlaze\target\site\serenity\8338e7d537d6e8fe9fa780d29f859e871fc0fc20b3fe5dc3aca593c539986724.png
15:22:29.438 [Forwarding getPageSource on session e66592ae6358f7f0d393909f22180203 to remote] DEBUG org.asynchttpclient.netty.request.NettyRequestSender - Using pooled Channel '[id: 0xe2458fda, L:/127.0.0.1:56492 - R:localhost/127.0.0.1:44337]' for 'POST' to 'http://localhost:44337/session/e66592ae6358f7f0d393909f22180203/execute/sync'
15:22:29.438 [Forwarding getPageSource on session e66592ae6358f7f0d393909f22180203 to remote] DEBUG org.asynchttpclient.netty.request.NettyRequestSender - Using open Channel [id: 0xe2458fda, L:/127.0.0.1:56492 - R:localhost/127.0.0.1:44337] for POST '/session/e66592ae6358f7f0d393909f22180203/execute/sync'
15:22:29.447 [AsyncHttpClient-1-2] DEBUG org.asynchttpclient.netty.handler.HttpHandler - 

Request DefaultHttpRequest(decodeResult: success, version: HTTP/1.1)
POST /session/e66592ae6358f7f0d393909f22180203/execute/sync HTTP/1.1
User-Agent: selenium/4.6.0 (java windows)
Content-Length: 176
Content-Type: application/json; charset=utf-8
host: localhost:44337
accept: */*

Response DefaultHttpResponse(decodeResult: success, version: HTTP/1.1)
HTTP/1.1 200 OK
Content-Type: application/json; charset=utf-8
cache-control: no-cache
content-length: 56818

15:22:29.447 [AsyncHttpClient-1-2] DEBUG org.asynchttpclient.netty.channel.ChannelManager - Adding key: http://localhost:44337 for channel [id: 0xe2458fda, L:/127.0.0.1:56492 - R:localhost/127.0.0.1:44337]
15:22:29.451 [Forwarding getCurrentUrl on session e66592ae6358f7f0d393909f22180203 to remote] DEBUG org.asynchttpclient.netty.request.NettyRequestSender - Using pooled Channel '[id: 0xe2458fda, L:/127.0.0.1:56492 - R:localhost/127.0.0.1:44337]' for 'GET' to 'http://localhost:44337/session/e66592ae6358f7f0d393909f22180203/url'
15:22:29.451 [Forwarding getCurrentUrl on session e66592ae6358f7f0d393909f22180203 to remote] DEBUG org.asynchttpclient.netty.request.NettyRequestSender - Using open Channel [id: 0xe2458fda, L:/127.0.0.1:56492 - R:localhost/127.0.0.1:44337] for GET '/session/e66592ae6358f7f0d393909f22180203/url'
15:22:29.455 [AsyncHttpClient-1-2] DEBUG org.asynchttpclient.netty.handler.HttpHandler - 

Request DefaultFullHttpRequest(decodeResult: success, version: HTTP/1.1, content: EmptyByteBufBE)
GET /session/e66592ae6358f7f0d393909f22180203/url HTTP/1.1
User-Agent: selenium/4.6.0 (java windows)
Cache-Control: no-cache
Content-Type: application/json; charset=utf-8
host: localhost:44337
accept: */*

Response DefaultHttpResponse(decodeResult: success, version: HTTP/1.1)
HTTP/1.1 200 OK
Content-Type: application/json; charset=utf-8
cache-control: no-cache
content-length: 47

15:22:29.455 [AsyncHttpClient-1-2] DEBUG org.asynchttpclient.netty.channel.ChannelManager - Adding key: http://localhost:44337 for channel [id: 0xe2458fda, L:/127.0.0.1:56492 - R:localhost/127.0.0.1:44337]
15:22:29.458 [Test worker] DEBUG net.thucydides.core.steps.StepInterceptor - STARTING STEP: PlaceOrder.performAs - performAs
15:22:30.441 [AsyncHttpClient-1-1] DEBUG org.asynchttpclient.netty.channel.DefaultChannelPool - Entry count for : http://localhost:56493 : 1
15:22:30.441 [AsyncHttpClient-1-1] DEBUG org.asynchttpclient.netty.channel.DefaultChannelPool - Entry count for : http://localhost:44337 : 1
15:22:31.541 [AsyncHttpClient-1-1] DEBUG org.asynchttpclient.netty.channel.DefaultChannelPool - Entry count for : http://localhost:56493 : 1
15:22:31.541 [AsyncHttpClient-1-1] DEBUG org.asynchttpclient.netty.channel.DefaultChannelPool - Entry count for : http://localhost:44337 : 1
15:22:32.652 [AsyncHttpClient-1-1] DEBUG org.asynchttpclient.netty.channel.DefaultChannelPool - Entry count for : http://localhost:56493 : 1
15:22:32.652 [AsyncHttpClient-1-1] DEBUG org.asynchttpclient.netty.channel.DefaultChannelPool - Entry count for : http://localhost:44337 : 1
15:22:33.742 [AsyncHttpClient-1-1] DEBUG org.asynchttpclient.netty.channel.DefaultChannelPool - Entry count for : http://localhost:56493 : 1
15:22:33.742 [AsyncHttpClient-1-1] DEBUG org.asynchttpclient.netty.channel.DefaultChannelPool - Entry count for : http://localhost:44337 : 1
15:22:34.488 [Forwarding getCurrentWindowHandle on session e66592ae6358f7f0d393909f22180203 to remote] DEBUG org.asynchttpclient.netty.request.NettyRequestSender - Using pooled Channel '[id: 0xe2458fda, L:/127.0.0.1:56492 - R:localhost/127.0.0.1:44337]' for 'GET' to 'http://localhost:44337/session/e66592ae6358f7f0d393909f22180203/window'
15:22:34.488 [Forwarding getCurrentWindowHandle on session e66592ae6358f7f0d393909f22180203 to remote] DEBUG org.asynchttpclient.netty.request.NettyRequestSender - Using open Channel [id: 0xe2458fda, L:/127.0.0.1:56492 - R:localhost/127.0.0.1:44337] for GET '/session/e66592ae6358f7f0d393909f22180203/window'
15:22:34.489 [AsyncHttpClient-1-2] DEBUG org.asynchttpclient.netty.handler.HttpHandler - 

Request DefaultFullHttpRequest(decodeResult: success, version: HTTP/1.1, content: EmptyByteBufBE)
GET /session/e66592ae6358f7f0d393909f22180203/window HTTP/1.1
User-Agent: selenium/4.6.0 (java windows)
Cache-Control: no-cache
Content-Type: application/json; charset=utf-8
host: localhost:44337
accept: */*

Response DefaultHttpResponse(decodeResult: success, version: HTTP/1.1)
HTTP/1.1 200 OK
Content-Type: application/json; charset=utf-8
cache-control: no-cache
content-length: 44

15:22:34.489 [AsyncHttpClient-1-2] DEBUG org.asynchttpclient.netty.channel.ChannelManager - Adding key: http://localhost:44337 for channel [id: 0xe2458fda, L:/127.0.0.1:56492 - R:localhost/127.0.0.1:44337]
15:22:34.495 [Forwarding getAlertText on session e66592ae6358f7f0d393909f22180203 to remote] DEBUG org.asynchttpclient.netty.request.NettyRequestSender - Using pooled Channel '[id: 0xe2458fda, L:/127.0.0.1:56492 - R:localhost/127.0.0.1:44337]' for 'GET' to 'http://localhost:44337/session/e66592ae6358f7f0d393909f22180203/alert/text'
15:22:34.495 [Forwarding getAlertText on session e66592ae6358f7f0d393909f22180203 to remote] DEBUG org.asynchttpclient.netty.request.NettyRequestSender - Using open Channel [id: 0xe2458fda, L:/127.0.0.1:56492 - R:localhost/127.0.0.1:44337] for GET '/session/e66592ae6358f7f0d393909f22180203/alert/text'
15:22:34.497 [AsyncHttpClient-1-2] DEBUG org.asynchttpclient.netty.handler.HttpHandler - 

Request DefaultFullHttpRequest(decodeResult: success, version: HTTP/1.1, content: EmptyByteBufBE)
GET /session/e66592ae6358f7f0d393909f22180203/alert/text HTTP/1.1
User-Agent: selenium/4.6.0 (java windows)
Cache-Control: no-cache
Content-Type: application/json; charset=utf-8
host: localhost:44337
accept: */*

Response DefaultHttpResponse(decodeResult: success, version: HTTP/1.1)
HTTP/1.1 404 Not Found
Content-Type: application/json; charset=utf-8
cache-control: no-cache
content-length: 848

15:22:34.497 [AsyncHttpClient-1-2] DEBUG org.asynchttpclient.netty.channel.ChannelManager - Adding key: http://localhost:44337 for channel [id: 0xe2458fda, L:/127.0.0.1:56492 - R:localhost/127.0.0.1:44337]
15:22:34.503 [Forwarding switchToWindow on session e66592ae6358f7f0d393909f22180203 to remote] DEBUG org.asynchttpclient.netty.request.NettyRequestSender - Using pooled Channel '[id: 0xe2458fda, L:/127.0.0.1:56492 - R:localhost/127.0.0.1:44337]' for 'POST' to 'http://localhost:44337/session/e66592ae6358f7f0d393909f22180203/window'
15:22:34.503 [Forwarding switchToWindow on session e66592ae6358f7f0d393909f22180203 to remote] DEBUG org.asynchttpclient.netty.request.NettyRequestSender - Using open Channel [id: 0xe2458fda, L:/127.0.0.1:56492 - R:localhost/127.0.0.1:44337] for POST '/session/e66592ae6358f7f0d393909f22180203/window'
15:22:34.505 [AsyncHttpClient-1-2] DEBUG org.asynchttpclient.netty.handler.HttpHandler - 

Request DefaultHttpRequest(decodeResult: success, version: HTTP/1.1)
POST /session/e66592ae6358f7f0d393909f22180203/window HTTP/1.1
User-Agent: selenium/4.6.0 (java windows)
Content-Length: 50
Content-Type: application/json; charset=utf-8
host: localhost:44337
accept: */*

Response DefaultHttpResponse(decodeResult: success, version: HTTP/1.1)
HTTP/1.1 200 OK
Content-Type: application/json; charset=utf-8
cache-control: no-cache
content-length: 14

15:22:34.506 [AsyncHttpClient-1-2] DEBUG org.asynchttpclient.netty.channel.ChannelManager - Adding key: http://localhost:44337 for channel [id: 0xe2458fda, L:/127.0.0.1:56492 - R:localhost/127.0.0.1:44337]
15:22:34.506 [Forwarding getCurrentUrl on session e66592ae6358f7f0d393909f22180203 to remote] DEBUG org.asynchttpclient.netty.request.NettyRequestSender - Using pooled Channel '[id: 0xe2458fda, L:/127.0.0.1:56492 - R:localhost/127.0.0.1:44337]' for 'GET' to 'http://localhost:44337/session/e66592ae6358f7f0d393909f22180203/url'
15:22:34.506 [Forwarding getCurrentUrl on session e66592ae6358f7f0d393909f22180203 to remote] DEBUG org.asynchttpclient.netty.request.NettyRequestSender - Using open Channel [id: 0xe2458fda, L:/127.0.0.1:56492 - R:localhost/127.0.0.1:44337] for GET '/session/e66592ae6358f7f0d393909f22180203/url'
15:22:34.509 [AsyncHttpClient-1-2] DEBUG org.asynchttpclient.netty.handler.HttpHandler - 

Request DefaultFullHttpRequest(decodeResult: success, version: HTTP/1.1, content: EmptyByteBufBE)
GET /session/e66592ae6358f7f0d393909f22180203/url HTTP/1.1
User-Agent: selenium/4.6.0 (java windows)
Cache-Control: no-cache
Content-Type: application/json; charset=utf-8
host: localhost:44337
accept: */*

Response DefaultHttpResponse(decodeResult: success, version: HTTP/1.1)
HTTP/1.1 200 OK
Content-Type: application/json; charset=utf-8
cache-control: no-cache
content-length: 47

15:22:34.509 [AsyncHttpClient-1-2] DEBUG org.asynchttpclient.netty.channel.ChannelManager - Adding key: http://localhost:44337 for channel [id: 0xe2458fda, L:/127.0.0.1:56492 - R:localhost/127.0.0.1:44337]
15:22:34.510 [Forwarding screenshot on session e66592ae6358f7f0d393909f22180203 to remote] DEBUG org.asynchttpclient.netty.request.NettyRequestSender - Using pooled Channel '[id: 0xe2458fda, L:/127.0.0.1:56492 - R:localhost/127.0.0.1:44337]' for 'GET' to 'http://localhost:44337/session/e66592ae6358f7f0d393909f22180203/screenshot'
15:22:34.510 [Forwarding screenshot on session e66592ae6358f7f0d393909f22180203 to remote] DEBUG org.asynchttpclient.netty.request.NettyRequestSender - Using open Channel [id: 0xe2458fda, L:/127.0.0.1:56492 - R:localhost/127.0.0.1:44337] for GET '/session/e66592ae6358f7f0d393909f22180203/screenshot'
15:22:34.753 [AsyncHttpClient-1-2] DEBUG org.asynchttpclient.netty.handler.HttpHandler - 

Request DefaultFullHttpRequest(decodeResult: success, version: HTTP/1.1, content: EmptyByteBufBE)
GET /session/e66592ae6358f7f0d393909f22180203/screenshot HTTP/1.1
User-Agent: selenium/4.6.0 (java windows)
Cache-Control: no-cache
Content-Type: application/json; charset=utf-8
host: localhost:44337
accept: */*

Response DefaultHttpResponse(decodeResult: success, version: HTTP/1.1)
HTTP/1.1 200 OK
Content-Type: application/json; charset=utf-8
cache-control: no-cache
content-length: 442220

15:22:34.754 [AsyncHttpClient-1-2] DEBUG org.asynchttpclient.netty.channel.ChannelManager - Adding key: http://localhost:44337 for channel [id: 0xe2458fda, L:/127.0.0.1:56492 - R:localhost/127.0.0.1:44337]
15:22:34.760 [Test worker] DEBUG net.serenitybdd.core.photography.Darkroom - Send negative for processing for C:\Users\Usuario\Documents\retoAutomatizacion\e2e\RetoDemoBlaze\target\site\serenity\bebccff7e61d165e655dfc0e72692d9d28c008bd0599dd7c5fdcc241e31a3b47.png
15:22:34.760 [Darkroom Processing Line] DEBUG net.serenitybdd.core.photography.DarkroomProcessingLine - Processing screenshot image in /var/screenshots/screenshot-8369664576738617945
15:22:34.760 [Test worker] DEBUG net.thucydides.core.steps.StepInterceptor - STEP DONE: performAs
15:22:34.760 [Darkroom Processing Line] DEBUG net.serenitybdd.core.photography.DarkroomProcessingLine - Saving screenshot to C:\Users\Usuario\Documents\retoAutomatizacion\e2e\RetoDemoBlaze\target\site\serenity\bebccff7e61d165e655dfc0e72692d9d28c008bd0599dd7c5fdcc241e31a3b47.png
15:22:34.773 [Test worker] DEBUG net.serenitybdd.screenplay.targets.IFrameSwitcher - default content already selected for PlaceOrder
15:22:34.805 [Forwarding findElements on session e66592ae6358f7f0d393909f22180203 to remote] DEBUG org.asynchttpclient.netty.request.NettyRequestSender - Using pooled Channel '[id: 0xe2458fda, L:/127.0.0.1:56492 - R:localhost/127.0.0.1:44337]' for 'POST' to 'http://localhost:44337/session/e66592ae6358f7f0d393909f22180203/elements'
15:22:34.805 [Forwarding findElements on session e66592ae6358f7f0d393909f22180203 to remote] DEBUG org.asynchttpclient.netty.request.NettyRequestSender - Using open Channel [id: 0xe2458fda, L:/127.0.0.1:56492 - R:localhost/127.0.0.1:44337] for POST '/session/e66592ae6358f7f0d393909f22180203/elements'
15:22:34.817 [AsyncHttpClient-1-2] DEBUG org.asynchttpclient.netty.handler.HttpHandler - 

Request DefaultHttpRequest(decodeResult: success, version: HTTP/1.1)
POST /session/e66592ae6358f7f0d393909f22180203/elements HTTP/1.1
User-Agent: selenium/4.6.0 (java windows)
Content-Length: 105
Content-Type: application/json; charset=utf-8
host: localhost:44337
accept: */*

Response DefaultHttpResponse(decodeResult: success, version: HTTP/1.1)
HTTP/1.1 200 OK
Content-Type: application/json; charset=utf-8
cache-control: no-cache
content-length: 98

15:22:34.817 [AsyncHttpClient-1-2] DEBUG org.asynchttpclient.netty.channel.ChannelManager - Adding key: http://localhost:44337 for channel [id: 0xe2458fda, L:/127.0.0.1:56492 - R:localhost/127.0.0.1:44337]
15:22:34.836 [Forwarding isElementDisplayed on session e66592ae6358f7f0d393909f22180203 to remote] DEBUG org.asynchttpclient.netty.request.NettyRequestSender - Using pooled Channel '[id: 0xe2458fda, L:/127.0.0.1:56492 - R:localhost/127.0.0.1:44337]' for 'POST' to 'http://localhost:44337/session/e66592ae6358f7f0d393909f22180203/execute/sync'
15:22:34.836 [Forwarding isElementDisplayed on session e66592ae6358f7f0d393909f22180203 to remote] DEBUG org.asynchttpclient.netty.request.NettyRequestSender - Using open Channel [id: 0xe2458fda, L:/127.0.0.1:56492 - R:localhost/127.0.0.1:44337] for POST '/session/e66592ae6358f7f0d393909f22180203/execute/sync'
15:22:34.844 [AsyncHttpClient-1-2] DEBUG org.asynchttpclient.netty.handler.HttpHandler - 

Request DefaultHttpRequest(decodeResult: success, version: HTTP/1.1)
POST /session/e66592ae6358f7f0d393909f22180203/execute/sync HTTP/1.1
User-Agent: selenium/4.6.0 (java windows)
Content-Length: 48788
Content-Type: application/json; charset=utf-8
host: localhost:44337
accept: */*

Response DefaultHttpResponse(decodeResult: success, version: HTTP/1.1)
HTTP/1.1 200 OK
Content-Type: application/json; charset=utf-8
cache-control: no-cache
content-length: 14

15:22:34.844 [AsyncHttpClient-1-2] DEBUG org.asynchttpclient.netty.channel.ChannelManager - Adding key: http://localhost:44337 for channel [id: 0xe2458fda, L:/127.0.0.1:56492 - R:localhost/127.0.0.1:44337]
15:22:34.845 [Forwarding isElementEnabled on session e66592ae6358f7f0d393909f22180203 to remote] DEBUG org.asynchttpclient.netty.request.NettyRequestSender - Using pooled Channel '[id: 0xe2458fda, L:/127.0.0.1:56492 - R:localhost/127.0.0.1:44337]' for 'GET' to 'http://localhost:44337/session/e66592ae6358f7f0d393909f22180203/element/66366C5DDB4B568690027E21B0FBE1F1_element_317/enabled'
15:22:34.845 [Forwarding isElementEnabled on session e66592ae6358f7f0d393909f22180203 to remote] DEBUG org.asynchttpclient.netty.request.NettyRequestSender - Using open Channel [id: 0xe2458fda, L:/127.0.0.1:56492 - R:localhost/127.0.0.1:44337] for GET '/session/e66592ae6358f7f0d393909f22180203/element/66366C5DDB4B568690027E21B0FBE1F1_element_317/enabled'
15:22:34.846 [AsyncHttpClient-1-1] DEBUG org.asynchttpclient.netty.channel.DefaultChannelPool - Entry count for : http://localhost:56493 : 1
15:22:34.850 [AsyncHttpClient-1-2] DEBUG org.asynchttpclient.netty.handler.HttpHandler - 

Request DefaultFullHttpRequest(decodeResult: success, version: HTTP/1.1, content: EmptyByteBufBE)
GET /session/e66592ae6358f7f0d393909f22180203/element/66366C5DDB4B568690027E21B0FBE1F1_element_317/enabled HTTP/1.1
User-Agent: selenium/4.6.0 (java windows)
Cache-Control: no-cache
Content-Type: application/json; charset=utf-8
host: localhost:44337
accept: */*

Response DefaultHttpResponse(decodeResult: success, version: HTTP/1.1)
HTTP/1.1 200 OK
Content-Type: application/json; charset=utf-8
cache-control: no-cache
content-length: 14

15:22:34.850 [AsyncHttpClient-1-2] DEBUG org.asynchttpclient.netty.channel.ChannelManager - Adding key: http://localhost:44337 for channel [id: 0xe2458fda, L:/127.0.0.1:56492 - R:localhost/127.0.0.1:44337]
15:22:34.880 [Forwarding getCurrentWindowHandle on session e66592ae6358f7f0d393909f22180203 to remote] DEBUG org.asynchttpclient.netty.request.NettyRequestSender - Using pooled Channel '[id: 0xe2458fda, L:/127.0.0.1:56492 - R:localhost/127.0.0.1:44337]' for 'GET' to 'http://localhost:44337/session/e66592ae6358f7f0d393909f22180203/window'
15:22:34.881 [Forwarding getCurrentWindowHandle on session e66592ae6358f7f0d393909f22180203 to remote] DEBUG org.asynchttpclient.netty.request.NettyRequestSender - Using open Channel [id: 0xe2458fda, L:/127.0.0.1:56492 - R:localhost/127.0.0.1:44337] for GET '/session/e66592ae6358f7f0d393909f22180203/window'
15:22:34.881 [AsyncHttpClient-1-2] DEBUG org.asynchttpclient.netty.handler.HttpHandler - 

Request DefaultFullHttpRequest(decodeResult: success, version: HTTP/1.1, content: EmptyByteBufBE)
GET /session/e66592ae6358f7f0d393909f22180203/window HTTP/1.1
User-Agent: selenium/4.6.0 (java windows)
Cache-Control: no-cache
Content-Type: application/json; charset=utf-8
host: localhost:44337
accept: */*

Response DefaultHttpResponse(decodeResult: success, version: HTTP/1.1)
HTTP/1.1 200 OK
Content-Type: application/json; charset=utf-8
cache-control: no-cache
content-length: 44

15:22:34.881 [AsyncHttpClient-1-2] DEBUG org.asynchttpclient.netty.channel.ChannelManager - Adding key: http://localhost:44337 for channel [id: 0xe2458fda, L:/127.0.0.1:56492 - R:localhost/127.0.0.1:44337]
15:22:34.888 [Forwarding getAlertText on session e66592ae6358f7f0d393909f22180203 to remote] DEBUG org.asynchttpclient.netty.request.NettyRequestSender - Using pooled Channel '[id: 0xe2458fda, L:/127.0.0.1:56492 - R:localhost/127.0.0.1:44337]' for 'GET' to 'http://localhost:44337/session/e66592ae6358f7f0d393909f22180203/alert/text'
15:22:34.888 [Forwarding getAlertText on session e66592ae6358f7f0d393909f22180203 to remote] DEBUG org.asynchttpclient.netty.request.NettyRequestSender - Using open Channel [id: 0xe2458fda, L:/127.0.0.1:56492 - R:localhost/127.0.0.1:44337] for GET '/session/e66592ae6358f7f0d393909f22180203/alert/text'
15:22:34.890 [AsyncHttpClient-1-2] DEBUG org.asynchttpclient.netty.handler.HttpHandler - 

Request DefaultFullHttpRequest(decodeResult: success, version: HTTP/1.1, content: EmptyByteBufBE)
GET /session/e66592ae6358f7f0d393909f22180203/alert/text HTTP/1.1
User-Agent: selenium/4.6.0 (java windows)
Cache-Control: no-cache
Content-Type: application/json; charset=utf-8
host: localhost:44337
accept: */*

Response DefaultHttpResponse(decodeResult: success, version: HTTP/1.1)
HTTP/1.1 404 Not Found
Content-Type: application/json; charset=utf-8
cache-control: no-cache
content-length: 848

15:22:34.890 [AsyncHttpClient-1-2] DEBUG org.asynchttpclient.netty.channel.ChannelManager - Adding key: http://localhost:44337 for channel [id: 0xe2458fda, L:/127.0.0.1:56492 - R:localhost/127.0.0.1:44337]
15:22:34.898 [Forwarding switchToWindow on session e66592ae6358f7f0d393909f22180203 to remote] DEBUG org.asynchttpclient.netty.request.NettyRequestSender - Using pooled Channel '[id: 0xe2458fda, L:/127.0.0.1:56492 - R:localhost/127.0.0.1:44337]' for 'POST' to 'http://localhost:44337/session/e66592ae6358f7f0d393909f22180203/window'
15:22:34.898 [Forwarding switchToWindow on session e66592ae6358f7f0d393909f22180203 to remote] DEBUG org.asynchttpclient.netty.request.NettyRequestSender - Using open Channel [id: 0xe2458fda, L:/127.0.0.1:56492 - R:localhost/127.0.0.1:44337] for POST '/session/e66592ae6358f7f0d393909f22180203/window'
15:22:34.901 [AsyncHttpClient-1-2] DEBUG org.asynchttpclient.netty.handler.HttpHandler - 

Request DefaultHttpRequest(decodeResult: success, version: HTTP/1.1)
POST /session/e66592ae6358f7f0d393909f22180203/window HTTP/1.1
User-Agent: selenium/4.6.0 (java windows)
Content-Length: 50
Content-Type: application/json; charset=utf-8
host: localhost:44337
accept: */*

Response DefaultHttpResponse(decodeResult: success, version: HTTP/1.1)
HTTP/1.1 200 OK
Content-Type: application/json; charset=utf-8
cache-control: no-cache
content-length: 14

15:22:34.901 [AsyncHttpClient-1-2] DEBUG org.asynchttpclient.netty.channel.ChannelManager - Adding key: http://localhost:44337 for channel [id: 0xe2458fda, L:/127.0.0.1:56492 - R:localhost/127.0.0.1:44337]
15:22:34.902 [Forwarding getCurrentUrl on session e66592ae6358f7f0d393909f22180203 to remote] DEBUG org.asynchttpclient.netty.request.NettyRequestSender - Using pooled Channel '[id: 0xe2458fda, L:/127.0.0.1:56492 - R:localhost/127.0.0.1:44337]' for 'GET' to 'http://localhost:44337/session/e66592ae6358f7f0d393909f22180203/url'
15:22:34.902 [Forwarding getCurrentUrl on session e66592ae6358f7f0d393909f22180203 to remote] DEBUG org.asynchttpclient.netty.request.NettyRequestSender - Using open Channel [id: 0xe2458fda, L:/127.0.0.1:56492 - R:localhost/127.0.0.1:44337] for GET '/session/e66592ae6358f7f0d393909f22180203/url'
15:22:34.904 [AsyncHttpClient-1-2] DEBUG org.asynchttpclient.netty.handler.HttpHandler - 

Request DefaultFullHttpRequest(decodeResult: success, version: HTTP/1.1, content: EmptyByteBufBE)
GET /session/e66592ae6358f7f0d393909f22180203/url HTTP/1.1
User-Agent: selenium/4.6.0 (java windows)
Cache-Control: no-cache
Content-Type: application/json; charset=utf-8
host: localhost:44337
accept: */*

Response DefaultHttpResponse(decodeResult: success, version: HTTP/1.1)
HTTP/1.1 200 OK
Content-Type: application/json; charset=utf-8
cache-control: no-cache
content-length: 47

15:22:34.904 [AsyncHttpClient-1-2] DEBUG org.asynchttpclient.netty.channel.ChannelManager - Adding key: http://localhost:44337 for channel [id: 0xe2458fda, L:/127.0.0.1:56492 - R:localhost/127.0.0.1:44337]
15:22:34.904 [Forwarding screenshot on session e66592ae6358f7f0d393909f22180203 to remote] DEBUG org.asynchttpclient.netty.request.NettyRequestSender - Using pooled Channel '[id: 0xe2458fda, L:/127.0.0.1:56492 - R:localhost/127.0.0.1:44337]' for 'GET' to 'http://localhost:44337/session/e66592ae6358f7f0d393909f22180203/screenshot'
15:22:34.905 [Forwarding screenshot on session e66592ae6358f7f0d393909f22180203 to remote] DEBUG org.asynchttpclient.netty.request.NettyRequestSender - Using open Channel [id: 0xe2458fda, L:/127.0.0.1:56492 - R:localhost/127.0.0.1:44337] for GET '/session/e66592ae6358f7f0d393909f22180203/screenshot'
15:22:35.103 [AsyncHttpClient-1-2] DEBUG org.asynchttpclient.netty.handler.HttpHandler - 

Request DefaultFullHttpRequest(decodeResult: success, version: HTTP/1.1, content: EmptyByteBufBE)
GET /session/e66592ae6358f7f0d393909f22180203/screenshot HTTP/1.1
User-Agent: selenium/4.6.0 (java windows)
Cache-Control: no-cache
Content-Type: application/json; charset=utf-8
host: localhost:44337
accept: */*

Response DefaultHttpResponse(decodeResult: success, version: HTTP/1.1)
HTTP/1.1 200 OK
Content-Type: application/json; charset=utf-8
cache-control: no-cache
content-length: 442220

15:22:35.104 [AsyncHttpClient-1-2] DEBUG org.asynchttpclient.netty.channel.ChannelManager - Adding key: http://localhost:44337 for channel [id: 0xe2458fda, L:/127.0.0.1:56492 - R:localhost/127.0.0.1:44337]
15:22:35.110 [Test worker] DEBUG net.serenitybdd.core.photography.Darkroom - Send negative for processing for C:\Users\Usuario\Documents\retoAutomatizacion\e2e\RetoDemoBlaze\target\site\serenity\bebccff7e61d165e655dfc0e72692d9d28c008bd0599dd7c5fdcc241e31a3b47.png
15:22:35.116 [Forwarding getPageSource on session e66592ae6358f7f0d393909f22180203 to remote] DEBUG org.asynchttpclient.netty.request.NettyRequestSender - Using pooled Channel '[id: 0xe2458fda, L:/127.0.0.1:56492 - R:localhost/127.0.0.1:44337]' for 'POST' to 'http://localhost:44337/session/e66592ae6358f7f0d393909f22180203/execute/sync'
15:22:35.116 [Forwarding getPageSource on session e66592ae6358f7f0d393909f22180203 to remote] DEBUG org.asynchttpclient.netty.request.NettyRequestSender - Using open Channel [id: 0xe2458fda, L:/127.0.0.1:56492 - R:localhost/127.0.0.1:44337] for POST '/session/e66592ae6358f7f0d393909f22180203/execute/sync'
15:22:35.124 [AsyncHttpClient-1-2] DEBUG org.asynchttpclient.netty.handler.HttpHandler - 

Request DefaultHttpRequest(decodeResult: success, version: HTTP/1.1)
POST /session/e66592ae6358f7f0d393909f22180203/execute/sync HTTP/1.1
User-Agent: selenium/4.6.0 (java windows)
Content-Length: 176
Content-Type: application/json; charset=utf-8
host: localhost:44337
accept: */*

Response DefaultHttpResponse(decodeResult: success, version: HTTP/1.1)
HTTP/1.1 200 OK
Content-Type: application/json; charset=utf-8
cache-control: no-cache
content-length: 58070

15:22:35.124 [AsyncHttpClient-1-2] DEBUG org.asynchttpclient.netty.channel.ChannelManager - Adding key: http://localhost:44337 for channel [id: 0xe2458fda, L:/127.0.0.1:56492 - R:localhost/127.0.0.1:44337]
15:22:35.130 [Forwarding getCurrentUrl on session e66592ae6358f7f0d393909f22180203 to remote] DEBUG org.asynchttpclient.netty.request.NettyRequestSender - Using pooled Channel '[id: 0xe2458fda, L:/127.0.0.1:56492 - R:localhost/127.0.0.1:44337]' for 'GET' to 'http://localhost:44337/session/e66592ae6358f7f0d393909f22180203/url'
15:22:35.130 [Forwarding getCurrentUrl on session e66592ae6358f7f0d393909f22180203 to remote] DEBUG org.asynchttpclient.netty.request.NettyRequestSender - Using open Channel [id: 0xe2458fda, L:/127.0.0.1:56492 - R:localhost/127.0.0.1:44337] for GET '/session/e66592ae6358f7f0d393909f22180203/url'
15:22:35.133 [AsyncHttpClient-1-2] DEBUG org.asynchttpclient.netty.handler.HttpHandler - 

Request DefaultFullHttpRequest(decodeResult: success, version: HTTP/1.1, content: EmptyByteBufBE)
GET /session/e66592ae6358f7f0d393909f22180203/url HTTP/1.1
User-Agent: selenium/4.6.0 (java windows)
Cache-Control: no-cache
Content-Type: application/json; charset=utf-8
host: localhost:44337
accept: */*

Response DefaultHttpResponse(decodeResult: success, version: HTTP/1.1)
HTTP/1.1 200 OK
Content-Type: application/json; charset=utf-8
cache-control: no-cache
content-length: 47

15:22:35.134 [AsyncHttpClient-1-2] DEBUG org.asynchttpclient.netty.channel.ChannelManager - Adding key: http://localhost:44337 for channel [id: 0xe2458fda, L:/127.0.0.1:56492 - R:localhost/127.0.0.1:44337]
15:22:35.135 [Test worker] DEBUG net.thucydides.core.steps.StepInterceptor - STARTING STEP: PlaceOrder.performAs - {0} clicks on #target
15:22:35.135 [Test worker] DEBUG net.serenitybdd.screenplay.targets.IFrameSwitcher - default content already selected for PlaceOrder
15:22:35.172 [Forwarding findElement on session e66592ae6358f7f0d393909f22180203 to remote] DEBUG org.asynchttpclient.netty.request.NettyRequestSender - Using pooled Channel '[id: 0xe2458fda, L:/127.0.0.1:56492 - R:localhost/127.0.0.1:44337]' for 'POST' to 'http://localhost:44337/session/e66592ae6358f7f0d393909f22180203/element'
15:22:35.172 [Forwarding findElement on session e66592ae6358f7f0d393909f22180203 to remote] DEBUG org.asynchttpclient.netty.request.NettyRequestSender - Using open Channel [id: 0xe2458fda, L:/127.0.0.1:56492 - R:localhost/127.0.0.1:44337] for POST '/session/e66592ae6358f7f0d393909f22180203/element'
15:22:35.184 [AsyncHttpClient-1-2] DEBUG org.asynchttpclient.netty.handler.HttpHandler - 

Request DefaultHttpRequest(decodeResult: success, version: HTTP/1.1)
POST /session/e66592ae6358f7f0d393909f22180203/element HTTP/1.1
User-Agent: selenium/4.6.0 (java windows)
Content-Length: 105
Content-Type: application/json; charset=utf-8
host: localhost:44337
accept: */*

Response DefaultHttpResponse(decodeResult: success, version: HTTP/1.1)
HTTP/1.1 200 OK
Content-Type: application/json; charset=utf-8
cache-control: no-cache
content-length: 96

15:22:35.184 [AsyncHttpClient-1-2] DEBUG org.asynchttpclient.netty.channel.ChannelManager - Adding key: http://localhost:44337 for channel [id: 0xe2458fda, L:/127.0.0.1:56492 - R:localhost/127.0.0.1:44337]
15:22:35.198 [Forwarding isElementDisplayed on session e66592ae6358f7f0d393909f22180203 to remote] DEBUG org.asynchttpclient.netty.request.NettyRequestSender - Using pooled Channel '[id: 0xe2458fda, L:/127.0.0.1:56492 - R:localhost/127.0.0.1:44337]' for 'POST' to 'http://localhost:44337/session/e66592ae6358f7f0d393909f22180203/execute/sync'
15:22:35.198 [Forwarding isElementDisplayed on session e66592ae6358f7f0d393909f22180203 to remote] DEBUG org.asynchttpclient.netty.request.NettyRequestSender - Using open Channel [id: 0xe2458fda, L:/127.0.0.1:56492 - R:localhost/127.0.0.1:44337] for POST '/session/e66592ae6358f7f0d393909f22180203/execute/sync'
15:22:35.207 [AsyncHttpClient-1-2] DEBUG org.asynchttpclient.netty.handler.HttpHandler - 

Request DefaultHttpRequest(decodeResult: success, version: HTTP/1.1)
POST /session/e66592ae6358f7f0d393909f22180203/execute/sync HTTP/1.1
User-Agent: selenium/4.6.0 (java windows)
Content-Length: 48788
Content-Type: application/json; charset=utf-8
host: localhost:44337
accept: */*

Response DefaultHttpResponse(decodeResult: success, version: HTTP/1.1)
HTTP/1.1 200 OK
Content-Type: application/json; charset=utf-8
cache-control: no-cache
content-length: 14

15:22:35.207 [AsyncHttpClient-1-2] DEBUG org.asynchttpclient.netty.channel.ChannelManager - Adding key: http://localhost:44337 for channel [id: 0xe2458fda, L:/127.0.0.1:56492 - R:localhost/127.0.0.1:44337]
15:22:35.218 [Forwarding findElement on session e66592ae6358f7f0d393909f22180203 to remote] DEBUG org.asynchttpclient.netty.request.NettyRequestSender - Using pooled Channel '[id: 0xe2458fda, L:/127.0.0.1:56492 - R:localhost/127.0.0.1:44337]' for 'POST' to 'http://localhost:44337/session/e66592ae6358f7f0d393909f22180203/element'
15:22:35.218 [Forwarding findElement on session e66592ae6358f7f0d393909f22180203 to remote] DEBUG org.asynchttpclient.netty.request.NettyRequestSender - Using open Channel [id: 0xe2458fda, L:/127.0.0.1:56492 - R:localhost/127.0.0.1:44337] for POST '/session/e66592ae6358f7f0d393909f22180203/element'
15:22:35.226 [AsyncHttpClient-1-2] DEBUG org.asynchttpclient.netty.handler.HttpHandler - 

Request DefaultHttpRequest(decodeResult: success, version: HTTP/1.1)
POST /session/e66592ae6358f7f0d393909f22180203/element HTTP/1.1
User-Agent: selenium/4.6.0 (java windows)
Content-Length: 105
Content-Type: application/json; charset=utf-8
host: localhost:44337
accept: */*

Response DefaultHttpResponse(decodeResult: success, version: HTTP/1.1)
HTTP/1.1 200 OK
Content-Type: application/json; charset=utf-8
cache-control: no-cache
content-length: 96

15:22:35.226 [AsyncHttpClient-1-2] DEBUG org.asynchttpclient.netty.channel.ChannelManager - Adding key: http://localhost:44337 for channel [id: 0xe2458fda, L:/127.0.0.1:56492 - R:localhost/127.0.0.1:44337]
15:22:35.227 [Forwarding clickElement on session e66592ae6358f7f0d393909f22180203 to remote] DEBUG org.asynchttpclient.netty.request.NettyRequestSender - Using pooled Channel '[id: 0xe2458fda, L:/127.0.0.1:56492 - R:localhost/127.0.0.1:44337]' for 'POST' to 'http://localhost:44337/session/e66592ae6358f7f0d393909f22180203/element/66366C5DDB4B568690027E21B0FBE1F1_element_317/click'
15:22:35.227 [Forwarding clickElement on session e66592ae6358f7f0d393909f22180203 to remote] DEBUG org.asynchttpclient.netty.request.NettyRequestSender - Using open Channel [id: 0xe2458fda, L:/127.0.0.1:56492 - R:localhost/127.0.0.1:44337] for POST '/session/e66592ae6358f7f0d393909f22180203/element/66366C5DDB4B568690027E21B0FBE1F1_element_317/click'
15:22:35.250 [AsyncHttpClient-1-2] DEBUG org.asynchttpclient.netty.handler.HttpHandler - 

Request DefaultHttpRequest(decodeResult: success, version: HTTP/1.1)
POST /session/e66592ae6358f7f0d393909f22180203/element/66366C5DDB4B568690027E21B0FBE1F1_element_317/click HTTP/1.1
User-Agent: selenium/4.6.0 (java windows)
Content-Length: 58
Content-Type: application/json; charset=utf-8
host: localhost:44337
accept: */*

Response DefaultHttpResponse(decodeResult: success, version: HTTP/1.1)
HTTP/1.1 200 OK
Content-Type: application/json; charset=utf-8
cache-control: no-cache
content-length: 14

15:22:35.250 [AsyncHttpClient-1-2] DEBUG org.asynchttpclient.netty.channel.ChannelManager - Adding key: http://localhost:44337 for channel [id: 0xe2458fda, L:/127.0.0.1:56492 - R:localhost/127.0.0.1:44337]
15:22:35.284 [Forwarding getCurrentWindowHandle on session e66592ae6358f7f0d393909f22180203 to remote] DEBUG org.asynchttpclient.netty.request.NettyRequestSender - Using pooled Channel '[id: 0xe2458fda, L:/127.0.0.1:56492 - R:localhost/127.0.0.1:44337]' for 'GET' to 'http://localhost:44337/session/e66592ae6358f7f0d393909f22180203/window'
15:22:35.284 [Forwarding getCurrentWindowHandle on session e66592ae6358f7f0d393909f22180203 to remote] DEBUG org.asynchttpclient.netty.request.NettyRequestSender - Using open Channel [id: 0xe2458fda, L:/127.0.0.1:56492 - R:localhost/127.0.0.1:44337] for GET '/session/e66592ae6358f7f0d393909f22180203/window'
15:22:35.285 [AsyncHttpClient-1-2] DEBUG org.asynchttpclient.netty.handler.HttpHandler - 

Request DefaultFullHttpRequest(decodeResult: success, version: HTTP/1.1, content: EmptyByteBufBE)
GET /session/e66592ae6358f7f0d393909f22180203/window HTTP/1.1
User-Agent: selenium/4.6.0 (java windows)
Cache-Control: no-cache
Content-Type: application/json; charset=utf-8
host: localhost:44337
accept: */*

Response DefaultHttpResponse(decodeResult: success, version: HTTP/1.1)
HTTP/1.1 200 OK
Content-Type: application/json; charset=utf-8
cache-control: no-cache
content-length: 44

15:22:35.285 [AsyncHttpClient-1-2] DEBUG org.asynchttpclient.netty.channel.ChannelManager - Adding key: http://localhost:44337 for channel [id: 0xe2458fda, L:/127.0.0.1:56492 - R:localhost/127.0.0.1:44337]
15:22:35.291 [Forwarding getAlertText on session e66592ae6358f7f0d393909f22180203 to remote] DEBUG org.asynchttpclient.netty.request.NettyRequestSender - Using pooled Channel '[id: 0xe2458fda, L:/127.0.0.1:56492 - R:localhost/127.0.0.1:44337]' for 'GET' to 'http://localhost:44337/session/e66592ae6358f7f0d393909f22180203/alert/text'
15:22:35.291 [Forwarding getAlertText on session e66592ae6358f7f0d393909f22180203 to remote] DEBUG org.asynchttpclient.netty.request.NettyRequestSender - Using open Channel [id: 0xe2458fda, L:/127.0.0.1:56492 - R:localhost/127.0.0.1:44337] for GET '/session/e66592ae6358f7f0d393909f22180203/alert/text'
15:22:35.293 [AsyncHttpClient-1-2] DEBUG org.asynchttpclient.netty.handler.HttpHandler - 

Request DefaultFullHttpRequest(decodeResult: success, version: HTTP/1.1, content: EmptyByteBufBE)
GET /session/e66592ae6358f7f0d393909f22180203/alert/text HTTP/1.1
User-Agent: selenium/4.6.0 (java windows)
Cache-Control: no-cache
Content-Type: application/json; charset=utf-8
host: localhost:44337
accept: */*

Response DefaultHttpResponse(decodeResult: success, version: HTTP/1.1)
HTTP/1.1 404 Not Found
Content-Type: application/json; charset=utf-8
cache-control: no-cache
content-length: 848

15:22:35.294 [AsyncHttpClient-1-2] DEBUG org.asynchttpclient.netty.channel.ChannelManager - Adding key: http://localhost:44337 for channel [id: 0xe2458fda, L:/127.0.0.1:56492 - R:localhost/127.0.0.1:44337]
15:22:35.304 [Forwarding switchToWindow on session e66592ae6358f7f0d393909f22180203 to remote] DEBUG org.asynchttpclient.netty.request.NettyRequestSender - Using pooled Channel '[id: 0xe2458fda, L:/127.0.0.1:56492 - R:localhost/127.0.0.1:44337]' for 'POST' to 'http://localhost:44337/session/e66592ae6358f7f0d393909f22180203/window'
15:22:35.304 [Forwarding switchToWindow on session e66592ae6358f7f0d393909f22180203 to remote] DEBUG org.asynchttpclient.netty.request.NettyRequestSender - Using open Channel [id: 0xe2458fda, L:/127.0.0.1:56492 - R:localhost/127.0.0.1:44337] for POST '/session/e66592ae6358f7f0d393909f22180203/window'
15:22:35.307 [AsyncHttpClient-1-2] DEBUG org.asynchttpclient.netty.handler.HttpHandler - 

Request DefaultHttpRequest(decodeResult: success, version: HTTP/1.1)
POST /session/e66592ae6358f7f0d393909f22180203/window HTTP/1.1
User-Agent: selenium/4.6.0 (java windows)
Content-Length: 50
Content-Type: application/json; charset=utf-8
host: localhost:44337
accept: */*

Response DefaultHttpResponse(decodeResult: success, version: HTTP/1.1)
HTTP/1.1 200 OK
Content-Type: application/json; charset=utf-8
cache-control: no-cache
content-length: 14

15:22:35.307 [AsyncHttpClient-1-2] DEBUG org.asynchttpclient.netty.channel.ChannelManager - Adding key: http://localhost:44337 for channel [id: 0xe2458fda, L:/127.0.0.1:56492 - R:localhost/127.0.0.1:44337]
15:22:35.307 [Forwarding getCurrentUrl on session e66592ae6358f7f0d393909f22180203 to remote] DEBUG org.asynchttpclient.netty.request.NettyRequestSender - Using pooled Channel '[id: 0xe2458fda, L:/127.0.0.1:56492 - R:localhost/127.0.0.1:44337]' for 'GET' to 'http://localhost:44337/session/e66592ae6358f7f0d393909f22180203/url'
15:22:35.307 [Forwarding getCurrentUrl on session e66592ae6358f7f0d393909f22180203 to remote] DEBUG org.asynchttpclient.netty.request.NettyRequestSender - Using open Channel [id: 0xe2458fda, L:/127.0.0.1:56492 - R:localhost/127.0.0.1:44337] for GET '/session/e66592ae6358f7f0d393909f22180203/url'
15:22:35.315 [AsyncHttpClient-1-2] DEBUG org.asynchttpclient.netty.handler.HttpHandler - 

Request DefaultFullHttpRequest(decodeResult: success, version: HTTP/1.1, content: EmptyByteBufBE)
GET /session/e66592ae6358f7f0d393909f22180203/url HTTP/1.1
User-Agent: selenium/4.6.0 (java windows)
Cache-Control: no-cache
Content-Type: application/json; charset=utf-8
host: localhost:44337
accept: */*

Response DefaultHttpResponse(decodeResult: success, version: HTTP/1.1)
HTTP/1.1 200 OK
Content-Type: application/json; charset=utf-8
cache-control: no-cache
content-length: 47

15:22:35.315 [AsyncHttpClient-1-2] DEBUG org.asynchttpclient.netty.channel.ChannelManager - Adding key: http://localhost:44337 for channel [id: 0xe2458fda, L:/127.0.0.1:56492 - R:localhost/127.0.0.1:44337]
15:22:35.316 [Forwarding screenshot on session e66592ae6358f7f0d393909f22180203 to remote] DEBUG org.asynchttpclient.netty.request.NettyRequestSender - Using pooled Channel '[id: 0xe2458fda, L:/127.0.0.1:56492 - R:localhost/127.0.0.1:44337]' for 'GET' to 'http://localhost:44337/session/e66592ae6358f7f0d393909f22180203/screenshot'
15:22:35.316 [Forwarding screenshot on session e66592ae6358f7f0d393909f22180203 to remote] DEBUG org.asynchttpclient.netty.request.NettyRequestSender - Using open Channel [id: 0xe2458fda, L:/127.0.0.1:56492 - R:localhost/127.0.0.1:44337] for GET '/session/e66592ae6358f7f0d393909f22180203/screenshot'
15:22:35.539 [AsyncHttpClient-1-2] DEBUG org.asynchttpclient.netty.handler.HttpHandler - 

Request DefaultFullHttpRequest(decodeResult: success, version: HTTP/1.1, content: EmptyByteBufBE)
GET /session/e66592ae6358f7f0d393909f22180203/screenshot HTTP/1.1
User-Agent: selenium/4.6.0 (java windows)
Cache-Control: no-cache
Content-Type: application/json; charset=utf-8
host: localhost:44337
accept: */*

Response DefaultHttpResponse(decodeResult: success, version: HTTP/1.1)
HTTP/1.1 200 OK
Content-Type: application/json; charset=utf-8
cache-control: no-cache
content-length: 365532

15:22:35.539 [AsyncHttpClient-1-2] DEBUG org.asynchttpclient.netty.channel.ChannelManager - Adding key: http://localhost:44337 for channel [id: 0xe2458fda, L:/127.0.0.1:56492 - R:localhost/127.0.0.1:44337]
15:22:35.545 [Test worker] DEBUG net.serenitybdd.core.photography.Darkroom - Send negative for processing for C:\Users\Usuario\Documents\retoAutomatizacion\e2e\RetoDemoBlaze\target\site\serenity\56d73d028a76f36b665bc6e460f6a57ac51ae0c054395b9e8821cc17902cbbe6.png
15:22:35.546 [Test worker] DEBUG net.thucydides.core.steps.StepInterceptor - STEP DONE: {0} clicks on #target
15:22:35.546 [Darkroom Processing Line] DEBUG net.serenitybdd.core.photography.DarkroomProcessingLine - Processing screenshot image in /var/screenshots/screenshot-1945524142949722835
15:22:35.546 [Darkroom Processing Line] DEBUG net.serenitybdd.core.photography.DarkroomProcessingLine - Saving screenshot to C:\Users\Usuario\Documents\retoAutomatizacion\e2e\RetoDemoBlaze\target\site\serenity\56d73d028a76f36b665bc6e460f6a57ac51ae0c054395b9e8821cc17902cbbe6.png
15:22:35.563 [Test worker] DEBUG net.serenitybdd.screenplay.targets.IFrameSwitcher - default content already selected for name
15:22:35.572 [Forwarding findElements on session e66592ae6358f7f0d393909f22180203 to remote] DEBUG org.asynchttpclient.netty.request.NettyRequestSender - Using pooled Channel '[id: 0xe2458fda, L:/127.0.0.1:56492 - R:localhost/127.0.0.1:44337]' for 'POST' to 'http://localhost:44337/session/e66592ae6358f7f0d393909f22180203/elements'
15:22:35.572 [Forwarding findElements on session e66592ae6358f7f0d393909f22180203 to remote] DEBUG org.asynchttpclient.netty.request.NettyRequestSender - Using open Channel [id: 0xe2458fda, L:/127.0.0.1:56492 - R:localhost/127.0.0.1:44337] for POST '/session/e66592ae6358f7f0d393909f22180203/elements'
15:22:35.583 [AsyncHttpClient-1-2] DEBUG org.asynchttpclient.netty.handler.HttpHandler - 

Request DefaultHttpRequest(decodeResult: success, version: HTTP/1.1)
POST /session/e66592ae6358f7f0d393909f22180203/elements HTTP/1.1
User-Agent: selenium/4.6.0 (java windows)
Content-Length: 49
Content-Type: application/json; charset=utf-8
host: localhost:44337
accept: */*

Response DefaultHttpResponse(decodeResult: success, version: HTTP/1.1)
HTTP/1.1 200 OK
Content-Type: application/json; charset=utf-8
cache-control: no-cache
content-length: 98

15:22:35.584 [AsyncHttpClient-1-2] DEBUG org.asynchttpclient.netty.channel.ChannelManager - Adding key: http://localhost:44337 for channel [id: 0xe2458fda, L:/127.0.0.1:56492 - R:localhost/127.0.0.1:44337]
15:22:35.615 [Forwarding isElementDisplayed on session e66592ae6358f7f0d393909f22180203 to remote] DEBUG org.asynchttpclient.netty.request.NettyRequestSender - Using pooled Channel '[id: 0xe2458fda, L:/127.0.0.1:56492 - R:localhost/127.0.0.1:44337]' for 'POST' to 'http://localhost:44337/session/e66592ae6358f7f0d393909f22180203/execute/sync'
15:22:35.615 [Forwarding isElementDisplayed on session e66592ae6358f7f0d393909f22180203 to remote] DEBUG org.asynchttpclient.netty.request.NettyRequestSender - Using open Channel [id: 0xe2458fda, L:/127.0.0.1:56492 - R:localhost/127.0.0.1:44337] for POST '/session/e66592ae6358f7f0d393909f22180203/execute/sync'
15:22:35.630 [AsyncHttpClient-1-2] DEBUG org.asynchttpclient.netty.handler.HttpHandler - 

Request DefaultHttpRequest(decodeResult: success, version: HTTP/1.1)
POST /session/e66592ae6358f7f0d393909f22180203/execute/sync HTTP/1.1
User-Agent: selenium/4.6.0 (java windows)
Content-Length: 48788
Content-Type: application/json; charset=utf-8
host: localhost:44337
accept: */*

Response DefaultHttpResponse(decodeResult: success, version: HTTP/1.1)
HTTP/1.1 200 OK
Content-Type: application/json; charset=utf-8
cache-control: no-cache
content-length: 14

15:22:35.630 [AsyncHttpClient-1-2] DEBUG org.asynchttpclient.netty.channel.ChannelManager - Adding key: http://localhost:44337 for channel [id: 0xe2458fda, L:/127.0.0.1:56492 - R:localhost/127.0.0.1:44337]
15:22:35.631 [Forwarding isElementEnabled on session e66592ae6358f7f0d393909f22180203 to remote] DEBUG org.asynchttpclient.netty.request.NettyRequestSender - Using pooled Channel '[id: 0xe2458fda, L:/127.0.0.1:56492 - R:localhost/127.0.0.1:44337]' for 'GET' to 'http://localhost:44337/session/e66592ae6358f7f0d393909f22180203/element/66366C5DDB4B568690027E21B0FBE1F1_element_339/enabled'
15:22:35.631 [Forwarding isElementEnabled on session e66592ae6358f7f0d393909f22180203 to remote] DEBUG org.asynchttpclient.netty.request.NettyRequestSender - Using open Channel [id: 0xe2458fda, L:/127.0.0.1:56492 - R:localhost/127.0.0.1:44337] for GET '/session/e66592ae6358f7f0d393909f22180203/element/66366C5DDB4B568690027E21B0FBE1F1_element_339/enabled'
15:22:35.640 [AsyncHttpClient-1-2] DEBUG org.asynchttpclient.netty.handler.HttpHandler - 

Request DefaultFullHttpRequest(decodeResult: success, version: HTTP/1.1, content: EmptyByteBufBE)
GET /session/e66592ae6358f7f0d393909f22180203/element/66366C5DDB4B568690027E21B0FBE1F1_element_339/enabled HTTP/1.1
User-Agent: selenium/4.6.0 (java windows)
Cache-Control: no-cache
Content-Type: application/json; charset=utf-8
host: localhost:44337
accept: */*

Response DefaultHttpResponse(decodeResult: success, version: HTTP/1.1)
HTTP/1.1 200 OK
Content-Type: application/json; charset=utf-8
cache-control: no-cache
content-length: 14

15:22:35.640 [AsyncHttpClient-1-2] DEBUG org.asynchttpclient.netty.channel.ChannelManager - Adding key: http://localhost:44337 for channel [id: 0xe2458fda, L:/127.0.0.1:56492 - R:localhost/127.0.0.1:44337]
15:22:35.682 [Forwarding getCurrentWindowHandle on session e66592ae6358f7f0d393909f22180203 to remote] DEBUG org.asynchttpclient.netty.request.NettyRequestSender - Using pooled Channel '[id: 0xe2458fda, L:/127.0.0.1:56492 - R:localhost/127.0.0.1:44337]' for 'GET' to 'http://localhost:44337/session/e66592ae6358f7f0d393909f22180203/window'
15:22:35.682 [Forwarding getCurrentWindowHandle on session e66592ae6358f7f0d393909f22180203 to remote] DEBUG org.asynchttpclient.netty.request.NettyRequestSender - Using open Channel [id: 0xe2458fda, L:/127.0.0.1:56492 - R:localhost/127.0.0.1:44337] for GET '/session/e66592ae6358f7f0d393909f22180203/window'
15:22:35.683 [AsyncHttpClient-1-2] DEBUG org.asynchttpclient.netty.handler.HttpHandler - 

Request DefaultFullHttpRequest(decodeResult: success, version: HTTP/1.1, content: EmptyByteBufBE)
GET /session/e66592ae6358f7f0d393909f22180203/window HTTP/1.1
User-Agent: selenium/4.6.0 (java windows)
Cache-Control: no-cache
Content-Type: application/json; charset=utf-8
host: localhost:44337
accept: */*

Response DefaultHttpResponse(decodeResult: success, version: HTTP/1.1)
HTTP/1.1 200 OK
Content-Type: application/json; charset=utf-8
cache-control: no-cache
content-length: 44

15:22:35.683 [AsyncHttpClient-1-2] DEBUG org.asynchttpclient.netty.channel.ChannelManager - Adding key: http://localhost:44337 for channel [id: 0xe2458fda, L:/127.0.0.1:56492 - R:localhost/127.0.0.1:44337]
15:22:35.695 [Forwarding getAlertText on session e66592ae6358f7f0d393909f22180203 to remote] DEBUG org.asynchttpclient.netty.request.NettyRequestSender - Using pooled Channel '[id: 0xe2458fda, L:/127.0.0.1:56492 - R:localhost/127.0.0.1:44337]' for 'GET' to 'http://localhost:44337/session/e66592ae6358f7f0d393909f22180203/alert/text'
15:22:35.695 [Forwarding getAlertText on session e66592ae6358f7f0d393909f22180203 to remote] DEBUG org.asynchttpclient.netty.request.NettyRequestSender - Using open Channel [id: 0xe2458fda, L:/127.0.0.1:56492 - R:localhost/127.0.0.1:44337] for GET '/session/e66592ae6358f7f0d393909f22180203/alert/text'
15:22:35.697 [AsyncHttpClient-1-2] DEBUG org.asynchttpclient.netty.handler.HttpHandler - 

Request DefaultFullHttpRequest(decodeResult: success, version: HTTP/1.1, content: EmptyByteBufBE)
GET /session/e66592ae6358f7f0d393909f22180203/alert/text HTTP/1.1
User-Agent: selenium/4.6.0 (java windows)
Cache-Control: no-cache
Content-Type: application/json; charset=utf-8
host: localhost:44337
accept: */*

Response DefaultHttpResponse(decodeResult: success, version: HTTP/1.1)
HTTP/1.1 404 Not Found
Content-Type: application/json; charset=utf-8
cache-control: no-cache
content-length: 848

15:22:35.697 [AsyncHttpClient-1-2] DEBUG org.asynchttpclient.netty.channel.ChannelManager - Adding key: http://localhost:44337 for channel [id: 0xe2458fda, L:/127.0.0.1:56492 - R:localhost/127.0.0.1:44337]
15:22:35.706 [Forwarding switchToWindow on session e66592ae6358f7f0d393909f22180203 to remote] DEBUG org.asynchttpclient.netty.request.NettyRequestSender - Using pooled Channel '[id: 0xe2458fda, L:/127.0.0.1:56492 - R:localhost/127.0.0.1:44337]' for 'POST' to 'http://localhost:44337/session/e66592ae6358f7f0d393909f22180203/window'
15:22:35.706 [Forwarding switchToWindow on session e66592ae6358f7f0d393909f22180203 to remote] DEBUG org.asynchttpclient.netty.request.NettyRequestSender - Using open Channel [id: 0xe2458fda, L:/127.0.0.1:56492 - R:localhost/127.0.0.1:44337] for POST '/session/e66592ae6358f7f0d393909f22180203/window'
15:22:35.708 [AsyncHttpClient-1-2] DEBUG org.asynchttpclient.netty.handler.HttpHandler - 

Request DefaultHttpRequest(decodeResult: success, version: HTTP/1.1)
POST /session/e66592ae6358f7f0d393909f22180203/window HTTP/1.1
User-Agent: selenium/4.6.0 (java windows)
Content-Length: 50
Content-Type: application/json; charset=utf-8
host: localhost:44337
accept: */*

Response DefaultHttpResponse(decodeResult: success, version: HTTP/1.1)
HTTP/1.1 200 OK
Content-Type: application/json; charset=utf-8
cache-control: no-cache
content-length: 14

15:22:35.708 [AsyncHttpClient-1-2] DEBUG org.asynchttpclient.netty.channel.ChannelManager - Adding key: http://localhost:44337 for channel [id: 0xe2458fda, L:/127.0.0.1:56492 - R:localhost/127.0.0.1:44337]
15:22:35.709 [Forwarding getCurrentUrl on session e66592ae6358f7f0d393909f22180203 to remote] DEBUG org.asynchttpclient.netty.request.NettyRequestSender - Using pooled Channel '[id: 0xe2458fda, L:/127.0.0.1:56492 - R:localhost/127.0.0.1:44337]' for 'GET' to 'http://localhost:44337/session/e66592ae6358f7f0d393909f22180203/url'
15:22:35.709 [Forwarding getCurrentUrl on session e66592ae6358f7f0d393909f22180203 to remote] DEBUG org.asynchttpclient.netty.request.NettyRequestSender - Using open Channel [id: 0xe2458fda, L:/127.0.0.1:56492 - R:localhost/127.0.0.1:44337] for GET '/session/e66592ae6358f7f0d393909f22180203/url'
15:22:35.716 [AsyncHttpClient-1-2] DEBUG org.asynchttpclient.netty.handler.HttpHandler - 

Request DefaultFullHttpRequest(decodeResult: success, version: HTTP/1.1, content: EmptyByteBufBE)
GET /session/e66592ae6358f7f0d393909f22180203/url HTTP/1.1
User-Agent: selenium/4.6.0 (java windows)
Cache-Control: no-cache
Content-Type: application/json; charset=utf-8
host: localhost:44337
accept: */*

Response DefaultHttpResponse(decodeResult: success, version: HTTP/1.1)
HTTP/1.1 200 OK
Content-Type: application/json; charset=utf-8
cache-control: no-cache
content-length: 47

15:22:35.716 [AsyncHttpClient-1-2] DEBUG org.asynchttpclient.netty.channel.ChannelManager - Adding key: http://localhost:44337 for channel [id: 0xe2458fda, L:/127.0.0.1:56492 - R:localhost/127.0.0.1:44337]
15:22:35.717 [Forwarding screenshot on session e66592ae6358f7f0d393909f22180203 to remote] DEBUG org.asynchttpclient.netty.request.NettyRequestSender - Using pooled Channel '[id: 0xe2458fda, L:/127.0.0.1:56492 - R:localhost/127.0.0.1:44337]' for 'GET' to 'http://localhost:44337/session/e66592ae6358f7f0d393909f22180203/screenshot'
15:22:35.717 [Forwarding screenshot on session e66592ae6358f7f0d393909f22180203 to remote] DEBUG org.asynchttpclient.netty.request.NettyRequestSender - Using open Channel [id: 0xe2458fda, L:/127.0.0.1:56492 - R:localhost/127.0.0.1:44337] for GET '/session/e66592ae6358f7f0d393909f22180203/screenshot'
15:22:35.925 [AsyncHttpClient-1-2] DEBUG org.asynchttpclient.netty.handler.HttpHandler - 

Request DefaultFullHttpRequest(decodeResult: success, version: HTTP/1.1, content: EmptyByteBufBE)
GET /session/e66592ae6358f7f0d393909f22180203/screenshot HTTP/1.1
User-Agent: selenium/4.6.0 (java windows)
Cache-Control: no-cache
Content-Type: application/json; charset=utf-8
host: localhost:44337
accept: */*

Response DefaultHttpResponse(decodeResult: success, version: HTTP/1.1)
HTTP/1.1 200 OK
Content-Type: application/json; charset=utf-8
cache-control: no-cache
content-length: 285136

15:22:35.926 [AsyncHttpClient-1-2] DEBUG org.asynchttpclient.netty.channel.ChannelManager - Adding key: http://localhost:44337 for channel [id: 0xe2458fda, L:/127.0.0.1:56492 - R:localhost/127.0.0.1:44337]
15:22:35.931 [Test worker] DEBUG net.serenitybdd.core.photography.Darkroom - Send negative for processing for C:\Users\Usuario\Documents\retoAutomatizacion\e2e\RetoDemoBlaze\target\site\serenity\6eb39ec2c2856f74628a2e0351ab5cd08518fba19bb9f24e4a2585bb87196f4a.png
15:22:35.931 [Darkroom Processing Line] DEBUG net.serenitybdd.core.photography.DarkroomProcessingLine - Processing screenshot image in /var/screenshots/screenshot-7613736437604325849
15:22:35.931 [Darkroom Processing Line] DEBUG net.serenitybdd.core.photography.DarkroomProcessingLine - Saving screenshot to C:\Users\Usuario\Documents\retoAutomatizacion\e2e\RetoDemoBlaze\target\site\serenity\6eb39ec2c2856f74628a2e0351ab5cd08518fba19bb9f24e4a2585bb87196f4a.png
15:22:35.941 [Forwarding getPageSource on session e66592ae6358f7f0d393909f22180203 to remote] DEBUG org.asynchttpclient.netty.request.NettyRequestSender - Using pooled Channel '[id: 0xe2458fda, L:/127.0.0.1:56492 - R:localhost/127.0.0.1:44337]' for 'POST' to 'http://localhost:44337/session/e66592ae6358f7f0d393909f22180203/execute/sync'
15:22:35.941 [Forwarding getPageSource on session e66592ae6358f7f0d393909f22180203 to remote] DEBUG org.asynchttpclient.netty.request.NettyRequestSender - Using open Channel [id: 0xe2458fda, L:/127.0.0.1:56492 - R:localhost/127.0.0.1:44337] for POST '/session/e66592ae6358f7f0d393909f22180203/execute/sync'
15:22:35.950 [AsyncHttpClient-1-2] DEBUG org.asynchttpclient.netty.handler.HttpHandler - 

Request DefaultHttpRequest(decodeResult: success, version: HTTP/1.1)
POST /session/e66592ae6358f7f0d393909f22180203/execute/sync HTTP/1.1
User-Agent: selenium/4.6.0 (java windows)
Content-Length: 176
Content-Type: application/json; charset=utf-8
host: localhost:44337
accept: */*

Response DefaultHttpResponse(decodeResult: success, version: HTTP/1.1)
HTTP/1.1 200 OK
Content-Type: application/json; charset=utf-8
cache-control: no-cache
content-length: 58188

15:22:35.951 [AsyncHttpClient-1-2] DEBUG org.asynchttpclient.netty.channel.ChannelManager - Adding key: http://localhost:44337 for channel [id: 0xe2458fda, L:/127.0.0.1:56492 - R:localhost/127.0.0.1:44337]
15:22:35.952 [AsyncHttpClient-1-1] DEBUG org.asynchttpclient.netty.channel.DefaultChannelPool - Entry count for : http://localhost:56493 : 1
15:22:35.952 [AsyncHttpClient-1-1] DEBUG org.asynchttpclient.netty.channel.DefaultChannelPool - Entry count for : http://localhost:44337 : 1
15:22:35.955 [Forwarding getCurrentUrl on session e66592ae6358f7f0d393909f22180203 to remote] DEBUG org.asynchttpclient.netty.request.NettyRequestSender - Using pooled Channel '[id: 0xe2458fda, L:/127.0.0.1:56492 - R:localhost/127.0.0.1:44337]' for 'GET' to 'http://localhost:44337/session/e66592ae6358f7f0d393909f22180203/url'
15:22:35.955 [Forwarding getCurrentUrl on session e66592ae6358f7f0d393909f22180203 to remote] DEBUG org.asynchttpclient.netty.request.NettyRequestSender - Using open Channel [id: 0xe2458fda, L:/127.0.0.1:56492 - R:localhost/127.0.0.1:44337] for GET '/session/e66592ae6358f7f0d393909f22180203/url'
15:22:35.961 [AsyncHttpClient-1-2] DEBUG org.asynchttpclient.netty.handler.HttpHandler - 

Request DefaultFullHttpRequest(decodeResult: success, version: HTTP/1.1, content: EmptyByteBufBE)
GET /session/e66592ae6358f7f0d393909f22180203/url HTTP/1.1
User-Agent: selenium/4.6.0 (java windows)
Cache-Control: no-cache
Content-Type: application/json; charset=utf-8
host: localhost:44337
accept: */*

Response DefaultHttpResponse(decodeResult: success, version: HTTP/1.1)
HTTP/1.1 200 OK
Content-Type: application/json; charset=utf-8
cache-control: no-cache
content-length: 47

15:22:35.961 [AsyncHttpClient-1-2] DEBUG org.asynchttpclient.netty.channel.ChannelManager - Adding key: http://localhost:44337 for channel [id: 0xe2458fda, L:/127.0.0.1:56492 - R:localhost/127.0.0.1:44337]
15:22:35.962 [Test worker] DEBUG net.thucydides.core.steps.StepInterceptor - STARTING STEP: PlaceOrder.performAs - {0} enters #theTextAsAString into #target
15:22:35.969 [Test worker] DEBUG net.serenitybdd.screenplay.targets.IFrameSwitcher - default content already selected for name
15:22:35.986 [Forwarding findElement on session e66592ae6358f7f0d393909f22180203 to remote] DEBUG org.asynchttpclient.netty.request.NettyRequestSender - Using pooled Channel '[id: 0xe2458fda, L:/127.0.0.1:56492 - R:localhost/127.0.0.1:44337]' for 'POST' to 'http://localhost:44337/session/e66592ae6358f7f0d393909f22180203/element'
15:22:35.986 [Forwarding findElement on session e66592ae6358f7f0d393909f22180203 to remote] DEBUG org.asynchttpclient.netty.request.NettyRequestSender - Using open Channel [id: 0xe2458fda, L:/127.0.0.1:56492 - R:localhost/127.0.0.1:44337] for POST '/session/e66592ae6358f7f0d393909f22180203/element'
15:22:35.996 [AsyncHttpClient-1-2] DEBUG org.asynchttpclient.netty.handler.HttpHandler - 

Request DefaultHttpRequest(decodeResult: success, version: HTTP/1.1)
POST /session/e66592ae6358f7f0d393909f22180203/element HTTP/1.1
User-Agent: selenium/4.6.0 (java windows)
Content-Length: 49
Content-Type: application/json; charset=utf-8
host: localhost:44337
accept: */*

Response DefaultHttpResponse(decodeResult: success, version: HTTP/1.1)
HTTP/1.1 200 OK
Content-Type: application/json; charset=utf-8
cache-control: no-cache
content-length: 96

15:22:35.996 [AsyncHttpClient-1-2] DEBUG org.asynchttpclient.netty.channel.ChannelManager - Adding key: http://localhost:44337 for channel [id: 0xe2458fda, L:/127.0.0.1:56492 - R:localhost/127.0.0.1:44337]
15:22:35.997 [Forwarding clearElement on session e66592ae6358f7f0d393909f22180203 to remote] DEBUG org.asynchttpclient.netty.request.NettyRequestSender - Using pooled Channel '[id: 0xe2458fda, L:/127.0.0.1:56492 - R:localhost/127.0.0.1:44337]' for 'POST' to 'http://localhost:44337/session/e66592ae6358f7f0d393909f22180203/element/66366C5DDB4B568690027E21B0FBE1F1_element_339/clear'
15:22:35.997 [Forwarding clearElement on session e66592ae6358f7f0d393909f22180203 to remote] DEBUG org.asynchttpclient.netty.request.NettyRequestSender - Using open Channel [id: 0xe2458fda, L:/127.0.0.1:56492 - R:localhost/127.0.0.1:44337] for POST '/session/e66592ae6358f7f0d393909f22180203/element/66366C5DDB4B568690027E21B0FBE1F1_element_339/clear'
15:22:36.017 [AsyncHttpClient-1-2] DEBUG org.asynchttpclient.netty.handler.HttpHandler - 

Request DefaultHttpRequest(decodeResult: success, version: HTTP/1.1)
POST /session/e66592ae6358f7f0d393909f22180203/element/66366C5DDB4B568690027E21B0FBE1F1_element_339/clear HTTP/1.1
User-Agent: selenium/4.6.0 (java windows)
Content-Length: 58
Content-Type: application/json; charset=utf-8
host: localhost:44337
accept: */*

Response DefaultHttpResponse(decodeResult: success, version: HTTP/1.1)
HTTP/1.1 200 OK
Content-Type: application/json; charset=utf-8
cache-control: no-cache
content-length: 14

15:22:36.017 [AsyncHttpClient-1-2] DEBUG org.asynchttpclient.netty.channel.ChannelManager - Adding key: http://localhost:44337 for channel [id: 0xe2458fda, L:/127.0.0.1:56492 - R:localhost/127.0.0.1:44337]
15:22:36.023 [Forwarding sendKeysToElement on session e66592ae6358f7f0d393909f22180203 to remote] DEBUG org.asynchttpclient.netty.request.NettyRequestSender - Using pooled Channel '[id: 0xe2458fda, L:/127.0.0.1:56492 - R:localhost/127.0.0.1:44337]' for 'POST' to 'http://localhost:44337/session/e66592ae6358f7f0d393909f22180203/element/66366C5DDB4B568690027E21B0FBE1F1_element_339/value'
15:22:36.023 [Forwarding sendKeysToElement on session e66592ae6358f7f0d393909f22180203 to remote] DEBUG org.asynchttpclient.netty.request.NettyRequestSender - Using open Channel [id: 0xe2458fda, L:/127.0.0.1:56492 - R:localhost/127.0.0.1:44337] for POST '/session/e66592ae6358f7f0d393909f22180203/element/66366C5DDB4B568690027E21B0FBE1F1_element_339/value'
15:22:36.058 [AsyncHttpClient-1-2] DEBUG org.asynchttpclient.netty.handler.HttpHandler - 

Request DefaultHttpRequest(decodeResult: success, version: HTTP/1.1)
POST /session/e66592ae6358f7f0d393909f22180203/element/66366C5DDB4B568690027E21B0FBE1F1_element_339/value HTTP/1.1
User-Agent: selenium/4.6.0 (java windows)
Content-Length: 139
Content-Type: application/json; charset=utf-8
host: localhost:44337
accept: */*

Response DefaultHttpResponse(decodeResult: success, version: HTTP/1.1)
HTTP/1.1 200 OK
Content-Type: application/json; charset=utf-8
cache-control: no-cache
content-length: 14

15:22:36.058 [AsyncHttpClient-1-2] DEBUG org.asynchttpclient.netty.channel.ChannelManager - Adding key: http://localhost:44337 for channel [id: 0xe2458fda, L:/127.0.0.1:56492 - R:localhost/127.0.0.1:44337]
15:22:36.088 [Forwarding getCurrentWindowHandle on session e66592ae6358f7f0d393909f22180203 to remote] DEBUG org.asynchttpclient.netty.request.NettyRequestSender - Using pooled Channel '[id: 0xe2458fda, L:/127.0.0.1:56492 - R:localhost/127.0.0.1:44337]' for 'GET' to 'http://localhost:44337/session/e66592ae6358f7f0d393909f22180203/window'
15:22:36.088 [Forwarding getCurrentWindowHandle on session e66592ae6358f7f0d393909f22180203 to remote] DEBUG org.asynchttpclient.netty.request.NettyRequestSender - Using open Channel [id: 0xe2458fda, L:/127.0.0.1:56492 - R:localhost/127.0.0.1:44337] for GET '/session/e66592ae6358f7f0d393909f22180203/window'
15:22:36.089 [AsyncHttpClient-1-2] DEBUG org.asynchttpclient.netty.handler.HttpHandler - 

Request DefaultFullHttpRequest(decodeResult: success, version: HTTP/1.1, content: EmptyByteBufBE)
GET /session/e66592ae6358f7f0d393909f22180203/window HTTP/1.1
User-Agent: selenium/4.6.0 (java windows)
Cache-Control: no-cache
Content-Type: application/json; charset=utf-8
host: localhost:44337
accept: */*

Response DefaultHttpResponse(decodeResult: success, version: HTTP/1.1)
HTTP/1.1 200 OK
Content-Type: application/json; charset=utf-8
cache-control: no-cache
content-length: 44

15:22:36.089 [AsyncHttpClient-1-2] DEBUG org.asynchttpclient.netty.channel.ChannelManager - Adding key: http://localhost:44337 for channel [id: 0xe2458fda, L:/127.0.0.1:56492 - R:localhost/127.0.0.1:44337]
15:22:36.097 [Forwarding getAlertText on session e66592ae6358f7f0d393909f22180203 to remote] DEBUG org.asynchttpclient.netty.request.NettyRequestSender - Using pooled Channel '[id: 0xe2458fda, L:/127.0.0.1:56492 - R:localhost/127.0.0.1:44337]' for 'GET' to 'http://localhost:44337/session/e66592ae6358f7f0d393909f22180203/alert/text'
15:22:36.097 [Forwarding getAlertText on session e66592ae6358f7f0d393909f22180203 to remote] DEBUG org.asynchttpclient.netty.request.NettyRequestSender - Using open Channel [id: 0xe2458fda, L:/127.0.0.1:56492 - R:localhost/127.0.0.1:44337] for GET '/session/e66592ae6358f7f0d393909f22180203/alert/text'
15:22:36.099 [AsyncHttpClient-1-2] DEBUG org.asynchttpclient.netty.handler.HttpHandler - 

Request DefaultFullHttpRequest(decodeResult: success, version: HTTP/1.1, content: EmptyByteBufBE)
GET /session/e66592ae6358f7f0d393909f22180203/alert/text HTTP/1.1
User-Agent: selenium/4.6.0 (java windows)
Cache-Control: no-cache
Content-Type: application/json; charset=utf-8
host: localhost:44337
accept: */*

Response DefaultHttpResponse(decodeResult: success, version: HTTP/1.1)
HTTP/1.1 404 Not Found
Content-Type: application/json; charset=utf-8
cache-control: no-cache
content-length: 848

15:22:36.099 [AsyncHttpClient-1-2] DEBUG org.asynchttpclient.netty.channel.ChannelManager - Adding key: http://localhost:44337 for channel [id: 0xe2458fda, L:/127.0.0.1:56492 - R:localhost/127.0.0.1:44337]
15:22:36.106 [Forwarding switchToWindow on session e66592ae6358f7f0d393909f22180203 to remote] DEBUG org.asynchttpclient.netty.request.NettyRequestSender - Using pooled Channel '[id: 0xe2458fda, L:/127.0.0.1:56492 - R:localhost/127.0.0.1:44337]' for 'POST' to 'http://localhost:44337/session/e66592ae6358f7f0d393909f22180203/window'
15:22:36.106 [Forwarding switchToWindow on session e66592ae6358f7f0d393909f22180203 to remote] DEBUG org.asynchttpclient.netty.request.NettyRequestSender - Using open Channel [id: 0xe2458fda, L:/127.0.0.1:56492 - R:localhost/127.0.0.1:44337] for POST '/session/e66592ae6358f7f0d393909f22180203/window'
15:22:36.108 [AsyncHttpClient-1-2] DEBUG org.asynchttpclient.netty.handler.HttpHandler - 

Request DefaultHttpRequest(decodeResult: success, version: HTTP/1.1)
POST /session/e66592ae6358f7f0d393909f22180203/window HTTP/1.1
User-Agent: selenium/4.6.0 (java windows)
Content-Length: 50
Content-Type: application/json; charset=utf-8
host: localhost:44337
accept: */*

Response DefaultHttpResponse(decodeResult: success, version: HTTP/1.1)
HTTP/1.1 200 OK
Content-Type: application/json; charset=utf-8
cache-control: no-cache
content-length: 14

15:22:36.109 [AsyncHttpClient-1-2] DEBUG org.asynchttpclient.netty.channel.ChannelManager - Adding key: http://localhost:44337 for channel [id: 0xe2458fda, L:/127.0.0.1:56492 - R:localhost/127.0.0.1:44337]
15:22:36.111 [Forwarding getCurrentUrl on session e66592ae6358f7f0d393909f22180203 to remote] DEBUG org.asynchttpclient.netty.request.NettyRequestSender - Using pooled Channel '[id: 0xe2458fda, L:/127.0.0.1:56492 - R:localhost/127.0.0.1:44337]' for 'GET' to 'http://localhost:44337/session/e66592ae6358f7f0d393909f22180203/url'
15:22:36.111 [Forwarding getCurrentUrl on session e66592ae6358f7f0d393909f22180203 to remote] DEBUG org.asynchttpclient.netty.request.NettyRequestSender - Using open Channel [id: 0xe2458fda, L:/127.0.0.1:56492 - R:localhost/127.0.0.1:44337] for GET '/session/e66592ae6358f7f0d393909f22180203/url'
15:22:36.114 [AsyncHttpClient-1-2] DEBUG org.asynchttpclient.netty.handler.HttpHandler - 

Request DefaultFullHttpRequest(decodeResult: success, version: HTTP/1.1, content: EmptyByteBufBE)
GET /session/e66592ae6358f7f0d393909f22180203/url HTTP/1.1
User-Agent: selenium/4.6.0 (java windows)
Cache-Control: no-cache
Content-Type: application/json; charset=utf-8
host: localhost:44337
accept: */*

Response DefaultHttpResponse(decodeResult: success, version: HTTP/1.1)
HTTP/1.1 200 OK
Content-Type: application/json; charset=utf-8
cache-control: no-cache
content-length: 47

15:22:36.114 [AsyncHttpClient-1-2] DEBUG org.asynchttpclient.netty.channel.ChannelManager - Adding key: http://localhost:44337 for channel [id: 0xe2458fda, L:/127.0.0.1:56492 - R:localhost/127.0.0.1:44337]
15:22:36.115 [Forwarding screenshot on session e66592ae6358f7f0d393909f22180203 to remote] DEBUG org.asynchttpclient.netty.request.NettyRequestSender - Using pooled Channel '[id: 0xe2458fda, L:/127.0.0.1:56492 - R:localhost/127.0.0.1:44337]' for 'GET' to 'http://localhost:44337/session/e66592ae6358f7f0d393909f22180203/screenshot'
15:22:36.115 [Forwarding screenshot on session e66592ae6358f7f0d393909f22180203 to remote] DEBUG org.asynchttpclient.netty.request.NettyRequestSender - Using open Channel [id: 0xe2458fda, L:/127.0.0.1:56492 - R:localhost/127.0.0.1:44337] for GET '/session/e66592ae6358f7f0d393909f22180203/screenshot'
15:22:36.273 [AsyncHttpClient-1-2] DEBUG org.asynchttpclient.netty.handler.HttpHandler - 

Request DefaultFullHttpRequest(decodeResult: success, version: HTTP/1.1, content: EmptyByteBufBE)
GET /session/e66592ae6358f7f0d393909f22180203/screenshot HTTP/1.1
User-Agent: selenium/4.6.0 (java windows)
Cache-Control: no-cache
Content-Type: application/json; charset=utf-8
host: localhost:44337
accept: */*

Response DefaultHttpResponse(decodeResult: success, version: HTTP/1.1)
HTTP/1.1 200 OK
Content-Type: application/json; charset=utf-8
cache-control: no-cache
content-length: 286288

15:22:36.273 [AsyncHttpClient-1-2] DEBUG org.asynchttpclient.netty.channel.ChannelManager - Adding key: http://localhost:44337 for channel [id: 0xe2458fda, L:/127.0.0.1:56492 - R:localhost/127.0.0.1:44337]
15:22:36.278 [Test worker] DEBUG net.serenitybdd.core.photography.Darkroom - Send negative for processing for C:\Users\Usuario\Documents\retoAutomatizacion\e2e\RetoDemoBlaze\target\site\serenity\7f2a868c975a301f832238a695726e241ef215bd3d10dc8496a3298605a5fae3.png
15:22:36.278 [Test worker] DEBUG net.thucydides.core.steps.StepInterceptor - STEP DONE: {0} enters #theTextAsAString into #target
15:22:36.278 [Darkroom Processing Line] DEBUG net.serenitybdd.core.photography.DarkroomProcessingLine - Processing screenshot image in /var/screenshots/screenshot-10758164780078322747
15:22:36.278 [Darkroom Processing Line] DEBUG net.serenitybdd.core.photography.DarkroomProcessingLine - Saving screenshot to C:\Users\Usuario\Documents\retoAutomatizacion\e2e\RetoDemoBlaze\target\site\serenity\7f2a868c975a301f832238a695726e241ef215bd3d10dc8496a3298605a5fae3.png
15:22:36.295 [Forwarding getPageSource on session e66592ae6358f7f0d393909f22180203 to remote] DEBUG org.asynchttpclient.netty.request.NettyRequestSender - Using pooled Channel '[id: 0xe2458fda, L:/127.0.0.1:56492 - R:localhost/127.0.0.1:44337]' for 'POST' to 'http://localhost:44337/session/e66592ae6358f7f0d393909f22180203/execute/sync'
15:22:36.295 [Forwarding getPageSource on session e66592ae6358f7f0d393909f22180203 to remote] DEBUG org.asynchttpclient.netty.request.NettyRequestSender - Using open Channel [id: 0xe2458fda, L:/127.0.0.1:56492 - R:localhost/127.0.0.1:44337] for POST '/session/e66592ae6358f7f0d393909f22180203/execute/sync'
15:22:36.303 [AsyncHttpClient-1-2] DEBUG org.asynchttpclient.netty.handler.HttpHandler - 

Request DefaultHttpRequest(decodeResult: success, version: HTTP/1.1)
POST /session/e66592ae6358f7f0d393909f22180203/execute/sync HTTP/1.1
User-Agent: selenium/4.6.0 (java windows)
Content-Length: 176
Content-Type: application/json; charset=utf-8
host: localhost:44337
accept: */*

Response DefaultHttpResponse(decodeResult: success, version: HTTP/1.1)
HTTP/1.1 200 OK
Content-Type: application/json; charset=utf-8
cache-control: no-cache
content-length: 58188

15:22:36.303 [AsyncHttpClient-1-2] DEBUG org.asynchttpclient.netty.channel.ChannelManager - Adding key: http://localhost:44337 for channel [id: 0xe2458fda, L:/127.0.0.1:56492 - R:localhost/127.0.0.1:44337]
15:22:36.307 [Forwarding getCurrentUrl on session e66592ae6358f7f0d393909f22180203 to remote] DEBUG org.asynchttpclient.netty.request.NettyRequestSender - Using pooled Channel '[id: 0xe2458fda, L:/127.0.0.1:56492 - R:localhost/127.0.0.1:44337]' for 'GET' to 'http://localhost:44337/session/e66592ae6358f7f0d393909f22180203/url'
15:22:36.307 [Forwarding getCurrentUrl on session e66592ae6358f7f0d393909f22180203 to remote] DEBUG org.asynchttpclient.netty.request.NettyRequestSender - Using open Channel [id: 0xe2458fda, L:/127.0.0.1:56492 - R:localhost/127.0.0.1:44337] for GET '/session/e66592ae6358f7f0d393909f22180203/url'
15:22:36.311 [AsyncHttpClient-1-2] DEBUG org.asynchttpclient.netty.handler.HttpHandler - 

Request DefaultFullHttpRequest(decodeResult: success, version: HTTP/1.1, content: EmptyByteBufBE)
GET /session/e66592ae6358f7f0d393909f22180203/url HTTP/1.1
User-Agent: selenium/4.6.0 (java windows)
Cache-Control: no-cache
Content-Type: application/json; charset=utf-8
host: localhost:44337
accept: */*

Response DefaultHttpResponse(decodeResult: success, version: HTTP/1.1)
HTTP/1.1 200 OK
Content-Type: application/json; charset=utf-8
cache-control: no-cache
content-length: 47

15:22:36.311 [AsyncHttpClient-1-2] DEBUG org.asynchttpclient.netty.channel.ChannelManager - Adding key: http://localhost:44337 for channel [id: 0xe2458fda, L:/127.0.0.1:56492 - R:localhost/127.0.0.1:44337]
15:22:36.312 [Test worker] DEBUG net.thucydides.core.steps.StepInterceptor - STARTING STEP: PlaceOrder.performAs - {0} enters #theTextAsAString into #target
15:22:36.318 [Test worker] DEBUG net.serenitybdd.screenplay.targets.IFrameSwitcher - default content already selected for country
15:22:36.335 [Forwarding findElement on session e66592ae6358f7f0d393909f22180203 to remote] DEBUG org.asynchttpclient.netty.request.NettyRequestSender - Using pooled Channel '[id: 0xe2458fda, L:/127.0.0.1:56492 - R:localhost/127.0.0.1:44337]' for 'POST' to 'http://localhost:44337/session/e66592ae6358f7f0d393909f22180203/element'
15:22:36.335 [Forwarding findElement on session e66592ae6358f7f0d393909f22180203 to remote] DEBUG org.asynchttpclient.netty.request.NettyRequestSender - Using open Channel [id: 0xe2458fda, L:/127.0.0.1:56492 - R:localhost/127.0.0.1:44337] for POST '/session/e66592ae6358f7f0d393909f22180203/element'
15:22:36.345 [AsyncHttpClient-1-2] DEBUG org.asynchttpclient.netty.handler.HttpHandler - 

Request DefaultHttpRequest(decodeResult: success, version: HTTP/1.1)
POST /session/e66592ae6358f7f0d393909f22180203/element HTTP/1.1
User-Agent: selenium/4.6.0 (java windows)
Content-Length: 52
Content-Type: application/json; charset=utf-8
host: localhost:44337
accept: */*

Response DefaultHttpResponse(decodeResult: success, version: HTTP/1.1)
HTTP/1.1 200 OK
Content-Type: application/json; charset=utf-8
cache-control: no-cache
content-length: 96

15:22:36.345 [AsyncHttpClient-1-2] DEBUG org.asynchttpclient.netty.channel.ChannelManager - Adding key: http://localhost:44337 for channel [id: 0xe2458fda, L:/127.0.0.1:56492 - R:localhost/127.0.0.1:44337]
15:22:36.346 [Forwarding clearElement on session e66592ae6358f7f0d393909f22180203 to remote] DEBUG org.asynchttpclient.netty.request.NettyRequestSender - Using pooled Channel '[id: 0xe2458fda, L:/127.0.0.1:56492 - R:localhost/127.0.0.1:44337]' for 'POST' to 'http://localhost:44337/session/e66592ae6358f7f0d393909f22180203/element/66366C5DDB4B568690027E21B0FBE1F1_element_341/clear'
15:22:36.346 [Forwarding clearElement on session e66592ae6358f7f0d393909f22180203 to remote] DEBUG org.asynchttpclient.netty.request.NettyRequestSender - Using open Channel [id: 0xe2458fda, L:/127.0.0.1:56492 - R:localhost/127.0.0.1:44337] for POST '/session/e66592ae6358f7f0d393909f22180203/element/66366C5DDB4B568690027E21B0FBE1F1_element_341/clear'
15:22:36.363 [AsyncHttpClient-1-2] DEBUG org.asynchttpclient.netty.handler.HttpHandler - 

Request DefaultHttpRequest(decodeResult: success, version: HTTP/1.1)
POST /session/e66592ae6358f7f0d393909f22180203/element/66366C5DDB4B568690027E21B0FBE1F1_element_341/clear HTTP/1.1
User-Agent: selenium/4.6.0 (java windows)
Content-Length: 58
Content-Type: application/json; charset=utf-8
host: localhost:44337
accept: */*

Response DefaultHttpResponse(decodeResult: success, version: HTTP/1.1)
HTTP/1.1 200 OK
Content-Type: application/json; charset=utf-8
cache-control: no-cache
content-length: 14

15:22:36.363 [AsyncHttpClient-1-2] DEBUG org.asynchttpclient.netty.channel.ChannelManager - Adding key: http://localhost:44337 for channel [id: 0xe2458fda, L:/127.0.0.1:56492 - R:localhost/127.0.0.1:44337]
15:22:36.369 [Forwarding sendKeysToElement on session e66592ae6358f7f0d393909f22180203 to remote] DEBUG org.asynchttpclient.netty.request.NettyRequestSender - Using pooled Channel '[id: 0xe2458fda, L:/127.0.0.1:56492 - R:localhost/127.0.0.1:44337]' for 'POST' to 'http://localhost:44337/session/e66592ae6358f7f0d393909f22180203/element/66366C5DDB4B568690027E21B0FBE1F1_element_341/value'
15:22:36.369 [Forwarding sendKeysToElement on session e66592ae6358f7f0d393909f22180203 to remote] DEBUG org.asynchttpclient.netty.request.NettyRequestSender - Using open Channel [id: 0xe2458fda, L:/127.0.0.1:56492 - R:localhost/127.0.0.1:44337] for POST '/session/e66592ae6358f7f0d393909f22180203/element/66366C5DDB4B568690027E21B0FBE1F1_element_341/value'
15:22:36.406 [AsyncHttpClient-1-2] DEBUG org.asynchttpclient.netty.handler.HttpHandler - 

Request DefaultHttpRequest(decodeResult: success, version: HTTP/1.1)
POST /session/e66592ae6358f7f0d393909f22180203/element/66366C5DDB4B568690027E21B0FBE1F1_element_341/value HTTP/1.1
User-Agent: selenium/4.6.0 (java windows)
Content-Length: 129
Content-Type: application/json; charset=utf-8
host: localhost:44337
accept: */*

Response DefaultHttpResponse(decodeResult: success, version: HTTP/1.1)
HTTP/1.1 200 OK
Content-Type: application/json; charset=utf-8
cache-control: no-cache
content-length: 14

15:22:36.406 [AsyncHttpClient-1-2] DEBUG org.asynchttpclient.netty.channel.ChannelManager - Adding key: http://localhost:44337 for channel [id: 0xe2458fda, L:/127.0.0.1:56492 - R:localhost/127.0.0.1:44337]
15:22:36.441 [Forwarding getCurrentWindowHandle on session e66592ae6358f7f0d393909f22180203 to remote] DEBUG org.asynchttpclient.netty.request.NettyRequestSender - Using pooled Channel '[id: 0xe2458fda, L:/127.0.0.1:56492 - R:localhost/127.0.0.1:44337]' for 'GET' to 'http://localhost:44337/session/e66592ae6358f7f0d393909f22180203/window'
15:22:36.441 [Forwarding getCurrentWindowHandle on session e66592ae6358f7f0d393909f22180203 to remote] DEBUG org.asynchttpclient.netty.request.NettyRequestSender - Using open Channel [id: 0xe2458fda, L:/127.0.0.1:56492 - R:localhost/127.0.0.1:44337] for GET '/session/e66592ae6358f7f0d393909f22180203/window'
15:22:36.441 [AsyncHttpClient-1-2] DEBUG org.asynchttpclient.netty.handler.HttpHandler - 

Request DefaultFullHttpRequest(decodeResult: success, version: HTTP/1.1, content: EmptyByteBufBE)
GET /session/e66592ae6358f7f0d393909f22180203/window HTTP/1.1
User-Agent: selenium/4.6.0 (java windows)
Cache-Control: no-cache
Content-Type: application/json; charset=utf-8
host: localhost:44337
accept: */*

Response DefaultHttpResponse(decodeResult: success, version: HTTP/1.1)
HTTP/1.1 200 OK
Content-Type: application/json; charset=utf-8
cache-control: no-cache
content-length: 44

15:22:36.441 [AsyncHttpClient-1-2] DEBUG org.asynchttpclient.netty.channel.ChannelManager - Adding key: http://localhost:44337 for channel [id: 0xe2458fda, L:/127.0.0.1:56492 - R:localhost/127.0.0.1:44337]
15:22:36.448 [Forwarding getAlertText on session e66592ae6358f7f0d393909f22180203 to remote] DEBUG org.asynchttpclient.netty.request.NettyRequestSender - Using pooled Channel '[id: 0xe2458fda, L:/127.0.0.1:56492 - R:localhost/127.0.0.1:44337]' for 'GET' to 'http://localhost:44337/session/e66592ae6358f7f0d393909f22180203/alert/text'
15:22:36.448 [Forwarding getAlertText on session e66592ae6358f7f0d393909f22180203 to remote] DEBUG org.asynchttpclient.netty.request.NettyRequestSender - Using open Channel [id: 0xe2458fda, L:/127.0.0.1:56492 - R:localhost/127.0.0.1:44337] for GET '/session/e66592ae6358f7f0d393909f22180203/alert/text'
15:22:36.449 [AsyncHttpClient-1-2] DEBUG org.asynchttpclient.netty.handler.HttpHandler - 

Request DefaultFullHttpRequest(decodeResult: success, version: HTTP/1.1, content: EmptyByteBufBE)
GET /session/e66592ae6358f7f0d393909f22180203/alert/text HTTP/1.1
User-Agent: selenium/4.6.0 (java windows)
Cache-Control: no-cache
Content-Type: application/json; charset=utf-8
host: localhost:44337
accept: */*

Response DefaultHttpResponse(decodeResult: success, version: HTTP/1.1)
HTTP/1.1 404 Not Found
Content-Type: application/json; charset=utf-8
cache-control: no-cache
content-length: 848

15:22:36.449 [AsyncHttpClient-1-2] DEBUG org.asynchttpclient.netty.channel.ChannelManager - Adding key: http://localhost:44337 for channel [id: 0xe2458fda, L:/127.0.0.1:56492 - R:localhost/127.0.0.1:44337]
15:22:36.457 [Forwarding switchToWindow on session e66592ae6358f7f0d393909f22180203 to remote] DEBUG org.asynchttpclient.netty.request.NettyRequestSender - Using pooled Channel '[id: 0xe2458fda, L:/127.0.0.1:56492 - R:localhost/127.0.0.1:44337]' for 'POST' to 'http://localhost:44337/session/e66592ae6358f7f0d393909f22180203/window'
15:22:36.457 [Forwarding switchToWindow on session e66592ae6358f7f0d393909f22180203 to remote] DEBUG org.asynchttpclient.netty.request.NettyRequestSender - Using open Channel [id: 0xe2458fda, L:/127.0.0.1:56492 - R:localhost/127.0.0.1:44337] for POST '/session/e66592ae6358f7f0d393909f22180203/window'
15:22:36.459 [AsyncHttpClient-1-2] DEBUG org.asynchttpclient.netty.handler.HttpHandler - 

Request DefaultHttpRequest(decodeResult: success, version: HTTP/1.1)
POST /session/e66592ae6358f7f0d393909f22180203/window HTTP/1.1
User-Agent: selenium/4.6.0 (java windows)
Content-Length: 50
Content-Type: application/json; charset=utf-8
host: localhost:44337
accept: */*

Response DefaultHttpResponse(decodeResult: success, version: HTTP/1.1)
HTTP/1.1 200 OK
Content-Type: application/json; charset=utf-8
cache-control: no-cache
content-length: 14

15:22:36.460 [AsyncHttpClient-1-2] DEBUG org.asynchttpclient.netty.channel.ChannelManager - Adding key: http://localhost:44337 for channel [id: 0xe2458fda, L:/127.0.0.1:56492 - R:localhost/127.0.0.1:44337]
15:22:36.460 [Forwarding getCurrentUrl on session e66592ae6358f7f0d393909f22180203 to remote] DEBUG org.asynchttpclient.netty.request.NettyRequestSender - Using pooled Channel '[id: 0xe2458fda, L:/127.0.0.1:56492 - R:localhost/127.0.0.1:44337]' for 'GET' to 'http://localhost:44337/session/e66592ae6358f7f0d393909f22180203/url'
15:22:36.460 [Forwarding getCurrentUrl on session e66592ae6358f7f0d393909f22180203 to remote] DEBUG org.asynchttpclient.netty.request.NettyRequestSender - Using open Channel [id: 0xe2458fda, L:/127.0.0.1:56492 - R:localhost/127.0.0.1:44337] for GET '/session/e66592ae6358f7f0d393909f22180203/url'
15:22:36.466 [AsyncHttpClient-1-2] DEBUG org.asynchttpclient.netty.handler.HttpHandler - 

Request DefaultFullHttpRequest(decodeResult: success, version: HTTP/1.1, content: EmptyByteBufBE)
GET /session/e66592ae6358f7f0d393909f22180203/url HTTP/1.1
User-Agent: selenium/4.6.0 (java windows)
Cache-Control: no-cache
Content-Type: application/json; charset=utf-8
host: localhost:44337
accept: */*

Response DefaultHttpResponse(decodeResult: success, version: HTTP/1.1)
HTTP/1.1 200 OK
Content-Type: application/json; charset=utf-8
cache-control: no-cache
content-length: 47

15:22:36.466 [AsyncHttpClient-1-2] DEBUG org.asynchttpclient.netty.channel.ChannelManager - Adding key: http://localhost:44337 for channel [id: 0xe2458fda, L:/127.0.0.1:56492 - R:localhost/127.0.0.1:44337]
15:22:36.466 [Forwarding screenshot on session e66592ae6358f7f0d393909f22180203 to remote] DEBUG org.asynchttpclient.netty.request.NettyRequestSender - Using pooled Channel '[id: 0xe2458fda, L:/127.0.0.1:56492 - R:localhost/127.0.0.1:44337]' for 'GET' to 'http://localhost:44337/session/e66592ae6358f7f0d393909f22180203/screenshot'
15:22:36.466 [Forwarding screenshot on session e66592ae6358f7f0d393909f22180203 to remote] DEBUG org.asynchttpclient.netty.request.NettyRequestSender - Using open Channel [id: 0xe2458fda, L:/127.0.0.1:56492 - R:localhost/127.0.0.1:44337] for GET '/session/e66592ae6358f7f0d393909f22180203/screenshot'
15:22:36.626 [AsyncHttpClient-1-2] DEBUG org.asynchttpclient.netty.handler.HttpHandler - 

Request DefaultFullHttpRequest(decodeResult: success, version: HTTP/1.1, content: EmptyByteBufBE)
GET /session/e66592ae6358f7f0d393909f22180203/screenshot HTTP/1.1
User-Agent: selenium/4.6.0 (java windows)
Cache-Control: no-cache
Content-Type: application/json; charset=utf-8
host: localhost:44337
accept: */*

Response DefaultHttpResponse(decodeResult: success, version: HTTP/1.1)
HTTP/1.1 200 OK
Content-Type: application/json; charset=utf-8
cache-control: no-cache
content-length: 287248

15:22:36.626 [AsyncHttpClient-1-2] DEBUG org.asynchttpclient.netty.channel.ChannelManager - Adding key: http://localhost:44337 for channel [id: 0xe2458fda, L:/127.0.0.1:56492 - R:localhost/127.0.0.1:44337]
15:22:36.630 [Test worker] DEBUG net.serenitybdd.core.photography.Darkroom - Send negative for processing for C:\Users\Usuario\Documents\retoAutomatizacion\e2e\RetoDemoBlaze\target\site\serenity\8b2e85a57689bb547fdfb8c63cacc343425dfc295e37c380b9e52b90d99f0b0d.png
15:22:36.631 [Test worker] DEBUG net.thucydides.core.steps.StepInterceptor - STEP DONE: {0} enters #theTextAsAString into #target
15:22:36.631 [Darkroom Processing Line] DEBUG net.serenitybdd.core.photography.DarkroomProcessingLine - Processing screenshot image in /var/screenshots/screenshot-10993931463925713685
15:22:36.631 [Darkroom Processing Line] DEBUG net.serenitybdd.core.photography.DarkroomProcessingLine - Saving screenshot to C:\Users\Usuario\Documents\retoAutomatizacion\e2e\RetoDemoBlaze\target\site\serenity\8b2e85a57689bb547fdfb8c63cacc343425dfc295e37c380b9e52b90d99f0b0d.png
15:22:36.647 [Forwarding getPageSource on session e66592ae6358f7f0d393909f22180203 to remote] DEBUG org.asynchttpclient.netty.request.NettyRequestSender - Using pooled Channel '[id: 0xe2458fda, L:/127.0.0.1:56492 - R:localhost/127.0.0.1:44337]' for 'POST' to 'http://localhost:44337/session/e66592ae6358f7f0d393909f22180203/execute/sync'
15:22:36.648 [Forwarding getPageSource on session e66592ae6358f7f0d393909f22180203 to remote] DEBUG org.asynchttpclient.netty.request.NettyRequestSender - Using open Channel [id: 0xe2458fda, L:/127.0.0.1:56492 - R:localhost/127.0.0.1:44337] for POST '/session/e66592ae6358f7f0d393909f22180203/execute/sync'
15:22:36.656 [AsyncHttpClient-1-2] DEBUG org.asynchttpclient.netty.handler.HttpHandler - 

Request DefaultHttpRequest(decodeResult: success, version: HTTP/1.1)
POST /session/e66592ae6358f7f0d393909f22180203/execute/sync HTTP/1.1
User-Agent: selenium/4.6.0 (java windows)
Content-Length: 176
Content-Type: application/json; charset=utf-8
host: localhost:44337
accept: */*

Response DefaultHttpResponse(decodeResult: success, version: HTTP/1.1)
HTTP/1.1 200 OK
Content-Type: application/json; charset=utf-8
cache-control: no-cache
content-length: 58188

15:22:36.656 [AsyncHttpClient-1-2] DEBUG org.asynchttpclient.netty.channel.ChannelManager - Adding key: http://localhost:44337 for channel [id: 0xe2458fda, L:/127.0.0.1:56492 - R:localhost/127.0.0.1:44337]
15:22:36.660 [Forwarding getCurrentUrl on session e66592ae6358f7f0d393909f22180203 to remote] DEBUG org.asynchttpclient.netty.request.NettyRequestSender - Using pooled Channel '[id: 0xe2458fda, L:/127.0.0.1:56492 - R:localhost/127.0.0.1:44337]' for 'GET' to 'http://localhost:44337/session/e66592ae6358f7f0d393909f22180203/url'
15:22:36.660 [Forwarding getCurrentUrl on session e66592ae6358f7f0d393909f22180203 to remote] DEBUG org.asynchttpclient.netty.request.NettyRequestSender - Using open Channel [id: 0xe2458fda, L:/127.0.0.1:56492 - R:localhost/127.0.0.1:44337] for GET '/session/e66592ae6358f7f0d393909f22180203/url'
15:22:36.664 [AsyncHttpClient-1-2] DEBUG org.asynchttpclient.netty.handler.HttpHandler - 

Request DefaultFullHttpRequest(decodeResult: success, version: HTTP/1.1, content: EmptyByteBufBE)
GET /session/e66592ae6358f7f0d393909f22180203/url HTTP/1.1
User-Agent: selenium/4.6.0 (java windows)
Cache-Control: no-cache
Content-Type: application/json; charset=utf-8
host: localhost:44337
accept: */*

Response DefaultHttpResponse(decodeResult: success, version: HTTP/1.1)
HTTP/1.1 200 OK
Content-Type: application/json; charset=utf-8
cache-control: no-cache
content-length: 47

15:22:36.664 [AsyncHttpClient-1-2] DEBUG org.asynchttpclient.netty.channel.ChannelManager - Adding key: http://localhost:44337 for channel [id: 0xe2458fda, L:/127.0.0.1:56492 - R:localhost/127.0.0.1:44337]
15:22:36.666 [Test worker] DEBUG net.thucydides.core.steps.StepInterceptor - STARTING STEP: PlaceOrder.performAs - {0} enters #theTextAsAString into #target
15:22:36.672 [Test worker] DEBUG net.serenitybdd.screenplay.targets.IFrameSwitcher - default content already selected for city
15:22:36.689 [Forwarding findElement on session e66592ae6358f7f0d393909f22180203 to remote] DEBUG org.asynchttpclient.netty.request.NettyRequestSender - Using pooled Channel '[id: 0xe2458fda, L:/127.0.0.1:56492 - R:localhost/127.0.0.1:44337]' for 'POST' to 'http://localhost:44337/session/e66592ae6358f7f0d393909f22180203/element'
15:22:36.689 [Forwarding findElement on session e66592ae6358f7f0d393909f22180203 to remote] DEBUG org.asynchttpclient.netty.request.NettyRequestSender - Using open Channel [id: 0xe2458fda, L:/127.0.0.1:56492 - R:localhost/127.0.0.1:44337] for POST '/session/e66592ae6358f7f0d393909f22180203/element'
15:22:36.701 [AsyncHttpClient-1-2] DEBUG org.asynchttpclient.netty.handler.HttpHandler - 

Request DefaultHttpRequest(decodeResult: success, version: HTTP/1.1)
POST /session/e66592ae6358f7f0d393909f22180203/element HTTP/1.1
User-Agent: selenium/4.6.0 (java windows)
Content-Length: 49
Content-Type: application/json; charset=utf-8
host: localhost:44337
accept: */*

Response DefaultHttpResponse(decodeResult: success, version: HTTP/1.1)
HTTP/1.1 200 OK
Content-Type: application/json; charset=utf-8
cache-control: no-cache
content-length: 96

15:22:36.701 [AsyncHttpClient-1-2] DEBUG org.asynchttpclient.netty.channel.ChannelManager - Adding key: http://localhost:44337 for channel [id: 0xe2458fda, L:/127.0.0.1:56492 - R:localhost/127.0.0.1:44337]
15:22:36.702 [Forwarding clearElement on session e66592ae6358f7f0d393909f22180203 to remote] DEBUG org.asynchttpclient.netty.request.NettyRequestSender - Using pooled Channel '[id: 0xe2458fda, L:/127.0.0.1:56492 - R:localhost/127.0.0.1:44337]' for 'POST' to 'http://localhost:44337/session/e66592ae6358f7f0d393909f22180203/element/66366C5DDB4B568690027E21B0FBE1F1_element_344/clear'
15:22:36.702 [Forwarding clearElement on session e66592ae6358f7f0d393909f22180203 to remote] DEBUG org.asynchttpclient.netty.request.NettyRequestSender - Using open Channel [id: 0xe2458fda, L:/127.0.0.1:56492 - R:localhost/127.0.0.1:44337] for POST '/session/e66592ae6358f7f0d393909f22180203/element/66366C5DDB4B568690027E21B0FBE1F1_element_344/clear'
15:22:36.717 [AsyncHttpClient-1-2] DEBUG org.asynchttpclient.netty.handler.HttpHandler - 

Request DefaultHttpRequest(decodeResult: success, version: HTTP/1.1)
POST /session/e66592ae6358f7f0d393909f22180203/element/66366C5DDB4B568690027E21B0FBE1F1_element_344/clear HTTP/1.1
User-Agent: selenium/4.6.0 (java windows)
Content-Length: 58
Content-Type: application/json; charset=utf-8
host: localhost:44337
accept: */*

Response DefaultHttpResponse(decodeResult: success, version: HTTP/1.1)
HTTP/1.1 200 OK
Content-Type: application/json; charset=utf-8
cache-control: no-cache
content-length: 14

15:22:36.717 [AsyncHttpClient-1-2] DEBUG org.asynchttpclient.netty.channel.ChannelManager - Adding key: http://localhost:44337 for channel [id: 0xe2458fda, L:/127.0.0.1:56492 - R:localhost/127.0.0.1:44337]
15:22:36.723 [Forwarding sendKeysToElement on session e66592ae6358f7f0d393909f22180203 to remote] DEBUG org.asynchttpclient.netty.request.NettyRequestSender - Using pooled Channel '[id: 0xe2458fda, L:/127.0.0.1:56492 - R:localhost/127.0.0.1:44337]' for 'POST' to 'http://localhost:44337/session/e66592ae6358f7f0d393909f22180203/element/66366C5DDB4B568690027E21B0FBE1F1_element_344/value'
15:22:36.723 [Forwarding sendKeysToElement on session e66592ae6358f7f0d393909f22180203 to remote] DEBUG org.asynchttpclient.netty.request.NettyRequestSender - Using open Channel [id: 0xe2458fda, L:/127.0.0.1:56492 - R:localhost/127.0.0.1:44337] for POST '/session/e66592ae6358f7f0d393909f22180203/element/66366C5DDB4B568690027E21B0FBE1F1_element_344/value'
15:22:36.755 [AsyncHttpClient-1-2] DEBUG org.asynchttpclient.netty.handler.HttpHandler - 

Request DefaultHttpRequest(decodeResult: success, version: HTTP/1.1)
POST /session/e66592ae6358f7f0d393909f22180203/element/66366C5DDB4B568690027E21B0FBE1F1_element_344/value HTTP/1.1
User-Agent: selenium/4.6.0 (java windows)
Content-Length: 129
Content-Type: application/json; charset=utf-8
host: localhost:44337
accept: */*

Response DefaultHttpResponse(decodeResult: success, version: HTTP/1.1)
HTTP/1.1 200 OK
Content-Type: application/json; charset=utf-8
cache-control: no-cache
content-length: 14

15:22:36.755 [AsyncHttpClient-1-2] DEBUG org.asynchttpclient.netty.channel.ChannelManager - Adding key: http://localhost:44337 for channel [id: 0xe2458fda, L:/127.0.0.1:56492 - R:localhost/127.0.0.1:44337]
15:22:36.784 [Forwarding getCurrentWindowHandle on session e66592ae6358f7f0d393909f22180203 to remote] DEBUG org.asynchttpclient.netty.request.NettyRequestSender - Using pooled Channel '[id: 0xe2458fda, L:/127.0.0.1:56492 - R:localhost/127.0.0.1:44337]' for 'GET' to 'http://localhost:44337/session/e66592ae6358f7f0d393909f22180203/window'
15:22:36.784 [Forwarding getCurrentWindowHandle on session e66592ae6358f7f0d393909f22180203 to remote] DEBUG org.asynchttpclient.netty.request.NettyRequestSender - Using open Channel [id: 0xe2458fda, L:/127.0.0.1:56492 - R:localhost/127.0.0.1:44337] for GET '/session/e66592ae6358f7f0d393909f22180203/window'
15:22:36.785 [AsyncHttpClient-1-2] DEBUG org.asynchttpclient.netty.handler.HttpHandler - 

Request DefaultFullHttpRequest(decodeResult: success, version: HTTP/1.1, content: EmptyByteBufBE)
GET /session/e66592ae6358f7f0d393909f22180203/window HTTP/1.1
User-Agent: selenium/4.6.0 (java windows)
Cache-Control: no-cache
Content-Type: application/json; charset=utf-8
host: localhost:44337
accept: */*

Response DefaultHttpResponse(decodeResult: success, version: HTTP/1.1)
HTTP/1.1 200 OK
Content-Type: application/json; charset=utf-8
cache-control: no-cache
content-length: 44

15:22:36.785 [AsyncHttpClient-1-2] DEBUG org.asynchttpclient.netty.channel.ChannelManager - Adding key: http://localhost:44337 for channel [id: 0xe2458fda, L:/127.0.0.1:56492 - R:localhost/127.0.0.1:44337]
15:22:36.793 [Forwarding getAlertText on session e66592ae6358f7f0d393909f22180203 to remote] DEBUG org.asynchttpclient.netty.request.NettyRequestSender - Using pooled Channel '[id: 0xe2458fda, L:/127.0.0.1:56492 - R:localhost/127.0.0.1:44337]' for 'GET' to 'http://localhost:44337/session/e66592ae6358f7f0d393909f22180203/alert/text'
15:22:36.793 [Forwarding getAlertText on session e66592ae6358f7f0d393909f22180203 to remote] DEBUG org.asynchttpclient.netty.request.NettyRequestSender - Using open Channel [id: 0xe2458fda, L:/127.0.0.1:56492 - R:localhost/127.0.0.1:44337] for GET '/session/e66592ae6358f7f0d393909f22180203/alert/text'
15:22:36.796 [AsyncHttpClient-1-2] DEBUG org.asynchttpclient.netty.handler.HttpHandler - 

Request DefaultFullHttpRequest(decodeResult: success, version: HTTP/1.1, content: EmptyByteBufBE)
GET /session/e66592ae6358f7f0d393909f22180203/alert/text HTTP/1.1
User-Agent: selenium/4.6.0 (java windows)
Cache-Control: no-cache
Content-Type: application/json; charset=utf-8
host: localhost:44337
accept: */*

Response DefaultHttpResponse(decodeResult: success, version: HTTP/1.1)
HTTP/1.1 404 Not Found
Content-Type: application/json; charset=utf-8
cache-control: no-cache
content-length: 848

15:22:36.796 [AsyncHttpClient-1-2] DEBUG org.asynchttpclient.netty.channel.ChannelManager - Adding key: http://localhost:44337 for channel [id: 0xe2458fda, L:/127.0.0.1:56492 - R:localhost/127.0.0.1:44337]
15:22:36.805 [Forwarding switchToWindow on session e66592ae6358f7f0d393909f22180203 to remote] DEBUG org.asynchttpclient.netty.request.NettyRequestSender - Using pooled Channel '[id: 0xe2458fda, L:/127.0.0.1:56492 - R:localhost/127.0.0.1:44337]' for 'POST' to 'http://localhost:44337/session/e66592ae6358f7f0d393909f22180203/window'
15:22:36.805 [Forwarding switchToWindow on session e66592ae6358f7f0d393909f22180203 to remote] DEBUG org.asynchttpclient.netty.request.NettyRequestSender - Using open Channel [id: 0xe2458fda, L:/127.0.0.1:56492 - R:localhost/127.0.0.1:44337] for POST '/session/e66592ae6358f7f0d393909f22180203/window'
15:22:36.807 [AsyncHttpClient-1-2] DEBUG org.asynchttpclient.netty.handler.HttpHandler - 

Request DefaultHttpRequest(decodeResult: success, version: HTTP/1.1)
POST /session/e66592ae6358f7f0d393909f22180203/window HTTP/1.1
User-Agent: selenium/4.6.0 (java windows)
Content-Length: 50
Content-Type: application/json; charset=utf-8
host: localhost:44337
accept: */*

Response DefaultHttpResponse(decodeResult: success, version: HTTP/1.1)
HTTP/1.1 200 OK
Content-Type: application/json; charset=utf-8
cache-control: no-cache
content-length: 14

15:22:36.808 [AsyncHttpClient-1-2] DEBUG org.asynchttpclient.netty.channel.ChannelManager - Adding key: http://localhost:44337 for channel [id: 0xe2458fda, L:/127.0.0.1:56492 - R:localhost/127.0.0.1:44337]
15:22:36.808 [Forwarding getCurrentUrl on session e66592ae6358f7f0d393909f22180203 to remote] DEBUG org.asynchttpclient.netty.request.NettyRequestSender - Using pooled Channel '[id: 0xe2458fda, L:/127.0.0.1:56492 - R:localhost/127.0.0.1:44337]' for 'GET' to 'http://localhost:44337/session/e66592ae6358f7f0d393909f22180203/url'
15:22:36.808 [Forwarding getCurrentUrl on session e66592ae6358f7f0d393909f22180203 to remote] DEBUG org.asynchttpclient.netty.request.NettyRequestSender - Using open Channel [id: 0xe2458fda, L:/127.0.0.1:56492 - R:localhost/127.0.0.1:44337] for GET '/session/e66592ae6358f7f0d393909f22180203/url'
15:22:36.813 [AsyncHttpClient-1-2] DEBUG org.asynchttpclient.netty.handler.HttpHandler - 

Request DefaultFullHttpRequest(decodeResult: success, version: HTTP/1.1, content: EmptyByteBufBE)
GET /session/e66592ae6358f7f0d393909f22180203/url HTTP/1.1
User-Agent: selenium/4.6.0 (java windows)
Cache-Control: no-cache
Content-Type: application/json; charset=utf-8
host: localhost:44337
accept: */*

Response DefaultHttpResponse(decodeResult: success, version: HTTP/1.1)
HTTP/1.1 200 OK
Content-Type: application/json; charset=utf-8
cache-control: no-cache
content-length: 47

15:22:36.814 [AsyncHttpClient-1-2] DEBUG org.asynchttpclient.netty.channel.ChannelManager - Adding key: http://localhost:44337 for channel [id: 0xe2458fda, L:/127.0.0.1:56492 - R:localhost/127.0.0.1:44337]
15:22:36.814 [Forwarding screenshot on session e66592ae6358f7f0d393909f22180203 to remote] DEBUG org.asynchttpclient.netty.request.NettyRequestSender - Using pooled Channel '[id: 0xe2458fda, L:/127.0.0.1:56492 - R:localhost/127.0.0.1:44337]' for 'GET' to 'http://localhost:44337/session/e66592ae6358f7f0d393909f22180203/screenshot'
15:22:36.814 [Forwarding screenshot on session e66592ae6358f7f0d393909f22180203 to remote] DEBUG org.asynchttpclient.netty.request.NettyRequestSender - Using open Channel [id: 0xe2458fda, L:/127.0.0.1:56492 - R:localhost/127.0.0.1:44337] for GET '/session/e66592ae6358f7f0d393909f22180203/screenshot'
15:22:36.970 [AsyncHttpClient-1-2] DEBUG org.asynchttpclient.netty.handler.HttpHandler - 

Request DefaultFullHttpRequest(decodeResult: success, version: HTTP/1.1, content: EmptyByteBufBE)
GET /session/e66592ae6358f7f0d393909f22180203/screenshot HTTP/1.1
User-Agent: selenium/4.6.0 (java windows)
Cache-Control: no-cache
Content-Type: application/json; charset=utf-8
host: localhost:44337
accept: */*

Response DefaultHttpResponse(decodeResult: success, version: HTTP/1.1)
HTTP/1.1 200 OK
Content-Type: application/json; charset=utf-8
cache-control: no-cache
content-length: 288508

15:22:36.971 [AsyncHttpClient-1-2] DEBUG org.asynchttpclient.netty.channel.ChannelManager - Adding key: http://localhost:44337 for channel [id: 0xe2458fda, L:/127.0.0.1:56492 - R:localhost/127.0.0.1:44337]
15:22:36.975 [Test worker] DEBUG net.serenitybdd.core.photography.Darkroom - Send negative for processing for C:\Users\Usuario\Documents\retoAutomatizacion\e2e\RetoDemoBlaze\target\site\serenity\e005010f1d275e956efa054d523ec01c7124d10fa848eb570675ceca0a4f3ca4.png
15:22:36.976 [Test worker] DEBUG net.thucydides.core.steps.StepInterceptor - STEP DONE: {0} enters #theTextAsAString into #target
15:22:36.976 [Darkroom Processing Line] DEBUG net.serenitybdd.core.photography.DarkroomProcessingLine - Processing screenshot image in /var/screenshots/screenshot-5366016637549022366
15:22:36.976 [Darkroom Processing Line] DEBUG net.serenitybdd.core.photography.DarkroomProcessingLine - Saving screenshot to C:\Users\Usuario\Documents\retoAutomatizacion\e2e\RetoDemoBlaze\target\site\serenity\e005010f1d275e956efa054d523ec01c7124d10fa848eb570675ceca0a4f3ca4.png
15:22:36.993 [Forwarding getPageSource on session e66592ae6358f7f0d393909f22180203 to remote] DEBUG org.asynchttpclient.netty.request.NettyRequestSender - Using pooled Channel '[id: 0xe2458fda, L:/127.0.0.1:56492 - R:localhost/127.0.0.1:44337]' for 'POST' to 'http://localhost:44337/session/e66592ae6358f7f0d393909f22180203/execute/sync'
15:22:36.993 [Forwarding getPageSource on session e66592ae6358f7f0d393909f22180203 to remote] DEBUG org.asynchttpclient.netty.request.NettyRequestSender - Using open Channel [id: 0xe2458fda, L:/127.0.0.1:56492 - R:localhost/127.0.0.1:44337] for POST '/session/e66592ae6358f7f0d393909f22180203/execute/sync'
15:22:37.002 [AsyncHttpClient-1-2] DEBUG org.asynchttpclient.netty.handler.HttpHandler - 

Request DefaultHttpRequest(decodeResult: success, version: HTTP/1.1)
POST /session/e66592ae6358f7f0d393909f22180203/execute/sync HTTP/1.1
User-Agent: selenium/4.6.0 (java windows)
Content-Length: 176
Content-Type: application/json; charset=utf-8
host: localhost:44337
accept: */*

Response DefaultHttpResponse(decodeResult: success, version: HTTP/1.1)
HTTP/1.1 200 OK
Content-Type: application/json; charset=utf-8
cache-control: no-cache
content-length: 58188

15:22:37.003 [AsyncHttpClient-1-2] DEBUG org.asynchttpclient.netty.channel.ChannelManager - Adding key: http://localhost:44337 for channel [id: 0xe2458fda, L:/127.0.0.1:56492 - R:localhost/127.0.0.1:44337]
15:22:37.006 [Forwarding getCurrentUrl on session e66592ae6358f7f0d393909f22180203 to remote] DEBUG org.asynchttpclient.netty.request.NettyRequestSender - Using pooled Channel '[id: 0xe2458fda, L:/127.0.0.1:56492 - R:localhost/127.0.0.1:44337]' for 'GET' to 'http://localhost:44337/session/e66592ae6358f7f0d393909f22180203/url'
15:22:37.006 [Forwarding getCurrentUrl on session e66592ae6358f7f0d393909f22180203 to remote] DEBUG org.asynchttpclient.netty.request.NettyRequestSender - Using open Channel [id: 0xe2458fda, L:/127.0.0.1:56492 - R:localhost/127.0.0.1:44337] for GET '/session/e66592ae6358f7f0d393909f22180203/url'
15:22:37.010 [AsyncHttpClient-1-2] DEBUG org.asynchttpclient.netty.handler.HttpHandler - 

Request DefaultFullHttpRequest(decodeResult: success, version: HTTP/1.1, content: EmptyByteBufBE)
GET /session/e66592ae6358f7f0d393909f22180203/url HTTP/1.1
User-Agent: selenium/4.6.0 (java windows)
Cache-Control: no-cache
Content-Type: application/json; charset=utf-8
host: localhost:44337
accept: */*

Response DefaultHttpResponse(decodeResult: success, version: HTTP/1.1)
HTTP/1.1 200 OK
Content-Type: application/json; charset=utf-8
cache-control: no-cache
content-length: 47

15:22:37.010 [AsyncHttpClient-1-2] DEBUG org.asynchttpclient.netty.channel.ChannelManager - Adding key: http://localhost:44337 for channel [id: 0xe2458fda, L:/127.0.0.1:56492 - R:localhost/127.0.0.1:44337]
15:22:37.012 [Test worker] DEBUG net.thucydides.core.steps.StepInterceptor - STARTING STEP: PlaceOrder.performAs - {0} enters #theTextAsAString into #target
15:22:37.018 [Test worker] DEBUG net.serenitybdd.screenplay.targets.IFrameSwitcher - default content already selected for card
15:22:37.033 [Forwarding findElement on session e66592ae6358f7f0d393909f22180203 to remote] DEBUG org.asynchttpclient.netty.request.NettyRequestSender - Using pooled Channel '[id: 0xe2458fda, L:/127.0.0.1:56492 - R:localhost/127.0.0.1:44337]' for 'POST' to 'http://localhost:44337/session/e66592ae6358f7f0d393909f22180203/element'
15:22:37.033 [Forwarding findElement on session e66592ae6358f7f0d393909f22180203 to remote] DEBUG org.asynchttpclient.netty.request.NettyRequestSender - Using open Channel [id: 0xe2458fda, L:/127.0.0.1:56492 - R:localhost/127.0.0.1:44337] for POST '/session/e66592ae6358f7f0d393909f22180203/element'
15:22:37.045 [AsyncHttpClient-1-1] DEBUG org.asynchttpclient.netty.channel.DefaultChannelPool - Entry count for : http://localhost:56493 : 1
15:22:37.045 [AsyncHttpClient-1-2] DEBUG org.asynchttpclient.netty.handler.HttpHandler - 

Request DefaultHttpRequest(decodeResult: success, version: HTTP/1.1)
POST /session/e66592ae6358f7f0d393909f22180203/element HTTP/1.1
User-Agent: selenium/4.6.0 (java windows)
Content-Length: 49
Content-Type: application/json; charset=utf-8
host: localhost:44337
accept: */*

Response DefaultHttpResponse(decodeResult: success, version: HTTP/1.1)
HTTP/1.1 200 OK
Content-Type: application/json; charset=utf-8
cache-control: no-cache
content-length: 96

15:22:37.045 [AsyncHttpClient-1-2] DEBUG org.asynchttpclient.netty.channel.ChannelManager - Adding key: http://localhost:44337 for channel [id: 0xe2458fda, L:/127.0.0.1:56492 - R:localhost/127.0.0.1:44337]
15:22:37.046 [Forwarding clearElement on session e66592ae6358f7f0d393909f22180203 to remote] DEBUG org.asynchttpclient.netty.request.NettyRequestSender - Using pooled Channel '[id: 0xe2458fda, L:/127.0.0.1:56492 - R:localhost/127.0.0.1:44337]' for 'POST' to 'http://localhost:44337/session/e66592ae6358f7f0d393909f22180203/element/66366C5DDB4B568690027E21B0FBE1F1_element_345/clear'
15:22:37.046 [Forwarding clearElement on session e66592ae6358f7f0d393909f22180203 to remote] DEBUG org.asynchttpclient.netty.request.NettyRequestSender - Using open Channel [id: 0xe2458fda, L:/127.0.0.1:56492 - R:localhost/127.0.0.1:44337] for POST '/session/e66592ae6358f7f0d393909f22180203/element/66366C5DDB4B568690027E21B0FBE1F1_element_345/clear'
15:22:37.060 [AsyncHttpClient-1-2] DEBUG org.asynchttpclient.netty.handler.HttpHandler - 

Request DefaultHttpRequest(decodeResult: success, version: HTTP/1.1)
POST /session/e66592ae6358f7f0d393909f22180203/element/66366C5DDB4B568690027E21B0FBE1F1_element_345/clear HTTP/1.1
User-Agent: selenium/4.6.0 (java windows)
Content-Length: 58
Content-Type: application/json; charset=utf-8
host: localhost:44337
accept: */*

Response DefaultHttpResponse(decodeResult: success, version: HTTP/1.1)
HTTP/1.1 200 OK
Content-Type: application/json; charset=utf-8
cache-control: no-cache
content-length: 14

15:22:37.061 [AsyncHttpClient-1-2] DEBUG org.asynchttpclient.netty.channel.ChannelManager - Adding key: http://localhost:44337 for channel [id: 0xe2458fda, L:/127.0.0.1:56492 - R:localhost/127.0.0.1:44337]
15:22:37.066 [Forwarding sendKeysToElement on session e66592ae6358f7f0d393909f22180203 to remote] DEBUG org.asynchttpclient.netty.request.NettyRequestSender - Using pooled Channel '[id: 0xe2458fda, L:/127.0.0.1:56492 - R:localhost/127.0.0.1:44337]' for 'POST' to 'http://localhost:44337/session/e66592ae6358f7f0d393909f22180203/element/66366C5DDB4B568690027E21B0FBE1F1_element_345/value'
15:22:37.066 [Forwarding sendKeysToElement on session e66592ae6358f7f0d393909f22180203 to remote] DEBUG org.asynchttpclient.netty.request.NettyRequestSender - Using open Channel [id: 0xe2458fda, L:/127.0.0.1:56492 - R:localhost/127.0.0.1:44337] for POST '/session/e66592ae6358f7f0d393909f22180203/element/66366C5DDB4B568690027E21B0FBE1F1_element_345/value'
15:22:37.101 [AsyncHttpClient-1-2] DEBUG org.asynchttpclient.netty.handler.HttpHandler - 

Request DefaultHttpRequest(decodeResult: success, version: HTTP/1.1)
POST /session/e66592ae6358f7f0d393909f22180203/element/66366C5DDB4B568690027E21B0FBE1F1_element_345/value HTTP/1.1
User-Agent: selenium/4.6.0 (java windows)
Content-Length: 249
Content-Type: application/json; charset=utf-8
host: localhost:44337
accept: */*

Response DefaultHttpResponse(decodeResult: success, version: HTTP/1.1)
HTTP/1.1 200 OK
Content-Type: application/json; charset=utf-8
cache-control: no-cache
content-length: 14

15:22:37.102 [AsyncHttpClient-1-2] DEBUG org.asynchttpclient.netty.channel.ChannelManager - Adding key: http://localhost:44337 for channel [id: 0xe2458fda, L:/127.0.0.1:56492 - R:localhost/127.0.0.1:44337]
15:22:37.133 [Forwarding getCurrentWindowHandle on session e66592ae6358f7f0d393909f22180203 to remote] DEBUG org.asynchttpclient.netty.request.NettyRequestSender - Using pooled Channel '[id: 0xe2458fda, L:/127.0.0.1:56492 - R:localhost/127.0.0.1:44337]' for 'GET' to 'http://localhost:44337/session/e66592ae6358f7f0d393909f22180203/window'
15:22:37.133 [Forwarding getCurrentWindowHandle on session e66592ae6358f7f0d393909f22180203 to remote] DEBUG org.asynchttpclient.netty.request.NettyRequestSender - Using open Channel [id: 0xe2458fda, L:/127.0.0.1:56492 - R:localhost/127.0.0.1:44337] for GET '/session/e66592ae6358f7f0d393909f22180203/window'
15:22:37.134 [AsyncHttpClient-1-2] DEBUG org.asynchttpclient.netty.handler.HttpHandler - 

Request DefaultFullHttpRequest(decodeResult: success, version: HTTP/1.1, content: EmptyByteBufBE)
GET /session/e66592ae6358f7f0d393909f22180203/window HTTP/1.1
User-Agent: selenium/4.6.0 (java windows)
Cache-Control: no-cache
Content-Type: application/json; charset=utf-8
host: localhost:44337
accept: */*

Response DefaultHttpResponse(decodeResult: success, version: HTTP/1.1)
HTTP/1.1 200 OK
Content-Type: application/json; charset=utf-8
cache-control: no-cache
content-length: 44

15:22:37.134 [AsyncHttpClient-1-2] DEBUG org.asynchttpclient.netty.channel.ChannelManager - Adding key: http://localhost:44337 for channel [id: 0xe2458fda, L:/127.0.0.1:56492 - R:localhost/127.0.0.1:44337]
15:22:37.141 [Forwarding getAlertText on session e66592ae6358f7f0d393909f22180203 to remote] DEBUG org.asynchttpclient.netty.request.NettyRequestSender - Using pooled Channel '[id: 0xe2458fda, L:/127.0.0.1:56492 - R:localhost/127.0.0.1:44337]' for 'GET' to 'http://localhost:44337/session/e66592ae6358f7f0d393909f22180203/alert/text'
15:22:37.141 [Forwarding getAlertText on session e66592ae6358f7f0d393909f22180203 to remote] DEBUG org.asynchttpclient.netty.request.NettyRequestSender - Using open Channel [id: 0xe2458fda, L:/127.0.0.1:56492 - R:localhost/127.0.0.1:44337] for GET '/session/e66592ae6358f7f0d393909f22180203/alert/text'
15:22:37.143 [AsyncHttpClient-1-2] DEBUG org.asynchttpclient.netty.handler.HttpHandler - 

Request DefaultFullHttpRequest(decodeResult: success, version: HTTP/1.1, content: EmptyByteBufBE)
GET /session/e66592ae6358f7f0d393909f22180203/alert/text HTTP/1.1
User-Agent: selenium/4.6.0 (java windows)
Cache-Control: no-cache
Content-Type: application/json; charset=utf-8
host: localhost:44337
accept: */*

Response DefaultHttpResponse(decodeResult: success, version: HTTP/1.1)
HTTP/1.1 404 Not Found
Content-Type: application/json; charset=utf-8
cache-control: no-cache
content-length: 848

15:22:37.143 [AsyncHttpClient-1-2] DEBUG org.asynchttpclient.netty.channel.ChannelManager - Adding key: http://localhost:44337 for channel [id: 0xe2458fda, L:/127.0.0.1:56492 - R:localhost/127.0.0.1:44337]
15:22:37.151 [Forwarding switchToWindow on session e66592ae6358f7f0d393909f22180203 to remote] DEBUG org.asynchttpclient.netty.request.NettyRequestSender - Using pooled Channel '[id: 0xe2458fda, L:/127.0.0.1:56492 - R:localhost/127.0.0.1:44337]' for 'POST' to 'http://localhost:44337/session/e66592ae6358f7f0d393909f22180203/window'
15:22:37.151 [Forwarding switchToWindow on session e66592ae6358f7f0d393909f22180203 to remote] DEBUG org.asynchttpclient.netty.request.NettyRequestSender - Using open Channel [id: 0xe2458fda, L:/127.0.0.1:56492 - R:localhost/127.0.0.1:44337] for POST '/session/e66592ae6358f7f0d393909f22180203/window'
15:22:37.154 [AsyncHttpClient-1-2] DEBUG org.asynchttpclient.netty.handler.HttpHandler - 

Request DefaultHttpRequest(decodeResult: success, version: HTTP/1.1)
POST /session/e66592ae6358f7f0d393909f22180203/window HTTP/1.1
User-Agent: selenium/4.6.0 (java windows)
Content-Length: 50
Content-Type: application/json; charset=utf-8
host: localhost:44337
accept: */*

Response DefaultHttpResponse(decodeResult: success, version: HTTP/1.1)
HTTP/1.1 200 OK
Content-Type: application/json; charset=utf-8
cache-control: no-cache
content-length: 14

15:22:37.154 [AsyncHttpClient-1-2] DEBUG org.asynchttpclient.netty.channel.ChannelManager - Adding key: http://localhost:44337 for channel [id: 0xe2458fda, L:/127.0.0.1:56492 - R:localhost/127.0.0.1:44337]
15:22:37.155 [Forwarding getCurrentUrl on session e66592ae6358f7f0d393909f22180203 to remote] DEBUG org.asynchttpclient.netty.request.NettyRequestSender - Using pooled Channel '[id: 0xe2458fda, L:/127.0.0.1:56492 - R:localhost/127.0.0.1:44337]' for 'GET' to 'http://localhost:44337/session/e66592ae6358f7f0d393909f22180203/url'
15:22:37.155 [Forwarding getCurrentUrl on session e66592ae6358f7f0d393909f22180203 to remote] DEBUG org.asynchttpclient.netty.request.NettyRequestSender - Using open Channel [id: 0xe2458fda, L:/127.0.0.1:56492 - R:localhost/127.0.0.1:44337] for GET '/session/e66592ae6358f7f0d393909f22180203/url'
15:22:37.162 [AsyncHttpClient-1-2] DEBUG org.asynchttpclient.netty.handler.HttpHandler - 

Request DefaultFullHttpRequest(decodeResult: success, version: HTTP/1.1, content: EmptyByteBufBE)
GET /session/e66592ae6358f7f0d393909f22180203/url HTTP/1.1
User-Agent: selenium/4.6.0 (java windows)
Cache-Control: no-cache
Content-Type: application/json; charset=utf-8
host: localhost:44337
accept: */*

Response DefaultHttpResponse(decodeResult: success, version: HTTP/1.1)
HTTP/1.1 200 OK
Content-Type: application/json; charset=utf-8
cache-control: no-cache
content-length: 47

15:22:37.162 [AsyncHttpClient-1-2] DEBUG org.asynchttpclient.netty.channel.ChannelManager - Adding key: http://localhost:44337 for channel [id: 0xe2458fda, L:/127.0.0.1:56492 - R:localhost/127.0.0.1:44337]
15:22:37.162 [Forwarding screenshot on session e66592ae6358f7f0d393909f22180203 to remote] DEBUG org.asynchttpclient.netty.request.NettyRequestSender - Using pooled Channel '[id: 0xe2458fda, L:/127.0.0.1:56492 - R:localhost/127.0.0.1:44337]' for 'GET' to 'http://localhost:44337/session/e66592ae6358f7f0d393909f22180203/screenshot'
15:22:37.163 [Forwarding screenshot on session e66592ae6358f7f0d393909f22180203 to remote] DEBUG org.asynchttpclient.netty.request.NettyRequestSender - Using open Channel [id: 0xe2458fda, L:/127.0.0.1:56492 - R:localhost/127.0.0.1:44337] for GET '/session/e66592ae6358f7f0d393909f22180203/screenshot'
15:22:37.316 [AsyncHttpClient-1-2] DEBUG org.asynchttpclient.netty.handler.HttpHandler - 

Request DefaultFullHttpRequest(decodeResult: success, version: HTTP/1.1, content: EmptyByteBufBE)
GET /session/e66592ae6358f7f0d393909f22180203/screenshot HTTP/1.1
User-Agent: selenium/4.6.0 (java windows)
Cache-Control: no-cache
Content-Type: application/json; charset=utf-8
host: localhost:44337
accept: */*

Response DefaultHttpResponse(decodeResult: success, version: HTTP/1.1)
HTTP/1.1 200 OK
Content-Type: application/json; charset=utf-8
cache-control: no-cache
content-length: 291856

15:22:37.316 [AsyncHttpClient-1-2] DEBUG org.asynchttpclient.netty.channel.ChannelManager - Adding key: http://localhost:44337 for channel [id: 0xe2458fda, L:/127.0.0.1:56492 - R:localhost/127.0.0.1:44337]
15:22:37.320 [Test worker] DEBUG net.serenitybdd.core.photography.Darkroom - Send negative for processing for C:\Users\Usuario\Documents\retoAutomatizacion\e2e\RetoDemoBlaze\target\site\serenity\45818eb8bc2f951d2090d9474bf73cec8328fb3545e149badb4463bc1bf2ce26.png
15:22:37.321 [Test worker] DEBUG net.thucydides.core.steps.StepInterceptor - STEP DONE: {0} enters #theTextAsAString into #target
15:22:37.321 [Darkroom Processing Line] DEBUG net.serenitybdd.core.photography.DarkroomProcessingLine - Processing screenshot image in /var/screenshots/screenshot-5616957805051303006
15:22:37.321 [Darkroom Processing Line] DEBUG net.serenitybdd.core.photography.DarkroomProcessingLine - Saving screenshot to C:\Users\Usuario\Documents\retoAutomatizacion\e2e\RetoDemoBlaze\target\site\serenity\45818eb8bc2f951d2090d9474bf73cec8328fb3545e149badb4463bc1bf2ce26.png
15:22:37.339 [Forwarding getPageSource on session e66592ae6358f7f0d393909f22180203 to remote] DEBUG org.asynchttpclient.netty.request.NettyRequestSender - Using pooled Channel '[id: 0xe2458fda, L:/127.0.0.1:56492 - R:localhost/127.0.0.1:44337]' for 'POST' to 'http://localhost:44337/session/e66592ae6358f7f0d393909f22180203/execute/sync'
15:22:37.339 [Forwarding getPageSource on session e66592ae6358f7f0d393909f22180203 to remote] DEBUG org.asynchttpclient.netty.request.NettyRequestSender - Using open Channel [id: 0xe2458fda, L:/127.0.0.1:56492 - R:localhost/127.0.0.1:44337] for POST '/session/e66592ae6358f7f0d393909f22180203/execute/sync'
15:22:37.348 [AsyncHttpClient-1-2] DEBUG org.asynchttpclient.netty.handler.HttpHandler - 

Request DefaultHttpRequest(decodeResult: success, version: HTTP/1.1)
POST /session/e66592ae6358f7f0d393909f22180203/execute/sync HTTP/1.1
User-Agent: selenium/4.6.0 (java windows)
Content-Length: 176
Content-Type: application/json; charset=utf-8
host: localhost:44337
accept: */*

Response DefaultHttpResponse(decodeResult: success, version: HTTP/1.1)
HTTP/1.1 200 OK
Content-Type: application/json; charset=utf-8
cache-control: no-cache
content-length: 58188

15:22:37.349 [AsyncHttpClient-1-2] DEBUG org.asynchttpclient.netty.channel.ChannelManager - Adding key: http://localhost:44337 for channel [id: 0xe2458fda, L:/127.0.0.1:56492 - R:localhost/127.0.0.1:44337]
15:22:37.353 [Forwarding getCurrentUrl on session e66592ae6358f7f0d393909f22180203 to remote] DEBUG org.asynchttpclient.netty.request.NettyRequestSender - Using pooled Channel '[id: 0xe2458fda, L:/127.0.0.1:56492 - R:localhost/127.0.0.1:44337]' for 'GET' to 'http://localhost:44337/session/e66592ae6358f7f0d393909f22180203/url'
15:22:37.353 [Forwarding getCurrentUrl on session e66592ae6358f7f0d393909f22180203 to remote] DEBUG org.asynchttpclient.netty.request.NettyRequestSender - Using open Channel [id: 0xe2458fda, L:/127.0.0.1:56492 - R:localhost/127.0.0.1:44337] for GET '/session/e66592ae6358f7f0d393909f22180203/url'
15:22:37.358 [AsyncHttpClient-1-2] DEBUG org.asynchttpclient.netty.handler.HttpHandler - 

Request DefaultFullHttpRequest(decodeResult: success, version: HTTP/1.1, content: EmptyByteBufBE)
GET /session/e66592ae6358f7f0d393909f22180203/url HTTP/1.1
User-Agent: selenium/4.6.0 (java windows)
Cache-Control: no-cache
Content-Type: application/json; charset=utf-8
host: localhost:44337
accept: */*

Response DefaultHttpResponse(decodeResult: success, version: HTTP/1.1)
HTTP/1.1 200 OK
Content-Type: application/json; charset=utf-8
cache-control: no-cache
content-length: 47

15:22:37.358 [AsyncHttpClient-1-2] DEBUG org.asynchttpclient.netty.channel.ChannelManager - Adding key: http://localhost:44337 for channel [id: 0xe2458fda, L:/127.0.0.1:56492 - R:localhost/127.0.0.1:44337]
15:22:37.360 [Test worker] DEBUG net.thucydides.core.steps.StepInterceptor - STARTING STEP: PlaceOrder.performAs - {0} enters #theTextAsAString into #target
15:22:37.367 [Test worker] DEBUG net.serenitybdd.screenplay.targets.IFrameSwitcher - default content already selected for month
15:22:37.390 [Forwarding findElement on session e66592ae6358f7f0d393909f22180203 to remote] DEBUG org.asynchttpclient.netty.request.NettyRequestSender - Using pooled Channel '[id: 0xe2458fda, L:/127.0.0.1:56492 - R:localhost/127.0.0.1:44337]' for 'POST' to 'http://localhost:44337/session/e66592ae6358f7f0d393909f22180203/element'
15:22:37.390 [Forwarding findElement on session e66592ae6358f7f0d393909f22180203 to remote] DEBUG org.asynchttpclient.netty.request.NettyRequestSender - Using open Channel [id: 0xe2458fda, L:/127.0.0.1:56492 - R:localhost/127.0.0.1:44337] for POST '/session/e66592ae6358f7f0d393909f22180203/element'
15:22:37.401 [AsyncHttpClient-1-2] DEBUG org.asynchttpclient.netty.handler.HttpHandler - 

Request DefaultHttpRequest(decodeResult: success, version: HTTP/1.1)
POST /session/e66592ae6358f7f0d393909f22180203/element HTTP/1.1
User-Agent: selenium/4.6.0 (java windows)
Content-Length: 50
Content-Type: application/json; charset=utf-8
host: localhost:44337
accept: */*

Response DefaultHttpResponse(decodeResult: success, version: HTTP/1.1)
HTTP/1.1 200 OK
Content-Type: application/json; charset=utf-8
cache-control: no-cache
content-length: 96

15:22:37.401 [AsyncHttpClient-1-2] DEBUG org.asynchttpclient.netty.channel.ChannelManager - Adding key: http://localhost:44337 for channel [id: 0xe2458fda, L:/127.0.0.1:56492 - R:localhost/127.0.0.1:44337]
15:22:37.402 [Forwarding clearElement on session e66592ae6358f7f0d393909f22180203 to remote] DEBUG org.asynchttpclient.netty.request.NettyRequestSender - Using pooled Channel '[id: 0xe2458fda, L:/127.0.0.1:56492 - R:localhost/127.0.0.1:44337]' for 'POST' to 'http://localhost:44337/session/e66592ae6358f7f0d393909f22180203/element/66366C5DDB4B568690027E21B0FBE1F1_element_346/clear'
15:22:37.402 [Forwarding clearElement on session e66592ae6358f7f0d393909f22180203 to remote] DEBUG org.asynchttpclient.netty.request.NettyRequestSender - Using open Channel [id: 0xe2458fda, L:/127.0.0.1:56492 - R:localhost/127.0.0.1:44337] for POST '/session/e66592ae6358f7f0d393909f22180203/element/66366C5DDB4B568690027E21B0FBE1F1_element_346/clear'
15:22:37.418 [AsyncHttpClient-1-2] DEBUG org.asynchttpclient.netty.handler.HttpHandler - 

Request DefaultHttpRequest(decodeResult: success, version: HTTP/1.1)
POST /session/e66592ae6358f7f0d393909f22180203/element/66366C5DDB4B568690027E21B0FBE1F1_element_346/clear HTTP/1.1
User-Agent: selenium/4.6.0 (java windows)
Content-Length: 58
Content-Type: application/json; charset=utf-8
host: localhost:44337
accept: */*

Response DefaultHttpResponse(decodeResult: success, version: HTTP/1.1)
HTTP/1.1 200 OK
Content-Type: application/json; charset=utf-8
cache-control: no-cache
content-length: 14

15:22:37.419 [AsyncHttpClient-1-2] DEBUG org.asynchttpclient.netty.channel.ChannelManager - Adding key: http://localhost:44337 for channel [id: 0xe2458fda, L:/127.0.0.1:56492 - R:localhost/127.0.0.1:44337]
15:22:37.425 [Forwarding sendKeysToElement on session e66592ae6358f7f0d393909f22180203 to remote] DEBUG org.asynchttpclient.netty.request.NettyRequestSender - Using pooled Channel '[id: 0xe2458fda, L:/127.0.0.1:56492 - R:localhost/127.0.0.1:44337]' for 'POST' to 'http://localhost:44337/session/e66592ae6358f7f0d393909f22180203/element/66366C5DDB4B568690027E21B0FBE1F1_element_346/value'
15:22:37.425 [Forwarding sendKeysToElement on session e66592ae6358f7f0d393909f22180203 to remote] DEBUG org.asynchttpclient.netty.request.NettyRequestSender - Using open Channel [id: 0xe2458fda, L:/127.0.0.1:56492 - R:localhost/127.0.0.1:44337] for POST '/session/e66592ae6358f7f0d393909f22180203/element/66366C5DDB4B568690027E21B0FBE1F1_element_346/value'
15:22:37.456 [AsyncHttpClient-1-2] DEBUG org.asynchttpclient.netty.handler.HttpHandler - 

Request DefaultHttpRequest(decodeResult: success, version: HTTP/1.1)
POST /session/e66592ae6358f7f0d393909f22180203/element/66366C5DDB4B568690027E21B0FBE1F1_element_346/value HTTP/1.1
User-Agent: selenium/4.6.0 (java windows)
Content-Length: 109
Content-Type: application/json; charset=utf-8
host: localhost:44337
accept: */*

Response DefaultHttpResponse(decodeResult: success, version: HTTP/1.1)
HTTP/1.1 200 OK
Content-Type: application/json; charset=utf-8
cache-control: no-cache
content-length: 14

15:22:37.456 [AsyncHttpClient-1-2] DEBUG org.asynchttpclient.netty.channel.ChannelManager - Adding key: http://localhost:44337 for channel [id: 0xe2458fda, L:/127.0.0.1:56492 - R:localhost/127.0.0.1:44337]
15:22:37.492 [Forwarding getCurrentWindowHandle on session e66592ae6358f7f0d393909f22180203 to remote] DEBUG org.asynchttpclient.netty.request.NettyRequestSender - Using pooled Channel '[id: 0xe2458fda, L:/127.0.0.1:56492 - R:localhost/127.0.0.1:44337]' for 'GET' to 'http://localhost:44337/session/e66592ae6358f7f0d393909f22180203/window'
15:22:37.492 [Forwarding getCurrentWindowHandle on session e66592ae6358f7f0d393909f22180203 to remote] DEBUG org.asynchttpclient.netty.request.NettyRequestSender - Using open Channel [id: 0xe2458fda, L:/127.0.0.1:56492 - R:localhost/127.0.0.1:44337] for GET '/session/e66592ae6358f7f0d393909f22180203/window'
15:22:37.493 [AsyncHttpClient-1-2] DEBUG org.asynchttpclient.netty.handler.HttpHandler - 

Request DefaultFullHttpRequest(decodeResult: success, version: HTTP/1.1, content: EmptyByteBufBE)
GET /session/e66592ae6358f7f0d393909f22180203/window HTTP/1.1
User-Agent: selenium/4.6.0 (java windows)
Cache-Control: no-cache
Content-Type: application/json; charset=utf-8
host: localhost:44337
accept: */*

Response DefaultHttpResponse(decodeResult: success, version: HTTP/1.1)
HTTP/1.1 200 OK
Content-Type: application/json; charset=utf-8
cache-control: no-cache
content-length: 44

15:22:37.493 [AsyncHttpClient-1-2] DEBUG org.asynchttpclient.netty.channel.ChannelManager - Adding key: http://localhost:44337 for channel [id: 0xe2458fda, L:/127.0.0.1:56492 - R:localhost/127.0.0.1:44337]
15:22:37.501 [Forwarding getAlertText on session e66592ae6358f7f0d393909f22180203 to remote] DEBUG org.asynchttpclient.netty.request.NettyRequestSender - Using pooled Channel '[id: 0xe2458fda, L:/127.0.0.1:56492 - R:localhost/127.0.0.1:44337]' for 'GET' to 'http://localhost:44337/session/e66592ae6358f7f0d393909f22180203/alert/text'
15:22:37.501 [Forwarding getAlertText on session e66592ae6358f7f0d393909f22180203 to remote] DEBUG org.asynchttpclient.netty.request.NettyRequestSender - Using open Channel [id: 0xe2458fda, L:/127.0.0.1:56492 - R:localhost/127.0.0.1:44337] for GET '/session/e66592ae6358f7f0d393909f22180203/alert/text'
15:22:37.506 [AsyncHttpClient-1-2] DEBUG org.asynchttpclient.netty.handler.HttpHandler - 

Request DefaultFullHttpRequest(decodeResult: success, version: HTTP/1.1, content: EmptyByteBufBE)
GET /session/e66592ae6358f7f0d393909f22180203/alert/text HTTP/1.1
User-Agent: selenium/4.6.0 (java windows)
Cache-Control: no-cache
Content-Type: application/json; charset=utf-8
host: localhost:44337
accept: */*

Response DefaultHttpResponse(decodeResult: success, version: HTTP/1.1)
HTTP/1.1 404 Not Found
Content-Type: application/json; charset=utf-8
cache-control: no-cache
content-length: 848

15:22:37.506 [AsyncHttpClient-1-2] DEBUG org.asynchttpclient.netty.channel.ChannelManager - Adding key: http://localhost:44337 for channel [id: 0xe2458fda, L:/127.0.0.1:56492 - R:localhost/127.0.0.1:44337]
15:22:37.514 [Forwarding switchToWindow on session e66592ae6358f7f0d393909f22180203 to remote] DEBUG org.asynchttpclient.netty.request.NettyRequestSender - Using pooled Channel '[id: 0xe2458fda, L:/127.0.0.1:56492 - R:localhost/127.0.0.1:44337]' for 'POST' to 'http://localhost:44337/session/e66592ae6358f7f0d393909f22180203/window'
15:22:37.514 [Forwarding switchToWindow on session e66592ae6358f7f0d393909f22180203 to remote] DEBUG org.asynchttpclient.netty.request.NettyRequestSender - Using open Channel [id: 0xe2458fda, L:/127.0.0.1:56492 - R:localhost/127.0.0.1:44337] for POST '/session/e66592ae6358f7f0d393909f22180203/window'
15:22:37.516 [AsyncHttpClient-1-2] DEBUG org.asynchttpclient.netty.handler.HttpHandler - 

Request DefaultHttpRequest(decodeResult: success, version: HTTP/1.1)
POST /session/e66592ae6358f7f0d393909f22180203/window HTTP/1.1
User-Agent: selenium/4.6.0 (java windows)
Content-Length: 50
Content-Type: application/json; charset=utf-8
host: localhost:44337
accept: */*

Response DefaultHttpResponse(decodeResult: success, version: HTTP/1.1)
HTTP/1.1 200 OK
Content-Type: application/json; charset=utf-8
cache-control: no-cache
content-length: 14

15:22:37.516 [AsyncHttpClient-1-2] DEBUG org.asynchttpclient.netty.channel.ChannelManager - Adding key: http://localhost:44337 for channel [id: 0xe2458fda, L:/127.0.0.1:56492 - R:localhost/127.0.0.1:44337]
15:22:37.517 [Forwarding getCurrentUrl on session e66592ae6358f7f0d393909f22180203 to remote] DEBUG org.asynchttpclient.netty.request.NettyRequestSender - Using pooled Channel '[id: 0xe2458fda, L:/127.0.0.1:56492 - R:localhost/127.0.0.1:44337]' for 'GET' to 'http://localhost:44337/session/e66592ae6358f7f0d393909f22180203/url'
15:22:37.517 [Forwarding getCurrentUrl on session e66592ae6358f7f0d393909f22180203 to remote] DEBUG org.asynchttpclient.netty.request.NettyRequestSender - Using open Channel [id: 0xe2458fda, L:/127.0.0.1:56492 - R:localhost/127.0.0.1:44337] for GET '/session/e66592ae6358f7f0d393909f22180203/url'
15:22:37.523 [AsyncHttpClient-1-2] DEBUG org.asynchttpclient.netty.handler.HttpHandler - 

Request DefaultFullHttpRequest(decodeResult: success, version: HTTP/1.1, content: EmptyByteBufBE)
GET /session/e66592ae6358f7f0d393909f22180203/url HTTP/1.1
User-Agent: selenium/4.6.0 (java windows)
Cache-Control: no-cache
Content-Type: application/json; charset=utf-8
host: localhost:44337
accept: */*

Response DefaultHttpResponse(decodeResult: success, version: HTTP/1.1)
HTTP/1.1 200 OK
Content-Type: application/json; charset=utf-8
cache-control: no-cache
content-length: 47

15:22:37.524 [AsyncHttpClient-1-2] DEBUG org.asynchttpclient.netty.channel.ChannelManager - Adding key: http://localhost:44337 for channel [id: 0xe2458fda, L:/127.0.0.1:56492 - R:localhost/127.0.0.1:44337]
15:22:37.524 [Forwarding screenshot on session e66592ae6358f7f0d393909f22180203 to remote] DEBUG org.asynchttpclient.netty.request.NettyRequestSender - Using pooled Channel '[id: 0xe2458fda, L:/127.0.0.1:56492 - R:localhost/127.0.0.1:44337]' for 'GET' to 'http://localhost:44337/session/e66592ae6358f7f0d393909f22180203/screenshot'
15:22:37.524 [Forwarding screenshot on session e66592ae6358f7f0d393909f22180203 to remote] DEBUG org.asynchttpclient.netty.request.NettyRequestSender - Using open Channel [id: 0xe2458fda, L:/127.0.0.1:56492 - R:localhost/127.0.0.1:44337] for GET '/session/e66592ae6358f7f0d393909f22180203/screenshot'
15:22:37.702 [AsyncHttpClient-1-2] DEBUG org.asynchttpclient.netty.handler.HttpHandler - 

Request DefaultFullHttpRequest(decodeResult: success, version: HTTP/1.1, content: EmptyByteBufBE)
GET /session/e66592ae6358f7f0d393909f22180203/screenshot HTTP/1.1
User-Agent: selenium/4.6.0 (java windows)
Cache-Control: no-cache
Content-Type: application/json; charset=utf-8
host: localhost:44337
accept: */*

Response DefaultHttpResponse(decodeResult: success, version: HTTP/1.1)
HTTP/1.1 200 OK
Content-Type: application/json; charset=utf-8
cache-control: no-cache
content-length: 292460

15:22:37.703 [AsyncHttpClient-1-2] DEBUG org.asynchttpclient.netty.channel.ChannelManager - Adding key: http://localhost:44337 for channel [id: 0xe2458fda, L:/127.0.0.1:56492 - R:localhost/127.0.0.1:44337]
15:22:37.707 [Test worker] DEBUG net.serenitybdd.core.photography.Darkroom - Send negative for processing for C:\Users\Usuario\Documents\retoAutomatizacion\e2e\RetoDemoBlaze\target\site\serenity\40224e563cd173a632056fcfe9d1dd4da4ecf503a537f28c7ba72130985245dd.png
15:22:37.707 [Test worker] DEBUG net.thucydides.core.steps.StepInterceptor - STEP DONE: {0} enters #theTextAsAString into #target
15:22:37.707 [Darkroom Processing Line] DEBUG net.serenitybdd.core.photography.DarkroomProcessingLine - Processing screenshot image in /var/screenshots/screenshot-11851885143171861026
15:22:37.707 [Darkroom Processing Line] DEBUG net.serenitybdd.core.photography.DarkroomProcessingLine - Saving screenshot to C:\Users\Usuario\Documents\retoAutomatizacion\e2e\RetoDemoBlaze\target\site\serenity\40224e563cd173a632056fcfe9d1dd4da4ecf503a537f28c7ba72130985245dd.png
15:22:37.721 [Forwarding getPageSource on session e66592ae6358f7f0d393909f22180203 to remote] DEBUG org.asynchttpclient.netty.request.NettyRequestSender - Using pooled Channel '[id: 0xe2458fda, L:/127.0.0.1:56492 - R:localhost/127.0.0.1:44337]' for 'POST' to 'http://localhost:44337/session/e66592ae6358f7f0d393909f22180203/execute/sync'
15:22:37.721 [Forwarding getPageSource on session e66592ae6358f7f0d393909f22180203 to remote] DEBUG org.asynchttpclient.netty.request.NettyRequestSender - Using open Channel [id: 0xe2458fda, L:/127.0.0.1:56492 - R:localhost/127.0.0.1:44337] for POST '/session/e66592ae6358f7f0d393909f22180203/execute/sync'
15:22:37.730 [AsyncHttpClient-1-2] DEBUG org.asynchttpclient.netty.handler.HttpHandler - 

Request DefaultHttpRequest(decodeResult: success, version: HTTP/1.1)
POST /session/e66592ae6358f7f0d393909f22180203/execute/sync HTTP/1.1
User-Agent: selenium/4.6.0 (java windows)
Content-Length: 176
Content-Type: application/json; charset=utf-8
host: localhost:44337
accept: */*

Response DefaultHttpResponse(decodeResult: success, version: HTTP/1.1)
HTTP/1.1 200 OK
Content-Type: application/json; charset=utf-8
cache-control: no-cache
content-length: 58188

15:22:37.730 [AsyncHttpClient-1-2] DEBUG org.asynchttpclient.netty.channel.ChannelManager - Adding key: http://localhost:44337 for channel [id: 0xe2458fda, L:/127.0.0.1:56492 - R:localhost/127.0.0.1:44337]
15:22:37.734 [Forwarding getCurrentUrl on session e66592ae6358f7f0d393909f22180203 to remote] DEBUG org.asynchttpclient.netty.request.NettyRequestSender - Using pooled Channel '[id: 0xe2458fda, L:/127.0.0.1:56492 - R:localhost/127.0.0.1:44337]' for 'GET' to 'http://localhost:44337/session/e66592ae6358f7f0d393909f22180203/url'
15:22:37.735 [Forwarding getCurrentUrl on session e66592ae6358f7f0d393909f22180203 to remote] DEBUG org.asynchttpclient.netty.request.NettyRequestSender - Using open Channel [id: 0xe2458fda, L:/127.0.0.1:56492 - R:localhost/127.0.0.1:44337] for GET '/session/e66592ae6358f7f0d393909f22180203/url'
15:22:37.738 [AsyncHttpClient-1-2] DEBUG org.asynchttpclient.netty.handler.HttpHandler - 

Request DefaultFullHttpRequest(decodeResult: success, version: HTTP/1.1, content: EmptyByteBufBE)
GET /session/e66592ae6358f7f0d393909f22180203/url HTTP/1.1
User-Agent: selenium/4.6.0 (java windows)
Cache-Control: no-cache
Content-Type: application/json; charset=utf-8
host: localhost:44337
accept: */*

Response DefaultHttpResponse(decodeResult: success, version: HTTP/1.1)
HTTP/1.1 200 OK
Content-Type: application/json; charset=utf-8
cache-control: no-cache
content-length: 47

15:22:37.738 [AsyncHttpClient-1-2] DEBUG org.asynchttpclient.netty.channel.ChannelManager - Adding key: http://localhost:44337 for channel [id: 0xe2458fda, L:/127.0.0.1:56492 - R:localhost/127.0.0.1:44337]
15:22:37.740 [Test worker] DEBUG net.thucydides.core.steps.StepInterceptor - STARTING STEP: PlaceOrder.performAs - {0} enters #theTextAsAString into #target
15:22:37.749 [Test worker] DEBUG net.serenitybdd.screenplay.targets.IFrameSwitcher - default content already selected for year
15:22:37.764 [Forwarding findElement on session e66592ae6358f7f0d393909f22180203 to remote] DEBUG org.asynchttpclient.netty.request.NettyRequestSender - Using pooled Channel '[id: 0xe2458fda, L:/127.0.0.1:56492 - R:localhost/127.0.0.1:44337]' for 'POST' to 'http://localhost:44337/session/e66592ae6358f7f0d393909f22180203/element'
15:22:37.764 [Forwarding findElement on session e66592ae6358f7f0d393909f22180203 to remote] DEBUG org.asynchttpclient.netty.request.NettyRequestSender - Using open Channel [id: 0xe2458fda, L:/127.0.0.1:56492 - R:localhost/127.0.0.1:44337] for POST '/session/e66592ae6358f7f0d393909f22180203/element'
15:22:37.775 [AsyncHttpClient-1-2] DEBUG org.asynchttpclient.netty.handler.HttpHandler - 

Request DefaultHttpRequest(decodeResult: success, version: HTTP/1.1)
POST /session/e66592ae6358f7f0d393909f22180203/element HTTP/1.1
User-Agent: selenium/4.6.0 (java windows)
Content-Length: 49
Content-Type: application/json; charset=utf-8
host: localhost:44337
accept: */*

Response DefaultHttpResponse(decodeResult: success, version: HTTP/1.1)
HTTP/1.1 200 OK
Content-Type: application/json; charset=utf-8
cache-control: no-cache
content-length: 96

15:22:37.775 [AsyncHttpClient-1-2] DEBUG org.asynchttpclient.netty.channel.ChannelManager - Adding key: http://localhost:44337 for channel [id: 0xe2458fda, L:/127.0.0.1:56492 - R:localhost/127.0.0.1:44337]
15:22:37.776 [Forwarding clearElement on session e66592ae6358f7f0d393909f22180203 to remote] DEBUG org.asynchttpclient.netty.request.NettyRequestSender - Using pooled Channel '[id: 0xe2458fda, L:/127.0.0.1:56492 - R:localhost/127.0.0.1:44337]' for 'POST' to 'http://localhost:44337/session/e66592ae6358f7f0d393909f22180203/element/66366C5DDB4B568690027E21B0FBE1F1_element_347/clear'
15:22:37.776 [Forwarding clearElement on session e66592ae6358f7f0d393909f22180203 to remote] DEBUG org.asynchttpclient.netty.request.NettyRequestSender - Using open Channel [id: 0xe2458fda, L:/127.0.0.1:56492 - R:localhost/127.0.0.1:44337] for POST '/session/e66592ae6358f7f0d393909f22180203/element/66366C5DDB4B568690027E21B0FBE1F1_element_347/clear'
15:22:37.793 [AsyncHttpClient-1-2] DEBUG org.asynchttpclient.netty.handler.HttpHandler - 

Request DefaultHttpRequest(decodeResult: success, version: HTTP/1.1)
POST /session/e66592ae6358f7f0d393909f22180203/element/66366C5DDB4B568690027E21B0FBE1F1_element_347/clear HTTP/1.1
User-Agent: selenium/4.6.0 (java windows)
Content-Length: 58
Content-Type: application/json; charset=utf-8
host: localhost:44337
accept: */*

Response DefaultHttpResponse(decodeResult: success, version: HTTP/1.1)
HTTP/1.1 200 OK
Content-Type: application/json; charset=utf-8
cache-control: no-cache
content-length: 14

15:22:37.793 [AsyncHttpClient-1-2] DEBUG org.asynchttpclient.netty.channel.ChannelManager - Adding key: http://localhost:44337 for channel [id: 0xe2458fda, L:/127.0.0.1:56492 - R:localhost/127.0.0.1:44337]
15:22:37.800 [Forwarding sendKeysToElement on session e66592ae6358f7f0d393909f22180203 to remote] DEBUG org.asynchttpclient.netty.request.NettyRequestSender - Using pooled Channel '[id: 0xe2458fda, L:/127.0.0.1:56492 - R:localhost/127.0.0.1:44337]' for 'POST' to 'http://localhost:44337/session/e66592ae6358f7f0d393909f22180203/element/66366C5DDB4B568690027E21B0FBE1F1_element_347/value'
15:22:37.800 [Forwarding sendKeysToElement on session e66592ae6358f7f0d393909f22180203 to remote] DEBUG org.asynchttpclient.netty.request.NettyRequestSender - Using open Channel [id: 0xe2458fda, L:/127.0.0.1:56492 - R:localhost/127.0.0.1:44337] for POST '/session/e66592ae6358f7f0d393909f22180203/element/66366C5DDB4B568690027E21B0FBE1F1_element_347/value'
15:22:37.834 [AsyncHttpClient-1-2] DEBUG org.asynchttpclient.netty.handler.HttpHandler - 

Request DefaultHttpRequest(decodeResult: success, version: HTTP/1.1)
POST /session/e66592ae6358f7f0d393909f22180203/element/66366C5DDB4B568690027E21B0FBE1F1_element_347/value HTTP/1.1
User-Agent: selenium/4.6.0 (java windows)
Content-Length: 129
Content-Type: application/json; charset=utf-8
host: localhost:44337
accept: */*

Response DefaultHttpResponse(decodeResult: success, version: HTTP/1.1)
HTTP/1.1 200 OK
Content-Type: application/json; charset=utf-8
cache-control: no-cache
content-length: 14

15:22:37.834 [AsyncHttpClient-1-2] DEBUG org.asynchttpclient.netty.channel.ChannelManager - Adding key: http://localhost:44337 for channel [id: 0xe2458fda, L:/127.0.0.1:56492 - R:localhost/127.0.0.1:44337]
15:22:37.880 [Forwarding getCurrentWindowHandle on session e66592ae6358f7f0d393909f22180203 to remote] DEBUG org.asynchttpclient.netty.request.NettyRequestSender - Using pooled Channel '[id: 0xe2458fda, L:/127.0.0.1:56492 - R:localhost/127.0.0.1:44337]' for 'GET' to 'http://localhost:44337/session/e66592ae6358f7f0d393909f22180203/window'
15:22:37.880 [Forwarding getCurrentWindowHandle on session e66592ae6358f7f0d393909f22180203 to remote] DEBUG org.asynchttpclient.netty.request.NettyRequestSender - Using open Channel [id: 0xe2458fda, L:/127.0.0.1:56492 - R:localhost/127.0.0.1:44337] for GET '/session/e66592ae6358f7f0d393909f22180203/window'
15:22:37.881 [AsyncHttpClient-1-2] DEBUG org.asynchttpclient.netty.handler.HttpHandler - 

Request DefaultFullHttpRequest(decodeResult: success, version: HTTP/1.1, content: EmptyByteBufBE)
GET /session/e66592ae6358f7f0d393909f22180203/window HTTP/1.1
User-Agent: selenium/4.6.0 (java windows)
Cache-Control: no-cache
Content-Type: application/json; charset=utf-8
host: localhost:44337
accept: */*

Response DefaultHttpResponse(decodeResult: success, version: HTTP/1.1)
HTTP/1.1 200 OK
Content-Type: application/json; charset=utf-8
cache-control: no-cache
content-length: 44

15:22:37.881 [AsyncHttpClient-1-2] DEBUG org.asynchttpclient.netty.channel.ChannelManager - Adding key: http://localhost:44337 for channel [id: 0xe2458fda, L:/127.0.0.1:56492 - R:localhost/127.0.0.1:44337]
15:22:37.890 [Forwarding getAlertText on session e66592ae6358f7f0d393909f22180203 to remote] DEBUG org.asynchttpclient.netty.request.NettyRequestSender - Using pooled Channel '[id: 0xe2458fda, L:/127.0.0.1:56492 - R:localhost/127.0.0.1:44337]' for 'GET' to 'http://localhost:44337/session/e66592ae6358f7f0d393909f22180203/alert/text'
15:22:37.890 [Forwarding getAlertText on session e66592ae6358f7f0d393909f22180203 to remote] DEBUG org.asynchttpclient.netty.request.NettyRequestSender - Using open Channel [id: 0xe2458fda, L:/127.0.0.1:56492 - R:localhost/127.0.0.1:44337] for GET '/session/e66592ae6358f7f0d393909f22180203/alert/text'
15:22:37.892 [AsyncHttpClient-1-2] DEBUG org.asynchttpclient.netty.handler.HttpHandler - 

Request DefaultFullHttpRequest(decodeResult: success, version: HTTP/1.1, content: EmptyByteBufBE)
GET /session/e66592ae6358f7f0d393909f22180203/alert/text HTTP/1.1
User-Agent: selenium/4.6.0 (java windows)
Cache-Control: no-cache
Content-Type: application/json; charset=utf-8
host: localhost:44337
accept: */*

Response DefaultHttpResponse(decodeResult: success, version: HTTP/1.1)
HTTP/1.1 404 Not Found
Content-Type: application/json; charset=utf-8
cache-control: no-cache
content-length: 848

15:22:37.893 [AsyncHttpClient-1-2] DEBUG org.asynchttpclient.netty.channel.ChannelManager - Adding key: http://localhost:44337 for channel [id: 0xe2458fda, L:/127.0.0.1:56492 - R:localhost/127.0.0.1:44337]
15:22:37.902 [Forwarding switchToWindow on session e66592ae6358f7f0d393909f22180203 to remote] DEBUG org.asynchttpclient.netty.request.NettyRequestSender - Using pooled Channel '[id: 0xe2458fda, L:/127.0.0.1:56492 - R:localhost/127.0.0.1:44337]' for 'POST' to 'http://localhost:44337/session/e66592ae6358f7f0d393909f22180203/window'
15:22:37.902 [Forwarding switchToWindow on session e66592ae6358f7f0d393909f22180203 to remote] DEBUG org.asynchttpclient.netty.request.NettyRequestSender - Using open Channel [id: 0xe2458fda, L:/127.0.0.1:56492 - R:localhost/127.0.0.1:44337] for POST '/session/e66592ae6358f7f0d393909f22180203/window'
15:22:37.904 [AsyncHttpClient-1-2] DEBUG org.asynchttpclient.netty.handler.HttpHandler - 

Request DefaultHttpRequest(decodeResult: success, version: HTTP/1.1)
POST /session/e66592ae6358f7f0d393909f22180203/window HTTP/1.1
User-Agent: selenium/4.6.0 (java windows)
Content-Length: 50
Content-Type: application/json; charset=utf-8
host: localhost:44337
accept: */*

Response DefaultHttpResponse(decodeResult: success, version: HTTP/1.1)
HTTP/1.1 200 OK
Content-Type: application/json; charset=utf-8
cache-control: no-cache
content-length: 14

15:22:37.904 [AsyncHttpClient-1-2] DEBUG org.asynchttpclient.netty.channel.ChannelManager - Adding key: http://localhost:44337 for channel [id: 0xe2458fda, L:/127.0.0.1:56492 - R:localhost/127.0.0.1:44337]
15:22:37.905 [Forwarding getCurrentUrl on session e66592ae6358f7f0d393909f22180203 to remote] DEBUG org.asynchttpclient.netty.request.NettyRequestSender - Using pooled Channel '[id: 0xe2458fda, L:/127.0.0.1:56492 - R:localhost/127.0.0.1:44337]' for 'GET' to 'http://localhost:44337/session/e66592ae6358f7f0d393909f22180203/url'
15:22:37.905 [Forwarding getCurrentUrl on session e66592ae6358f7f0d393909f22180203 to remote] DEBUG org.asynchttpclient.netty.request.NettyRequestSender - Using open Channel [id: 0xe2458fda, L:/127.0.0.1:56492 - R:localhost/127.0.0.1:44337] for GET '/session/e66592ae6358f7f0d393909f22180203/url'
15:22:37.911 [AsyncHttpClient-1-2] DEBUG org.asynchttpclient.netty.handler.HttpHandler - 

Request DefaultFullHttpRequest(decodeResult: success, version: HTTP/1.1, content: EmptyByteBufBE)
GET /session/e66592ae6358f7f0d393909f22180203/url HTTP/1.1
User-Agent: selenium/4.6.0 (java windows)
Cache-Control: no-cache
Content-Type: application/json; charset=utf-8
host: localhost:44337
accept: */*

Response DefaultHttpResponse(decodeResult: success, version: HTTP/1.1)
HTTP/1.1 200 OK
Content-Type: application/json; charset=utf-8
cache-control: no-cache
content-length: 47

15:22:37.911 [AsyncHttpClient-1-2] DEBUG org.asynchttpclient.netty.channel.ChannelManager - Adding key: http://localhost:44337 for channel [id: 0xe2458fda, L:/127.0.0.1:56492 - R:localhost/127.0.0.1:44337]
15:22:37.912 [Forwarding screenshot on session e66592ae6358f7f0d393909f22180203 to remote] DEBUG org.asynchttpclient.netty.request.NettyRequestSender - Using pooled Channel '[id: 0xe2458fda, L:/127.0.0.1:56492 - R:localhost/127.0.0.1:44337]' for 'GET' to 'http://localhost:44337/session/e66592ae6358f7f0d393909f22180203/screenshot'
15:22:37.912 [Forwarding screenshot on session e66592ae6358f7f0d393909f22180203 to remote] DEBUG org.asynchttpclient.netty.request.NettyRequestSender - Using open Channel [id: 0xe2458fda, L:/127.0.0.1:56492 - R:localhost/127.0.0.1:44337] for GET '/session/e66592ae6358f7f0d393909f22180203/screenshot'
15:22:38.068 [AsyncHttpClient-1-2] DEBUG org.asynchttpclient.netty.handler.HttpHandler - 

Request DefaultFullHttpRequest(decodeResult: success, version: HTTP/1.1, content: EmptyByteBufBE)
GET /session/e66592ae6358f7f0d393909f22180203/screenshot HTTP/1.1
User-Agent: selenium/4.6.0 (java windows)
Cache-Control: no-cache
Content-Type: application/json; charset=utf-8
host: localhost:44337
accept: */*

Response DefaultHttpResponse(decodeResult: success, version: HTTP/1.1)
HTTP/1.1 200 OK
Content-Type: application/json; charset=utf-8
cache-control: no-cache
content-length: 293600

15:22:38.068 [AsyncHttpClient-1-2] DEBUG org.asynchttpclient.netty.channel.ChannelManager - Adding key: http://localhost:44337 for channel [id: 0xe2458fda, L:/127.0.0.1:56492 - R:localhost/127.0.0.1:44337]
15:22:38.073 [Test worker] DEBUG net.serenitybdd.core.photography.Darkroom - Send negative for processing for C:\Users\Usuario\Documents\retoAutomatizacion\e2e\RetoDemoBlaze\target\site\serenity\e283b5483e8fc32feddbf7d017ad63806d59c3510075a1e76ec5fbe5d76d538e.png
15:22:38.073 [Test worker] DEBUG net.thucydides.core.steps.StepInterceptor - STEP DONE: {0} enters #theTextAsAString into #target
15:22:38.073 [Darkroom Processing Line] DEBUG net.serenitybdd.core.photography.DarkroomProcessingLine - Processing screenshot image in /var/screenshots/screenshot-17681303277262829515
15:22:38.073 [Darkroom Processing Line] DEBUG net.serenitybdd.core.photography.DarkroomProcessingLine - Saving screenshot to C:\Users\Usuario\Documents\retoAutomatizacion\e2e\RetoDemoBlaze\target\site\serenity\e283b5483e8fc32feddbf7d017ad63806d59c3510075a1e76ec5fbe5d76d538e.png
15:22:38.085 [Test worker] DEBUG net.serenitybdd.screenplay.targets.IFrameSwitcher - default content already selected for year
15:22:38.091 [Forwarding findElements on session e66592ae6358f7f0d393909f22180203 to remote] DEBUG org.asynchttpclient.netty.request.NettyRequestSender - Using pooled Channel '[id: 0xe2458fda, L:/127.0.0.1:56492 - R:localhost/127.0.0.1:44337]' for 'POST' to 'http://localhost:44337/session/e66592ae6358f7f0d393909f22180203/elements'
15:22:38.091 [Forwarding findElements on session e66592ae6358f7f0d393909f22180203 to remote] DEBUG org.asynchttpclient.netty.request.NettyRequestSender - Using open Channel [id: 0xe2458fda, L:/127.0.0.1:56492 - R:localhost/127.0.0.1:44337] for POST '/session/e66592ae6358f7f0d393909f22180203/elements'
15:22:38.103 [AsyncHttpClient-1-2] DEBUG org.asynchttpclient.netty.handler.HttpHandler - 

Request DefaultHttpRequest(decodeResult: success, version: HTTP/1.1)
POST /session/e66592ae6358f7f0d393909f22180203/elements HTTP/1.1
User-Agent: selenium/4.6.0 (java windows)
Content-Length: 69
Content-Type: application/json; charset=utf-8
host: localhost:44337
accept: */*

Response DefaultHttpResponse(decodeResult: success, version: HTTP/1.1)
HTTP/1.1 200 OK
Content-Type: application/json; charset=utf-8
cache-control: no-cache
content-length: 98

15:22:38.103 [AsyncHttpClient-1-2] DEBUG org.asynchttpclient.netty.channel.ChannelManager - Adding key: http://localhost:44337 for channel [id: 0xe2458fda, L:/127.0.0.1:56492 - R:localhost/127.0.0.1:44337]
15:22:38.133 [Forwarding isElementDisplayed on session e66592ae6358f7f0d393909f22180203 to remote] DEBUG org.asynchttpclient.netty.request.NettyRequestSender - Using pooled Channel '[id: 0xe2458fda, L:/127.0.0.1:56492 - R:localhost/127.0.0.1:44337]' for 'POST' to 'http://localhost:44337/session/e66592ae6358f7f0d393909f22180203/execute/sync'
15:22:38.133 [Forwarding isElementDisplayed on session e66592ae6358f7f0d393909f22180203 to remote] DEBUG org.asynchttpclient.netty.request.NettyRequestSender - Using open Channel [id: 0xe2458fda, L:/127.0.0.1:56492 - R:localhost/127.0.0.1:44337] for POST '/session/e66592ae6358f7f0d393909f22180203/execute/sync'
15:22:38.141 [AsyncHttpClient-1-1] DEBUG org.asynchttpclient.netty.channel.DefaultChannelPool - Entry count for : http://localhost:56493 : 1
15:22:38.142 [AsyncHttpClient-1-2] DEBUG org.asynchttpclient.netty.handler.HttpHandler - 

Request DefaultHttpRequest(decodeResult: success, version: HTTP/1.1)
POST /session/e66592ae6358f7f0d393909f22180203/execute/sync HTTP/1.1
User-Agent: selenium/4.6.0 (java windows)
Content-Length: 48788
Content-Type: application/json; charset=utf-8
host: localhost:44337
accept: */*

Response DefaultHttpResponse(decodeResult: success, version: HTTP/1.1)
HTTP/1.1 200 OK
Content-Type: application/json; charset=utf-8
cache-control: no-cache
content-length: 14

15:22:38.143 [AsyncHttpClient-1-2] DEBUG org.asynchttpclient.netty.channel.ChannelManager - Adding key: http://localhost:44337 for channel [id: 0xe2458fda, L:/127.0.0.1:56492 - R:localhost/127.0.0.1:44337]
15:22:38.144 [Forwarding isElementEnabled on session e66592ae6358f7f0d393909f22180203 to remote] DEBUG org.asynchttpclient.netty.request.NettyRequestSender - Using pooled Channel '[id: 0xe2458fda, L:/127.0.0.1:56492 - R:localhost/127.0.0.1:44337]' for 'GET' to 'http://localhost:44337/session/e66592ae6358f7f0d393909f22180203/element/66366C5DDB4B568690027E21B0FBE1F1_element_348/enabled'
15:22:38.144 [Forwarding isElementEnabled on session e66592ae6358f7f0d393909f22180203 to remote] DEBUG org.asynchttpclient.netty.request.NettyRequestSender - Using open Channel [id: 0xe2458fda, L:/127.0.0.1:56492 - R:localhost/127.0.0.1:44337] for GET '/session/e66592ae6358f7f0d393909f22180203/element/66366C5DDB4B568690027E21B0FBE1F1_element_348/enabled'
15:22:38.151 [AsyncHttpClient-1-2] DEBUG org.asynchttpclient.netty.handler.HttpHandler - 

Request DefaultFullHttpRequest(decodeResult: success, version: HTTP/1.1, content: EmptyByteBufBE)
GET /session/e66592ae6358f7f0d393909f22180203/element/66366C5DDB4B568690027E21B0FBE1F1_element_348/enabled HTTP/1.1
User-Agent: selenium/4.6.0 (java windows)
Cache-Control: no-cache
Content-Type: application/json; charset=utf-8
host: localhost:44337
accept: */*

Response DefaultHttpResponse(decodeResult: success, version: HTTP/1.1)
HTTP/1.1 200 OK
Content-Type: application/json; charset=utf-8
cache-control: no-cache
content-length: 14

15:22:38.151 [AsyncHttpClient-1-2] DEBUG org.asynchttpclient.netty.channel.ChannelManager - Adding key: http://localhost:44337 for channel [id: 0xe2458fda, L:/127.0.0.1:56492 - R:localhost/127.0.0.1:44337]
15:22:38.182 [Forwarding getCurrentWindowHandle on session e66592ae6358f7f0d393909f22180203 to remote] DEBUG org.asynchttpclient.netty.request.NettyRequestSender - Using pooled Channel '[id: 0xe2458fda, L:/127.0.0.1:56492 - R:localhost/127.0.0.1:44337]' for 'GET' to 'http://localhost:44337/session/e66592ae6358f7f0d393909f22180203/window'
15:22:38.182 [Forwarding getCurrentWindowHandle on session e66592ae6358f7f0d393909f22180203 to remote] DEBUG org.asynchttpclient.netty.request.NettyRequestSender - Using open Channel [id: 0xe2458fda, L:/127.0.0.1:56492 - R:localhost/127.0.0.1:44337] for GET '/session/e66592ae6358f7f0d393909f22180203/window'
15:22:38.183 [AsyncHttpClient-1-2] DEBUG org.asynchttpclient.netty.handler.HttpHandler - 

Request DefaultFullHttpRequest(decodeResult: success, version: HTTP/1.1, content: EmptyByteBufBE)
GET /session/e66592ae6358f7f0d393909f22180203/window HTTP/1.1
User-Agent: selenium/4.6.0 (java windows)
Cache-Control: no-cache
Content-Type: application/json; charset=utf-8
host: localhost:44337
accept: */*

Response DefaultHttpResponse(decodeResult: success, version: HTTP/1.1)
HTTP/1.1 200 OK
Content-Type: application/json; charset=utf-8
cache-control: no-cache
content-length: 44

15:22:38.183 [AsyncHttpClient-1-2] DEBUG org.asynchttpclient.netty.channel.ChannelManager - Adding key: http://localhost:44337 for channel [id: 0xe2458fda, L:/127.0.0.1:56492 - R:localhost/127.0.0.1:44337]
15:22:38.192 [Forwarding getAlertText on session e66592ae6358f7f0d393909f22180203 to remote] DEBUG org.asynchttpclient.netty.request.NettyRequestSender - Using pooled Channel '[id: 0xe2458fda, L:/127.0.0.1:56492 - R:localhost/127.0.0.1:44337]' for 'GET' to 'http://localhost:44337/session/e66592ae6358f7f0d393909f22180203/alert/text'
15:22:38.192 [Forwarding getAlertText on session e66592ae6358f7f0d393909f22180203 to remote] DEBUG org.asynchttpclient.netty.request.NettyRequestSender - Using open Channel [id: 0xe2458fda, L:/127.0.0.1:56492 - R:localhost/127.0.0.1:44337] for GET '/session/e66592ae6358f7f0d393909f22180203/alert/text'
15:22:38.194 [AsyncHttpClient-1-2] DEBUG org.asynchttpclient.netty.handler.HttpHandler - 

Request DefaultFullHttpRequest(decodeResult: success, version: HTTP/1.1, content: EmptyByteBufBE)
GET /session/e66592ae6358f7f0d393909f22180203/alert/text HTTP/1.1
User-Agent: selenium/4.6.0 (java windows)
Cache-Control: no-cache
Content-Type: application/json; charset=utf-8
host: localhost:44337
accept: */*

Response DefaultHttpResponse(decodeResult: success, version: HTTP/1.1)
HTTP/1.1 404 Not Found
Content-Type: application/json; charset=utf-8
cache-control: no-cache
content-length: 848

15:22:38.194 [AsyncHttpClient-1-2] DEBUG org.asynchttpclient.netty.channel.ChannelManager - Adding key: http://localhost:44337 for channel [id: 0xe2458fda, L:/127.0.0.1:56492 - R:localhost/127.0.0.1:44337]
15:22:38.200 [Forwarding switchToWindow on session e66592ae6358f7f0d393909f22180203 to remote] DEBUG org.asynchttpclient.netty.request.NettyRequestSender - Using pooled Channel '[id: 0xe2458fda, L:/127.0.0.1:56492 - R:localhost/127.0.0.1:44337]' for 'POST' to 'http://localhost:44337/session/e66592ae6358f7f0d393909f22180203/window'
15:22:38.200 [Forwarding switchToWindow on session e66592ae6358f7f0d393909f22180203 to remote] DEBUG org.asynchttpclient.netty.request.NettyRequestSender - Using open Channel [id: 0xe2458fda, L:/127.0.0.1:56492 - R:localhost/127.0.0.1:44337] for POST '/session/e66592ae6358f7f0d393909f22180203/window'
15:22:38.202 [AsyncHttpClient-1-2] DEBUG org.asynchttpclient.netty.handler.HttpHandler - 

Request DefaultHttpRequest(decodeResult: success, version: HTTP/1.1)
POST /session/e66592ae6358f7f0d393909f22180203/window HTTP/1.1
User-Agent: selenium/4.6.0 (java windows)
Content-Length: 50
Content-Type: application/json; charset=utf-8
host: localhost:44337
accept: */*

Response DefaultHttpResponse(decodeResult: success, version: HTTP/1.1)
HTTP/1.1 200 OK
Content-Type: application/json; charset=utf-8
cache-control: no-cache
content-length: 14

15:22:38.202 [AsyncHttpClient-1-2] DEBUG org.asynchttpclient.netty.channel.ChannelManager - Adding key: http://localhost:44337 for channel [id: 0xe2458fda, L:/127.0.0.1:56492 - R:localhost/127.0.0.1:44337]
15:22:38.203 [Forwarding getCurrentUrl on session e66592ae6358f7f0d393909f22180203 to remote] DEBUG org.asynchttpclient.netty.request.NettyRequestSender - Using pooled Channel '[id: 0xe2458fda, L:/127.0.0.1:56492 - R:localhost/127.0.0.1:44337]' for 'GET' to 'http://localhost:44337/session/e66592ae6358f7f0d393909f22180203/url'
15:22:38.203 [Forwarding getCurrentUrl on session e66592ae6358f7f0d393909f22180203 to remote] DEBUG org.asynchttpclient.netty.request.NettyRequestSender - Using open Channel [id: 0xe2458fda, L:/127.0.0.1:56492 - R:localhost/127.0.0.1:44337] for GET '/session/e66592ae6358f7f0d393909f22180203/url'
15:22:38.208 [AsyncHttpClient-1-2] DEBUG org.asynchttpclient.netty.handler.HttpHandler - 

Request DefaultFullHttpRequest(decodeResult: success, version: HTTP/1.1, content: EmptyByteBufBE)
GET /session/e66592ae6358f7f0d393909f22180203/url HTTP/1.1
User-Agent: selenium/4.6.0 (java windows)
Cache-Control: no-cache
Content-Type: application/json; charset=utf-8
host: localhost:44337
accept: */*

Response DefaultHttpResponse(decodeResult: success, version: HTTP/1.1)
HTTP/1.1 200 OK
Content-Type: application/json; charset=utf-8
cache-control: no-cache
content-length: 47

15:22:38.208 [AsyncHttpClient-1-2] DEBUG org.asynchttpclient.netty.channel.ChannelManager - Adding key: http://localhost:44337 for channel [id: 0xe2458fda, L:/127.0.0.1:56492 - R:localhost/127.0.0.1:44337]
15:22:38.208 [Forwarding screenshot on session e66592ae6358f7f0d393909f22180203 to remote] DEBUG org.asynchttpclient.netty.request.NettyRequestSender - Using pooled Channel '[id: 0xe2458fda, L:/127.0.0.1:56492 - R:localhost/127.0.0.1:44337]' for 'GET' to 'http://localhost:44337/session/e66592ae6358f7f0d393909f22180203/screenshot'
15:22:38.208 [Forwarding screenshot on session e66592ae6358f7f0d393909f22180203 to remote] DEBUG org.asynchttpclient.netty.request.NettyRequestSender - Using open Channel [id: 0xe2458fda, L:/127.0.0.1:56492 - R:localhost/127.0.0.1:44337] for GET '/session/e66592ae6358f7f0d393909f22180203/screenshot'
15:22:38.357 [AsyncHttpClient-1-2] DEBUG org.asynchttpclient.netty.handler.HttpHandler - 

Request DefaultFullHttpRequest(decodeResult: success, version: HTTP/1.1, content: EmptyByteBufBE)
GET /session/e66592ae6358f7f0d393909f22180203/screenshot HTTP/1.1
User-Agent: selenium/4.6.0 (java windows)
Cache-Control: no-cache
Content-Type: application/json; charset=utf-8
host: localhost:44337
accept: */*

Response DefaultHttpResponse(decodeResult: success, version: HTTP/1.1)
HTTP/1.1 200 OK
Content-Type: application/json; charset=utf-8
cache-control: no-cache
content-length: 293564

15:22:38.357 [AsyncHttpClient-1-2] DEBUG org.asynchttpclient.netty.channel.ChannelManager - Adding key: http://localhost:44337 for channel [id: 0xe2458fda, L:/127.0.0.1:56492 - R:localhost/127.0.0.1:44337]
15:22:38.361 [Test worker] DEBUG net.serenitybdd.core.photography.Darkroom - Send negative for processing for C:\Users\Usuario\Documents\retoAutomatizacion\e2e\RetoDemoBlaze\target\site\serenity\c57e82eae49aac3a70074a61d1744287c950d921ea65eed89cdab6f3dee2312e.png
15:22:38.362 [Darkroom Processing Line] DEBUG net.serenitybdd.core.photography.DarkroomProcessingLine - Processing screenshot image in /var/screenshots/screenshot-5763583866568472301
15:22:38.362 [Darkroom Processing Line] DEBUG net.serenitybdd.core.photography.DarkroomProcessingLine - Saving screenshot to C:\Users\Usuario\Documents\retoAutomatizacion\e2e\RetoDemoBlaze\target\site\serenity\c57e82eae49aac3a70074a61d1744287c950d921ea65eed89cdab6f3dee2312e.png
15:22:38.368 [Forwarding getPageSource on session e66592ae6358f7f0d393909f22180203 to remote] DEBUG org.asynchttpclient.netty.request.NettyRequestSender - Using pooled Channel '[id: 0xe2458fda, L:/127.0.0.1:56492 - R:localhost/127.0.0.1:44337]' for 'POST' to 'http://localhost:44337/session/e66592ae6358f7f0d393909f22180203/execute/sync'
15:22:38.368 [Forwarding getPageSource on session e66592ae6358f7f0d393909f22180203 to remote] DEBUG org.asynchttpclient.netty.request.NettyRequestSender - Using open Channel [id: 0xe2458fda, L:/127.0.0.1:56492 - R:localhost/127.0.0.1:44337] for POST '/session/e66592ae6358f7f0d393909f22180203/execute/sync'
15:22:38.377 [AsyncHttpClient-1-2] DEBUG org.asynchttpclient.netty.handler.HttpHandler - 

Request DefaultHttpRequest(decodeResult: success, version: HTTP/1.1)
POST /session/e66592ae6358f7f0d393909f22180203/execute/sync HTTP/1.1
User-Agent: selenium/4.6.0 (java windows)
Content-Length: 176
Content-Type: application/json; charset=utf-8
host: localhost:44337
accept: */*

Response DefaultHttpResponse(decodeResult: success, version: HTTP/1.1)
HTTP/1.1 200 OK
Content-Type: application/json; charset=utf-8
cache-control: no-cache
content-length: 58188

15:22:38.377 [AsyncHttpClient-1-2] DEBUG org.asynchttpclient.netty.channel.ChannelManager - Adding key: http://localhost:44337 for channel [id: 0xe2458fda, L:/127.0.0.1:56492 - R:localhost/127.0.0.1:44337]
15:22:38.381 [Forwarding getCurrentUrl on session e66592ae6358f7f0d393909f22180203 to remote] DEBUG org.asynchttpclient.netty.request.NettyRequestSender - Using pooled Channel '[id: 0xe2458fda, L:/127.0.0.1:56492 - R:localhost/127.0.0.1:44337]' for 'GET' to 'http://localhost:44337/session/e66592ae6358f7f0d393909f22180203/url'
15:22:38.381 [Forwarding getCurrentUrl on session e66592ae6358f7f0d393909f22180203 to remote] DEBUG org.asynchttpclient.netty.request.NettyRequestSender - Using open Channel [id: 0xe2458fda, L:/127.0.0.1:56492 - R:localhost/127.0.0.1:44337] for GET '/session/e66592ae6358f7f0d393909f22180203/url'
15:22:38.386 [AsyncHttpClient-1-2] DEBUG org.asynchttpclient.netty.handler.HttpHandler - 

Request DefaultFullHttpRequest(decodeResult: success, version: HTTP/1.1, content: EmptyByteBufBE)
GET /session/e66592ae6358f7f0d393909f22180203/url HTTP/1.1
User-Agent: selenium/4.6.0 (java windows)
Cache-Control: no-cache
Content-Type: application/json; charset=utf-8
host: localhost:44337
accept: */*

Response DefaultHttpResponse(decodeResult: success, version: HTTP/1.1)
HTTP/1.1 200 OK
Content-Type: application/json; charset=utf-8
cache-control: no-cache
content-length: 47

15:22:38.386 [AsyncHttpClient-1-2] DEBUG org.asynchttpclient.netty.channel.ChannelManager - Adding key: http://localhost:44337 for channel [id: 0xe2458fda, L:/127.0.0.1:56492 - R:localhost/127.0.0.1:44337]
15:22:38.387 [Test worker] DEBUG net.thucydides.core.steps.StepInterceptor - STARTING STEP: PlaceOrder.performAs - {0} clicks on #target
15:22:38.387 [Test worker] DEBUG net.serenitybdd.screenplay.targets.IFrameSwitcher - default content already selected for year
15:22:38.430 [Forwarding findElement on session e66592ae6358f7f0d393909f22180203 to remote] DEBUG org.asynchttpclient.netty.request.NettyRequestSender - Using pooled Channel '[id: 0xe2458fda, L:/127.0.0.1:56492 - R:localhost/127.0.0.1:44337]' for 'POST' to 'http://localhost:44337/session/e66592ae6358f7f0d393909f22180203/element'
15:22:38.430 [Forwarding findElement on session e66592ae6358f7f0d393909f22180203 to remote] DEBUG org.asynchttpclient.netty.request.NettyRequestSender - Using open Channel [id: 0xe2458fda, L:/127.0.0.1:56492 - R:localhost/127.0.0.1:44337] for POST '/session/e66592ae6358f7f0d393909f22180203/element'
15:22:38.441 [AsyncHttpClient-1-2] DEBUG org.asynchttpclient.netty.handler.HttpHandler - 

Request DefaultHttpRequest(decodeResult: success, version: HTTP/1.1)
POST /session/e66592ae6358f7f0d393909f22180203/element HTTP/1.1
User-Agent: selenium/4.6.0 (java windows)
Content-Length: 69
Content-Type: application/json; charset=utf-8
host: localhost:44337
accept: */*

Response DefaultHttpResponse(decodeResult: success, version: HTTP/1.1)
HTTP/1.1 200 OK
Content-Type: application/json; charset=utf-8
cache-control: no-cache
content-length: 96

15:22:38.441 [AsyncHttpClient-1-2] DEBUG org.asynchttpclient.netty.channel.ChannelManager - Adding key: http://localhost:44337 for channel [id: 0xe2458fda, L:/127.0.0.1:56492 - R:localhost/127.0.0.1:44337]
15:22:38.449 [Forwarding isElementDisplayed on session e66592ae6358f7f0d393909f22180203 to remote] DEBUG org.asynchttpclient.netty.request.NettyRequestSender - Using pooled Channel '[id: 0xe2458fda, L:/127.0.0.1:56492 - R:localhost/127.0.0.1:44337]' for 'POST' to 'http://localhost:44337/session/e66592ae6358f7f0d393909f22180203/execute/sync'
15:22:38.449 [Forwarding isElementDisplayed on session e66592ae6358f7f0d393909f22180203 to remote] DEBUG org.asynchttpclient.netty.request.NettyRequestSender - Using open Channel [id: 0xe2458fda, L:/127.0.0.1:56492 - R:localhost/127.0.0.1:44337] for POST '/session/e66592ae6358f7f0d393909f22180203/execute/sync'
15:22:38.457 [AsyncHttpClient-1-2] DEBUG org.asynchttpclient.netty.handler.HttpHandler - 

Request DefaultHttpRequest(decodeResult: success, version: HTTP/1.1)
POST /session/e66592ae6358f7f0d393909f22180203/execute/sync HTTP/1.1
User-Agent: selenium/4.6.0 (java windows)
Content-Length: 48788
Content-Type: application/json; charset=utf-8
host: localhost:44337
accept: */*

Response DefaultHttpResponse(decodeResult: success, version: HTTP/1.1)
HTTP/1.1 200 OK
Content-Type: application/json; charset=utf-8
cache-control: no-cache
content-length: 14

15:22:38.457 [AsyncHttpClient-1-2] DEBUG org.asynchttpclient.netty.channel.ChannelManager - Adding key: http://localhost:44337 for channel [id: 0xe2458fda, L:/127.0.0.1:56492 - R:localhost/127.0.0.1:44337]
15:22:38.468 [Forwarding findElement on session e66592ae6358f7f0d393909f22180203 to remote] DEBUG org.asynchttpclient.netty.request.NettyRequestSender - Using pooled Channel '[id: 0xe2458fda, L:/127.0.0.1:56492 - R:localhost/127.0.0.1:44337]' for 'POST' to 'http://localhost:44337/session/e66592ae6358f7f0d393909f22180203/element'
15:22:38.469 [Forwarding findElement on session e66592ae6358f7f0d393909f22180203 to remote] DEBUG org.asynchttpclient.netty.request.NettyRequestSender - Using open Channel [id: 0xe2458fda, L:/127.0.0.1:56492 - R:localhost/127.0.0.1:44337] for POST '/session/e66592ae6358f7f0d393909f22180203/element'
15:22:38.477 [AsyncHttpClient-1-2] DEBUG org.asynchttpclient.netty.handler.HttpHandler - 

Request DefaultHttpRequest(decodeResult: success, version: HTTP/1.1)
POST /session/e66592ae6358f7f0d393909f22180203/element HTTP/1.1
User-Agent: selenium/4.6.0 (java windows)
Content-Length: 69
Content-Type: application/json; charset=utf-8
host: localhost:44337
accept: */*

Response DefaultHttpResponse(decodeResult: success, version: HTTP/1.1)
HTTP/1.1 200 OK
Content-Type: application/json; charset=utf-8
cache-control: no-cache
content-length: 96

15:22:38.477 [AsyncHttpClient-1-2] DEBUG org.asynchttpclient.netty.channel.ChannelManager - Adding key: http://localhost:44337 for channel [id: 0xe2458fda, L:/127.0.0.1:56492 - R:localhost/127.0.0.1:44337]
15:22:38.478 [Forwarding clickElement on session e66592ae6358f7f0d393909f22180203 to remote] DEBUG org.asynchttpclient.netty.request.NettyRequestSender - Using pooled Channel '[id: 0xe2458fda, L:/127.0.0.1:56492 - R:localhost/127.0.0.1:44337]' for 'POST' to 'http://localhost:44337/session/e66592ae6358f7f0d393909f22180203/element/66366C5DDB4B568690027E21B0FBE1F1_element_348/click'
15:22:38.478 [Forwarding clickElement on session e66592ae6358f7f0d393909f22180203 to remote] DEBUG org.asynchttpclient.netty.request.NettyRequestSender - Using open Channel [id: 0xe2458fda, L:/127.0.0.1:56492 - R:localhost/127.0.0.1:44337] for POST '/session/e66592ae6358f7f0d393909f22180203/element/66366C5DDB4B568690027E21B0FBE1F1_element_348/click'
15:22:38.513 [AsyncHttpClient-1-2] DEBUG org.asynchttpclient.netty.handler.HttpHandler - 

Request DefaultHttpRequest(decodeResult: success, version: HTTP/1.1)
POST /session/e66592ae6358f7f0d393909f22180203/element/66366C5DDB4B568690027E21B0FBE1F1_element_348/click HTTP/1.1
User-Agent: selenium/4.6.0 (java windows)
Content-Length: 58
Content-Type: application/json; charset=utf-8
host: localhost:44337
accept: */*

Response DefaultHttpResponse(decodeResult: success, version: HTTP/1.1)
HTTP/1.1 200 OK
Content-Type: application/json; charset=utf-8
cache-control: no-cache
content-length: 14

15:22:38.513 [AsyncHttpClient-1-2] DEBUG org.asynchttpclient.netty.channel.ChannelManager - Adding key: http://localhost:44337 for channel [id: 0xe2458fda, L:/127.0.0.1:56492 - R:localhost/127.0.0.1:44337]
15:22:38.570 [Forwarding getCurrentWindowHandle on session e66592ae6358f7f0d393909f22180203 to remote] DEBUG org.asynchttpclient.netty.request.NettyRequestSender - Using pooled Channel '[id: 0xe2458fda, L:/127.0.0.1:56492 - R:localhost/127.0.0.1:44337]' for 'GET' to 'http://localhost:44337/session/e66592ae6358f7f0d393909f22180203/window'
15:22:38.570 [Forwarding getCurrentWindowHandle on session e66592ae6358f7f0d393909f22180203 to remote] DEBUG org.asynchttpclient.netty.request.NettyRequestSender - Using open Channel [id: 0xe2458fda, L:/127.0.0.1:56492 - R:localhost/127.0.0.1:44337] for GET '/session/e66592ae6358f7f0d393909f22180203/window'
15:22:38.571 [AsyncHttpClient-1-2] DEBUG org.asynchttpclient.netty.handler.HttpHandler - 

Request DefaultFullHttpRequest(decodeResult: success, version: HTTP/1.1, content: EmptyByteBufBE)
GET /session/e66592ae6358f7f0d393909f22180203/window HTTP/1.1
User-Agent: selenium/4.6.0 (java windows)
Cache-Control: no-cache
Content-Type: application/json; charset=utf-8
host: localhost:44337
accept: */*

Response DefaultHttpResponse(decodeResult: success, version: HTTP/1.1)
HTTP/1.1 200 OK
Content-Type: application/json; charset=utf-8
cache-control: no-cache
content-length: 44

15:22:38.571 [AsyncHttpClient-1-2] DEBUG org.asynchttpclient.netty.channel.ChannelManager - Adding key: http://localhost:44337 for channel [id: 0xe2458fda, L:/127.0.0.1:56492 - R:localhost/127.0.0.1:44337]
15:22:38.589 [Forwarding getAlertText on session e66592ae6358f7f0d393909f22180203 to remote] DEBUG org.asynchttpclient.netty.request.NettyRequestSender - Using pooled Channel '[id: 0xe2458fda, L:/127.0.0.1:56492 - R:localhost/127.0.0.1:44337]' for 'GET' to 'http://localhost:44337/session/e66592ae6358f7f0d393909f22180203/alert/text'
15:22:38.589 [Forwarding getAlertText on session e66592ae6358f7f0d393909f22180203 to remote] DEBUG org.asynchttpclient.netty.request.NettyRequestSender - Using open Channel [id: 0xe2458fda, L:/127.0.0.1:56492 - R:localhost/127.0.0.1:44337] for GET '/session/e66592ae6358f7f0d393909f22180203/alert/text'
15:22:38.591 [AsyncHttpClient-1-2] DEBUG org.asynchttpclient.netty.handler.HttpHandler - 

Request DefaultFullHttpRequest(decodeResult: success, version: HTTP/1.1, content: EmptyByteBufBE)
GET /session/e66592ae6358f7f0d393909f22180203/alert/text HTTP/1.1
User-Agent: selenium/4.6.0 (java windows)
Cache-Control: no-cache
Content-Type: application/json; charset=utf-8
host: localhost:44337
accept: */*

Response DefaultHttpResponse(decodeResult: success, version: HTTP/1.1)
HTTP/1.1 404 Not Found
Content-Type: application/json; charset=utf-8
cache-control: no-cache
content-length: 848

15:22:38.591 [AsyncHttpClient-1-2] DEBUG org.asynchttpclient.netty.channel.ChannelManager - Adding key: http://localhost:44337 for channel [id: 0xe2458fda, L:/127.0.0.1:56492 - R:localhost/127.0.0.1:44337]
15:22:38.619 [Forwarding switchToWindow on session e66592ae6358f7f0d393909f22180203 to remote] DEBUG org.asynchttpclient.netty.request.NettyRequestSender - Using pooled Channel '[id: 0xe2458fda, L:/127.0.0.1:56492 - R:localhost/127.0.0.1:44337]' for 'POST' to 'http://localhost:44337/session/e66592ae6358f7f0d393909f22180203/window'
15:22:38.619 [Forwarding switchToWindow on session e66592ae6358f7f0d393909f22180203 to remote] DEBUG org.asynchttpclient.netty.request.NettyRequestSender - Using open Channel [id: 0xe2458fda, L:/127.0.0.1:56492 - R:localhost/127.0.0.1:44337] for POST '/session/e66592ae6358f7f0d393909f22180203/window'
15:22:38.621 [AsyncHttpClient-1-2] DEBUG org.asynchttpclient.netty.handler.HttpHandler - 

Request DefaultHttpRequest(decodeResult: success, version: HTTP/1.1)
POST /session/e66592ae6358f7f0d393909f22180203/window HTTP/1.1
User-Agent: selenium/4.6.0 (java windows)
Content-Length: 50
Content-Type: application/json; charset=utf-8
host: localhost:44337
accept: */*

Response DefaultHttpResponse(decodeResult: success, version: HTTP/1.1)
HTTP/1.1 200 OK
Content-Type: application/json; charset=utf-8
cache-control: no-cache
content-length: 14

15:22:38.621 [AsyncHttpClient-1-2] DEBUG org.asynchttpclient.netty.channel.ChannelManager - Adding key: http://localhost:44337 for channel [id: 0xe2458fda, L:/127.0.0.1:56492 - R:localhost/127.0.0.1:44337]
15:22:38.622 [Forwarding getCurrentUrl on session e66592ae6358f7f0d393909f22180203 to remote] DEBUG org.asynchttpclient.netty.request.NettyRequestSender - Using pooled Channel '[id: 0xe2458fda, L:/127.0.0.1:56492 - R:localhost/127.0.0.1:44337]' for 'GET' to 'http://localhost:44337/session/e66592ae6358f7f0d393909f22180203/url'
15:22:38.622 [Forwarding getCurrentUrl on session e66592ae6358f7f0d393909f22180203 to remote] DEBUG org.asynchttpclient.netty.request.NettyRequestSender - Using open Channel [id: 0xe2458fda, L:/127.0.0.1:56492 - R:localhost/127.0.0.1:44337] for GET '/session/e66592ae6358f7f0d393909f22180203/url'
15:22:38.630 [AsyncHttpClient-1-2] DEBUG org.asynchttpclient.netty.handler.HttpHandler - 

Request DefaultFullHttpRequest(decodeResult: success, version: HTTP/1.1, content: EmptyByteBufBE)
GET /session/e66592ae6358f7f0d393909f22180203/url HTTP/1.1
User-Agent: selenium/4.6.0 (java windows)
Cache-Control: no-cache
Content-Type: application/json; charset=utf-8
host: localhost:44337
accept: */*

Response DefaultHttpResponse(decodeResult: success, version: HTTP/1.1)
HTTP/1.1 200 OK
Content-Type: application/json; charset=utf-8
cache-control: no-cache
content-length: 47

15:22:38.630 [AsyncHttpClient-1-2] DEBUG org.asynchttpclient.netty.channel.ChannelManager - Adding key: http://localhost:44337 for channel [id: 0xe2458fda, L:/127.0.0.1:56492 - R:localhost/127.0.0.1:44337]
15:22:38.633 [Forwarding screenshot on session e66592ae6358f7f0d393909f22180203 to remote] DEBUG org.asynchttpclient.netty.request.NettyRequestSender - Using pooled Channel '[id: 0xe2458fda, L:/127.0.0.1:56492 - R:localhost/127.0.0.1:44337]' for 'GET' to 'http://localhost:44337/session/e66592ae6358f7f0d393909f22180203/screenshot'
15:22:38.633 [Forwarding screenshot on session e66592ae6358f7f0d393909f22180203 to remote] DEBUG org.asynchttpclient.netty.request.NettyRequestSender - Using open Channel [id: 0xe2458fda, L:/127.0.0.1:56492 - R:localhost/127.0.0.1:44337] for GET '/session/e66592ae6358f7f0d393909f22180203/screenshot'
15:22:38.840 [AsyncHttpClient-1-2] DEBUG org.asynchttpclient.netty.handler.HttpHandler - 

Request DefaultFullHttpRequest(decodeResult: success, version: HTTP/1.1, content: EmptyByteBufBE)
GET /session/e66592ae6358f7f0d393909f22180203/screenshot HTTP/1.1
User-Agent: selenium/4.6.0 (java windows)
Cache-Control: no-cache
Content-Type: application/json; charset=utf-8
host: localhost:44337
accept: */*

Response DefaultHttpResponse(decodeResult: success, version: HTTP/1.1)
HTTP/1.1 200 OK
Content-Type: application/json; charset=utf-8
cache-control: no-cache
content-length: 288216

15:22:38.840 [AsyncHttpClient-1-2] DEBUG org.asynchttpclient.netty.channel.ChannelManager - Adding key: http://localhost:44337 for channel [id: 0xe2458fda, L:/127.0.0.1:56492 - R:localhost/127.0.0.1:44337]
15:22:38.845 [Test worker] DEBUG net.serenitybdd.core.photography.Darkroom - Send negative for processing for C:\Users\Usuario\Documents\retoAutomatizacion\e2e\RetoDemoBlaze\target\site\serenity\21121c888ce571186aa71991a8b8706f2fa9a18f07e73c365cc08ebc762757ee.png
15:22:38.846 [Test worker] DEBUG net.thucydides.core.steps.StepInterceptor - STEP DONE: {0} clicks on #target
15:22:38.846 [Darkroom Processing Line] DEBUG net.serenitybdd.core.photography.DarkroomProcessingLine - Processing screenshot image in /var/screenshots/screenshot-2878471214353732608
15:22:38.846 [Darkroom Processing Line] DEBUG net.serenitybdd.core.photography.DarkroomProcessingLine - Saving screenshot to C:\Users\Usuario\Documents\retoAutomatizacion\e2e\RetoDemoBlaze\target\site\serenity\21121c888ce571186aa71991a8b8706f2fa9a18f07e73c365cc08ebc762757ee.png
15:22:38.865 [Test worker] DEBUG net.thucydides.core.steps.StepInterceptor - STEP DONE: performAs
  ?[32mY ?[0m?[32mcompleto el formulario?[0m                                                   ?[90m# org.example.stepsdefinition.demoBlazeStepDefinition.completoElFormulario(io.cucumber.datatable.DataTable)?[0m
    | Name  | Country | City | Creditcard       | Month | Year |
    | Aaron | PERU    | LIMA | 4199651567347524 | 02    | 2024 |
15:22:38.912 [Forwarding getCurrentWindowHandle on session e66592ae6358f7f0d393909f22180203 to remote] DEBUG org.asynchttpclient.netty.request.NettyRequestSender - Using pooled Channel '[id: 0xe2458fda, L:/127.0.0.1:56492 - R:localhost/127.0.0.1:44337]' for 'GET' to 'http://localhost:44337/session/e66592ae6358f7f0d393909f22180203/window'
15:22:38.912 [Forwarding getCurrentWindowHandle on session e66592ae6358f7f0d393909f22180203 to remote] DEBUG org.asynchttpclient.netty.request.NettyRequestSender - Using open Channel [id: 0xe2458fda, L:/127.0.0.1:56492 - R:localhost/127.0.0.1:44337] for GET '/session/e66592ae6358f7f0d393909f22180203/window'
15:22:38.913 [AsyncHttpClient-1-2] DEBUG org.asynchttpclient.netty.handler.HttpHandler - 

Request DefaultFullHttpRequest(decodeResult: success, version: HTTP/1.1, content: EmptyByteBufBE)
GET /session/e66592ae6358f7f0d393909f22180203/window HTTP/1.1
User-Agent: selenium/4.6.0 (java windows)
Cache-Control: no-cache
Content-Type: application/json; charset=utf-8
host: localhost:44337
accept: */*

Response DefaultHttpResponse(decodeResult: success, version: HTTP/1.1)
HTTP/1.1 200 OK
Content-Type: application/json; charset=utf-8
cache-control: no-cache
content-length: 44

15:22:38.913 [AsyncHttpClient-1-2] DEBUG org.asynchttpclient.netty.channel.ChannelManager - Adding key: http://localhost:44337 for channel [id: 0xe2458fda, L:/127.0.0.1:56492 - R:localhost/127.0.0.1:44337]
15:22:38.920 [Forwarding getAlertText on session e66592ae6358f7f0d393909f22180203 to remote] DEBUG org.asynchttpclient.netty.request.NettyRequestSender - Using pooled Channel '[id: 0xe2458fda, L:/127.0.0.1:56492 - R:localhost/127.0.0.1:44337]' for 'GET' to 'http://localhost:44337/session/e66592ae6358f7f0d393909f22180203/alert/text'
15:22:38.920 [Forwarding getAlertText on session e66592ae6358f7f0d393909f22180203 to remote] DEBUG org.asynchttpclient.netty.request.NettyRequestSender - Using open Channel [id: 0xe2458fda, L:/127.0.0.1:56492 - R:localhost/127.0.0.1:44337] for GET '/session/e66592ae6358f7f0d393909f22180203/alert/text'
15:22:38.922 [AsyncHttpClient-1-2] DEBUG org.asynchttpclient.netty.handler.HttpHandler - 

Request DefaultFullHttpRequest(decodeResult: success, version: HTTP/1.1, content: EmptyByteBufBE)
GET /session/e66592ae6358f7f0d393909f22180203/alert/text HTTP/1.1
User-Agent: selenium/4.6.0 (java windows)
Cache-Control: no-cache
Content-Type: application/json; charset=utf-8
host: localhost:44337
accept: */*

Response DefaultHttpResponse(decodeResult: success, version: HTTP/1.1)
HTTP/1.1 404 Not Found
Content-Type: application/json; charset=utf-8
cache-control: no-cache
content-length: 848

15:22:38.922 [AsyncHttpClient-1-2] DEBUG org.asynchttpclient.netty.channel.ChannelManager - Adding key: http://localhost:44337 for channel [id: 0xe2458fda, L:/127.0.0.1:56492 - R:localhost/127.0.0.1:44337]
15:22:38.929 [Forwarding switchToWindow on session e66592ae6358f7f0d393909f22180203 to remote] DEBUG org.asynchttpclient.netty.request.NettyRequestSender - Using pooled Channel '[id: 0xe2458fda, L:/127.0.0.1:56492 - R:localhost/127.0.0.1:44337]' for 'POST' to 'http://localhost:44337/session/e66592ae6358f7f0d393909f22180203/window'
15:22:38.929 [Forwarding switchToWindow on session e66592ae6358f7f0d393909f22180203 to remote] DEBUG org.asynchttpclient.netty.request.NettyRequestSender - Using open Channel [id: 0xe2458fda, L:/127.0.0.1:56492 - R:localhost/127.0.0.1:44337] for POST '/session/e66592ae6358f7f0d393909f22180203/window'
15:22:38.931 [AsyncHttpClient-1-2] DEBUG org.asynchttpclient.netty.handler.HttpHandler - 

Request DefaultHttpRequest(decodeResult: success, version: HTTP/1.1)
POST /session/e66592ae6358f7f0d393909f22180203/window HTTP/1.1
User-Agent: selenium/4.6.0 (java windows)
Content-Length: 50
Content-Type: application/json; charset=utf-8
host: localhost:44337
accept: */*

Response DefaultHttpResponse(decodeResult: success, version: HTTP/1.1)
HTTP/1.1 200 OK
Content-Type: application/json; charset=utf-8
cache-control: no-cache
content-length: 14

15:22:38.931 [AsyncHttpClient-1-2] DEBUG org.asynchttpclient.netty.channel.ChannelManager - Adding key: http://localhost:44337 for channel [id: 0xe2458fda, L:/127.0.0.1:56492 - R:localhost/127.0.0.1:44337]
15:22:38.932 [Forwarding getCurrentUrl on session e66592ae6358f7f0d393909f22180203 to remote] DEBUG org.asynchttpclient.netty.request.NettyRequestSender - Using pooled Channel '[id: 0xe2458fda, L:/127.0.0.1:56492 - R:localhost/127.0.0.1:44337]' for 'GET' to 'http://localhost:44337/session/e66592ae6358f7f0d393909f22180203/url'
15:22:38.932 [Forwarding getCurrentUrl on session e66592ae6358f7f0d393909f22180203 to remote] DEBUG org.asynchttpclient.netty.request.NettyRequestSender - Using open Channel [id: 0xe2458fda, L:/127.0.0.1:56492 - R:localhost/127.0.0.1:44337] for GET '/session/e66592ae6358f7f0d393909f22180203/url'
15:22:38.938 [AsyncHttpClient-1-2] DEBUG org.asynchttpclient.netty.handler.HttpHandler - 

Request DefaultFullHttpRequest(decodeResult: success, version: HTTP/1.1, content: EmptyByteBufBE)
GET /session/e66592ae6358f7f0d393909f22180203/url HTTP/1.1
User-Agent: selenium/4.6.0 (java windows)
Cache-Control: no-cache
Content-Type: application/json; charset=utf-8
host: localhost:44337
accept: */*

Response DefaultHttpResponse(decodeResult: success, version: HTTP/1.1)
HTTP/1.1 200 OK
Content-Type: application/json; charset=utf-8
cache-control: no-cache
content-length: 47

15:22:38.938 [AsyncHttpClient-1-2] DEBUG org.asynchttpclient.netty.channel.ChannelManager - Adding key: http://localhost:44337 for channel [id: 0xe2458fda, L:/127.0.0.1:56492 - R:localhost/127.0.0.1:44337]
15:22:38.939 [Forwarding screenshot on session e66592ae6358f7f0d393909f22180203 to remote] DEBUG org.asynchttpclient.netty.request.NettyRequestSender - Using pooled Channel '[id: 0xe2458fda, L:/127.0.0.1:56492 - R:localhost/127.0.0.1:44337]' for 'GET' to 'http://localhost:44337/session/e66592ae6358f7f0d393909f22180203/screenshot'
15:22:38.939 [Forwarding screenshot on session e66592ae6358f7f0d393909f22180203 to remote] DEBUG org.asynchttpclient.netty.request.NettyRequestSender - Using open Channel [id: 0xe2458fda, L:/127.0.0.1:56492 - R:localhost/127.0.0.1:44337] for GET '/session/e66592ae6358f7f0d393909f22180203/screenshot'
15:22:39.132 [AsyncHttpClient-1-2] DEBUG org.asynchttpclient.netty.handler.HttpHandler - 

Request DefaultFullHttpRequest(decodeResult: success, version: HTTP/1.1, content: EmptyByteBufBE)
GET /session/e66592ae6358f7f0d393909f22180203/screenshot HTTP/1.1
User-Agent: selenium/4.6.0 (java windows)
Cache-Control: no-cache
Content-Type: application/json; charset=utf-8
host: localhost:44337
accept: */*

Response DefaultHttpResponse(decodeResult: success, version: HTTP/1.1)
HTTP/1.1 200 OK
Content-Type: application/json; charset=utf-8
cache-control: no-cache
content-length: 272092

15:22:39.132 [AsyncHttpClient-1-2] DEBUG org.asynchttpclient.netty.channel.ChannelManager - Adding key: http://localhost:44337 for channel [id: 0xe2458fda, L:/127.0.0.1:56492 - R:localhost/127.0.0.1:44337]
15:22:39.137 [Test worker] DEBUG net.serenitybdd.core.photography.Darkroom - Send negative for processing for C:\Users\Usuario\Documents\retoAutomatizacion\e2e\RetoDemoBlaze\target\site\serenity\b317846b68ac31a6daadced1462d238e6acd77204712a8c23d78f9adcd15c356.png
15:22:39.138 [Darkroom Processing Line] DEBUG net.serenitybdd.core.photography.DarkroomProcessingLine - Processing screenshot image in /var/screenshots/screenshot-11404723983241848694
15:22:39.138 [Darkroom Processing Line] DEBUG net.serenitybdd.core.photography.DarkroomProcessingLine - Saving screenshot to C:\Users\Usuario\Documents\retoAutomatizacion\e2e\RetoDemoBlaze\target\site\serenity\b317846b68ac31a6daadced1462d238e6acd77204712a8c23d78f9adcd15c356.png
15:22:39.148 [Forwarding getPageSource on session e66592ae6358f7f0d393909f22180203 to remote] DEBUG org.asynchttpclient.netty.request.NettyRequestSender - Using pooled Channel '[id: 0xe2458fda, L:/127.0.0.1:56492 - R:localhost/127.0.0.1:44337]' for 'POST' to 'http://localhost:44337/session/e66592ae6358f7f0d393909f22180203/execute/sync'
15:22:39.148 [Forwarding getPageSource on session e66592ae6358f7f0d393909f22180203 to remote] DEBUG org.asynchttpclient.netty.request.NettyRequestSender - Using open Channel [id: 0xe2458fda, L:/127.0.0.1:56492 - R:localhost/127.0.0.1:44337] for POST '/session/e66592ae6358f7f0d393909f22180203/execute/sync'
15:22:39.157 [AsyncHttpClient-1-2] DEBUG org.asynchttpclient.netty.handler.HttpHandler - 

Request DefaultHttpRequest(decodeResult: success, version: HTTP/1.1)
POST /session/e66592ae6358f7f0d393909f22180203/execute/sync HTTP/1.1
User-Agent: selenium/4.6.0 (java windows)
Content-Length: 176
Content-Type: application/json; charset=utf-8
host: localhost:44337
accept: */*

Response DefaultHttpResponse(decodeResult: success, version: HTTP/1.1)
HTTP/1.1 200 OK
Content-Type: application/json; charset=utf-8
cache-control: no-cache
content-length: 60685

15:22:39.158 [AsyncHttpClient-1-2] DEBUG org.asynchttpclient.netty.channel.ChannelManager - Adding key: http://localhost:44337 for channel [id: 0xe2458fda, L:/127.0.0.1:56492 - R:localhost/127.0.0.1:44337]
15:22:39.163 [Forwarding getCurrentUrl on session e66592ae6358f7f0d393909f22180203 to remote] DEBUG org.asynchttpclient.netty.request.NettyRequestSender - Using pooled Channel '[id: 0xe2458fda, L:/127.0.0.1:56492 - R:localhost/127.0.0.1:44337]' for 'GET' to 'http://localhost:44337/session/e66592ae6358f7f0d393909f22180203/url'
15:22:39.163 [Forwarding getCurrentUrl on session e66592ae6358f7f0d393909f22180203 to remote] DEBUG org.asynchttpclient.netty.request.NettyRequestSender - Using open Channel [id: 0xe2458fda, L:/127.0.0.1:56492 - R:localhost/127.0.0.1:44337] for GET '/session/e66592ae6358f7f0d393909f22180203/url'
15:22:39.167 [AsyncHttpClient-1-2] DEBUG org.asynchttpclient.netty.handler.HttpHandler - 

Request DefaultFullHttpRequest(decodeResult: success, version: HTTP/1.1, content: EmptyByteBufBE)
GET /session/e66592ae6358f7f0d393909f22180203/url HTTP/1.1
User-Agent: selenium/4.6.0 (java windows)
Cache-Control: no-cache
Content-Type: application/json; charset=utf-8
host: localhost:44337
accept: */*

Response DefaultHttpResponse(decodeResult: success, version: HTTP/1.1)
HTTP/1.1 200 OK
Content-Type: application/json; charset=utf-8
cache-control: no-cache
content-length: 47

15:22:39.168 [AsyncHttpClient-1-2] DEBUG org.asynchttpclient.netty.channel.ChannelManager - Adding key: http://localhost:44337 for channel [id: 0xe2458fda, L:/127.0.0.1:56492 - R:localhost/127.0.0.1:44337]
15:22:39.205 [Forwarding getCurrentWindowHandle on session e66592ae6358f7f0d393909f22180203 to remote] DEBUG org.asynchttpclient.netty.request.NettyRequestSender - Using pooled Channel '[id: 0xe2458fda, L:/127.0.0.1:56492 - R:localhost/127.0.0.1:44337]' for 'GET' to 'http://localhost:44337/session/e66592ae6358f7f0d393909f22180203/window'
15:22:39.205 [Forwarding getCurrentWindowHandle on session e66592ae6358f7f0d393909f22180203 to remote] DEBUG org.asynchttpclient.netty.request.NettyRequestSender - Using open Channel [id: 0xe2458fda, L:/127.0.0.1:56492 - R:localhost/127.0.0.1:44337] for GET '/session/e66592ae6358f7f0d393909f22180203/window'
15:22:39.206 [AsyncHttpClient-1-2] DEBUG org.asynchttpclient.netty.handler.HttpHandler - 

Request DefaultFullHttpRequest(decodeResult: success, version: HTTP/1.1, content: EmptyByteBufBE)
GET /session/e66592ae6358f7f0d393909f22180203/window HTTP/1.1
User-Agent: selenium/4.6.0 (java windows)
Cache-Control: no-cache
Content-Type: application/json; charset=utf-8
host: localhost:44337
accept: */*

Response DefaultHttpResponse(decodeResult: success, version: HTTP/1.1)
HTTP/1.1 200 OK
Content-Type: application/json; charset=utf-8
cache-control: no-cache
content-length: 44

15:22:39.206 [AsyncHttpClient-1-2] DEBUG org.asynchttpclient.netty.channel.ChannelManager - Adding key: http://localhost:44337 for channel [id: 0xe2458fda, L:/127.0.0.1:56492 - R:localhost/127.0.0.1:44337]
15:22:39.213 [Forwarding getAlertText on session e66592ae6358f7f0d393909f22180203 to remote] DEBUG org.asynchttpclient.netty.request.NettyRequestSender - Using pooled Channel '[id: 0xe2458fda, L:/127.0.0.1:56492 - R:localhost/127.0.0.1:44337]' for 'GET' to 'http://localhost:44337/session/e66592ae6358f7f0d393909f22180203/alert/text'
15:22:39.213 [Forwarding getAlertText on session e66592ae6358f7f0d393909f22180203 to remote] DEBUG org.asynchttpclient.netty.request.NettyRequestSender - Using open Channel [id: 0xe2458fda, L:/127.0.0.1:56492 - R:localhost/127.0.0.1:44337] for GET '/session/e66592ae6358f7f0d393909f22180203/alert/text'
15:22:39.214 [AsyncHttpClient-1-2] DEBUG org.asynchttpclient.netty.handler.HttpHandler - 

Request DefaultFullHttpRequest(decodeResult: success, version: HTTP/1.1, content: EmptyByteBufBE)
GET /session/e66592ae6358f7f0d393909f22180203/alert/text HTTP/1.1
User-Agent: selenium/4.6.0 (java windows)
Cache-Control: no-cache
Content-Type: application/json; charset=utf-8
host: localhost:44337
accept: */*

Response DefaultHttpResponse(decodeResult: success, version: HTTP/1.1)
HTTP/1.1 404 Not Found
Content-Type: application/json; charset=utf-8
cache-control: no-cache
content-length: 848

15:22:39.214 [AsyncHttpClient-1-2] DEBUG org.asynchttpclient.netty.channel.ChannelManager - Adding key: http://localhost:44337 for channel [id: 0xe2458fda, L:/127.0.0.1:56492 - R:localhost/127.0.0.1:44337]
15:22:39.222 [Forwarding switchToWindow on session e66592ae6358f7f0d393909f22180203 to remote] DEBUG org.asynchttpclient.netty.request.NettyRequestSender - Using pooled Channel '[id: 0xe2458fda, L:/127.0.0.1:56492 - R:localhost/127.0.0.1:44337]' for 'POST' to 'http://localhost:44337/session/e66592ae6358f7f0d393909f22180203/window'
15:22:39.222 [Forwarding switchToWindow on session e66592ae6358f7f0d393909f22180203 to remote] DEBUG org.asynchttpclient.netty.request.NettyRequestSender - Using open Channel [id: 0xe2458fda, L:/127.0.0.1:56492 - R:localhost/127.0.0.1:44337] for POST '/session/e66592ae6358f7f0d393909f22180203/window'
15:22:39.223 [AsyncHttpClient-1-2] DEBUG org.asynchttpclient.netty.handler.HttpHandler - 

Request DefaultHttpRequest(decodeResult: success, version: HTTP/1.1)
POST /session/e66592ae6358f7f0d393909f22180203/window HTTP/1.1
User-Agent: selenium/4.6.0 (java windows)
Content-Length: 50
Content-Type: application/json; charset=utf-8
host: localhost:44337
accept: */*

Response DefaultHttpResponse(decodeResult: success, version: HTTP/1.1)
HTTP/1.1 200 OK
Content-Type: application/json; charset=utf-8
cache-control: no-cache
content-length: 14

15:22:39.223 [AsyncHttpClient-1-2] DEBUG org.asynchttpclient.netty.channel.ChannelManager - Adding key: http://localhost:44337 for channel [id: 0xe2458fda, L:/127.0.0.1:56492 - R:localhost/127.0.0.1:44337]
15:22:39.224 [Forwarding getCurrentUrl on session e66592ae6358f7f0d393909f22180203 to remote] DEBUG org.asynchttpclient.netty.request.NettyRequestSender - Using pooled Channel '[id: 0xe2458fda, L:/127.0.0.1:56492 - R:localhost/127.0.0.1:44337]' for 'GET' to 'http://localhost:44337/session/e66592ae6358f7f0d393909f22180203/url'
15:22:39.224 [Forwarding getCurrentUrl on session e66592ae6358f7f0d393909f22180203 to remote] DEBUG org.asynchttpclient.netty.request.NettyRequestSender - Using open Channel [id: 0xe2458fda, L:/127.0.0.1:56492 - R:localhost/127.0.0.1:44337] for GET '/session/e66592ae6358f7f0d393909f22180203/url'
15:22:39.229 [AsyncHttpClient-1-2] DEBUG org.asynchttpclient.netty.handler.HttpHandler - 

Request DefaultFullHttpRequest(decodeResult: success, version: HTTP/1.1, content: EmptyByteBufBE)
GET /session/e66592ae6358f7f0d393909f22180203/url HTTP/1.1
User-Agent: selenium/4.6.0 (java windows)
Cache-Control: no-cache
Content-Type: application/json; charset=utf-8
host: localhost:44337
accept: */*

Response DefaultHttpResponse(decodeResult: success, version: HTTP/1.1)
HTTP/1.1 200 OK
Content-Type: application/json; charset=utf-8
cache-control: no-cache
content-length: 47

15:22:39.229 [AsyncHttpClient-1-2] DEBUG org.asynchttpclient.netty.channel.ChannelManager - Adding key: http://localhost:44337 for channel [id: 0xe2458fda, L:/127.0.0.1:56492 - R:localhost/127.0.0.1:44337]
15:22:39.230 [Forwarding screenshot on session e66592ae6358f7f0d393909f22180203 to remote] DEBUG org.asynchttpclient.netty.request.NettyRequestSender - Using pooled Channel '[id: 0xe2458fda, L:/127.0.0.1:56492 - R:localhost/127.0.0.1:44337]' for 'GET' to 'http://localhost:44337/session/e66592ae6358f7f0d393909f22180203/screenshot'
15:22:39.230 [Forwarding screenshot on session e66592ae6358f7f0d393909f22180203 to remote] DEBUG org.asynchttpclient.netty.request.NettyRequestSender - Using open Channel [id: 0xe2458fda, L:/127.0.0.1:56492 - R:localhost/127.0.0.1:44337] for GET '/session/e66592ae6358f7f0d393909f22180203/screenshot'
15:22:39.241 [AsyncHttpClient-1-1] DEBUG org.asynchttpclient.netty.channel.DefaultChannelPool - Entry count for : http://localhost:56493 : 1
15:22:39.241 [AsyncHttpClient-1-1] DEBUG org.asynchttpclient.netty.channel.DefaultChannelPool - Adding Candidate expired Channel [id: 0xda10b57c, L:/127.0.0.1:56499 - R:localhost/127.0.0.1:56493] isIdleTimeoutExpired=true isRemotelyClosed=false isTtlExpired=false
15:22:39.241 [AsyncHttpClient-1-1] DEBUG org.asynchttpclient.netty.channel.DefaultChannelPool - Closing Idle Channel [id: 0xda10b57c, L:/127.0.0.1:56499 - R:localhost/127.0.0.1:56493]
15:22:39.242 [AsyncHttpClient-1-1] DEBUG org.asynchttpclient.netty.channel.DefaultChannelPool - Closed 1 connections out of 1 in 1 ms
15:22:39.245 [AsyncHttpClient-1-3] DEBUG org.asynchttpclient.netty.handler.HttpHandler - Channel Closed: [id: 0xda10b57c, L:/127.0.0.1:56499 ! R:localhost/127.0.0.1:56493] with attribute DISCARD
15:22:39.417 [AsyncHttpClient-1-2] DEBUG org.asynchttpclient.netty.handler.HttpHandler - 

Request DefaultFullHttpRequest(decodeResult: success, version: HTTP/1.1, content: EmptyByteBufBE)
GET /session/e66592ae6358f7f0d393909f22180203/screenshot HTTP/1.1
User-Agent: selenium/4.6.0 (java windows)
Cache-Control: no-cache
Content-Type: application/json; charset=utf-8
host: localhost:44337
accept: */*

Response DefaultHttpResponse(decodeResult: success, version: HTTP/1.1)
HTTP/1.1 200 OK
Content-Type: application/json; charset=utf-8
cache-control: no-cache
content-length: 272152

15:22:39.418 [AsyncHttpClient-1-2] DEBUG org.asynchttpclient.netty.channel.ChannelManager - Adding key: http://localhost:44337 for channel [id: 0xe2458fda, L:/127.0.0.1:56492 - R:localhost/127.0.0.1:44337]
15:22:39.422 [Test worker] DEBUG net.serenitybdd.core.photography.Darkroom - Send negative for processing for C:\Users\Usuario\Documents\retoAutomatizacion\e2e\RetoDemoBlaze\target\site\serenity\b720bd97bb6d75e02ee2b19e68bba664a81dbf3f941e02fd8fefe1e7b4d0ab18.png
15:22:39.422 [Darkroom Processing Line] DEBUG net.serenitybdd.core.photography.DarkroomProcessingLine - Processing screenshot image in /var/screenshots/screenshot-168752802067882424
15:22:39.423 [Darkroom Processing Line] DEBUG net.serenitybdd.core.photography.DarkroomProcessingLine - Saving screenshot to C:\Users\Usuario\Documents\retoAutomatizacion\e2e\RetoDemoBlaze\target\site\serenity\b720bd97bb6d75e02ee2b19e68bba664a81dbf3f941e02fd8fefe1e7b4d0ab18.png
15:22:39.430 [Forwarding getPageSource on session e66592ae6358f7f0d393909f22180203 to remote] DEBUG org.asynchttpclient.netty.request.NettyRequestSender - Using pooled Channel '[id: 0xe2458fda, L:/127.0.0.1:56492 - R:localhost/127.0.0.1:44337]' for 'POST' to 'http://localhost:44337/session/e66592ae6358f7f0d393909f22180203/execute/sync'
15:22:39.430 [Forwarding getPageSource on session e66592ae6358f7f0d393909f22180203 to remote] DEBUG org.asynchttpclient.netty.request.NettyRequestSender - Using open Channel [id: 0xe2458fda, L:/127.0.0.1:56492 - R:localhost/127.0.0.1:44337] for POST '/session/e66592ae6358f7f0d393909f22180203/execute/sync'
15:22:39.439 [AsyncHttpClient-1-2] DEBUG org.asynchttpclient.netty.handler.HttpHandler - 

Request DefaultHttpRequest(decodeResult: success, version: HTTP/1.1)
POST /session/e66592ae6358f7f0d393909f22180203/execute/sync HTTP/1.1
User-Agent: selenium/4.6.0 (java windows)
Content-Length: 176
Content-Type: application/json; charset=utf-8
host: localhost:44337
accept: */*

Response DefaultHttpResponse(decodeResult: success, version: HTTP/1.1)
HTTP/1.1 200 OK
Content-Type: application/json; charset=utf-8
cache-control: no-cache
content-length: 60685

15:22:39.439 [AsyncHttpClient-1-2] DEBUG org.asynchttpclient.netty.channel.ChannelManager - Adding key: http://localhost:44337 for channel [id: 0xe2458fda, L:/127.0.0.1:56492 - R:localhost/127.0.0.1:44337]
15:22:39.443 [Forwarding getCurrentUrl on session e66592ae6358f7f0d393909f22180203 to remote] DEBUG org.asynchttpclient.netty.request.NettyRequestSender - Using pooled Channel '[id: 0xe2458fda, L:/127.0.0.1:56492 - R:localhost/127.0.0.1:44337]' for 'GET' to 'http://localhost:44337/session/e66592ae6358f7f0d393909f22180203/url'
15:22:39.443 [Forwarding getCurrentUrl on session e66592ae6358f7f0d393909f22180203 to remote] DEBUG org.asynchttpclient.netty.request.NettyRequestSender - Using open Channel [id: 0xe2458fda, L:/127.0.0.1:56492 - R:localhost/127.0.0.1:44337] for GET '/session/e66592ae6358f7f0d393909f22180203/url'
15:22:39.450 [AsyncHttpClient-1-2] DEBUG org.asynchttpclient.netty.handler.HttpHandler - 

Request DefaultFullHttpRequest(decodeResult: success, version: HTTP/1.1, content: EmptyByteBufBE)
GET /session/e66592ae6358f7f0d393909f22180203/url HTTP/1.1
User-Agent: selenium/4.6.0 (java windows)
Cache-Control: no-cache
Content-Type: application/json; charset=utf-8
host: localhost:44337
accept: */*

Response DefaultHttpResponse(decodeResult: success, version: HTTP/1.1)
HTTP/1.1 200 OK
Content-Type: application/json; charset=utf-8
cache-control: no-cache
content-length: 47

15:22:39.450 [AsyncHttpClient-1-2] DEBUG org.asynchttpclient.netty.channel.ChannelManager - Adding key: http://localhost:44337 for channel [id: 0xe2458fda, L:/127.0.0.1:56492 - R:localhost/127.0.0.1:44337]
15:22:39.454 [Test worker] DEBUG net.thucydides.core.steps.StepInterceptor - STARTING STEP: demoBlazeStepDefinition.validoQueLaCompraSeHayaRealizadoDeFormaSatisfactoria - performAs
15:22:39.477 [Test worker] DEBUG net.serenitybdd.screenplay.targets.IFrameSwitcher - default content already selected for okBtn
15:22:39.489 [Forwarding findElements on session e66592ae6358f7f0d393909f22180203 to remote] DEBUG org.asynchttpclient.netty.request.NettyRequestSender - Using pooled Channel '[id: 0xe2458fda, L:/127.0.0.1:56492 - R:localhost/127.0.0.1:44337]' for 'POST' to 'http://localhost:44337/session/e66592ae6358f7f0d393909f22180203/elements'
15:22:39.489 [Forwarding findElements on session e66592ae6358f7f0d393909f22180203 to remote] DEBUG org.asynchttpclient.netty.request.NettyRequestSender - Using open Channel [id: 0xe2458fda, L:/127.0.0.1:56492 - R:localhost/127.0.0.1:44337] for POST '/session/e66592ae6358f7f0d393909f22180203/elements'
15:22:39.501 [AsyncHttpClient-1-2] DEBUG org.asynchttpclient.netty.handler.HttpHandler - 

Request DefaultHttpRequest(decodeResult: success, version: HTTP/1.1)
POST /session/e66592ae6358f7f0d393909f22180203/elements HTTP/1.1
User-Agent: selenium/4.6.0 (java windows)
Content-Length: 103
Content-Type: application/json; charset=utf-8
host: localhost:44337
accept: */*

Response DefaultHttpResponse(decodeResult: success, version: HTTP/1.1)
HTTP/1.1 200 OK
Content-Type: application/json; charset=utf-8
cache-control: no-cache
content-length: 98

15:22:39.501 [AsyncHttpClient-1-2] DEBUG org.asynchttpclient.netty.channel.ChannelManager - Adding key: http://localhost:44337 for channel [id: 0xe2458fda, L:/127.0.0.1:56492 - R:localhost/127.0.0.1:44337]
15:22:39.515 [Forwarding isElementDisplayed on session e66592ae6358f7f0d393909f22180203 to remote] DEBUG org.asynchttpclient.netty.request.NettyRequestSender - Using pooled Channel '[id: 0xe2458fda, L:/127.0.0.1:56492 - R:localhost/127.0.0.1:44337]' for 'POST' to 'http://localhost:44337/session/e66592ae6358f7f0d393909f22180203/execute/sync'
15:22:39.515 [Forwarding isElementDisplayed on session e66592ae6358f7f0d393909f22180203 to remote] DEBUG org.asynchttpclient.netty.request.NettyRequestSender - Using open Channel [id: 0xe2458fda, L:/127.0.0.1:56492 - R:localhost/127.0.0.1:44337] for POST '/session/e66592ae6358f7f0d393909f22180203/execute/sync'
15:22:39.525 [AsyncHttpClient-1-2] DEBUG org.asynchttpclient.netty.handler.HttpHandler - 

Request DefaultHttpRequest(decodeResult: success, version: HTTP/1.1)
POST /session/e66592ae6358f7f0d393909f22180203/execute/sync HTTP/1.1
User-Agent: selenium/4.6.0 (java windows)
Content-Length: 48788
Content-Type: application/json; charset=utf-8
host: localhost:44337
accept: */*

Response DefaultHttpResponse(decodeResult: success, version: HTTP/1.1)
HTTP/1.1 200 OK
Content-Type: application/json; charset=utf-8
cache-control: no-cache
content-length: 14

15:22:39.525 [AsyncHttpClient-1-2] DEBUG org.asynchttpclient.netty.channel.ChannelManager - Adding key: http://localhost:44337 for channel [id: 0xe2458fda, L:/127.0.0.1:56492 - R:localhost/127.0.0.1:44337]
15:22:39.527 [Forwarding isElementDisplayed on session e66592ae6358f7f0d393909f22180203 to remote] DEBUG org.asynchttpclient.netty.request.NettyRequestSender - Using pooled Channel '[id: 0xe2458fda, L:/127.0.0.1:56492 - R:localhost/127.0.0.1:44337]' for 'POST' to 'http://localhost:44337/session/e66592ae6358f7f0d393909f22180203/execute/sync'
15:22:39.527 [Forwarding isElementDisplayed on session e66592ae6358f7f0d393909f22180203 to remote] DEBUG org.asynchttpclient.netty.request.NettyRequestSender - Using open Channel [id: 0xe2458fda, L:/127.0.0.1:56492 - R:localhost/127.0.0.1:44337] for POST '/session/e66592ae6358f7f0d393909f22180203/execute/sync'
15:22:39.540 [AsyncHttpClient-1-2] DEBUG org.asynchttpclient.netty.handler.HttpHandler - 

Request DefaultHttpRequest(decodeResult: success, version: HTTP/1.1)
POST /session/e66592ae6358f7f0d393909f22180203/execute/sync HTTP/1.1
User-Agent: selenium/4.6.0 (java windows)
Content-Length: 48788
Content-Type: application/json; charset=utf-8
host: localhost:44337
accept: */*

Response DefaultHttpResponse(decodeResult: success, version: HTTP/1.1)
HTTP/1.1 200 OK
Content-Type: application/json; charset=utf-8
cache-control: no-cache
content-length: 14

15:22:39.540 [AsyncHttpClient-1-2] DEBUG org.asynchttpclient.netty.channel.ChannelManager - Adding key: http://localhost:44337 for channel [id: 0xe2458fda, L:/127.0.0.1:56492 - R:localhost/127.0.0.1:44337]
15:22:39.565 [Forwarding getCurrentWindowHandle on session e66592ae6358f7f0d393909f22180203 to remote] DEBUG org.asynchttpclient.netty.request.NettyRequestSender - Using pooled Channel '[id: 0xe2458fda, L:/127.0.0.1:56492 - R:localhost/127.0.0.1:44337]' for 'GET' to 'http://localhost:44337/session/e66592ae6358f7f0d393909f22180203/window'
15:22:39.565 [Forwarding getCurrentWindowHandle on session e66592ae6358f7f0d393909f22180203 to remote] DEBUG org.asynchttpclient.netty.request.NettyRequestSender - Using open Channel [id: 0xe2458fda, L:/127.0.0.1:56492 - R:localhost/127.0.0.1:44337] for GET '/session/e66592ae6358f7f0d393909f22180203/window'
15:22:39.566 [AsyncHttpClient-1-2] DEBUG org.asynchttpclient.netty.handler.HttpHandler - 

Request DefaultFullHttpRequest(decodeResult: success, version: HTTP/1.1, content: EmptyByteBufBE)
GET /session/e66592ae6358f7f0d393909f22180203/window HTTP/1.1
User-Agent: selenium/4.6.0 (java windows)
Cache-Control: no-cache
Content-Type: application/json; charset=utf-8
host: localhost:44337
accept: */*

Response DefaultHttpResponse(decodeResult: success, version: HTTP/1.1)
HTTP/1.1 200 OK
Content-Type: application/json; charset=utf-8
cache-control: no-cache
content-length: 44

15:22:39.566 [AsyncHttpClient-1-2] DEBUG org.asynchttpclient.netty.channel.ChannelManager - Adding key: http://localhost:44337 for channel [id: 0xe2458fda, L:/127.0.0.1:56492 - R:localhost/127.0.0.1:44337]
15:22:39.572 [Forwarding getAlertText on session e66592ae6358f7f0d393909f22180203 to remote] DEBUG org.asynchttpclient.netty.request.NettyRequestSender - Using pooled Channel '[id: 0xe2458fda, L:/127.0.0.1:56492 - R:localhost/127.0.0.1:44337]' for 'GET' to 'http://localhost:44337/session/e66592ae6358f7f0d393909f22180203/alert/text'
15:22:39.572 [Forwarding getAlertText on session e66592ae6358f7f0d393909f22180203 to remote] DEBUG org.asynchttpclient.netty.request.NettyRequestSender - Using open Channel [id: 0xe2458fda, L:/127.0.0.1:56492 - R:localhost/127.0.0.1:44337] for GET '/session/e66592ae6358f7f0d393909f22180203/alert/text'
15:22:39.574 [AsyncHttpClient-1-2] DEBUG org.asynchttpclient.netty.handler.HttpHandler - 

Request DefaultFullHttpRequest(decodeResult: success, version: HTTP/1.1, content: EmptyByteBufBE)
GET /session/e66592ae6358f7f0d393909f22180203/alert/text HTTP/1.1
User-Agent: selenium/4.6.0 (java windows)
Cache-Control: no-cache
Content-Type: application/json; charset=utf-8
host: localhost:44337
accept: */*

Response DefaultHttpResponse(decodeResult: success, version: HTTP/1.1)
HTTP/1.1 404 Not Found
Content-Type: application/json; charset=utf-8
cache-control: no-cache
content-length: 848

15:22:39.574 [AsyncHttpClient-1-2] DEBUG org.asynchttpclient.netty.channel.ChannelManager - Adding key: http://localhost:44337 for channel [id: 0xe2458fda, L:/127.0.0.1:56492 - R:localhost/127.0.0.1:44337]
15:22:39.580 [Forwarding switchToWindow on session e66592ae6358f7f0d393909f22180203 to remote] DEBUG org.asynchttpclient.netty.request.NettyRequestSender - Using pooled Channel '[id: 0xe2458fda, L:/127.0.0.1:56492 - R:localhost/127.0.0.1:44337]' for 'POST' to 'http://localhost:44337/session/e66592ae6358f7f0d393909f22180203/window'
15:22:39.580 [Forwarding switchToWindow on session e66592ae6358f7f0d393909f22180203 to remote] DEBUG org.asynchttpclient.netty.request.NettyRequestSender - Using open Channel [id: 0xe2458fda, L:/127.0.0.1:56492 - R:localhost/127.0.0.1:44337] for POST '/session/e66592ae6358f7f0d393909f22180203/window'
15:22:39.582 [AsyncHttpClient-1-2] DEBUG org.asynchttpclient.netty.handler.HttpHandler - 

Request DefaultHttpRequest(decodeResult: success, version: HTTP/1.1)
POST /session/e66592ae6358f7f0d393909f22180203/window HTTP/1.1
User-Agent: selenium/4.6.0 (java windows)
Content-Length: 50
Content-Type: application/json; charset=utf-8
host: localhost:44337
accept: */*

Response DefaultHttpResponse(decodeResult: success, version: HTTP/1.1)
HTTP/1.1 200 OK
Content-Type: application/json; charset=utf-8
cache-control: no-cache
content-length: 14

15:22:39.582 [AsyncHttpClient-1-2] DEBUG org.asynchttpclient.netty.channel.ChannelManager - Adding key: http://localhost:44337 for channel [id: 0xe2458fda, L:/127.0.0.1:56492 - R:localhost/127.0.0.1:44337]
15:22:39.583 [Forwarding getCurrentUrl on session e66592ae6358f7f0d393909f22180203 to remote] DEBUG org.asynchttpclient.netty.request.NettyRequestSender - Using pooled Channel '[id: 0xe2458fda, L:/127.0.0.1:56492 - R:localhost/127.0.0.1:44337]' for 'GET' to 'http://localhost:44337/session/e66592ae6358f7f0d393909f22180203/url'
15:22:39.583 [Forwarding getCurrentUrl on session e66592ae6358f7f0d393909f22180203 to remote] DEBUG org.asynchttpclient.netty.request.NettyRequestSender - Using open Channel [id: 0xe2458fda, L:/127.0.0.1:56492 - R:localhost/127.0.0.1:44337] for GET '/session/e66592ae6358f7f0d393909f22180203/url'
15:22:39.587 [AsyncHttpClient-1-2] DEBUG org.asynchttpclient.netty.handler.HttpHandler - 

Request DefaultFullHttpRequest(decodeResult: success, version: HTTP/1.1, content: EmptyByteBufBE)
GET /session/e66592ae6358f7f0d393909f22180203/url HTTP/1.1
User-Agent: selenium/4.6.0 (java windows)
Cache-Control: no-cache
Content-Type: application/json; charset=utf-8
host: localhost:44337
accept: */*

Response DefaultHttpResponse(decodeResult: success, version: HTTP/1.1)
HTTP/1.1 200 OK
Content-Type: application/json; charset=utf-8
cache-control: no-cache
content-length: 47

15:22:39.587 [AsyncHttpClient-1-2] DEBUG org.asynchttpclient.netty.channel.ChannelManager - Adding key: http://localhost:44337 for channel [id: 0xe2458fda, L:/127.0.0.1:56492 - R:localhost/127.0.0.1:44337]
15:22:39.588 [Forwarding screenshot on session e66592ae6358f7f0d393909f22180203 to remote] DEBUG org.asynchttpclient.netty.request.NettyRequestSender - Using pooled Channel '[id: 0xe2458fda, L:/127.0.0.1:56492 - R:localhost/127.0.0.1:44337]' for 'GET' to 'http://localhost:44337/session/e66592ae6358f7f0d393909f22180203/screenshot'
15:22:39.588 [Forwarding screenshot on session e66592ae6358f7f0d393909f22180203 to remote] DEBUG org.asynchttpclient.netty.request.NettyRequestSender - Using open Channel [id: 0xe2458fda, L:/127.0.0.1:56492 - R:localhost/127.0.0.1:44337] for GET '/session/e66592ae6358f7f0d393909f22180203/screenshot'
15:22:39.722 [AsyncHttpClient-1-2] DEBUG org.asynchttpclient.netty.handler.HttpHandler - 

Request DefaultFullHttpRequest(decodeResult: success, version: HTTP/1.1, content: EmptyByteBufBE)
GET /session/e66592ae6358f7f0d393909f22180203/screenshot HTTP/1.1
User-Agent: selenium/4.6.0 (java windows)
Cache-Control: no-cache
Content-Type: application/json; charset=utf-8
host: localhost:44337
accept: */*

Response DefaultHttpResponse(decodeResult: success, version: HTTP/1.1)
HTTP/1.1 200 OK
Content-Type: application/json; charset=utf-8
cache-control: no-cache
content-length: 272152

15:22:39.722 [AsyncHttpClient-1-2] DEBUG org.asynchttpclient.netty.channel.ChannelManager - Adding key: http://localhost:44337 for channel [id: 0xe2458fda, L:/127.0.0.1:56492 - R:localhost/127.0.0.1:44337]
15:22:39.727 [Test worker] DEBUG net.serenitybdd.core.photography.Darkroom - Send negative for processing for C:\Users\Usuario\Documents\retoAutomatizacion\e2e\RetoDemoBlaze\target\site\serenity\b720bd97bb6d75e02ee2b19e68bba664a81dbf3f941e02fd8fefe1e7b4d0ab18.png
15:22:39.733 [Forwarding getPageSource on session e66592ae6358f7f0d393909f22180203 to remote] DEBUG org.asynchttpclient.netty.request.NettyRequestSender - Using pooled Channel '[id: 0xe2458fda, L:/127.0.0.1:56492 - R:localhost/127.0.0.1:44337]' for 'POST' to 'http://localhost:44337/session/e66592ae6358f7f0d393909f22180203/execute/sync'
15:22:39.733 [Forwarding getPageSource on session e66592ae6358f7f0d393909f22180203 to remote] DEBUG org.asynchttpclient.netty.request.NettyRequestSender - Using open Channel [id: 0xe2458fda, L:/127.0.0.1:56492 - R:localhost/127.0.0.1:44337] for POST '/session/e66592ae6358f7f0d393909f22180203/execute/sync'
15:22:39.743 [AsyncHttpClient-1-2] DEBUG org.asynchttpclient.netty.handler.HttpHandler - 

Request DefaultHttpRequest(decodeResult: success, version: HTTP/1.1)
POST /session/e66592ae6358f7f0d393909f22180203/execute/sync HTTP/1.1
User-Agent: selenium/4.6.0 (java windows)
Content-Length: 176
Content-Type: application/json; charset=utf-8
host: localhost:44337
accept: */*

Response DefaultHttpResponse(decodeResult: success, version: HTTP/1.1)
HTTP/1.1 200 OK
Content-Type: application/json; charset=utf-8
cache-control: no-cache
content-length: 60685

15:22:39.743 [AsyncHttpClient-1-2] DEBUG org.asynchttpclient.netty.channel.ChannelManager - Adding key: http://localhost:44337 for channel [id: 0xe2458fda, L:/127.0.0.1:56492 - R:localhost/127.0.0.1:44337]
15:22:39.747 [Forwarding getCurrentUrl on session e66592ae6358f7f0d393909f22180203 to remote] DEBUG org.asynchttpclient.netty.request.NettyRequestSender - Using pooled Channel '[id: 0xe2458fda, L:/127.0.0.1:56492 - R:localhost/127.0.0.1:44337]' for 'GET' to 'http://localhost:44337/session/e66592ae6358f7f0d393909f22180203/url'
15:22:39.747 [Forwarding getCurrentUrl on session e66592ae6358f7f0d393909f22180203 to remote] DEBUG org.asynchttpclient.netty.request.NettyRequestSender - Using open Channel [id: 0xe2458fda, L:/127.0.0.1:56492 - R:localhost/127.0.0.1:44337] for GET '/session/e66592ae6358f7f0d393909f22180203/url'
15:22:39.751 [AsyncHttpClient-1-2] DEBUG org.asynchttpclient.netty.handler.HttpHandler - 

Request DefaultFullHttpRequest(decodeResult: success, version: HTTP/1.1, content: EmptyByteBufBE)
GET /session/e66592ae6358f7f0d393909f22180203/url HTTP/1.1
User-Agent: selenium/4.6.0 (java windows)
Cache-Control: no-cache
Content-Type: application/json; charset=utf-8
host: localhost:44337
accept: */*

Response DefaultHttpResponse(decodeResult: success, version: HTTP/1.1)
HTTP/1.1 200 OK
Content-Type: application/json; charset=utf-8
cache-control: no-cache
content-length: 47

15:22:39.752 [AsyncHttpClient-1-2] DEBUG org.asynchttpclient.netty.channel.ChannelManager - Adding key: http://localhost:44337 for channel [id: 0xe2458fda, L:/127.0.0.1:56492 - R:localhost/127.0.0.1:44337]
15:22:39.754 [Test worker] DEBUG net.thucydides.core.steps.StepInterceptor - STARTING STEP: ConfirmOrder.performAs - {0} clicks on #target
15:22:39.754 [Test worker] DEBUG net.serenitybdd.screenplay.targets.IFrameSwitcher - default content already selected for okBtn
15:22:39.806 [Forwarding findElement on session e66592ae6358f7f0d393909f22180203 to remote] DEBUG org.asynchttpclient.netty.request.NettyRequestSender - Using pooled Channel '[id: 0xe2458fda, L:/127.0.0.1:56492 - R:localhost/127.0.0.1:44337]' for 'POST' to 'http://localhost:44337/session/e66592ae6358f7f0d393909f22180203/element'
15:22:39.806 [Forwarding findElement on session e66592ae6358f7f0d393909f22180203 to remote] DEBUG org.asynchttpclient.netty.request.NettyRequestSender - Using open Channel [id: 0xe2458fda, L:/127.0.0.1:56492 - R:localhost/127.0.0.1:44337] for POST '/session/e66592ae6358f7f0d393909f22180203/element'
15:22:39.817 [AsyncHttpClient-1-2] DEBUG org.asynchttpclient.netty.handler.HttpHandler - 

Request DefaultHttpRequest(decodeResult: success, version: HTTP/1.1)
POST /session/e66592ae6358f7f0d393909f22180203/element HTTP/1.1
User-Agent: selenium/4.6.0 (java windows)
Content-Length: 103
Content-Type: application/json; charset=utf-8
host: localhost:44337
accept: */*

Response DefaultHttpResponse(decodeResult: success, version: HTTP/1.1)
HTTP/1.1 200 OK
Content-Type: application/json; charset=utf-8
cache-control: no-cache
content-length: 96

15:22:39.817 [AsyncHttpClient-1-2] DEBUG org.asynchttpclient.netty.channel.ChannelManager - Adding key: http://localhost:44337 for channel [id: 0xe2458fda, L:/127.0.0.1:56492 - R:localhost/127.0.0.1:44337]
15:22:39.824 [Forwarding isElementDisplayed on session e66592ae6358f7f0d393909f22180203 to remote] DEBUG org.asynchttpclient.netty.request.NettyRequestSender - Using pooled Channel '[id: 0xe2458fda, L:/127.0.0.1:56492 - R:localhost/127.0.0.1:44337]' for 'POST' to 'http://localhost:44337/session/e66592ae6358f7f0d393909f22180203/execute/sync'
15:22:39.824 [Forwarding isElementDisplayed on session e66592ae6358f7f0d393909f22180203 to remote] DEBUG org.asynchttpclient.netty.request.NettyRequestSender - Using open Channel [id: 0xe2458fda, L:/127.0.0.1:56492 - R:localhost/127.0.0.1:44337] for POST '/session/e66592ae6358f7f0d393909f22180203/execute/sync'
15:22:39.833 [AsyncHttpClient-1-2] DEBUG org.asynchttpclient.netty.handler.HttpHandler - 

Request DefaultHttpRequest(decodeResult: success, version: HTTP/1.1)
POST /session/e66592ae6358f7f0d393909f22180203/execute/sync HTTP/1.1
User-Agent: selenium/4.6.0 (java windows)
Content-Length: 48788
Content-Type: application/json; charset=utf-8
host: localhost:44337
accept: */*

Response DefaultHttpResponse(decodeResult: success, version: HTTP/1.1)
HTTP/1.1 200 OK
Content-Type: application/json; charset=utf-8
cache-control: no-cache
content-length: 14

15:22:39.833 [AsyncHttpClient-1-2] DEBUG org.asynchttpclient.netty.channel.ChannelManager - Adding key: http://localhost:44337 for channel [id: 0xe2458fda, L:/127.0.0.1:56492 - R:localhost/127.0.0.1:44337]
15:22:39.844 [Forwarding findElement on session e66592ae6358f7f0d393909f22180203 to remote] DEBUG org.asynchttpclient.netty.request.NettyRequestSender - Using pooled Channel '[id: 0xe2458fda, L:/127.0.0.1:56492 - R:localhost/127.0.0.1:44337]' for 'POST' to 'http://localhost:44337/session/e66592ae6358f7f0d393909f22180203/element'
15:22:39.844 [Forwarding findElement on session e66592ae6358f7f0d393909f22180203 to remote] DEBUG org.asynchttpclient.netty.request.NettyRequestSender - Using open Channel [id: 0xe2458fda, L:/127.0.0.1:56492 - R:localhost/127.0.0.1:44337] for POST '/session/e66592ae6358f7f0d393909f22180203/element'
15:22:39.849 [AsyncHttpClient-1-2] DEBUG org.asynchttpclient.netty.handler.HttpHandler - 

Request DefaultHttpRequest(decodeResult: success, version: HTTP/1.1)
POST /session/e66592ae6358f7f0d393909f22180203/element HTTP/1.1
User-Agent: selenium/4.6.0 (java windows)
Content-Length: 103
Content-Type: application/json; charset=utf-8
host: localhost:44337
accept: */*

Response DefaultHttpResponse(decodeResult: success, version: HTTP/1.1)
HTTP/1.1 200 OK
Content-Type: application/json; charset=utf-8
cache-control: no-cache
content-length: 96

15:22:39.849 [AsyncHttpClient-1-2] DEBUG org.asynchttpclient.netty.channel.ChannelManager - Adding key: http://localhost:44337 for channel [id: 0xe2458fda, L:/127.0.0.1:56492 - R:localhost/127.0.0.1:44337]
15:22:39.850 [Forwarding clickElement on session e66592ae6358f7f0d393909f22180203 to remote] DEBUG org.asynchttpclient.netty.request.NettyRequestSender - Using pooled Channel '[id: 0xe2458fda, L:/127.0.0.1:56492 - R:localhost/127.0.0.1:44337]' for 'POST' to 'http://localhost:44337/session/e66592ae6358f7f0d393909f22180203/element/66366C5DDB4B568690027E21B0FBE1F1_element_351/click'
15:22:39.850 [Forwarding clickElement on session e66592ae6358f7f0d393909f22180203 to remote] DEBUG org.asynchttpclient.netty.request.NettyRequestSender - Using open Channel [id: 0xe2458fda, L:/127.0.0.1:56492 - R:localhost/127.0.0.1:44337] for POST '/session/e66592ae6358f7f0d393909f22180203/element/66366C5DDB4B568690027E21B0FBE1F1_element_351/click'
15:22:41.234 [AsyncHttpClient-1-2] DEBUG org.asynchttpclient.netty.handler.HttpHandler - 

Request DefaultHttpRequest(decodeResult: success, version: HTTP/1.1)
POST /session/e66592ae6358f7f0d393909f22180203/element/66366C5DDB4B568690027E21B0FBE1F1_element_351/click HTTP/1.1
User-Agent: selenium/4.6.0 (java windows)
Content-Length: 58
Content-Type: application/json; charset=utf-8
host: localhost:44337
accept: */*

Response DefaultHttpResponse(decodeResult: success, version: HTTP/1.1)
HTTP/1.1 200 OK
Content-Type: application/json; charset=utf-8
cache-control: no-cache
content-length: 14

15:22:41.234 [AsyncHttpClient-1-2] DEBUG org.asynchttpclient.netty.channel.ChannelManager - Adding key: http://localhost:44337 for channel [id: 0xe2458fda, L:/127.0.0.1:56492 - R:localhost/127.0.0.1:44337]
15:22:41.264 [Forwarding getCurrentWindowHandle on session e66592ae6358f7f0d393909f22180203 to remote] DEBUG org.asynchttpclient.netty.request.NettyRequestSender - Using pooled Channel '[id: 0xe2458fda, L:/127.0.0.1:56492 - R:localhost/127.0.0.1:44337]' for 'GET' to 'http://localhost:44337/session/e66592ae6358f7f0d393909f22180203/window'
15:22:41.264 [Forwarding getCurrentWindowHandle on session e66592ae6358f7f0d393909f22180203 to remote] DEBUG org.asynchttpclient.netty.request.NettyRequestSender - Using open Channel [id: 0xe2458fda, L:/127.0.0.1:56492 - R:localhost/127.0.0.1:44337] for GET '/session/e66592ae6358f7f0d393909f22180203/window'
15:22:41.265 [AsyncHttpClient-1-2] DEBUG org.asynchttpclient.netty.handler.HttpHandler - 

Request DefaultFullHttpRequest(decodeResult: success, version: HTTP/1.1, content: EmptyByteBufBE)
GET /session/e66592ae6358f7f0d393909f22180203/window HTTP/1.1
User-Agent: selenium/4.6.0 (java windows)
Cache-Control: no-cache
Content-Type: application/json; charset=utf-8
host: localhost:44337
accept: */*

Response DefaultHttpResponse(decodeResult: success, version: HTTP/1.1)
HTTP/1.1 200 OK
Content-Type: application/json; charset=utf-8
cache-control: no-cache
content-length: 44

15:22:41.265 [AsyncHttpClient-1-2] DEBUG org.asynchttpclient.netty.channel.ChannelManager - Adding key: http://localhost:44337 for channel [id: 0xe2458fda, L:/127.0.0.1:56492 - R:localhost/127.0.0.1:44337]
15:22:41.276 [Forwarding getAlertText on session e66592ae6358f7f0d393909f22180203 to remote] DEBUG org.asynchttpclient.netty.request.NettyRequestSender - Using pooled Channel '[id: 0xe2458fda, L:/127.0.0.1:56492 - R:localhost/127.0.0.1:44337]' for 'GET' to 'http://localhost:44337/session/e66592ae6358f7f0d393909f22180203/alert/text'
15:22:41.276 [Forwarding getAlertText on session e66592ae6358f7f0d393909f22180203 to remote] DEBUG org.asynchttpclient.netty.request.NettyRequestSender - Using open Channel [id: 0xe2458fda, L:/127.0.0.1:56492 - R:localhost/127.0.0.1:44337] for GET '/session/e66592ae6358f7f0d393909f22180203/alert/text'
15:22:41.278 [AsyncHttpClient-1-2] DEBUG org.asynchttpclient.netty.handler.HttpHandler - 

Request DefaultFullHttpRequest(decodeResult: success, version: HTTP/1.1, content: EmptyByteBufBE)
GET /session/e66592ae6358f7f0d393909f22180203/alert/text HTTP/1.1
User-Agent: selenium/4.6.0 (java windows)
Cache-Control: no-cache
Content-Type: application/json; charset=utf-8
host: localhost:44337
accept: */*

Response DefaultHttpResponse(decodeResult: success, version: HTTP/1.1)
HTTP/1.1 404 Not Found
Content-Type: application/json; charset=utf-8
cache-control: no-cache
content-length: 848

15:22:41.278 [AsyncHttpClient-1-2] DEBUG org.asynchttpclient.netty.channel.ChannelManager - Adding key: http://localhost:44337 for channel [id: 0xe2458fda, L:/127.0.0.1:56492 - R:localhost/127.0.0.1:44337]
15:22:41.287 [Forwarding switchToWindow on session e66592ae6358f7f0d393909f22180203 to remote] DEBUG org.asynchttpclient.netty.request.NettyRequestSender - Using pooled Channel '[id: 0xe2458fda, L:/127.0.0.1:56492 - R:localhost/127.0.0.1:44337]' for 'POST' to 'http://localhost:44337/session/e66592ae6358f7f0d393909f22180203/window'
15:22:41.287 [Forwarding switchToWindow on session e66592ae6358f7f0d393909f22180203 to remote] DEBUG org.asynchttpclient.netty.request.NettyRequestSender - Using open Channel [id: 0xe2458fda, L:/127.0.0.1:56492 - R:localhost/127.0.0.1:44337] for POST '/session/e66592ae6358f7f0d393909f22180203/window'
15:22:41.290 [AsyncHttpClient-1-2] DEBUG org.asynchttpclient.netty.handler.HttpHandler - 

Request DefaultHttpRequest(decodeResult: success, version: HTTP/1.1)
POST /session/e66592ae6358f7f0d393909f22180203/window HTTP/1.1
User-Agent: selenium/4.6.0 (java windows)
Content-Length: 50
Content-Type: application/json; charset=utf-8
host: localhost:44337
accept: */*

Response DefaultHttpResponse(decodeResult: success, version: HTTP/1.1)
HTTP/1.1 200 OK
Content-Type: application/json; charset=utf-8
cache-control: no-cache
content-length: 14

15:22:41.290 [AsyncHttpClient-1-2] DEBUG org.asynchttpclient.netty.channel.ChannelManager - Adding key: http://localhost:44337 for channel [id: 0xe2458fda, L:/127.0.0.1:56492 - R:localhost/127.0.0.1:44337]
15:22:41.290 [Forwarding getCurrentUrl on session e66592ae6358f7f0d393909f22180203 to remote] DEBUG org.asynchttpclient.netty.request.NettyRequestSender - Using pooled Channel '[id: 0xe2458fda, L:/127.0.0.1:56492 - R:localhost/127.0.0.1:44337]' for 'GET' to 'http://localhost:44337/session/e66592ae6358f7f0d393909f22180203/url'
15:22:41.291 [Forwarding getCurrentUrl on session e66592ae6358f7f0d393909f22180203 to remote] DEBUG org.asynchttpclient.netty.request.NettyRequestSender - Using open Channel [id: 0xe2458fda, L:/127.0.0.1:56492 - R:localhost/127.0.0.1:44337] for GET '/session/e66592ae6358f7f0d393909f22180203/url'
15:22:41.297 [AsyncHttpClient-1-2] DEBUG org.asynchttpclient.netty.handler.HttpHandler - 

Request DefaultFullHttpRequest(decodeResult: success, version: HTTP/1.1, content: EmptyByteBufBE)
GET /session/e66592ae6358f7f0d393909f22180203/url HTTP/1.1
User-Agent: selenium/4.6.0 (java windows)
Cache-Control: no-cache
Content-Type: application/json; charset=utf-8
host: localhost:44337
accept: */*

Response DefaultHttpResponse(decodeResult: success, version: HTTP/1.1)
HTTP/1.1 200 OK
Content-Type: application/json; charset=utf-8
cache-control: no-cache
content-length: 48

15:22:41.297 [AsyncHttpClient-1-2] DEBUG org.asynchttpclient.netty.channel.ChannelManager - Adding key: http://localhost:44337 for channel [id: 0xe2458fda, L:/127.0.0.1:56492 - R:localhost/127.0.0.1:44337]
15:22:41.297 [Forwarding screenshot on session e66592ae6358f7f0d393909f22180203 to remote] DEBUG org.asynchttpclient.netty.request.NettyRequestSender - Using pooled Channel '[id: 0xe2458fda, L:/127.0.0.1:56492 - R:localhost/127.0.0.1:44337]' for 'GET' to 'http://localhost:44337/session/e66592ae6358f7f0d393909f22180203/screenshot'
15:22:41.297 [Forwarding screenshot on session e66592ae6358f7f0d393909f22180203 to remote] DEBUG org.asynchttpclient.netty.request.NettyRequestSender - Using open Channel [id: 0xe2458fda, L:/127.0.0.1:56492 - R:localhost/127.0.0.1:44337] for GET '/session/e66592ae6358f7f0d393909f22180203/screenshot'
15:22:41.567 [AsyncHttpClient-1-2] DEBUG org.asynchttpclient.netty.handler.HttpHandler - 

Request DefaultFullHttpRequest(decodeResult: success, version: HTTP/1.1, content: EmptyByteBufBE)
GET /session/e66592ae6358f7f0d393909f22180203/screenshot HTTP/1.1
User-Agent: selenium/4.6.0 (java windows)
Cache-Control: no-cache
Content-Type: application/json; charset=utf-8
host: localhost:44337
accept: */*

Response DefaultHttpResponse(decodeResult: success, version: HTTP/1.1)
HTTP/1.1 200 OK
Content-Type: application/json; charset=utf-8
cache-control: no-cache
content-length: 654160

15:22:41.568 [AsyncHttpClient-1-2] DEBUG org.asynchttpclient.netty.channel.ChannelManager - Adding key: http://localhost:44337 for channel [id: 0xe2458fda, L:/127.0.0.1:56492 - R:localhost/127.0.0.1:44337]
15:22:41.583 [Test worker] DEBUG net.serenitybdd.core.photography.Darkroom - Send negative for processing for C:\Users\Usuario\Documents\retoAutomatizacion\e2e\RetoDemoBlaze\target\site\serenity\4412d49ce5b6b868e97726cad2cc9f6fe71299e8233aab1726cf3b4d57ece13b.png
15:22:41.583 [Test worker] DEBUG net.thucydides.core.steps.StepInterceptor - STEP DONE: {0} clicks on #target
15:22:41.600 [Test worker] DEBUG net.serenitybdd.screenplay.targets.IFrameSwitcher - default content already selected for CATEGORIES
15:22:41.606 [Forwarding findElements on session e66592ae6358f7f0d393909f22180203 to remote] DEBUG org.asynchttpclient.netty.request.NettyRequestSender - Using pooled Channel '[id: 0xe2458fda, L:/127.0.0.1:56492 - R:localhost/127.0.0.1:44337]' for 'POST' to 'http://localhost:44337/session/e66592ae6358f7f0d393909f22180203/elements'
15:22:41.606 [Forwarding findElements on session e66592ae6358f7f0d393909f22180203 to remote] DEBUG org.asynchttpclient.netty.request.NettyRequestSender - Using open Channel [id: 0xe2458fda, L:/127.0.0.1:56492 - R:localhost/127.0.0.1:44337] for POST '/session/e66592ae6358f7f0d393909f22180203/elements'
15:22:41.620 [AsyncHttpClient-1-2] DEBUG org.asynchttpclient.netty.handler.HttpHandler - 

Request DefaultHttpRequest(decodeResult: success, version: HTTP/1.1)
POST /session/e66592ae6358f7f0d393909f22180203/elements HTTP/1.1
User-Agent: selenium/4.6.0 (java windows)
Content-Length: 48
Content-Type: application/json; charset=utf-8
host: localhost:44337
accept: */*

Response DefaultHttpResponse(decodeResult: success, version: HTTP/1.1)
HTTP/1.1 200 OK
Content-Type: application/json; charset=utf-8
cache-control: no-cache
content-length: 98

15:22:41.620 [AsyncHttpClient-1-2] DEBUG org.asynchttpclient.netty.channel.ChannelManager - Adding key: http://localhost:44337 for channel [id: 0xe2458fda, L:/127.0.0.1:56492 - R:localhost/127.0.0.1:44337]
15:22:41.637 [Forwarding isElementDisplayed on session e66592ae6358f7f0d393909f22180203 to remote] DEBUG org.asynchttpclient.netty.request.NettyRequestSender - Using pooled Channel '[id: 0xe2458fda, L:/127.0.0.1:56492 - R:localhost/127.0.0.1:44337]' for 'POST' to 'http://localhost:44337/session/e66592ae6358f7f0d393909f22180203/execute/sync'
15:22:41.638 [Forwarding isElementDisplayed on session e66592ae6358f7f0d393909f22180203 to remote] DEBUG org.asynchttpclient.netty.request.NettyRequestSender - Using open Channel [id: 0xe2458fda, L:/127.0.0.1:56492 - R:localhost/127.0.0.1:44337] for POST '/session/e66592ae6358f7f0d393909f22180203/execute/sync'
15:22:41.645 [AsyncHttpClient-1-2] DEBUG org.asynchttpclient.netty.handler.HttpHandler - 

Request DefaultHttpRequest(decodeResult: success, version: HTTP/1.1)
POST /session/e66592ae6358f7f0d393909f22180203/execute/sync HTTP/1.1
User-Agent: selenium/4.6.0 (java windows)
Content-Length: 48788
Content-Type: application/json; charset=utf-8
host: localhost:44337
accept: */*

Response DefaultHttpResponse(decodeResult: success, version: HTTP/1.1)
HTTP/1.1 200 OK
Content-Type: application/json; charset=utf-8
cache-control: no-cache
content-length: 14

15:22:41.645 [AsyncHttpClient-1-2] DEBUG org.asynchttpclient.netty.channel.ChannelManager - Adding key: http://localhost:44337 for channel [id: 0xe2458fda, L:/127.0.0.1:56492 - R:localhost/127.0.0.1:44337]
15:22:41.647 [Forwarding isElementDisplayed on session e66592ae6358f7f0d393909f22180203 to remote] DEBUG org.asynchttpclient.netty.request.NettyRequestSender - Using pooled Channel '[id: 0xe2458fda, L:/127.0.0.1:56492 - R:localhost/127.0.0.1:44337]' for 'POST' to 'http://localhost:44337/session/e66592ae6358f7f0d393909f22180203/execute/sync'
15:22:41.647 [Forwarding isElementDisplayed on session e66592ae6358f7f0d393909f22180203 to remote] DEBUG org.asynchttpclient.netty.request.NettyRequestSender - Using open Channel [id: 0xe2458fda, L:/127.0.0.1:56492 - R:localhost/127.0.0.1:44337] for POST '/session/e66592ae6358f7f0d393909f22180203/execute/sync'
15:22:41.654 [AsyncHttpClient-1-2] DEBUG org.asynchttpclient.netty.handler.HttpHandler - 

Request DefaultHttpRequest(decodeResult: success, version: HTTP/1.1)
POST /session/e66592ae6358f7f0d393909f22180203/execute/sync HTTP/1.1
User-Agent: selenium/4.6.0 (java windows)
Content-Length: 48788
Content-Type: application/json; charset=utf-8
host: localhost:44337
accept: */*

Response DefaultHttpResponse(decodeResult: success, version: HTTP/1.1)
HTTP/1.1 200 OK
Content-Type: application/json; charset=utf-8
cache-control: no-cache
content-length: 14

15:22:41.654 [AsyncHttpClient-1-2] DEBUG org.asynchttpclient.netty.channel.ChannelManager - Adding key: http://localhost:44337 for channel [id: 0xe2458fda, L:/127.0.0.1:56492 - R:localhost/127.0.0.1:44337]
15:22:41.683 [Forwarding getCurrentWindowHandle on session e66592ae6358f7f0d393909f22180203 to remote] DEBUG org.asynchttpclient.netty.request.NettyRequestSender - Using pooled Channel '[id: 0xe2458fda, L:/127.0.0.1:56492 - R:localhost/127.0.0.1:44337]' for 'GET' to 'http://localhost:44337/session/e66592ae6358f7f0d393909f22180203/window'
15:22:41.683 [Forwarding getCurrentWindowHandle on session e66592ae6358f7f0d393909f22180203 to remote] DEBUG org.asynchttpclient.netty.request.NettyRequestSender - Using open Channel [id: 0xe2458fda, L:/127.0.0.1:56492 - R:localhost/127.0.0.1:44337] for GET '/session/e66592ae6358f7f0d393909f22180203/window'
15:22:41.684 [AsyncHttpClient-1-2] DEBUG org.asynchttpclient.netty.handler.HttpHandler - 

Request DefaultFullHttpRequest(decodeResult: success, version: HTTP/1.1, content: EmptyByteBufBE)
GET /session/e66592ae6358f7f0d393909f22180203/window HTTP/1.1
User-Agent: selenium/4.6.0 (java windows)
Cache-Control: no-cache
Content-Type: application/json; charset=utf-8
host: localhost:44337
accept: */*

Response DefaultHttpResponse(decodeResult: success, version: HTTP/1.1)
HTTP/1.1 200 OK
Content-Type: application/json; charset=utf-8
cache-control: no-cache
content-length: 44

15:22:41.684 [AsyncHttpClient-1-2] DEBUG org.asynchttpclient.netty.channel.ChannelManager - Adding key: http://localhost:44337 for channel [id: 0xe2458fda, L:/127.0.0.1:56492 - R:localhost/127.0.0.1:44337]
15:22:41.690 [Forwarding getAlertText on session e66592ae6358f7f0d393909f22180203 to remote] DEBUG org.asynchttpclient.netty.request.NettyRequestSender - Using pooled Channel '[id: 0xe2458fda, L:/127.0.0.1:56492 - R:localhost/127.0.0.1:44337]' for 'GET' to 'http://localhost:44337/session/e66592ae6358f7f0d393909f22180203/alert/text'
15:22:41.690 [Forwarding getAlertText on session e66592ae6358f7f0d393909f22180203 to remote] DEBUG org.asynchttpclient.netty.request.NettyRequestSender - Using open Channel [id: 0xe2458fda, L:/127.0.0.1:56492 - R:localhost/127.0.0.1:44337] for GET '/session/e66592ae6358f7f0d393909f22180203/alert/text'
15:22:41.692 [AsyncHttpClient-1-2] DEBUG org.asynchttpclient.netty.handler.HttpHandler - 

Request DefaultFullHttpRequest(decodeResult: success, version: HTTP/1.1, content: EmptyByteBufBE)
GET /session/e66592ae6358f7f0d393909f22180203/alert/text HTTP/1.1
User-Agent: selenium/4.6.0 (java windows)
Cache-Control: no-cache
Content-Type: application/json; charset=utf-8
host: localhost:44337
accept: */*

Response DefaultHttpResponse(decodeResult: success, version: HTTP/1.1)
HTTP/1.1 404 Not Found
Content-Type: application/json; charset=utf-8
cache-control: no-cache
content-length: 848

15:22:41.693 [AsyncHttpClient-1-2] DEBUG org.asynchttpclient.netty.channel.ChannelManager - Adding key: http://localhost:44337 for channel [id: 0xe2458fda, L:/127.0.0.1:56492 - R:localhost/127.0.0.1:44337]
15:22:41.702 [Forwarding switchToWindow on session e66592ae6358f7f0d393909f22180203 to remote] DEBUG org.asynchttpclient.netty.request.NettyRequestSender - Using pooled Channel '[id: 0xe2458fda, L:/127.0.0.1:56492 - R:localhost/127.0.0.1:44337]' for 'POST' to 'http://localhost:44337/session/e66592ae6358f7f0d393909f22180203/window'
15:22:41.702 [Forwarding switchToWindow on session e66592ae6358f7f0d393909f22180203 to remote] DEBUG org.asynchttpclient.netty.request.NettyRequestSender - Using open Channel [id: 0xe2458fda, L:/127.0.0.1:56492 - R:localhost/127.0.0.1:44337] for POST '/session/e66592ae6358f7f0d393909f22180203/window'
15:22:41.703 [AsyncHttpClient-1-2] DEBUG org.asynchttpclient.netty.handler.HttpHandler - 

Request DefaultHttpRequest(decodeResult: success, version: HTTP/1.1)
POST /session/e66592ae6358f7f0d393909f22180203/window HTTP/1.1
User-Agent: selenium/4.6.0 (java windows)
Content-Length: 50
Content-Type: application/json; charset=utf-8
host: localhost:44337
accept: */*

Response DefaultHttpResponse(decodeResult: success, version: HTTP/1.1)
HTTP/1.1 200 OK
Content-Type: application/json; charset=utf-8
cache-control: no-cache
content-length: 14

15:22:41.703 [AsyncHttpClient-1-2] DEBUG org.asynchttpclient.netty.channel.ChannelManager - Adding key: http://localhost:44337 for channel [id: 0xe2458fda, L:/127.0.0.1:56492 - R:localhost/127.0.0.1:44337]
15:22:41.704 [Forwarding getCurrentUrl on session e66592ae6358f7f0d393909f22180203 to remote] DEBUG org.asynchttpclient.netty.request.NettyRequestSender - Using pooled Channel '[id: 0xe2458fda, L:/127.0.0.1:56492 - R:localhost/127.0.0.1:44337]' for 'GET' to 'http://localhost:44337/session/e66592ae6358f7f0d393909f22180203/url'
15:22:41.704 [Forwarding getCurrentUrl on session e66592ae6358f7f0d393909f22180203 to remote] DEBUG org.asynchttpclient.netty.request.NettyRequestSender - Using open Channel [id: 0xe2458fda, L:/127.0.0.1:56492 - R:localhost/127.0.0.1:44337] for GET '/session/e66592ae6358f7f0d393909f22180203/url'
15:22:41.707 [AsyncHttpClient-1-2] DEBUG org.asynchttpclient.netty.handler.HttpHandler - 

Request DefaultFullHttpRequest(decodeResult: success, version: HTTP/1.1, content: EmptyByteBufBE)
GET /session/e66592ae6358f7f0d393909f22180203/url HTTP/1.1
User-Agent: selenium/4.6.0 (java windows)
Cache-Control: no-cache
Content-Type: application/json; charset=utf-8
host: localhost:44337
accept: */*

Response DefaultHttpResponse(decodeResult: success, version: HTTP/1.1)
HTTP/1.1 200 OK
Content-Type: application/json; charset=utf-8
cache-control: no-cache
content-length: 48

15:22:41.707 [AsyncHttpClient-1-2] DEBUG org.asynchttpclient.netty.channel.ChannelManager - Adding key: http://localhost:44337 for channel [id: 0xe2458fda, L:/127.0.0.1:56492 - R:localhost/127.0.0.1:44337]
15:22:41.707 [Forwarding screenshot on session e66592ae6358f7f0d393909f22180203 to remote] DEBUG org.asynchttpclient.netty.request.NettyRequestSender - Using pooled Channel '[id: 0xe2458fda, L:/127.0.0.1:56492 - R:localhost/127.0.0.1:44337]' for 'GET' to 'http://localhost:44337/session/e66592ae6358f7f0d393909f22180203/screenshot'
15:22:41.707 [Forwarding screenshot on session e66592ae6358f7f0d393909f22180203 to remote] DEBUG org.asynchttpclient.netty.request.NettyRequestSender - Using open Channel [id: 0xe2458fda, L:/127.0.0.1:56492 - R:localhost/127.0.0.1:44337] for GET '/session/e66592ae6358f7f0d393909f22180203/screenshot'
15:22:41.909 [AsyncHttpClient-1-2] DEBUG org.asynchttpclient.netty.handler.HttpHandler - 

Request DefaultFullHttpRequest(decodeResult: success, version: HTTP/1.1, content: EmptyByteBufBE)
GET /session/e66592ae6358f7f0d393909f22180203/screenshot HTTP/1.1
User-Agent: selenium/4.6.0 (java windows)
Cache-Control: no-cache
Content-Type: application/json; charset=utf-8
host: localhost:44337
accept: */*

Response DefaultHttpResponse(decodeResult: success, version: HTTP/1.1)
HTTP/1.1 200 OK
Content-Type: application/json; charset=utf-8
cache-control: no-cache
content-length: 497396

15:22:41.909 [AsyncHttpClient-1-2] DEBUG org.asynchttpclient.netty.channel.ChannelManager - Adding key: http://localhost:44337 for channel [id: 0xe2458fda, L:/127.0.0.1:56492 - R:localhost/127.0.0.1:44337]
15:22:41.915 [Test worker] DEBUG net.serenitybdd.core.photography.Darkroom - Send negative for processing for C:\Users\Usuario\Documents\retoAutomatizacion\e2e\RetoDemoBlaze\target\site\serenity\e293da8e657105938a6c1571313c0461e67510bbd7fec1904a84d33de75c8816.png
15:22:41.915 [Test worker] DEBUG net.thucydides.core.steps.StepInterceptor - STEP DONE: performAs
  ?[32mEntonces ?[0m?[32mvalido que la compra se haya realizado de forma satisfactoria?[0m     ?[90m# org.example.stepsdefinition.demoBlazeStepDefinition.validoQueLaCompraSeHayaRealizadoDeFormaSatisfactoria()?[0m
15:22:42.006 [Driver Command Executor] DEBUG org.asynchttpclient.netty.request.NettyRequestSender - Using pooled Channel '[id: 0xe2458fda, L:/127.0.0.1:56492 - R:localhost/127.0.0.1:44337]' for 'DELETE' to 'http://localhost:44337/session/e66592ae6358f7f0d393909f22180203'
15:22:42.006 [Driver Command Executor] DEBUG org.asynchttpclient.netty.request.NettyRequestSender - Using open Channel [id: 0xe2458fda, L:/127.0.0.1:56492 - R:localhost/127.0.0.1:44337] for DELETE '/session/e66592ae6358f7f0d393909f22180203'
15:22:42.064 [AsyncHttpClient-1-4] DEBUG org.asynchttpclient.netty.handler.WebSocketHandler - Unexpected I/O exception on channel [id: 0xcf2f29f8, L:/127.0.0.1:56500 - R:localhost/127.0.0.1:56493]
java.io.IOException: Se ha forzado la interrupción de una conexión existente por el host remoto
	at java.base/sun.nio.ch.SocketDispatcher.read0(Native Method)
	at java.base/sun.nio.ch.SocketDispatcher.read(SocketDispatcher.java:43)
	at java.base/sun.nio.ch.IOUtil.readIntoNativeBuffer(IOUtil.java:276)
	at java.base/sun.nio.ch.IOUtil.read(IOUtil.java:233)
	at java.base/sun.nio.ch.IOUtil.read(IOUtil.java:223)
	at java.base/sun.nio.ch.SocketChannelImpl.read(SocketChannelImpl.java:358)
	at io.netty.buffer.PooledByteBuf.setBytes(PooledByteBuf.java:259)
	at io.netty.buffer.AbstractByteBuf.writeBytes(AbstractByteBuf.java:1132)
	at io.netty.channel.socket.nio.NioSocketChannel.doReadBytes(NioSocketChannel.java:357)
	at io.netty.channel.nio.AbstractNioByteChannel$NioByteUnsafe.read(AbstractNioByteChannel.java:151)
	at io.netty.channel.nio.NioEventLoop.processSelectedKey(NioEventLoop.java:788)
	at io.netty.channel.nio.NioEventLoop.processSelectedKeysOptimized(NioEventLoop.java:724)
	at io.netty.channel.nio.NioEventLoop.processSelectedKeys(NioEventLoop.java:650)
	at io.netty.channel.nio.NioEventLoop.run(NioEventLoop.java:562)
	at io.netty.util.concurrent.SingleThreadEventExecutor$4.run(SingleThreadEventExecutor.java:997)
	at io.netty.util.internal.ThreadExecutorMap$2.run(ThreadExecutorMap.java:74)
	at io.netty.util.concurrent.FastThreadLocalRunnable.run(FastThreadLocalRunnable.java:30)
	at java.base/java.lang.Thread.run(Thread.java:834)
15:22:42.065 [AsyncHttpClient-1-4] DEBUG org.asynchttpclient.netty.handler.WebSocketHandler - Trying to recover from dead Channel: [id: 0xcf2f29f8, L:/127.0.0.1:56500 - R:localhost/127.0.0.1:56493]
15:22:42.065 [AsyncHttpClient-1-4] DEBUG org.asynchttpclient.netty.handler.WebSocketHandler - Channel Closed: [id: 0xcf2f29f8, L:/127.0.0.1:56500 ! R:localhost/127.0.0.1:56493] with attribute NettyResponseFuture{currentRetry=0,
	isDone=1,
	isCancelled=0,
	asyncHandler=org.asynchttpclient.ws.WebSocketUpgradeHandler@d6b9f58,
	nettyRequest=org.asynchttpclient.netty.request.NettyRequest@4df37132,
	future=java.util.concurrent.CompletableFuture@3fae21fb[Completed normally],
	uri=ws://localhost:56493/devtools/browser/7f6362f5-7279-4f99-9274-8d334f2d7e95,
	keepAlive=true,
	redirectCount=0,
	timeoutsHolder=null,
	inAuth=0,
	touch=1686860562064}
15:22:42.066 [AsyncHttpClient-1-4] DEBUG org.asynchttpclient.netty.channel.ChannelManager - Closing Channel [id: 0xcf2f29f8, L:/127.0.0.1:56500 ! R:localhost/127.0.0.1:56493] 
15:22:42.073 [AsyncHttpClient-1-2] DEBUG org.asynchttpclient.netty.handler.HttpHandler - 

Request DefaultFullHttpRequest(decodeResult: success, version: HTTP/1.1, content: EmptyByteBufBE)
DELETE /session/e66592ae6358f7f0d393909f22180203 HTTP/1.1
User-Agent: selenium/4.6.0 (java windows)
Content-Type: application/json; charset=utf-8
host: localhost:44337
accept: */*

Response DefaultHttpResponse(decodeResult: success, version: HTTP/1.1)
HTTP/1.1 200 OK
Content-Type: application/json; charset=utf-8
cache-control: no-cache
content-length: 14

15:22:42.073 [AsyncHttpClient-1-2] DEBUG org.asynchttpclient.netty.channel.ChannelManager - Adding key: http://localhost:44337 for channel [id: 0xe2458fda, L:/127.0.0.1:56492 - R:localhost/127.0.0.1:44337]
15:22:42.151 [AsyncHttpClient-1-2] DEBUG org.asynchttpclient.netty.handler.HttpHandler - Channel Closed: [id: 0xe2458fda, L:/127.0.0.1:56492 ! R:localhost/127.0.0.1:44337] with attribute DISCARD
15:22:42.236 [Test worker] INFO  - 
  _____   ___   ___   _____     ___     _     ___   ___   ___   ___  
 |_   _| | __| / __| |_   _|   | _ \   /_\   / __| / __| | __| |   \ 
   | |   | _|  \__ \   | |     |  _/  / _ \  \__ \ \__ \ | _|  | |) |
   |_|   |___| |___/   |_|     |_|   /_/ \_\ |___/ |___/ |___| |___/ 

Validar que se pueda realizar una compra en Demoblaze
----------------------------------------------------------------------
]]></system-out>
  <system-err><![CDATA[Starting ChromeDriver 114.0.5735.90 (386bc09e8f4f2e025eddae123f36f6263096ae49-refs/branch-heads/5735@{#1052}) on port 44337
Only local connections are allowed.
Please see https://chromedriver.chromium.org/security-considerations for suggestions on keeping ChromeDriver safe.
ChromeDriver was started successfully.
jun. 15, 2023 3:21:38 P. M. org.openqa.selenium.devtools.CdpVersionFinder findNearestMatch
WARNING: Unable to find CDP implementation matching 114
jun. 15, 2023 3:21:38 P. M. org.openqa.selenium.chromium.ChromiumDriver lambda$new$3
WARNING: Unable to find version of CDP to use for . You may need to include a dependency on a specific version of the CDP using something similar to `org.seleniumhq.selenium:selenium-devtools-v86:4.6.0` where the version ("v86") matches the version of the chromium-based browser you're using and the version number of the artifact is the same as Selenium's.
]]></system-err>
</testsuite>
